Found 32768 game files (1766 skipped)
Loading package: 00003765.upk Ver: 573/1 Engine: 4205 Names: 169 Exports: 47 Imports: 63 Game: 801A
Loading AnimSet TownCat_Animset from package 00003765.upk
WARNING: BoolProperty "UAnimSet::bServiced" was not found
WARNING: ArrayProperty "UAnimSet::AdjustAniScaleBoneNames" was not found
WARNING: ArrayProperty "UAnimSet::RefSequences" was not found
Loading AnimSequence AnimSequence_10 from package 00003765.upk
WARNING: BoolProperty "UAnimSequence::bServiced" was not found
Loading AnimNotify_Sound AnimNotify_Sound_6 from package 00003765.upk
Loading AnimSequence AnimSequence_11 from package 00003765.upk
WARNING: BoolProperty "UAnimSequence::bServiced" was not found
Loading AnimNotify_Sound AnimNotify_Sound_19 from package 00003765.upk
WARNING: FloatProperty "UAnimNotify_Sound::SoundVolume" was not found
WARNING: IntProperty "UAnimNotify_Sound::RandomSkipPercent" was not found
Loading AnimSequence AnimSequence_12 from package 00003765.upk
WARNING: BoolProperty "UAnimSequence::bServiced" was not found
Loading AnimNotify_Sound AnimNotify_Sound_6 from package 00003765.upk
WARNING: FloatProperty "UAnimNotify_Sound::SoundVolume" was not found
WARNING: IntProperty "UAnimNotify_Sound::RandomSkipPercent" was not found
Loading AnimSequence AnimSequence_13 from package 00003765.upk
WARNING: BoolProperty "UAnimSequence::bServiced" was not found
Loading AnimNotify_Sound AnimNotify_Sound_5 from package 00003765.upk
WARNING: FloatProperty "UAnimNotify_Sound::SoundVolume" was not found
Loading AnimSequence AnimSequence_16 from package 00003765.upk
WARNING: BoolProperty "UAnimSequence::bServiced" was not found
Loading AnimNotify_Sound AnimNotify_Sound_28 from package 00003765.upk
WARNING: IntProperty "UAnimNotify_Sound::RandomSkipPercent" was not found
Loading AnimSequence AnimSequence_17 from package 00003765.upk
WARNING: BoolProperty "UAnimSequence::bServiced" was not found
Loading AnimNotify_Sound AnimNotify_Sound_25 from package 00003765.upk
WARNING: IntProperty "UAnimNotify_Sound::RandomSkipPercent" was not found
Loading AnimNotify_Sound AnimNotify_Sound_26 from package 00003765.upk
WARNING: FloatProperty "UAnimNotify_Sound::SoundVolume" was not found
WARNING: IntProperty "UAnimNotify_Sound::RandomSkipPercent" was not found
Loading AnimSequence AnimSequence_19 from package 00003765.upk
WARNING: BoolProperty "UAnimSequence::bServiced" was not found
Loading AnimNotify_Sound AnimNotify_Sound_12 from package 00003765.upk
WARNING: FloatProperty "UAnimNotify_Sound::SoundVolume" was not found
WARNING: IntProperty "UAnimNotify_Sound::RandomSkipPercent" was not found
Loading AnimNotify_Sound AnimNotify_Sound_14 from package 00003765.upk
WARNING: FloatProperty "UAnimNotify_Sound::SoundVolume" was not found
Loading AnimNotify_Sound AnimNotify_Sound_4 from package 00003765.upk
WARNING: IntProperty "UAnimNotify_Sound::RandomSkipPercent" was not found
Loading AnimSequence AnimSequence_5 from package 00003765.upk
WARNING: BoolProperty "UAnimSequence::bServiced" was not found
Loading AnimNotify_Sound AnimNotify_Sound_3 from package 00003765.upk
WARNING: IntProperty "UAnimNotify_Sound::RandomSkipPercent" was not found
Loading AnimNotify_Sound AnimNotify_Sound_7 from package 00003765.upk
WARNING: FloatProperty "UAnimNotify_Sound::SoundVolume" was not found
Loading AnimSequence AnimSequence_9 from package 00003765.upk
WARNING: BoolProperty "UAnimSequence::bServiced" was not found
Loading AnimNotify_Sound AnimNotify_Sound_0 from package 00003765.upk
Loading AnimNotify_Sound AnimNotify_Sound_2 from package 00003765.upk
WARNING: FloatProperty "UAnimNotify_Sound::SoundVolume" was not found
Loading AnimNotify_Sound AnimNotify_Sound_5 from package 00003765.upk
WARNING: FloatProperty "UAnimNotify_Sound::SoundVolume" was not found
Error: Command failed: umodel.exe -dump -path="D:/Program Files (x86)/NCSOFT/BnS/contents/bns/CookedPC" -game=bns 00003765
******** 00003765 ********
*** unknown member ACF_ZOnlyRLE of enum AnimationCompressionFormat
*** unknown member ACF_ZOnlyRLE of enum AnimationCompressionFormat
*** unknown member ACF_ZOnlyRLE of enum AnimationCompressionFormat
*** unknown member ACF_ZOnlyRLE of enum AnimationCompressionFormat
*** unknown member ACF_ZOnlyRLE of enum AnimationCompressionFormat
*** unknown member ACF_ZOnlyRLE of enum AnimationCompressionFormat
*** unknown member ACF_ZOnlyRLE of enum AnimationCompressionFormat
*** unknown member ACF_ZOnlyRLE of enum AnimationCompressionFormat
*** unknown member ACF_ZOnlyRLE of enum AnimationCompressionFormat
*** ERROR: Unknown rotation compression method: 255
UAnimSet::ConvertAnims <- PostLoad:TownCat_Animset <- UObject::EndLoad <- LoadWholePackage:00003765 <- Main


    at ChildProcess.exithandler (child_process.js:294:12)
    at ChildProcess.emit (events.js:182:13)
    at maybeClose (internal/child_process.js:962:16)
    at Process.ChildProcess._handle.onexit (internal/child_process.js:251:5)