Found 32768 game files (1766 skipped)
Loading package: 00002683.upk Ver: 573/1 Engine: 4205 Names: 194 Exports: 114 Imports: 17 Game: 801A
Loading SkeletalMesh3 JinM_001 from package 00002683.upk
Loading package: 00002685.upk Ver: 573/1 Engine: 4205 Names: 141 Exports: 4 Imports: 34 Game: 801A
Loading MaterialInstanceConstant col1 from package 00002685.upk
Loading package: 00002665.upk Ver: 573/1 Engine: 4205 Names: 55 Exports: 27 Imports: 2 Game: 801A
Loading package: 00008613.upk Ver: 573/1 Engine: 4205 Names: 95 Exports: 6 Imports: 12 Game: 801A
Loading package: 00008621.upk Ver: 573/1 Engine: 4205 Names: 45 Exports: 16 Imports: 2 Game: 801A
Loading package: 00002620.upk Ver: 573/1 Engine: 4205 Names: 576 Exports: 7687 Imports: 96 Game: 801A
Loading MaterialInstanceConstant eye from package 00002685.upk
Loading package: 00012963.upk Ver: 573/1 Engine: 4205 Names: 1386 Exports: 1362 Imports: 10 Game: 801A
Loading package: 00007428.upk Ver: 573/1 Engine: 4205 Names: 130 Exports: 48 Imports: 19 Game: 801A
Loading package: 00002640.upk Ver: 573/1 Engine: 4205 Names: 291 Exports: 507 Imports: 3 Game: 801A
Loading MaterialInstanceConstant Beard from package 00002685.upk
Loading Texture2D Normal from package 00002665.upk
Loading Texture2D Nothing_A_n from package 00008613.upk
Loading Texture2D Nothing_A from package 00008613.upk
Loading Texture2D JinM_borw01 from package 00008621.upk
Loading Texture2D Diffuse from package 00002665.upk
Loading Texture2D Specular from package 00002665.upk
Loading Texture2D Mask from package 00002665.upk
Loading Material3 Face-M from package 00002620.upk
check for DefaultTexture in 00002683
check for DefaultTexture in 00002685
check for DefaultTexture in 00002665
check for DefaultTexture in 00008613
check for DefaultTexture in 00008621
check for DefaultTexture in 00002620
check for DefaultTexture in 00012963
check for DefaultTexture in 00007428
check for DefaultTexture in 00002640
WARNING: Import(EngineResources.DefaultTexture) was not found
Loading Texture2D Smoke_Pattern_001 from package 00012963.upk
Loading Texture2D eye0_JinM00 from package 00007428.upk
Loading Texture2D eye0_N from package 00007428.upk
Loading TextureCube eye2 from package 00002640.upk
Loading Material3 eye from package 00002620.upk
Loading Texture2D Nothing_W from package 00008613.upk
Loading Material3 Beard_Ac from package 00002620.upk
Loading Texture2D check_n from package 00002620.upk
Loading Texture2D check from package 00002620.upk
Loading Texture2D Gradient_Line_003 from package 00012963.upk
Loading Texture2D CubemapFace0 from package 00002640.upk
Loading Texture2D CubemapFace1 from package 00002640.upk
Loading Texture2D CubemapFace2 from package 00002640.upk
Loading Texture2D CubemapFace3 from package 00002640.upk
Loading Texture2D CubemapFace4 from package 00002640.upk
Loading Texture2D CubemapFace5 from package 00002640.upk
Loading Texture2D Noise_Glass_000 from package 00012963.upk
Loading Texture2D Gradient_Wipe_BurnOut_Mask_TEST from package 00012963.upk
Loading Texture2D Gradient_Wipe_BurnOut_Mask from package 00012963.upk
Loading Texture2D Sclera from package 00007428.upk
Loading TextureCube eye1 from package 00002640.upk
Loading TextureCube eye_s from package 00002640.upk
Loading Texture2D CubemapFace0 from package 00002640.upk
Loading Texture2D CubemapFace1 from package 00002640.upk
Loading Texture2D CubemapFace2 from package 00002640.upk
Loading Texture2D CubemapFace3 from package 00002640.upk
Loading Texture2D CubemapFace4 from package 00002640.upk
Loading Texture2D CubemapFace5 from package 00002640.upk
Loading Texture2D CubemapFace0 from package 00002640.upk
Loading Texture2D CubemapFace1 from package 00002640.upk
Loading Texture2D CubemapFace2 from package 00002640.upk
Loading Texture2D CubemapFace3 from package 00002640.upk
Loading Texture2D CubemapFace4 from package 00002640.upk
Loading Texture2D CubemapFace5 from package 00002640.upk
Loaded in 0.23 sec, 3930 allocs, 1.37 MBytes serialized in 267692 calls.

Object info:
============
ClassName: SkeletalMesh3 ObjectName: JinM_001

    LODInfo[2] =
    {
        LODInfo[0] =
        {
            DisplayFactor = 3.7
            LODHysteresis = 0.02
            LODMaterialMap[0] = {}
            bEnableShadowCasting[3] = { true, true, true }
        }
        LODInfo[1] =
        {
            DisplayFactor = 0.25
            LODHysteresis = 0.02
            LODMaterialMap[2] = { 0, 1 }
            bEnableShadowCasting[2] = { true, true }
        }
    }
    Sockets[0] = {}
    bHasVertexColors = false
    EnableTwistBoneFixers = true
    EnableClavicleFixer = true
    Materials[3] =
    {
        Materials[0] = MaterialInstanceConstant'col1'
        Materials[1] = MaterialInstanceConstant'eye'
        Materials[2] = MaterialInstanceConstant'Beard'
    }


    Lods[2] =
    {
        Lods[0] =
        {
            Sections[3] =
            {
                Sections[0] = { Material=MaterialInstanceConstant'col1', FirstIndex=0, NumFaces=1448 }
                Sections[1] = { Material=MaterialInstanceConstant'eye', FirstIndex=4344, NumFaces=120 }
                Sections[2] = { Material=MaterialInstanceConstant'Beard', FirstIndex=4704, NumFaces=554 }
            }
            NumVerts = 1365
            IndexCount = 6366
            NumTexCoords = 1
        }
        Lods[1] =
        {
            Sections[2] =
            {
                Sections[0] = { Material=MaterialInstanceConstant'col1', FirstIndex=0, NumFaces=482 }
                Sections[1] = { Material=MaterialInstanceConstant'Beard', FirstIndex=1446, NumFaces=168 }
            }
            NumVerts = 487
            IndexCount = 1950
            NumTexCoords = 1
        }
    }
    LodCount = 2
    MeshOrigin = { X=-0, Y=-0, Z=-0 }
    MeshScale = { X=1, Y=1, Z=1 }
    RotOrigin = { Yaw=0, Pitch=0, Roll=0 }
    BoneCount = 56
