Found 32768 game files (1766 skipped)
Loading package: 00004903.upk Ver: 573/1 Engine: 4205 Names: 33 Exports: 4 Imports: 2 Game: 801A
Loading Texture2D Monster_Human_StrangeMonkeyTribeB_W_D from package 00004903.upk
Loading Texture2D Monster_Human_StrangeMonkeyTribeB_W_N from package 00004903.upk
Loading Texture2D Monster_Human_StrangeMonkeyTribeB_W_S from package 00004903.upk
Loading Texture2D Monster_Human_StrangeMonkeyTribeB_WFX from package 00004903.upk
Loaded in 0.028 sec, 164 allocs, 0.08 MBytes serialized in 945 calls.

Object info:
============
ClassName: Texture2D ObjectName: Monster_Human_StrangeMonkeyTribeB_W_D

    SizeX = 256
    SizeY = 256
    Format = PF_DXT1 (5)
    AddressX = TA_Wrap (0)
    AddressY = TA_Wrap (0)
    TextureFileCacheName = None
    MipTailBaseIdx = 8
    bForcePVRTC4 = false
    UnpackMin[4] = { 0, 0, 0, 0 }
    UnpackMax[4] = { 1, 1, 1, 1 }

Object info:
============
ClassName: Texture2D ObjectName: Monster_Human_StrangeMonkeyTribeB_W_N

    SizeX = 256
    SizeY = 256
    Format = PF_DXT1 (5)
    AddressX = TA_Wrap (0)
    AddressY = TA_Wrap (0)
    TextureFileCacheName = None
    MipTailBaseIdx = 8
    bForcePVRTC4 = false
    UnpackMin[4] = { -1, -1, -1, 0 }
    UnpackMax[4] = { 1, 1, 1, 1 }

Object info:
============
ClassName: Texture2D ObjectName: Monster_Human_StrangeMonkeyTribeB_W_S

    SizeX = 256
    SizeY = 256
    Format = PF_DXT1 (5)
    AddressX = TA_Wrap (0)
    AddressY = TA_Wrap (0)
    TextureFileCacheName = None
    MipTailBaseIdx = 8
    bForcePVRTC4 = false
    UnpackMin[4] = { 0, 0, 0, 0 }
    UnpackMax[4] = { 1, 1, 1, 1 }

Object info:
============
ClassName: Texture2D ObjectName: Monster_Human_StrangeMonkeyTribeB_WFX

    SizeX = 256
    SizeY = 256
    Format = PF_G8 (3)
    AddressX = TA_Wrap (0)
    AddressY = TA_Wrap (0)
    TextureFileCacheName = None
    MipTailBaseIdx = 8
    bForcePVRTC4 = false
    UnpackMin[4] = { 0, 0, 0, 0 }
    UnpackMax[4] = { 1, 1, 1, 1 }
