Found 32768 game files (1766 skipped)
Loading package: 00007198.upk Ver: 573/1 Engine: 4205 Names: 62 Exports: 8 Imports: 9 Game: 801A
Loading SkeletalMesh3 990016_Autoscale from package 00007198.upk
Loading package: 00005983.upk Ver: 573/1 Engine: 4205 Names: 71 Exports: 1 Imports: 15 Game: 801A
Loading SkeletalMeshSocket SkeletalMeshSocket_10 from package 00007198.upk
Loading SkeletalMeshSocket SkeletalMeshSocket_11 from package 00007198.upk
Loading SkeletalMeshSocket SkeletalMeshSocket_36 from package 00007198.upk
Loading MaterialInstanceConstant col1 from package 00005983.upk
Loading package: 00005982.upk Ver: 573/1 Engine: 4205 Names: 30 Exports: 3 Imports: 2 Game: 801A
Loading package: 00002620.upk Ver: 573/1 Engine: 4205 Names: 576 Exports: 7687 Imports: 96 Game: 801A
Loading Texture2D 990016_N from package 00005982.upk
Loading Texture2D 990016_D from package 00005982.upk
Loading Texture2D 990016_S from package 00005982.upk
Loading Material3 Basic from package 00002620.upk
Loading package: 00012963.upk Ver: 573/1 Engine: 4205 Names: 1386 Exports: 1362 Imports: 10 Game: 801A
Loading Texture2D check_n from package 00002620.upk
Loading Texture2D check from package 00002620.upk
Loading Texture2D Smoke_Pattern_001 from package 00012963.upk
Loading Texture2D Gradient_Line_003 from package 00012963.upk
Loading Texture2D Gradient_Wipe_BurnOut_Mask_TEST from package 00012963.upk
Loading Texture2D Gradient_Wipe_BurnOut_Mask from package 00012963.upk
Loaded in 0.064 sec, 2436 allocs, 0.84 MBytes serialized in 174044 calls.

Object info:
============
ClassName: SkeletalMesh3 ObjectName: 990016_Autoscale

    LODInfo[1] =
    {
        LODInfo[0] =
        {
            DisplayFactor = 0
            LODHysteresis = 0.02
            LODMaterialMap[0] = {}
            bEnableShadowCasting[1] = { true }
        }
    }
    Sockets[3] =
    {
        Sockets[0] = SkeletalMeshSocket'990016_Autoscale.SkeletalMeshSocket_10'
        Sockets[1] = SkeletalMeshSocket'990016_Autoscale.SkeletalMeshSocket_11'
        Sockets[2] = SkeletalMeshSocket'990016_Autoscale.SkeletalMeshSocket_36'
    }
    bHasVertexColors = false
    EnableTwistBoneFixers = true
    EnableClavicleFixer = true
    Materials[1] = { MaterialInstanceConstant'col1' }


    Lods[1] =
    {
        Lods[0] =
        {
            Sections[1] =
            {
                Sections[0] = { Material=MaterialInstanceConstant'col1', FirstIndex=0, NumFaces=44 }
            }
            NumVerts = 48
            IndexCount = 132
            NumTexCoords = 1
        }
    }
    LodCount = 1
    MeshOrigin = { X=-0, Y=-0, Z=-0 }
    MeshScale = { X=1, Y=1, Z=1 }
    RotOrigin = { Yaw=0, Pitch=0, Roll=0 }
    BoneCount = 2

Object info:
============
ClassName: SkeletalMeshSocket ObjectName: SkeletalMeshSocket_10

    SocketName = trail_start
    BoneName = WeaponRoot
    RelativeLocation = { X=-0.499999, Y=0, Z=-0.25 }
    RelativeRotation = { Yaw=0, Pitch=0, Roll=0 }
    RelativeScale = { X=1, Y=1, Z=1 }

Object info:
============
ClassName: SkeletalMeshSocket ObjectName: SkeletalMeshSocket_11

    SocketName = trail_end
    BoneName = WeaponRoot
    RelativeLocation = { X=0, Y=0, Z=25.5 }
    RelativeRotation = { Yaw=0, Pitch=0, Roll=0 }
    RelativeScale = { X=1, Y=1, Z=1 }

Object info:
============
ClassName: SkeletalMeshSocket ObjectName: SkeletalMeshSocket_36

    SocketName = fX
    BoneName = WeaponRoot
    RelativeLocation = { X=0, Y=0, Z=26 }
    RelativeRotation = { Yaw=0, Pitch=0, Roll=0 }
    RelativeScale = { X=0.9, Y=0.9, Z=0.9 }
