Found 32768 game files (1766 skipped)
Loading package: 00009805.upk Ver: 573/1 Engine: 4205 Names: 1596 Exports: 3289 Imports: 881 Game: 801A
Loading SkeletalMesh3 EquipTrail from package 00009805.upk
Loaded in 0.014 sec, 1639 allocs, 0.30 MBytes serialized in 71631 calls.

Object info:
============
ClassName: SkeletalMesh3 ObjectName: EquipTrail

    LODInfo[1] =
    {
        LODInfo[0] =
        {
            DisplayFactor = 0
            LODHysteresis = 0.02
            LODMaterialMap[0] = {}
            bEnableShadowCasting[1] = { true }
        }
    }
    Sockets[0] = {}
    bHasVertexColors = false
    EnableTwistBoneFixers = true
    EnableClavicleFixer = true
    Materials[0] = {}


    Lods[1] =
    {
        Lods[0] =
        {
            Sections[1] =
            {
                Sections[0] = { Material=None, FirstIndex=0, NumFaces=24 }
            }
            NumVerts = 48
            IndexCount = 72
            NumTexCoords = 1
        }
    }
    LodCount = 1
    MeshOrigin = { X=-0, Y=-0, Z=-0 }
    MeshScale = { X=1, Y=1, Z=1 }
    RotOrigin = { Yaw=0, Pitch=0, Roll=0 }
    BoneCount = 3
