Found 32768 game files (1766 skipped)
Loading package: 00027241.upk Ver: 573/1 Engine: 4205 Names: 239 Exports: 158 Imports: 5 Game: 801A
Loading AnimSet AnthroRat_AnimSet from package 00027241.upk
WARNING: BoolProperty "UAnimSet::bServiced" was not found
WARNING: ArrayProperty "UAnimSet::AdjustAniScaleBoneNames" was not found
WARNING: ArrayProperty "UAnimSet::RefSequences" was not found
Loading AnimSequence AnimSequence_0 from package 00027241.upk
WARNING: BoolProperty "UAnimSequence::bIgnoreAimControl" was not found
WARNING: BoolProperty "UAnimSequence::bUseSlopeRotation" was not found
WARNING: BoolProperty "UAnimSequence::bNotUseIgnoreBoneInfo" was not found
WARNING: BoolProperty "UAnimSequence::bUseCustomForceAnim" was not found
WARNING: BoolProperty "UAnimSequence::bServiced" was not found
WARNING: ByteProperty "UAnimSequence::NamePlateControlMode" was not found
Loading AnimSequence AnimSequence_1 from package 00027241.upk
WARNING: BoolProperty "UAnimSequence::bIgnoreAimControl" was not found
WARNING: BoolProperty "UAnimSequence::bUseSlopeRotation" was not found
WARNING: BoolProperty "UAnimSequence::bNotUseIgnoreBoneInfo" was not found
WARNING: BoolProperty "UAnimSequence::bUseCustomForceAnim" was not found
WARNING: BoolProperty "UAnimSequence::bServiced" was not found
WARNING: ByteProperty "UAnimSequence::NamePlateControlMode" was not found
Loading AnimSequence AnimSequence_10 from package 00027241.upk
WARNING: BoolProperty "UAnimSequence::bIgnoreAimControl" was not found
WARNING: BoolProperty "UAnimSequence::bNotUseIgnoreBoneInfo" was not found
WARNING: BoolProperty "UAnimSequence::bServiced" was not found
Loading AnimSequence AnimSequence_11 from package 00027241.upk
WARNING: BoolProperty "UAnimSequence::bIgnoreAimControl" was not found
WARNING: BoolProperty "UAnimSequence::bNotUseIgnoreBoneInfo" was not found
WARNING: BoolProperty "UAnimSequence::bServiced" was not found
WARNING: ByteProperty "UAnimSequence::NamePlateControlMode" was not found
Loading AnimSequence AnimSequence_12 from package 00027241.upk
WARNING: BoolProperty "UAnimSequence::bIgnoreAimControl" was not found
WARNING: BoolProperty "UAnimSequence::bNotUseIgnoreBoneInfo" was not found
WARNING: BoolProperty "UAnimSequence::bServiced" was not found
WARNING: ByteProperty "UAnimSequence::NamePlateControlMode" was not found
Loading AnimSequence AnimSequence_13 from package 00027241.upk
WARNING: BoolProperty "UAnimSequence::bIgnoreAimControl" was not found
WARNING: BoolProperty "UAnimSequence::bNotUseIgnoreBoneInfo" was not found
WARNING: BoolProperty "UAnimSequence::bServiced" was not found
Loading AnimSequence AnimSequence_14 from package 00027241.upk
WARNING: BoolProperty "UAnimSequence::bIgnoreAimControl" was not found
WARNING: BoolProperty "UAnimSequence::bNotUseIgnoreBoneInfo" was not found
WARNING: BoolProperty "UAnimSequence::bServiced" was not found
WARNING: ByteProperty "UAnimSequence::NamePlateControlMode" was not found
Loading AnimSequence AnimSequence_15 from package 00027241.upk
WARNING: BoolProperty "UAnimSequence::bIgnoreAimControl" was not found
WARNING: BoolProperty "UAnimSequence::bNotUseIgnoreBoneInfo" was not found
WARNING: BoolProperty "UAnimSequence::bServiced" was not found
WARNING: ByteProperty "UAnimSequence::NamePlateControlMode" was not found
Loading AnimSequence AnimSequence_16 from package 00027241.upk
WARNING: BoolProperty "UAnimSequence::bIgnoreAimControl" was not found
WARNING: BoolProperty "UAnimSequence::bNotUseIgnoreBoneInfo" was not found
WARNING: BoolProperty "UAnimSequence::bServiced" was not found
WARNING: ByteProperty "UAnimSequence::NamePlateControlMode" was not found
Loading AnimSequence AnimSequence_17 from package 00027241.upk
WARNING: BoolProperty "UAnimSequence::bIgnoreAimControl" was not found
WARNING: BoolProperty "UAnimSequence::bNotUseIgnoreBoneInfo" was not found
WARNING: BoolProperty "UAnimSequence::bServiced" was not found
WARNING: ByteProperty "UAnimSequence::NamePlateControlMode" was not found
Loading AnimSequence AnimSequence_18 from package 00027241.upk
WARNING: BoolProperty "UAnimSequence::bIgnoreAimControl" was not found
WARNING: BoolProperty "UAnimSequence::bNotUseIgnoreBoneInfo" was not found
WARNING: BoolProperty "UAnimSequence::bServiced" was not found
WARNING: ByteProperty "UAnimSequence::NamePlateControlMode" was not found
Loading AnimSequence AnimSequence_19 from package 00027241.upk
WARNING: BoolProperty "UAnimSequence::bIgnoreAimControl" was not found
WARNING: BoolProperty "UAnimSequence::bNotUseIgnoreBoneInfo" was not found
WARNING: BoolProperty "UAnimSequence::bServiced" was not found
WARNING: ByteProperty "UAnimSequence::NamePlateControlMode" was not found
Loading AnimSequence AnimSequence_2 from package 00027241.upk
WARNING: BoolProperty "UAnimSequence::bNotUseIgnoreBoneInfo" was not found
WARNING: BoolProperty "UAnimSequence::bServiced" was not found
Loading AnimSequence AnimSequence_20 from package 00027241.upk
WARNING: BoolProperty "UAnimSequence::bIgnoreAimControl" was not found
WARNING: BoolProperty "UAnimSequence::bNotUseIgnoreBoneInfo" was not found
WARNING: BoolProperty "UAnimSequence::bServiced" was not found
WARNING: ByteProperty "UAnimSequence::NamePlateControlMode" was not found
Loading AnimSequence AnimSequence_21 from package 00027241.upk
WARNING: BoolProperty "UAnimSequence::bIgnoreAimControl" was not found
WARNING: BoolProperty "UAnimSequence::bNotUseIgnoreBoneInfo" was not found
WARNING: BoolProperty "UAnimSequence::bServiced" was not found
WARNING: ByteProperty "UAnimSequence::NamePlateControlMode" was not found
Loading AnimSequence AnimSequence_22 from package 00027241.upk
WARNING: BoolProperty "UAnimSequence::bIgnoreAimControl" was not found
WARNING: BoolProperty "UAnimSequence::bNotUseIgnoreBoneInfo" was not found
WARNING: BoolProperty "UAnimSequence::bServiced" was not found
WARNING: ByteProperty "UAnimSequence::NamePlateControlMode" was not found
Loading AnimSequence AnimSequence_23 from package 00027241.upk
WARNING: BoolProperty "UAnimSequence::bIgnoreAimControl" was not found
WARNING: BoolProperty "UAnimSequence::bNotUseIgnoreBoneInfo" was not found
WARNING: BoolProperty "UAnimSequence::bServiced" was not found
WARNING: ByteProperty "UAnimSequence::NamePlateControlMode" was not found
Loading AnimSequence AnimSequence_24 from package 00027241.upk
WARNING: BoolProperty "UAnimSequence::bIgnoreAimControl" was not found
WARNING: BoolProperty "UAnimSequence::bUseSlopeRotation" was not found
WARNING: BoolProperty "UAnimSequence::bNotUseIgnoreBoneInfo" was not found
WARNING: BoolProperty "UAnimSequence::bUseCustomForceAnim" was not found
WARNING: BoolProperty "UAnimSequence::bServiced" was not found
WARNING: ByteProperty "UAnimSequence::NamePlateControlMode" was not found
Loading AnimSequence AnimSequence_25 from package 00027241.upk
WARNING: BoolProperty "UAnimSequence::bIgnoreAimControl" was not found
WARNING: BoolProperty "UAnimSequence::bNotUseIgnoreBoneInfo" was not found
WARNING: BoolProperty "UAnimSequence::bServiced" was not found
WARNING: ByteProperty "UAnimSequence::NamePlateControlMode" was not found
Loading AnimSequence AnimSequence_26 from package 00027241.upk
WARNING: BoolProperty "UAnimSequence::bIgnoreAimControl" was not found
WARNING: BoolProperty "UAnimSequence::bUseSlopeRotation" was not found
WARNING: BoolProperty "UAnimSequence::bNotUseIgnoreBoneInfo" was not found
WARNING: BoolProperty "UAnimSequence::bUseCustomForceAnim" was not found
WARNING: BoolProperty "UAnimSequence::bServiced" was not found
WARNING: ByteProperty "UAnimSequence::NamePlateControlMode" was not found
Loading AnimSequence AnimSequence_27 from package 00027241.upk
WARNING: BoolProperty "UAnimSequence::bIgnoreAimControl" was not found
WARNING: BoolProperty "UAnimSequence::bUseSlopeRotation" was not found
WARNING: BoolProperty "UAnimSequence::bNotUseIgnoreBoneInfo" was not found
WARNING: BoolProperty "UAnimSequence::bUseCustomForceAnim" was not found
WARNING: BoolProperty "UAnimSequence::bServiced" was not found
WARNING: ByteProperty "UAnimSequence::NamePlateControlMode" was not found
Loading AnimSequence AnimSequence_3 from package 00027241.upk
WARNING: BoolProperty "UAnimSequence::bUseDynamicFixedBone" was not found
WARNING: BoolProperty "UAnimSequence::bIgnoreAimControl" was not found
WARNING: BoolProperty "UAnimSequence::bNotUseIgnoreBoneInfo" was not found
WARNING: BoolProperty "UAnimSequence::bServiced" was not found
Loading AnimSequence AnimSequence_4 from package 00027241.upk
WARNING: BoolProperty "UAnimSequence::bUseDynamicFixedBone" was not found
WARNING: BoolProperty "UAnimSequence::bIgnoreAimControl" was not found
WARNING: BoolProperty "UAnimSequence::bNotUseIgnoreBoneInfo" was not found
WARNING: BoolProperty "UAnimSequence::bServiced" was not found
Loading AnimSequence AnimSequence_5 from package 00027241.upk
WARNING: BoolProperty "UAnimSequence::bIgnoreAimControl" was not found
WARNING: BoolProperty "UAnimSequence::bNotUseIgnoreBoneInfo" was not found
WARNING: BoolProperty "UAnimSequence::bServiced" was not found
WARNING: ByteProperty "UAnimSequence::NamePlateControlMode" was not found
Loading AnimSequence AnimSequence_6 from package 00027241.upk
WARNING: BoolProperty "UAnimSequence::bIgnoreAimControl" was not found
WARNING: BoolProperty "UAnimSequence::bNotUseIgnoreBoneInfo" was not found
WARNING: BoolProperty "UAnimSequence::bServiced" was not found
WARNING: ByteProperty "UAnimSequence::NamePlateControlMode" was not found
Loading AnimSequence AnimSequence_7 from package 00027241.upk
WARNING: BoolProperty "UAnimSequence::bIgnoreAimControl" was not found
WARNING: BoolProperty "UAnimSequence::bNotUseIgnoreBoneInfo" was not found
WARNING: BoolProperty "UAnimSequence::bServiced" was not found
WARNING: ByteProperty "UAnimSequence::NamePlateControlMode" was not found
Loading AnimSequence AnimSequence_8 from package 00027241.upk
WARNING: BoolProperty "UAnimSequence::bIgnoreAimControl" was not found
WARNING: BoolProperty "UAnimSequence::bNotUseIgnoreBoneInfo" was not found
WARNING: BoolProperty "UAnimSequence::bServiced" was not found
Loading AnimSequence AnimSequence_9 from package 00027241.upk
WARNING: BoolProperty "UAnimSequence::bIgnoreAimControl" was not found
WARNING: BoolProperty "UAnimSequence::bNotUseIgnoreBoneInfo" was not found
WARNING: BoolProperty "UAnimSequence::bServiced" was not found
WARNING: ByteProperty "UAnimSequence::NamePlateControlMode" was not found
Error: Command failed: umodel.exe -dump -path="D:/Program Files (x86)/NCSOFT/BnS/contents/bns/CookedPC" -game=bns 00027241
******** 00027241 ********
*** unknown member ACF_ZOnlyRLE of enum AnimationCompressionFormat
*** unknown member ACF_ZOnlyRLE of enum AnimationCompressionFormat
*** unknown member ACF_ZOnlyRLE of enum AnimationCompressionFormat
*** unknown member ACF_ZOnlyRLE of enum AnimationCompressionFormat
*** unknown member ACF_ZOnlyRLE of enum AnimationCompressionFormat
*** unknown member ACF_ZOnlyRLE of enum AnimationCompressionFormat
*** unknown member ACF_ZOnlyRLE of enum AnimationCompressionFormat
*** unknown member ACF_ZOnlyRLE of enum AnimationCompressionFormat
*** unknown member ACF_ZOnlyRLE of enum AnimationCompressionFormat
*** unknown member ACF_ZOnlyRLE of enum AnimationCompressionFormat
*** unknown member ACF_ZOnlyRLE of enum AnimationCompressionFormat
*** unknown member ACF_ZOnlyRLE of enum AnimationCompressionFormat
*** unknown member ACF_ZOnlyRLE of enum AnimationCompressionFormat
*** unknown member ACF_ZOnlyRLE of enum AnimationCompressionFormat
*** unknown member ACF_ZOnlyRLE of enum AnimationCompressionFormat
*** unknown member ACF_ZOnlyRLE of enum AnimationCompressionFormat
*** unknown member ACF_ZOnlyRLE of enum AnimationCompressionFormat
*** unknown member ACF_ZOnlyRLE of enum AnimationCompressionFormat
*** unknown member ACF_ZOnlyRLE of enum AnimationCompressionFormat
*** unknown member ACF_ZOnlyRLE of enum AnimationCompressionFormat
*** unknown member ACF_ZOnlyRLE of enum AnimationCompressionFormat
*** unknown member ACF_ZOnlyRLE of enum AnimationCompressionFormat
*** unknown member ACF_ZOnlyRLE of enum AnimationCompressionFormat
*** unknown member ACF_ZOnlyRLE of enum AnimationCompressionFormat
*** unknown member ACF_ZOnlyRLE of enum AnimationCompressionFormat
*** unknown member ACF_ZOnlyRLE of enum AnimationCompressionFormat
*** unknown member ACF_ZOnlyRLE of enum AnimationCompressionFormat
*** unknown member ACF_ZOnlyRLE of enum AnimationCompressionFormat
*** ERROR: Unknown rotation compression method: 255
UAnimSet::ConvertAnims <- PostLoad:AnthroRat_AnimSet <- UObject::EndLoad <- LoadWholePackage:00027241 <- Main


    at ChildProcess.exithandler (child_process.js:294:12)
    at ChildProcess.emit (events.js:182:13)
    at maybeClose (internal/child_process.js:962:16)
    at Process.ChildProcess._handle.onexit (internal/child_process.js:251:5)