Found 32768 game files (1766 skipped)
Loading package: 00027962.upk Ver: 573/1 Engine: 4205 Names: 99 Exports: 33 Imports: 11 Game: 801A
Loading SkeletalMesh3 990170_RuneMechaGiantA from package 00027962.upk
Loading package: 00028040.upk Ver: 573/1 Engine: 4205 Names: 101 Exports: 2 Imports: 27 Game: 801A
Loading MaterialInstanceConstant col1 from package 00028040.upk
Loading package: 00017879.upk Ver: 573/1 Engine: 4205 Names: 41 Exports: 11 Imports: 2 Game: 801A
Loading package: 00002640.upk Ver: 573/1 Engine: 4205 Names: 291 Exports: 507 Imports: 3 Game: 801A
Loading package: 00002620.upk Ver: 573/1 Engine: 4205 Names: 576 Exports: 7687 Imports: 96 Game: 801A
Loading MaterialInstanceConstant col1_ac from package 00028040.upk
Loading package: 00017877.upk Ver: 573/1 Engine: 4205 Names: 42 Exports: 12 Imports: 2 Game: 801A
Loading Texture2D 010042_JinM_col1_N from package 00017879.upk
Loading Texture2D 010042_JinM_col1_M from package 00017879.upk
Loading Texture2D 010042_JinM_col3_D from package 00017879.upk
Loading Texture2D 010042_JinM_col3_S from package 00017879.upk
Loading Texture2D MatelW5_BK from package 00002640.upk
Loading Texture2D 010042_JinM_Col3_E from package 00017879.upk
Loading Material3 Body from package 00002620.upk
Loading package: 00012963.upk Ver: 573/1 Engine: 4205 Names: 1386 Exports: 1362 Imports: 10 Game: 801A
Loading Texture2D 050008_JinM_col1_N from package 00017877.upk
Loading Texture2D 050008_JinM_col1_M from package 00017877.upk
Loading Texture2D 050008_JinM_col3_D from package 00017877.upk
Loading Texture2D 050008_JinM_col3_S from package 00017877.upk
Loading Texture2D 050008_JinM_col3_E from package 00017877.upk
Loading Texture2D check_n from package 00002620.upk
Loading Texture2D Noise_Glass_000 from package 00012963.upk
Loading Texture2D Smoke_Pattern_001 from package 00012963.upk
Loading Texture2D Gradient_Wipe_BurnOut_Mask_TEST from package 00012963.upk
Loading Texture2D Gradient_Wipe_BurnOut_Mask from package 00012963.upk
Loading Texture2D check from package 00002620.upk
Loading Texture2D Gradient_Line_003 from package 00012963.upk
Loaded in 0.13 sec, 3122 allocs, 1.31 MBytes serialized in 236504 calls.

Object info:
============
ClassName: SkeletalMesh3 ObjectName: 990170_RuneMechaGiantA

    LODInfo[1] =
    {
        LODInfo[0] =
        {
            DisplayFactor = 0
            LODHysteresis = 0.02
            LODMaterialMap[0] = {}
            bEnableShadowCasting[2] = { true, true }
        }
    }
    Sockets[0] = {}
    bHasVertexColors = false
    EnableTwistBoneFixers = true
    EnableClavicleFixer = true
    Materials[2] = { MaterialInstanceConstant'col1', MaterialInstanceConstant'col1_ac' }


    Lods[1] =
    {
        Lods[0] =
        {
            Sections[2] =
            {
                Sections[0] = { Material=MaterialInstanceConstant'col1', FirstIndex=0, NumFaces=956 }
                Sections[1] = { Material=MaterialInstanceConstant'col1_ac', FirstIndex=2868, NumFaces=1036 }
            }
            NumVerts = 1520
            IndexCount = 5976
            NumTexCoords = 1
        }
    }
    LodCount = 1
    MeshOrigin = { X=-0, Y=-0, Z=-0 }
    MeshScale = { X=1, Y=1, Z=1 }
    RotOrigin = { Yaw=0, Pitch=0, Roll=0 }
    BoneCount = 25
