Found 32768 game files (1766 skipped)
Loading package: 00023593.upk Ver: 573/1 Engine: 4205 Names: 374 Exports: 1 Imports: 39 Game: 801A
Loading MaterialInstanceConstant col1 from package 00023593.upk
check for Parent_normal in 00023593
WARNING: Import(Parent_normal.Parent_normal) was not found
Loading package: 00023592.upk Ver: 573/1 Engine: 4205 Names: 30 Exports: 4 Imports: 2 Game: 801A
check for RGB_Mask in 00023593
check for RGB_Mask in 00023592
WARNING: Import(Parent_normal.RGB_Mask) was not found
check for Parent_diffuse in 00023593
check for Parent_diffuse in 00023592
WARNING: Import(Parent_normal.Parent_diffuse) was not found
Loading package: 00012963.upk Ver: 573/1 Engine: 4205 Names: 1386 Exports: 1362 Imports: 10 Game: 801A
check for Parent_Mask in 00023593
check for Parent_Mask in 00023592
check for Parent_Mask in 00012963
WARNING: Import(Parent_normal.Parent_Mask) was not found
check for Parent_Ice_N in 00023593
check for Parent_Ice_N in 00023592
check for Parent_Ice_N in 00012963
WARNING: Import(Parent_normal.Parent_Ice_N) was not found
check for Parent_snow_N in 00023593
check for Parent_snow_N in 00023592
check for Parent_snow_N in 00012963
WARNING: Import(Parent_normal.Parent_snow_N) was not found
check for Parent_specular in 00023593
check for Parent_specular in 00023592
check for Parent_specular in 00012963
WARNING: Import(Parent_normal.Parent_specular) was not found
check for Parent_emissive in 00023593
check for Parent_emissive in 00023592
check for Parent_emissive in 00012963
WARNING: Import(Parent_normal.Parent_emissive) was not found
check for Check_001_D in 00023593
check for Check_001_D in 00023592
check for Check_001_D in 00012963
WARNING: Import(Parent_normal.Check_001_D) was not found
check for Water_cube4 in 00023593
check for Water_cube4 in 00023592
check for Water_cube4 in 00012963
WARNING: Import(CubeMap_001.Water_cube4) was not found
check for MatelW5 in 00023593
check for MatelW5 in 00023592
check for MatelW5 in 00012963
WARNING: Import(CubeMap_001.MatelW5) was not found
check for Water_cube3 in 00023593
check for Water_cube3 in 00023592
check for Water_cube3 in 00012963
WARNING: Import(CubeMap_001.Water_cube3) was not found
check for Raindrop_001_D in 00023593
check for Raindrop_001_D in 00023592
check for Raindrop_001_D in 00012963
WARNING: Import(Parent_normal.Raindrop_001_D) was not found
check for Ice_003_D in 00023593
check for Ice_003_D in 00023592
check for Ice_003_D in 00012963
WARNING: Import(Parent_normal.Ice_003_D) was not found
check for Bubble_001_D in 00023593
check for Bubble_001_D in 00023592
check for Bubble_001_D in 00012963
WARNING: Import(Parent_normal.Bubble_001_D) was not found
check for SamangTower_02_Tex in 00023593
check for SamangTower_02_Tex in 00023592
check for SamangTower_02_Tex in 00012963
WARNING: Import(CubeMap_001.SamangTower_02_Tex) was not found
check for Water_cube2 in 00023593
check for Water_cube2 in 00023592
check for Water_cube2 in 00012963
WARNING: Import(CubeMap_001.Water_cube2) was not found
check for Parent_BG_Simple in 00023593
check for Parent_BG_Simple in 00023592
check for Parent_BG_Simple in 00012963
WARNING: Import(Parent_BG.Parent_BG_Simple) was not found
WARNING: BoolProperty "UMaterialInstanceConstant::bAcceptRenderDecal" was not found
Loading Texture2D Farm_col1_N from package 00023592.upk
Loading Texture2D Farm_col1_D from package 00023592.upk
Loading Texture2D Smoke_Pattern_000 from package 00012963.upk
Loading Texture2D Farm_col1_D2 from package 00023592.upk
Loading Texture2D Noise_Bubble_000 from package 00012963.upk
Loading Texture2D Smoke_Fractal_002 from package 00012963.upk
Loading Texture2D Farm_col1_M from package 00023592.upk
Loading Texture2D Smoke_Cloud_003 from package 00012963.upk
Loading Texture2D Normal_Noise_000 from package 00012963.upk
WARNING: BoolProperty "UTexture2D::bDisableLoadSwitch" was not found
Loading Texture2D Smoke_Cloud_004 from package 00012963.upk
Loading Texture2D Noise_Plazma_002 from package 00012963.upk
Loaded in 0.087 sec, 2140 allocs, 1.32 MBytes serialized in 36570 calls.

Object info:
============
ClassName: MaterialInstanceConstant ObjectName: col1

    ScalarParameterValues[48] =
    {
        ScalarParameterValues[0] = { ParameterName=DetailNormal_Intensity, ParameterValue=1 }
        ScalarParameterValues[1] = { ParameterName=DetailNormalTexture_Vcoord, ParameterValue=1 }
        ScalarParameterValues[2] = { ParameterName=DetailNormalTexture_Ucoord, ParameterValue=1 }
        ScalarParameterValues[3] = { ParameterName=BaseNormal_Intensity, ParameterValue=1.5 }
        ScalarParameterValues[4] = { ParameterName=DiffuseTexture_Vcoord, ParameterValue=2 }
        ScalarParameterValues[5] = { ParameterName=DiffuseTexture_Ucoord, ParameterValue=2 }
        ScalarParameterValues[6] = { ParameterName=DiffuseTexture_Vpositon, ParameterValue=0 }
        ScalarParameterValues[7] = { ParameterName=DiffuseTexture_Upositon, ParameterValue=0 }
        ScalarParameterValues[8] = { ParameterName=DiffuseTexture_Rotator, ParameterValue=0 }
        ScalarParameterValues[9] = { ParameterName=BaseDiffuseNormal_Intensity, ParameterValue=1 }
        ScalarParameterValues[10] = { ParameterName=EdgeNoiseTexture_Contrast, ParameterValue=10 }
        ScalarParameterValues[11] = { ParameterName=EdgeNoiseTexture_Range, ParameterValue=0.3 }
        ScalarParameterValues[12] = { ParameterName=EdgeNoiseTexture2_UVcoord_Rotator, ParameterValue=73 }
        ScalarParameterValues[13] = { ParameterName=EdgeNoiseTexture2_UVcoord_Multiply, ParameterValue=0.8 }
        ScalarParameterValues[14] = { ParameterName=EdgeNoiseTexture_Vcoord, ParameterValue=2 }
        ScalarParameterValues[15] = { ParameterName=EdgeNoiseTexture_Ucoord, ParameterValue=2 }
        ScalarParameterValues[16] = { ParameterName=EntireNormal_Intensity, ParameterValue=1 }
        ScalarParameterValues[17] = { ParameterName=EntireNormal_MeshPaint_Intensity, ParameterValue=0 }
        ScalarParameterValues[18] = { ParameterName=Specular_Range, ParameterValue=15 }
        ScalarParameterValues[19] = { ParameterName=DiffuseSpecular_Desaturation, ParameterValue=0 }
        ScalarParameterValues[20] = { ParameterName=DiffuseSpecular_Intensity, ParameterValue=0.1 }
        ScalarParameterValues[21] = { ParameterName=DiffuseSpecular_Contrast, ParameterValue=1 }
        ScalarParameterValues[22] = { ParameterName=Specular_Intensity, ParameterValue=1 }
        ScalarParameterValues[23] = { ParameterName=EntireSpecular_Intensity, ParameterValue=1 }
        ScalarParameterValues[24] = { ParameterName=VertexColor_Intensity, ParameterValue=1 }
        ScalarParameterValues[25] = { ParameterName=Diffuse_Desaturation, ParameterValue=0 }
        ScalarParameterValues[26] = { ParameterName=Diffuse_Intensity, ParameterValue=1 }
        ScalarParameterValues[27] = { ParameterName=DiffuseTexture_Ucoord_Speed, ParameterValue=0 }
        ScalarParameterValues[28] = { ParameterName=DiffuseTexture_Vcoord_Speed, ParameterValue=0 }
        ScalarParameterValues[29] = { ParameterName=Blend_EdgeNoiseTexture_Contrast, ParameterValue=10 }
        ScalarParameterValues[30] = { ParameterName=Blend_EdgeNoiseTexture_Range, ParameterValue=0.3 }
        ScalarParameterValues[31] = { ParameterName=Blend_EdgeNoiseTexture2_UVcoord_Rotator, ParameterValue=73 }
        ScalarParameterValues[32] = { ParameterName=Blend_EdgeNoiseTexture2_UVcoord_Multiply, ParameterValue=0.8 }
        ScalarParameterValues[33] = { ParameterName=Blend_EdgeNoiseTexture_Vcoord, ParameterValue=2 }
        ScalarParameterValues[34] = { ParameterName=Blend_EdgeNoiseTexture_Ucoord, ParameterValue=2 }
        ScalarParameterValues[35] = { ParameterName=BlendNormal_Under_Intensity, ParameterValue=0 }
        ScalarParameterValues[36] = { ParameterName=BlendNormal_Intensity, ParameterValue=1 }
        ScalarParameterValues[37] = { ParameterName=BlendDiffuseTexture_Vcoord, ParameterValue=1 }
        ScalarParameterValues[38] = { ParameterName=BlendDiffuseTexture_Ucoord, ParameterValue=1 }
        ScalarParameterValues[39] = { ParameterName=BlendDiffuseTexture_Vposition, ParameterValue=0 }
        ScalarParameterValues[40] = { ParameterName=BlendDiffuseTexture_Uposition, ParameterValue=0 }
        ScalarParameterValues[41] = { ParameterName=BlendDiffuseNormal_Intensity, ParameterValue=1 }
        ScalarParameterValues[42] = { ParameterName=BlendDiffuseSpecular_Desaturation, ParameterValue=0 }
        ScalarParameterValues[43] = { ParameterName=BlendDiffuseSpecular_Intensity, ParameterValue=0.1 }
        ScalarParameterValues[44] = { ParameterName=BlendDiffuseSpecular_Contrast, ParameterValue=1 }
        ScalarParameterValues[45] = { ParameterName=BlendSpecular_Intensity, ParameterValue=1 }
        ScalarParameterValues[46] = { ParameterName=BlendDiffuse_Intensity, ParameterValue=1 }
        ScalarParameterValues[47] = { ParameterName=Wave_Speed, ParameterValue=1 }
    }
    TextureParameterValues[60] =
    {
        TextureParameterValues[0] = { ParameterName=DetailNormalTexture, ParameterValue=None }
        TextureParameterValues[1] = { ParameterName=BaseNormalTexture, ParameterValue=Texture2D'Farm_col1_N' }
        TextureParameterValues[2] = { ParameterName=DiffuseTexture, ParameterValue=Texture2D'Farm_col1_D' }
        TextureParameterValues[3] = { ParameterName=RGBMaskTexture, ParameterValue=None }
        TextureParameterValues[4] = { ParameterName=RMaskNormalTexture, ParameterValue=None }
        TextureParameterValues[5] = { ParameterName=RMask_DiffuseTexture, ParameterValue=None }
        TextureParameterValues[6] = { ParameterName=GMaskNormalTexture, ParameterValue=None }
        TextureParameterValues[7] = { ParameterName=GMask_DiffuseTexture, ParameterValue=None }
        TextureParameterValues[8] = { ParameterName=BMaskNormalTexture, ParameterValue=None }
        TextureParameterValues[9] = { ParameterName=BMask_DiffuseTexture, ParameterValue=None }
        TextureParameterValues[10] = { ParameterName=EdgeNoiseTexture, ParameterValue=Texture2D'Smoke_Pattern_000' }
        TextureParameterValues[11] = { ParameterName=BlendDiffuseMaskTexture, ParameterValue=None }
        TextureParameterValues[12] = { ParameterName=BlendNormalTexture, ParameterValue=None }
        TextureParameterValues[13] = { ParameterName=BlendDiffuseTexture, ParameterValue=Texture2D'Farm_col1_D2' }
        TextureParameterValues[14] = { ParameterName=IceMaskTexture, ParameterValue=None }
        TextureParameterValues[15] = { ParameterName=IceNormalTexture, ParameterValue=None }
        TextureParameterValues[16] = { ParameterName=EntireNormalTexture, ParameterValue=None }
        TextureParameterValues[17] = { ParameterName=SnowDiffuseMaskTexture, ParameterValue=None }
        TextureParameterValues[18] = { ParameterName=SnowNormalTexture, ParameterValue=None }
        TextureParameterValues[19] = { ParameterName=SnowDiffuseTexture, ParameterValue=None }
        TextureParameterValues[20] = { ParameterName=SpecularTexture, ParameterValue=None }
        TextureParameterValues[21] = { ParameterName=EntireSpecularTexture, ParameterValue=None }
        TextureParameterValues[22] = { ParameterName=RMaskSpecularTexture, ParameterValue=None }
        TextureParameterValues[23] = { ParameterName=GMaskSpecularTexture, ParameterValue=None }
        TextureParameterValues[24] = { ParameterName=BMaskSpecularTexture, ParameterValue=None }
        TextureParameterValues[25] = { ParameterName=LogoTexture1, ParameterValue=None }
        TextureParameterValues[26] = { ParameterName=Logo1SpecularTexture, ParameterValue=None }
        TextureParameterValues[27] = { ParameterName=LogoTexture2, ParameterValue=None }
        TextureParameterValues[28] = { ParameterName=Logo2SpecularTexture, ParameterValue=None }
        TextureParameterValues[29] = { ParameterName=LogoTexture3, ParameterValue=None }
        TextureParameterValues[30] = { ParameterName=Logo3SpecularTexture, ParameterValue=None }
        TextureParameterValues[31] = { ParameterName=BlendSpecularTexture, ParameterValue=None }
        TextureParameterValues[32] = { ParameterName=SnowDotSpecularTexture, ParameterValue=None }
        TextureParameterValues[33] =
        {
            ParameterName = SnowDotSpecularNoiseTexture
            ParameterValue = Texture2D'Noise_Bubble_000'
        }
        TextureParameterValues[34] = { ParameterName=FlickerNoiseTexture, ParameterValue=Texture2D'Smoke_Fractal_002' }
        TextureParameterValues[35] = { ParameterName=FlickerTexture, ParameterValue=Texture2D'Smoke_Fractal_002' }
        TextureParameterValues[36] = { ParameterName=EntireEmissiveTexture, ParameterValue=None }
        TextureParameterValues[37] = { ParameterName=EmissiveTexture1, ParameterValue=None }
        TextureParameterValues[38] = { ParameterName=EmissiveTexture2, ParameterValue=None }
        TextureParameterValues[39] = { ParameterName=CubemapMaskTexture, ParameterValue=None }
        TextureParameterValues[40] = { ParameterName=CubeMap, ParameterValue=None }
        TextureParameterValues[41] = { ParameterName=EnvCubemap, ParameterValue=None }
        TextureParameterValues[42] = { ParameterName=ColorChange_RGBMaskTexture, ParameterValue=Texture2D'Farm_col1_M' }
        TextureParameterValues[43] = { ParameterName=FireNoiseTexture, ParameterValue=Texture2D'Smoke_Cloud_003' }
        TextureParameterValues[44] = { ParameterName=CrystalDiffuseMaskTexture, ParameterValue=None }
        TextureParameterValues[45] = { ParameterName=CrystalCubemap, ParameterValue=None }
        TextureParameterValues[46] = { ParameterName=WaterMaskTexture, ParameterValue=None }
        TextureParameterValues[47] = { ParameterName=WaveNormalTexture, ParameterValue=Texture2D'Normal_Noise_000' }
        TextureParameterValues[48] = { ParameterName=RaindropNoiseTexture, ParameterValue=Texture2D'Smoke_Cloud_004' }
        TextureParameterValues[49] = { ParameterName=RaindropTexture, ParameterValue=None }
        TextureParameterValues[50] = { ParameterName=WaterSpecularTexture, ParameterValue=Texture2D'Noise_Plazma_002' }
        TextureParameterValues[51] = { ParameterName=WaterCubemap, ParameterValue=None }
        TextureParameterValues[52] = { ParameterName=FresnelMaskTexture, ParameterValue=None }
        TextureParameterValues[53] = { ParameterName=IceDiffuseTexture, ParameterValue=None }
        TextureParameterValues[54] = { ParameterName=IceBubbleTexture, ParameterValue=None }
        TextureParameterValues[55] = { ParameterName=IceCubeMap, ParameterValue=None }
        TextureParameterValues[56] = { ParameterName=IceEnvCubemap, ParameterValue=None }
        TextureParameterValues[57] = { ParameterName=LavaTexture, ParameterValue=None }
        TextureParameterValues[58] = { ParameterName=LavaFlowmapTexture, ParameterValue=None }
        TextureParameterValues[59] = { ParameterName=LightmapTexture, ParameterValue=None }
    }
    VectorParameterValues[49] =
    {
        VectorParameterValues[0] =
        {
            ParameterName = TransmissionColor
            ParameterValue = { R=1, G=1, B=1, A=1 }
        }
        VectorParameterValues[1] =
        {
            ParameterName = DiffuseSpecular_Color
            ParameterValue = { R=1, G=1, B=1, A=1 }
        }
        VectorParameterValues[2] =
        {
            ParameterName = Specular_Color
            ParameterValue = { R=1, G=1, B=1, A=1 }
        }
        VectorParameterValues[3] =
        {
            ParameterName = EntireSpecular_Color
            ParameterValue = { R=1, G=1, B=1, A=1 }
        }
        VectorParameterValues[4] =
        {
            ParameterName = RMaskDiffuseSpecular_Color
            ParameterValue = { R=1, G=1, B=1, A=1 }
        }
        VectorParameterValues[5] =
        {
            ParameterName = RMaskSpecular_Color
            ParameterValue = { R=1, G=1, B=1, A=1 }
        }
        VectorParameterValues[6] =
        {
            ParameterName = GMaskDiffuseSpecular_Color
            ParameterValue = { R=1, G=1, B=1, A=1 }
        }
        VectorParameterValues[7] =
        {
            ParameterName = GMaskSpecular_Color
            ParameterValue = { R=1, G=1, B=1, A=1 }
        }
        VectorParameterValues[8] =
        {
            ParameterName = BMaskDiffuseSpecular_Color
            ParameterValue = { R=1, G=1, B=1, A=1 }
        }
        VectorParameterValues[9] =
        {
            ParameterName = BMaskSpecular_Color
            ParameterValue = { R=1, G=1, B=1, A=1 }
        }
        VectorParameterValues[10] =
        {
            ParameterName = Logo1DiffuseSpecular_Color
            ParameterValue = { R=1, G=1, B=1, A=1 }
        }
        VectorParameterValues[11] =
        {
            ParameterName = Logo1Specular_Color
            ParameterValue = { R=1, G=1, B=1, A=1 }
        }
        VectorParameterValues[12] =
        {
            ParameterName = Logo2DiffuseSpecular_Color
            ParameterValue = { R=1, G=1, B=1, A=1 }
        }
        VectorParameterValues[13] =
        {
            ParameterName = Logo2Specular_Color
            ParameterValue = { R=1, G=1, B=1, A=1 }
        }
        VectorParameterValues[14] =
        {
            ParameterName = Logo3DiffuseSpecular_Color
            ParameterValue = { R=1, G=1, B=1, A=1 }
        }
        VectorParameterValues[15] =
        {
            ParameterName = Logo3Specular_Color
            ParameterValue = { R=1, G=1, B=1, A=1 }
        }
        VectorParameterValues[16] =
        {
            ParameterName = BlendDiffuseSpecular_Color
            ParameterValue = { R=1, G=1, B=1, A=1 }
        }
        VectorParameterValues[17] =
        {
            ParameterName = BlendSpecular_Color
            ParameterValue = { R=1, G=1, B=1, A=1 }
        }
        VectorParameterValues[18] =
        {
            ParameterName = SnowDotSpecular_Color
            ParameterValue = { R=1, G=1, B=1, A=1 }
        }
        VectorParameterValues[19] =
        {
            ParameterName = EntireEmissive_Color
            ParameterValue = { R=1, G=1, B=1, A=1 }
        }
        VectorParameterValues[20] =
        {
            ParameterName = Emissive1_Color
            ParameterValue = { R=1, G=1, B=1, A=1 }
        }
        VectorParameterValues[21] =
        {
            ParameterName = Emissive2_Color
            ParameterValue = { R=1, G=1, B=1, A=1 }
        }
        VectorParameterValues[22] =
        {
            ParameterName = Cubemap_Color
            ParameterValue = { R=0.598942, G=0.796917, B=1, A=1 }
        }
        VectorParameterValues[23] =
        {
            ParameterName = EnvCubemap_Color
            ParameterValue = { R=1, G=1, B=1, A=1 }
        }
        VectorParameterValues[24] =
        {
            ParameterName = Diffuse_Color
            ParameterValue = { R=1, G=1, B=1, A=1 }
        }
        VectorParameterValues[25] =
        {
            ParameterName = B_ColorChange
            ParameterValue = { R=1, G=1, B=1, A=1 }
        }
        VectorParameterValues[26] =
        {
            ParameterName = G_ColorChange
            ParameterValue = { R=1, G=1, B=1, A=1 }
        }
        VectorParameterValues[27] =
        {
            ParameterName = R_ColorChange
            ParameterValue = { R=1, G=1, B=1, A=1 }
        }
        VectorParameterValues[28] =
        {
            ParameterName = CrystalDiffuse_Color
            ParameterValue = { R=1, G=1, B=1, A=1 }
        }
        VectorParameterValues[29] =
        {
            ParameterName = CrystalCubemap_Color
            ParameterValue = { R=1, G=1, B=1, A=1 }
        }
        VectorParameterValues[30] =
        {
            ParameterName = WaterDiffuse_Color
            ParameterValue = { R=1, G=1, B=1, A=1 }
        }
        VectorParameterValues[31] =
        {
            ParameterName = WaterSpecular_Color
            ParameterValue = { R=1, G=1, B=1, A=1 }
        }
        VectorParameterValues[32] =
        {
            ParameterName = WaterCubemap_Color
            ParameterValue = { R=1, G=1, B=1, A=1 }
        }
        VectorParameterValues[33] =
        {
            ParameterName = RMask_Diffuse_Color
            ParameterValue = { R=1, G=1, B=1, A=1 }
        }
        VectorParameterValues[34] =
        {
            ParameterName = GMask_Diffuse_Color
            ParameterValue = { R=1, G=1, B=1, A=1 }
        }
        VectorParameterValues[35] =
        {
            ParameterName = BMask_Diffuse_Color
            ParameterValue = { R=1, G=1, B=1, A=1 }
        }
        VectorParameterValues[36] =
        {
            ParameterName = BlendDiffuse_Color
            ParameterValue = { R=1, G=1, B=1, A=1 }
        }
        VectorParameterValues[37] =
        {
            ParameterName = Fresnel_color
            ParameterValue = { R=1, G=1, B=1, A=1 }
        }
        VectorParameterValues[38] =
        {
            ParameterName = IceDiffuse_Color
            ParameterValue = { R=1, G=1, B=1, A=1 }
        }
        VectorParameterValues[39] =
        {
            ParameterName = Diffuse_Ice_Color
            ParameterValue = { R=1, G=1, B=1, A=1 }
        }
        VectorParameterValues[40] =
        {
            ParameterName = IceDiffuse_OutColor
            ParameterValue = { R=0.133209, G=0.481952, B=0.315763, A=1 }
        }
        VectorParameterValues[41] =
        {
            ParameterName = IceFresnel_color
            ParameterValue = { R=0.026549, G=0.38891, B=0.560499, A=1 }
        }
        VectorParameterValues[42] =
        {
            ParameterName = DiffuseFresnel_color
            ParameterValue = { R=0.026549, G=0.38891, B=0.560499, A=1 }
        }
        VectorParameterValues[43] =
        {
            ParameterName = IceBubble_Color
            ParameterValue = { R=1, G=1, B=1, A=1 }
        }
        VectorParameterValues[44] =
        {
            ParameterName = IceCubemap_Color
            ParameterValue = { R=1, G=1, B=1, A=1 }
        }
        VectorParameterValues[45] =
        {
            ParameterName = IceEnvCubemap_Color
            ParameterValue = { R=1, G=1, B=1, A=1 }
        }
        VectorParameterValues[46] =
        {
            ParameterName = SnowDiffuse_Color
            ParameterValue = { R=1, G=1, B=1, A=1 }
        }
        VectorParameterValues[47] =
        {
            ParameterName = Lava_Color
            ParameterValue = { R=1, G=1, B=1, A=1 }
        }
        VectorParameterValues[48] =
        {
            ParameterName = Lightmap_Color
            ParameterValue = { R=1, G=1, B=1, A=1 }
        }
    }
    Parent = None
    FlattenedTexture = None
    MobileBaseTexture = None
    MobileNormalTexture = None
    bUseMobileSpecular = false
    MobileSpecularPower = 16
    MobileSpecularMask = MSM_Constant (0)
    MobileMaskTexture = None
