Found 32768 game files (1766 skipped)
Loading package: 00035314.upk Ver: 573/1 Engine: 4205 Names: 148 Exports: 194 Imports: 15 Game: 801A
Loading SkeletalMesh3 040221_JinF from package 00035314.upk
Loading package: 00035313.upk Ver: 573/1 Engine: 4205 Names: 110 Exports: 2 Imports: 27 Game: 801A
Loading MaterialInstanceConstant col1 from package 00035313.upk
Loading package: 00035312.upk Ver: 573/1 Engine: 4205 Names: 36 Exports: 12 Imports: 4 Game: 801A
Loading package: 00002640.upk Ver: 573/1 Engine: 4205 Names: 291 Exports: 507 Imports: 3 Game: 801A
Loading package: 00002620.upk Ver: 573/1 Engine: 4205 Names: 576 Exports: 7687 Imports: 96 Game: 801A
Loading MaterialInstanceConstant col1_1 from package 00035313.upk
Loading Texture2D 040221_JinF_col1_D from package 00035312.upk
Loading Texture2D 040221_JinF_col1_S from package 00035312.upk
Loading Texture2D 040221_JinF_col1_N from package 00035312.upk
Loading Texture2D 040221_JinF_col1_M from package 00035312.upk
Loading TextureCube lenscube from package 00002640.upk
Loading Texture2D check from package 00002620.upk
Loading Material3 Hair_Ac from package 00002620.upk
Loading package: 00012963.upk Ver: 573/1 Engine: 4205 Names: 1386 Exports: 1362 Imports: 10 Game: 801A
Loading Texture2D 040221_JinF_col1_1_N from package 00035312.upk
Loading Texture2D 040221_JinF_col1_1_M from package 00035312.upk
Loading Texture2D 040221_JinF_col1_1_D from package 00035312.upk
Loading Texture2D 040221_JinF_col1_1_S from package 00035312.upk
Loading TextureCube lenscube_a from package 00002640.upk
Loading Material3 Body from package 00002620.upk
Loading Texture2D CubemapFace0 from package 00002640.upk
Loading Texture2D CubemapFace1 from package 00002640.upk
Loading Texture2D CubemapFace2 from package 00002640.upk
Loading Texture2D CubemapFace3 from package 00002640.upk
Loading Texture2D CubemapFace4 from package 00002640.upk
Loading Texture2D CubemapFace5 from package 00002640.upk
Loading Texture2D check_n from package 00002620.upk
Loading Texture2D Noise_Glass_000 from package 00012963.upk
Loading Texture2D Smoke_Pattern_000 from package 00012963.upk
Loading Texture2D Smoke_Pattern_001 from package 00012963.upk
Loading Texture2D Gradient_Wipe_BurnOut_Mask_TEST from package 00012963.upk
Loading Texture2D Gradient_Wipe_BurnOut_Mask from package 00012963.upk
Loading Texture2D Gradient_Line_003 from package 00012963.upk
Loading Texture2D CubemapFace0 from package 00002640.upk
Loading Texture2D CubemapFace1 from package 00002640.upk
Loading Texture2D CubemapFace2 from package 00002640.upk
Loading Texture2D CubemapFace3 from package 00002640.upk
Loading Texture2D CubemapFace4 from package 00002640.upk
Loading Texture2D CubemapFace5 from package 00002640.upk
Loaded in 0.24 sec, 3447 allocs, 6.18 MBytes serialized in 421492 calls.

Object info:
============
ClassName: SkeletalMesh3 ObjectName: 040221_JinF

    LODInfo[1] =
    {
        LODInfo[0] =
        {
            DisplayFactor = 0
            LODHysteresis = 0.02
            LODMaterialMap[0] = {}
            bEnableShadowCasting[2] = { true, true }
        }
    }
    Sockets[0] = {}
    bHasVertexColors = false
    EnableTwistBoneFixers = true
    EnableClavicleFixer = true
    Materials[2] = { MaterialInstanceConstant'col1', MaterialInstanceConstant'col1_1' }


    Lods[1] =
    {
        Lods[0] =
        {
            Sections[2] =
            {
                Sections[0] = { Material=MaterialInstanceConstant'col1_1', FirstIndex=0, NumFaces=4465 }
                Sections[1] = { Material=MaterialInstanceConstant'col1', FirstIndex=13395, NumFaces=4127 }
            }
            NumVerts = 6218
            IndexCount = 25776
            NumTexCoords = 1
        }
    }
    LodCount = 1
    MeshOrigin = { X=-0, Y=-0, Z=-0 }
    MeshScale = { X=1, Y=1, Z=1 }
    RotOrigin = { Yaw=0, Pitch=0, Roll=0 }
    BoneCount = 52
