Found 32768 game files (1766 skipped)
Loading package: 00035348.upk Ver: 573/1 Engine: 4205 Names: 26 Exports: 2 Imports: 2 Game: 801A
Loading Texture2D JinF_055_col1_D from package 00035348.upk
Loading Texture2D JinF_055_col1_s from package 00035348.upk
Loaded in 0.016 sec, 108 allocs, 0.30 MBytes serialized in 566 calls.

Object info:
============
ClassName: Texture2D ObjectName: JinF_055_col1_D

    SizeX = 512
    SizeY = 512
    Format = PF_DXT5 (7)
    AddressX = TA_Wrap (0)
    AddressY = TA_Wrap (0)
    TextureFileCacheName = None
    MipTailBaseIdx = 9
    bForcePVRTC4 = false
    UnpackMin[4] = { 0, 0, 0, 0 }
    UnpackMax[4] = { 1, 1, 1, 1 }

Object info:
============
ClassName: Texture2D ObjectName: JinF_055_col1_s

    SizeX = 512
    SizeY = 512
    Format = PF_DXT1 (5)
    AddressX = TA_Wrap (0)
    AddressY = TA_Wrap (0)
    TextureFileCacheName = None
    MipTailBaseIdx = 9
    bForcePVRTC4 = false
    UnpackMin[4] = { -1, -1, -1, 0 }
    UnpackMax[4] = { 1, 1, 1, 1 }
