Found 32768 game files (1766 skipped)
Loading package: 00036032.upk Ver: 573/1 Engine: 4205 Names: 83 Exports: 1 Imports: 20 Game: 801A
Loading MaterialInstanceConstant col1 from package 00036032.upk
Loading package: 00036031.upk Ver: 573/1 Engine: 4205 Names: 32 Exports: 4 Imports: 2 Game: 801A
Loading package: 00002640.upk Ver: 573/1 Engine: 4205 Names: 291 Exports: 507 Imports: 3 Game: 801A
Loading package: 00002620.upk Ver: 573/1 Engine: 4205 Names: 576 Exports: 7687 Imports: 96 Game: 801A
Loading Texture2D 040230_LynF_D_col1 from package 00036031.upk
Loading Texture2D 040230_LynF_S_col1 from package 00036031.upk
Loading Texture2D 040230_LynF_N_col1 from package 00036031.upk
Loading Texture2D 040230_LynF_M_col1 from package 00036031.upk
Loading TextureCube Cube_D from package 00002640.upk
Loading Texture2D check from package 00002620.upk
Loading Material3 Hair_Ac from package 00002620.upk
Loading package: 00012963.upk Ver: 573/1 Engine: 4205 Names: 1386 Exports: 1362 Imports: 10 Game: 801A
Loading Texture2D CubemapFace0 from package 00002640.upk
Loading Texture2D CubemapFace1 from package 00002640.upk
Loading Texture2D CubemapFace2 from package 00002640.upk
Loading Texture2D CubemapFace3 from package 00002640.upk
Loading Texture2D CubemapFace4 from package 00002640.upk
Loading Texture2D CubemapFace5 from package 00002640.upk
Loading Texture2D check_n from package 00002620.upk
Loading Texture2D Noise_Glass_000 from package 00012963.upk
Loading Texture2D Smoke_Pattern_000 from package 00012963.upk
Loading Texture2D Smoke_Pattern_001 from package 00012963.upk
Loading Texture2D Gradient_Wipe_BurnOut_Mask_TEST from package 00012963.upk
Loading Texture2D Gradient_Wipe_BurnOut_Mask from package 00012963.upk
Loading Texture2D Gradient_Line_003 from package 00012963.upk
Loaded in 0.12 sec, 2885 allocs, 1.41 MBytes serialized in 184145 calls.

Object info:
============
ClassName: MaterialInstanceConstant ObjectName: col1

    ScalarParameterValues[8] =
    {
        ScalarParameterValues[0] = { ParameterName=Ac_Glossiness, ParameterValue=5 }
        ScalarParameterValues[1] = { ParameterName=Hair_Glossiness, ParameterValue=2 }
        ScalarParameterValues[2] = { ParameterName=Emissive_value, ParameterValue=2 }
        ScalarParameterValues[3] = { ParameterName=Transmission_value, ParameterValue=0.5 }
        ScalarParameterValues[4] = { ParameterName=Ac_Glossiness2, ParameterValue=50 }
        ScalarParameterValues[5] = { ParameterName=Acc_Spec_Value, ParameterValue=1.5 }
        ScalarParameterValues[6] = { ParameterName=HighLight_glossiness, ParameterValue=100 }
        ScalarParameterValues[7] = { ParameterName=HighLight_Value, ParameterValue=5 }
    }
    TextureParameterValues[6] =
    {
        TextureParameterValues[0] = { ParameterName=Hair_Diffuse, ParameterValue=Texture2D'040230_LynF_D_col1' }
        TextureParameterValues[1] = { ParameterName=Hair_Specular, ParameterValue=Texture2D'040230_LynF_S_col1' }
        TextureParameterValues[2] = { ParameterName=Hair_normal, ParameterValue=Texture2D'040230_LynF_N_col1' }
        TextureParameterValues[3] = { ParameterName=Hair_Mask_RGB, ParameterValue=Texture2D'040230_LynF_M_col1' }
        TextureParameterValues[4] = { ParameterName=rf_cube, ParameterValue=TextureCube'Cube_D' }
        TextureParameterValues[5] = { ParameterName=Emissive, ParameterValue=Texture2D'check' }
    }
    VectorParameterValues[8] =
    {
        VectorParameterValues[0] =
        {
            ParameterName = Reflection_value
            ParameterValue = { R=2, G=2, B=2, A=1 }
        }
        VectorParameterValues[1] =
        {
            ParameterName = hair_color_S
            ParameterValue = { R=0.948965, G=0.796917, B=0.420508, A=1 }
        }
        VectorParameterValues[2] =
        {
            ParameterName = hair_color_L
            ParameterValue = { R=0.859174, G=0.535642, B=0.201096, A=1 }
        }
        VectorParameterValues[3] =
        {
            ParameterName = hair_color_D
            ParameterValue = { R=0.166872, G=0.12753, B=0.121986, A=1 }
        }
        VectorParameterValues[4] =
        {
            ParameterName = Fresnel_color
            ParameterValue = { R=0, G=0, B=0, A=1 }
        }
        VectorParameterValues[5] =
        {
            ParameterName = Fresnel_Power
            ParameterValue = { R=0, G=0, B=0, A=1 }
        }
        VectorParameterValues[6] =
        {
            ParameterName = Mesh_trangition
            ParameterValue = { R=0, G=0, B=0, A=1 }
        }
        VectorParameterValues[7] =
        {
            ParameterName = HighLight_Color
            ParameterValue = { R=1, G=1, B=1, A=1 }
        }
    }
    Parent = Material3'Hair_Ac'
    FlattenedTexture = None
    MobileBaseTexture = None
    MobileNormalTexture = None
    bUseMobileSpecular = false
    MobileSpecularPower = 16
    MobileSpecularMask = MSM_Constant (0)
    MobileMaskTexture = None
