Found 32768 game files (1766 skipped)
Loading package: 00045464.upk Ver: 573/1 Engine: 4205 Names: 140 Exports: 144 Imports: 16 Game: 801A
Loading SkeletalMesh3 WolfStoneM from package 00045464.upk
WARNING: ObjectProperty "USkeletalMesh3::PlaySoundSet" was not found
WARNING: FloatProperty "USkeletalMesh3::AnimNameHeight" was not found
WARNING: FloatProperty "USkeletalMesh3::NormalNameHeight" was not found
WARNING: FloatProperty "USkeletalMesh3::LowNameHeight" was not found
Loading package: 00045466.upk Ver: 573/1 Engine: 4205 Names: 91 Exports: 1 Imports: 20 Game: 801A
Loading SkeletalMeshSocket SkeletalMeshSocket_50 from package 00045464.upk
Loading SkeletalMeshSocket SkeletalMeshSocket_51 from package 00045464.upk
Loading SkeletalMeshSocket SkeletalMeshSocket_52 from package 00045464.upk
Loading SkeletalMeshSocket SkeletalMeshSocket_53 from package 00045464.upk
Loading SkeletalMeshSocket SkeletalMeshSocket_54 from package 00045464.upk
Loading SkeletalMeshSocket SkeletalMeshSocket_55 from package 00045464.upk
Loading SkeletalMeshSocket SkeletalMeshSocket_56 from package 00045464.upk
Loading SkeletalMeshSocket SkeletalMeshSocket_57 from package 00045464.upk
Loading SkeletalMeshSocket SkeletalMeshSocket_58 from package 00045464.upk
Loading MaterialInstanceConstant col1 from package 00045466.upk
Loading package: 00045471.upk Ver: 573/1 Engine: 4205 Names: 33 Exports: 5 Imports: 2 Game: 801A
Loading package: 00002640.upk Ver: 573/1 Engine: 4205 Names: 291 Exports: 507 Imports: 3 Game: 801A
Loading package: 00002620.upk Ver: 573/1 Engine: 4205 Names: 576 Exports: 7687 Imports: 96 Game: 801A
Loading Texture2D WolfStoneM_col1_N from package 00045471.upk
Loading Texture2D WolfStoneM_col1_M from package 00045471.upk
Loading Texture2D WolfStoneM_col1_D from package 00045471.upk
Loading Texture2D WolfStoneM_col1_S from package 00045471.upk
Loading TextureCube MatelR3 from package 00002640.upk
Loading Texture2D WolfStoneM_col1_E from package 00045471.upk
WARNING: ByteProperty "UTexture2D::ManualLoadSwitchSettings" was not found
Loading Material3 Basic from package 00002620.upk
Loading package: 00012963.upk Ver: 573/1 Engine: 4205 Names: 1386 Exports: 1362 Imports: 10 Game: 801A
Loading Texture2D CubemapFace0 from package 00002640.upk
Loading Texture2D CubemapFace1 from package 00002640.upk
Loading Texture2D CubemapFace2 from package 00002640.upk
Loading Texture2D CubemapFace3 from package 00002640.upk
Loading Texture2D CubemapFace4 from package 00002640.upk
Loading Texture2D CubemapFace5 from package 00002640.upk
Loading Texture2D check_n from package 00002620.upk
Loading Texture2D check from package 00002620.upk
Loading Texture2D Smoke_Pattern_001 from package 00012963.upk
Loading Texture2D Gradient_Line_003 from package 00012963.upk
Loading Texture2D Gradient_Wipe_BurnOut_Mask_TEST from package 00012963.upk
Loading Texture2D Gradient_Wipe_BurnOut_Mask from package 00012963.upk
Loaded in 0.18 sec, 3066 allocs, 2.87 MBytes serialized in 386411 calls.

Object info:
============
ClassName: SkeletalMesh3 ObjectName: WolfStoneM

    LODInfo[1] =
    {
        LODInfo[0] =
        {
            DisplayFactor = 0
            LODHysteresis = 0.02
            LODMaterialMap[0] = {}
            bEnableShadowCasting[1] = { true }
        }
    }
    Sockets[9] =
    {
        Sockets[0] = SkeletalMeshSocket'WolfStoneM.SkeletalMeshSocket_50'
        Sockets[1] = SkeletalMeshSocket'WolfStoneM.SkeletalMeshSocket_51'
        Sockets[2] = SkeletalMeshSocket'WolfStoneM.SkeletalMeshSocket_52'
        Sockets[3] = SkeletalMeshSocket'WolfStoneM.SkeletalMeshSocket_53'
        Sockets[4] = SkeletalMeshSocket'WolfStoneM.SkeletalMeshSocket_54'
        Sockets[5] = SkeletalMeshSocket'WolfStoneM.SkeletalMeshSocket_55'
        Sockets[6] = SkeletalMeshSocket'WolfStoneM.SkeletalMeshSocket_56'
        Sockets[7] = SkeletalMeshSocket'WolfStoneM.SkeletalMeshSocket_57'
        Sockets[8] = SkeletalMeshSocket'WolfStoneM.SkeletalMeshSocket_58'
    }
    bHasVertexColors = false
    EnableTwistBoneFixers = true
    EnableClavicleFixer = true
    Materials[1] = { MaterialInstanceConstant'col1' }


    Lods[1] =
    {
        Lods[0] =
        {
            Sections[1] =
            {
                Sections[0] = { Material=MaterialInstanceConstant'col1', FirstIndex=0, NumFaces=8000 }
            }
            NumVerts = 5429
            IndexCount = 24000
            NumTexCoords = 1
        }
    }
    LodCount = 1
    MeshOrigin = { X=-0, Y=-0, Z=-0 }
    MeshScale = { X=1, Y=1, Z=1 }
    RotOrigin = { Yaw=0, Pitch=0, Roll=0 }
    BoneCount = 37

Object info:
============
ClassName: SkeletalMeshSocket ObjectName: SkeletalMeshSocket_50

    SocketName = target_high
    BoneName = Bip01Head
    RelativeLocation = { X=15, Y=0, Z=0 }
    RelativeRotation = { Yaw=0, Pitch=0, Roll=0 }
    RelativeScale = { X=1, Y=1, Z=1 }

Object info:
============
ClassName: SkeletalMeshSocket ObjectName: SkeletalMeshSocket_51

    SocketName = socket_force
    BoneName = Root
    RelativeLocation = { X=15.0501, Y=35, Z=1.25 }
    RelativeRotation = { Yaw=0, Pitch=0, Roll=0 }
    RelativeScale = { X=1, Y=1, Z=1 }

Object info:
============
ClassName: SkeletalMeshSocket ObjectName: SkeletalMeshSocket_52

    SocketName = Catch_Neck
    BoneName = Bip01Neck
    RelativeLocation = { X=0, Y=0, Z=0 }
    RelativeRotation = { Yaw=0, Pitch=0, Roll=0 }
    RelativeScale = { X=1, Y=1, Z=1 }

Object info:
============
ClassName: SkeletalMeshSocket ObjectName: SkeletalMeshSocket_53

    SocketName = Catch_Back
    BoneName = Bip01Spine2
    RelativeLocation = { X=-10.7093, Y=-23.4687, Z=-6.00069 }
    RelativeRotation = { Yaw=0, Pitch=0, Roll=0 }
    RelativeScale = { X=1, Y=1, Z=1 }

Object info:
============
ClassName: SkeletalMeshSocket ObjectName: SkeletalMeshSocket_54

    SocketName = Decap_Socket
    BoneName = Bip01Neck
    RelativeLocation = { X=2.01375, Y=18.7754, Z=8.37237 }
    RelativeRotation = { Yaw=0, Pitch=0, Roll=0 }
    RelativeScale = { X=1, Y=1, Z=1 }

Object info:
============
ClassName: SkeletalMeshSocket ObjectName: SkeletalMeshSocket_55

    SocketName = Mount_Socket
    BoneName = Bip01Spine2
    RelativeLocation = { X=0, Y=-1.89056, Z=-17.8028 }
    RelativeRotation = { Yaw=0, Pitch=0, Roll=30947 }
    RelativeScale = { X=1, Y=1, Z=1 }

Object info:
============
ClassName: SkeletalMeshSocket ObjectName: SkeletalMeshSocket_56

    SocketName = Mount_Choke_Socket
    BoneName = Root
    RelativeLocation = { X=-3.16983, Y=3.88178e-016, Z=19.25 }
    RelativeRotation = { Yaw=32768, Pitch=0, Roll=0 }
    RelativeScale = { X=1, Y=1, Z=1 }

Object info:
============
ClassName: SkeletalMeshSocket ObjectName: SkeletalMeshSocket_57

    SocketName = Mount_Ambar_Socket
    BoneName = Bip01LClavicle
    RelativeLocation = { X=17.1978, Y=2, Z=-20.0816 }
    RelativeRotation = { Yaw=14563, Pitch=14563, Roll=25486 }
    RelativeScale = { X=1, Y=1, Z=1 }

Object info:
============
ClassName: SkeletalMeshSocket ObjectName: SkeletalMeshSocket_58

    SocketName = ATTACH_EFFECT
    BoneName = Bip01
    RelativeLocation = { X=0, Y=0, Z=0 }
    RelativeRotation = { Yaw=0, Pitch=0, Roll=0 }
    RelativeScale = { X=1, Y=1, Z=1 }
