Found 32768 game files (1766 skipped)
Loading package: 00042491.upk Ver: 573/1 Engine: 4205 Names: 191 Exports: 97 Imports: 16 Game: 801A
Loading SkeletalMesh3 AnthroEntmini from package 00042491.upk
WARNING: ObjectProperty "USkeletalMesh3::PlaySoundSet" was not found
WARNING: FloatProperty "USkeletalMesh3::AnimNameHeight" was not found
WARNING: FloatProperty "USkeletalMesh3::NormalNameHeight" was not found
WARNING: FloatProperty "USkeletalMesh3::LowNameHeight" was not found
Loading package: 00042493.upk Ver: 573/1 Engine: 4205 Names: 91 Exports: 1 Imports: 20 Game: 801A
Loading SkeletalMeshSocket SkeletalMeshSocket_179 from package 00042491.upk
Loading SkeletalMeshSocket SkeletalMeshSocket_180 from package 00042491.upk
Loading SkeletalMeshSocket SkeletalMeshSocket_181 from package 00042491.upk
Loading SkeletalMeshSocket SkeletalMeshSocket_182 from package 00042491.upk
Loading SkeletalMeshSocket SkeletalMeshSocket_183 from package 00042491.upk
Loading SkeletalMeshSocket SkeletalMeshSocket_184 from package 00042491.upk
Loading SkeletalMeshSocket SkeletalMeshSocket_185 from package 00042491.upk
Loading SkeletalMeshSocket SkeletalMeshSocket_186 from package 00042491.upk
WARNING: BoolProperty "USkeletalMeshSocket::bParticleAttachPosOnly" was not found
Loading MaterialInstanceConstant col1 from package 00042493.upk
Loading package: 00042492.upk Ver: 573/1 Engine: 4205 Names: 44 Exports: 16 Imports: 2 Game: 801A
Loading package: 00002640.upk Ver: 573/1 Engine: 4205 Names: 291 Exports: 507 Imports: 3 Game: 801A
Loading package: 00002620.upk Ver: 573/1 Engine: 4205 Names: 576 Exports: 7687 Imports: 96 Game: 801A
Loading Texture2D AnthroEntmini_col1_N from package 00042492.upk
Loading Texture2D AnthroEntmini_col1_M from package 00042492.upk
Loading Texture2D AnthroEntmini_col1_D from package 00042492.upk
Loading Texture2D AnthroEntmini_col1_S from package 00042492.upk
Loading TextureCube cube_orb from package 00002640.upk
Loading Texture2D AnthroEntmini_col1_E from package 00042492.upk
Loading Material3 Basic from package 00002620.upk
Loading package: 00012963.upk Ver: 573/1 Engine: 4205 Names: 1386 Exports: 1362 Imports: 10 Game: 801A
Loading Texture2D CubemapFace0 from package 00002640.upk
Loading Texture2D CubemapFace1 from package 00002640.upk
Loading Texture2D CubemapFace2 from package 00002640.upk
Loading Texture2D CubemapFace3 from package 00002640.upk
Loading Texture2D CubemapFace4 from package 00002640.upk
Loading Texture2D CubemapFace5 from package 00002640.upk
Loading Texture2D check_n from package 00002620.upk
Loading Texture2D check from package 00002620.upk
Loading Texture2D Smoke_Pattern_001 from package 00012963.upk
Loading Texture2D Gradient_Line_003 from package 00012963.upk
Loading Texture2D Gradient_Wipe_BurnOut_Mask_TEST from package 00012963.upk
Loading Texture2D Gradient_Wipe_BurnOut_Mask from package 00012963.upk
Loaded in 0.14 sec, 3145 allocs, 2.97 MBytes serialized in 345986 calls.

Object info:
============
ClassName: SkeletalMesh3 ObjectName: AnthroEntmini

    LODInfo[1] =
    {
        LODInfo[0] =
        {
            DisplayFactor = 0
            LODHysteresis = 0.02
            LODMaterialMap[0] = {}
            bEnableShadowCasting[1] = { true }
        }
    }
    Sockets[8] =
    {
        Sockets[0] = SkeletalMeshSocket'AnthroEntmini.SkeletalMeshSocket_179'
        Sockets[1] = SkeletalMeshSocket'AnthroEntmini.SkeletalMeshSocket_180'
        Sockets[2] = SkeletalMeshSocket'AnthroEntmini.SkeletalMeshSocket_181'
        Sockets[3] = SkeletalMeshSocket'AnthroEntmini.SkeletalMeshSocket_182'
        Sockets[4] = SkeletalMeshSocket'AnthroEntmini.SkeletalMeshSocket_183'
        Sockets[5] = SkeletalMeshSocket'AnthroEntmini.SkeletalMeshSocket_184'
        Sockets[6] = SkeletalMeshSocket'AnthroEntmini.SkeletalMeshSocket_185'
        Sockets[7] = SkeletalMeshSocket'AnthroEntmini.SkeletalMeshSocket_186'
    }
    bHasVertexColors = false
    EnableTwistBoneFixers = true
    EnableClavicleFixer = true
    Materials[1] = { MaterialInstanceConstant'col1' }


    Lods[1] =
    {
        Lods[0] =
        {
            Sections[1] =
            {
                Sections[0] = { Material=MaterialInstanceConstant'col1', FirstIndex=0, NumFaces=5775 }
            }
            NumVerts = 4071
            IndexCount = 17325
            NumTexCoords = 1
        }
    }
    LodCount = 1
    MeshOrigin = { X=-0, Y=-0, Z=-0 }
    MeshScale = { X=1, Y=1, Z=1 }
    RotOrigin = { Yaw=0, Pitch=0, Roll=0 }
    BoneCount = 93

Object info:
============
ClassName: SkeletalMeshSocket ObjectName: SkeletalMeshSocket_179

    SocketName = target_high
    BoneName = Bip01Head
    RelativeLocation = { X=0, Y=0, Z=0 }
    RelativeRotation = { Yaw=0, Pitch=0, Roll=0 }
    RelativeScale = { X=1, Y=1, Z=1 }

Object info:
============
ClassName: SkeletalMeshSocket ObjectName: SkeletalMeshSocket_180

    SocketName = Mount_Socket
    BoneName = Bip01Spine1
    RelativeLocation = { X=-8.38619, Y=-0.124231, Z=0 }
    RelativeRotation = { Yaw=32768, Pitch=0, Roll=0 }
    RelativeScale = { X=1, Y=1, Z=1 }

Object info:
============
ClassName: SkeletalMeshSocket ObjectName: SkeletalMeshSocket_181

    SocketName = socket_force
    BoneName = Root
    RelativeLocation = { X=44, Y=40, Z=0 }
    RelativeRotation = { Yaw=0, Pitch=0, Roll=0 }
    RelativeScale = { X=1, Y=1, Z=1 }

Object info:
============
ClassName: SkeletalMeshSocket ObjectName: SkeletalMeshSocket_182

    SocketName = Catch_Neck
    BoneName = Bip01Neck
    RelativeLocation = { X=0, Y=-3, Z=0 }
    RelativeRotation = { Yaw=0, Pitch=0, Roll=0 }
    RelativeScale = { X=1, Y=1, Z=1 }

Object info:
============
ClassName: SkeletalMeshSocket ObjectName: SkeletalMeshSocket_183

    SocketName = Mount_Ambar_Socket
    BoneName = Bip01LClavicle
    RelativeLocation = { X=-12.4484, Y=0.261196, Z=-10.2266 }
    RelativeRotation = { Yaw=-285, Pitch=9970, Roll=22850 }
    RelativeScale = { X=1, Y=1, Z=1 }

Object info:
============
ClassName: SkeletalMeshSocket ObjectName: SkeletalMeshSocket_184

    SocketName = Mount_Choke_Socket
    BoneName = Root
    RelativeLocation = { X=-1.69592, Y=3.91374e-016, Z=0 }
    RelativeRotation = { Yaw=32768, Pitch=0, Roll=0 }
    RelativeScale = { X=1, Y=1, Z=1 }

Object info:
============
ClassName: SkeletalMeshSocket ObjectName: SkeletalMeshSocket_185

    SocketName = Decap_Socket
    BoneName = Bip01Neck
    RelativeLocation = { X=4.34934, Y=-0.548438, Z=0 }
    RelativeRotation = { Yaw=0, Pitch=0, Roll=0 }
    RelativeScale = { X=1, Y=1, Z=1 }

Object info:
============
ClassName: SkeletalMeshSocket ObjectName: SkeletalMeshSocket_186

    SocketName = ATTACH_EFFECT
    BoneName = Bip01
    RelativeLocation = { X=10, Y=0, Z=0 }
    RelativeRotation = { Yaw=0, Pitch=0, Roll=0 }
    RelativeScale = { X=1, Y=1, Z=1 }
