Found 32768 game files (1766 skipped)
Loading package: 00046820.upk Ver: 573/1 Engine: 4205 Names: 32 Exports: 5 Imports: 2 Game: 801A
Loading Texture2D DemonFishManABomb_col1_D from package 00046820.upk
Loading Texture2D DemonFishManABomb_col1_FXMask from package 00046820.upk
Loading Texture2D DemonFishManABomb_col1_M from package 00046820.upk
Loading Texture2D DemonFishManABomb_col1_N from package 00046820.upk
Loading Texture2D DemonFishManABomb_col1_S from package 00046820.upk
Loaded in 0.042 sec, 204 allocs, 0.25 MBytes serialized in 1176 calls.

Object info:
============
ClassName: Texture2D ObjectName: DemonFishManABomb_col1_D

    SizeX = 256
    SizeY = 512
    Format = PF_DXT1 (5)
    AddressX = TA_Wrap (0)
    AddressY = TA_Wrap (0)
    TextureFileCacheName = None
    MipTailBaseIdx = 9
    bForcePVRTC4 = false
    UnpackMin[4] = { 0, 0, 0, 0 }
    UnpackMax[4] = { 1, 1, 1, 1 }

Object info:
============
ClassName: Texture2D ObjectName: DemonFishManABomb_col1_FXMask

    SizeX = 256
    SizeY = 512
    Format = PF_DXT5 (7)
    AddressX = TA_Wrap (0)
    AddressY = TA_Wrap (0)
    TextureFileCacheName = None
    MipTailBaseIdx = 9
    bForcePVRTC4 = false
    UnpackMin[4] = { 0, 0, 0, 0 }
    UnpackMax[4] = { 1, 1, 1, 1 }

Object info:
============
ClassName: Texture2D ObjectName: DemonFishManABomb_col1_M

    SizeX = 128
    SizeY = 256
    Format = PF_DXT1 (5)
    AddressX = TA_Wrap (0)
    AddressY = TA_Wrap (0)
    TextureFileCacheName = None
    MipTailBaseIdx = 8
    bForcePVRTC4 = false
    UnpackMin[4] = { 0, 0, 0, 0 }
    UnpackMax[4] = { 1, 1, 1, 1 }

Object info:
============
ClassName: Texture2D ObjectName: DemonFishManABomb_col1_N

    SizeX = 256
    SizeY = 512
    Format = PF_DXT1 (5)
    AddressX = TA_Wrap (0)
    AddressY = TA_Wrap (0)
    TextureFileCacheName = None
    MipTailBaseIdx = 9
    bForcePVRTC4 = false
    UnpackMin[4] = { -1, -1, -1, 0 }
    UnpackMax[4] = { 1, 1, 1, 1 }

Object info:
============
ClassName: Texture2D ObjectName: DemonFishManABomb_col1_S

    SizeX = 128
    SizeY = 256
    Format = PF_DXT1 (5)
    AddressX = TA_Wrap (0)
    AddressY = TA_Wrap (0)
    TextureFileCacheName = None
    MipTailBaseIdx = 8
    bForcePVRTC4 = false
    UnpackMin[4] = { 0, 0, 0, 0 }
    UnpackMax[4] = { 1, 1, 1, 1 }
