Found 32768 game files (1766 skipped)
Loading package: 00049711.upk Ver: 573/1 Engine: 4205 Names: 114 Exports: 2 Imports: 27 Game: 801A
Loading MaterialInstanceConstant col1 from package 00049711.upk
Loading package: 00049710.upk Ver: 573/1 Engine: 4205 Names: 33 Exports: 5 Imports: 2 Game: 801A
Loading package: 00002640.upk Ver: 573/1 Engine: 4205 Names: 291 Exports: 507 Imports: 3 Game: 801A
Loading package: 00049703.upk Ver: 573/1 Engine: 4205 Names: 201 Exports: 237 Imports: 54 Game: 801A
Loading MaterialInstanceConstant Op from package 00049711.upk
Loading package: 00002620.upk Ver: 573/1 Engine: 4205 Names: 576 Exports: 7687 Imports: 96 Game: 801A
Loading Texture2D 10124_KunN_col1_N from package 00049710.upk
Loading Texture2D 10124_KunN_col1_M from package 00049710.upk
Loading Texture2D 10124_KunN_col1_D from package 00049710.upk
Loading Texture2D 10124_KunN_col1_S from package 00049710.upk
Loading TextureCube lenscube from package 00002640.upk
Loading Texture2D 10124_KunN_col1_E from package 00049710.upk
Loading Texture2D 10124_JinF_col1_fx from package 00049703.upk
Loading Material3 Body_Pegasus_Fx from package 00049703.upk
Loading package: 00023713.upk Ver: 573/1 Engine: 4205 Names: 101 Exports: 81 Imports: 4 Game: 801A
Loading package: 00012963.upk Ver: 573/1 Engine: 4205 Names: 1386 Exports: 1362 Imports: 10 Game: 801A
Loading Texture2D cube_cst_all from package 00002640.upk
Loading Material3 Blend_OP from package 00002620.upk
Loading Texture2D CubemapFace0 from package 00002640.upk
Loading Texture2D CubemapFace1 from package 00002640.upk
Loading Texture2D CubemapFace2 from package 00002640.upk
Loading Texture2D CubemapFace3 from package 00002640.upk
Loading Texture2D CubemapFace4 from package 00002640.upk
Loading Texture2D CubemapFace5 from package 00002640.upk
Loading Texture2D check_n from package 00002620.upk
Loading Texture2D BGFX_Dots from package 00023713.upk
Loading Texture2D Smoke_Pattern_001 from package 00012963.upk
Loading Texture2D Gradient_Wipe_BurnOut_Mask_TEST from package 00012963.upk
Loading Texture2D Gradient_Wipe_BurnOut_Mask from package 00012963.upk
Loading Texture2D check from package 00002620.upk
Loading Texture2D Gradient_Line_003 from package 00012963.upk
Loaded in 0.17 sec, 3353 allocs, 6.38 MBytes serialized in 193122 calls.

Object info:
============
ClassName: MaterialInstanceConstant ObjectName: col1

    ScalarParameterValues[14] =
    {
        ScalarParameterValues[0] = { ParameterName=Transmission_value, ParameterValue=0 }
        ScalarParameterValues[1] = { ParameterName=Skin_glossiness, ParameterValue=10 }
        ScalarParameterValues[2] = { ParameterName=Wear_glossiness1, ParameterValue=3.5 }
        ScalarParameterValues[3] = { ParameterName=Wear_glossiness2, ParameterValue=100 }
        ScalarParameterValues[4] = { ParameterName=Skin_Spec_value_X, ParameterValue=1 }
        ScalarParameterValues[5] = { ParameterName=Skin_Spec_value, ParameterValue=1 }
        ScalarParameterValues[6] = { ParameterName=Specular_value, ParameterValue=2 }
        ScalarParameterValues[7] = { ParameterName=HighLight_Value, ParameterValue=5 }
        ScalarParameterValues[8] = { ParameterName=HighLight_glossiness, ParameterValue=30 }
        ScalarParameterValues[9] = { ParameterName=Emissive_value, ParameterValue=3 }
        ScalarParameterValues[10] = { ParameterName=Emissive_value2, ParameterValue=0 }
        ScalarParameterValues[11] = { ParameterName=panner_time, ParameterValue=0.2 }
        ScalarParameterValues[12] = { ParameterName=Fresnel Value, ParameterValue=1 }
        ScalarParameterValues[13] = { ParameterName=Fresnel exponent, ParameterValue=30 }
    }
    TextureParameterValues[7] =
    {
        TextureParameterValues[0] = { ParameterName=Body_normal, ParameterValue=Texture2D'10124_KunN_col1_N' }
        TextureParameterValues[1] = { ParameterName=Body_mask_RGB, ParameterValue=Texture2D'10124_KunN_col1_M' }
        TextureParameterValues[2] = { ParameterName=Body_diffuse, ParameterValue=Texture2D'10124_KunN_col1_D' }
        TextureParameterValues[3] = { ParameterName=Body_specular, ParameterValue=Texture2D'10124_KunN_col1_S' }
        TextureParameterValues[4] = { ParameterName=rf_cube, ParameterValue=TextureCube'lenscube' }
        TextureParameterValues[5] = { ParameterName=Emissive, ParameterValue=Texture2D'10124_KunN_col1_E' }
        TextureParameterValues[6] = { ParameterName=Cloth_FX, ParameterValue=Texture2D'10124_JinF_col1_fx' }
    }
    VectorParameterValues[15] =
    {
        VectorParameterValues[0] =
        {
            ParameterName = AC_color
            ParameterValue = { R=1, G=1, B=1, A=1 }
        }
        VectorParameterValues[1] =
        {
            ParameterName = Mesh_trangition
            ParameterValue = { R=0, G=0, B=0, A=1 }
        }
        VectorParameterValues[2] =
        {
            ParameterName = Skin_Specular
            ParameterValue = { R=1, G=1, B=1, A=1 }
        }
        VectorParameterValues[3] =
        {
            ParameterName = AC_specular
            ParameterValue = { R=1, G=1, B=1, A=1 }
        }
        VectorParameterValues[4] =
        {
            ParameterName = Reflection_value
            ParameterValue = { R=2, G=2, B=2, A=1 }
        }
        VectorParameterValues[5] =
        {
            ParameterName = HighLight_Color
            ParameterValue = { R=1, G=1, B=1, A=1 }
        }
        VectorParameterValues[6] =
        {
            ParameterName = Fresnel_color
            ParameterValue = { R=0, G=0, B=0, A=1 }
        }
        VectorParameterValues[7] =
        {
            ParameterName = Fresnel_Power
            ParameterValue = { R=0, G=0, B=0, A=1 }
        }
        VectorParameterValues[8] =
        {
            ParameterName = Burn_Color
            ParameterValue = { R=0, G=0, B=0, A=1 }
        }
        VectorParameterValues[9] =
        {
            ParameterName = UV
            ParameterValue = { R=12, G=12, B=0, A=1 }
        }
        VectorParameterValues[10] =
        {
            ParameterName = fx_customcolor3
            ParameterValue = { R=12, G=8, B=8, A=1 }
        }
        VectorParameterValues[11] =
        {
            ParameterName = Multi_Cloth
            ParameterValue = { R=0, G=0, B=0, A=1 }
        }
        VectorParameterValues[12] =
        {
            ParameterName = fx_customcolor2
            ParameterValue = { R=6, G=4, B=2, A=1 }
        }
        VectorParameterValues[13] =
        {
            ParameterName = fx_customcolor
            ParameterValue = { R=15, G=5, B=6, A=1 }
        }
        VectorParameterValues[14] =
        {
            ParameterName = skin_color
            ParameterValue = { R=1, G=1, B=1, A=1 }
        }
    }
    Parent = Material3'Body_Pegasus_Fx'
    FlattenedTexture = None
    MobileBaseTexture = None
    MobileNormalTexture = None
    bUseMobileSpecular = false
    MobileSpecularPower = 16
    MobileSpecularMask = MSM_Constant (0)
    MobileMaskTexture = None

Object info:
============
ClassName: MaterialInstanceConstant ObjectName: Op

    ScalarParameterValues[4] =
    {
        ScalarParameterValues[0] = { ParameterName=Opacity, ParameterValue=0.8 }
        ScalarParameterValues[1] = { ParameterName=Fresnel_Exp, ParameterValue=1 }
        ScalarParameterValues[2] = { ParameterName=Specular_value, ParameterValue=2 }
        ScalarParameterValues[3] = { ParameterName=Lens_spec_Power, ParameterValue=0.1 }
    }
    TextureParameterValues[4] =
    {
        TextureParameterValues[0] = { ParameterName=Normal, ParameterValue=Texture2D'10124_KunN_col1_N' }
        TextureParameterValues[1] = { ParameterName=Diffuse, ParameterValue=Texture2D'10124_KunN_col1_D' }
        TextureParameterValues[2] = { ParameterName=Specular, ParameterValue=Texture2D'10124_KunN_col1_S' }
        TextureParameterValues[3] = { ParameterName=Lens_spec_cube, ParameterValue=Texture2D'cube_cst_all' }
    }
    VectorParameterValues[3] =
    {
        VectorParameterValues[0] =
        {
            ParameterName = Fresnel_color
            ParameterValue = { R=0, G=0, B=0, A=1 }
        }
        VectorParameterValues[1] =
        {
            ParameterName = Fresnel_Power
            ParameterValue = { R=0, G=0, B=0, A=1 }
        }
        VectorParameterValues[2] =
        {
            ParameterName = Mesh_trangition
            ParameterValue = { R=0, G=0, B=0, A=1 }
        }
    }
    Parent = Material3'Blend_OP'
    FlattenedTexture = None
    MobileBaseTexture = None
    MobileNormalTexture = None
    bUseMobileSpecular = false
    MobileSpecularPower = 16
    MobileSpecularMask = MSM_Constant (0)
    MobileMaskTexture = None
