Found 32768 game files (1766 skipped)
Loading package: 00048503.upk Ver: 573/1 Engine: 4205 Names: 174 Exports: 113 Imports: 12 Game: 801A
Loading SkeletalMesh3 090144_LynF from package 00048503.upk
Loading package: 00054283.upk Ver: 573/1 Engine: 4205 Names: 89 Exports: 1 Imports: 19 Game: 801A
WARNING: Import(col2) was not found in package 00054283
Loaded in 0.033 sec, 316 allocs, 0.39 MBytes serialized in 122014 calls.

Object info:
============
ClassName: SkeletalMesh3 ObjectName: 090144_LynF

    LODInfo[1] =
    {
        LODInfo[0] =
        {
            DisplayFactor = 0
            LODHysteresis = 0.02
            LODMaterialMap[0] = {}
            bEnableShadowCasting[1] = { true }
        }
    }
    Sockets[0] = {}
    bHasVertexColors = false
    EnableTwistBoneFixers = true
    EnableClavicleFixer = true
    Materials[1] = { None }


    Lods[1] =
    {
        Lods[0] =
        {
            Sections[1] =
            {
                Sections[0] = { Material=None, FirstIndex=0, NumFaces=4543 }
            }
            NumVerts = 2897
            IndexCount = 13629
            NumTexCoords = 1
        }
    }
    LodCount = 1
    MeshOrigin = { X=-0, Y=-0, Z=-0 }
    MeshScale = { X=1, Y=1, Z=1 }
    RotOrigin = { Yaw=0, Pitch=0, Roll=0 }
    BoneCount = 80
