Found 32768 game files (1766 skipped)
Loading package: 00047359.upk Ver: 573/1 Engine: 4205 Names: 139 Exports: 10 Imports: 10 Game: 801A
Loading SkeletalMesh3 DemonFishmanB from package 00047359.upk
WARNING: ObjectProperty "USkeletalMesh3::PlaySoundSet" was not found
WARNING: FloatProperty "USkeletalMesh3::AddFootOffsetValue" was not found
WARNING: FloatProperty "USkeletalMesh3::AnimNameHeight" was not found
WARNING: FloatProperty "USkeletalMesh3::NormalNameHeight" was not found
WARNING: FloatProperty "USkeletalMesh3::LowNameHeight" was not found
Loading package: 00047358.upk Ver: 573/1 Engine: 4205 Names: 90 Exports: 1 Imports: 20 Game: 801A
Loading SkeletalMeshSocket SkeletalMeshSocket_243 from package 00047359.upk
WARNING: ObjectProperty "USkeletalMeshSocket::PreviewSkelMesh" was not found
Loading SkeletalMeshSocket SkeletalMeshSocket_244 from package 00047359.upk
Loading SkeletalMeshSocket SkeletalMeshSocket_245 from package 00047359.upk
Loading SkeletalMeshSocket SkeletalMeshSocket_246 from package 00047359.upk
Loading SkeletalMeshSocket SkeletalMeshSocket_247 from package 00047359.upk
Loading SkeletalMeshSocket SkeletalMeshSocket_248 from package 00047359.upk
Loading SkeletalMeshSocket SkeletalMeshSocket_249 from package 00047359.upk
Loading SkeletalMeshSocket SkeletalMeshSocket_250 from package 00047359.upk
Loading SkeletalMeshSocket SkeletalMeshSocket_251 from package 00047359.upk
Loading MaterialInstanceConstant col1 from package 00047358.upk
Loading package: 00047357.upk Ver: 573/1 Engine: 4205 Names: 35 Exports: 8 Imports: 2 Game: 801A
Loading package: 00002640.upk Ver: 573/1 Engine: 4205 Names: 291 Exports: 507 Imports: 3 Game: 801A
Loading package: 00002620.upk Ver: 573/1 Engine: 4205 Names: 576 Exports: 7687 Imports: 96 Game: 801A
Loading Texture2D DemonFishmanB_col1_N from package 00047357.upk
Loading Texture2D DemonFishmanB_col1_M from package 00047357.upk
Loading Texture2D DemonFishmanB_col1_D from package 00047357.upk
Loading Texture2D DemonFishmanB_col1_S from package 00047357.upk
Loading TextureCube cube_orb from package 00002640.upk
Loading Texture2D DemonFishmanB_col1_E from package 00047357.upk
Loading Material3 Basic from package 00002620.upk
Loading package: 00012963.upk Ver: 573/1 Engine: 4205 Names: 1386 Exports: 1362 Imports: 10 Game: 801A
Loading Texture2D CubemapFace0 from package 00002640.upk
Loading Texture2D CubemapFace1 from package 00002640.upk
Loading Texture2D CubemapFace2 from package 00002640.upk
Loading Texture2D CubemapFace3 from package 00002640.upk
Loading Texture2D CubemapFace4 from package 00002640.upk
Loading Texture2D CubemapFace5 from package 00002640.upk
Loading Texture2D check_n from package 00002620.upk
Loading Texture2D check from package 00002620.upk
Loading Texture2D Smoke_Pattern_001 from package 00012963.upk
Loading Texture2D Gradient_Line_003 from package 00012963.upk
Loading Texture2D Gradient_Wipe_BurnOut_Mask_TEST from package 00012963.upk
Loading Texture2D Gradient_Wipe_BurnOut_Mask from package 00012963.upk
Loaded in 0.16 sec, 3099 allocs, 4.58 MBytes serialized in 458722 calls.

Object info:
============
ClassName: SkeletalMesh3 ObjectName: DemonFishmanB

    LODInfo[1] =
    {
        LODInfo[0] =
        {
            DisplayFactor = 0
            LODHysteresis = 0.02
            LODMaterialMap[0] = {}
            bEnableShadowCasting[2] = { true, true }
        }
    }
    Sockets[9] =
    {
        Sockets[0] = SkeletalMeshSocket'DemonFishmanB.SkeletalMeshSocket_243'
        Sockets[1] = SkeletalMeshSocket'DemonFishmanB.SkeletalMeshSocket_244'
        Sockets[2] = SkeletalMeshSocket'DemonFishmanB.SkeletalMeshSocket_245'
        Sockets[3] = SkeletalMeshSocket'DemonFishmanB.SkeletalMeshSocket_246'
        Sockets[4] = SkeletalMeshSocket'DemonFishmanB.SkeletalMeshSocket_247'
        Sockets[5] = SkeletalMeshSocket'DemonFishmanB.SkeletalMeshSocket_248'
        Sockets[6] = SkeletalMeshSocket'DemonFishmanB.SkeletalMeshSocket_249'
        Sockets[7] = SkeletalMeshSocket'DemonFishmanB.SkeletalMeshSocket_250'
        Sockets[8] = SkeletalMeshSocket'DemonFishmanB.SkeletalMeshSocket_251'
    }
    bHasVertexColors = false
    EnableTwistBoneFixers = true
    EnableClavicleFixer = true
    Materials[1] = { MaterialInstanceConstant'col1' }


    Lods[1] =
    {
        Lods[0] =
        {
            Sections[2] =
            {
                Sections[0] = { Material=MaterialInstanceConstant'col1', FirstIndex=0, NumFaces=10635 }
                Sections[1] = { Material=MaterialInstanceConstant'col1', FirstIndex=31905, NumFaces=247 }
            }
            NumVerts = 7060
            IndexCount = 32646
            NumTexCoords = 1
        }
    }
    LodCount = 1
    MeshOrigin = { X=-0, Y=-0, Z=-0 }
    MeshScale = { X=1, Y=1, Z=1 }
    RotOrigin = { Yaw=0, Pitch=0, Roll=0 }
    BoneCount = 86

Object info:
============
ClassName: SkeletalMeshSocket ObjectName: SkeletalMeshSocket_243

    SocketName = WeaponR
    BoneName = WeaponR
    RelativeLocation = { X=0, Y=0, Z=0 }
    RelativeRotation = { Yaw=0, Pitch=0, Roll=0 }
    RelativeScale = { X=1, Y=1, Z=1 }

Object info:
============
ClassName: SkeletalMeshSocket ObjectName: SkeletalMeshSocket_244

    SocketName = target_high
    BoneName = Bip01Head
    RelativeLocation = { X=2.87247, Y=0, Z=0 }
    RelativeRotation = { Yaw=0, Pitch=0, Roll=0 }
    RelativeScale = { X=1, Y=1, Z=1 }

Object info:
============
ClassName: SkeletalMeshSocket ObjectName: SkeletalMeshSocket_245

    SocketName = socket_force
    BoneName = Root
    RelativeLocation = { X=65.6734, Y=33, Z=8 }
    RelativeRotation = { Yaw=0, Pitch=0, Roll=0 }
    RelativeScale = { X=1, Y=1, Z=1 }

Object info:
============
ClassName: SkeletalMeshSocket ObjectName: SkeletalMeshSocket_246

    SocketName = Catch_Neck
    BoneName = Bip01Neck
    RelativeLocation = { X=0, Y=0, Z=0 }
    RelativeRotation = { Yaw=0, Pitch=0, Roll=0 }
    RelativeScale = { X=1, Y=1, Z=1 }

Object info:
============
ClassName: SkeletalMeshSocket ObjectName: SkeletalMeshSocket_247

    SocketName = Mount_Ambar_Socket
    BoneName = Bip01LClavicle
    RelativeLocation = { X=-10.9242, Y=-1.1465, Z=-11.3306 }
    RelativeRotation = { Yaw=-285, Pitch=9970, Roll=22850 }
    RelativeScale = { X=1, Y=1, Z=1 }

Object info:
============
ClassName: SkeletalMeshSocket ObjectName: SkeletalMeshSocket_248

    SocketName = Mount_Choke_Socket
    BoneName = Root
    RelativeLocation = { X=0, Y=0, Z=0 }
    RelativeRotation = { Yaw=32768, Pitch=0, Roll=0 }
    RelativeScale = { X=1, Y=1, Z=1 }

Object info:
============
ClassName: SkeletalMeshSocket ObjectName: SkeletalMeshSocket_249

    SocketName = Decap_Socket
    BoneName = Bip01Neck1
    RelativeLocation = { X=0, Y=0, Z=0 }
    RelativeRotation = { Yaw=0, Pitch=0, Roll=0 }
    RelativeScale = { X=1, Y=1, Z=1 }

Object info:
============
ClassName: SkeletalMeshSocket ObjectName: SkeletalMeshSocket_250

    SocketName = Mount_Socket
    BoneName = Root
    RelativeLocation = { X=-7.22141, Y=8.84338e-016, Z=0 }
    RelativeRotation = { Yaw=32768, Pitch=0, Roll=0 }
    RelativeScale = { X=1, Y=1, Z=1 }

Object info:
============
ClassName: SkeletalMeshSocket ObjectName: SkeletalMeshSocket_251

    SocketName = ATTACH_EFFECT
    BoneName = Bip01
    RelativeLocation = { X=10, Y=0, Z=0 }
    RelativeRotation = { Yaw=0, Pitch=0, Roll=0 }
    RelativeScale = { X=1, Y=1, Z=1 }
