Found 32768 game files (1766 skipped)
Loading package: 00048427.upk Ver: 573/1 Engine: 4205 Names: 99 Exports: 25 Imports: 12 Game: 801A
Loading SkeletalMesh3 040312_JinF from package 00048427.upk
Loading package: 00048428.upk Ver: 573/1 Engine: 4205 Names: 114 Exports: 2 Imports: 24 Game: 801A
Loading MaterialInstanceConstant col2 from package 00048428.upk
Loading package: 00048425.upk Ver: 573/1 Engine: 4205 Names: 30 Exports: 4 Imports: 2 Game: 801A
Loading package: 00002640.upk Ver: 573/1 Engine: 4205 Names: 291 Exports: 507 Imports: 3 Game: 801A
Loading package: 00002620.upk Ver: 573/1 Engine: 4205 Names: 576 Exports: 7687 Imports: 96 Game: 801A
Loading package: 00048421.upk Ver: 573/1 Engine: 4205 Names: 212 Exports: 297 Imports: 57 Game: 801A
Loading Texture2D 040312_JinF_col1_N from package 00048425.upk
Loading Texture2D 040312_JinF_col1_M from package 00048425.upk
Loading Texture2D 040312_JinF_col1_D from package 00048425.upk
Loading Texture2D 040312_JinF_col1_S from package 00048425.upk
Loading TextureCube MatelR1 from package 00002640.upk
Loading Texture2D check from package 00002620.upk
Loading Texture2D Rose_head_JinF_col1_FX from package 00048428.upk
Loading Material3 Body_Rose_Fx from package 00048421.upk
Loading package: 00012850.upk Ver: 573/1 Engine: 4205 Names: 1927 Exports: 31631 Imports: 708 Game: 801A
Loading package: 00012963.upk Ver: 573/1 Engine: 4205 Names: 1386 Exports: 1362 Imports: 10 Game: 801A
Loading Texture2D CubemapFace0 from package 00002640.upk
Loading Texture2D CubemapFace1 from package 00002640.upk
Loading Texture2D CubemapFace2 from package 00002640.upk
Loading Texture2D CubemapFace3 from package 00002640.upk
Loading Texture2D CubemapFace4 from package 00002640.upk
Loading Texture2D CubemapFace5 from package 00002640.upk
Loading Texture2D check_n from package 00002620.upk
Loading Texture2D FX_Fatman_Invincible_PC_N from package 00012850.upk
Loading Texture2D Noise_Glass_000 from package 00012963.upk
Loading Texture2D Smoke_Pattern_001 from package 00012963.upk
Loading Texture2D Gradient_Wipe_BurnOut_Mask_TEST from package 00012963.upk
Loading Texture2D Gradient_Wipe_BurnOut_Mask from package 00012963.upk
Loading Texture2D Gradient_Line_003 from package 00012963.upk
Loaded in 0.19 sec, 5247 allocs, 5.61 MBytes serialized in 914953 calls.

Object info:
============
ClassName: SkeletalMesh3 ObjectName: 040312_JinF

    LODInfo[1] =
    {
        LODInfo[0] =
        {
            DisplayFactor = 0
            LODHysteresis = 0.02
            LODMaterialMap[0] = {}
            bEnableShadowCasting[1] = { true }
        }
    }
    Sockets[0] = {}
    bHasVertexColors = false
    EnableTwistBoneFixers = true
    EnableClavicleFixer = true
    Materials[1] = { MaterialInstanceConstant'col2' }


    Lods[1] =
    {
        Lods[0] =
        {
            Sections[1] =
            {
                Sections[0] = { Material=MaterialInstanceConstant'col2', FirstIndex=0, NumFaces=5644 }
            }
            NumVerts = 4291
            IndexCount = 16932
            NumTexCoords = 1
        }
    }
    LodCount = 1
    MeshOrigin = { X=-0, Y=-0, Z=-0 }
    MeshScale = { X=1, Y=1, Z=1 }
    RotOrigin = { Yaw=0, Pitch=0, Roll=0 }
    BoneCount = 14
