Found 32768 game files (1766 skipped)
Loading package: 00048973.upk Ver: 573/1 Engine: 4205 Names: 119 Exports: 3 Imports: 28 Game: 801A
Loading MaterialInstanceConstant col1 from package 00048973.upk
Loading package: 00048974.upk Ver: 573/1 Engine: 4205 Names: 36 Exports: 8 Imports: 2 Game: 801A
Loading package: 00002640.upk Ver: 573/1 Engine: 4205 Names: 291 Exports: 507 Imports: 3 Game: 801A
Loading package: 00002620.upk Ver: 573/1 Engine: 4205 Names: 576 Exports: 7687 Imports: 96 Game: 801A
Loading package: 00048421.upk Ver: 573/1 Engine: 4205 Names: 212 Exports: 297 Imports: 57 Game: 801A
Loading MaterialInstanceConstant col1_Acc from package 00048973.upk
Loading Texture2D 10128_JinM_col1_Acc_FX from package 00048973.upk
Loading Texture2D 10128_JinM_col1_N from package 00048974.upk
Loading Texture2D 10128_JinM_col1_M from package 00048974.upk
Loading Texture2D 10128_JinM_col1_D from package 00048974.upk
Loading Texture2D 10128_JinM_col1_S from package 00048974.upk
Loading TextureCube Cube_D from package 00002640.upk
Loading Texture2D check from package 00002620.upk
Loading Material3 Body_Rose_Fx from package 00048421.upk
Loading package: 00012850.upk Ver: 573/1 Engine: 4205 Names: 1927 Exports: 31631 Imports: 708 Game: 801A
Loading package: 00012963.upk Ver: 573/1 Engine: 4205 Names: 1386 Exports: 1362 Imports: 10 Game: 801A
Loading Texture2D 10128_JinM_col1_Acc_N from package 00048974.upk
Loading Texture2D 10128_JinM_col1_Acc_M from package 00048974.upk
Loading Texture2D 10128_JinM_col1_Acc_D from package 00048974.upk
Loading Texture2D 10128_JinM_col1_Acc_S from package 00048974.upk
Loading Texture2D CubemapFace0 from package 00002640.upk
Loading Texture2D CubemapFace1 from package 00002640.upk
Loading Texture2D CubemapFace2 from package 00002640.upk
Loading Texture2D CubemapFace3 from package 00002640.upk
Loading Texture2D CubemapFace4 from package 00002640.upk
Loading Texture2D CubemapFace5 from package 00002640.upk
Loading Texture2D check_n from package 00002620.upk
Loading Texture2D FX_Fatman_Invincible_PC_N from package 00012850.upk
Loading Texture2D Noise_Glass_000 from package 00012963.upk
Loading Texture2D Smoke_Pattern_001 from package 00012963.upk
Loading Texture2D Gradient_Wipe_BurnOut_Mask_TEST from package 00012963.upk
Loading Texture2D Gradient_Wipe_BurnOut_Mask from package 00012963.upk
Loading Texture2D Gradient_Line_003 from package 00012963.upk
Loaded in 0.26 sec, 5273 allocs, 8.08 MBytes serialized in 773544 calls.

Object info:
============
ClassName: MaterialInstanceConstant ObjectName: col1

    ScalarParameterValues[16] =
    {
        ScalarParameterValues[0] = { ParameterName=Transmission_value, ParameterValue=0 }
        ScalarParameterValues[1] = { ParameterName=Skin_glossiness, ParameterValue=3.5 }
        ScalarParameterValues[2] = { ParameterName=Wear_glossiness1, ParameterValue=10 }
        ScalarParameterValues[3] = { ParameterName=Wear_glossiness2, ParameterValue=70 }
        ScalarParameterValues[4] = { ParameterName=Skin_Spec_value_X, ParameterValue=1 }
        ScalarParameterValues[5] = { ParameterName=Skin_Spec_value, ParameterValue=1 }
        ScalarParameterValues[6] = { ParameterName=Specular_value, ParameterValue=2.5 }
        ScalarParameterValues[7] = { ParameterName=HighLight_Value, ParameterValue=7 }
        ScalarParameterValues[8] = { ParameterName=HighLight_glossiness, ParameterValue=30 }
        ScalarParameterValues[9] = { ParameterName=Emissive_value, ParameterValue=2 }
        ScalarParameterValues[10] = { ParameterName=Emissive_value2, ParameterValue=0 }
        ScalarParameterValues[11] = { ParameterName=panner_time, ParameterValue=-0.051 }
        ScalarParameterValues[12] = { ParameterName=HighLight_Value_FX, ParameterValue=2 }
        ScalarParameterValues[13] = { ParameterName=HighLight_glossiness_FX, ParameterValue=10 }
        ScalarParameterValues[14] = { ParameterName=Fresnel Value, ParameterValue=15 }
        ScalarParameterValues[15] = { ParameterName=Fresnel exponent, ParameterValue=2 }
    }
    TextureParameterValues[7] =
    {
        TextureParameterValues[0] = { ParameterName=Body_normal, ParameterValue=Texture2D'10128_JinM_col1_N' }
        TextureParameterValues[1] = { ParameterName=Body_mask_RGB, ParameterValue=Texture2D'10128_JinM_col1_M' }
        TextureParameterValues[2] = { ParameterName=Body_diffuse, ParameterValue=Texture2D'10128_JinM_col1_D' }
        TextureParameterValues[3] = { ParameterName=Body_specular, ParameterValue=Texture2D'10128_JinM_col1_S' }
        TextureParameterValues[4] = { ParameterName=rf_cube, ParameterValue=TextureCube'Cube_D' }
        TextureParameterValues[5] = { ParameterName=Emissive, ParameterValue=Texture2D'check' }
        TextureParameterValues[6] = { ParameterName=FX_Tex, ParameterValue=Texture2D'10128_JinM_col1_S' }
    }
    VectorParameterValues[13] =
    {
        VectorParameterValues[0] =
        {
            ParameterName = AC_color
            ParameterValue = { R=1, G=1, B=1, A=1 }
        }
        VectorParameterValues[1] =
        {
            ParameterName = Mesh_trangition
            ParameterValue = { R=0, G=0, B=0, A=1 }
        }
        VectorParameterValues[2] =
        {
            ParameterName = Skin_Specular
            ParameterValue = { R=1, G=1, B=1, A=1 }
        }
        VectorParameterValues[3] =
        {
            ParameterName = AC_specular
            ParameterValue = { R=1, G=1, B=1, A=1 }
        }
        VectorParameterValues[4] =
        {
            ParameterName = Reflection_value
            ParameterValue = { R=2, G=2, B=2, A=1 }
        }
        VectorParameterValues[5] =
        {
            ParameterName = HighLight_Color
            ParameterValue = { R=1, G=1, B=1, A=1 }
        }
        VectorParameterValues[6] =
        {
            ParameterName = Fresnel_color
            ParameterValue = { R=0, G=0, B=0, A=1 }
        }
        VectorParameterValues[7] =
        {
            ParameterName = Fresnel_Power
            ParameterValue = { R=0, G=0, B=0, A=1 }
        }
        VectorParameterValues[8] =
        {
            ParameterName = Burn_Color
            ParameterValue = { R=0, G=0, B=0, A=1 }
        }
        VectorParameterValues[9] =
        {
            ParameterName = Rose_Fx_power
            ParameterValue = { R=0, G=0, B=0, A=0 }
        }
        VectorParameterValues[10] =
        {
            ParameterName = UV
            ParameterValue = { R=1, G=1, B=0, A=1 }
        }
        VectorParameterValues[11] =
        {
            ParameterName = Rose_Fx_color
            ParameterValue = { R=15, G=10, B=5, A=1 }
        }
        VectorParameterValues[12] =
        {
            ParameterName = skin_color
            ParameterValue = { R=1, G=1, B=1, A=1 }
        }
    }
    Parent = Material3'Body_Rose_Fx'
    FlattenedTexture = None
    MobileBaseTexture = None
    MobileNormalTexture = None
    bUseMobileSpecular = false
    MobileSpecularPower = 16
    MobileSpecularMask = MSM_Constant (0)
    MobileMaskTexture = None

Object info:
============
ClassName: MaterialInstanceConstant ObjectName: col1_Acc

    ScalarParameterValues[16] =
    {
        ScalarParameterValues[0] = { ParameterName=Transmission_value, ParameterValue=0 }
        ScalarParameterValues[1] = { ParameterName=Skin_glossiness, ParameterValue=3.5 }
        ScalarParameterValues[2] = { ParameterName=Wear_glossiness1, ParameterValue=10 }
        ScalarParameterValues[3] = { ParameterName=Wear_glossiness2, ParameterValue=60 }
        ScalarParameterValues[4] = { ParameterName=Skin_Spec_value_X, ParameterValue=1 }
        ScalarParameterValues[5] = { ParameterName=Skin_Spec_value, ParameterValue=1 }
        ScalarParameterValues[6] = { ParameterName=Specular_value, ParameterValue=2.5 }
        ScalarParameterValues[7] = { ParameterName=HighLight_Value, ParameterValue=1 }
        ScalarParameterValues[8] = { ParameterName=HighLight_glossiness, ParameterValue=20 }
        ScalarParameterValues[9] = { ParameterName=Emissive_value, ParameterValue=2 }
        ScalarParameterValues[10] = { ParameterName=Emissive_value2, ParameterValue=0 }
        ScalarParameterValues[11] = { ParameterName=panner_time, ParameterValue=-0.051 }
        ScalarParameterValues[12] = { ParameterName=HighLight_Value_FX, ParameterValue=1 }
        ScalarParameterValues[13] = { ParameterName=HighLight_glossiness_FX, ParameterValue=3.5 }
        ScalarParameterValues[14] = { ParameterName=Fresnel Value, ParameterValue=1 }
        ScalarParameterValues[15] = { ParameterName=Fresnel exponent, ParameterValue=1 }
    }
    TextureParameterValues[7] =
    {
        TextureParameterValues[0] = { ParameterName=Body_normal, ParameterValue=Texture2D'10128_JinM_col1_Acc_N' }
        TextureParameterValues[1] = { ParameterName=Body_mask_RGB, ParameterValue=Texture2D'10128_JinM_col1_Acc_M' }
        TextureParameterValues[2] = { ParameterName=Body_diffuse, ParameterValue=Texture2D'10128_JinM_col1_Acc_D' }
        TextureParameterValues[3] = { ParameterName=Body_specular, ParameterValue=Texture2D'10128_JinM_col1_Acc_S' }
        TextureParameterValues[4] = { ParameterName=rf_cube, ParameterValue=TextureCube'Cube_D' }
        TextureParameterValues[5] = { ParameterName=Emissive, ParameterValue=Texture2D'check' }
        TextureParameterValues[6] = { ParameterName=FX_Tex, ParameterValue=Texture2D'10128_JinM_col1_Acc_FX' }
    }
    VectorParameterValues[13] =
    {
        VectorParameterValues[0] =
        {
            ParameterName = AC_color
            ParameterValue = { R=1, G=1, B=1, A=1 }
        }
        VectorParameterValues[1] =
        {
            ParameterName = Mesh_trangition
            ParameterValue = { R=0, G=0, B=0, A=1 }
        }
        VectorParameterValues[2] =
        {
            ParameterName = Skin_Specular
            ParameterValue = { R=1, G=1, B=1, A=1 }
        }
        VectorParameterValues[3] =
        {
            ParameterName = AC_specular
            ParameterValue = { R=1, G=1, B=1, A=1 }
        }
        VectorParameterValues[4] =
        {
            ParameterName = Reflection_value
            ParameterValue = { R=2, G=2, B=2, A=1 }
        }
        VectorParameterValues[5] =
        {
            ParameterName = HighLight_Color
            ParameterValue = { R=1, G=1, B=1, A=1 }
        }
        VectorParameterValues[6] =
        {
            ParameterName = Fresnel_color
            ParameterValue = { R=0, G=0, B=0, A=1 }
        }
        VectorParameterValues[7] =
        {
            ParameterName = Fresnel_Power
            ParameterValue = { R=0, G=0, B=0, A=1 }
        }
        VectorParameterValues[8] =
        {
            ParameterName = Burn_Color
            ParameterValue = { R=0, G=0, B=0, A=1 }
        }
        VectorParameterValues[9] =
        {
            ParameterName = Rose_Fx_power
            ParameterValue = { R=0, G=0, B=0, A=0 }
        }
        VectorParameterValues[10] =
        {
            ParameterName = UV
            ParameterValue = { R=1, G=1, B=0, A=1 }
        }
        VectorParameterValues[11] =
        {
            ParameterName = Rose_Fx_color
            ParameterValue = { R=15, G=10, B=5, A=1 }
        }
        VectorParameterValues[12] =
        {
            ParameterName = skin_color
            ParameterValue = { R=1, G=1, B=1, A=1 }
        }
    }
    Parent = Material3'Body_Rose_Fx'
    FlattenedTexture = None
    MobileBaseTexture = None
    MobileNormalTexture = None
    bUseMobileSpecular = false
    MobileSpecularPower = 16
    MobileSpecularMask = MSM_Constant (0)
    MobileMaskTexture = None

Object info:
============
ClassName: Texture2D ObjectName: 10128_JinM_col1_Acc_FX

    SizeX = 1024
    SizeY = 512
    Format = PF_DXT1 (5)
    AddressX = TA_Wrap (0)
    AddressY = TA_Wrap (0)
    TextureFileCacheName = None
    MipTailBaseIdx = 10
    bForcePVRTC4 = false
    UnpackMin[4] = { 0, 0, 0, 0 }
    UnpackMax[4] = { 1, 1, 1, 1 }
