Found 32768 game files (1766 skipped)
Loading package: 00040230.upk Ver: 573/1 Engine: 4205 Names: 23 Exports: 3 Imports: 4 Game: 801A
Loading Texture2D Pet_BiWol from package 00040230.upk
Loading Texture2D Pet_BiWol_col2_D from package 00040230.upk
Loaded in 0.016 sec, 105 allocs, 0.22 MBytes serialized in 564 calls.

Object info:
============
ClassName: Texture2D ObjectName: Pet_BiWol

    SizeX = 512
    SizeY = 512
    Format = PF_DXT5 (7)
    AddressX = TA_Wrap (0)
    AddressY = TA_Wrap (0)
    TextureFileCacheName = None
    MipTailBaseIdx = 9
    bForcePVRTC4 = false
    UnpackMin[4] = { 0, 0, 0, 0 }
    UnpackMax[4] = { 1, 1, 1, 1 }

Object info:
============
ClassName: Texture2D ObjectName: Pet_BiWol_col2_D

    SizeX = 512
    SizeY = 512
    Format = PF_DXT5 (7)
    AddressX = TA_Wrap (0)
    AddressY = TA_Wrap (0)
    TextureFileCacheName = None
    MipTailBaseIdx = 9
    bForcePVRTC4 = false
    UnpackMin[4] = { 0, 0, 0, 0 }
    UnpackMax[4] = { 1, 1, 1, 1 }
