Found 32768 game files (1766 skipped)
Loading package: 00047019.upk Ver: 573/1 Engine: 4205 Names: 110 Exports: 2 Imports: 26 Game: 801A
Loading MaterialInstanceConstant col3 from package 00047019.upk
Loading package: 00046059.upk Ver: 573/1 Engine: 4205 Names: 41 Exports: 14 Imports: 4 Game: 801A
Loading package: 00002640.upk Ver: 573/1 Engine: 4205 Names: 291 Exports: 507 Imports: 3 Game: 801A
Loading package: 00002620.upk Ver: 573/1 Engine: 4205 Names: 576 Exports: 7687 Imports: 96 Game: 801A
Loading package: 00012963.upk Ver: 573/1 Engine: 4205 Names: 1386 Exports: 1362 Imports: 10 Game: 801A
Loading package: 00047018.upk Ver: 573/1 Engine: 4205 Names: 191 Exports: 275 Imports: 54 Game: 801A
Loading Texture2D TriHeadDragon_col1_N from package 00046059.upk
Loading Texture2D TriHeadDragon_col1_M from package 00046059.upk
Loading Texture2D TriHeadDragon_col2_STriHeadDragon_col3_D from package 00046059.upk
Loading Texture2D TriHeadDragon_col3_S from package 00046059.upk
Loading TextureCube cube_orb from package 00002640.upk
Loading Texture2D TriHeadDragon_col3_ETriHeadDragon_col3_D from package 00046059.upk
Loading Texture2D FX_Mask from package 00046059.upk
Loading Texture2D check from package 00002620.upk
Loading Texture2D Noise_020 from package 00012963.upk
Loading Material3 Basic_TriHeadDragon from package 00047018.upk
Loading Texture2D CubemapFace0 from package 00002640.upk
Loading Texture2D CubemapFace1 from package 00002640.upk
Loading Texture2D CubemapFace2 from package 00002640.upk
Loading Texture2D CubemapFace3 from package 00002640.upk
Loading Texture2D CubemapFace4 from package 00002640.upk
Loading Texture2D CubemapFace5 from package 00002640.upk
Loading Texture2D check_n from package 00002620.upk
Loading Texture2D Smoke_Pattern_001 from package 00012963.upk
Loading Texture2D Gradient_Line_003 from package 00012963.upk
Loading Texture2D Gradient_Wipe_BurnOut_Mask_TEST from package 00012963.upk
Loading Texture2D Gradient_Wipe_BurnOut_Mask from package 00012963.upk
Loaded in 0.15 sec, 3194 allocs, 4.08 MBytes serialized in 191319 calls.

Object info:
============
ClassName: MaterialInstanceConstant ObjectName: col3

    ScalarParameterValues[10] =
    {
        ScalarParameterValues[0] = { ParameterName=Transmission_value, ParameterValue=5 }
        ScalarParameterValues[1] = { ParameterName=Glossiness1, ParameterValue=3 }
        ScalarParameterValues[2] = { ParameterName=Glossiness2, ParameterValue=10 }
        ScalarParameterValues[3] = { ParameterName=Specular_value, ParameterValue=2 }
        ScalarParameterValues[4] = { ParameterName=HighLight_Value, ParameterValue=5 }
        ScalarParameterValues[5] = { ParameterName=HighLight_glossiness, ParameterValue=100 }
        ScalarParameterValues[6] = { ParameterName=Emissive_value, ParameterValue=1.7 }
        ScalarParameterValues[7] = { ParameterName=Emissive_value2, ParameterValue=2.4 }
        ScalarParameterValues[8] = { ParameterName=Fresnel Value, ParameterValue=1 }
        ScalarParameterValues[9] = { ParameterName=Fresnel exponent, ParameterValue=1 }
    }
    TextureParameterValues[10] =
    {
        TextureParameterValues[0] = { ParameterName=Normal, ParameterValue=Texture2D'TriHeadDragon_col1_N' }
        TextureParameterValues[1] = { ParameterName=Mask_GB, ParameterValue=Texture2D'TriHeadDragon_col1_M' }
        TextureParameterValues[2] =
        {
            ParameterName = Diffuse
            ParameterValue = Texture2D'TriHeadDragon_col2_STriHeadDragon_col3_D'
        }
        TextureParameterValues[3] = { ParameterName=Specular, ParameterValue=Texture2D'TriHeadDragon_col3_S' }
        TextureParameterValues[4] = { ParameterName=rf_cube, ParameterValue=TextureCube'cube_orb' }
        TextureParameterValues[5] =
        {
            ParameterName = Emissive
            ParameterValue = Texture2D'TriHeadDragon_col3_ETriHeadDragon_col3_D'
        }
        TextureParameterValues[6] = { ParameterName=MtlEffect_Mask, ParameterValue=Texture2D'FX_Mask' }
        TextureParameterValues[7] = { ParameterName=change_diffuse, ParameterValue=Texture2D'TriHeadDragon_col1_M' }
        TextureParameterValues[8] = { ParameterName=mask_texture, ParameterValue=Texture2D'check' }
        TextureParameterValues[9] = { ParameterName=dissolve_patten_texture, ParameterValue=Texture2D'Noise_020' }
    }
    VectorParameterValues[18] =
    {
        VectorParameterValues[0] =
        {
            ParameterName = Mesh_trangition
            ParameterValue = { R=0, G=0, B=0, A=1 }
        }
        VectorParameterValues[1] =
        {
            ParameterName = Reflection_value
            ParameterValue = { R=0.932277, G=0.694081, B=0.598942, A=1 }
        }
        VectorParameterValues[2] =
        {
            ParameterName = HighLight_Color
            ParameterValue = { R=1, G=1, B=1, A=1 }
        }
        VectorParameterValues[3] =
        {
            ParameterName = Fresnel_color
            ParameterValue = { R=0, G=0, B=0, A=1 }
        }
        VectorParameterValues[4] =
        {
            ParameterName = Fresnel_Power
            ParameterValue = { R=0, G=0, B=0, A=1 }
        }
        VectorParameterValues[5] =
        {
            ParameterName = Burn_Color
            ParameterValue = { R=0, G=0, B=0, A=1 }
        }
        VectorParameterValues[6] =
        {
            ParameterName = Glow_Trangition
            ParameterValue = { R=0, G=0, B=0, A=1 }
        }
        VectorParameterValues[7] =
        {
            ParameterName = Fx_Glow_power
            ParameterValue = { R=0, G=0, B=0, A=1 }
        }
        VectorParameterValues[8] =
        {
            ParameterName = Fx_Glow_color
            ParameterValue = { R=0, G=0, B=0, A=1 }
        }
        VectorParameterValues[9] =
        {
            ParameterName = AC_color
            ParameterValue = { R=1, G=1, B=1, A=1 }
        }
        VectorParameterValues[10] =
        {
            ParameterName = AC_specular
            ParameterValue = { R=1, G=1, B=1, A=1 }
        }
        VectorParameterValues[11] =
        {
            ParameterName = MtlEffect_Color
            ParameterValue = { R=0, G=0, B=0, A=0 }
        }
        VectorParameterValues[12] =
        {
            ParameterName = parts_switch
            ParameterValue = { R=0, G=0, B=0, A=0 }
        }
        VectorParameterValues[13] =
        {
            ParameterName = all_parts
            ParameterValue = { R=0, G=0, B=0, A=0 }
        }
        VectorParameterValues[14] =
        {
            ParameterName = dissolve_line_color
            ParameterValue = { R=1, G=1, B=1, A=1 }
        }
        VectorParameterValues[15] =
        {
            ParameterName = dissolve_panner
            ParameterValue = { R=0, G=0, B=0, A=1 }
        }
        VectorParameterValues[16] =
        {
            ParameterName = glow_parts_Color
            ParameterValue = { R=0, G=0, B=0, A=0 }
        }
        VectorParameterValues[17] =
        {
            ParameterName = glow_parts_switch
            ParameterValue = { R=0, G=0, B=0, A=0 }
        }
    }
    Parent = Material3'Mat.Basic_TriHeadDragon'
    FlattenedTexture = None
    MobileBaseTexture = None
    MobileNormalTexture = None
    bUseMobileSpecular = false
    MobileSpecularPower = 16
    MobileSpecularMask = MSM_Constant (0)
    MobileMaskTexture = None
