Found 32768 game files (1766 skipped)
Loading package: 00044964.upk Ver: 573/1 Engine: 4205 Names: 230 Exports: 194 Imports: 21 Game: 801A
Loading SkeletalMesh3 10100_LynM from package 00044964.upk
WARNING: FloatProperty "USkeletalMesh3::AutoScale" was not found
WARNING: FloatProperty "USkeletalMesh3::EffectScale" was not found
WARNING: ObjectProperty "USkeletalMesh3::MeshFactorSet" was not found
WARNING: ObjectProperty "USkeletalMesh3::PhysMaterialOverride" was not found
WARNING: ObjectProperty "USkeletalMesh3::PlaySoundSet" was not found
WARNING: FloatProperty "USkeletalMesh3::AddFootOffsetValue" was not found
WARNING: FloatProperty "USkeletalMesh3::AnimNameHeight" was not found
WARNING: FloatProperty "USkeletalMesh3::NormalNameHeight" was not found
WARNING: FloatProperty "USkeletalMesh3::LowNameHeight" was not found
WARNING: ArrayProperty "USkeletalMesh3::NameplateMeshScaleRatio" was not found
WARNING: StructProperty "USkeletalMesh3::NameplateHeightRatio" was not found
WARNING: ArrayProperty "USkeletalMesh3::MeshScaleRatio" was not found
WARNING: StructProperty "USkeletalMesh3::HeightRatio" was not found
WARNING: StructProperty "USkeletalMesh3::HandRatio" was not found
WARNING: ByteProperty "USkeletalMesh3::CommonPhysicsUseFlag" was not found
Loading package: 00044963.upk Ver: 573/1 Engine: 4205 Names: 118 Exports: 2 Imports: 29 Game: 801A
Loading SkeletalMeshSocket SkeletalMeshSocket_756 from package 00044964.upk
Loading MaterialInstanceConstant col1 from package 00044963.upk
Loading package: 00044962.upk Ver: 573/1 Engine: 4205 Names: 33 Exports: 5 Imports: 2 Game: 801A
Loading package: 00002640.upk Ver: 573/1 Engine: 4205 Names: 291 Exports: 507 Imports: 3 Game: 801A
Loading package: 00044659.upk Ver: 573/1 Engine: 4205 Names: 128 Exports: 3 Imports: 28 Game: 801A
Loading package: 00012963.upk Ver: 573/1 Engine: 4205 Names: 1386 Exports: 1362 Imports: 10 Game: 801A
Loading package: 00044523.upk Ver: 573/1 Engine: 4205 Names: 198 Exports: 264 Imports: 52 Game: 801A
Loading MaterialInstanceConstant col1_Op from package 00044963.upk
Loading package: 00026887.upk Ver: 573/1 Engine: 4205 Names: 54 Exports: 17 Imports: 3 Game: 801A
Loading package: 00002620.upk Ver: 573/1 Engine: 4205 Names: 576 Exports: 7687 Imports: 96 Game: 801A
Loading Texture2D 10100_LynM_col1_N from package 00044962.upk
Loading Texture2D 10100_LynM_col1_M from package 00044962.upk
Loading Texture2D 10100_LynM_col1_D from package 00044962.upk
Loading Texture2D 10100_LynM_col1_S from package 00044962.upk
Loading TextureCube lenscube_a from package 00002640.upk
Loading Texture2D 10100_LynM_col1_Em from package 00044962.upk
Loading Texture2D 10100_JinM_FX from package 00044659.upk
Loading Texture2D Fire_Torch_Sample_001_D from package 00012963.upk
Loading Material3 Body_FX_Cloth from package 00044523.upk
Loading TextureCube Cube from package 00026887.upk
Loading Material3 Blend_OP from package 00002620.upk
Loading Texture2D CubemapFace0 from package 00002640.upk
Loading Texture2D CubemapFace1 from package 00002640.upk
Loading Texture2D CubemapFace2 from package 00002640.upk
Loading Texture2D CubemapFace3 from package 00002640.upk
Loading Texture2D CubemapFace4 from package 00002640.upk
Loading Texture2D CubemapFace5 from package 00002640.upk
Loading Texture2D check_n from package 00002620.upk
Loading Texture2D 10100_FX from package 00044523.upk
Loading Texture2D Smoke_Pattern_001 from package 00012963.upk
Loading Texture2D Noise_Glass_000 from package 00012963.upk
Loading Texture2D Gradient_Wipe_BurnOut_Mask_TEST from package 00012963.upk
Loading Texture2D Gradient_Wipe_BurnOut_Mask from package 00012963.upk
Loading Texture2D check from package 00002620.upk
Loading Texture2D Gradient_Line_003 from package 00012963.upk
Loading Texture2D CubemapFace0 from package 00026887.upk
Loading Texture2D CubemapFace1 from package 00026887.upk
Loading Texture2D CubemapFace2 from package 00026887.upk
Loading Texture2D CubemapFace3 from package 00026887.upk
Loading Texture2D CubemapFace4 from package 00026887.upk
Loading Texture2D CubemapFace5 from package 00026887.upk
Loaded in 0.22 sec, 3890 allocs, 4.35 MBytes serialized in 612387 calls.

Object info:
============
ClassName: SkeletalMesh3 ObjectName: 10100_LynM

    LODInfo[2] =
    {
        LODInfo[0] =
        {
            DisplayFactor = 0
            LODHysteresis = 0.02
            LODMaterialMap[0] = {}
            bEnableShadowCasting[2] = { true, true }
        }
        LODInfo[1] =
        {
            DisplayFactor = 0.25
            LODHysteresis = 0.02
            LODMaterialMap[1] = { 0 }
            bEnableShadowCasting[1] = { true }
        }
    }
    Sockets[1] = { SkeletalMeshSocket'10100_LynM.SkeletalMeshSocket_756' }
    bHasVertexColors = false
    EnableTwistBoneFixers = true
    EnableClavicleFixer = true
    Materials[2] = { MaterialInstanceConstant'col1', MaterialInstanceConstant'col1_Op' }


    Lods[2] =
    {
        Lods[0] =
        {
            Sections[2] =
            {
                Sections[0] = { Material=MaterialInstanceConstant'col1', FirstIndex=0, NumFaces=10723 }
                Sections[1] = { Material=MaterialInstanceConstant'col1_Op', FirstIndex=32169, NumFaces=195 }
            }
            NumVerts = 7879
            IndexCount = 32754
            NumTexCoords = 1
        }
        Lods[1] =
        {
            Sections[1] =
            {
                Sections[0] = { Material=MaterialInstanceConstant'col1', FirstIndex=0, NumFaces=2964 }
            }
            NumVerts = 2699
            IndexCount = 8892
            NumTexCoords = 1
        }
    }
    LodCount = 2
    MeshOrigin = { X=-0, Y=-0, Z=-0 }
    MeshScale = { X=1, Y=1, Z=1 }
    RotOrigin = { Yaw=0, Pitch=0, Roll=0 }
    BoneCount = 100

Object info:
============
ClassName: SkeletalMeshSocket ObjectName: SkeletalMeshSocket_756

    SocketName = FX_Add
    BoneName = Bone_RThigh_Scale
    RelativeLocation = { X=2.5, Y=-4, Z=-0.5 }
    RelativeRotation = { Yaw=0, Pitch=0, Roll=0 }
    RelativeScale = { X=1, Y=1, Z=1 }
