Found 32768 game files (1766 skipped)
Loading package: 00041001.upk Ver: 573/1 Engine: 4205 Names: 77 Exports: 13 Imports: 11 Game: 801A
Loading SkeletalMesh3 Jeokpaewang_Guillotine_001 from package 00041001.upk
Loading package: 00041003.upk Ver: 573/1 Engine: 4205 Names: 386 Exports: 2 Imports: 40 Game: 801A
Loading MaterialInstanceConstant Jeokpaewang_Guillotine_001_matJeokpaewang_Guillotine_001_b_mat from package 00041003.upk
check for Parent_normal in 00041001
check for Parent_normal in 00041003
WARNING: Import(Parent_normal.Parent_normal) was not found
Loading package: 00041002.upk Ver: 573/1 Engine: 4205 Names: 30 Exports: 4 Imports: 2 Game: 801A
Loading package: 00012963.upk Ver: 573/1 Engine: 4205 Names: 1386 Exports: 1362 Imports: 10 Game: 801A
check for RGB_Mask in 00041001
check for RGB_Mask in 00041003
check for RGB_Mask in 00041002
check for RGB_Mask in 00012963
WARNING: Import(Parent_normal.RGB_Mask) was not found
check for Parent_diffuse in 00041001
check for Parent_diffuse in 00041003
check for Parent_diffuse in 00041002
check for Parent_diffuse in 00012963
WARNING: Import(Parent_normal.Parent_diffuse) was not found
check for Parent_Mask in 00041001
check for Parent_Mask in 00041003
check for Parent_Mask in 00041002
check for Parent_Mask in 00012963
WARNING: Import(Parent_normal.Parent_Mask) was not found
check for Parent_Ice_N in 00041001
check for Parent_Ice_N in 00041003
check for Parent_Ice_N in 00041002
check for Parent_Ice_N in 00012963
WARNING: Import(Parent_normal.Parent_Ice_N) was not found
check for Parent_snow_N in 00041001
check for Parent_snow_N in 00041003
check for Parent_snow_N in 00041002
check for Parent_snow_N in 00012963
WARNING: Import(Parent_normal.Parent_snow_N) was not found
check for Raindrop_001_D in 00041001
check for Raindrop_001_D in 00041003
check for Raindrop_001_D in 00041002
check for Raindrop_001_D in 00012963
WARNING: Import(Parent_normal.Raindrop_001_D) was not found
check for Parent_specular in 00041001
check for Parent_specular in 00041003
check for Parent_specular in 00041002
check for Parent_specular in 00012963
WARNING: Import(Parent_normal.Parent_specular) was not found
check for Parent_emissive in 00041001
check for Parent_emissive in 00041003
check for Parent_emissive in 00041002
check for Parent_emissive in 00012963
WARNING: Import(Parent_normal.Parent_emissive) was not found
check for Check_001_D in 00041001
check for Check_001_D in 00041003
check for Check_001_D in 00041002
check for Check_001_D in 00012963
WARNING: Import(Parent_normal.Check_001_D) was not found
check for Water_cube4 in 00041001
check for Water_cube4 in 00041003
check for Water_cube4 in 00041002
check for Water_cube4 in 00012963
WARNING: Import(CubeMap_001.Water_cube4) was not found
check for MatelW5 in 00041001
check for MatelW5 in 00041003
check for MatelW5 in 00041002
check for MatelW5 in 00012963
WARNING: Import(CubeMap_001.MatelW5) was not found
check for Water_cube3 in 00041001
check for Water_cube3 in 00041003
check for Water_cube3 in 00041002
check for Water_cube3 in 00012963
WARNING: Import(CubeMap_001.Water_cube3) was not found
check for Ice_003_D in 00041001
check for Ice_003_D in 00041003
check for Ice_003_D in 00041002
check for Ice_003_D in 00012963
WARNING: Import(Parent_normal.Ice_003_D) was not found
check for Bubble_001_D in 00041001
check for Bubble_001_D in 00041003
check for Bubble_001_D in 00041002
check for Bubble_001_D in 00012963
WARNING: Import(Parent_normal.Bubble_001_D) was not found
check for SamangTower_02_Tex in 00041001
check for SamangTower_02_Tex in 00041003
check for SamangTower_02_Tex in 00041002
check for SamangTower_02_Tex in 00012963
WARNING: Import(CubeMap_001.SamangTower_02_Tex) was not found
check for Water_cube2 in 00041001
check for Water_cube2 in 00041003
check for Water_cube2 in 00041002
check for Water_cube2 in 00012963
WARNING: Import(CubeMap_001.Water_cube2) was not found
check for Parent_BG_Simple_2SideMask in 00041001
check for Parent_BG_Simple_2SideMask in 00041003
check for Parent_BG_Simple_2SideMask in 00041002
check for Parent_BG_Simple_2SideMask in 00012963
WARNING: Import(Parent_BG.Parent_BG_Simple_2SideMask) was not found
Loading MaterialInstanceConstant Jeokpaewang_Guillotine_001_b_matJeokpaewang_Guillotine_001_b_mat from package 00041003.upk
Loading Texture2D Jeokpaewang_Guillotine_001_NJeokpaewang_Guillotine_001_D from package 00041002.upk
Loading Texture2D Smoke_Pattern_000 from package 00012963.upk
Loading Texture2D Jeokpaewang_Guillotine_001_DJeokpaewang_Guillotine_001_D from package 00041002.upk
Loading Texture2D Normal_Noise_000 from package 00012963.upk
WARNING: BoolProperty "UTexture2D::bDisableLoadSwitch" was not found
Loading Texture2D Smoke_Cloud_004 from package 00012963.upk
Loading Texture2D Noise_Bubble_000 from package 00012963.upk
Loading Texture2D Smoke_Fractal_002 from package 00012963.upk
Loading Texture2D Smoke_Cloud_003 from package 00012963.upk
Loading Texture2D Noise_Plazma_002 from package 00012963.upk
Loading Texture2D TileTexture_002_014_NTileTexture_002_014_N from package 00041002.upk
Loading Texture2D TileTexture_002_014_DTileTexture_002_014_N from package 00041002.upk
Loaded in 0.14 sec, 2269 allocs, 1.59 MBytes serialized in 95271 calls.

Object info:
============
ClassName: SkeletalMesh3 ObjectName: Jeokpaewang_Guillotine_001

    LODInfo[1] =
    {
        LODInfo[0] =
        {
            DisplayFactor = 0
            LODHysteresis = 0.02
            LODMaterialMap[0] = {}
            bEnableShadowCasting[2] = { true, true }
        }
    }
    Sockets[0] = {}
    bHasVertexColors = false
    EnableTwistBoneFixers = true
    EnableClavicleFixer = true
    Materials[2] =
    {
        Materials[0] = MaterialInstanceConstant'Jeokpaewang_Guillotine_001_matJeokpaewang_Guillotine_001_b_mat'
        Materials[1] = MaterialInstanceConstant'Jeokpaewang_Guillotine_001_b_matJeokpaewang_Guillotine_001_b_mat'
    }


    Lods[1] =
    {
        Lods[0] =
        {
            Sections[2] =
            {
                Sections[0] =
                {
                    Material = MaterialInstanceConstant'Jeokpaewang_Guillotine_001_matJeokpaewang_Guillotine_001_b_mat'
                    FirstIndex = 0
                    NumFaces = 1104
                }
                Sections[1] =
                {
                    Material = MaterialInstanceConstant'Jeokpaewang_Guillotine_001_b_matJeokpaewang_Guillotine_001_b_mat'
                    FirstIndex = 3312
                    NumFaces = 66
                }
            }
            NumVerts = 1894
            IndexCount = 3510
            NumTexCoords = 1
        }
    }
    LodCount = 1
    MeshOrigin = { X=-0, Y=-0, Z=-0 }
    MeshScale = { X=1, Y=1, Z=1 }
    RotOrigin = { Yaw=0, Pitch=0, Roll=0 }
    BoneCount = 4
