Found 32768 game files (1766 skipped)
Loading package: 00043024.upk Ver: 573/1 Engine: 4205 Names: 70 Exports: 8 Imports: 12 Game: 801A
Loading SkeletalMesh3 040273_GonM from package 00043024.upk
Loading package: 00043026.upk Ver: 573/1 Engine: 4205 Names: 100 Exports: 2 Imports: 26 Game: 801A
Loading SkeletalMeshSocket SkeletalMeshSocket_147 from package 00043024.upk
WARNING: ObjectProperty "USkeletalMeshSocket::DependencyParticleSystem" was not found
Loading SkeletalMeshSocket SkeletalMeshSocket_148 from package 00043024.upk
WARNING: ObjectProperty "USkeletalMeshSocket::DependencyParticleSystem" was not found
Loading SkeletalMeshSocket SkeletalMeshSocket_149 from package 00043024.upk
WARNING: ObjectProperty "USkeletalMeshSocket::DependencyParticleSystem" was not found
Loading MaterialInstanceConstant col1 from package 00043026.upk
Loading package: 00008822.upk Ver: 573/1 Engine: 4205 Names: 29 Exports: 2 Imports: 2 Game: 801A
Loading package: 00002620.upk Ver: 573/1 Engine: 4205 Names: 576 Exports: 7687 Imports: 96 Game: 801A
Loading MaterialInstanceConstant col1_1 from package 00043026.upk
Loading package: 00043017.upk Ver: 573/1 Engine: 4205 Names: 31 Exports: 4 Imports: 2 Game: 801A
Loading package: 00002640.upk Ver: 573/1 Engine: 4205 Names: 291 Exports: 507 Imports: 3 Game: 801A
Loading Texture2D JinM_016_col1_d from package 00008822.upk
Loading Texture2D JinM_016_col1_n from package 00008822.upk
Loading Material3 Beard_Ac from package 00002620.upk
Loading package: 00012963.upk Ver: 573/1 Engine: 4205 Names: 1386 Exports: 1362 Imports: 10 Game: 801A
Loading package: 00008613.upk Ver: 573/1 Engine: 4205 Names: 95 Exports: 6 Imports: 12 Game: 801A
Loading Texture2D 040273_JinM_col1_N from package 00043017.upk
Loading Texture2D 040273_JinM_col1_M from package 00043017.upk
Loading Texture2D 040273_JinM_col1_D from package 00043017.upk
Loading Texture2D 040273_JinM_col1_S from package 00043017.upk
Loading TextureCube lenscube from package 00002640.upk
Loading Texture2D check from package 00002620.upk
Loading Material3 Basic_local_reflect from package 00002620.upk
Loading Texture2D check_n from package 00002620.upk
Loading Texture2D Noise_Glass_000 from package 00012963.upk
Loading Texture2D Smoke_Pattern_001 from package 00012963.upk
Loading Texture2D Gradient_Wipe_BurnOut_Mask_TEST from package 00012963.upk
Loading Texture2D Gradient_Wipe_BurnOut_Mask from package 00012963.upk
Loading Texture2D Gradient_Line_003 from package 00012963.upk
Loading Texture2D Nothing_A from package 00008613.upk
Loading Texture2D CubemapFace0 from package 00002640.upk
Loading Texture2D CubemapFace1 from package 00002640.upk
Loading Texture2D CubemapFace2 from package 00002640.upk
Loading Texture2D CubemapFace3 from package 00002640.upk
Loading Texture2D CubemapFace4 from package 00002640.upk
Loading Texture2D CubemapFace5 from package 00002640.upk
Loaded in 0.19 sec, 3220 allocs, 1.80 MBytes serialized in 247463 calls.

Object info:
============
ClassName: SkeletalMesh3 ObjectName: 040273_GonM

    LODInfo[1] =
    {
        LODInfo[0] =
        {
            DisplayFactor = 0
            LODHysteresis = 0.02
            LODMaterialMap[0] = {}
            bEnableShadowCasting[2] = { true, true }
        }
    }
    Sockets[3] =
    {
        Sockets[0] = SkeletalMeshSocket'040273_GonM.SkeletalMeshSocket_147'
        Sockets[1] = SkeletalMeshSocket'040273_GonM.SkeletalMeshSocket_148'
        Sockets[2] = SkeletalMeshSocket'040273_GonM.SkeletalMeshSocket_149'
    }
    bHasVertexColors = false
    EnableTwistBoneFixers = true
    EnableClavicleFixer = true
    Materials[2] = { MaterialInstanceConstant'col1', MaterialInstanceConstant'col1_1' }


    Lods[1] =
    {
        Lods[0] =
        {
            Sections[2] =
            {
                Sections[0] = { Material=MaterialInstanceConstant'col1', FirstIndex=0, NumFaces=419 }
                Sections[1] = { Material=MaterialInstanceConstant'col1_1', FirstIndex=1257, NumFaces=1986 }
            }
            NumVerts = 1814
            IndexCount = 7215
            NumTexCoords = 1
        }
    }
    LodCount = 1
    MeshOrigin = { X=-0, Y=-0, Z=-0 }
    MeshScale = { X=1, Y=1, Z=1 }
    RotOrigin = { Yaw=0, Pitch=0, Roll=0 }
    BoneCount = 9

Object info:
============
ClassName: SkeletalMeshSocket ObjectName: SkeletalMeshSocket_147

    SocketName = CandleLight
    BoneName = Bip01Head
    RelativeLocation = { X=20.2, Y=5.2, Z=0 }
    RelativeRotation = { Yaw=0, Pitch=0, Roll=0 }
    RelativeScale = { X=1, Y=1, Z=1 }

Object info:
============
ClassName: SkeletalMeshSocket ObjectName: SkeletalMeshSocket_148

    SocketName = CandleLight2
    BoneName = Bip01Head
    RelativeLocation = { X=21, Y=2.2, Z=1.5 }
    RelativeRotation = { Yaw=0, Pitch=0, Roll=0 }
    RelativeScale = { X=1, Y=1, Z=1 }

Object info:
============
ClassName: SkeletalMeshSocket ObjectName: SkeletalMeshSocket_149

    SocketName = CandleLight3
    BoneName = Bip01Head
    RelativeLocation = { X=21.2, Y=2.3, Z=-1.8 }
    RelativeRotation = { Yaw=0, Pitch=0, Roll=0 }
    RelativeScale = { X=1, Y=1, Z=1 }
