Found 32768 game files (1766 skipped)
Loading package: 00046793.upk Ver: 573/1 Engine: 4205 Names: 70 Exports: 8 Imports: 12 Game: 801A
Loading SkeletalMesh3 990296_Autoscale from package 00046793.upk
WARNING: ObjectProperty "USkeletalMesh3::PhysMaterialOverride" was not found
Loading package: 00046795.upk Ver: 573/1 Engine: 4205 Names: 174 Exports: 150 Imports: 47 Game: 801A
Loading SkeletalMeshSocket SkeletalMeshSocket_91 from package 00046793.upk
Loading SkeletalMeshSocket SkeletalMeshSocket_92 from package 00046793.upk
Loading SkeletalMeshSocket SkeletalMeshSocket_93 from package 00046793.upk
Loading MaterialInstanceConstant col1 from package 00046795.upk
Loading package: 00046794.upk Ver: 573/1 Engine: 4205 Names: 34 Exports: 6 Imports: 2 Game: 801A
Loading package: 00002640.upk Ver: 573/1 Engine: 4205 Names: 291 Exports: 507 Imports: 3 Game: 801A
Loading Texture2D 990296_Autoscale_col1_N from package 00046794.upk
Loading Texture2D 990296_Autoscale_col1_M from package 00046794.upk
Loading Texture2D 990296_Autoscale_col1_D from package 00046794.upk
Loading Texture2D 990296_Autoscale_col1_S from package 00046794.upk
Loading TextureCube eye_s2 from package 00002640.upk
Loading Texture2D 990296_Autoscale_col1_E from package 00046794.upk
Loading Texture2D 990296_Autoscale_col1_FX from package 00046794.upk
Loading Material3 Basic_FX from package 00046795.upk
Loading package: 00002620.upk Ver: 573/1 Engine: 4205 Names: 576 Exports: 7687 Imports: 96 Game: 801A
Loading package: 00012963.upk Ver: 573/1 Engine: 4205 Names: 1386 Exports: 1362 Imports: 10 Game: 801A
Loading Texture2D CubemapFace0 from package 00002640.upk
Loading Texture2D CubemapFace1 from package 00002640.upk
Loading Texture2D CubemapFace2 from package 00002640.upk
Loading Texture2D CubemapFace3 from package 00002640.upk
Loading Texture2D CubemapFace4 from package 00002640.upk
Loading Texture2D CubemapFace5 from package 00002640.upk
Loading Texture2D check_n from package 00002620.upk
Loading Texture2D check from package 00002620.upk
Loading Texture2D Smoke_Pattern_001 from package 00012963.upk
Loading Texture2D Gradient_Line_003 from package 00012963.upk
Loading Texture2D Gradient_Wipe_BurnOut_Mask_TEST from package 00012963.upk
Loading Texture2D Gradient_Wipe_BurnOut_Mask from package 00012963.upk
Loaded in 0.15 sec, 3108 allocs, 1.98 MBytes serialized in 252986 calls.

Object info:
============
ClassName: SkeletalMesh3 ObjectName: 990296_Autoscale

    LODInfo[1] =
    {
        LODInfo[0] =
        {
            DisplayFactor = 0
            LODHysteresis = 0.02
            LODMaterialMap[0] = {}
            bEnableShadowCasting[1] = { true }
        }
    }
    Sockets[3] =
    {
        Sockets[0] = SkeletalMeshSocket'990296_Autoscale.SkeletalMeshSocket_91'
        Sockets[1] = SkeletalMeshSocket'990296_Autoscale.SkeletalMeshSocket_92'
        Sockets[2] = SkeletalMeshSocket'990296_Autoscale.SkeletalMeshSocket_93'
    }
    bHasVertexColors = false
    EnableTwistBoneFixers = true
    EnableClavicleFixer = true
    Materials[1] = { MaterialInstanceConstant'col1' }


    Lods[1] =
    {
        Lods[0] =
        {
            Sections[1] =
            {
                Sections[0] = { Material=MaterialInstanceConstant'col1', FirstIndex=0, NumFaces=2666 }
            }
            NumVerts = 2011
            IndexCount = 7998
            NumTexCoords = 1
        }
    }
    LodCount = 1
    MeshOrigin = { X=-0, Y=-0, Z=-0 }
    MeshScale = { X=1, Y=1, Z=1 }
    RotOrigin = { Yaw=0, Pitch=0, Roll=0 }
    BoneCount = 2

Object info:
============
ClassName: SkeletalMeshSocket ObjectName: SkeletalMeshSocket_91

    SocketName = weapon_socket01
    BoneName = WeaponRoot
    RelativeLocation = { X=0, Y=0, Z=11.5 }
    RelativeRotation = { Yaw=0, Pitch=0, Roll=0 }
    RelativeScale = { X=1, Y=1, Z=1 }

Object info:
============
ClassName: SkeletalMeshSocket ObjectName: SkeletalMeshSocket_92

    SocketName = weapon_socket02
    BoneName = WeaponRoot
    RelativeLocation = { X=0, Y=0, Z=46.25 }
    RelativeRotation = { Yaw=0, Pitch=0, Roll=0 }
    RelativeScale = { X=1, Y=1, Z=1 }

Object info:
============
ClassName: SkeletalMeshSocket ObjectName: SkeletalMeshSocket_93

    SocketName = weapon_socket03
    BoneName = WeaponRoot
    RelativeLocation = { X=0, Y=0, Z=63.75 }
    RelativeRotation = { Yaw=0, Pitch=0, Roll=0 }
    RelativeScale = { X=1, Y=1, Z=1 }
