Found 32768 game files (1766 skipped)
Loading package: 00049534.upk Ver: 573/1 Engine: 4205 Names: 118 Exports: 28 Imports: 23 Game: 801A
Loading SkeletalMesh3 070050_Autoscale_L from package 00049534.upk
WARNING: ObjectProperty "USkeletalMesh3::MeshFactorSet" was not found
WARNING: ObjectProperty "USkeletalMesh3::PhysMaterialOverride" was not found
WARNING: ByteProperty "USkeletalMesh3::ItemPreviewLocType" was not found
Loading package: 00049537.upk Ver: 573/1 Engine: 4205 Names: 107 Exports: 1 Imports: 23 Game: 801A
Loading SkeletalMesh3 070050_Autoscale_R from package 00049534.upk
WARNING: ObjectProperty "USkeletalMesh3::MeshFactorSet" was not found
WARNING: ObjectProperty "USkeletalMesh3::PhysMaterialOverride" was not found
WARNING: ByteProperty "USkeletalMesh3::ItemPreviewLocType" was not found
Loading SkeletalMeshSocket SkeletalMeshSocket_189 from package 00049534.upk
WARNING: ObjectProperty "USkeletalMeshSocket::DependencyParticleSystem" was not found
WARNING: BoolProperty "USkeletalMeshSocket::bParticleApplyAutoScale" was not found
Loading SkeletalMeshSocket SkeletalMeshSocket_196 from package 00049534.upk
WARNING: ObjectProperty "USkeletalMeshSocket::DependencyParticleSystem" was not found
WARNING: BoolProperty "USkeletalMeshSocket::bParticleApplyAutoScale" was not found
Loading MaterialInstanceConstant col11 from package 00049537.upk
Loading package: 00049152.upk Ver: 573/1 Engine: 4205 Names: 33 Exports: 5 Imports: 2 Game: 801A
Loading package: 00002640.upk Ver: 573/1 Engine: 4205 Names: 291 Exports: 507 Imports: 3 Game: 801A
Loading package: 00012963.upk Ver: 573/1 Engine: 4205 Names: 1386 Exports: 1362 Imports: 10 Game: 801A
Loading package: 00048024.upk Ver: 573/1 Engine: 4205 Names: 187 Exports: 221 Imports: 48 Game: 801A
Loading Texture2D 070050_Autoscale_col1_N from package 00049152.upk
Loading Texture2D 070050_Autoscale_col1_M from package 00049152.upk
Loading Texture2D 070050_Autoscale_col1_D from package 00049152.upk
Loading Texture2D 070050_Autoscale_col1_S from package 00049152.upk
Loading TextureCube Cube_C from package 00002640.upk
Loading Texture2D 070050_Autoscale_col1_E from package 00049152.upk
Loading Texture2D waterfalls_D01 from package 00012963.upk
Loading Texture2D T_Liquid_SM_NanoBlack_Mask_01 from package 00012963.upk
Loading Material3 Basic_FX_070005_ from package 00048024.upk
Loading package: 00002620.upk Ver: 573/1 Engine: 4205 Names: 576 Exports: 7687 Imports: 96 Game: 801A
Loading Texture2D CubemapFace0 from package 00002640.upk
Loading Texture2D CubemapFace1 from package 00002640.upk
Loading Texture2D CubemapFace2 from package 00002640.upk
Loading Texture2D CubemapFace3 from package 00002640.upk
Loading Texture2D CubemapFace4 from package 00002640.upk
Loading Texture2D CubemapFace5 from package 00002640.upk
Loading Texture2D check_n from package 00002620.upk
Loading Texture2D check from package 00002620.upk
Loading Texture2D Smoke_Pattern_001 from package 00012963.upk
Loading Texture2D Gradient_Line_003 from package 00012963.upk
Loading Texture2D Gradient_Wipe_BurnOut_Mask_TEST from package 00012963.upk
Loading Texture2D Gradient_Wipe_BurnOut_Mask from package 00012963.upk
Loaded in 0.16 sec, 3344 allocs, 1.68 MBytes serialized in 309544 calls.

Object info:
============
ClassName: SkeletalMesh3 ObjectName: 070050_Autoscale_L

    LODInfo[1] =
    {
        LODInfo[0] =
        {
            DisplayFactor = 0
            LODHysteresis = 0.02
            LODMaterialMap[0] = {}
            bEnableShadowCasting[1] = { true }
        }
    }
    Sockets[1] = { SkeletalMeshSocket'070050_Autoscale_L.SkeletalMeshSocket_189' }
    bHasVertexColors = false
    EnableTwistBoneFixers = true
    EnableClavicleFixer = true
    Materials[1] = { MaterialInstanceConstant'col11' }


    Lods[1] =
    {
        Lods[0] =
        {
            Sections[1] =
            {
                Sections[0] = { Material=MaterialInstanceConstant'col11', FirstIndex=0, NumFaces=2019 }
            }
            NumVerts = 1883
            IndexCount = 6057
            NumTexCoords = 1
        }
    }
    LodCount = 1
    MeshOrigin = { X=-0, Y=-0, Z=-0 }
    MeshScale = { X=1, Y=1, Z=1 }
    RotOrigin = { Yaw=0, Pitch=0, Roll=0 }
    BoneCount = 5

Object info:
============
ClassName: SkeletalMesh3 ObjectName: 070050_Autoscale_R

    LODInfo[1] =
    {
        LODInfo[0] =
        {
            DisplayFactor = 0
            LODHysteresis = 0.02
            LODMaterialMap[0] = {}
            bEnableShadowCasting[1] = { true }
        }
    }
    Sockets[1] = { SkeletalMeshSocket'070050_Autoscale_R.SkeletalMeshSocket_196' }
    bHasVertexColors = false
    EnableTwistBoneFixers = true
    EnableClavicleFixer = true
    Materials[1] = { MaterialInstanceConstant'col11' }


    Lods[1] =
    {
        Lods[0] =
        {
            Sections[1] =
            {
                Sections[0] = { Material=MaterialInstanceConstant'col11', FirstIndex=0, NumFaces=2019 }
            }
            NumVerts = 1884
            IndexCount = 6057
            NumTexCoords = 1
        }
    }
    LodCount = 1
    MeshOrigin = { X=-0, Y=-0, Z=-0 }
    MeshScale = { X=1, Y=1, Z=1 }
    RotOrigin = { Yaw=0, Pitch=0, Roll=0 }
    BoneCount = 5

Object info:
============
ClassName: SkeletalMeshSocket ObjectName: SkeletalMeshSocket_189

    SocketName = FX_Add
    BoneName = WeaponRoot
    RelativeLocation = { X=0, Y=0, Z=0 }
    RelativeRotation = { Yaw=0, Pitch=0, Roll=0 }
    RelativeScale = { X=1, Y=1, Z=1 }

Object info:
============
ClassName: SkeletalMeshSocket ObjectName: SkeletalMeshSocket_196

    SocketName = FX_Add
    BoneName = WeaponRoot
    RelativeLocation = { X=0, Y=0, Z=0 }
    RelativeRotation = { Yaw=0, Pitch=0, Roll=0 }
    RelativeScale = { X=1, Y=1, Z=1 }
