Found 32768 game files (1766 skipped)
Loading package: 00043020.upk Ver: 573/1 Engine: 4205 Names: 72 Exports: 8 Imports: 12 Game: 801A
Loading SkeletalMesh3 040273_JinF from package 00043020.upk
Loading package: 00043022.upk Ver: 573/1 Engine: 4205 Names: 100 Exports: 2 Imports: 28 Game: 801A
Loading SkeletalMeshSocket SkeletalMeshSocket_144 from package 00043020.upk
WARNING: ObjectProperty "USkeletalMeshSocket::DependencyParticleSystem" was not found
WARNING: BoolProperty "USkeletalMeshSocket::bParticleAttachPosOnly" was not found
Loading SkeletalMeshSocket SkeletalMeshSocket_145 from package 00043020.upk
WARNING: ObjectProperty "USkeletalMeshSocket::DependencyParticleSystem" was not found
WARNING: BoolProperty "USkeletalMeshSocket::bParticleAttachPosOnly" was not found
Loading SkeletalMeshSocket SkeletalMeshSocket_146 from package 00043020.upk
WARNING: ObjectProperty "USkeletalMeshSocket::DependencyParticleSystem" was not found
WARNING: BoolProperty "USkeletalMeshSocket::bParticleAttachPosOnly" was not found
Loading MaterialInstanceConstant col1 from package 00043022.upk
Loading package: 00007212.upk Ver: 573/1 Engine: 4205 Names: 32 Exports: 4 Imports: 2 Game: 801A
Loading package: 00002640.upk Ver: 573/1 Engine: 4205 Names: 291 Exports: 507 Imports: 3 Game: 801A
Loading package: 00002620.upk Ver: 573/1 Engine: 4205 Names: 576 Exports: 7687 Imports: 96 Game: 801A
Loading MaterialInstanceConstant col1_1 from package 00043022.upk
Loading package: 00043017.upk Ver: 573/1 Engine: 4205 Names: 31 Exports: 4 Imports: 2 Game: 801A
Loading Texture2D Diffuse from package 00007212.upk
Loading Texture2D Specular from package 00007212.upk
Loading Texture2D Normal from package 00007212.upk
Loading Texture2D Mask from package 00007212.upk
Loading TextureCube cube_orb from package 00002640.upk
Loading Texture2D check from package 00002620.upk
Loading Material3 Hair_Ac from package 00002620.upk
Loading package: 00012963.upk Ver: 573/1 Engine: 4205 Names: 1386 Exports: 1362 Imports: 10 Game: 801A
Loading Texture2D 040273_JinM_col1_N from package 00043017.upk
Loading Texture2D 040273_JinM_col1_M from package 00043017.upk
Loading Texture2D 040273_JinM_col1_D from package 00043017.upk
Loading Texture2D 040273_JinM_col1_S from package 00043017.upk
Loading TextureCube lenscube from package 00002640.upk
Loading Material3 Basic_local_reflect from package 00002620.upk
Loading Texture2D CubemapFace0 from package 00002640.upk
Loading Texture2D CubemapFace1 from package 00002640.upk
Loading Texture2D CubemapFace2 from package 00002640.upk
Loading Texture2D CubemapFace3 from package 00002640.upk
Loading Texture2D CubemapFace4 from package 00002640.upk
Loading Texture2D CubemapFace5 from package 00002640.upk
Loading Texture2D check_n from package 00002620.upk
Loading Texture2D Noise_Glass_000 from package 00012963.upk
Loading Texture2D Smoke_Pattern_000 from package 00012963.upk
Loading Texture2D Smoke_Pattern_001 from package 00012963.upk
Loading Texture2D Gradient_Wipe_BurnOut_Mask_TEST from package 00012963.upk
Loading Texture2D Gradient_Wipe_BurnOut_Mask from package 00012963.upk
Loading Texture2D Gradient_Line_003 from package 00012963.upk
Loading Texture2D CubemapFace0 from package 00002640.upk
Loading Texture2D CubemapFace1 from package 00002640.upk
Loading Texture2D CubemapFace2 from package 00002640.upk
Loading Texture2D CubemapFace3 from package 00002640.upk
Loading Texture2D CubemapFace4 from package 00002640.upk
Loading Texture2D CubemapFace5 from package 00002640.upk
Loaded in 0.21 sec, 3360 allocs, 1.96 MBytes serialized in 246069 calls.

Object info:
============
ClassName: SkeletalMesh3 ObjectName: 040273_JinF

    LODInfo[1] =
    {
        LODInfo[0] =
        {
            DisplayFactor = 0
            LODHysteresis = 0.02
            LODMaterialMap[0] = {}
            bEnableShadowCasting[2] = { true, true }
        }
    }
    Sockets[3] =
    {
        Sockets[0] = SkeletalMeshSocket'040273_JinF.SkeletalMeshSocket_144'
        Sockets[1] = SkeletalMeshSocket'040273_JinF.SkeletalMeshSocket_145'
        Sockets[2] = SkeletalMeshSocket'040273_JinF.SkeletalMeshSocket_146'
    }
    bHasVertexColors = false
    EnableTwistBoneFixers = true
    EnableClavicleFixer = true
    Materials[2] = { MaterialInstanceConstant'col1', MaterialInstanceConstant'col1_1' }


    Lods[1] =
    {
        Lods[0] =
        {
            Sections[2] =
            {
                Sections[0] = { Material=MaterialInstanceConstant'col1', FirstIndex=0, NumFaces=494 }
                Sections[1] = { Material=MaterialInstanceConstant'col1_1', FirstIndex=1482, NumFaces=1986 }
            }
            NumVerts = 1760
            IndexCount = 7440
            NumTexCoords = 1
        }
    }
    LodCount = 1
    MeshOrigin = { X=-0, Y=-0, Z=-0 }
    MeshScale = { X=1, Y=1, Z=1 }
    RotOrigin = { Yaw=0, Pitch=0, Roll=0 }
    BoneCount = 9

Object info:
============
ClassName: SkeletalMeshSocket ObjectName: SkeletalMeshSocket_144

    SocketName = CandleLight1
    BoneName = Bip01Head
    RelativeLocation = { X=13.5, Y=4.3, Z=0 }
    RelativeRotation = { Yaw=0, Pitch=0, Roll=0 }
    RelativeScale = { X=1, Y=1, Z=1 }

Object info:
============
ClassName: SkeletalMeshSocket ObjectName: SkeletalMeshSocket_145

    SocketName = CandleLight2
    BoneName = Bip01Head
    RelativeLocation = { X=14, Y=2.5, Z=1.1 }
    RelativeRotation = { Yaw=0, Pitch=0, Roll=0 }
    RelativeScale = { X=1, Y=1, Z=1 }

Object info:
============
ClassName: SkeletalMeshSocket ObjectName: SkeletalMeshSocket_146

    SocketName = CandleLight3
    BoneName = Bip01Head
    RelativeLocation = { X=14, Y=2, Z=-1.2 }
    RelativeRotation = { Yaw=0, Pitch=0, Roll=0 }
    RelativeScale = { X=1, Y=1, Z=1 }
