Found 32768 game files (1766 skipped)
Loading package: 00044451.upk Ver: 573/1 Engine: 4205 Names: 23 Exports: 3 Imports: 2 Game: 801A
Loading Texture2D 990225_AnthroEnt_col2_E from package 00044451.upk
Loading Texture2D 990242_AnthroEnt_col1_D from package 00044451.upk
Loading Texture2D 990242_AnthroEnt_col1_S from package 00044451.upk
Loaded in 0.023 sec, 137 allocs, 0.51 MBytes serialized in 742 calls.

Object info:
============
ClassName: Texture2D ObjectName: 990225_AnthroEnt_col2_E

    SizeX = 512
    SizeY = 512
    Format = PF_DXT1 (5)
    AddressX = TA_Wrap (0)
    AddressY = TA_Wrap (0)
    TextureFileCacheName = None
    MipTailBaseIdx = 9
    bForcePVRTC4 = false
    UnpackMin[4] = { 0, 0, 0, 0 }
    UnpackMax[4] = { 1, 1, 1, 1 }

Object info:
============
ClassName: Texture2D ObjectName: 990242_AnthroEnt_col1_D

    SizeX = 1024
    SizeY = 1024
    Format = PF_DXT1 (5)
    AddressX = TA_Wrap (0)
    AddressY = TA_Wrap (0)
    TextureFileCacheName = None
    MipTailBaseIdx = 10
    bForcePVRTC4 = false
    UnpackMin[4] = { 0, 0, 0, 0 }
    UnpackMax[4] = { 1, 1, 1, 1 }

Object info:
============
ClassName: Texture2D ObjectName: 990242_AnthroEnt_col1_S

    SizeX = 1024
    SizeY = 1024
    Format = PF_DXT1 (5)
    AddressX = TA_Wrap (0)
    AddressY = TA_Wrap (0)
    TextureFileCacheName = None
    MipTailBaseIdx = 10
    bForcePVRTC4 = false
    UnpackMin[4] = { 0, 0, 0, 0 }
    UnpackMax[4] = { 1, 1, 1, 1 }
