Found 32768 game files (1766 skipped)
Loading package: 00044781.upk Ver: 573/1 Engine: 4205 Names: 145 Exports: 137 Imports: 14 Game: 801A
Loading SkeletalMesh3 090143_GonF from package 00044781.upk
Loading package: 00044783.upk Ver: 573/1 Engine: 4205 Names: 94 Exports: 2 Imports: 23 Game: 801A
Loading MaterialInstanceConstant col1 from package 00044783.upk
Loading package: 00043660.upk Ver: 573/1 Engine: 4205 Names: 45 Exports: 16 Imports: 4 Game: 801A
Loading package: 00002640.upk Ver: 573/1 Engine: 4205 Names: 291 Exports: 507 Imports: 3 Game: 801A
Loading package: 00002620.upk Ver: 573/1 Engine: 4205 Names: 576 Exports: 7687 Imports: 96 Game: 801A
Loading MaterialInstanceConstant col1_acc from package 00044783.upk
Loading Texture2D 090143_JinF_col1_N from package 00043660.upk
Loading Texture2D 090143_JinF_col1_M from package 00043660.upk
Loading Texture2D 090143_JinF_col1_D from package 00043660.upk
Loading Texture2D 090143_JinF_col1_S from package 00043660.upk
Loading TextureCube lenscube_a from package 00002640.upk
Loading Material3 Basic from package 00002620.upk
Loading package: 00012963.upk Ver: 573/1 Engine: 4205 Names: 1386 Exports: 1362 Imports: 10 Game: 801A
Loading Texture2D 090105_JinF_col1_N from package 00043660.upk
Loading Texture2D 090105_JinF_col1_M from package 00043660.upk
Loading Texture2D 090105_JinF_col1_D from package 00043660.upk
Loading Texture2D 090105_JinF_col1_S from package 00043660.upk
Loading Texture2D CubemapFace0 from package 00002640.upk
Loading Texture2D CubemapFace1 from package 00002640.upk
Loading Texture2D CubemapFace2 from package 00002640.upk
Loading Texture2D CubemapFace3 from package 00002640.upk
Loading Texture2D CubemapFace4 from package 00002640.upk
Loading Texture2D CubemapFace5 from package 00002640.upk
Loading Texture2D check_n from package 00002620.upk
Loading Texture2D check from package 00002620.upk
Loading Texture2D Smoke_Pattern_001 from package 00012963.upk
Loading Texture2D Gradient_Line_003 from package 00012963.upk
Loading Texture2D Gradient_Wipe_BurnOut_Mask_TEST from package 00012963.upk
Loading Texture2D Gradient_Wipe_BurnOut_Mask from package 00012963.upk
Loaded in 0.17 sec, 3186 allocs, 2.56 MBytes serialized in 303658 calls.

Object info:
============
ClassName: SkeletalMesh3 ObjectName: 090143_GonF

    LODInfo[1] =
    {
        LODInfo[0] =
        {
            DisplayFactor = 0
            LODHysteresis = 0.02
            LODMaterialMap[0] = {}
            bEnableShadowCasting[2] = { true, true }
        }
    }
    Sockets[0] = {}
    bHasVertexColors = false
    EnableTwistBoneFixers = true
    EnableClavicleFixer = true
    Materials[2] = { MaterialInstanceConstant'col1', MaterialInstanceConstant'col1_acc' }


    Lods[1] =
    {
        Lods[0] =
        {
            Sections[2] =
            {
                Sections[0] = { Material=MaterialInstanceConstant'col1_acc', FirstIndex=0, NumFaces=995 }
                Sections[1] = { Material=MaterialInstanceConstant'col1', FirstIndex=2985, NumFaces=2198 }
            }
            NumVerts = 2977
            IndexCount = 9579
            NumTexCoords = 1
        }
    }
    LodCount = 1
    MeshOrigin = { X=-0, Y=-0, Z=-0 }
    MeshScale = { X=1, Y=1, Z=1 }
    RotOrigin = { Yaw=0, Pitch=0, Roll=0 }
    BoneCount = 53
