Found 32768 game files (1766 skipped)
Loading package: 00047659.upk Ver: 573/1 Engine: 4205 Names: 94 Exports: 22 Imports: 14 Game: 801A
Loading SkeletalMesh3 990298_Autoscale from package 00047659.upk
WARNING: ObjectProperty "USkeletalMesh3::PhysMaterialOverride" was not found
Loading package: 00047661.upk Ver: 573/1 Engine: 4205 Names: 179 Exports: 155 Imports: 48 Game: 801A
Loading SkeletalMeshSocket SkeletalMeshSocket_104 from package 00047659.upk
Loading SkeletalMeshSocket SkeletalMeshSocket_105 from package 00047659.upk
Loading SkeletalMeshSocket SkeletalMeshSocket_106 from package 00047659.upk
Loading SkeletalMeshSocket SkeletalMeshSocket_143 from package 00047659.upk
Loading SkeletalMeshSocket SkeletalMeshSocket_144 from package 00047659.upk
Loading MaterialInstanceConstant col1 from package 00047661.upk
Loading package: 00047660.upk Ver: 573/1 Engine: 4205 Names: 34 Exports: 6 Imports: 2 Game: 801A
Loading package: 00002640.upk Ver: 573/1 Engine: 4205 Names: 291 Exports: 507 Imports: 3 Game: 801A
Loading Texture2D 990298_Autoscale_col1_N from package 00047660.upk
Loading Texture2D 990298_Autoscale_col1_M from package 00047660.upk
Loading Texture2D 990298_Autoscale_col1_D from package 00047660.upk
Loading Texture2D 990298_Autoscale_col1_S from package 00047660.upk
Loading TextureCube cube_orb2 from package 00002640.upk
Loading Texture2D 990298_Autoscale_col1_E from package 00047660.upk
Loading Texture2D 990298_Autoscale_col1_fx from package 00047660.upk
Loading Material3 Basic_FX from package 00047661.upk
Loading package: 00002620.upk Ver: 573/1 Engine: 4205 Names: 576 Exports: 7687 Imports: 96 Game: 801A
Loading package: 00012963.upk Ver: 573/1 Engine: 4205 Names: 1386 Exports: 1362 Imports: 10 Game: 801A
Loading Texture2D CubemapFace0 from package 00002640.upk
Loading Texture2D CubemapFace1 from package 00002640.upk
Loading Texture2D CubemapFace2 from package 00002640.upk
Loading Texture2D CubemapFace3 from package 00002640.upk
Loading Texture2D CubemapFace4 from package 00002640.upk
Loading Texture2D CubemapFace5 from package 00002640.upk
Loading Texture2D check_n from package 00002620.upk
Loading Texture2D check from package 00002620.upk
Loading Texture2D Smoke_Pattern_001 from package 00012963.upk
Loading Texture2D Gradient_Line_003 from package 00012963.upk
Loading Texture2D Gradient_Wipe_BurnOut_Mask_TEST from package 00012963.upk
Loading Texture2D Gradient_Wipe_BurnOut_Mask from package 00012963.upk
Loaded in 0.16 sec, 3149 allocs, 1.54 MBytes serialized in 272901 calls.

Object info:
============
ClassName: SkeletalMesh3 ObjectName: 990298_Autoscale

    LODInfo[1] =
    {
        LODInfo[0] =
        {
            DisplayFactor = 0
            LODHysteresis = 0.02
            LODMaterialMap[0] = {}
            bEnableShadowCasting[1] = { true }
        }
    }
    Sockets[5] =
    {
        Sockets[0] = SkeletalMeshSocket'990298_Autoscale.SkeletalMeshSocket_143'
        Sockets[1] = SkeletalMeshSocket'990298_Autoscale.SkeletalMeshSocket_144'
        Sockets[2] = SkeletalMeshSocket'990298_Autoscale.SkeletalMeshSocket_104'
        Sockets[3] = SkeletalMeshSocket'990298_Autoscale.SkeletalMeshSocket_105'
        Sockets[4] = SkeletalMeshSocket'990298_Autoscale.SkeletalMeshSocket_106'
    }
    bHasVertexColors = false
    EnableTwistBoneFixers = true
    EnableClavicleFixer = true
    Materials[1] = { MaterialInstanceConstant'col1' }


    Lods[1] =
    {
        Lods[0] =
        {
            Sections[1] =
            {
                Sections[0] = { Material=MaterialInstanceConstant'col1', FirstIndex=0, NumFaces=2990 }
            }
            NumVerts = 2712
            IndexCount = 8970
            NumTexCoords = 1
        }
    }
    LodCount = 1
    MeshOrigin = { X=-0, Y=-0, Z=-0 }
    MeshScale = { X=1, Y=1, Z=1 }
    RotOrigin = { Yaw=0, Pitch=0, Roll=0 }
    BoneCount = 5

Object info:
============
ClassName: SkeletalMeshSocket ObjectName: SkeletalMeshSocket_104

    SocketName = trail_start2
    BoneName = Bone01
    RelativeLocation = { X=152.5, Y=0, Z=0 }
    RelativeRotation = { Yaw=0, Pitch=0, Roll=0 }
    RelativeScale = { X=1, Y=1, Z=1 }

Object info:
============
ClassName: SkeletalMeshSocket ObjectName: SkeletalMeshSocket_105

    SocketName = trail_end2
    BoneName = Bone01
    RelativeLocation = { X=314.75, Y=0, Z=0 }
    RelativeRotation = { Yaw=0, Pitch=0, Roll=0 }
    RelativeScale = { X=1, Y=1, Z=1 }

Object info:
============
ClassName: SkeletalMeshSocket ObjectName: SkeletalMeshSocket_106

    SocketName = Core
    BoneName = Bone01
    RelativeLocation = { X=115, Y=0, Z=0 }
    RelativeRotation = { Yaw=0, Pitch=0, Roll=0 }
    RelativeScale = { X=1, Y=1, Z=1 }

Object info:
============
ClassName: SkeletalMeshSocket ObjectName: SkeletalMeshSocket_143

    SocketName = trail_start
    BoneName = Bone01
    RelativeLocation = { X=84.75, Y=0, Z=0 }
    RelativeRotation = { Yaw=0, Pitch=0, Roll=0 }
    RelativeScale = { X=1, Y=1, Z=1 }

Object info:
============
ClassName: SkeletalMeshSocket ObjectName: SkeletalMeshSocket_144

    SocketName = trail_end
    BoneName = Bone01
    RelativeLocation = { X=300.5, Y=0, Z=0 }
    RelativeRotation = { Yaw=0, Pitch=0, Roll=0 }
    RelativeScale = { X=1, Y=1, Z=1 }
