Found 32768 game files (1766 skipped)
Loading package: 00047459.upk Ver: 573/1 Engine: 4205 Names: 100 Exports: 25 Imports: 14 Game: 801A
Loading SkeletalMesh3 040152_GonM from package 00047459.upk
Loading package: 00047458.upk Ver: 573/1 Engine: 4205 Names: 157 Exports: 3 Imports: 30 Game: 801A
Loading MaterialInstanceConstant col1 from package 00047458.upk
Loading package: 00008822.upk Ver: 573/1 Engine: 4205 Names: 29 Exports: 2 Imports: 2 Game: 801A
Loading package: 00002620.upk Ver: 573/1 Engine: 4205 Names: 576 Exports: 7687 Imports: 96 Game: 801A
Loading MaterialInstanceConstant Col_Hair_Acc from package 00047458.upk
Loading package: 00047452.upk Ver: 573/1 Engine: 4205 Names: 32 Exports: 4 Imports: 2 Game: 801A
Loading package: 00002640.upk Ver: 573/1 Engine: 4205 Names: 291 Exports: 507 Imports: 3 Game: 801A
Loading MaterialInstanceConstant Col_lens from package 00047458.upk
Loading Texture2D JinM_016_col1_d from package 00008822.upk
Loading Texture2D JinM_016_col1_n from package 00008822.upk
Loading Material3 Beard_Ac from package 00002620.upk
Loading package: 00012963.upk Ver: 573/1 Engine: 4205 Names: 1386 Exports: 1362 Imports: 10 Game: 801A
Loading package: 00008613.upk Ver: 573/1 Engine: 4205 Names: 95 Exports: 6 Imports: 12 Game: 801A
Loading Texture2D 040152_JinF_col1_N from package 00047452.upk
Loading TextureCube lenscube_a from package 00002640.upk
Loading Texture2D check from package 00002620.upk
Loading Texture2D 040152_JinF_col1_S from package 00047452.upk
Loading Texture2D 040152_JinF_col1_M from package 00047452.upk
Loading Texture2D 040152_JinF_col1_D from package 00047452.upk
Loading Material3 Moonpa_Body from package 00002620.upk
Loading package: 00025178.upk Ver: 573/1 Engine: 4205 Names: 76 Exports: 46 Imports: 2 Game: 801A
Loading TextureCube mirror2 from package 00002640.upk
Loading TextureCube eye_s from package 00002640.upk
Loading Material3 Lens from package 00002620.upk
Loading Texture2D check_n from package 00002620.upk
Loading Texture2D Noise_Glass_000 from package 00012963.upk
Loading Texture2D Smoke_Pattern_001 from package 00012963.upk
Loading Texture2D Gradient_Wipe_BurnOut_Mask_TEST from package 00012963.upk
Loading Texture2D Gradient_Wipe_BurnOut_Mask from package 00012963.upk
Loading Texture2D Gradient_Line_003 from package 00012963.upk
Loading Texture2D Nothing_A from package 00008613.upk
Loading Texture2D CubemapFace0 from package 00002640.upk
Loading Texture2D CubemapFace1 from package 00002640.upk
Loading Texture2D CubemapFace2 from package 00002640.upk
Loading Texture2D CubemapFace3 from package 00002640.upk
Loading Texture2D CubemapFace4 from package 00002640.upk
Loading Texture2D CubemapFace5 from package 00002640.upk
Loading Texture2D Mask_Default from package 00025178.upk
Loading Texture2D CubemapFace0 from package 00002640.upk
Loading Texture2D CubemapFace1 from package 00002640.upk
Loading Texture2D CubemapFace2 from package 00002640.upk
Loading Texture2D CubemapFace3 from package 00002640.upk
Loading Texture2D CubemapFace4 from package 00002640.upk
Loading Texture2D CubemapFace5 from package 00002640.upk
Loading Texture2D CubemapFace0 from package 00002640.upk
Loading Texture2D CubemapFace1 from package 00002640.upk
Loading Texture2D CubemapFace2 from package 00002640.upk
Loading Texture2D CubemapFace3 from package 00002640.upk
Loading Texture2D CubemapFace4 from package 00002640.upk
Loading Texture2D CubemapFace5 from package 00002640.upk
Loaded in 0.25 sec, 3721 allocs, 1.70 MBytes serialized in 243143 calls.

Object info:
============
ClassName: SkeletalMesh3 ObjectName: 040152_GonM

    LODInfo[1] =
    {
        LODInfo[0] =
        {
            DisplayFactor = 0
            LODHysteresis = 0.02
            LODMaterialMap[0] = {}
            bEnableShadowCasting[3] = { true, true, true }
        }
    }
    Sockets[0] = {}
    bHasVertexColors = false
    EnableTwistBoneFixers = true
    EnableClavicleFixer = true
    Materials[3] =
    {
        Materials[0] = MaterialInstanceConstant'col1'
        Materials[1] = MaterialInstanceConstant'Col_Hair_Acc'
        Materials[2] = MaterialInstanceConstant'Col_lens'
    }


    Lods[1] =
    {
        Lods[0] =
        {
            Sections[3] =
            {
                Sections[0] = { Material=MaterialInstanceConstant'Col_Hair_Acc', FirstIndex=0, NumFaces=1120 }
                Sections[1] = { Material=MaterialInstanceConstant'col1', FirstIndex=3360, NumFaces=579 }
                Sections[2] = { Material=MaterialInstanceConstant'Col_lens', FirstIndex=5097, NumFaces=40 }
            }
            NumVerts = 1531
            IndexCount = 5217
            NumTexCoords = 1
        }
    }
    LodCount = 1
    MeshOrigin = { X=-0, Y=-0, Z=-0 }
    MeshScale = { X=1, Y=1, Z=1 }
    RotOrigin = { Yaw=0, Pitch=0, Roll=0 }
    BoneCount = 13
