Found 32768 game files (1766 skipped)
Loading package: 00045923.upk Ver: 573/1 Engine: 4205 Names: 262 Exports: 172 Imports: 67 Game: 801A
Loading SkeletalMesh3 WoodenElfEvolve from package 00045923.upk
WARNING: FloatProperty "USkeletalMesh3::AnimNameHeight" was not found
WARNING: FloatProperty "USkeletalMesh3::NormalNameHeight" was not found
WARNING: FloatProperty "USkeletalMesh3::LowNameHeight" was not found
WARNING: ByteProperty "USkeletalMesh3::ItemPreviewLocType" was not found
Loading package: 00045925.upk Ver: 573/1 Engine: 4205 Names: 90 Exports: 1 Imports: 21 Game: 801A
Loading SkeletalMeshSocket SkeletalMeshSocket_51 from package 00045923.upk
WARNING: ObjectProperty "USkeletalMeshSocket::DependencyParticleSystem" was not found
Loading MaterialInstanceConstant col1 from package 00045925.upk
Loading package: 00045920.upk Ver: 573/1 Engine: 4205 Names: 28 Exports: 4 Imports: 2 Game: 801A
Loading package: 00045924.upk Ver: 573/1 Engine: 4205 Names: 24 Exports: 3 Imports: 2 Game: 801A
Loading package: 00002640.upk Ver: 573/1 Engine: 4205 Names: 291 Exports: 507 Imports: 3 Game: 801A
Loading package: 00002620.upk Ver: 573/1 Engine: 4205 Names: 576 Exports: 7687 Imports: 96 Game: 801A
Loading Texture2D WoodenElf_col1_N from package 00045920.upk
Loading Texture2D WoodenElf_col1_M from package 00045920.upk
Loading Texture2D WoodenElfEvolve_col1_D from package 00045924.upk
Loading Texture2D WoodenElfEvolve_col1_S from package 00045924.upk
Loading TextureCube Cube_D from package 00002640.upk
Loading Texture2D WoodenElfEvolve_col1_E from package 00045924.upk
Loading Material3 Basic_view_reflect from package 00002620.upk
Loading package: 00012963.upk Ver: 573/1 Engine: 4205 Names: 1386 Exports: 1362 Imports: 10 Game: 801A
Loading Texture2D CubemapFace0 from package 00002640.upk
Loading Texture2D CubemapFace1 from package 00002640.upk
Loading Texture2D CubemapFace2 from package 00002640.upk
Loading Texture2D CubemapFace3 from package 00002640.upk
Loading Texture2D CubemapFace4 from package 00002640.upk
Loading Texture2D CubemapFace5 from package 00002640.upk
Loading Texture2D check_n from package 00002620.upk
Loading Texture2D Noise_Glass_000 from package 00012963.upk
Loading Texture2D Smoke_Pattern_001 from package 00012963.upk
Loading Texture2D Gradient_Wipe_BurnOut_Mask_TEST from package 00012963.upk
Loading Texture2D Gradient_Wipe_BurnOut_Mask from package 00012963.upk
Loading Texture2D check from package 00002620.upk
Loading Texture2D Gradient_Line_003 from package 00012963.upk
Loaded in 0.15 sec, 3217 allocs, 1.60 MBytes serialized in 309742 calls.

Object info:
============
ClassName: SkeletalMesh3 ObjectName: WoodenElfEvolve

    LODInfo[1] =
    {
        LODInfo[0] =
        {
            DisplayFactor = 0
            LODHysteresis = 0.02
            LODMaterialMap[0] = {}
            bEnableShadowCasting[1] = { true }
        }
    }
    Sockets[1] = { SkeletalMeshSocket'WoodenElfEvolve.SkeletalMeshSocket_51' }
    bHasVertexColors = false
    EnableTwistBoneFixers = true
    EnableClavicleFixer = true
    Materials[1] = { MaterialInstanceConstant'col1' }


    Lods[1] =
    {
        Lods[0] =
        {
            Sections[1] =
            {
                Sections[0] = { Material=MaterialInstanceConstant'col1', FirstIndex=0, NumFaces=4620 }
            }
            NumVerts = 3155
            IndexCount = 13860
            NumTexCoords = 1
        }
    }
    LodCount = 1
    MeshOrigin = { X=-0, Y=-0, Z=-0 }
    MeshScale = { X=1, Y=1, Z=1 }
    RotOrigin = { Yaw=0, Pitch=0, Roll=0 }
    BoneCount = 42

Object info:
============
ClassName: SkeletalMeshSocket ObjectName: SkeletalMeshSocket_51

    SocketName = FX_Add
    BoneName = Bip01-Ponytail12
    RelativeLocation = { X=0, Y=0, Z=0 }
    RelativeRotation = { Yaw=32768, Pitch=16384, Roll=0 }
    RelativeScale = { X=1, Y=1, Z=1 }
