Found 32768 game files (1766 skipped)
Loading package: 00044547.upk Ver: 573/1 Engine: 4205 Names: 133 Exports: 124 Imports: 16 Game: 801A
Loading SkeletalMesh3 040279_GonF from package 00044547.upk
Loading package: 00044551.upk Ver: 573/1 Engine: 4205 Names: 121 Exports: 2 Imports: 30 Game: 801A
Loading SkeletalMeshSocket SkeletalMeshSocket_804 from package 00044547.upk
Loading SkeletalMeshSocket SkeletalMeshSocket_805 from package 00044547.upk
Loading MaterialInstanceConstant col1 from package 00044551.upk
Loading package: 00036021.upk Ver: 573/1 Engine: 4205 Names: 32 Exports: 4 Imports: 2 Game: 801A
Loading package: 00008613.upk Ver: 573/1 Engine: 4205 Names: 95 Exports: 6 Imports: 12 Game: 801A
Loading package: 00002620.upk Ver: 573/1 Engine: 4205 Names: 576 Exports: 7687 Imports: 96 Game: 801A
Loading MaterialInstanceConstant col2 from package 00044551.upk
Loading package: 00044542.upk Ver: 573/1 Engine: 4205 Names: 32 Exports: 4 Imports: 2 Game: 801A
Loading package: 00002640.upk Ver: 573/1 Engine: 4205 Names: 291 Exports: 507 Imports: 3 Game: 801A
Loading package: 00044550.upk Ver: 573/1 Engine: 4205 Names: 213 Exports: 236 Imports: 59 Game: 801A
Loading package: 00012963.upk Ver: 573/1 Engine: 4205 Names: 1386 Exports: 1362 Imports: 10 Game: 801A
Loading Texture2D Hair_108_JinF_col1_D from package 00036021.upk
Loading Texture2D Hair_108_JinF_col1_N from package 00036021.upk
Loading Texture2D Nothing_A from package 00008613.upk
Loading Material3 Beard_Ac from package 00002620.upk
Loading Texture2D 040279_JinF_col1_N from package 00044542.upk
Loading Texture2D 040279_JinF_col1_M from package 00044542.upk
Loading Texture2D 040279_JinF_col1_D from package 00044542.upk
Loading Texture2D 040279_JinF_col1_S from package 00044542.upk
Loading TextureCube lenscube from package 00002640.upk
Loading Texture2D check from package 00002620.upk
Loading Texture2D 040279_FX from package 00044550.upk
Loading Texture2D Noise_005 from package 00012963.upk
Loading Material3 body_FX from package 00044550.upk
Loading Texture2D check_n from package 00002620.upk
Loading Texture2D Noise_Glass_000 from package 00012963.upk
Loading Texture2D Smoke_Pattern_001 from package 00012963.upk
Loading Texture2D Gradient_Wipe_BurnOut_Mask_TEST from package 00012963.upk
Loading Texture2D Gradient_Wipe_BurnOut_Mask from package 00012963.upk
Loading Texture2D Gradient_Line_003 from package 00012963.upk
Loading Texture2D CubemapFace0 from package 00002640.upk
Loading Texture2D CubemapFace1 from package 00002640.upk
Loading Texture2D CubemapFace2 from package 00002640.upk
Loading Texture2D CubemapFace3 from package 00002640.upk
Loading Texture2D CubemapFace4 from package 00002640.upk
Loading Texture2D CubemapFace5 from package 00002640.upk
Loading Texture2D Noise_Wave_000 from package 00012963.upk
Loaded in 0.19 sec, 3619 allocs, 2.73 MBytes serialized in 386120 calls.

Object info:
============
ClassName: SkeletalMesh3 ObjectName: 040279_GonF

    LODInfo[1] =
    {
        LODInfo[0] =
        {
            DisplayFactor = 0
            LODHysteresis = 0.02
            LODMaterialMap[0] = {}
            bEnableShadowCasting[2] = { true, true }
        }
    }
    Sockets[2] =
    {
        Sockets[0] = SkeletalMeshSocket'040279_GonF.SkeletalMeshSocket_804'
        Sockets[1] = SkeletalMeshSocket'040279_GonF.SkeletalMeshSocket_805'
    }
    bHasVertexColors = false
    EnableTwistBoneFixers = true
    EnableClavicleFixer = true
    Materials[2] = { MaterialInstanceConstant'col1', MaterialInstanceConstant'col2' }


    Lods[1] =
    {
        Lods[0] =
        {
            Sections[2] =
            {
                Sections[0] = { Material=MaterialInstanceConstant'col2', FirstIndex=0, NumFaces=5012 }
                Sections[1] = { Material=MaterialInstanceConstant'col1', FirstIndex=15036, NumFaces=2167 }
            }
            NumVerts = 5558
            IndexCount = 21537
            NumTexCoords = 1
        }
    }
    LodCount = 1
    MeshOrigin = { X=-0, Y=-0, Z=-0 }
    MeshScale = { X=1, Y=1, Z=1 }
    RotOrigin = { Yaw=0, Pitch=0, Roll=0 }
    BoneCount = 32

Object info:
============
ClassName: SkeletalMeshSocket ObjectName: SkeletalMeshSocket_804

    SocketName = FX_Add_R
    BoneName = Bone_A04_Head_FR01_Root
    RelativeLocation = { X=-1, Y=-1.35819, Z=2.0686 }
    RelativeRotation = { Yaw=36408, Pitch=0, Roll=9102 }
    RelativeScale = { X=1, Y=1, Z=1 }

Object info:
============
ClassName: SkeletalMeshSocket ObjectName: SkeletalMeshSocket_805

    SocketName = FX_Add_L
    BoneName = Bone_A04_Head_FL01_Root
    RelativeLocation = { X=-1, Y=-1.35819, Z=-2.0686 }
    RelativeRotation = { Yaw=0, Pitch=0, Roll=-23665 }
    RelativeScale = { X=1, Y=1, Z=1 }
