Found 32768 game files (1766 skipped)
Loading package: 00044030.upk Ver: 573/1 Engine: 4205 Names: 199 Exports: 359 Imports: 14 Game: 801A
Loading SkeletalMesh3 Flytrap from package 00044030.upk
WARNING: ObjectProperty "USkeletalMesh3::PlaySoundSet" was not found
WARNING: FloatProperty "USkeletalMesh3::AnimNameHeight" was not found
WARNING: FloatProperty "USkeletalMesh3::NormalNameHeight" was not found
WARNING: FloatProperty "USkeletalMesh3::LowNameHeight" was not found
Loading package: 00044032.upk Ver: 573/1 Engine: 4205 Names: 174 Exports: 154 Imports: 48 Game: 801A
Loading SkeletalMeshSocket SkeletalMeshSocket_100 from package 00044030.upk
Loading SkeletalMeshSocket SkeletalMeshSocket_102 from package 00044030.upk
Loading SkeletalMeshSocket SkeletalMeshSocket_103 from package 00044030.upk
Loading SkeletalMeshSocket SkeletalMeshSocket_104 from package 00044030.upk
Loading SkeletalMeshSocket SkeletalMeshSocket_105 from package 00044030.upk
Loading SkeletalMeshSocket SkeletalMeshSocket_106 from package 00044030.upk
Loading MaterialInstanceConstant col1 from package 00044032.upk
Loading package: 00044031.upk Ver: 573/1 Engine: 4205 Names: 33 Exports: 6 Imports: 2 Game: 801A
Loading package: 00002640.upk Ver: 573/1 Engine: 4205 Names: 291 Exports: 507 Imports: 3 Game: 801A
Loading Texture2D Flytrap_col1_N from package 00044031.upk
Loading Texture2D Flytrap_col1_M from package 00044031.upk
Loading Texture2D Flytrap_col1_D from package 00044031.upk
Loading Texture2D Flytrap_col1_S from package 00044031.upk
Loading TextureCube Cube_cr from package 00002640.upk
Loading Texture2D Flytrap_col1_E from package 00044031.upk
Loading Texture2D Flytrap_col1_FX from package 00044031.upk
Loading Material3 Basic_FX from package 00044032.upk
Loading package: 00002620.upk Ver: 573/1 Engine: 4205 Names: 576 Exports: 7687 Imports: 96 Game: 801A
Loading package: 00012963.upk Ver: 573/1 Engine: 4205 Names: 1386 Exports: 1362 Imports: 10 Game: 801A
Loading Texture2D CubemapFace0 from package 00002640.upk
Loading Texture2D CubemapFace1 from package 00002640.upk
Loading Texture2D CubemapFace2 from package 00002640.upk
Loading Texture2D CubemapFace3 from package 00002640.upk
Loading Texture2D CubemapFace4 from package 00002640.upk
Loading Texture2D CubemapFace5 from package 00002640.upk
Loading Texture2D check_n from package 00002620.upk
Loading Texture2D check from package 00002620.upk
Loading Texture2D Smoke_Pattern_001 from package 00012963.upk
Loading Texture2D Sparkle_005 from package 00012963.upk
Loading Texture2D Gradient_Line_003 from package 00012963.upk
Loading Texture2D Gradient_Wipe_BurnOut_Mask_TEST from package 00012963.upk
Loading Texture2D Gradient_Wipe_BurnOut_Mask from package 00012963.upk
Loaded in 0.24 sec, 3284 allocs, 6.65 MBytes serialized in 566313 calls.

Object info:
============
ClassName: SkeletalMesh3 ObjectName: Flytrap

    LODInfo[1] =
    {
        LODInfo[0] =
        {
            DisplayFactor = 0
            LODHysteresis = 0.02
            LODMaterialMap[0] = {}
            bEnableShadowCasting[2] = { true, true }
        }
    }
    Sockets[6] =
    {
        Sockets[0] = SkeletalMeshSocket'Flytrap.SkeletalMeshSocket_100'
        Sockets[1] = SkeletalMeshSocket'Flytrap.SkeletalMeshSocket_103'
        Sockets[2] = SkeletalMeshSocket'Flytrap.SkeletalMeshSocket_102'
        Sockets[3] = SkeletalMeshSocket'Flytrap.SkeletalMeshSocket_104'
        Sockets[4] = SkeletalMeshSocket'Flytrap.SkeletalMeshSocket_105'
        Sockets[5] = SkeletalMeshSocket'Flytrap.SkeletalMeshSocket_106'
    }
    bHasVertexColors = false
    EnableTwistBoneFixers = true
    EnableClavicleFixer = true
    Materials[1] = { MaterialInstanceConstant'col1' }


    Lods[1] =
    {
        Lods[0] =
        {
            Sections[2] =
            {
                Sections[0] = { Material=MaterialInstanceConstant'col1', FirstIndex=0, NumFaces=3459 }
                Sections[1] = { Material=MaterialInstanceConstant'col1', FirstIndex=10377, NumFaces=9301 }
            }
            NumVerts = 10915
            IndexCount = 38280
            NumTexCoords = 1
        }
    }
    LodCount = 1
    MeshOrigin = { X=-0, Y=-0, Z=-0 }
    MeshScale = { X=1, Y=1, Z=1 }
    RotOrigin = { Yaw=0, Pitch=0, Roll=0 }
    BoneCount = 131

Object info:
============
ClassName: SkeletalMeshSocket ObjectName: SkeletalMeshSocket_100

    SocketName = target_high
    BoneName = Bip01Head
    RelativeLocation = { X=15, Y=0, Z=0 }
    RelativeRotation = { Yaw=0, Pitch=0, Roll=0 }
    RelativeScale = { X=1, Y=1, Z=1 }

Object info:
============
ClassName: SkeletalMeshSocket ObjectName: SkeletalMeshSocket_102

    SocketName = FX_TrailL01
    BoneName = Bip01ArmL02_04
    RelativeLocation = { X=36.6165, Y=11.2017, Z=0.0706507 }
    RelativeRotation = { Yaw=-4492, Pitch=0, Roll=15475 }
    RelativeScale = { X=1, Y=1, Z=1 }

Object info:
============
ClassName: SkeletalMeshSocket ObjectName: SkeletalMeshSocket_103

    SocketName = ATTACH_EFFECT
    BoneName = Bip01
    RelativeLocation = { X=0, Y=0, Z=0 }
    RelativeRotation = { Yaw=0, Pitch=0, Roll=0 }
    RelativeScale = { X=1, Y=1, Z=1 }

Object info:
============
ClassName: SkeletalMeshSocket ObjectName: SkeletalMeshSocket_104

    SocketName = FX_TrailL02
    BoneName = Bip01ArmL02_14
    RelativeLocation = { X=36.0316, Y=-10.3305, Z=2.70274 }
    RelativeRotation = { Yaw=5516, Pitch=-1532, Roll=-18216 }
    RelativeScale = { X=1, Y=1, Z=1 }

Object info:
============
ClassName: SkeletalMeshSocket ObjectName: SkeletalMeshSocket_105

    SocketName = FX_TrailR01
    BoneName = Bip01ArmR02_04
    RelativeLocation = { X=38.8866, Y=-10.7846, Z=-2.05922 }
    RelativeRotation = { Yaw=4491, Pitch=898, Roll=-18413 }
    RelativeScale = { X=1, Y=1, Z=1 }

Object info:
============
ClassName: SkeletalMeshSocket ObjectName: SkeletalMeshSocket_106

    SocketName = FX_TrailR02
    BoneName = Bip01ArmR02_14
    RelativeLocation = { X=37.7588, Y=-13.373, Z=-1.22683 }
    RelativeRotation = { Yaw=6145, Pitch=782, Roll=-17831 }
    RelativeScale = { X=1, Y=1, Z=1 }
