Found 32768 game files (1766 skipped)
Loading package: 00044674.upk Ver: 573/1 Engine: 4205 Names: 122 Exports: 71 Imports: 14 Game: 801A
Loading SkeletalMesh3 040279_GonM from package 00044674.upk
Loading package: 00044676.upk Ver: 573/1 Engine: 4205 Names: 121 Exports: 2 Imports: 31 Game: 801A
Loading SkeletalMeshSocket SkeletalMeshSocket_800 from package 00044674.upk
Loading SkeletalMeshSocket SkeletalMeshSocket_801 from package 00044674.upk
Loading MaterialInstanceConstant col1 from package 00044676.upk
Loading package: 00044675.upk Ver: 573/1 Engine: 4205 Names: 29 Exports: 2 Imports: 2 Game: 801A
Loading package: 00008613.upk Ver: 573/1 Engine: 4205 Names: 95 Exports: 6 Imports: 12 Game: 801A
Loading package: 00002620.upk Ver: 573/1 Engine: 4205 Names: 576 Exports: 7687 Imports: 96 Game: 801A
Loading MaterialInstanceConstant col1_1 from package 00044676.upk
Loading package: 00044691.upk Ver: 573/1 Engine: 4205 Names: 34 Exports: 6 Imports: 2 Game: 801A
Loading package: 00002640.upk Ver: 573/1 Engine: 4205 Names: 291 Exports: 507 Imports: 3 Game: 801A
Loading package: 00044672.upk Ver: 573/1 Engine: 4205 Names: 129 Exports: 3 Imports: 29 Game: 801A
Loading package: 00012963.upk Ver: 573/1 Engine: 4205 Names: 1386 Exports: 1362 Imports: 10 Game: 801A
Loading package: 00044550.upk Ver: 573/1 Engine: 4205 Names: 213 Exports: 236 Imports: 59 Game: 801A
Loading Texture2D 040279_GonM_hair_col1_D from package 00044675.upk
Loading Texture2D 040279_GonM_hair_col1_D_N from package 00044675.upk
Loading Texture2D Nothing_A from package 00008613.upk
Loading Material3 Beard_Ac from package 00002620.upk
Loading Texture2D 040279_JinM_col1_N from package 00044691.upk
Loading Texture2D 040279_JinM_col1_M from package 00044691.upk
Loading Texture2D 040279_JinM_col1_D from package 00044691.upk
Loading Texture2D 040279_JinM_col1_S from package 00044691.upk
Loading TextureCube lenscube_a from package 00002640.upk
Loading Texture2D check from package 00002620.upk
Loading Texture2D 040279_JinM_FX from package 00044672.upk
Loading Texture2D Noise_005 from package 00012963.upk
Loading Material3 body_FX from package 00044550.upk
Loading Texture2D check_n from package 00002620.upk
Loading Texture2D Noise_Glass_000 from package 00012963.upk
Loading Texture2D Smoke_Pattern_001 from package 00012963.upk
Loading Texture2D Gradient_Wipe_BurnOut_Mask_TEST from package 00012963.upk
Loading Texture2D Gradient_Wipe_BurnOut_Mask from package 00012963.upk
Loading Texture2D Gradient_Line_003 from package 00012963.upk
Loading Texture2D CubemapFace0 from package 00002640.upk
Loading Texture2D CubemapFace1 from package 00002640.upk
Loading Texture2D CubemapFace2 from package 00002640.upk
Loading Texture2D CubemapFace3 from package 00002640.upk
Loading Texture2D CubemapFace4 from package 00002640.upk
Loading Texture2D CubemapFace5 from package 00002640.upk
Loading Texture2D 040279_FX from package 00044550.upk
Loading Texture2D Noise_Wave_000 from package 00012963.upk
Loaded in 0.19 sec, 3770 allocs, 2.20 MBytes serialized in 298433 calls.

Object info:
============
ClassName: SkeletalMesh3 ObjectName: 040279_GonM

    LODInfo[1] =
    {
        LODInfo[0] =
        {
            DisplayFactor = 0
            LODHysteresis = 0.02
            LODMaterialMap[0] = {}
            bEnableShadowCasting[2] = { true, true }
        }
    }
    Sockets[2] =
    {
        Sockets[0] = SkeletalMeshSocket'040279_GonM.SkeletalMeshSocket_800'
        Sockets[1] = SkeletalMeshSocket'040279_GonM.SkeletalMeshSocket_801'
    }
    bHasVertexColors = false
    EnableTwistBoneFixers = true
    EnableClavicleFixer = true
    Materials[2] = { MaterialInstanceConstant'col1', MaterialInstanceConstant'col1_1' }


    Lods[1] =
    {
        Lods[0] =
        {
            Sections[2] =
            {
                Sections[0] = { Material=MaterialInstanceConstant'col1', FirstIndex=0, NumFaces=1265 }
                Sections[1] = { Material=MaterialInstanceConstant'col1_1', FirstIndex=3795, NumFaces=2523 }
            }
            NumVerts = 2978
            IndexCount = 11364
            NumTexCoords = 1
        }
    }
    LodCount = 1
    MeshOrigin = { X=-0, Y=-0, Z=-0 }
    MeshScale = { X=1, Y=1, Z=1 }
    RotOrigin = { Yaw=0, Pitch=0, Roll=0 }
    BoneCount = 23

Object info:
============
ClassName: SkeletalMeshSocket ObjectName: SkeletalMeshSocket_800

    SocketName = FX_Add_R
    BoneName = Bone_A04_Head_R01_Root
    RelativeLocation = { X=0, Y=0, Z=0 }
    RelativeRotation = { Yaw=0, Pitch=0, Roll=0 }
    RelativeScale = { X=0.0001, Y=0.0001, Z=0.0001 }

Object info:
============
ClassName: SkeletalMeshSocket ObjectName: SkeletalMeshSocket_801

    SocketName = FX_Add_L
    BoneName = Bone_A04_Head_L01_Root
    RelativeLocation = { X=0, Y=0, Z=0 }
    RelativeRotation = { Yaw=0, Pitch=0, Roll=0 }
    RelativeScale = { X=0.0001, Y=0.0001, Z=0.0001 }
