Found 32768 game files (1766 skipped)
Loading package: 00046745.upk Ver: 573/1 Engine: 4205 Names: 169 Exports: 192 Imports: 21 Game: 801A
Loading SkeletalMesh3 SakuraJjang from package 00046745.upk
WARNING: FloatProperty "USkeletalMesh3::AnimNameHeight" was not found
WARNING: FloatProperty "USkeletalMesh3::NormalNameHeight" was not found
WARNING: FloatProperty "USkeletalMesh3::LowNameHeight" was not found
WARNING: ByteProperty "USkeletalMesh3::ItemPreviewLocType" was not found
Loading package: 00046747.upk Ver: 573/1 Engine: 4205 Names: 107 Exports: 2 Imports: 24 Game: 801A
Loading SkeletalMeshSocket SkeletalMeshSocket_103 from package 00046745.upk
WARNING: ObjectProperty "USkeletalMeshSocket::DependencyParticleSystem" was not found
Loading SkeletalMeshSocket SkeletalMeshSocket_51 from package 00046745.upk
WARNING: ObjectProperty "USkeletalMeshSocket::DependencyParticleSystem" was not found
Loading MaterialInstanceConstant col1 from package 00046747.upk
Loading package: 00046746.upk Ver: 573/1 Engine: 4205 Names: 39 Exports: 11 Imports: 4 Game: 801A
Loading package: 00002640.upk Ver: 573/1 Engine: 4205 Names: 291 Exports: 507 Imports: 3 Game: 801A
Loading package: 00002620.upk Ver: 573/1 Engine: 4205 Names: 576 Exports: 7687 Imports: 96 Game: 801A
Loading MaterialInstanceConstant col1_Opa from package 00046747.upk
Loading Texture2D SakuraJjang_col1_N from package 00046746.upk
Loading Texture2D SakuraJjang_col1_M from package 00046746.upk
Loading Texture2D SakuraJjang_col1_D from package 00046746.upk
Loading Texture2D SakuraJjang_col1_S from package 00046746.upk
Loading TextureCube cube_orb from package 00002640.upk
Loading Texture2D SakuraJjang_col1_E from package 00046746.upk
Loading Material3 Basic from package 00002620.upk
Loading package: 00012963.upk Ver: 573/1 Engine: 4205 Names: 1386 Exports: 1362 Imports: 10 Game: 801A
Loading Texture2D Lens_n from package 00002620.upk
Loading TextureCube mirror2 from package 00002640.upk
Loading TextureCube eye_s from package 00002640.upk
Loading Material3 Lens from package 00002620.upk
Loading Texture2D CubemapFace0 from package 00002640.upk
Loading Texture2D CubemapFace1 from package 00002640.upk
Loading Texture2D CubemapFace2 from package 00002640.upk
Loading Texture2D CubemapFace3 from package 00002640.upk
Loading Texture2D CubemapFace4 from package 00002640.upk
Loading Texture2D CubemapFace5 from package 00002640.upk
Loading Texture2D check_n from package 00002620.upk
Loading Texture2D check from package 00002620.upk
Loading Texture2D Smoke_Pattern_001 from package 00012963.upk
Loading Texture2D Gradient_Line_003 from package 00012963.upk
Loading Texture2D Gradient_Wipe_BurnOut_Mask_TEST from package 00012963.upk
Loading Texture2D Gradient_Wipe_BurnOut_Mask from package 00012963.upk
Loading Texture2D CubemapFace0 from package 00002640.upk
Loading Texture2D CubemapFace1 from package 00002640.upk
Loading Texture2D CubemapFace2 from package 00002640.upk
Loading Texture2D CubemapFace3 from package 00002640.upk
Loading Texture2D CubemapFace4 from package 00002640.upk
Loading Texture2D CubemapFace5 from package 00002640.upk
Loading Texture2D CubemapFace0 from package 00002640.upk
Loading Texture2D CubemapFace1 from package 00002640.upk
Loading Texture2D CubemapFace2 from package 00002640.upk
Loading Texture2D CubemapFace3 from package 00002640.upk
Loading Texture2D CubemapFace4 from package 00002640.upk
Loading Texture2D CubemapFace5 from package 00002640.upk
Loaded in 0.22 sec, 3464 allocs, 1.92 MBytes serialized in 276561 calls.

Object info:
============
ClassName: SkeletalMesh3 ObjectName: SakuraJjang

    LODInfo[1] =
    {
        LODInfo[0] =
        {
            DisplayFactor = 0
            LODHysteresis = 0.02
            LODMaterialMap[0] = {}
            bEnableShadowCasting[2] = { true, true }
        }
    }
    Sockets[2] =
    {
        Sockets[0] = SkeletalMeshSocket'SakuraJjang.SkeletalMeshSocket_51'
        Sockets[1] = SkeletalMeshSocket'SakuraJjang.SkeletalMeshSocket_103'
    }
    bHasVertexColors = false
    EnableTwistBoneFixers = true
    EnableClavicleFixer = true
    Materials[2] = { MaterialInstanceConstant'col1', MaterialInstanceConstant'col1_Opa' }


    Lods[1] =
    {
        Lods[0] =
        {
            Sections[2] =
            {
                Sections[0] = { Material=MaterialInstanceConstant'col1', FirstIndex=0, NumFaces=2910 }
                Sections[1] = { Material=MaterialInstanceConstant'col1_Opa', FirstIndex=8730, NumFaces=96 }
            }
            NumVerts = 2282
            IndexCount = 9018
            NumTexCoords = 1
        }
    }
    LodCount = 1
    MeshOrigin = { X=-0, Y=-0, Z=-0 }
    MeshScale = { X=1, Y=1, Z=1 }
    RotOrigin = { Yaw=0, Pitch=0, Roll=0 }
    BoneCount = 59

Object info:
============
ClassName: SkeletalMeshSocket ObjectName: SkeletalMeshSocket_103

    SocketName = FX_Trail1
    BoneName = Bone_Stick_End
    RelativeLocation = { X=0, Y=0, Z=0 }
    RelativeRotation = { Yaw=0, Pitch=0, Roll=0 }
    RelativeScale = { X=1, Y=1, Z=1 }

Object info:
============
ClassName: SkeletalMeshSocket ObjectName: SkeletalMeshSocket_51

    SocketName = FX_Add
    BoneName = Bip01Spine
    RelativeLocation = { X=0, Y=0, Z=0 }
    RelativeRotation = { Yaw=0, Pitch=-16384, Roll=0 }
    RelativeScale = { X=1, Y=1, Z=1 }
