Found 32768 game files (1766 skipped)
Loading package: 00049241.upk Ver: 573/1 Engine: 4205 Names: 393 Exports: 1137 Imports: 154 Game: 801A
Loading MaterialInstanceConstant W_MeshDeco03_070033 from package 00049241.upk
Loading package: 00048300.upk Ver: 573/1 Engine: 4205 Names: 840 Exports: 8203 Imports: 226 Game: 801A
Loading MaterialInstanceConstant W_MeshDeco10_Dark_070033 from package 00049241.upk
Loading SkeletalMesh3 070033_Autoscale_L from package 00049241.upk
WARNING: ObjectProperty "USkeletalMesh3::MeshFactorSet" was not found
WARNING: ObjectProperty "USkeletalMesh3::PhysMaterialOverride" was not found
WARNING: ByteProperty "USkeletalMesh3::ItemPreviewLocType" was not found
Loading package: 00049247.upk Ver: 573/1 Engine: 4205 Names: 91 Exports: 1 Imports: 19 Game: 801A
Loading SkeletalMesh3 070033_Autoscale_R from package 00049241.upk
WARNING: ObjectProperty "USkeletalMesh3::MeshFactorSet" was not found
WARNING: ObjectProperty "USkeletalMesh3::PhysMaterialOverride" was not found
WARNING: ByteProperty "USkeletalMesh3::ItemPreviewLocType" was not found
Loading SkeletalMeshSocket SkeletalMeshSocket_174 from package 00049241.upk
WARNING: ObjectProperty "USkeletalMeshSocket::DependencyParticleSystem" was not found
WARNING: BoolProperty "USkeletalMeshSocket::bParticleApplyAutoScale" was not found
Loading SkeletalMeshSocket SkeletalMeshSocket_185 from package 00049241.upk
WARNING: ObjectProperty "USkeletalMeshSocket::DependencyParticleSystem" was not found
WARNING: BoolProperty "USkeletalMeshSocket::bParticleApplyAutoScale" was not found
Loading StaticMesh3 070033_meshdeco01 from package 00049241.upk
Loading package: 00012892.upk Ver: 573/1 Engine: 4205 Names: 1108 Exports: 6240 Imports: 380 Game: 801A
Loading StaticMesh3 070033_meshdeco02 from package 00049241.upk
Loading Texture2D 070033_FX_mask from package 00049241.upk
Loading Material3 W_MeshDeco03 from package 00048300.upk
Loading package: 00012963.upk Ver: 573/1 Engine: 4205 Names: 1386 Exports: 1362 Imports: 10 Game: 801A
Loading package: 00002620.upk Ver: 573/1 Engine: 4205 Names: 576 Exports: 7687 Imports: 96 Game: 801A
Loading Material3 W_MeshDeco10_Dark from package 00048300.upk
WARNING: BoolProperty "UMaterial3::bAcceptRenderDecal" was not found
Loading MaterialInstanceConstant col10 from package 00049247.upk
Loading package: 00048092.upk Ver: 573/1 Engine: 4205 Names: 37 Exports: 9 Imports: 2 Game: 801A
Loading package: 00002640.upk Ver: 573/1 Engine: 4205 Names: 291 Exports: 507 Imports: 3 Game: 801A
Loading Material3 001_Mesh_Default_MatM from package 00012892.upk
WARNING: BoolProperty "UMaterial3::bAcceptRenderDecal" was not found
Loading package: 00023713.upk Ver: 573/1 Engine: 4205 Names: 101 Exports: 81 Imports: 4 Game: 801A
Loading Texture2D Noise_005 from package 00012963.upk
Loading Texture2D Noise_006 from package 00012963.upk
Loading Texture2D Noise_Wave_000 from package 00012963.upk
Loading Texture2D Unique_Stone_001 from package 00012963.upk
Loading Texture2D check from package 00002620.upk
Loading Texture2D Ref_Cool from package 00012963.upk
Loading Texture2D Gradient_Flow_000 from package 00012963.upk
Loading Texture2D Noise_Plazma_002 from package 00012963.upk
Loading Texture2D Gradient_Line_R from package 00012963.upk
Loading Texture2D Noise_013 from package 00012963.upk
Loading Texture2D 070033_Autoscale_col1_N from package 00048092.upk
Loading Texture2D 070033_Autoscale_col1_M from package 00048092.upk
Loading Texture2D 070033_Autoscale_col1_D from package 00048092.upk
Loading Texture2D 070033_Autoscale_col1_S from package 00048092.upk
Loading TextureCube lenscube from package 00002640.upk
Loading Material3 Basic from package 00002620.upk
Loading Texture2D Cube000_Tex from package 00023713.upk
Loading Texture2D CubemapFace0 from package 00002640.upk
Loading Texture2D CubemapFace1 from package 00002640.upk
Loading Texture2D CubemapFace2 from package 00002640.upk
Loading Texture2D CubemapFace3 from package 00002640.upk
Loading Texture2D CubemapFace4 from package 00002640.upk
Loading Texture2D CubemapFace5 from package 00002640.upk
Loading Texture2D check_n from package 00002620.upk
Loading Texture2D Smoke_Pattern_001 from package 00012963.upk
Loading Texture2D Gradient_Line_003 from package 00012963.upk
Loading Texture2D Gradient_Wipe_BurnOut_Mask_TEST from package 00012963.upk
Loading Texture2D Gradient_Wipe_BurnOut_Mask from package 00012963.upk
Loaded in 0.3 sec, 5738 allocs, 3.47 MBytes serialized in 722739 calls.

Object info:
============
ClassName: MaterialInstanceConstant ObjectName: W_MeshDeco03_070033

    ScalarParameterValues[1] =
    {
        ScalarParameterValues[0] = { ParameterName=RGB_Alpha_Lerp, ParameterValue=1 }
    }
    TextureParameterValues[1] =
    {
        TextureParameterValues[0] = { ParameterName=FX_Mask, ParameterValue=Texture2D'070033_FX_mask' }
    }
    VectorParameterValues[2] =
    {
        VectorParameterValues[0] =
        {
            ParameterName = Tex_Mask_switch
            ParameterValue = { R=0, G=0, B=1, A=1 }
        }
        VectorParameterValues[1] =
        {
            ParameterName = FX_BaseColor
            ParameterValue = { R=1, G=1, B=1, A=1 }
        }
    }
    Parent = Material3'W_MeshDeco03'
    FlattenedTexture = None
    MobileBaseTexture = None
    MobileNormalTexture = None
    bUseMobileSpecular = false
    MobileSpecularPower = 16
    MobileSpecularMask = MSM_Constant (0)
    MobileMaskTexture = None

Object info:
============
ClassName: MaterialInstanceConstant ObjectName: W_MeshDeco10_Dark_070033

    ScalarParameterValues[0] = {}
    TextureParameterValues[0] = {}
    VectorParameterValues[0] = {}
    Parent = Material3'W_MeshDeco10_Dark'
    FlattenedTexture = None
    MobileBaseTexture = None
    MobileNormalTexture = None
    bUseMobileSpecular = false
    MobileSpecularPower = 16
    MobileSpecularMask = MSM_Constant (0)
    MobileMaskTexture = None

Object info:
============
ClassName: SkeletalMesh3 ObjectName: 070033_Autoscale_L

    LODInfo[1] =
    {
        LODInfo[0] =
        {
            DisplayFactor = 0
            LODHysteresis = 0.02
            LODMaterialMap[0] = {}
            bEnableShadowCasting[1] = { true }
        }
    }
    Sockets[1] = { SkeletalMeshSocket'070033_Autoscale_L.SkeletalMeshSocket_174' }
    bHasVertexColors = false
    EnableTwistBoneFixers = true
    EnableClavicleFixer = true
    Materials[1] = { MaterialInstanceConstant'col10' }


    Lods[1] =
    {
        Lods[0] =
        {
            Sections[1] =
            {
                Sections[0] = { Material=MaterialInstanceConstant'col10', FirstIndex=0, NumFaces=2967 }
            }
            NumVerts = 2715
            IndexCount = 8901
            NumTexCoords = 1
        }
    }
    LodCount = 1
    MeshOrigin = { X=-0, Y=-0, Z=-0 }
    MeshScale = { X=1, Y=1, Z=1 }
    RotOrigin = { Yaw=0, Pitch=0, Roll=0 }
    BoneCount = 3

Object info:
============
ClassName: SkeletalMesh3 ObjectName: 070033_Autoscale_R

    LODInfo[1] =
    {
        LODInfo[0] =
        {
            DisplayFactor = 0
            LODHysteresis = 0.02
            LODMaterialMap[0] = {}
            bEnableShadowCasting[1] = { true }
        }
    }
    Sockets[1] = { SkeletalMeshSocket'070033_Autoscale_R.SkeletalMeshSocket_185' }
    bHasVertexColors = false
    EnableTwistBoneFixers = true
    EnableClavicleFixer = true
    Materials[1] = { MaterialInstanceConstant'col10' }


    Lods[1] =
    {
        Lods[0] =
        {
            Sections[1] =
            {
                Sections[0] = { Material=MaterialInstanceConstant'col10', FirstIndex=0, NumFaces=2967 }
            }
            NumVerts = 2715
            IndexCount = 8901
            NumTexCoords = 1
        }
    }
    LodCount = 1
    MeshOrigin = { X=-0, Y=-0, Z=-0 }
    MeshScale = { X=1, Y=1, Z=1 }
    RotOrigin = { Yaw=0, Pitch=0, Roll=0 }
    BoneCount = 3

Object info:
============
ClassName: SkeletalMeshSocket ObjectName: SkeletalMeshSocket_174

    SocketName = FX_Add
    BoneName = WeaponRoot
    RelativeLocation = { X=0, Y=0, Z=0 }
    RelativeRotation = { Yaw=0, Pitch=0, Roll=0 }
    RelativeScale = { X=1, Y=1, Z=1 }

Object info:
============
ClassName: SkeletalMeshSocket ObjectName: SkeletalMeshSocket_185

    SocketName = FX_Add
    BoneName = WeaponRoot
    RelativeLocation = { X=0, Y=0, Z=0 }
    RelativeRotation = { Yaw=0, Pitch=0, Roll=0 }
    RelativeScale = { X=1, Y=1, Z=1 }

Object info:
============
ClassName: StaticMesh3 ObjectName: 070033_meshdeco01

    BodySetup = None
    UseSimpleLineCollision = false
    UseSimpleBoxCollision = false
    UseSimpleRigidBodyCollision = false
    UseFullPrecisionUVs = false
    Bounds =
    {
        Origin = { X=4.81565, Y=0, Z=8.07755 }
        BoxExtent = { X=7.80835, Y=3.5774, Z=6.41115 }
        SphereRadius = 8.09976
    }
    CanCompressPositions = false
    CanStripNormalsAndTangents = false
    InternalVersion = 18


    Lods[1] =
    {
        Lods[0] =
        {
            Sections[1] =
            {
                Sections[0] = { Material=Material3'001_Mesh_Default_MatM', FirstIndex=0, NumFaces=1918 }
            }
            NumVerts = 3768
            IndexCount = 5754
            NumTexCoords = 1
        }
    }
    LodCount = 1

Object info:
============
ClassName: StaticMesh3 ObjectName: 070033_meshdeco02

    BodySetup = None
    UseSimpleLineCollision = false
    UseSimpleBoxCollision = false
    UseSimpleRigidBodyCollision = false
    UseFullPrecisionUVs = false
    Bounds =
    {
        Origin = { X=5.67655, Y=-0.00825, Z=0.71715 }
        BoxExtent = { X=8.68175, Y=1.59115, Z=5.58505 }
        SphereRadius = 10.0189
    }
    CanCompressPositions = false
    CanStripNormalsAndTangents = false
    InternalVersion = 18


    Lods[1] =
    {
        Lods[0] =
        {
            Sections[1] =
            {
                Sections[0] = { Material=Material3'001_Mesh_Default_MatM', FirstIndex=0, NumFaces=1049 }
            }
            NumVerts = 1666
            IndexCount = 3147
            NumTexCoords = 1
        }
    }
    LodCount = 1

Object info:
============
ClassName: Texture2D ObjectName: 070033_FX_mask

    SizeX = 512
    SizeY = 256
    Format = PF_DXT5 (7)
    AddressX = TA_Wrap (0)
    AddressY = TA_Wrap (0)
    TextureFileCacheName = None
    MipTailBaseIdx = 9
    bForcePVRTC4 = false
    UnpackMin[4] = { 0, 0, 0, 0 }
    UnpackMax[4] = { 1, 1, 1, 1 }
