Found 32768 game files (1766 skipped)
Loading package: 00048298.upk Ver: 573/1 Engine: 4205 Names: 459 Exports: 2739 Imports: 172 Game: 801A
Loading Material3 AncientMechaGuardian_Bash from package 00048298.upk
check for NormalWaterfall_N001 in 00048298
WARNING: Import(Cine_Effect_TEXTURE.NormalWaterfall_N001) was not found
check for Marble016_Tex in 00048298
WARNING: Import(Cine_Effect_TEXTURE.Marble016_Tex) was not found
check for Fire_Tx_m in 00048298
WARNING: Import(Cine_Effect_TEXTURE.Fire_Tx_m) was not found
Loading package: 00012963.upk Ver: 573/1 Engine: 4205 Names: 1386 Exports: 1362 Imports: 10 Game: 801A
check for fx_cloud01_tex_577_Dup_1742_Dup_1496 in 00048298
check for fx_cloud01_tex_577_Dup_1742_Dup_1496 in 00012963
WARNING: Import(Cine_Effect_TEXTURE.fx_cloud01_tex_577_Dup_1742_Dup_1496) was not found
check for Cloud_Mask000_Tex in 00048298
check for Cloud_Mask000_Tex in 00012963
WARNING: Import(Cine_Effect_TEXTURE.Cloud_Mask000_Tex) was not found
Loading Material3 AncientMechaGuardian_DeathFloor2_LR_mat from package 00048298.upk
Loading Material3 AncientMechaGuardian_DeathFloor2_mat from package 00048298.upk
Loading Material3 AncientMechaGuardian_DeathFloor_bk from package 00048298.upk
WARNING: BoolProperty "UMaterial3::bUsedWithMaterialEffect" was not found
Loading Material3 AncientMechaGuardian_DeathFloor_bk_LR from package 00048298.upk
WARNING: BoolProperty "UMaterial3::bUsedWithMaterialEffect" was not found
Loading package: 00052507.upk Ver: 573/1 Engine: 4205 Names: 40 Exports: 15 Imports: 4 Game: 801A
Loading Material3 AncientMechaGuardian_DeathFloor_LR_mat from package 00048298.upk
WARNING: BoolProperty "UMaterial3::bAcceptRenderDecal" was not found
Loading Material3 AncientMechaGuardian_DeathFloor_mat from package 00048298.upk
WARNING: BoolProperty "UMaterial3::bAcceptRenderDecal" was not found
Loading Material3 AncientMechaGuardian_DrillPierce_Mat from package 00048298.upk
WARNING: BoolProperty "UMaterial3::bAcceptRenderDecal" was not found
check for DefaultTexture in 00048298
check for DefaultTexture in 00012963
check for DefaultTexture in 00052507
WARNING: Import(EngineResources.DefaultTexture) was not found
Loading Material3 AncientMechaGuardian_LineLaser from package 00048298.upk
Loading Material3 AncientMechaGuardian_PlaneLaserA_Mat from package 00048298.upk
WARNING: StructProperty "UMaterial3::WorldPositionOffset" was not found
WARNING: BoolProperty "UMaterial3::bAcceptRenderDecal" was not found
Loading package: 00023713.upk Ver: 573/1 Engine: 4205 Names: 101 Exports: 81 Imports: 4 Game: 801A
Loading Material3 AncientMechaGuardian_symbol2_Mat from package 00048298.upk
WARNING: BoolProperty "UMaterial3::bUsedWithMaterialEffect" was not found
Loading Material3 AncientMechaGuardian_symbol_Mat from package 00048298.upk
WARNING: BoolProperty "UMaterial3::bUsedWithMaterialEffect" was not found
Loading Material3 AncientMechaGuardian_symbol_MatM from package 00048298.upk
WARNING: BoolProperty "UMaterial3::bUsedWithMaterialEffect" was not found
Loading Material3 AncientMechaGuardian_trail2_MatM from package 00048298.upk
Loading Material3 AncientMechaGuardian_trail_matM from package 00048298.upk
Loading Material3 AncientMechaGuardianMissile_PlaneLaser from package 00048298.upk
WARNING: BoolProperty "UMaterial3::bAcceptRenderDecal" was not found
Loading Material3 AncientMechaGuardianMissile_PlaneLaser2 from package 00048298.upk
WARNING: BoolProperty "UMaterial3::bAcceptRenderDecal" was not found
Loading Material3 CrystalLizard_Crystal2_Mat from package 00048298.upk
Loading package: 00002640.upk Ver: 573/1 Engine: 4205 Names: 291 Exports: 507 Imports: 3 Game: 801A
Loading Material3 CrystalLizard_CrystalBarrier01_mat from package 00048298.upk
Loading Material3 CrystalLizard_CrystalBarrier02_mat from package 00048298.upk
Loading Material3 DemongoldenBat_ChaosM from package 00048298.upk
WARNING: BoolProperty "UMaterial3::bAcceptRenderDecal" was not found
Loading Material3 WaterWave003_Mat from package 00048298.upk
WARNING: BoolProperty "UMaterial3::bUsedWithMaterialEffect" was not found
Loading Material3 MoonCat_Barrier02_mat from package 00048298.upk
Loading Material3 MoonCat_BarrierBase from package 00048298.upk
WARNING: BoolProperty "UMaterial3::bAcceptRenderDecal" was not found
Loading Material3 MoonCat_BaseBottom from package 00048298.upk
Loading Material3 MoonCat_DarkBase from package 00048298.upk
WARNING: BoolProperty "UMaterial3::bAcceptRenderDecal" was not found
Loading Material3 MoonCat_Moon001_Mat from package 00048298.upk
WARNING: BoolProperty "UMaterial3::bAcceptRenderDecal" was not found
Loading Material3 MoonCat_Moon002_Mat from package 00048298.upk
WARNING: BoolProperty "UMaterial3::bAcceptRenderDecal" was not found
Loading Material3 MoonCat_Moon003_Mat from package 00048298.upk
WARNING: BoolProperty "UMaterial3::bAcceptRenderDecal" was not found
Loading Material3 MoonCat_Moon004_Mat from package 00048298.upk
WARNING: BoolProperty "UMaterial3::bAcceptRenderDecal" was not found
Loading Material3 MoonCat_Signal02_Mat from package 00048298.upk
Loading Material3 MoonCat_Signal03_Mat from package 00048298.upk
WARNING: BoolProperty "UMaterial3::bUsedWithMaterialEffect" was not found
Loading Material3 MoonCat_Signal_Mat from package 00048298.upk
Loading Material3 MoonCat_Transition001_MatM from package 00048298.upk
WARNING: BoolProperty "UMaterial3::bAcceptRenderDecal" was not found
Loading Material3 MoonCat_Transition002_MatM from package 00048298.upk
WARNING: BoolProperty "UMaterial3::bAcceptRenderDecal" was not found
Loading Material3 MoonCat_Wave001_MatM from package 00048298.upk
Loading Material3 PekingOpera_Seed_Flower from package 00048298.upk
Loading Material3 Sharkman_Wave001_MatM from package 00048298.upk
WARNING: StructProperty "UMaterial3::WorldPositionOffset" was not found
WARNING: BoolProperty "UMaterial3::bAcceptRenderDecal" was not found
Loading MaterialInstanceConstant AncientMechaGuardian_PlaneLaserA_MI from package 00048298.upk
Loading MaterialInstanceConstant AncientMechaGuardian_PlaneLaserB_MI from package 00048298.upk
Loading MaterialInstanceConstant AncientMechaGuardian_PlaneLaserC_MI from package 00048298.upk
Loading MaterialInstanceConstant AncientMechaGuardian_symbol2_Mat_INST from package 00048298.upk
Loading MaterialInstanceConstant AncientMechaGuardian_symbol2_Mat_INST2 from package 00048298.upk
Loading MaterialInstanceConstant AncientMechaGuardian_symbol2_Mat_INST3 from package 00048298.upk
Loading MaterialInstanceConstant AncientMechamonk_Square_Mat1_INST from package 00048298.upk
Loading package: 00048297.upk Ver: 573/1 Engine: 4205 Names: 443 Exports: 2787 Imports: 161 Game: 801A
Loading MaterialInstanceConstant CrystalLizard_Crystal2_MI from package 00048298.upk
Loading MaterialInstanceConstant DemonBoss_LaserDecal_Dragon_Normal_MI from package 00048298.upk
Loading package: 00012850.upk Ver: 573/1 Engine: 4205 Names: 1927 Exports: 31631 Imports: 708 Game: 801A
Loading MaterialInstanceConstant SandTemple_Decal_Ring_INST from package 00048298.upk
Loading package: 00012588.upk Ver: 573/1 Engine: 4205 Names: 258 Exports: 1033 Imports: 105 Game: 801A
Loading MaterialInstanceConstant WaterWave003_Mat_INST from package 00048298.upk
Loading StaticMesh3 AncientMechaGuardian_SymbolFloor_SM from package 00048298.upk
Loading package: 00012892.upk Ver: 573/1 Engine: 4205 Names: 1108 Exports: 6240 Imports: 380 Game: 801A
Loading StaticMesh3 AncientMechaGuardian_SymbolWall_SM from package 00048298.upk
Loading StaticMesh3 AncientMechaGuardian_WallSide_SM from package 00048298.upk
Loading StaticMesh3 AncientMechaGuardian_wallsignal_sm from package 00048298.upk
Loading StaticMesh3 RuneMechaTombSoldier_Bullet from package 00048298.upk
Loading Texture2D AncientMechaGuardian_DeathFloor_tex from package 00048298.upk
Loading Texture2D AncientMechaGuardian_Naryu001_tex from package 00048298.upk
Loading Texture2D AncientMechaGuardian_Naryu002_tex from package 00048298.upk
Loading Texture2D AncientMechaGuardian_Naryu003_tex from package 00048298.upk
Loading Texture2D AncientMechaGuardian_planeA from package 00048298.upk
Loading Texture2D AncientMechaGuardian_planeB from package 00048298.upk
Loading Texture2D AncientMechaGuardian_planeC from package 00048298.upk
Loading Texture2D AncientMechaGuardian_symbol2 from package 00048298.upk
Loading Texture2D Fx_Naryu_Floor_001_ENV_E from package 00048298.upk
Loading Texture2D Fx_Naryu_Floor_001_ENV_N from package 00048298.upk
Loading Texture2D SystemDecal_Square_box from package 00012963.upk
Loading Texture2D Noise_005 from package 00012963.upk
Loading Texture2D Gradient_Wipe_BurnOut_Mask_TEST from package 00012963.upk
Loading Texture2D Gradient_Line_001_YClamp from package 00012963.upk
Loading Texture2D Gradient_Line_002 from package 00012963.upk
Loading Texture2D Glow_003 from package 00012963.upk
Loading Texture2D AncientMechaGuardian_DeathFloor_LR from package 00052507.upk
Loading Texture2D Electric_tile from package 00012963.upk
Loading Texture2D Noise_020 from package 00012963.upk
Loading Texture2D Noise_006 from package 00012963.upk
Loading Texture2D Noise_Wave_000 from package 00012963.upk
Loading Texture2D Aura_Blood_003 from package 00012963.upk
Loading Texture2D Gradient_Color_RedToOrange_000 from package 00012963.upk
Loading Texture2D Gradient_001_Left from package 00012963.upk
Loading Texture2D Gradient_Half_000 from package 00012963.upk
Loading Texture2D Gradient_Line_003 from package 00012963.upk
Loading Texture2D Gradient_Line_010_loop from package 00012963.upk
Loading Texture2D Gradient_010 from package 00012963.upk
Loading Texture2D BGFX_NightmareBeamColor_001 from package 00023713.upk
Loading Texture2D Noise_003 from package 00012963.upk
Loading Texture2D Hex000_gra from package 00023713.upk
Loading Texture2D Unique_Bone_N_000 from package 00012963.upk
Loading Texture2D Fire_003 from package 00012963.upk
Loading Texture2D Hex000_Tex from package 00012963.upk
Loading Texture2D Env_Fx_Resin_N from package 00012963.upk
Loading Texture2D Noise_Bubble_000 from package 00012963.upk
Loading Texture2D Noise_010 from package 00012963.upk
Loading Texture2D Electric_Sprite_001 from package 00012963.upk
Loading Texture2D CrystalLizard_Crystal from package 00052507.upk
Loading Texture2D Gradient_Color_Rainbow_003 from package 00012963.upk
Loading Texture2D Normal_Noise_003 from package 00012963.upk
WARNING: BoolProperty "UTexture2D::bDisableLoadSwitch" was not found
Loading Texture2D Smoke_Pattern_001 from package 00012963.upk
Loading Texture2D Gradient_Line_005 from package 00012963.upk
Loading TextureCube lenscube from package 00002640.upk
Loading Texture2D Noise_013 from package 00012963.upk
Loading Texture2D Gradient_Slash_001_Tex from package 00012963.upk
Loading Texture2D Noise_Plazma_002 from package 00012963.upk
Loading Texture2D Gradient_Beam_005_YClamp from package 00012963.upk
Loading Texture2D Noise_002 from package 00012963.upk
Loading Texture2D Gradient_009 from package 00012963.upk
Loading Texture2D Smoke_Fractal_002 from package 00012963.upk
Loading Texture2D Glow_002 from package 00012963.upk
Loading Texture2D BG_SandfallNoise_001_D from package 00012963.upk
Loading Texture2D Fire_000 from package 00012963.upk
Loading Texture2D BGFX_AuraColor_001 from package 00023713.upk
Loading Texture2D Normal_Stone_000 from package 00012963.upk
WARNING: BoolProperty "UTexture2D::bDisableLoadSwitch" was not found
Loading Texture2D Normal_Noise_004 from package 00012963.upk
Loading Texture2D Unique_Stone_000 from package 00012963.upk
Loading Texture2D SystemDecal_Circle_ray_01 from package 00012963.upk
Loading Texture2D SystemDecal_Circle_ring from package 00012963.upk
Loading Texture2D Smoke_Dust_000 from package 00012963.upk
Loading Texture2D Gradient_001 from package 00012963.upk
Loading Texture2D Sparkle_005 from package 00012963.upk
Loading Texture2D MoonCat_Moon_001 from package 00052507.upk
Loading Texture2D Smoke_Ice_000 from package 00012963.upk
Loading Texture2D SystemDecal_Mask01 from package 00012963.upk
Loading Texture2D Smoke_Cloud_001 from package 00012963.upk
Loading Texture2D Damage02_Poison_mask02 from package 00012963.upk
Loading Texture2D Sparkle_004 from package 00012963.upk
Loading Texture2D Smoke_Cloud_005 from package 00012963.upk
Loading Texture2D Env_Fx_Storm from package 00012963.upk
Loading Texture2D MoonCat_Moon_002 from package 00052507.upk
Loading Texture2D Hammer_FractalLine from package 00012963.upk
Loading Texture2D Aura_BlurBlue_000 from package 00012963.upk
Loading Texture2D mooncat_line from package 00052507.upk
Loading Texture2D Sparkle_000 from package 00012963.upk
Loading Texture2D Ref_Cool_NRM from package 00012963.upk
WARNING: BoolProperty "UTexture2D::bDisableLoadSwitch" was not found
Loading Texture2D Unique_Stone_001 from package 00012963.upk
Loading Texture2D Gradient_Line_R_clamp from package 00012963.upk
Loading Texture2D TakgiPlant_01 from package 00012963.upk
Loading Texture2D Gradient_Line_004 from package 00012963.upk
Loading Texture2D T_MukHwa_e2 from package 00012963.upk
Loading Texture2D T_MukHwa_s2 from package 00012963.upk
Loading Texture2D Noise_019 from package 00012963.upk
Loading Texture2D Water_001_01_N_Wave3 from package 00012963.upk
Loading Texture2D AncientMechaMonk_BoxLine3 from package 00012963.upk
Loading Material3 AncientMechamonk_Square_Mat1 from package 00048297.upk
Loading TextureCube lenscube_c from package 00002640.upk
Loading Material3 DemonBoss_LaserDecal_Dragon_Normal_MatM from package 00012850.upk
WARNING: BoolProperty "UMaterial3::bAcceptRenderDecal" was not found
Loading Texture2D SystemDecal_Shape_donut_001_02 from package 00012963.upk
Loading Material3 SandTemple_Decal_Ring from package 00012588.upk
Loading Material3 001_Mesh_Default_MatM from package 00012892.upk
WARNING: BoolProperty "UMaterial3::bAcceptRenderDecal" was not found
Loading Texture2D CubemapFace0 from package 00002640.upk
Loading Texture2D CubemapFace1 from package 00002640.upk
Loading Texture2D CubemapFace2 from package 00002640.upk
Loading Texture2D CubemapFace3 from package 00002640.upk
Loading Texture2D CubemapFace4 from package 00002640.upk
Loading Texture2D CubemapFace5 from package 00002640.upk
Loading Texture2D SystemDecal_Square_Line from package 00012963.upk
Loading Texture2D Noise_009 from package 00012963.upk
Loading Texture2D CubemapFace0 from package 00002640.upk
Loading Texture2D CubemapFace1 from package 00002640.upk
Loading Texture2D CubemapFace2 from package 00002640.upk
Loading Texture2D CubemapFace3 from package 00002640.upk
Loading Texture2D CubemapFace4 from package 00002640.upk
Loading Texture2D CubemapFace5 from package 00002640.upk
Loading Texture2D Damage02_Fire_Signal_Decal_main08 from package 00012963.upk
Loading Texture2D Dragon_body_outside_NRM from package 00012963.upk
WARNING: BoolProperty "UTexture2D::bDisableLoadSwitch" was not found
Loading Texture2D Decal_Crack_002_Des from package 00012963.upk
Loading Texture2D Aura_Tail_001 from package 00012963.upk
Loading Texture2D Damage02_Fire_Decal_mask3 from package 00012963.upk
Loading Texture2D BG_Sandfall_001_D from package 00012963.upk
Loading Texture2D Water_001_01_Mask_Wave4 from package 00012963.upk
Loading Texture2D Cube000_Tex from package 00023713.upk
Loaded in 1.8 sec, 9326 allocs, 7.41 MBytes serialized in 899204 calls.

Object info:
============
ClassName: Material3 ObjectName: AncientMechaGuardian_Bash

    TwoSided = true
    bDisableDepthTest = false
    bIsMasked = false
    ReferencedTextures[6] = { None, None, None, Texture2D'SystemDecal_Square_box', None, None }
    BlendMode = BLEND_Translucent (2)
    OpacityMaskClipValue = 0.333
    FlattenedTexture = None
    MobileBaseTexture = None
    MobileNormalTexture = None
    bUseMobileSpecular = false
    MobileSpecularPower = 16
    MobileSpecularMask = MSM_Constant (0)
    MobileMaskTexture = None

Object info:
============
ClassName: Material3 ObjectName: AncientMechaGuardian_DeathFloor2_LR_mat

    TwoSided = true
    bDisableDepthTest = false
    bIsMasked = false
    ReferencedTextures[3] =
    {
        ReferencedTextures[0] = Texture2D'Noise_005'
        ReferencedTextures[1] = Texture2D'Gradient_Wipe_BurnOut_Mask_TEST'
        ReferencedTextures[2] = Texture2D'Gradient_Line_001_YClamp'
    }
    BlendMode = BLEND_Additive (3)
    OpacityMaskClipValue = 0.333
    FlattenedTexture = None
    MobileBaseTexture = None
    MobileNormalTexture = None
    bUseMobileSpecular = false
    MobileSpecularPower = 16
    MobileSpecularMask = MSM_Constant (0)
    MobileMaskTexture = None

Object info:
============
ClassName: Material3 ObjectName: AncientMechaGuardian_DeathFloor2_mat

    TwoSided = true
    bDisableDepthTest = false
    bIsMasked = false
    ReferencedTextures[3] =
    {
        ReferencedTextures[0] = Texture2D'Noise_005'
        ReferencedTextures[1] = Texture2D'Gradient_Wipe_BurnOut_Mask_TEST'
        ReferencedTextures[2] = Texture2D'Gradient_Line_002'
    }
    BlendMode = BLEND_Additive (3)
    OpacityMaskClipValue = 0.333
    FlattenedTexture = None
    MobileBaseTexture = None
    MobileNormalTexture = None
    bUseMobileSpecular = false
    MobileSpecularPower = 16
    MobileSpecularMask = MSM_Constant (0)
    MobileMaskTexture = None

Object info:
============
ClassName: Material3 ObjectName: AncientMechaGuardian_DeathFloor_bk

    TwoSided = false
    bDisableDepthTest = false
    bIsMasked = false
    ReferencedTextures[2] = { Texture2D'Glow_003', Texture2D'AncientMechaGuardian_DeathFloor_tex' }
    BlendMode = BLEND_Translucent (2)
    OpacityMaskClipValue = 0.333
    FlattenedTexture = None
    MobileBaseTexture = None
    MobileNormalTexture = None
    bUseMobileSpecular = false
    MobileSpecularPower = 16
    MobileSpecularMask = MSM_Constant (0)
    MobileMaskTexture = None

Object info:
============
ClassName: Material3 ObjectName: AncientMechaGuardian_DeathFloor_bk_LR

    TwoSided = false
    bDisableDepthTest = false
    bIsMasked = false
    ReferencedTextures[1] = { Texture2D'AncientMechaGuardian_DeathFloor_LR' }
    BlendMode = BLEND_Translucent (2)
    OpacityMaskClipValue = 0.333
    FlattenedTexture = None
    MobileBaseTexture = None
    MobileNormalTexture = None
    bUseMobileSpecular = false
    MobileSpecularPower = 16
    MobileSpecularMask = MSM_Constant (0)
    MobileMaskTexture = None

Object info:
============
ClassName: Material3 ObjectName: AncientMechaGuardian_DeathFloor_LR_mat

    TwoSided = false
    bDisableDepthTest = false
    bIsMasked = false
    ReferencedTextures[5] =
    {
        ReferencedTextures[0] = Texture2D'Electric_tile'
        ReferencedTextures[1] = Texture2D'Noise_020'
        ReferencedTextures[2] = Texture2D'AncientMechaGuardian_DeathFloor_LR'
        ReferencedTextures[3] = Texture2D'Noise_006'
        ReferencedTextures[4] = Texture2D'Noise_005'
    }
    BlendMode = BLEND_Translucent (2)
    OpacityMaskClipValue = 0.333
    FlattenedTexture = None
    MobileBaseTexture = None
    MobileNormalTexture = None
    bUseMobileSpecular = false
    MobileSpecularPower = 16
    MobileSpecularMask = MSM_Constant (0)
    MobileMaskTexture = None

Object info:
============
ClassName: Material3 ObjectName: AncientMechaGuardian_DeathFloor_mat

    TwoSided = false
    bDisableDepthTest = false
    bIsMasked = false
    ReferencedTextures[5] =
    {
        ReferencedTextures[0] = Texture2D'Electric_tile'
        ReferencedTextures[1] = Texture2D'Noise_020'
        ReferencedTextures[2] = Texture2D'AncientMechaGuardian_DeathFloor_tex'
        ReferencedTextures[3] = Texture2D'Noise_006'
        ReferencedTextures[4] = Texture2D'Noise_005'
    }
    BlendMode = BLEND_Translucent (2)
    OpacityMaskClipValue = 0.333
    FlattenedTexture = None
    MobileBaseTexture = None
    MobileNormalTexture = None
    bUseMobileSpecular = false
    MobileSpecularPower = 16
    MobileSpecularMask = MSM_Constant (0)
    MobileMaskTexture = None

Object info:
============
ClassName: Material3 ObjectName: AncientMechaGuardian_DrillPierce_Mat

    TwoSided = true
    bDisableDepthTest = false
    bIsMasked = false
    ReferencedTextures[7] =
    {
        ReferencedTextures[0] = Texture2D'Noise_Wave_000'
        ReferencedTextures[1] = Texture2D'Aura_Blood_003'
        ReferencedTextures[2] = Texture2D'Gradient_Color_RedToOrange_000'
        ReferencedTextures[3] = Texture2D'Gradient_001_Left'
        ReferencedTextures[4] = Texture2D'Gradient_Half_000'
        ReferencedTextures[5] = Texture2D'Gradient_Line_003'
        ReferencedTextures[6] = None
    }
    BlendMode = BLEND_Translucent (2)
    OpacityMaskClipValue = 0.333
    FlattenedTexture = None
    MobileBaseTexture = None
    MobileNormalTexture = None
    bUseMobileSpecular = false
    MobileSpecularPower = 16
    MobileSpecularMask = MSM_Constant (0)
    MobileMaskTexture = None

Object info:
============
ClassName: Material3 ObjectName: AncientMechaGuardian_LineLaser

    TwoSided = true
    bDisableDepthTest = false
    bIsMasked = false
    ReferencedTextures[5] =
    {
        ReferencedTextures[0] = Texture2D'Noise_005'
        ReferencedTextures[1] = Texture2D'Gradient_Line_002'
        ReferencedTextures[2] = Texture2D'Gradient_Color_RedToOrange_000'
        ReferencedTextures[3] = Texture2D'Gradient_Line_010_loop'
        ReferencedTextures[4] = Texture2D'Gradient_010'
    }
    BlendMode = BLEND_Additive (3)
    OpacityMaskClipValue = 0.333
    FlattenedTexture = None
    MobileBaseTexture = None
    MobileNormalTexture = None
    bUseMobileSpecular = false
    MobileSpecularPower = 16
    MobileSpecularMask = MSM_Constant (0)
    MobileMaskTexture = None

Object info:
============
ClassName: Material3 ObjectName: AncientMechaGuardian_PlaneLaserA_Mat

    TwoSided = true
    bDisableDepthTest = false
    bIsMasked = false
    ReferencedTextures[5] =
    {
        ReferencedTextures[0] = Texture2D'BGFX_NightmareBeamColor_001'
        ReferencedTextures[1] = Texture2D'Noise_003'
        ReferencedTextures[2] = Texture2D'AncientMechaGuardian_planeA'
        ReferencedTextures[3] = Texture2D'Noise_005'
        ReferencedTextures[4] = Texture2D'Noise_Wave_000'
    }
    BlendMode = BLEND_Additive (3)
    OpacityMaskClipValue = 0.333
    FlattenedTexture = None
    MobileBaseTexture = None
    MobileNormalTexture = None
    bUseMobileSpecular = false
    MobileSpecularPower = 16
    MobileSpecularMask = MSM_Constant (0)
    MobileMaskTexture = None

Object info:
============
ClassName: Material3 ObjectName: AncientMechaGuardian_symbol2_Mat

    TwoSided = false
    bDisableDepthTest = false
    bIsMasked = false
    ReferencedTextures[3] =
    {
        ReferencedTextures[0] = Texture2D'Noise_005'
        ReferencedTextures[1] = Texture2D'Noise_Wave_000'
        ReferencedTextures[2] = Texture2D'AncientMechaGuardian_Naryu001_tex'
    }
    BlendMode = BLEND_Translucent (2)
    OpacityMaskClipValue = 0.333
    FlattenedTexture = None
    MobileBaseTexture = None
    MobileNormalTexture = None
    bUseMobileSpecular = false
    MobileSpecularPower = 16
    MobileSpecularMask = MSM_Constant (0)
    MobileMaskTexture = None

Object info:
============
ClassName: Material3 ObjectName: AncientMechaGuardian_symbol_Mat

    TwoSided = false
    bDisableDepthTest = false
    bIsMasked = false
    ReferencedTextures[3] =
    {
        ReferencedTextures[0] = Texture2D'Noise_005'
        ReferencedTextures[1] = Texture2D'Noise_Wave_000'
        ReferencedTextures[2] = Texture2D'AncientMechaGuardian_symbol2'
    }
    BlendMode = BLEND_Translucent (2)
    OpacityMaskClipValue = 0.333
    FlattenedTexture = None
    MobileBaseTexture = None
    MobileNormalTexture = None
    bUseMobileSpecular = false
    MobileSpecularPower = 16
    MobileSpecularMask = MSM_Constant (0)
    MobileMaskTexture = None

Object info:
============
ClassName: Material3 ObjectName: AncientMechaGuardian_symbol_MatM

    TwoSided = false
    bDisableDepthTest = false
    bIsMasked = false
    ReferencedTextures[3] =
    {
        ReferencedTextures[0] = Texture2D'Noise_005'
        ReferencedTextures[1] = Texture2D'Noise_Wave_000'
        ReferencedTextures[2] = Texture2D'AncientMechaGuardian_symbol2'
    }
    BlendMode = BLEND_Translucent (2)
    OpacityMaskClipValue = 0.333
    FlattenedTexture = None
    MobileBaseTexture = None
    MobileNormalTexture = None
    bUseMobileSpecular = false
    MobileSpecularPower = 16
    MobileSpecularMask = MSM_Constant (0)
    MobileMaskTexture = None

Object info:
============
ClassName: Material3 ObjectName: AncientMechaGuardian_trail2_MatM

    TwoSided = true
    bDisableDepthTest = false
    bIsMasked = false
    ReferencedTextures[4] =
    {
        ReferencedTextures[0] = Texture2D'Hex000_gra'
        ReferencedTextures[1] = Texture2D'Unique_Bone_N_000'
        ReferencedTextures[2] = Texture2D'Fire_003'
        ReferencedTextures[3] = Texture2D'Hex000_Tex'
    }
    BlendMode = BLEND_Additive (3)
    OpacityMaskClipValue = 0.333
    FlattenedTexture = None
    MobileBaseTexture = None
    MobileNormalTexture = None
    bUseMobileSpecular = false
    MobileSpecularPower = 16
    MobileSpecularMask = MSM_Constant (0)
    MobileMaskTexture = None

Object info:
============
ClassName: Material3 ObjectName: AncientMechaGuardian_trail_matM

    TwoSided = true
    bDisableDepthTest = false
    bIsMasked = false
    ReferencedTextures[6] =
    {
        ReferencedTextures[0] = Texture2D'Env_Fx_Resin_N'
        ReferencedTextures[1] = Texture2D'Unique_Bone_N_000'
        ReferencedTextures[2] = Texture2D'Noise_Bubble_000'
        ReferencedTextures[3] = Texture2D'Noise_005'
        ReferencedTextures[4] = Texture2D'Noise_010'
        ReferencedTextures[5] = Texture2D'Electric_Sprite_001'
    }
    BlendMode = BLEND_Additive (3)
    OpacityMaskClipValue = 0.333
    FlattenedTexture = None
    MobileBaseTexture = None
    MobileNormalTexture = None
    bUseMobileSpecular = false
    MobileSpecularPower = 16
    MobileSpecularMask = MSM_Constant (0)
    MobileMaskTexture = None

Object info:
============
ClassName: Material3 ObjectName: AncientMechaGuardianMissile_PlaneLaser

    TwoSided = true
    bDisableDepthTest = false
    bIsMasked = false
    ReferencedTextures[5] =
    {
        ReferencedTextures[0] = Texture2D'Fx_Naryu_Floor_001_ENV_N'
        ReferencedTextures[1] = Texture2D'BGFX_NightmareBeamColor_001'
        ReferencedTextures[2] = Texture2D'Fx_Naryu_Floor_001_ENV_E'
        ReferencedTextures[3] = Texture2D'Noise_005'
        ReferencedTextures[4] = Texture2D'Noise_Wave_000'
    }
    BlendMode = BLEND_Additive (3)
    OpacityMaskClipValue = 0.333
    FlattenedTexture = None
    MobileBaseTexture = None
    MobileNormalTexture = None
    bUseMobileSpecular = false
    MobileSpecularPower = 16
    MobileSpecularMask = MSM_Constant (0)
    MobileMaskTexture = None

Object info:
============
ClassName: Material3 ObjectName: AncientMechaGuardianMissile_PlaneLaser2

    TwoSided = false
    bDisableDepthTest = false
    bIsMasked = false
    ReferencedTextures[5] =
    {
        ReferencedTextures[0] = Texture2D'Fx_Naryu_Floor_001_ENV_N'
        ReferencedTextures[1] = Texture2D'BGFX_NightmareBeamColor_001'
        ReferencedTextures[2] = Texture2D'Fx_Naryu_Floor_001_ENV_E'
        ReferencedTextures[3] = Texture2D'Noise_005'
        ReferencedTextures[4] = Texture2D'Noise_Wave_000'
    }
    BlendMode = BLEND_Additive (3)
    OpacityMaskClipValue = 0.333
    FlattenedTexture = None
    MobileBaseTexture = None
    MobileNormalTexture = None
    bUseMobileSpecular = false
    MobileSpecularPower = 16
    MobileSpecularMask = MSM_Constant (0)
    MobileMaskTexture = None

Object info:
============
ClassName: Material3 ObjectName: CrystalLizard_Crystal2_Mat

    TwoSided = true
    bDisableDepthTest = false
    bIsMasked = false
    ReferencedTextures[7] =
    {
        ReferencedTextures[0] = Texture2D'CrystalLizard_Crystal'
        ReferencedTextures[1] = Texture2D'Gradient_Color_Rainbow_003'
        ReferencedTextures[2] = Texture2D'Normal_Noise_003'
        ReferencedTextures[3] = Texture2D'Noise_Bubble_000'
        ReferencedTextures[4] = Texture2D'Smoke_Pattern_001'
        ReferencedTextures[5] = Texture2D'Gradient_Line_005'
        ReferencedTextures[6] = TextureCube'lenscube'
    }
    BlendMode = BLEND_Translucent (2)
    OpacityMaskClipValue = 0.333
    FlattenedTexture = None
    MobileBaseTexture = None
    MobileNormalTexture = None
    bUseMobileSpecular = false
    MobileSpecularPower = 16
    MobileSpecularMask = MSM_Constant (0)
    MobileMaskTexture = None

Object info:
============
ClassName: Material3 ObjectName: CrystalLizard_CrystalBarrier01_mat

    TwoSided = false
    bDisableDepthTest = false
    bIsMasked = false
    ReferencedTextures[7] =
    {
        ReferencedTextures[0] = Texture2D'CrystalLizard_Crystal'
        ReferencedTextures[1] = Texture2D'Noise_013'
        ReferencedTextures[2] = Texture2D'Gradient_Slash_001_Tex'
        ReferencedTextures[3] = Texture2D'Gradient_Color_Rainbow_003'
        ReferencedTextures[4] = Texture2D'Noise_005'
        ReferencedTextures[5] = Texture2D'Noise_Plazma_002'
        ReferencedTextures[6] = Texture2D'Noise_Bubble_000'
    }
    BlendMode = BLEND_Additive (3)
    OpacityMaskClipValue = 0.333
    FlattenedTexture = None
    MobileBaseTexture = None
    MobileNormalTexture = None
    bUseMobileSpecular = false
    MobileSpecularPower = 16
    MobileSpecularMask = MSM_Constant (0)
    MobileMaskTexture = None

Object info:
============
ClassName: Material3 ObjectName: CrystalLizard_CrystalBarrier02_mat

    TwoSided = false
    bDisableDepthTest = false
    bIsMasked = false
    ReferencedTextures[9] =
    {
        ReferencedTextures[0] = Texture2D'CrystalLizard_Crystal'
        ReferencedTextures[1] = Texture2D'Noise_013'
        ReferencedTextures[2] = Texture2D'Gradient_Slash_001_Tex'
        ReferencedTextures[3] = Texture2D'Noise_005'
        ReferencedTextures[4] = Texture2D'Noise_Plazma_002'
        ReferencedTextures[5] = Texture2D'Gradient_Beam_005_YClamp'
        ReferencedTextures[6] = Texture2D'Noise_002'
        ReferencedTextures[7] = Texture2D'Gradient_009'
        ReferencedTextures[8] = Texture2D'Smoke_Fractal_002'
    }
    BlendMode = BLEND_Additive (3)
    OpacityMaskClipValue = 0.333
    FlattenedTexture = None
    MobileBaseTexture = None
    MobileNormalTexture = None
    bUseMobileSpecular = false
    MobileSpecularPower = 16
    MobileSpecularMask = MSM_Constant (0)
    MobileMaskTexture = None

Object info:
============
ClassName: Material3 ObjectName: DemongoldenBat_ChaosM

    TwoSided = false
    bDisableDepthTest = false
    bIsMasked = false
    ReferencedTextures[4] =
    {
        ReferencedTextures[0] = Texture2D'Glow_002'
        ReferencedTextures[1] = Texture2D'Noise_005'
        ReferencedTextures[2] = Texture2D'BG_SandfallNoise_001_D'
        ReferencedTextures[3] = None
    }
    BlendMode = BLEND_Additive (3)
    OpacityMaskClipValue = 0.333
    FlattenedTexture = None
    MobileBaseTexture = None
    MobileNormalTexture = None
    bUseMobileSpecular = false
    MobileSpecularPower = 16
    MobileSpecularMask = MSM_Constant (0)
    MobileMaskTexture = None

Object info:
============
ClassName: Material3 ObjectName: WaterWave003_Mat

    TwoSided = true
    bDisableDepthTest = false
    bIsMasked = false
    ReferencedTextures[3] = { Texture2D'Fire_000', Texture2D'Gradient_010', Texture2D'BGFX_AuraColor_001' }
    BlendMode = BLEND_Additive (3)
    OpacityMaskClipValue = 0.333
    FlattenedTexture = None
    MobileBaseTexture = None
    MobileNormalTexture = None
    bUseMobileSpecular = false
    MobileSpecularPower = 16
    MobileSpecularMask = MSM_Constant (0)
    MobileMaskTexture = None

Object info:
============
ClassName: Material3 ObjectName: MoonCat_Barrier02_mat

    TwoSided = false
    bDisableDepthTest = false
    bIsMasked = false
    ReferencedTextures[9] =
    {
        ReferencedTextures[0] = Texture2D'Noise_013'
        ReferencedTextures[1] = Texture2D'Gradient_Slash_001_Tex'
        ReferencedTextures[2] = Texture2D'BGFX_AuraColor_001'
        ReferencedTextures[3] = Texture2D'Noise_005'
        ReferencedTextures[4] = Texture2D'Noise_Plazma_002'
        ReferencedTextures[5] = Texture2D'Gradient_Beam_005_YClamp'
        ReferencedTextures[6] = Texture2D'Noise_002'
        ReferencedTextures[7] = Texture2D'Gradient_009'
        ReferencedTextures[8] = Texture2D'Smoke_Fractal_002'
    }
    BlendMode = BLEND_Additive (3)
    OpacityMaskClipValue = 0.333
    FlattenedTexture = None
    MobileBaseTexture = None
    MobileNormalTexture = None
    bUseMobileSpecular = false
    MobileSpecularPower = 16
    MobileSpecularMask = MSM_Constant (0)
    MobileMaskTexture = None

Object info:
============
ClassName: Material3 ObjectName: MoonCat_BarrierBase

    TwoSided = false
    bDisableDepthTest = false
    bIsMasked = false
    ReferencedTextures[1] = { None }
    BlendMode = BLEND_Translucent (2)
    OpacityMaskClipValue = 0.333
    FlattenedTexture = None
    MobileBaseTexture = None
    MobileNormalTexture = None
    bUseMobileSpecular = false
    MobileSpecularPower = 16
    MobileSpecularMask = MSM_Constant (0)
    MobileMaskTexture = None

Object info:
============
ClassName: Material3 ObjectName: MoonCat_BaseBottom

    TwoSided = false
    bDisableDepthTest = false
    bIsMasked = true
    ReferencedTextures[1] = { Texture2D'Noise_Bubble_000' }
    BlendMode = BLEND_Masked (1)
    OpacityMaskClipValue = 0.333
    FlattenedTexture = None
    MobileBaseTexture = None
    MobileNormalTexture = None
    bUseMobileSpecular = false
    MobileSpecularPower = 16
    MobileSpecularMask = MSM_Constant (0)
    MobileMaskTexture = None

Object info:
============
ClassName: Material3 ObjectName: MoonCat_DarkBase

    TwoSided = false
    bDisableDepthTest = false
    bIsMasked = false
    ReferencedTextures[8] =
    {
        ReferencedTextures[0] = Texture2D'Normal_Stone_000'
        ReferencedTextures[1] = Texture2D'Normal_Noise_004'
        ReferencedTextures[2] = Texture2D'Unique_Stone_000'
        ReferencedTextures[3] = Texture2D'Noise_010'
        ReferencedTextures[4] = Texture2D'Noise_Bubble_000'
        ReferencedTextures[5] = Texture2D'Gradient_Line_005'
        ReferencedTextures[6] = Texture2D'SystemDecal_Circle_ray_01'
        ReferencedTextures[7] = Texture2D'SystemDecal_Circle_ring'
    }
    BlendMode = BLEND_Translucent (2)
    OpacityMaskClipValue = 0.333
    FlattenedTexture = None
    MobileBaseTexture = None
    MobileNormalTexture = None
    bUseMobileSpecular = false
    MobileSpecularPower = 16
    MobileSpecularMask = MSM_Constant (0)
    MobileMaskTexture = None

Object info:
============
ClassName: Material3 ObjectName: MoonCat_Moon001_Mat

    TwoSided = true
    bDisableDepthTest = false
    bIsMasked = false
    ReferencedTextures[4] =
    {
        ReferencedTextures[0] = Texture2D'Smoke_Dust_000'
        ReferencedTextures[1] = Texture2D'Gradient_001'
        ReferencedTextures[2] = Texture2D'Sparkle_005'
        ReferencedTextures[3] = Texture2D'MoonCat_Moon_001'
    }
    BlendMode = BLEND_Additive (3)
    OpacityMaskClipValue = 0.333
    FlattenedTexture = None
    MobileBaseTexture = None
    MobileNormalTexture = None
    bUseMobileSpecular = false
    MobileSpecularPower = 16
    MobileSpecularMask = MSM_Constant (0)
    MobileMaskTexture = None

Object info:
============
ClassName: Material3 ObjectName: MoonCat_Moon002_Mat

    TwoSided = true
    bDisableDepthTest = false
    bIsMasked = false
    ReferencedTextures[5] =
    {
        ReferencedTextures[0] = Texture2D'Smoke_Ice_000'
        ReferencedTextures[1] = Texture2D'Gradient_001'
        ReferencedTextures[2] = Texture2D'Sparkle_005'
        ReferencedTextures[3] = Texture2D'MoonCat_Moon_001'
        ReferencedTextures[4] = Texture2D'SystemDecal_Mask01'
    }
    BlendMode = BLEND_Additive (3)
    OpacityMaskClipValue = 0.333
    FlattenedTexture = None
    MobileBaseTexture = None
    MobileNormalTexture = None
    bUseMobileSpecular = false
    MobileSpecularPower = 16
    MobileSpecularMask = MSM_Constant (0)
    MobileMaskTexture = None

Object info:
============
ClassName: Material3 ObjectName: MoonCat_Moon003_Mat

    TwoSided = false
    bDisableDepthTest = false
    bIsMasked = false
    ReferencedTextures[6] =
    {
        ReferencedTextures[0] = Texture2D'Smoke_Cloud_001'
        ReferencedTextures[1] = Texture2D'Damage02_Poison_mask02'
        ReferencedTextures[2] = Texture2D'Sparkle_004'
        ReferencedTextures[3] = Texture2D'Smoke_Cloud_005'
        ReferencedTextures[4] = Texture2D'Smoke_Ice_000'
        ReferencedTextures[5] = Texture2D'Gradient_001_Left'
    }
    BlendMode = BLEND_Translucent (2)
    OpacityMaskClipValue = 0.333
    FlattenedTexture = None
    MobileBaseTexture = None
    MobileNormalTexture = None
    bUseMobileSpecular = false
    MobileSpecularPower = 16
    MobileSpecularMask = MSM_Constant (0)
    MobileMaskTexture = None

Object info:
============
ClassName: Material3 ObjectName: MoonCat_Moon004_Mat

    TwoSided = true
    bDisableDepthTest = false
    bIsMasked = false
    ReferencedTextures[5] =
    {
        ReferencedTextures[0] = Texture2D'Smoke_Dust_000'
        ReferencedTextures[1] = Texture2D'Gradient_001'
        ReferencedTextures[2] = Texture2D'Sparkle_005'
        ReferencedTextures[3] = Texture2D'MoonCat_Moon_001'
        ReferencedTextures[4] = Texture2D'Env_Fx_Storm'
    }
    BlendMode = BLEND_Translucent (2)
    OpacityMaskClipValue = 0.333
    FlattenedTexture = None
    MobileBaseTexture = None
    MobileNormalTexture = None
    bUseMobileSpecular = false
    MobileSpecularPower = 16
    MobileSpecularMask = MSM_Constant (0)
    MobileMaskTexture = None

Object info:
============
ClassName: Material3 ObjectName: MoonCat_Signal02_Mat

    TwoSided = false
    bDisableDepthTest = false
    bIsMasked = false
    ReferencedTextures[1] = { Texture2D'MoonCat_Moon_002' }
    BlendMode = BLEND_Translucent (2)
    OpacityMaskClipValue = 0.333
    FlattenedTexture = None
    MobileBaseTexture = None
    MobileNormalTexture = None
    bUseMobileSpecular = false
    MobileSpecularPower = 16
    MobileSpecularMask = MSM_Constant (0)
    MobileMaskTexture = None

Object info:
============
ClassName: Material3 ObjectName: MoonCat_Signal03_Mat

    TwoSided = false
    bDisableDepthTest = false
    bIsMasked = false
    ReferencedTextures[0] = {}
    BlendMode = BLEND_Translucent (2)
    OpacityMaskClipValue = 0.333
    FlattenedTexture = None
    MobileBaseTexture = None
    MobileNormalTexture = None
    bUseMobileSpecular = false
    MobileSpecularPower = 16
    MobileSpecularMask = MSM_Constant (0)
    MobileMaskTexture = None

Object info:
============
ClassName: Material3 ObjectName: MoonCat_Signal_Mat

    TwoSided = false
    bDisableDepthTest = false
    bIsMasked = false
    ReferencedTextures[1] = { Texture2D'MoonCat_Moon_002' }
    BlendMode = BLEND_Additive (3)
    OpacityMaskClipValue = 0.333
    FlattenedTexture = None
    MobileBaseTexture = None
    MobileNormalTexture = None
    bUseMobileSpecular = false
    MobileSpecularPower = 16
    MobileSpecularMask = MSM_Constant (0)
    MobileMaskTexture = None

Object info:
============
ClassName: Material3 ObjectName: MoonCat_Transition001_MatM

    TwoSided = true
    bDisableDepthTest = false
    bIsMasked = false
    ReferencedTextures[4] =
    {
        ReferencedTextures[0] = Texture2D'Sparkle_004'
        ReferencedTextures[1] = Texture2D'Hammer_FractalLine'
        ReferencedTextures[2] = Texture2D'Sparkle_005'
        ReferencedTextures[3] = Texture2D'Aura_BlurBlue_000'
    }
    BlendMode = BLEND_Translucent (2)
    OpacityMaskClipValue = 0.333
    FlattenedTexture = None
    MobileBaseTexture = None
    MobileNormalTexture = None
    bUseMobileSpecular = false
    MobileSpecularPower = 16
    MobileSpecularMask = MSM_Constant (0)
    MobileMaskTexture = None

Object info:
============
ClassName: Material3 ObjectName: MoonCat_Transition002_MatM

    TwoSided = true
    bDisableDepthTest = false
    bIsMasked = false
    ReferencedTextures[5] =
    {
        ReferencedTextures[0] = Texture2D'Smoke_Dust_000'
        ReferencedTextures[1] = Texture2D'Gradient_001'
        ReferencedTextures[2] = Texture2D'Sparkle_005'
        ReferencedTextures[3] = Texture2D'mooncat_line'
        ReferencedTextures[4] = Texture2D'Env_Fx_Storm'
    }
    BlendMode = BLEND_Translucent (2)
    OpacityMaskClipValue = 0.333
    FlattenedTexture = None
    MobileBaseTexture = None
    MobileNormalTexture = None
    bUseMobileSpecular = false
    MobileSpecularPower = 16
    MobileSpecularMask = MSM_Constant (0)
    MobileMaskTexture = None

Object info:
============
ClassName: Material3 ObjectName: MoonCat_Wave001_MatM

    TwoSided = true
    bDisableDepthTest = false
    bIsMasked = false
    ReferencedTextures[9] =
    {
        ReferencedTextures[0] = Texture2D'Sparkle_000'
        ReferencedTextures[1] = Texture2D'Ref_Cool_NRM'
        ReferencedTextures[2] = Texture2D'Gradient_Color_RedToOrange_000'
        ReferencedTextures[3] = Texture2D'Env_Fx_Storm'
        ReferencedTextures[4] = Texture2D'Sparkle_005'
        ReferencedTextures[5] = Texture2D'Smoke_Cloud_005'
        ReferencedTextures[6] = Texture2D'Unique_Stone_001'
        ReferencedTextures[7] = Texture2D'Gradient_Line_R_clamp'
        ReferencedTextures[8] = Texture2D'Gradient_Line_005'
    }
    BlendMode = BLEND_Additive (3)
    OpacityMaskClipValue = 0.333
    FlattenedTexture = None
    MobileBaseTexture = None
    MobileNormalTexture = None
    bUseMobileSpecular = false
    MobileSpecularPower = 16
    MobileSpecularMask = MSM_Constant (0)
    MobileMaskTexture = None

Object info:
============
ClassName: Material3 ObjectName: PekingOpera_Seed_Flower

    TwoSided = true
    bDisableDepthTest = false
    bIsMasked = false
    ReferencedTextures[8] =
    {
        ReferencedTextures[0] = Texture2D'TakgiPlant_01'
        ReferencedTextures[1] = Texture2D'Gradient_Beam_005_YClamp'
        ReferencedTextures[2] = Texture2D'Noise_002'
        ReferencedTextures[3] = Texture2D'Gradient_Line_004'
        ReferencedTextures[4] = Texture2D'Smoke_Cloud_005'
        ReferencedTextures[5] = Texture2D'T_MukHwa_e2'
        ReferencedTextures[6] = Texture2D'T_MukHwa_s2'
        ReferencedTextures[7] = Texture2D'Gradient_Half_000'
    }
    BlendMode = BLEND_Additive (3)
    OpacityMaskClipValue = 0.333
    FlattenedTexture = None
    MobileBaseTexture = None
    MobileNormalTexture = None
    bUseMobileSpecular = false
    MobileSpecularPower = 16
    MobileSpecularMask = MSM_Constant (0)
    MobileMaskTexture = None

Object info:
============
ClassName: Material3 ObjectName: Sharkman_Wave001_MatM

    TwoSided = true
    bDisableDepthTest = false
    bIsMasked = false
    ReferencedTextures[8] =
    {
        ReferencedTextures[0] = Texture2D'Normal_Noise_003'
        ReferencedTextures[1] = Texture2D'Noise_019'
        ReferencedTextures[2] = Texture2D'Water_001_01_N_Wave3'
        ReferencedTextures[3] = Texture2D'Unique_Stone_001'
        ReferencedTextures[4] = Texture2D'Noise_002'
        ReferencedTextures[5] = Texture2D'Gradient_Line_001_YClamp'
        ReferencedTextures[6] = Texture2D'Gradient_Half_000'
        ReferencedTextures[7] = None
    }
    BlendMode = BLEND_Additive (3)
    OpacityMaskClipValue = 0.333
    FlattenedTexture = None
    MobileBaseTexture = None
    MobileNormalTexture = None
    bUseMobileSpecular = false
    MobileSpecularPower = 16
    MobileSpecularMask = MSM_Constant (0)
    MobileMaskTexture = None

Object info:
============
ClassName: MaterialInstanceConstant ObjectName: AncientMechaGuardian_PlaneLaserA_MI

    ScalarParameterValues[0] = {}
    TextureParameterValues[0] = {}
    VectorParameterValues[0] = {}
    Parent = Material3'AncientMechaGuardian_PlaneLaserA_Mat'
    FlattenedTexture = None
    MobileBaseTexture = None
    MobileNormalTexture = None
    bUseMobileSpecular = false
    MobileSpecularPower = 16
    MobileSpecularMask = MSM_Constant (0)
    MobileMaskTexture = None

Object info:
============
ClassName: MaterialInstanceConstant ObjectName: AncientMechaGuardian_PlaneLaserB_MI

    ScalarParameterValues[0] = {}
    TextureParameterValues[1] =
    {
        TextureParameterValues[0] =
        {
            ParameterName = Symbol_Texture
            ParameterValue = Texture2D'AncientMechaGuardian_planeB'
        }
    }
    VectorParameterValues[5] =
    {
        VectorParameterValues[0] =
        {
            ParameterName = DecoColor1
            ParameterValue = { R=0.93, G=0.45, B=0.3, A=1 }
        }
        VectorParameterValues[1] =
        {
            ParameterName = DecoColor2
            ParameterValue = { R=6, G=4, B=2, A=1 }
        }
        VectorParameterValues[2] =
        {
            ParameterName = WordColor
            ParameterValue = { R=0.9, G=0.4, B=0.2, A=1 }
        }
        VectorParameterValues[3] =
        {
            ParameterName = WaveColor
            ParameterValue = { R=0.8, G=0.2, B=0.1, A=1 }
        }
        VectorParameterValues[4] =
        {
            ParameterName = BGColor
            ParameterValue = { R=0.932277, G=0.3, B=0.160444, A=1 }
        }
    }
    Parent = Material3'AncientMechaGuardian_PlaneLaserA_Mat'
    FlattenedTexture = None
    MobileBaseTexture = None
    MobileNormalTexture = None
    bUseMobileSpecular = false
    MobileSpecularPower = 16
    MobileSpecularMask = MSM_Constant (0)
    MobileMaskTexture = None

Object info:
============
ClassName: MaterialInstanceConstant ObjectName: AncientMechaGuardian_PlaneLaserC_MI

    ScalarParameterValues[0] = {}
    TextureParameterValues[1] =
    {
        TextureParameterValues[0] =
        {
            ParameterName = Symbol_Texture
            ParameterValue = Texture2D'AncientMechaGuardian_planeC'
        }
    }
    VectorParameterValues[5] =
    {
        VectorParameterValues[0] =
        {
            ParameterName = DecoColor1
            ParameterValue = { R=0.93, G=0.45, B=0.3, A=1 }
        }
        VectorParameterValues[1] =
        {
            ParameterName = DecoColor2
            ParameterValue = { R=6, G=4, B=2, A=1 }
        }
        VectorParameterValues[2] =
        {
            ParameterName = WordColor
            ParameterValue = { R=0.9, G=0.4, B=0.2, A=1 }
        }
        VectorParameterValues[3] =
        {
            ParameterName = WaveColor
            ParameterValue = { R=0.8, G=0.2, B=0.1, A=1 }
        }
        VectorParameterValues[4] =
        {
            ParameterName = BGColor
            ParameterValue = { R=0.932277, G=0.3, B=0.160444, A=1 }
        }
    }
    Parent = Material3'AncientMechaGuardian_PlaneLaserA_Mat'
    FlattenedTexture = None
    MobileBaseTexture = None
    MobileNormalTexture = None
    bUseMobileSpecular = false
    MobileSpecularPower = 16
    MobileSpecularMask = MSM_Constant (0)
    MobileMaskTexture = None

Object info:
============
ClassName: MaterialInstanceConstant ObjectName: AncientMechaGuardian_symbol2_Mat_INST

    ScalarParameterValues[0] = {}
    TextureParameterValues[2] =
    {
        TextureParameterValues[0] = { ParameterName=None, ParameterValue=Texture2D'AncientMechaGuardian_symbol2' }
        TextureParameterValues[1] = { ParameterName=Tex, ParameterValue=Texture2D'AncientMechaGuardian_Naryu002_tex' }
    }
    VectorParameterValues[3] =
    {
        VectorParameterValues[0] =
        {
            ParameterName = color01
            ParameterValue = { R=5, G=5, B=5, A=1 }
        }
        VectorParameterValues[1] =
        {
            ParameterName = color02
            ParameterValue = { R=1, G=1.5, B=2, A=1 }
        }
        VectorParameterValues[2] =
        {
            ParameterName = color03
            ParameterValue = { R=1, G=1, B=1, A=1 }
        }
    }
    Parent = Material3'AncientMechaGuardian_symbol2_Mat'
    FlattenedTexture = None
    MobileBaseTexture = None
    MobileNormalTexture = None
    bUseMobileSpecular = false
    MobileSpecularPower = 16
    MobileSpecularMask = MSM_Constant (0)
    MobileMaskTexture = None

Object info:
============
ClassName: MaterialInstanceConstant ObjectName: AncientMechaGuardian_symbol2_Mat_INST2

    ScalarParameterValues[0] = {}
    TextureParameterValues[2] =
    {
        TextureParameterValues[0] = { ParameterName=None, ParameterValue=Texture2D'AncientMechaGuardian_symbol2' }
        TextureParameterValues[1] = { ParameterName=Tex, ParameterValue=Texture2D'AncientMechaGuardian_Naryu001_tex' }
    }
    VectorParameterValues[3] =
    {
        VectorParameterValues[0] =
        {
            ParameterName = color01
            ParameterValue = { R=5, G=5, B=5, A=1 }
        }
        VectorParameterValues[1] =
        {
            ParameterName = color02
            ParameterValue = { R=1, G=1.5, B=2, A=1 }
        }
        VectorParameterValues[2] =
        {
            ParameterName = color03
            ParameterValue = { R=1, G=1, B=1, A=1 }
        }
    }
    Parent = Material3'AncientMechaGuardian_symbol2_Mat'
    FlattenedTexture = None
    MobileBaseTexture = None
    MobileNormalTexture = None
    bUseMobileSpecular = false
    MobileSpecularPower = 16
    MobileSpecularMask = MSM_Constant (0)
    MobileMaskTexture = None

Object info:
============
ClassName: MaterialInstanceConstant ObjectName: AncientMechaGuardian_symbol2_Mat_INST3

    ScalarParameterValues[0] = {}
    TextureParameterValues[2] =
    {
        TextureParameterValues[0] = { ParameterName=None, ParameterValue=Texture2D'AncientMechaGuardian_symbol2' }
        TextureParameterValues[1] = { ParameterName=Tex, ParameterValue=Texture2D'AncientMechaGuardian_Naryu003_tex' }
    }
    VectorParameterValues[3] =
    {
        VectorParameterValues[0] =
        {
            ParameterName = color01
            ParameterValue = { R=5, G=5, B=5, A=1 }
        }
        VectorParameterValues[1] =
        {
            ParameterName = color02
            ParameterValue = { R=1, G=1.5, B=2, A=1 }
        }
        VectorParameterValues[2] =
        {
            ParameterName = color03
            ParameterValue = { R=1, G=1, B=1, A=1 }
        }
    }
    Parent = Material3'AncientMechaGuardian_symbol2_Mat'
    FlattenedTexture = None
    MobileBaseTexture = None
    MobileNormalTexture = None
    bUseMobileSpecular = false
    MobileSpecularPower = 16
    MobileSpecularMask = MSM_Constant (0)
    MobileMaskTexture = None

Object info:
============
ClassName: MaterialInstanceConstant ObjectName: AncientMechamonk_Square_Mat1_INST

    ScalarParameterValues[0] = {}
    TextureParameterValues[1] =
    {
        TextureParameterValues[0] = { ParameterName=alpha_TEX, ParameterValue=Texture2D'AncientMechaMonk_BoxLine3' }
    }
    VectorParameterValues[6] =
    {
        VectorParameterValues[0] =
        {
            ParameterName = dissolve_alpha
            ParameterValue = { R=1, G=1, B=0, A=1 }
        }
        VectorParameterValues[1] =
        {
            ParameterName = ParmOutlineSize
            ParameterValue = { R=5, G=5, B=1, A=1 }
        }
        VectorParameterValues[2] =
        {
            ParameterName = ParmSize
            ParameterValue = { R=0, G=100, B=100, A=1 }
        }
        VectorParameterValues[3] =
        {
            ParameterName = ParmBackDist
            ParameterValue = { R=0, G=100, B=100, A=1 }
        }
        VectorParameterValues[4] =
        {
            ParameterName = ParmFrontDist
            ParameterValue = { R=0, G=100, B=100, A=1 }
        }
        VectorParameterValues[5] =
        {
            ParameterName = dissolve_color
            ParameterValue = { R=1, G=1, B=1, A=1 }
        }
    }
    Parent = Material3'AncientMechamonk_Square_Mat1'
    FlattenedTexture = None
    MobileBaseTexture = None
    MobileNormalTexture = None
    bUseMobileSpecular = false
    MobileSpecularPower = 16
    MobileSpecularMask = MSM_Constant (0)
    MobileMaskTexture = None

Object info:
============
ClassName: MaterialInstanceConstant ObjectName: CrystalLizard_Crystal2_MI

    ScalarParameterValues[12] =
    {
        ScalarParameterValues[0] = { ParameterName=BaseDiffuseNormal_Intensity, ParameterValue=1 }
        ScalarParameterValues[1] = { ParameterName=SnowDotSpecular_Intensity, ParameterValue=1000 }
        ScalarParameterValues[2] = { ParameterName=SnowDotSpecularTexture_Vcoord, ParameterValue=1 }
        ScalarParameterValues[3] = { ParameterName=SnowDotSpecularTexture_Ucoord, ParameterValue=3 }
        ScalarParameterValues[4] = { ParameterName=SnowDotSpecularNoise_Speed, ParameterValue=0.2 }
        ScalarParameterValues[5] = { ParameterName=SnowDotSpecularNoiseTexture_Vcoord, ParameterValue=1 }
        ScalarParameterValues[6] = { ParameterName=SnowDotSpecularNoiseTexture_Ucoord, ParameterValue=1 }
        ScalarParameterValues[7] = { ParameterName=Opacity, ParameterValue=0.8 }
        ScalarParameterValues[8] = { ParameterName=Diffuse_Power, ParameterValue=1 }
        ScalarParameterValues[9] = { ParameterName=Diffuse_Opacity, ParameterValue=1 }
        ScalarParameterValues[10] = { ParameterName=Crystal_cube_Power, ParameterValue=2 }
        ScalarParameterValues[11] = { ParameterName=TextureDesaturation, ParameterValue=0.55 }
    }
    TextureParameterValues[6] =
    {
        TextureParameterValues[0] =
        {
            ParameterName = BaseNormalBumpTexture
            ParameterValue = Texture2D'CrystalLizard_Crystal'
        }
        TextureParameterValues[1] = { ParameterName=Normal, ParameterValue=Texture2D'CrystalLizard_Crystal' }
        TextureParameterValues[2] =
        {
            ParameterName = SnowDotSpecularTexture
            ParameterValue = Texture2D'CrystalLizard_Crystal'
        }
        TextureParameterValues[3] =
        {
            ParameterName = SnowDotSpecularNoiseTexture
            ParameterValue = Texture2D'Noise_Bubble_000'
        }
        TextureParameterValues[4] = { ParameterName=DiffuseTexture, ParameterValue=Texture2D'CrystalLizard_Crystal' }
        TextureParameterValues[5] = { ParameterName=Crystal_cubemap, ParameterValue=TextureCube'lenscube_c' }
    }
    VectorParameterValues[6] =
    {
        VectorParameterValues[0] =
        {
            ParameterName = M_dissolve
            ParameterValue = { R=6, G=0, B=0, A=1 }
        }
        VectorParameterValues[1] =
        {
            ParameterName = M_Alpha
            ParameterValue = { R=1, G=1, B=1, A=1 }
        }
        VectorParameterValues[2] =
        {
            ParameterName = SnowDotSpecular_Color
            ParameterValue = { R=0.11, G=0.11, B=0.8, A=1 }
        }
        VectorParameterValues[3] =
        {
            ParameterName = m_Fresnel_color
            ParameterValue = { R=1, G=1, B=1, A=1 }
        }
        VectorParameterValues[4] =
        {
            ParameterName = m_Fresnel_Power
            ParameterValue = { R=0.1, G=0.1, B=3, A=1 }
        }
        VectorParameterValues[5] =
        {
            ParameterName = M_Color
            ParameterValue = { R=1, G=1, B=2, A=1 }
        }
    }
    Parent = Material3'CrystalLizard_Crystal2_Mat'
    FlattenedTexture = None
    MobileBaseTexture = None
    MobileNormalTexture = None
    bUseMobileSpecular = false
    MobileSpecularPower = 16
    MobileSpecularMask = MSM_Constant (0)
    MobileMaskTexture = None

Object info:
============
ClassName: MaterialInstanceConstant ObjectName: DemonBoss_LaserDecal_Dragon_Normal_MI

    ScalarParameterValues[0] = {}
    TextureParameterValues[0] = {}
    VectorParameterValues[0] = {}
    Parent = Material3'DemonBoss_LaserDecal_Dragon_Normal_MatM'
    FlattenedTexture = None
    MobileBaseTexture = None
    MobileNormalTexture = None
    bUseMobileSpecular = false
    MobileSpecularPower = 16
    MobileSpecularMask = MSM_Constant (0)
    MobileMaskTexture = None

Object info:
============
ClassName: MaterialInstanceConstant ObjectName: SandTemple_Decal_Ring_INST

    ScalarParameterValues[0] = {}
    TextureParameterValues[1] =
    {
        TextureParameterValues[0] = { ParameterName=TEx01, ParameterValue=Texture2D'SystemDecal_Shape_donut_001_02' }
    }
    VectorParameterValues[4] =
    {
        VectorParameterValues[0] =
        {
            ParameterName = InAlphaOffset
            ParameterValue = { R=5, G=1, B=5, A=1 }
        }
        VectorParameterValues[1] =
        {
            ParameterName = ParmSize
            ParameterValue = { R=75, G=0, B=0, A=1 }
        }
        VectorParameterValues[2] =
        {
            ParameterName = OutAlphaOffset
            ParameterValue = { R=1, G=2, B=1, A=1 }
        }
        VectorParameterValues[3] =
        {
            ParameterName = AlphaOffset
            ParameterValue = { R=1, G=1, B=10, A=1 }
        }
    }
    Parent = Material3'SandTemple_Decal_Ring'
    FlattenedTexture = None
    MobileBaseTexture = None
    MobileNormalTexture = None
    bUseMobileSpecular = false
    MobileSpecularPower = 16
    MobileSpecularMask = MSM_Constant (0)
    MobileMaskTexture = None

Object info:
============
ClassName: MaterialInstanceConstant ObjectName: WaterWave003_Mat_INST

    ScalarParameterValues[0] = {}
    TextureParameterValues[0] = {}
    VectorParameterValues[3] =
    {
        VectorParameterValues[0] =
        {
            ParameterName = Color005
            ParameterValue = { R=1, G=1.3, B=1.4, A=1 }
        }
        VectorParameterValues[1] =
        {
            ParameterName = Color002
            ParameterValue = { R=0.8, G=1.5, B=2.6, A=4 }
        }
        VectorParameterValues[2] =
        {
            ParameterName = Color001
            ParameterValue = { R=0.4, G=0.5, B=5, A=0.3 }
        }
    }
    Parent = Material3'Mat.WaterWave003_Mat'
    FlattenedTexture = None
    MobileBaseTexture = None
    MobileNormalTexture = None
    bUseMobileSpecular = false
    MobileSpecularPower = 16
    MobileSpecularMask = MSM_Constant (0)
    MobileMaskTexture = None

Object info:
============
ClassName: StaticMesh3 ObjectName: AncientMechaGuardian_SymbolFloor_SM

    BodySetup = None
    UseSimpleLineCollision = false
    UseSimpleBoxCollision = false
    UseSimpleRigidBodyCollision = false
    UseFullPrecisionUVs = false
    Bounds =
    {
        Origin = { X=198.955, Y=0.00325012, Z=30.2396 }
        BoxExtent = { X=140.24, Y=29.7836, Z=29.9215 }
        SphereRadius = 146.456
    }
    CanCompressPositions = false
    CanStripNormalsAndTangents = false
    InternalVersion = 18


    Lods[1] =
    {
        Lods[0] =
        {
            Sections[1] =
            {
                Sections[0] = { Material=Material3'001_Mesh_Default_MatM', FirstIndex=0, NumFaces=12 }
            }
            NumVerts = 48
            IndexCount = 36
            NumTexCoords = 1
        }
    }
    LodCount = 1

Object info:
============
ClassName: StaticMesh3 ObjectName: AncientMechaGuardian_SymbolWall_SM

    BodySetup = None
    UseSimpleLineCollision = false
    UseSimpleBoxCollision = false
    UseSimpleRigidBodyCollision = false
    UseFullPrecisionUVs = false
    Bounds =
    {
        Origin = { X=199.401, Y=-4.95911e-005, Z=30.203 }
        BoxExtent = { X=199.062, Y=29.7836, Z=29.9215 }
        SphereRadius = 203.489
    }
    CanCompressPositions = false
    CanStripNormalsAndTangents = false
    InternalVersion = 18


    Lods[1] =
    {
        Lods[0] =
        {
            Sections[1] =
            {
                Sections[0] = { Material=Material3'001_Mesh_Default_MatM', FirstIndex=0, NumFaces=12 }
            }
            NumVerts = 48
            IndexCount = 36
            NumTexCoords = 1
        }
    }
    LodCount = 1

Object info:
============
ClassName: StaticMesh3 ObjectName: AncientMechaGuardian_WallSide_SM

    BodySetup = None
    UseSimpleLineCollision = false
    UseSimpleBoxCollision = false
    UseSimpleRigidBodyCollision = false
    UseFullPrecisionUVs = false
    Bounds =
    {
        Origin = { X=199.401, Y=-4.95911e-005, Z=30.203 }
        BoxExtent = { X=199.062, Y=29.7836, Z=29.9215 }
        SphereRadius = 203.489
    }
    CanCompressPositions = false
    CanStripNormalsAndTangents = false
    InternalVersion = 18


    Lods[1] =
    {
        Lods[0] =
        {
            Sections[1] =
            {
                Sections[0] = { Material=Material3'001_Mesh_Default_MatM', FirstIndex=0, NumFaces=8 }
            }
            NumVerts = 32
            IndexCount = 24
            NumTexCoords = 1
        }
    }
    LodCount = 1

Object info:
============
ClassName: StaticMesh3 ObjectName: AncientMechaGuardian_wallsignal_sm

    BodySetup = None
    UseSimpleLineCollision = false
    UseSimpleBoxCollision = false
    UseSimpleRigidBodyCollision = false
    UseFullPrecisionUVs = false
    Bounds =
    {
        Origin = { X=199.401, Y=-30.2, Z=0.28155 }
        BoxExtent = { X=199.062, Y=29.7835, Z=4.99934e-005 }
        SphereRadius = 201.277
    }
    CanCompressPositions = false
    CanStripNormalsAndTangents = false
    InternalVersion = 18


    Lods[1] =
    {
        Lods[0] =
        {
            Sections[1] =
            {
                Sections[0] = { Material=Material3'001_Mesh_Default_MatM', FirstIndex=0, NumFaces=2 }
            }
            NumVerts = 8
            IndexCount = 6
            NumTexCoords = 1
        }
    }
    LodCount = 1

Object info:
============
ClassName: StaticMesh3 ObjectName: RuneMechaTombSoldier_Bullet

    BodySetup = None
    UseSimpleLineCollision = false
    UseSimpleBoxCollision = false
    UseSimpleRigidBodyCollision = false
    UseFullPrecisionUVs = false
    Bounds =
    {
        Origin = { X=0, Y=0.603499, Z=0 }
        BoxExtent = { X=4.7015, Y=15.6711, Z=4.6292 }
        SphereRadius = 16.1522
    }
    CanCompressPositions = false
    CanStripNormalsAndTangents = false
    InternalVersion = 18


    Lods[1] =
    {
        Lods[0] =
        {
            Sections[1] =
            {
                Sections[0] = { Material=Material3'001_Mesh_Default_MatM', FirstIndex=0, NumFaces=376 }
            }
            NumVerts = 712
            IndexCount = 1128
            NumTexCoords = 1
        }
    }
    LodCount = 1

Object info:
============
ClassName: Texture2D ObjectName: AncientMechaGuardian_DeathFloor_tex

    SizeX = 256
    SizeY = 256
    Format = PF_DXT5 (7)
    AddressX = TA_Wrap (0)
    AddressY = TA_Wrap (0)
    TextureFileCacheName = None
    MipTailBaseIdx = 8
    bForcePVRTC4 = false
    UnpackMin[4] = { 0, 0, 0, 0 }
    UnpackMax[4] = { 1, 1, 1, 1 }

Object info:
============
ClassName: Texture2D ObjectName: AncientMechaGuardian_Naryu001_tex

    SizeX = 256
    SizeY = 256
    Format = PF_DXT1 (5)
    AddressX = TA_Wrap (0)
    AddressY = TA_Wrap (0)
    TextureFileCacheName = None
    MipTailBaseIdx = 8
    bForcePVRTC4 = false
    UnpackMin[4] = { 0, 0, 0, 0 }
    UnpackMax[4] = { 1, 1, 1, 1 }

Object info:
============
ClassName: Texture2D ObjectName: AncientMechaGuardian_Naryu002_tex

    SizeX = 256
    SizeY = 256
    Format = PF_DXT1 (5)
    AddressX = TA_Wrap (0)
    AddressY = TA_Wrap (0)
    TextureFileCacheName = None
    MipTailBaseIdx = 8
    bForcePVRTC4 = false
    UnpackMin[4] = { 0, 0, 0, 0 }
    UnpackMax[4] = { 1, 1, 1, 1 }

Object info:
============
ClassName: Texture2D ObjectName: AncientMechaGuardian_Naryu003_tex

    SizeX = 512
    SizeY = 512
    Format = PF_DXT1 (5)
    AddressX = TA_Wrap (0)
    AddressY = TA_Wrap (0)
    TextureFileCacheName = None
    MipTailBaseIdx = 9
    bForcePVRTC4 = false
    UnpackMin[4] = { 0, 0, 0, 0 }
    UnpackMax[4] = { 1, 1, 1, 1 }

Object info:
============
ClassName: Texture2D ObjectName: AncientMechaGuardian_planeA

    SizeX = 512
    SizeY = 512
    Format = PF_DXT1 (5)
    AddressX = TA_Wrap (0)
    AddressY = TA_Wrap (0)
    TextureFileCacheName = None
    MipTailBaseIdx = 9
    bForcePVRTC4 = false
    UnpackMin[4] = { 0, 0, 0, 0 }
    UnpackMax[4] = { 1, 1, 1, 1 }

Object info:
============
ClassName: Texture2D ObjectName: AncientMechaGuardian_planeB

    SizeX = 512
    SizeY = 512
    Format = PF_DXT1 (5)
    AddressX = TA_Wrap (0)
    AddressY = TA_Wrap (0)
    TextureFileCacheName = None
    MipTailBaseIdx = 9
    bForcePVRTC4 = false
    UnpackMin[4] = { 0, 0, 0, 0 }
    UnpackMax[4] = { 1, 1, 1, 1 }

Object info:
============
ClassName: Texture2D ObjectName: AncientMechaGuardian_planeC

    SizeX = 512
    SizeY = 512
    Format = PF_DXT1 (5)
    AddressX = TA_Wrap (0)
    AddressY = TA_Wrap (0)
    TextureFileCacheName = None
    MipTailBaseIdx = 9
    bForcePVRTC4 = false
    UnpackMin[4] = { 0, 0, 0, 0 }
    UnpackMax[4] = { 1, 1, 1, 1 }

Object info:
============
ClassName: Texture2D ObjectName: AncientMechaGuardian_symbol2

    SizeX = 1024
    SizeY = 1024
    Format = PF_G8 (3)
    AddressX = TA_Wrap (0)
    AddressY = TA_Wrap (0)
    TextureFileCacheName = None
    MipTailBaseIdx = 10
    bForcePVRTC4 = false
    UnpackMin[4] = { 0, 0, 0, 0 }
    UnpackMax[4] = { 1, 1, 1, 1 }

Object info:
============
ClassName: Texture2D ObjectName: Fx_Naryu_Floor_001_ENV_E

    SizeX = 256
    SizeY = 256
    Format = PF_DXT1 (5)
    AddressX = TA_Wrap (0)
    AddressY = TA_Wrap (0)
    TextureFileCacheName = None
    MipTailBaseIdx = 8
    bForcePVRTC4 = false
    UnpackMin[4] = { 0, 0, 0, 0 }
    UnpackMax[4] = { 1, 1, 1, 1 }

Object info:
============
ClassName: Texture2D ObjectName: Fx_Naryu_Floor_001_ENV_N

    SizeX = 256
    SizeY = 256
    Format = PF_DXT1 (5)
    AddressX = TA_Wrap (0)
    AddressY = TA_Wrap (0)
    TextureFileCacheName = None
    MipTailBaseIdx = 8
    bForcePVRTC4 = false
    UnpackMin[4] = { 0, 0, 0, 0 }
    UnpackMax[4] = { 1, 1, 1, 1 }
