Found 32768 game files (1766 skipped)
Loading package: 00048584.upk Ver: 573/1 Engine: 4205 Names: 110 Exports: 1 Imports: 24 Game: 801A
Loading MaterialInstanceConstant col16 from package 00048584.upk
Loading package: 00046291.upk Ver: 573/1 Engine: 4205 Names: 62 Exports: 33 Imports: 2 Game: 801A
Loading package: 00002640.upk Ver: 573/1 Engine: 4205 Names: 291 Exports: 507 Imports: 3 Game: 801A
Loading package: 00012963.upk Ver: 573/1 Engine: 4205 Names: 1386 Exports: 1362 Imports: 10 Game: 801A
Loading package: 00048413.upk Ver: 573/1 Engine: 4205 Names: 382 Exports: 1536 Imports: 150 Game: 801A
Loading package: 00048024.upk Ver: 573/1 Engine: 4205 Names: 187 Exports: 221 Imports: 48 Game: 801A
Loading Texture2D 070011_Autoscale_col1_N from package 00046291.upk
Loading Texture2D 070011_Autoscale_col1_M from package 00046291.upk
Loading Texture2D 070011_Autoscale_col12_D from package 00046291.upk
Loading Texture2D 070011_Autoscale_col12_S from package 00046291.upk
Loading TextureCube lenscube from package 00002640.upk
Loading Texture2D 070011_Autoscale_col12_E from package 00046291.upk
Loading Texture2D Env_Fx_Storm from package 00012963.upk
Loading Texture2D Smoke_Pattern_001 from package 00012963.upk
Loading Texture2D FX_Mask_070011 from package 00048413.upk
Loading Material3 Basic_FX_070005_ from package 00048024.upk
Loading package: 00002620.upk Ver: 573/1 Engine: 4205 Names: 576 Exports: 7687 Imports: 96 Game: 801A
Loading Texture2D CubemapFace0 from package 00002640.upk
Loading Texture2D CubemapFace1 from package 00002640.upk
Loading Texture2D CubemapFace2 from package 00002640.upk
Loading Texture2D CubemapFace3 from package 00002640.upk
Loading Texture2D CubemapFace4 from package 00002640.upk
Loading Texture2D CubemapFace5 from package 00002640.upk
Loading Texture2D check_n from package 00002620.upk
Loading Texture2D check from package 00002620.upk
Loading Texture2D Gradient_Line_003 from package 00012963.upk
Loading Texture2D Gradient_Wipe_BurnOut_Mask_TEST from package 00012963.upk
Loading Texture2D Gradient_Wipe_BurnOut_Mask from package 00012963.upk
Loaded in 0.13 sec, 3583 allocs, 1.51 MBytes serialized in 220438 calls.

Object info:
============
ClassName: MaterialInstanceConstant ObjectName: col16

    ScalarParameterValues[12] =
    {
        ScalarParameterValues[0] = { ParameterName=Transmission_value, ParameterValue=0.5 }
        ScalarParameterValues[1] = { ParameterName=Glossiness1, ParameterValue=10 }
        ScalarParameterValues[2] = { ParameterName=Glossiness2, ParameterValue=50 }
        ScalarParameterValues[3] = { ParameterName=Specular_value, ParameterValue=2 }
        ScalarParameterValues[4] = { ParameterName=HighLight_Value, ParameterValue=1 }
        ScalarParameterValues[5] = { ParameterName=HighLight_glossiness, ParameterValue=500 }
        ScalarParameterValues[6] = { ParameterName=Emissive_value, ParameterValue=1.5 }
        ScalarParameterValues[7] = { ParameterName=Emissive_value2, ParameterValue=4 }
        ScalarParameterValues[8] = { ParameterName=RGB_Alpha_Lerp_L, ParameterValue=0 }
        ScalarParameterValues[9] = { ParameterName=RGB_Alpha_Lerp_R, ParameterValue=0 }
        ScalarParameterValues[10] = { ParameterName=Fresnel Value, ParameterValue=10 }
        ScalarParameterValues[11] = { ParameterName=Fresnel exponent, ParameterValue=0 }
    }
    TextureParameterValues[9] =
    {
        TextureParameterValues[0] = { ParameterName=Normal, ParameterValue=Texture2D'070011_Autoscale_col1_N' }
        TextureParameterValues[1] = { ParameterName=Mask_GB, ParameterValue=Texture2D'070011_Autoscale_col1_M' }
        TextureParameterValues[2] = { ParameterName=Diffuse, ParameterValue=Texture2D'070011_Autoscale_col12_D' }
        TextureParameterValues[3] = { ParameterName=Specular, ParameterValue=Texture2D'070011_Autoscale_col12_S' }
        TextureParameterValues[4] = { ParameterName=rf_cube, ParameterValue=TextureCube'lenscube' }
        TextureParameterValues[5] = { ParameterName=Emissive, ParameterValue=Texture2D'070011_Autoscale_col12_E' }
        TextureParameterValues[6] = { ParameterName=sample2, ParameterValue=Texture2D'Env_Fx_Storm' }
        TextureParameterValues[7] = { ParameterName=Sample1, ParameterValue=Texture2D'Smoke_Pattern_001' }
        TextureParameterValues[8] = { ParameterName=FX_Mask, ParameterValue=Texture2D'FX_Mask_070011' }
    }
    VectorParameterValues[19] =
    {
        VectorParameterValues[0] =
        {
            ParameterName = AC_color
            ParameterValue = { R=1, G=1, B=1, A=1 }
        }
        VectorParameterValues[1] =
        {
            ParameterName = Mesh_trangition
            ParameterValue = { R=0, G=0, B=0, A=1 }
        }
        VectorParameterValues[2] =
        {
            ParameterName = AC_specular
            ParameterValue = { R=1, G=1, B=1, A=1 }
        }
        VectorParameterValues[3] =
        {
            ParameterName = Reflection_value
            ParameterValue = { R=0.7815, G=0.68, B=0.39, A=1 }
        }
        VectorParameterValues[4] =
        {
            ParameterName = HighLight_Color
            ParameterValue = { R=1, G=1, B=1, A=1 }
        }
        VectorParameterValues[5] =
        {
            ParameterName = Fresnel_color
            ParameterValue = { R=0, G=0, B=0, A=1 }
        }
        VectorParameterValues[6] =
        {
            ParameterName = Fresnel_Power
            ParameterValue = { R=0, G=0, B=0, A=1 }
        }
        VectorParameterValues[7] =
        {
            ParameterName = Burn_Color
            ParameterValue = { R=0, G=0, B=0, A=1 }
        }
        VectorParameterValues[8] =
        {
            ParameterName = Fx_Glow_power
            ParameterValue = { R=0, G=0, B=0, A=1 }
        }
        VectorParameterValues[9] =
        {
            ParameterName = Glow_Trangition
            ParameterValue = { R=0, G=0, B=0, A=1 }
        }
        VectorParameterValues[10] =
        {
            ParameterName = Fx_Glow_color
            ParameterValue = { R=0, G=0, B=0, A=1 }
        }
        VectorParameterValues[11] =
        {
            ParameterName = Fx_Glow_power_L
            ParameterValue = { R=5, G=0, B=0, A=1 }
        }
        VectorParameterValues[12] =
        {
            ParameterName = Glow_Trangition_L
            ParameterValue = { R=12, G=0, B=0, A=1 }
        }
        VectorParameterValues[13] =
        {
            ParameterName = Tex_Mask_switch_L
            ParameterValue = { R=3, G=0, B=0, A=1 }
        }
        VectorParameterValues[14] =
        {
            ParameterName = Fx_Glow_color_L
            ParameterValue = { R=3, G=0.63, B=0.1, A=1 }
        }
        VectorParameterValues[15] =
        {
            ParameterName = Fx_Glow_power_R
            ParameterValue = { R=0, G=0, B=0, A=1 }
        }
        VectorParameterValues[16] =
        {
            ParameterName = Glow_Trangition_R
            ParameterValue = { R=0, G=0, B=0, A=1 }
        }
        VectorParameterValues[17] =
        {
            ParameterName = Tex_Mask_switch_R
            ParameterValue = { R=0, G=0, B=0, A=1 }
        }
        VectorParameterValues[18] =
        {
            ParameterName = Fx_Glow_color_R
            ParameterValue = { R=0, G=0, B=0, A=1 }
        }
    }
    Parent = Material3'Basic_FX_070005_'
    FlattenedTexture = None
    MobileBaseTexture = None
    MobileNormalTexture = None
    bUseMobileSpecular = false
    MobileSpecularPower = 16
    MobileSpecularMask = MSM_Constant (0)
    MobileMaskTexture = None
