Found 32768 game files (1766 skipped)
Loading package: 00048871.upk Ver: 573/1 Engine: 4205 Names: 124 Exports: 67 Imports: 26 Game: 801A
Loading SkeletalMesh3 030331_col1_T0_Autoscale from package 00048871.upk
WARNING: ObjectProperty "USkeletalMesh3::MeshFactorSet" was not found
WARNING: ObjectProperty "USkeletalMesh3::PhysMaterialOverride" was not found
WARNING: ByteProperty "USkeletalMesh3::ItemPreviewLocType" was not found
WARNING: FloatProperty "USkeletalMesh3::ItemPreviewLocLowerOffset" was not found
Loading package: 00048873.upk Ver: 573/1 Engine: 4205 Names: 89 Exports: 1 Imports: 19 Game: 801A
Loading SkeletalMesh3 030331_col1_T1_Autoscale from package 00048871.upk
WARNING: ObjectProperty "USkeletalMesh3::MeshFactorSet" was not found
WARNING: ObjectProperty "USkeletalMesh3::PhysMaterialOverride" was not found
WARNING: ByteProperty "USkeletalMesh3::ItemPreviewLocType" was not found
WARNING: FloatProperty "USkeletalMesh3::ItemPreviewLocLowerOffset" was not found
Loading SkeletalMesh3 030331_col1_T2_Autoscale from package 00048871.upk
WARNING: ObjectProperty "USkeletalMesh3::MeshFactorSet" was not found
WARNING: ObjectProperty "USkeletalMesh3::PhysMaterialOverride" was not found
WARNING: ByteProperty "USkeletalMesh3::ItemPreviewLocType" was not found
WARNING: FloatProperty "USkeletalMesh3::ItemPreviewLocLowerOffset" was not found
Loading SkeletalMesh3 030331_col1_T3_Autoscale from package 00048871.upk
WARNING: ObjectProperty "USkeletalMesh3::MeshFactorSet" was not found
WARNING: ObjectProperty "USkeletalMesh3::PhysMaterialOverride" was not found
WARNING: ByteProperty "USkeletalMesh3::ItemPreviewLocType" was not found
WARNING: FloatProperty "USkeletalMesh3::ItemPreviewLocLowerOffset" was not found
Loading SkeletalMesh3 030331_col1_T4_Autoscale from package 00048871.upk
WARNING: ObjectProperty "USkeletalMesh3::MeshFactorSet" was not found
WARNING: ObjectProperty "USkeletalMesh3::PhysMaterialOverride" was not found
WARNING: ByteProperty "USkeletalMesh3::ItemPreviewLocType" was not found
WARNING: FloatProperty "USkeletalMesh3::ItemPreviewLocLowerOffset" was not found
Loading SkeletalMeshSocket SkeletalMeshSocket_356 from package 00048871.upk
WARNING: ObjectProperty "USkeletalMeshSocket::DependencyParticleSystem" was not found
Loading SkeletalMeshSocket SkeletalMeshSocket_360 from package 00048871.upk
WARNING: ObjectProperty "USkeletalMeshSocket::DependencyParticleSystem" was not found
Loading MaterialInstanceConstant col11 from package 00048873.upk
Loading package: 00048808.upk Ver: 573/1 Engine: 4205 Names: 32 Exports: 4 Imports: 2 Game: 801A
Loading package: 00002640.upk Ver: 573/1 Engine: 4205 Names: 291 Exports: 507 Imports: 3 Game: 801A
Loading package: 00002620.upk Ver: 573/1 Engine: 4205 Names: 576 Exports: 7687 Imports: 96 Game: 801A
Loading Texture2D 030331_Autoscale_col1_N from package 00048808.upk
Loading Texture2D 030331_Autoscale_col1_M from package 00048808.upk
Loading Texture2D 030331_Autoscale_col1_D from package 00048808.upk
Loading Texture2D 030331_Autoscale_col1_S from package 00048808.upk
Loading TextureCube lenscube from package 00002640.upk
Loading Texture2D check from package 00002620.upk
Loading Material3 Basic from package 00002620.upk
Loading package: 00012963.upk Ver: 573/1 Engine: 4205 Names: 1386 Exports: 1362 Imports: 10 Game: 801A
Loading Texture2D CubemapFace0 from package 00002640.upk
Loading Texture2D CubemapFace1 from package 00002640.upk
Loading Texture2D CubemapFace2 from package 00002640.upk
Loading Texture2D CubemapFace3 from package 00002640.upk
Loading Texture2D CubemapFace4 from package 00002640.upk
Loading Texture2D CubemapFace5 from package 00002640.upk
Loading Texture2D check_n from package 00002620.upk
Loading Texture2D Smoke_Pattern_001 from package 00012963.upk
Loading Texture2D Gradient_Line_003 from package 00012963.upk
Loading Texture2D Gradient_Wipe_BurnOut_Mask_TEST from package 00012963.upk
Loading Texture2D Gradient_Wipe_BurnOut_Mask from package 00012963.upk
Loaded in 0.13 sec, 3128 allocs, 1.63 MBytes serialized in 337431 calls.

Object info:
============
ClassName: SkeletalMesh3 ObjectName: 030331_col1_T0_Autoscale

    LODInfo[1] =
    {
        LODInfo[0] =
        {
            DisplayFactor = 0
            LODHysteresis = 0.02
            LODMaterialMap[0] = {}
            bEnableShadowCasting[1] = { true }
        }
    }
    Sockets[0] = {}
    bHasVertexColors = false
    EnableTwistBoneFixers = true
    EnableClavicleFixer = true
    Materials[1] = { MaterialInstanceConstant'col11' }


    Lods[1] =
    {
        Lods[0] =
        {
            Sections[1] =
            {
                Sections[0] = { Material=MaterialInstanceConstant'col11', FirstIndex=0, NumFaces=1077 }
            }
            NumVerts = 905
            IndexCount = 3231
            NumTexCoords = 1
        }
    }
    LodCount = 1
    MeshOrigin = { X=-0, Y=-0, Z=-0 }
    MeshScale = { X=1, Y=1, Z=1 }
    RotOrigin = { Yaw=0, Pitch=0, Roll=0 }
    BoneCount = 4

Object info:
============
ClassName: SkeletalMesh3 ObjectName: 030331_col1_T1_Autoscale

    LODInfo[1] =
    {
        LODInfo[0] =
        {
            DisplayFactor = 0
            LODHysteresis = 0.02
            LODMaterialMap[0] = {}
            bEnableShadowCasting[1] = { true }
        }
    }
    Sockets[0] = {}
    bHasVertexColors = false
    EnableTwistBoneFixers = true
    EnableClavicleFixer = true
    Materials[1] = { MaterialInstanceConstant'col11' }


    Lods[1] =
    {
        Lods[0] =
        {
            Sections[1] =
            {
                Sections[0] = { Material=MaterialInstanceConstant'col11', FirstIndex=0, NumFaces=1077 }
            }
            NumVerts = 905
            IndexCount = 3231
            NumTexCoords = 1
        }
    }
    LodCount = 1
    MeshOrigin = { X=-0, Y=-0, Z=-0 }
    MeshScale = { X=1, Y=1, Z=1 }
    RotOrigin = { Yaw=0, Pitch=0, Roll=0 }
    BoneCount = 4

Object info:
============
ClassName: SkeletalMesh3 ObjectName: 030331_col1_T2_Autoscale

    LODInfo[1] =
    {
        LODInfo[0] =
        {
            DisplayFactor = 0
            LODHysteresis = 0.02
            LODMaterialMap[0] = {}
            bEnableShadowCasting[1] = { true }
        }
    }
    Sockets[0] = {}
    bHasVertexColors = false
    EnableTwistBoneFixers = true
    EnableClavicleFixer = true
    Materials[1] = { MaterialInstanceConstant'col11' }


    Lods[1] =
    {
        Lods[0] =
        {
            Sections[1] =
            {
                Sections[0] = { Material=MaterialInstanceConstant'col11', FirstIndex=0, NumFaces=1077 }
            }
            NumVerts = 905
            IndexCount = 3231
            NumTexCoords = 1
        }
    }
    LodCount = 1
    MeshOrigin = { X=-0, Y=-0, Z=-0 }
    MeshScale = { X=1, Y=1, Z=1 }
    RotOrigin = { Yaw=0, Pitch=0, Roll=0 }
    BoneCount = 4

Object info:
============
ClassName: SkeletalMesh3 ObjectName: 030331_col1_T3_Autoscale

    LODInfo[1] =
    {
        LODInfo[0] =
        {
            DisplayFactor = 0
            LODHysteresis = 0.02
            LODMaterialMap[0] = {}
            bEnableShadowCasting[1] = { true }
        }
    }
    Sockets[0] = {}
    bHasVertexColors = false
    EnableTwistBoneFixers = true
    EnableClavicleFixer = true
    Materials[1] = { MaterialInstanceConstant'col11' }


    Lods[1] =
    {
        Lods[0] =
        {
            Sections[1] =
            {
                Sections[0] = { Material=MaterialInstanceConstant'col11', FirstIndex=0, NumFaces=1077 }
            }
            NumVerts = 905
            IndexCount = 3231
            NumTexCoords = 1
        }
    }
    LodCount = 1
    MeshOrigin = { X=-0, Y=-0, Z=-0 }
    MeshScale = { X=1, Y=1, Z=1 }
    RotOrigin = { Yaw=0, Pitch=0, Roll=0 }
    BoneCount = 4

Object info:
============
ClassName: SkeletalMesh3 ObjectName: 030331_col1_T4_Autoscale

    LODInfo[1] =
    {
        LODInfo[0] =
        {
            DisplayFactor = 0
            LODHysteresis = 0.02
            LODMaterialMap[0] = {}
            bEnableShadowCasting[1] = { true }
        }
    }
    Sockets[2] =
    {
        Sockets[0] = SkeletalMeshSocket'030331_col1_T4_Autoscale.SkeletalMeshSocket_356'
        Sockets[1] = SkeletalMeshSocket'030331_col1_T4_Autoscale.SkeletalMeshSocket_360'
    }
    bHasVertexColors = false
    EnableTwistBoneFixers = true
    EnableClavicleFixer = true
    Materials[1] = { MaterialInstanceConstant'col11' }


    Lods[1] =
    {
        Lods[0] =
        {
            Sections[1] =
            {
                Sections[0] = { Material=MaterialInstanceConstant'col11', FirstIndex=0, NumFaces=1077 }
            }
            NumVerts = 905
            IndexCount = 3231
            NumTexCoords = 1
        }
    }
    LodCount = 1
    MeshOrigin = { X=-0, Y=-0, Z=-0 }
    MeshScale = { X=1, Y=1, Z=1 }
    RotOrigin = { Yaw=0, Pitch=0, Roll=0 }
    BoneCount = 4

Object info:
============
ClassName: SkeletalMeshSocket ObjectName: SkeletalMeshSocket_356

    SocketName = FX_Add
    BoneName = WeaponRoot
    RelativeLocation = { X=0, Y=0, Z=0 }
    RelativeRotation = { Yaw=0, Pitch=0, Roll=0 }
    RelativeScale = { X=1, Y=1, Z=1 }

Object info:
============
ClassName: SkeletalMeshSocket ObjectName: SkeletalMeshSocket_360

    SocketName = FX_Add_Trail
    BoneName = WeaponRoot
    RelativeLocation = { X=-0.750234, Y=-1.75198, Z=0 }
    RelativeRotation = { Yaw=0, Pitch=0, Roll=0 }
    RelativeScale = { X=1, Y=1, Z=1 }
