Found 32768 game files (1766 skipped)
Loading package: 00040229.upk Ver: 573/1 Engine: 4205 Names: 131 Exports: 60 Imports: 13 Game: 801A
Loading SkeletalMesh3 BiWol from package 00040229.upk
WARNING: FloatProperty "USkeletalMesh3::AnimNameHeight" was not found
WARNING: FloatProperty "USkeletalMesh3::NormalNameHeight" was not found
WARNING: FloatProperty "USkeletalMesh3::LowNameHeight" was not found
WARNING: ByteProperty "USkeletalMesh3::ItemPreviewLocType" was not found
Loading package: 00040231.upk Ver: 573/1 Engine: 4205 Names: 69 Exports: 1 Imports: 15 Game: 801A
Loading SkeletalMeshSocket SkeletalMeshSocket_98 from package 00040229.upk
Loading SkeletalMeshSocket SkeletalMeshSocket_99 from package 00040229.upk
Loading MaterialInstanceConstant col1 from package 00040231.upk
Loading package: 00040230.upk Ver: 573/1 Engine: 4205 Names: 23 Exports: 3 Imports: 4 Game: 801A
Loading package: 00008613.upk Ver: 573/1 Engine: 4205 Names: 95 Exports: 6 Imports: 12 Game: 801A
Loading package: 00037280.upk Ver: 573/1 Engine: 4205 Names: 144 Exports: 104 Imports: 36 Game: 801A
Loading Texture2D Pet_BiWol from package 00040230.upk
Loading Texture2D Nothing_A_n from package 00008613.upk
Loading Material3 Pet from package 00037280.upk
Loading package: 00012963.upk Ver: 573/1 Engine: 4205 Names: 1386 Exports: 1362 Imports: 10 Game: 801A
Loading package: 00002620.upk Ver: 573/1 Engine: 4205 Names: 576 Exports: 7687 Imports: 96 Game: 801A
Loading Texture2D Smoke_Pattern_001 from package 00012963.upk
Loading Texture2D Gradient_Line_003 from package 00012963.upk
Loading Texture2D Gradient_Wipe_BurnOut_Mask_TEST from package 00012963.upk
Loading Texture2D Gradient_Wipe_BurnOut_Mask from package 00012963.upk
Loading Texture2D check from package 00002620.upk
Loaded in 0.076 sec, 2697 allocs, 1.05 MBytes serialized in 217753 calls.

Object info:
============
ClassName: SkeletalMesh3 ObjectName: BiWol

    LODInfo[1] =
    {
        LODInfo[0] =
        {
            DisplayFactor = 0
            LODHysteresis = 0.02
            LODMaterialMap[0] = {}
            bEnableShadowCasting[1] = { true }
        }
    }
    Sockets[2] =
    {
        Sockets[0] = SkeletalMeshSocket'BiWol.SkeletalMeshSocket_98'
        Sockets[1] = SkeletalMeshSocket'BiWol.SkeletalMeshSocket_99'
    }
    bHasVertexColors = false
    EnableTwistBoneFixers = true
    EnableClavicleFixer = true
    Materials[1] = { MaterialInstanceConstant'col1' }


    Lods[1] =
    {
        Lods[0] =
        {
            Sections[1] =
            {
                Sections[0] = { Material=MaterialInstanceConstant'col1', FirstIndex=0, NumFaces=1345 }
            }
            NumVerts = 1099
            IndexCount = 4035
            NumTexCoords = 1
        }
    }
    LodCount = 1
    MeshOrigin = { X=-0, Y=-0, Z=-0 }
    MeshScale = { X=1, Y=1, Z=1 }
    RotOrigin = { Yaw=0, Pitch=0, Roll=0 }
    BoneCount = 46

Object info:
============
ClassName: SkeletalMeshSocket ObjectName: SkeletalMeshSocket_98

    SocketName = Trail_R
    BoneName = Bip01RHand
    RelativeLocation = { X=0, Y=0, Z=0 }
    RelativeRotation = { Yaw=0, Pitch=0, Roll=0 }
    RelativeScale = { X=1, Y=1, Z=1 }

Object info:
============
ClassName: SkeletalMeshSocket ObjectName: SkeletalMeshSocket_99

    SocketName = Trail_L
    BoneName = Bip01LHand
    RelativeLocation = { X=0, Y=0, Z=0 }
    RelativeRotation = { Yaw=0, Pitch=0, Roll=0 }
    RelativeScale = { X=1, Y=1, Z=1 }
