Found 32768 game files (1766 skipped)
Loading package: 00053252.upk Ver: 573/1 Engine: 4205 Names: 125 Exports: 71 Imports: 16 Game: 801A
Loading SkeletalMesh3 1018_GonM from package 00053252.upk
Loading package: 00053253.upk Ver: 573/1 Engine: 4205 Names: 145 Exports: 2 Imports: 27 Game: 801A
Loading SkeletalMeshSocket SkeletalMeshSocket_800 from package 00053252.upk
Loading SkeletalMeshSocket SkeletalMeshSocket_801 from package 00053252.upk
Loading MaterialInstanceConstant col1 from package 00053253.upk
Loading package: 00044675.upk Ver: 573/1 Engine: 4205 Names: 29 Exports: 2 Imports: 2 Game: 801A
Loading package: 00008613.upk Ver: 573/1 Engine: 4205 Names: 95 Exports: 6 Imports: 12 Game: 801A
Loading package: 00002620.upk Ver: 573/1 Engine: 4205 Names: 576 Exports: 7687 Imports: 96 Game: 801A
Loading MaterialInstanceConstant Col_Hair_Acc from package 00053253.upk
Loading package: 00053205.upk Ver: 573/1 Engine: 4205 Names: 30 Exports: 4 Imports: 2 Game: 801A
Loading package: 00002640.upk Ver: 573/1 Engine: 4205 Names: 291 Exports: 507 Imports: 3 Game: 801A
Loading package: 00025178.upk Ver: 573/1 Engine: 4205 Names: 76 Exports: 46 Imports: 2 Game: 801A
Loading Texture2D 040279_GonM_hair_col1_D from package 00044675.upk
Loading Texture2D 040279_GonM_hair_col1_D_N from package 00044675.upk
Loading Texture2D Nothing_A from package 00008613.upk
Loading Material3 Beard_Ac from package 00002620.upk
Loading package: 00012963.upk Ver: 573/1 Engine: 4205 Names: 1386 Exports: 1362 Imports: 10 Game: 801A
Loading Texture2D 1018_JinM_col1_N from package 00053205.upk
Loading TextureCube lenscube_a from package 00002640.upk
Loading Texture2D check from package 00002620.upk
Loading Texture2D 1018_JinM_col1_S from package 00053205.upk
Loading Texture2D 1018_JinM_col1_M from package 00053205.upk
Loading Texture2D 1018_JinM_col1_D from package 00053205.upk
Loading Texture2D Mask_Default from package 00025178.upk
Loading Material3 Custom_B from package 00002620.upk
Loading Texture2D check_n from package 00002620.upk
Loading Texture2D Noise_Glass_000 from package 00012963.upk
Loading Texture2D Smoke_Pattern_001 from package 00012963.upk
Loading Texture2D Gradient_Wipe_BurnOut_Mask_TEST from package 00012963.upk
Loading Texture2D Gradient_Wipe_BurnOut_Mask from package 00012963.upk
Loading Texture2D Gradient_Line_003 from package 00012963.upk
Loading Texture2D CubemapFace0 from package 00002640.upk
Loading Texture2D CubemapFace1 from package 00002640.upk
Loading Texture2D CubemapFace2 from package 00002640.upk
Loading Texture2D CubemapFace3 from package 00002640.upk
Loading Texture2D CubemapFace4 from package 00002640.upk
Loading Texture2D CubemapFace5 from package 00002640.upk
Loaded in 0.17 sec, 3428 allocs, 1.99 MBytes serialized in 293806 calls.

Object info:
============
ClassName: SkeletalMesh3 ObjectName: 1018_GonM

    LODInfo[1] =
    {
        LODInfo[0] =
        {
            DisplayFactor = 0
            LODHysteresis = 0.02
            LODMaterialMap[0] = {}
            bEnableShadowCasting[2] = { true, true }
        }
    }
    Sockets[2] =
    {
        Sockets[0] = SkeletalMeshSocket'1018_GonM.SkeletalMeshSocket_800'
        Sockets[1] = SkeletalMeshSocket'1018_GonM.SkeletalMeshSocket_801'
    }
    bHasVertexColors = false
    EnableTwistBoneFixers = true
    EnableClavicleFixer = true
    Materials[2] = { MaterialInstanceConstant'col1', MaterialInstanceConstant'Col_Hair_Acc' }


    Lods[1] =
    {
        Lods[0] =
        {
            Sections[2] =
            {
                Sections[0] = { Material=MaterialInstanceConstant'col1', FirstIndex=0, NumFaces=1265 }
                Sections[1] = { Material=MaterialInstanceConstant'Col_Hair_Acc', FirstIndex=3795, NumFaces=2523 }
            }
            NumVerts = 2978
            IndexCount = 11364
            NumTexCoords = 1
        }
    }
    LodCount = 1
    MeshOrigin = { X=-0, Y=-0, Z=-0 }
    MeshScale = { X=1, Y=1, Z=1 }
    RotOrigin = { Yaw=0, Pitch=0, Roll=0 }
    BoneCount = 23

Object info:
============
ClassName: SkeletalMeshSocket ObjectName: SkeletalMeshSocket_800

    SocketName = FX_Add_R
    BoneName = Bone_A04_Head_R01_Root
    RelativeLocation = { X=0, Y=0, Z=0 }
    RelativeRotation = { Yaw=0, Pitch=0, Roll=0 }
    RelativeScale = { X=0.0001, Y=0.0001, Z=0.0001 }

Object info:
============
ClassName: SkeletalMeshSocket ObjectName: SkeletalMeshSocket_801

    SocketName = FX_Add_L
    BoneName = Bone_A04_Head_L01_Root
    RelativeLocation = { X=0, Y=0, Z=0 }
    RelativeRotation = { Yaw=0, Pitch=0, Roll=0 }
    RelativeScale = { X=0.0001, Y=0.0001, Z=0.0001 }
