Found 32768 game files (1766 skipped)
Loading package: 00051517.upk Ver: 573/1 Engine: 4205 Names: 24 Exports: 2 Imports: 2 Game: 801A
Loading Texture2D JinF_122_Col1_D from package 00051517.upk
Loading Texture2D JinF_122_Col1_N from package 00051517.upk
Loaded in 0.042 sec, 112 allocs, 0.73 MBytes serialized in 589 calls.

Object info:
============
ClassName: Texture2D ObjectName: JinF_122_Col1_D

    SizeX = 1024
    SizeY = 1024
    Format = PF_DXT5 (7)
    AddressX = TA_Wrap (0)
    AddressY = TA_Wrap (0)
    TextureFileCacheName = None
    MipTailBaseIdx = 10
    bForcePVRTC4 = false
    UnpackMin[4] = { 0, 0, 0, 0 }
    UnpackMax[4] = { 1, 1, 1, 1 }

Object info:
============
ClassName: Texture2D ObjectName: JinF_122_Col1_N

    SizeX = 1024
    SizeY = 1024
    Format = PF_DXT1 (5)
    AddressX = TA_Wrap (0)
    AddressY = TA_Wrap (0)
    TextureFileCacheName = None
    MipTailBaseIdx = 10
    bForcePVRTC4 = false
    UnpackMin[4] = { 0, 0, 0, 0 }
    UnpackMax[4] = { 1, 1, 1, 1 }
