Found 32768 game files (1766 skipped)
Loading package: 00057466.upk Ver: 573/1 Engine: 4205 Names: 194 Exports: 83 Imports: 15 Game: 801A
Loading SkeletalMesh3 GirlEvolve from package 00057466.upk
WARNING: ByteProperty "USkeletalMesh3::ItemPreviewLocType" was not found
Loading package: 00057468.upk Ver: 573/1 Engine: 4205 Names: 118 Exports: 1 Imports: 20 Game: 801A
Loading SkeletalMeshSocket SkeletalMeshSocket_72 from package 00057466.upk
WARNING: ObjectProperty "USkeletalMeshSocket::DependencyParticleSystem" was not found
Loading MaterialInstanceConstant col1 from package 00057468.upk
Loading package: 00057467.upk Ver: 573/1 Engine: 4205 Names: 31 Exports: 5 Imports: 2 Game: 801A
Loading package: 00057463.upk Ver: 573/1 Engine: 4205 Names: 33 Exports: 5 Imports: 2 Game: 801A
Loading package: 00002640.upk Ver: 573/1 Engine: 4205 Names: 291 Exports: 507 Imports: 3 Game: 801A
Loading package: 00002620.upk Ver: 573/1 Engine: 4205 Names: 576 Exports: 7687 Imports: 96 Game: 801A
Loading package: 00048300.upk Ver: 573/1 Engine: 4205 Names: 840 Exports: 8203 Imports: 226 Game: 801A
Loading Texture2D Girl_Evolve_col1_N from package 00057467.upk
Loading Texture2D Girl_col1_M from package 00057463.upk
Loading Texture2D Girl_Evolve_col1_D from package 00057467.upk
Loading Texture2D Girl_Evolve_col1_S from package 00057467.upk
Loading TextureCube lenscube from package 00002640.upk
Loading Texture2D Girl_Evolve_col1_E2 from package 00057467.upk
Loading Texture2D check from package 00002620.upk
Loading Material3 body_FX from package 00048300.upk
Loading package: 00012963.upk Ver: 573/1 Engine: 4205 Names: 1386 Exports: 1362 Imports: 10 Game: 801A
Loading Texture2D CubemapFace0 from package 00002640.upk
Loading Texture2D CubemapFace1 from package 00002640.upk
Loading Texture2D CubemapFace2 from package 00002640.upk
Loading Texture2D CubemapFace3 from package 00002640.upk
Loading Texture2D CubemapFace4 from package 00002640.upk
Loading Texture2D CubemapFace5 from package 00002640.upk
Loading Texture2D check_n from package 00002620.upk
Loading Texture2D FX_Glow_Trangition from package 00012963.upk
Loading Texture2D Smoke_Pattern_001 from package 00012963.upk
Loaded in 0.16 sec, 3992 allocs, 3.51 MBytes serialized in 547989 calls.

Object info:
============
ClassName: SkeletalMesh3 ObjectName: GirlEvolve

    LODInfo[1] =
    {
        LODInfo[0] =
        {
            DisplayFactor = 0
            LODHysteresis = 0.02
            LODMaterialMap[0] = {}
            bEnableShadowCasting[2] = { true, true }
        }
    }
    Sockets[1] = { SkeletalMeshSocket'GirlEvolve.SkeletalMeshSocket_72' }
    bHasVertexColors = false
    EnableTwistBoneFixers = true
    EnableClavicleFixer = true
    Materials[1] = { MaterialInstanceConstant'col1' }


    Lods[1] =
    {
        Lods[0] =
        {
            Sections[2] =
            {
                Sections[0] = { Material=MaterialInstanceConstant'col1', FirstIndex=0, NumFaces=7975 }
                Sections[1] = { Material=MaterialInstanceConstant'col1', FirstIndex=23925, NumFaces=482 }
            }
            NumVerts = 5610
            IndexCount = 25371
            NumTexCoords = 1
        }
    }
    LodCount = 1
    MeshOrigin = { X=-0, Y=-0, Z=-0 }
    MeshScale = { X=1, Y=1, Z=1 }
    RotOrigin = { Yaw=0, Pitch=0, Roll=0 }
    BoneCount = 102

Object info:
============
ClassName: SkeletalMeshSocket ObjectName: SkeletalMeshSocket_72

    SocketName = fX
    BoneName = Bone_6
    RelativeLocation = { X=2.2, Y=0.5, Z=0 }
    RelativeRotation = { Yaw=-16384, Pitch=0, Roll=0 }
    RelativeScale = { X=0.2, Y=0.2, Z=0.2 }
