Found 32768 game files (1766 skipped)
Loading package: 00056607.upk Ver: 573/1 Engine: 4205 Names: 63 Exports: 6 Imports: 11 Game: 801A
Loading SkeletalMesh3 Gadget_TouchLight_AutoScale from package 00056607.upk
Loading package: 00056608.upk Ver: 573/1 Engine: 4205 Names: 72 Exports: 1 Imports: 16 Game: 801A
Loading SkeletalMeshSocket SkeletalMeshSocket_53 from package 00056607.upk
WARNING: ObjectProperty "USkeletalMeshSocket::DependencyParticleSystem" was not found
Loading MaterialInstanceConstant Gadget_TouchLight_MAT from package 00056608.upk
check for Env_049_NEnv_049_D in 00056607
check for Env_049_NEnv_049_D in 00056608
WARNING: Import(Gadget_Object.Env_049_NEnv_049_D) was not found
check for Env_049_DEnv_049_D in 00056607
check for Env_049_DEnv_049_D in 00056608
WARNING: Import(Gadget_Object.Env_049_DEnv_049_D) was not found
check for Env_049_SEnv_049_D in 00056607
check for Env_049_SEnv_049_D in 00056608
WARNING: Import(Gadget_Object.Env_049_SEnv_049_D) was not found
Loading package: 00002620.upk Ver: 573/1 Engine: 4205 Names: 576 Exports: 7687 Imports: 96 Game: 801A
Loading Material3 Basic from package 00002620.upk
Loading package: 00012963.upk Ver: 573/1 Engine: 4205 Names: 1386 Exports: 1362 Imports: 10 Game: 801A
Loading Texture2D check_n from package 00002620.upk
Loading Texture2D check from package 00002620.upk
Loading Texture2D Smoke_Pattern_001 from package 00012963.upk
Loading Texture2D Gradient_Line_003 from package 00012963.upk
Loading Texture2D Gradient_Wipe_BurnOut_Mask_TEST from package 00012963.upk
Loading Texture2D Gradient_Wipe_BurnOut_Mask from package 00012963.upk
Loaded in 0.063 sec, 2316 allocs, 0.80 MBytes serialized in 175082 calls.

Object info:
============
ClassName: SkeletalMesh3 ObjectName: Gadget_TouchLight_AutoScale

    LODInfo[1] =
    {
        LODInfo[0] =
        {
            DisplayFactor = 0
            LODHysteresis = 0.02
            LODMaterialMap[0] = {}
            bEnableShadowCasting[1] = { true }
        }
    }
    Sockets[1] = { SkeletalMeshSocket'Gadget_TouchLight_AutoScale.SkeletalMeshSocket_53' }
    bHasVertexColors = false
    EnableTwistBoneFixers = true
    EnableClavicleFixer = true
    Materials[1] = { MaterialInstanceConstant'Gadget_TouchLight_MAT' }


    Lods[1] =
    {
        Lods[0] =
        {
            Sections[1] =
            {
                Sections[0] =
                {
                    Material = MaterialInstanceConstant'Gadget_TouchLight_MAT'
                    FirstIndex = 0
                    NumFaces = 104
                }
            }
            NumVerts = 108
            IndexCount = 312
            NumTexCoords = 1
        }
    }
    LodCount = 1
    MeshOrigin = { X=-0, Y=-0, Z=-0 }
    MeshScale = { X=1, Y=1, Z=1 }
    RotOrigin = { Yaw=0, Pitch=0, Roll=0 }
    BoneCount = 1

Object info:
============
ClassName: SkeletalMeshSocket ObjectName: SkeletalMeshSocket_53

    SocketName = Touch_fire
    BoneName = WeaponR
    RelativeLocation = { X=0, Y=0, Z=30 }
    RelativeRotation = { Yaw=0, Pitch=0, Roll=0 }
    RelativeScale = { X=0.3, Y=0.3, Z=0.3 }
