Found 32768 game files (1766 skipped)
Loading package: 00051733.upk Ver: 573/1 Engine: 4205 Names: 122 Exports: 16 Imports: 23 Game: 801A
Loading SkeletalMesh3 060252_Autoscale from package 00051733.upk
WARNING: ObjectProperty "USkeletalMesh3::MeshFactorSet" was not found
WARNING: ObjectProperty "USkeletalMesh3::PhysMaterialOverride" was not found
WARNING: ByteProperty "USkeletalMesh3::ItemPreviewLocType" was not found
Loading package: 00051735.upk Ver: 573/1 Engine: 4205 Names: 102 Exports: 1 Imports: 24 Game: 801A
Loading SkeletalMeshSocket SkeletalMeshSocket_1169 from package 00051733.upk
WARNING: ObjectProperty "USkeletalMeshSocket::DependencyParticleSystem" was not found
Loading SkeletalMeshSocket SkeletalMeshSocket_1173 from package 00051733.upk
WARNING: ObjectProperty "USkeletalMeshSocket::DependencyParticleSystem" was not found
Loading SkeletalMeshSocket SkeletalMeshSocket_1177 from package 00051733.upk
WARNING: ObjectProperty "USkeletalMeshSocket::DependencyParticleSystem" was not found
Loading MaterialInstanceConstant col3 from package 00051735.upk
Loading package: 00051464.upk Ver: 573/1 Engine: 4205 Names: 32 Exports: 4 Imports: 2 Game: 801A
Loading package: 00002640.upk Ver: 573/1 Engine: 4205 Names: 291 Exports: 507 Imports: 3 Game: 801A
Loading package: 00012963.upk Ver: 573/1 Engine: 4205 Names: 1386 Exports: 1362 Imports: 10 Game: 801A
Loading package: 00051463.upk Ver: 573/1 Engine: 4205 Names: 479 Exports: 1237 Imports: 180 Game: 801A
Loading package: 00050832.upk Ver: 573/1 Engine: 4205 Names: 627 Exports: 1430 Imports: 218 Game: 801A
Loading Texture2D 060252_Autoscale_col1_N from package 00051464.upk
Loading Texture2D 060252_Autoscale_col1_M from package 00051464.upk
Loading Texture2D 060252_Autoscale_col1_D from package 00051464.upk
Loading Texture2D 060252_Autoscale_col1_S from package 00051464.upk
Loading TextureCube lenscube_a from package 00002640.upk
Loading Texture2D Noise_017 from package 00012963.upk
Loading Texture2D 060252_FX_Mask from package 00051463.upk
Loading Texture2D Noise_Plazma_000 from package 00012963.upk
Loading Material3 Basic_SwordFX from package 00050832.upk
Loading package: 00002620.upk Ver: 573/1 Engine: 4205 Names: 576 Exports: 7687 Imports: 96 Game: 801A
Loading Texture2D CubemapFace0 from package 00002640.upk
Loading Texture2D CubemapFace1 from package 00002640.upk
Loading Texture2D CubemapFace2 from package 00002640.upk
Loading Texture2D CubemapFace3 from package 00002640.upk
Loading Texture2D CubemapFace4 from package 00002640.upk
Loading Texture2D CubemapFace5 from package 00002640.upk
Loading Texture2D check_n from package 00002620.upk
Loading Texture2D check from package 00002620.upk
Loading Texture2D Smoke_Pattern_001 from package 00012963.upk
Loading Texture2D Gradient_Line_003 from package 00012963.upk
Loading Texture2D Gradient_Wipe_BurnOut_Mask_TEST from package 00012963.upk
Loading Texture2D Gradient_Wipe_BurnOut_Mask from package 00012963.upk
Loaded in 0.17 sec, 4244 allocs, 1.74 MBytes serialized in 295372 calls.

Object info:
============
ClassName: SkeletalMesh3 ObjectName: 060252_Autoscale

    LODInfo[1] =
    {
        LODInfo[0] =
        {
            DisplayFactor = 0
            LODHysteresis = 0.02
            LODMaterialMap[0] = {}
            bEnableShadowCasting[1] = { true }
        }
    }
    Sockets[3] =
    {
        Sockets[0] = SkeletalMeshSocket'060252_Autoscale.SkeletalMeshSocket_1169'
        Sockets[1] = SkeletalMeshSocket'060252_Autoscale.SkeletalMeshSocket_1173'
        Sockets[2] = SkeletalMeshSocket'060252_Autoscale.SkeletalMeshSocket_1177'
    }
    bHasVertexColors = false
    EnableTwistBoneFixers = true
    EnableClavicleFixer = true
    Materials[1] = { MaterialInstanceConstant'col3' }


    Lods[1] =
    {
        Lods[0] =
        {
            Sections[1] =
            {
                Sections[0] = { Material=MaterialInstanceConstant'col3', FirstIndex=0, NumFaces=1772 }
            }
            NumVerts = 1737
            IndexCount = 5316
            NumTexCoords = 1
        }
    }
    LodCount = 1
    MeshOrigin = { X=-0, Y=-0, Z=-0 }
    MeshScale = { X=1, Y=1, Z=1 }
    RotOrigin = { Yaw=0, Pitch=0, Roll=0 }
    BoneCount = 8

Object info:
============
ClassName: SkeletalMeshSocket ObjectName: SkeletalMeshSocket_1169

    SocketName = FX_Add
    BoneName = WeaponRoot
    RelativeLocation = { X=0, Y=0, Z=0 }
    RelativeRotation = { Yaw=0, Pitch=0, Roll=0 }
    RelativeScale = { X=1, Y=1, Z=1 }

Object info:
============
ClassName: SkeletalMeshSocket ObjectName: SkeletalMeshSocket_1173

    SocketName = FX_Add_Trail
    BoneName = WeaponRoot
    RelativeLocation = { X=0, Y=0, Z=0 }
    RelativeRotation = { Yaw=0, Pitch=0, Roll=0 }
    RelativeScale = { X=1.5, Y=1.5, Z=1.5 }

Object info:
============
ClassName: SkeletalMeshSocket ObjectName: SkeletalMeshSocket_1177

    SocketName = FX_Add02
    BoneName = WeaponRoot
    RelativeLocation = { X=-1.44379, Y=-2.04529, Z=31.5 }
    RelativeRotation = { Yaw=25486, Pitch=0, Roll=0 }
    RelativeScale = { X=0.5, Y=0.5, Z=0.6 }
