Found 32768 game files (1766 skipped)
Loading package: 00058073.upk Ver: 573/1 Engine: 4205 Names: 205 Exports: 109 Imports: 21 Game: 801A
Loading SkeletalMesh3 10181_GonF from package 00058073.upk
WARNING: FloatProperty "USkeletalMesh3::AutoScale" was not found
WARNING: FloatProperty "USkeletalMesh3::EffectScale" was not found
WARNING: ObjectProperty "USkeletalMesh3::MeshFactorSet" was not found
WARNING: ObjectProperty "USkeletalMesh3::PhysMaterialOverride" was not found
WARNING: ObjectProperty "USkeletalMesh3::PlaySoundSet" was not found
WARNING: FloatProperty "USkeletalMesh3::AddFootOffsetValue" was not found
WARNING: FloatProperty "USkeletalMesh3::AnimNameHeight" was not found
WARNING: FloatProperty "USkeletalMesh3::NormalNameHeight" was not found
WARNING: ArrayProperty "USkeletalMesh3::NameplateMeshScaleRatio" was not found
WARNING: StructProperty "USkeletalMesh3::NameplateHeightRatio" was not found
WARNING: ArrayProperty "USkeletalMesh3::MeshScaleRatio" was not found
WARNING: StructProperty "USkeletalMesh3::HeightRatio" was not found
WARNING: StructProperty "USkeletalMesh3::HandRatio" was not found
WARNING: ByteProperty "USkeletalMesh3::CommonPhysicsUseFlag" was not found
WARNING: FloatProperty "USkeletalMesh3::PhysicalHitScale" was not found
Loading package: 00058075.upk Ver: 573/1 Engine: 4205 Names: 105 Exports: 2 Imports: 25 Game: 801A
Loading MaterialInstanceConstant col1 from package 00058075.upk
Loading package: 00058074.upk Ver: 573/1 Engine: 4205 Names: 37 Exports: 9 Imports: 2 Game: 801A
Loading package: 00002640.upk Ver: 573/1 Engine: 4205 Names: 291 Exports: 507 Imports: 3 Game: 801A
Loading package: 00002620.upk Ver: 573/1 Engine: 4205 Names: 576 Exports: 7687 Imports: 96 Game: 801A
Loading MaterialInstanceConstant col1_Op from package 00058075.upk
Loading package: 00026887.upk Ver: 573/1 Engine: 4205 Names: 54 Exports: 17 Imports: 3 Game: 801A
Loading Texture2D 10181_GonF_col1_N from package 00058074.upk
Loading Texture2D 10181_GonF_col1_M from package 00058074.upk
Loading Texture2D 10181_GonF_col1_D from package 00058074.upk
Loading Texture2D 10181_GonF_col1_S from package 00058074.upk
Loading TextureCube Cube_crr from package 00002640.upk
Loading Texture2D 10181_GonF_col1_E from package 00058074.upk
Loading Material3 Body from package 00002620.upk
Loading package: 00012963.upk Ver: 573/1 Engine: 4205 Names: 1386 Exports: 1362 Imports: 10 Game: 801A
Loading TextureCube Cube from package 00026887.upk
Loading Material3 Blend_OP from package 00002620.upk
Loading Texture2D CubemapFace0 from package 00002640.upk
Loading Texture2D CubemapFace1 from package 00002640.upk
Loading Texture2D CubemapFace2 from package 00002640.upk
Loading Texture2D CubemapFace3 from package 00002640.upk
Loading Texture2D CubemapFace4 from package 00002640.upk
Loading Texture2D CubemapFace5 from package 00002640.upk
Loading Texture2D check_n from package 00002620.upk
Loading Texture2D Noise_Glass_000 from package 00012963.upk
Loading Texture2D Smoke_Pattern_001 from package 00012963.upk
Loading Texture2D Gradient_Wipe_BurnOut_Mask_TEST from package 00012963.upk
Loading Texture2D Gradient_Wipe_BurnOut_Mask from package 00012963.upk
Loading Texture2D check from package 00002620.upk
Loading Texture2D Gradient_Line_003 from package 00012963.upk
Loading Texture2D CubemapFace0 from package 00026887.upk
Loading Texture2D CubemapFace1 from package 00026887.upk
Loading Texture2D CubemapFace2 from package 00026887.upk
Loading Texture2D CubemapFace3 from package 00026887.upk
Loading Texture2D CubemapFace4 from package 00026887.upk
Loading Texture2D CubemapFace5 from package 00026887.upk
Loaded in 0.23 sec, 3397 allocs, 3.95 MBytes serialized in 632284 calls.

Object info:
============
ClassName: SkeletalMesh3 ObjectName: 10181_GonF

    LODInfo[2] =
    {
        LODInfo[0] =
        {
            DisplayFactor = 0
            LODHysteresis = 0.02
            LODMaterialMap[0] = {}
            bEnableShadowCasting[2] = { true, true }
        }
        LODInfo[1] =
        {
            DisplayFactor = 0.25
            LODHysteresis = 0.02
            LODMaterialMap[1] = { 0 }
            bEnableShadowCasting[1] = { true }
        }
    }
    Sockets[0] = {}
    bHasVertexColors = false
    EnableTwistBoneFixers = true
    EnableClavicleFixer = true
    Materials[2] = { MaterialInstanceConstant'col1', MaterialInstanceConstant'col1_Op' }


    Lods[2] =
    {
        Lods[0] =
        {
            Sections[2] =
            {
                Sections[0] = { Material=MaterialInstanceConstant'col1', FirstIndex=0, NumFaces=9187 }
                Sections[1] = { Material=MaterialInstanceConstant'col1_Op', FirstIndex=27561, NumFaces=1490 }
            }
            NumVerts = 7596
            IndexCount = 32031
            NumTexCoords = 1
        }
        Lods[1] =
        {
            Sections[1] =
            {
                Sections[0] = { Material=MaterialInstanceConstant'col1', FirstIndex=0, NumFaces=4494 }
            }
            NumVerts = 3933
            IndexCount = 13482
            NumTexCoords = 1
        }
    }
    LodCount = 2
    MeshOrigin = { X=-0, Y=-0, Z=-0 }
    MeshScale = { X=1, Y=1, Z=1 }
    RotOrigin = { Yaw=0, Pitch=0, Roll=0 }
    BoneCount = 84
