Found 32768 game files (1766 skipped)
Loading package: 00057377.upk Ver: 573/1 Engine: 4205 Names: 72 Exports: 6 Imports: 16 Game: 801A
Loading SkeletalMesh3 130010_Autoscale from package 00057377.upk
WARNING: ObjectProperty "USkeletalMesh3::MeshFactorSet" was not found
WARNING: ObjectProperty "USkeletalMesh3::PhysMaterialOverride" was not found
Loading package: 00057541.upk Ver: 573/1 Engine: 4205 Names: 133 Exports: 2 Imports: 25 Game: 801A
Loading SkeletalMeshSocket SkeletalMeshSocket_262 from package 00057377.upk
WARNING: ObjectProperty "USkeletalMeshSocket::DependencyParticleSystem" was not found
Loading MaterialInstanceConstant col11 from package 00057541.upk
Loading package: 00057231.upk Ver: 573/1 Engine: 4205 Names: 31 Exports: 4 Imports: 2 Game: 801A
Loading package: 00012963.upk Ver: 573/1 Engine: 4205 Names: 1386 Exports: 1362 Imports: 10 Game: 801A
Loading package: 00002640.upk Ver: 573/1 Engine: 4205 Names: 291 Exports: 507 Imports: 3 Game: 801A
Loading package: 00057381.upk Ver: 573/1 Engine: 4205 Names: 414 Exports: 1308 Imports: 169 Game: 801A
Loading package: 00002620.upk Ver: 573/1 Engine: 4205 Names: 576 Exports: 7687 Imports: 96 Game: 801A
Loading package: 00048300.upk Ver: 573/1 Engine: 4205 Names: 840 Exports: 8203 Imports: 226 Game: 801A
Loading Texture2D 130010_Autoscale_col10_N from package 00057231.upk
Loading Texture2D 130010_Autoscale_col10_M from package 00057231.upk
Loading Texture2D 130010_Autoscale_col10_D from package 00057231.upk
Loading Texture2D Smoke_Pattern_001 from package 00012963.upk
Loading Texture2D 130010_Autoscale_col10_S from package 00057231.upk
Loading TextureCube lenscube_a from package 00002640.upk
Loading Texture2D 130010_FX_mask from package 00057381.upk
Loading Texture2D check from package 00002620.upk
Loading Texture2D AncientMechaMonk_BoxLine from package 00012963.upk
Loading Material3 Basic_Fx_Weapon from package 00048300.upk
Loading Texture2D CubemapFace0 from package 00002640.upk
Loading Texture2D CubemapFace1 from package 00002640.upk
Loading Texture2D CubemapFace2 from package 00002640.upk
Loading Texture2D CubemapFace3 from package 00002640.upk
Loading Texture2D CubemapFace4 from package 00002640.upk
Loading Texture2D CubemapFace5 from package 00002640.upk
Loading Texture2D check_n from package 00002620.upk
Loading Texture2D Gradient_Line_003 from package 00012963.upk
Loading Texture2D Gradient_Wipe_BurnOut_Mask_TEST from package 00012963.upk
Loading Texture2D Gradient_Wipe_BurnOut_Mask from package 00012963.upk
Loaded in 0.17 sec, 4355 allocs, 3.06 MBytes serialized in 447287 calls.

Object info:
============
ClassName: SkeletalMesh3 ObjectName: 130010_Autoscale

    LODInfo[1] =
    {
        LODInfo[0] =
        {
            DisplayFactor = 0
            LODHysteresis = 0.02
            LODMaterialMap[0] = {}
            bEnableShadowCasting[1] = { true }
        }
    }
    Sockets[1] = { SkeletalMeshSocket'130010_Autoscale.SkeletalMeshSocket_262' }
    bHasVertexColors = false
    EnableTwistBoneFixers = true
    EnableClavicleFixer = true
    Materials[1] = { MaterialInstanceConstant'col11' }


    Lods[1] =
    {
        Lods[0] =
        {
            Sections[1] =
            {
                Sections[0] = { Material=MaterialInstanceConstant'col11', FirstIndex=0, NumFaces=2988 }
            }
            NumVerts = 2617
            IndexCount = 8964
            NumTexCoords = 1
        }
    }
    LodCount = 1
    MeshOrigin = { X=-0, Y=-0, Z=-0 }
    MeshScale = { X=1, Y=1, Z=1 }
    RotOrigin = { Yaw=0, Pitch=0, Roll=0 }
    BoneCount = 3

Object info:
============
ClassName: SkeletalMeshSocket ObjectName: SkeletalMeshSocket_262

    SocketName = FX_Add
    BoneName = WeaponPivot
    RelativeLocation = { X=0, Y=0, Z=0 }
    RelativeRotation = { Yaw=0, Pitch=0, Roll=0 }
    RelativeScale = { X=1, Y=1, Z=1 }
