Found 32768 game files (1766 skipped)
Loading package: 00056002.upk Ver: 573/1 Engine: 4205 Names: 185 Exports: 265 Imports: 52 Game: 801A
Loading Material3 Basic_view_reflect_FX from package 00056002.upk
Loading package: 00002620.upk Ver: 573/1 Engine: 4205 Names: 576 Exports: 7687 Imports: 96 Game: 801A
Loading package: 00012963.upk Ver: 573/1 Engine: 4205 Names: 1386 Exports: 1362 Imports: 10 Game: 801A
Loading package: 00050895.upk Ver: 573/1 Engine: 4205 Names: 153 Exports: 3 Imports: 21 Game: 801A
Loading MaterialInstanceConstant col1 from package 00056002.upk
Loading package: 00055519.upk Ver: 573/1 Engine: 4205 Names: 35 Exports: 6 Imports: 6 Game: 801A
Loading package: 00002640.upk Ver: 573/1 Engine: 4205 Names: 291 Exports: 507 Imports: 3 Game: 801A
Loading Texture2D check_n from package 00002620.upk
Loading Texture2D FX_Glow_Trangition from package 00012963.upk
Loading Texture2D Smoke_Pattern_4channel_02 from package 00050895.upk
Loading Texture2D check from package 00002620.upk
Loading Texture2D Smoke_Pattern_001 from package 00012963.upk
Loading Texture2D Gradient_Line_003 from package 00012963.upk
Loading Texture2D 130023_Autoscale_col1_N from package 00055519.upk
Loading Texture2D 130023_Autoscale_col1_M from package 00055519.upk
Loading Texture2D 130023_Autoscale_col1_D from package 00055519.upk
Loading Texture2D 130023_Autoscale_col1_S from package 00055519.upk
Loading TextureCube lenscube from package 00002640.upk
Loading Texture2D 130023_Autoscale_col1_E from package 00055519.upk
Loading Texture2D CubemapFace0 from package 00002640.upk
Loading Texture2D CubemapFace1 from package 00002640.upk
Loading Texture2D CubemapFace2 from package 00002640.upk
Loading Texture2D CubemapFace3 from package 00002640.upk
Loading Texture2D CubemapFace4 from package 00002640.upk
Loading Texture2D CubemapFace5 from package 00002640.upk
Loaded in 0.13 sec, 3164 allocs, 2.35 MBytes serialized in 190482 calls.

Object info:
============
ClassName: Material3 ObjectName: Basic_view_reflect_FX

    TwoSided = true
    bDisableDepthTest = false
    bIsMasked = true
    ReferencedTextures[6] =
    {
        ReferencedTextures[0] = Texture2D'check_n'
        ReferencedTextures[1] = Texture2D'FX_Glow_Trangition'
        ReferencedTextures[2] = Texture2D'Smoke_Pattern_4channel_02'
        ReferencedTextures[3] = Texture2D'check'
        ReferencedTextures[4] = Texture2D'Smoke_Pattern_001'
        ReferencedTextures[5] = Texture2D'Gradient_Line_003'
    }
    BlendMode = BLEND_Masked (1)
    OpacityMaskClipValue = 0.333
    FlattenedTexture = None
    MobileBaseTexture = None
    MobileNormalTexture = None
    bUseMobileSpecular = false
    MobileSpecularPower = 16
    MobileSpecularMask = MSM_Constant (0)
    MobileMaskTexture = None

Object info:
============
ClassName: MaterialInstanceConstant ObjectName: col1

    ScalarParameterValues[10] =
    {
        ScalarParameterValues[0] = { ParameterName=Transmission_value, ParameterValue=0.5 }
        ScalarParameterValues[1] = { ParameterName=Glossiness1, ParameterValue=50 }
        ScalarParameterValues[2] = { ParameterName=Glossiness2, ParameterValue=1 }
        ScalarParameterValues[3] = { ParameterName=Specular_value, ParameterValue=1.5 }
        ScalarParameterValues[4] = { ParameterName=HighLight_Value, ParameterValue=1.5 }
        ScalarParameterValues[5] = { ParameterName=HighLight_glossiness, ParameterValue=50 }
        ScalarParameterValues[6] = { ParameterName=Emissive_value, ParameterValue=1 }
        ScalarParameterValues[7] = { ParameterName=Emissive_value2, ParameterValue=0 }
        ScalarParameterValues[8] = { ParameterName=Fresnel Value, ParameterValue=1 }
        ScalarParameterValues[9] = { ParameterName=Fresnel exponent, ParameterValue=30 }
    }
    TextureParameterValues[9] =
    {
        TextureParameterValues[0] = { ParameterName=Normal, ParameterValue=Texture2D'130023_Autoscale_col1_N' }
        TextureParameterValues[1] = { ParameterName=Mask_GB, ParameterValue=Texture2D'130023_Autoscale_col1_M' }
        TextureParameterValues[2] = { ParameterName=Diffuse, ParameterValue=Texture2D'130023_Autoscale_col1_D' }
        TextureParameterValues[3] = { ParameterName=Noise, ParameterValue=Texture2D'Smoke_Pattern_4channel_02' }
        TextureParameterValues[4] = { ParameterName=Specular, ParameterValue=Texture2D'130023_Autoscale_col1_S' }
        TextureParameterValues[5] = { ParameterName=rf_cube, ParameterValue=TextureCube'lenscube' }
        TextureParameterValues[6] = { ParameterName=FX_Mask_RGB, ParameterValue=Texture2D'130023_Autoscale_col1_M' }
        TextureParameterValues[7] = { ParameterName=Glow_Texture, ParameterValue=Texture2D'FX_Glow_Trangition' }
        TextureParameterValues[8] = { ParameterName=Emissive, ParameterValue=Texture2D'130023_Autoscale_col1_E' }
    }
    VectorParameterValues[14] =
    {
        VectorParameterValues[0] =
        {
            ParameterName = Mesh_trangition
            ParameterValue = { R=0, G=0, B=0, A=1 }
        }
        VectorParameterValues[1] =
        {
            ParameterName = Reflection_value
            ParameterValue = { R=0.991393, G=0.940601, B=0.499505, A=1 }
        }
        VectorParameterValues[2] =
        {
            ParameterName = HighLight_Color
            ParameterValue = { R=0.21952, G=0, B=1, A=1 }
        }
        VectorParameterValues[3] =
        {
            ParameterName = Fresnel_color_FX
            ParameterValue = { R=1, G=1, B=1, A=1 }
        }
        VectorParameterValues[4] =
        {
            ParameterName = Fresnel_Power_FX
            ParameterValue = { R=1, G=1, B=1, A=1 }
        }
        VectorParameterValues[5] =
        {
            ParameterName = Fresnel_Mask_RGB
            ParameterValue = { R=0, G=1, B=0, A=0 }
        }
        VectorParameterValues[6] =
        {
            ParameterName = Fresnel_Thickness_FX_RGB
            ParameterValue = { R=10, G=500, B=1, A=30 }
        }
        VectorParameterValues[7] =
        {
            ParameterName = Fresnel_Power_FX_RGBA
            ParameterValue = { R=1, G=1, B=1, A=1 }
        }
        VectorParameterValues[8] =
        {
            ParameterName = Fx_Glow_Mask_RGB
            ParameterValue = { R=0, G=1, B=0, A=0 }
        }
        VectorParameterValues[9] =
        {
            ParameterName = Fx_Glow_Base_power_04
            ParameterValue = { R=2, G=2, B=2, A=8 }
        }
        VectorParameterValues[10] =
        {
            ParameterName = Fx_Glow_power_04
            ParameterValue = { R=1, G=1, B=1, A=1 }
        }
        VectorParameterValues[11] =
        {
            ParameterName = Fx_Glow_color_04
            ParameterValue = { R=1, G=0.5, B=3, A=1 }
        }
        VectorParameterValues[12] =
        {
            ParameterName = Fresnel_color
            ParameterValue = { R=1, G=1, B=1, A=1 }
        }
        VectorParameterValues[13] =
        {
            ParameterName = Fresnel_Power
            ParameterValue = { R=0, G=0, B=0, A=1 }
        }
    }
    Parent = Material3'Basic_view_reflect_FX'
    FlattenedTexture = None
    MobileBaseTexture = None
    MobileNormalTexture = None
    bUseMobileSpecular = false
    MobileSpecularPower = 16
    MobileSpecularMask = MSM_Constant (0)
    MobileMaskTexture = None
