Found 32768 game files (1766 skipped)
Loading package: 00051864.upk Ver: 573/1 Engine: 4205 Names: 181 Exports: 290 Imports: 16 Game: 801A
Loading SkeletalMesh3 SandGolem from package 00051864.upk
WARNING: ObjectProperty "USkeletalMesh3::PlaySoundSet" was not found
WARNING: FloatProperty "USkeletalMesh3::AnimNameHeight" was not found
WARNING: FloatProperty "USkeletalMesh3::NormalNameHeight" was not found
WARNING: FloatProperty "USkeletalMesh3::LowNameHeight" was not found
WARNING: BoolProperty "USkeletalMesh3::bForceCharacterLight" was not found
WARNING: FloatProperty "USkeletalMesh3::PhysicalHitScale" was not found
Loading package: 00051863.upk Ver: 573/1 Engine: 4205 Names: 91 Exports: 1 Imports: 20 Game: 801A
Loading SkeletalMeshSocket SkeletalMeshSocket_110 from package 00051864.upk
Loading SkeletalMeshSocket SkeletalMeshSocket_111 from package 00051864.upk
Loading SkeletalMeshSocket SkeletalMeshSocket_112 from package 00051864.upk
Loading SkeletalMeshSocket SkeletalMeshSocket_113 from package 00051864.upk
Loading SkeletalMeshSocket SkeletalMeshSocket_114 from package 00051864.upk
Loading SkeletalMeshSocket SkeletalMeshSocket_115 from package 00051864.upk
Loading SkeletalMeshSocket SkeletalMeshSocket_116 from package 00051864.upk
Loading SkeletalMeshSocket SkeletalMeshSocket_117 from package 00051864.upk
Loading SkeletalMeshSocket SkeletalMeshSocket_118 from package 00051864.upk
WARNING: BoolProperty "USkeletalMeshSocket::bParticleAttachPosOnly" was not found
Loading MaterialInstanceConstant col1 from package 00051863.upk
Loading package: 00051300.upk Ver: 573/1 Engine: 4205 Names: 33 Exports: 5 Imports: 2 Game: 801A
Loading package: 00002640.upk Ver: 573/1 Engine: 4205 Names: 291 Exports: 507 Imports: 3 Game: 801A
Loading package: 00002620.upk Ver: 573/1 Engine: 4205 Names: 576 Exports: 7687 Imports: 96 Game: 801A
Loading Texture2D SandGolemBig_Col1_N from package 00051300.upk
Loading Texture2D SandGolemBig_Col1_M from package 00051300.upk
Loading Texture2D SandGolemBig_Col1_D from package 00051300.upk
Loading Texture2D SandGolemBig_Col1_S from package 00051300.upk
Loading TextureCube lenscube from package 00002640.upk
Loading Texture2D SandGolemBig_Col1_E from package 00051300.upk
Loading Material3 Basic from package 00002620.upk
Loading package: 00012963.upk Ver: 573/1 Engine: 4205 Names: 1386 Exports: 1362 Imports: 10 Game: 801A
Loading Texture2D CubemapFace0 from package 00002640.upk
Loading Texture2D CubemapFace1 from package 00002640.upk
Loading Texture2D CubemapFace2 from package 00002640.upk
Loading Texture2D CubemapFace3 from package 00002640.upk
Loading Texture2D CubemapFace4 from package 00002640.upk
Loading Texture2D CubemapFace5 from package 00002640.upk
Loading Texture2D check_n from package 00002620.upk
Loading Texture2D check from package 00002620.upk
Loading Texture2D Smoke_Pattern_001 from package 00012963.upk
Loading Texture2D Gradient_Line_003 from package 00012963.upk
Loading Texture2D Gradient_Wipe_BurnOut_Mask_TEST from package 00012963.upk
Loading Texture2D Gradient_Wipe_BurnOut_Mask from package 00012963.upk
Loaded in 0.16 sec, 3128 allocs, 3.46 MBytes serialized in 414665 calls.

Object info:
============
ClassName: SkeletalMesh3 ObjectName: SandGolem

    LODInfo[1] =
    {
        LODInfo[0] =
        {
            DisplayFactor = 0
            LODHysteresis = 0.02
            LODMaterialMap[0] = {}
            bEnableShadowCasting[1] = { true }
        }
    }
    Sockets[9] =
    {
        Sockets[0] = SkeletalMeshSocket'SandGolem.SkeletalMeshSocket_110'
        Sockets[1] = SkeletalMeshSocket'SandGolem.SkeletalMeshSocket_111'
        Sockets[2] = SkeletalMeshSocket'SandGolem.SkeletalMeshSocket_112'
        Sockets[3] = SkeletalMeshSocket'SandGolem.SkeletalMeshSocket_113'
        Sockets[4] = SkeletalMeshSocket'SandGolem.SkeletalMeshSocket_114'
        Sockets[5] = SkeletalMeshSocket'SandGolem.SkeletalMeshSocket_115'
        Sockets[6] = SkeletalMeshSocket'SandGolem.SkeletalMeshSocket_116'
        Sockets[7] = SkeletalMeshSocket'SandGolem.SkeletalMeshSocket_117'
        Sockets[8] = SkeletalMeshSocket'SandGolem.SkeletalMeshSocket_118'
    }
    bHasVertexColors = false
    EnableTwistBoneFixers = true
    EnableClavicleFixer = true
    Materials[1] = { MaterialInstanceConstant'col1' }


    Lods[1] =
    {
        Lods[0] =
        {
            Sections[1] =
            {
                Sections[0] = { Material=MaterialInstanceConstant'col1', FirstIndex=0, NumFaces=8040 }
            }
            NumVerts = 5952
            IndexCount = 24120
            NumTexCoords = 1
        }
    }
    LodCount = 1
    MeshOrigin = { X=-0, Y=-0, Z=-0 }
    MeshScale = { X=1, Y=1, Z=1 }
    RotOrigin = { Yaw=0, Pitch=0, Roll=0 }
    BoneCount = 71

Object info:
============
ClassName: SkeletalMeshSocket ObjectName: SkeletalMeshSocket_110

    SocketName = target_high
    BoneName = Bip01Head
    RelativeLocation = { X=15, Y=-5, Z=5 }
    RelativeRotation = { Yaw=0, Pitch=0, Roll=0 }
    RelativeScale = { X=1, Y=1, Z=1 }

Object info:
============
ClassName: SkeletalMeshSocket ObjectName: SkeletalMeshSocket_111

    SocketName = socket_force
    BoneName = Root
    RelativeLocation = { X=106.877, Y=65, Z=-20 }
    RelativeRotation = { Yaw=0, Pitch=0, Roll=0 }
    RelativeScale = { X=1, Y=1, Z=1 }

Object info:
============
ClassName: SkeletalMeshSocket ObjectName: SkeletalMeshSocket_112

    SocketName = Mount_Socket
    BoneName = Bip01Spine1
    RelativeLocation = { X=-10.7747, Y=-52.2069, Z=0 }
    RelativeRotation = { Yaw=0, Pitch=0, Roll=-16384 }
    RelativeScale = { X=1, Y=1, Z=1 }

Object info:
============
ClassName: SkeletalMeshSocket ObjectName: SkeletalMeshSocket_113

    SocketName = Catch_Neck
    BoneName = Bip01Neck
    RelativeLocation = { X=0, Y=0, Z=0 }
    RelativeRotation = { Yaw=0, Pitch=0, Roll=0 }
    RelativeScale = { X=1, Y=1, Z=1 }

Object info:
============
ClassName: SkeletalMeshSocket ObjectName: SkeletalMeshSocket_114

    SocketName = Catch_Back
    BoneName = Bip01Spine2
    RelativeLocation = { X=-10.3214, Y=71.8307, Z=8.59184 }
    RelativeRotation = { Yaw=0, Pitch=0, Roll=0 }
    RelativeScale = { X=1, Y=1, Z=1 }

Object info:
============
ClassName: SkeletalMeshSocket ObjectName: SkeletalMeshSocket_115

    SocketName = Mount_Ambar_Socket
    BoneName = Bip01LClavicle
    RelativeLocation = { X=33.4467, Y=-21.9153, Z=-43.1957 }
    RelativeRotation = { Yaw=-285, Pitch=9970, Roll=22850 }
    RelativeScale = { X=1, Y=1, Z=1 }

Object info:
============
ClassName: SkeletalMeshSocket ObjectName: SkeletalMeshSocket_116

    SocketName = Mount_Choke_Socket
    BoneName = Root
    RelativeLocation = { X=41.0007, Y=-22.0306, Z=79.25 }
    RelativeRotation = { Yaw=32768, Pitch=0, Roll=0 }
    RelativeScale = { X=1, Y=1, Z=1 }

Object info:
============
ClassName: SkeletalMeshSocket ObjectName: SkeletalMeshSocket_117

    SocketName = Decap_Socket
    BoneName = Bip01Neck
    RelativeLocation = { X=1.40589, Y=11.9806, Z=2.1089 }
    RelativeRotation = { Yaw=0, Pitch=0, Roll=0 }
    RelativeScale = { X=1, Y=1, Z=1 }

Object info:
============
ClassName: SkeletalMeshSocket ObjectName: SkeletalMeshSocket_118

    SocketName = ATTACH_EFFECT
    BoneName = Bip01
    RelativeLocation = { X=10, Y=0, Z=0 }
    RelativeRotation = { Yaw=0, Pitch=0, Roll=0 }
    RelativeScale = { X=1, Y=1, Z=1 }
