Found 32768 game files (1766 skipped)
Loading package: 00055979.upk Ver: 573/1 Engine: 4205 Names: 105 Exports: 2 Imports: 26 Game: 801A
Loading MaterialInstanceConstant col1 from package 00055979.upk
Loading package: 00055567.upk Ver: 573/1 Engine: 4205 Names: 32 Exports: 5 Imports: 2 Game: 801A
Loading package: 00050895.upk Ver: 573/1 Engine: 4205 Names: 153 Exports: 3 Imports: 21 Game: 801A
Loading package: 00002640.upk Ver: 573/1 Engine: 4205 Names: 291 Exports: 507 Imports: 3 Game: 801A
Loading package: 00055980.upk Ver: 573/1 Engine: 4205 Names: 113 Exports: 3 Imports: 25 Game: 801A
Loading package: 00012963.upk Ver: 573/1 Engine: 4205 Names: 1386 Exports: 1362 Imports: 10 Game: 801A
Loading package: 00055978.upk Ver: 573/1 Engine: 4205 Names: 194 Exports: 261 Imports: 54 Game: 801A
Loading Texture2D 020355_Autoscale_col1_N from package 00055567.upk
Loading Texture2D 020355_Autoscale_col1_M from package 00055567.upk
Loading Texture2D 020355_Autoscale_col1_D from package 00055567.upk
Loading Texture2D Smoke_Pattern_4channel_02 from package 00050895.upk
Loading Texture2D 020355_Autoscale_col1_S from package 00055567.upk
Loading TextureCube ban_Cube from package 00002640.upk
Loading Texture2D Weapon_020355_col1_FX from package 00055980.upk
Loading Texture2D FX_Glow_Trangition from package 00012963.upk
Loading Texture2D 020355_Autoscale_col1_E from package 00055567.upk
Loading Material3 Basic_view_reflect_FX from package 00055978.upk
Loading package: 00002620.upk Ver: 573/1 Engine: 4205 Names: 576 Exports: 7687 Imports: 96 Game: 801A
Loading Texture2D CubemapFace0 from package 00002640.upk
Loading Texture2D CubemapFace1 from package 00002640.upk
Loading Texture2D CubemapFace2 from package 00002640.upk
Loading Texture2D CubemapFace3 from package 00002640.upk
Loading Texture2D CubemapFace4 from package 00002640.upk
Loading Texture2D CubemapFace5 from package 00002640.upk
Loading Texture2D check_n from package 00002620.upk
Loading Texture2D check from package 00002620.upk
Loading Texture2D Smoke_Pattern_001 from package 00012963.upk
Loading Texture2D Gradient_Line_003 from package 00012963.upk
Loaded in 0.13 sec, 3418 allocs, 2.25 MBytes serialized in 191648 calls.

Object info:
============
ClassName: MaterialInstanceConstant ObjectName: col1

    ScalarParameterValues[10] =
    {
        ScalarParameterValues[0] = { ParameterName=Transmission_value, ParameterValue=0.5 }
        ScalarParameterValues[1] = { ParameterName=Glossiness1, ParameterValue=0.5 }
        ScalarParameterValues[2] = { ParameterName=Glossiness2, ParameterValue=50 }
        ScalarParameterValues[3] = { ParameterName=Specular_value, ParameterValue=2 }
        ScalarParameterValues[4] = { ParameterName=HighLight_Value, ParameterValue=1.5 }
        ScalarParameterValues[5] = { ParameterName=HighLight_glossiness, ParameterValue=50 }
        ScalarParameterValues[6] = { ParameterName=Emissive_value, ParameterValue=2 }
        ScalarParameterValues[7] = { ParameterName=Emissive_value2, ParameterValue=0.8 }
        ScalarParameterValues[8] = { ParameterName=Fresnel Value, ParameterValue=20 }
        ScalarParameterValues[9] = { ParameterName=Fresnel exponent, ParameterValue=2 }
    }
    TextureParameterValues[9] =
    {
        TextureParameterValues[0] = { ParameterName=Normal, ParameterValue=Texture2D'020355_Autoscale_col1_N' }
        TextureParameterValues[1] = { ParameterName=Mask_GB, ParameterValue=Texture2D'020355_Autoscale_col1_M' }
        TextureParameterValues[2] = { ParameterName=Diffuse, ParameterValue=Texture2D'020355_Autoscale_col1_D' }
        TextureParameterValues[3] = { ParameterName=Noise, ParameterValue=Texture2D'Smoke_Pattern_4channel_02' }
        TextureParameterValues[4] = { ParameterName=Specular, ParameterValue=Texture2D'020355_Autoscale_col1_S' }
        TextureParameterValues[5] = { ParameterName=rf_cube, ParameterValue=TextureCube'ban_Cube' }
        TextureParameterValues[6] = { ParameterName=FX_Mask_RGB, ParameterValue=Texture2D'Weapon_020355_col1_FX' }
        TextureParameterValues[7] = { ParameterName=Glow_Texture, ParameterValue=Texture2D'FX_Glow_Trangition' }
        TextureParameterValues[8] = { ParameterName=Emissive, ParameterValue=Texture2D'020355_Autoscale_col1_E' }
    }
    VectorParameterValues[14] =
    {
        VectorParameterValues[0] =
        {
            ParameterName = Mesh_trangition
            ParameterValue = { R=0, G=0, B=0, A=1 }
        }
        VectorParameterValues[1] =
        {
            ParameterName = Reflection_value
            ParameterValue = { R=2, G=2, B=2, A=1 }
        }
        VectorParameterValues[2] =
        {
            ParameterName = HighLight_Color
            ParameterValue = { R=1, G=1, B=1, A=1 }
        }
        VectorParameterValues[3] =
        {
            ParameterName = Fresnel_color_FX
            ParameterValue = { R=3, G=1, B=4, A=0 }
        }
        VectorParameterValues[4] =
        {
            ParameterName = Fresnel_Power_FX
            ParameterValue = { R=1, G=1, B=1, A=1 }
        }
        VectorParameterValues[5] =
        {
            ParameterName = Fresnel_Mask_RGB
            ParameterValue = { R=1, G=1, B=0, A=0 }
        }
        VectorParameterValues[6] =
        {
            ParameterName = Fresnel_Thickness_FX_RGB
            ParameterValue = { R=10, G=600, B=1, A=30 }
        }
        VectorParameterValues[7] =
        {
            ParameterName = Fresnel_Power_FX_RGBA
            ParameterValue = { R=0.75, G=1, B=1, A=1 }
        }
        VectorParameterValues[8] =
        {
            ParameterName = Fx_Glow_Mask_RGB
            ParameterValue = { R=2, G=2, B=0, A=0 }
        }
        VectorParameterValues[9] =
        {
            ParameterName = Fx_Glow_Base_power_04
            ParameterValue = { R=2, G=2, B=2, A=8 }
        }
        VectorParameterValues[10] =
        {
            ParameterName = Fx_Glow_power_04
            ParameterValue = { R=1, G=1, B=1, A=1 }
        }
        VectorParameterValues[11] =
        {
            ParameterName = Fx_Glow_color_04
            ParameterValue = { R=1, G=0.5, B=3, A=1 }
        }
        VectorParameterValues[12] =
        {
            ParameterName = Fresnel_color
            ParameterValue = { R=1, G=1, B=1, A=1 }
        }
        VectorParameterValues[13] =
        {
            ParameterName = Fresnel_Power
            ParameterValue = { R=0, G=0, B=0, A=1 }
        }
    }
    Parent = Material3'Basic_view_reflect_FX'
    FlattenedTexture = None
    MobileBaseTexture = None
    MobileNormalTexture = None
    bUseMobileSpecular = false
    MobileSpecularPower = 16
    MobileSpecularMask = MSM_Constant (0)
    MobileMaskTexture = None
