Found 32768 game files (1766 skipped)
Loading package: 00057957.upk Ver: 573/1 Engine: 4205 Names: 502 Exports: 816 Imports: 182 Game: 801A
Loading Material3 W_Meshdeco07 from package 00057957.upk
Loading package: 00012963.upk Ver: 573/1 Engine: 4205 Names: 1386 Exports: 1362 Imports: 10 Game: 801A
Loading package: 00002620.upk Ver: 573/1 Engine: 4205 Names: 576 Exports: 7687 Imports: 96 Game: 801A
Loading SkeletalMesh3 110273_Autoscale from package 00057957.upk
WARNING: ObjectProperty "USkeletalMesh3::MeshFactorSet" was not found
WARNING: ObjectProperty "USkeletalMesh3::PhysMaterialOverride" was not found
WARNING: ByteProperty "USkeletalMesh3::ItemPreviewLocType" was not found
Loading package: 00057959.upk Ver: 573/1 Engine: 4205 Names: 89 Exports: 1 Imports: 19 Game: 801A
Loading SkeletalMeshSocket SkeletalMeshSocket_203 from package 00057957.upk
WARNING: ObjectProperty "USkeletalMeshSocket::DependencyParticleSystem" was not found
Loading SkeletalMeshSocket SkeletalMeshSocket_204 from package 00057957.upk
WARNING: ObjectProperty "USkeletalMeshSocket::DependencyParticleSystem" was not found
Loading StaticMesh3 110273_Autoscale_FX_MESH001 from package 00057957.upk
Loading package: 00012892.upk Ver: 573/1 Engine: 4205 Names: 1108 Exports: 6240 Imports: 380 Game: 801A
Loading Texture2D Fire_Blending_Pattern_Tex_Big3 from package 00012963.upk
Loading Texture2D Water_001_01_N_Wave3 from package 00012963.upk
Loading Texture2D Noise_Wave_000 from package 00012963.upk
Loading Texture2D Smoke_Pattern_001 from package 00012963.upk
Loading Texture2D Gradient_Line_005 from package 00012963.upk
Loading Texture2D check from package 00002620.upk
Loading Texture2D Noise_Glass_000 from package 00012963.upk
Loading Texture2D Normal_Stone_001 from package 00012963.upk
WARNING: BoolProperty "UTexture2D::bDisableLoadSwitch" was not found
Loading Texture2D AncientMechaScorpion_Naryu_pattern from package 00012963.upk
Loading Texture2D Noise_Bubble_000 from package 00012963.upk
Loading Texture2D Gradient_Line_010_loop from package 00012963.upk
Loading TextureCube Illusion_cube_1 from package 00012963.upk
Loading MaterialInstanceConstant col1 from package 00057959.upk
Loading package: 00057958.upk Ver: 573/1 Engine: 4205 Names: 32 Exports: 4 Imports: 2 Game: 801A
Loading package: 00002640.upk Ver: 573/1 Engine: 4205 Names: 291 Exports: 507 Imports: 3 Game: 801A
Loading Material3 001_Mesh_Default_MatM from package 00012892.upk
WARNING: BoolProperty "UMaterial3::bAcceptRenderDecal" was not found
Loading package: 00023713.upk Ver: 573/1 Engine: 4205 Names: 101 Exports: 81 Imports: 4 Game: 801A
Loading Texture2D CubemapFace0 from package 00012963.upk
Loading Texture2D CubemapFace1 from package 00012963.upk
Loading Texture2D CubemapFace2 from package 00012963.upk
Loading Texture2D CubemapFace3 from package 00012963.upk
Loading Texture2D CubemapFace4 from package 00012963.upk
Loading Texture2D CubemapFace5 from package 00012963.upk
Loading Texture2D 110273_Autoscale_col1_N from package 00057958.upk
Loading Texture2D 110273_Autoscale_col1_M from package 00057958.upk
Loading Texture2D 110273_Autoscale_col1_D from package 00057958.upk
Loading Texture2D 110273_Autoscale_col1_S from package 00057958.upk
Loading TextureCube cube_orb from package 00002640.upk
Loading Material3 Basic from package 00002620.upk
Loading Texture2D Cube000_Tex from package 00023713.upk
Loading Texture2D CubemapFace0 from package 00002640.upk
Loading Texture2D CubemapFace1 from package 00002640.upk
Loading Texture2D CubemapFace2 from package 00002640.upk
Loading Texture2D CubemapFace3 from package 00002640.upk
Loading Texture2D CubemapFace4 from package 00002640.upk
Loading Texture2D CubemapFace5 from package 00002640.upk
Loading Texture2D check_n from package 00002620.upk
Loading Texture2D Gradient_Line_003 from package 00012963.upk
Loading Texture2D Gradient_Wipe_BurnOut_Mask_TEST from package 00012963.upk
Loading Texture2D Gradient_Wipe_BurnOut_Mask from package 00012963.upk
Loaded in 0.28 sec, 5081 allocs, 3.58 MBytes serialized in 509006 calls.

Object info:
============
ClassName: Material3 ObjectName: W_Meshdeco07

    TwoSided = false
    bDisableDepthTest = false
    bIsMasked = false
    ReferencedTextures[12] =
    {
        ReferencedTextures[0] = Texture2D'Fire_Blending_Pattern_Tex_Big3'
        ReferencedTextures[1] = Texture2D'Water_001_01_N_Wave3'
        ReferencedTextures[2] = Texture2D'Noise_Wave_000'
        ReferencedTextures[3] = Texture2D'Smoke_Pattern_001'
        ReferencedTextures[4] = Texture2D'Gradient_Line_005'
        ReferencedTextures[5] = Texture2D'check'
        ReferencedTextures[6] = Texture2D'Noise_Glass_000'
        ReferencedTextures[7] = Texture2D'Normal_Stone_001'
        ReferencedTextures[8] = Texture2D'AncientMechaScorpion_Naryu_pattern'
        ReferencedTextures[9] = Texture2D'Noise_Bubble_000'
        ReferencedTextures[10] = Texture2D'Gradient_Line_010_loop'
        ReferencedTextures[11] = TextureCube'Illusion_cube_1'
    }
    BlendMode = BLEND_Additive (3)
    OpacityMaskClipValue = 0.333
    FlattenedTexture = None
    MobileBaseTexture = None
    MobileNormalTexture = None
    bUseMobileSpecular = false
    MobileSpecularPower = 16
    MobileSpecularMask = MSM_Constant (0)
    MobileMaskTexture = None

Object info:
============
ClassName: SkeletalMesh3 ObjectName: 110273_Autoscale

    LODInfo[1] =
    {
        LODInfo[0] =
        {
            DisplayFactor = 0
            LODHysteresis = 0.02
            LODMaterialMap[0] = {}
            bEnableShadowCasting[1] = { true }
        }
    }
    Sockets[2] =
    {
        Sockets[0] = SkeletalMeshSocket'110273_Autoscale.SkeletalMeshSocket_203'
        Sockets[1] = SkeletalMeshSocket'110273_Autoscale.SkeletalMeshSocket_204'
    }
    bHasVertexColors = false
    EnableTwistBoneFixers = true
    EnableClavicleFixer = true
    Materials[1] = { MaterialInstanceConstant'col1' }


    Lods[1] =
    {
        Lods[0] =
        {
            Sections[1] =
            {
                Sections[0] = { Material=MaterialInstanceConstant'col1', FirstIndex=0, NumFaces=3636 }
            }
            NumVerts = 3667
            IndexCount = 10908
            NumTexCoords = 1
        }
    }
    LodCount = 1
    MeshOrigin = { X=-0, Y=-0, Z=-0 }
    MeshScale = { X=1, Y=1, Z=1 }
    RotOrigin = { Yaw=0, Pitch=0, Roll=0 }
    BoneCount = 7

Object info:
============
ClassName: SkeletalMeshSocket ObjectName: SkeletalMeshSocket_203

    SocketName = FX_Add
    BoneName = WeaponRoot
    RelativeLocation = { X=0, Y=0, Z=0 }
    RelativeRotation = { Yaw=0, Pitch=0, Roll=0 }
    RelativeScale = { X=1, Y=1, Z=1 }

Object info:
============
ClassName: SkeletalMeshSocket ObjectName: SkeletalMeshSocket_204

    SocketName = FX_Add_Trail
    BoneName = WeaponRoot
    RelativeLocation = { X=0, Y=0, Z=-14.75 }
    RelativeRotation = { Yaw=0, Pitch=0, Roll=0 }
    RelativeScale = { X=1.5, Y=1.5, Z=1.5 }

Object info:
============
ClassName: StaticMesh3 ObjectName: 110273_Autoscale_FX_MESH001

    BodySetup = None
    UseSimpleLineCollision = false
    UseSimpleBoxCollision = false
    UseSimpleRigidBodyCollision = false
    UseFullPrecisionUVs = false
    Bounds =
    {
        Origin = { X=-0.0554504, Y=0, Z=-3.7848 }
        BoxExtent = { X=16.7743, Y=2.624, Z=43.3967 }
        SphereRadius = 43.7754
    }
    CanCompressPositions = false
    CanStripNormalsAndTangents = false
    InternalVersion = 18


    Lods[1] =
    {
        Lods[0] =
        {
            Sections[1] =
            {
                Sections[0] = { Material=Material3'001_Mesh_Default_MatM', FirstIndex=0, NumFaces=2718 }
            }
            NumVerts = 5082
            IndexCount = 8154
            NumTexCoords = 1
        }
    }
    LodCount = 1
