Found 32768 game files (1766 skipped)
Loading package: 00056131.upk Ver: 573/1 Engine: 4205 Names: 89 Exports: 14 Imports: 19 Game: 801A
Loading SkeletalMesh3 020356_Autoscale_L from package 00056131.upk
WARNING: ObjectProperty "USkeletalMesh3::MeshFactorSet" was not found
WARNING: ObjectProperty "USkeletalMesh3::PhysMaterialOverride" was not found
WARNING: ByteProperty "USkeletalMesh3::ItemPreviewLocType" was not found
Loading package: 00055739.upk Ver: 573/1 Engine: 4205 Names: 106 Exports: 1 Imports: 28 Game: 801A
Loading SkeletalMesh3 020356_Autoscale_R from package 00056131.upk
WARNING: ObjectProperty "USkeletalMesh3::MeshFactorSet" was not found
WARNING: ObjectProperty "USkeletalMesh3::PhysMaterialOverride" was not found
WARNING: ByteProperty "USkeletalMesh3::ItemPreviewLocType" was not found
Loading SkeletalMeshSocket SkeletalMeshSocket_168 from package 00056131.upk
WARNING: ObjectProperty "USkeletalMeshSocket::DependencyParticleSystem" was not found
WARNING: BoolProperty "USkeletalMeshSocket::bParticleApplyAutoScale" was not found
Loading SkeletalMeshSocket SkeletalMeshSocket_169 from package 00056131.upk
WARNING: ObjectProperty "USkeletalMeshSocket::DependencyParticleSystem" was not found
WARNING: BoolProperty "USkeletalMeshSocket::bParticleApplyAutoScale" was not found
Loading SkeletalMeshSocket SkeletalMeshSocket_179 from package 00056131.upk
WARNING: ObjectProperty "USkeletalMeshSocket::DependencyParticleSystem" was not found
WARNING: BoolProperty "USkeletalMeshSocket::bParticleApplyAutoScale" was not found
Loading SkeletalMeshSocket SkeletalMeshSocket_180 from package 00056131.upk
WARNING: ObjectProperty "USkeletalMeshSocket::DependencyParticleSystem" was not found
WARNING: BoolProperty "USkeletalMeshSocket::bParticleApplyAutoScale" was not found
Loading MaterialInstanceConstant col1 from package 00055739.upk
Loading package: 00055740.upk Ver: 573/1 Engine: 4205 Names: 34 Exports: 6 Imports: 2 Game: 801A
Loading package: 00002640.upk Ver: 573/1 Engine: 4205 Names: 291 Exports: 507 Imports: 3 Game: 801A
Loading package: 00012963.upk Ver: 573/1 Engine: 4205 Names: 1386 Exports: 1362 Imports: 10 Game: 801A
Loading package: 00055735.upk Ver: 573/1 Engine: 4205 Names: 185 Exports: 179 Imports: 53 Game: 801A
Loading Texture2D 020356_Autoscale_col1_N from package 00055740.upk
Loading Texture2D 020356_Autoscale_col1_M from package 00055740.upk
Loading Texture2D 020356_Autoscale_col1_D from package 00055740.upk
Loading Texture2D 020356_Autoscale_col1_S from package 00055740.upk
Loading TextureCube lenscube_a from package 00002640.upk
Loading Texture2D 020356_Autoscale_col1_E from package 00055740.upk
Loading Texture2D Noise_020 from package 00012963.upk
Loading Texture2D Smoke_Dusts_002 from package 00012963.upk
Loading Texture2D 020356_Autoscale_col1_D_02 from package 00055740.upk
Loading Material3 Basic from package 00055735.upk
Loading package: 00002620.upk Ver: 573/1 Engine: 4205 Names: 576 Exports: 7687 Imports: 96 Game: 801A
Loading package: 00055736.upk Ver: 573/1 Engine: 4205 Names: 32 Exports: 6 Imports: 2 Game: 801A
Loading Texture2D CubemapFace0 from package 00002640.upk
Loading Texture2D CubemapFace1 from package 00002640.upk
Loading Texture2D CubemapFace2 from package 00002640.upk
Loading Texture2D CubemapFace3 from package 00002640.upk
Loading Texture2D CubemapFace4 from package 00002640.upk
Loading Texture2D CubemapFace5 from package 00002640.upk
Loading Texture2D check_n from package 00002620.upk
Loading Texture2D Noise_Plazma_002 from package 00012963.upk
Loading Texture2D Noise_018 from package 00012963.upk
Loading Texture2D 010363_Autoscale_col1_D_02 from package 00055736.upk
Loading Texture2D check from package 00002620.upk
Loading Texture2D Smoke_Pattern_001 from package 00012963.upk
Loading Texture2D Gradient_Line_003 from package 00012963.upk
Loading Texture2D Gradient_Wipe_BurnOut_Mask_TEST from package 00012963.upk
Loading Texture2D Gradient_Wipe_BurnOut_Mask from package 00012963.upk
Loaded in 0.18 sec, 3490 allocs, 2.91 MBytes serialized in 349185 calls.

Object info:
============
ClassName: SkeletalMesh3 ObjectName: 020356_Autoscale_L

    LODInfo[1] =
    {
        LODInfo[0] =
        {
            DisplayFactor = 0
            LODHysteresis = 0.02
            LODMaterialMap[0] = {}
            bEnableShadowCasting[1] = { true }
        }
    }
    Sockets[2] =
    {
        Sockets[0] = SkeletalMeshSocket'020356_Autoscale_L.SkeletalMeshSocket_168'
        Sockets[1] = SkeletalMeshSocket'020356_Autoscale_L.SkeletalMeshSocket_169'
    }
    bHasVertexColors = false
    EnableTwistBoneFixers = true
    EnableClavicleFixer = true
    Materials[1] = { MaterialInstanceConstant'col1' }


    Lods[1] =
    {
        Lods[0] =
        {
            Sections[1] =
            {
                Sections[0] = { Material=MaterialInstanceConstant'col1', FirstIndex=0, NumFaces=3031 }
            }
            NumVerts = 2490
            IndexCount = 9093
            NumTexCoords = 1
        }
    }
    LodCount = 1
    MeshOrigin = { X=-0, Y=-0, Z=-0 }
    MeshScale = { X=1, Y=1, Z=1 }
    RotOrigin = { Yaw=0, Pitch=0, Roll=0 }
    BoneCount = 3

Object info:
============
ClassName: SkeletalMesh3 ObjectName: 020356_Autoscale_R

    LODInfo[1] =
    {
        LODInfo[0] =
        {
            DisplayFactor = 0
            LODHysteresis = 0.02
            LODMaterialMap[0] = {}
            bEnableShadowCasting[1] = { true }
        }
    }
    Sockets[2] =
    {
        Sockets[0] = SkeletalMeshSocket'020356_Autoscale_R.SkeletalMeshSocket_179'
        Sockets[1] = SkeletalMeshSocket'020356_Autoscale_R.SkeletalMeshSocket_180'
    }
    bHasVertexColors = false
    EnableTwistBoneFixers = true
    EnableClavicleFixer = true
    Materials[1] = { MaterialInstanceConstant'col1' }


    Lods[1] =
    {
        Lods[0] =
        {
            Sections[1] =
            {
                Sections[0] = { Material=MaterialInstanceConstant'col1', FirstIndex=0, NumFaces=3031 }
            }
            NumVerts = 2491
            IndexCount = 9093
            NumTexCoords = 1
        }
    }
    LodCount = 1
    MeshOrigin = { X=-0, Y=-0, Z=-0 }
    MeshScale = { X=1, Y=1, Z=1 }
    RotOrigin = { Yaw=0, Pitch=0, Roll=0 }
    BoneCount = 3

Object info:
============
ClassName: SkeletalMeshSocket ObjectName: SkeletalMeshSocket_168

    SocketName = FX_Add
    BoneName = Bip01LHand
    RelativeLocation = { X=0, Y=0, Z=0 }
    RelativeRotation = { Yaw=0, Pitch=0, Roll=0 }
    RelativeScale = { X=1.01, Y=1.02, Z=1.02 }

Object info:
============
ClassName: SkeletalMeshSocket ObjectName: SkeletalMeshSocket_169

    SocketName = FX_Add_Trail
    BoneName = Bip01LHand
    RelativeLocation = { X=7, Y=2, Z=-0.5 }
    RelativeRotation = { Yaw=0, Pitch=16384, Roll=0 }
    RelativeScale = { X=0.8, Y=0.8, Z=0.3 }

Object info:
============
ClassName: SkeletalMeshSocket ObjectName: SkeletalMeshSocket_179

    SocketName = FX_Add
    BoneName = Bip01RHand
    RelativeLocation = { X=0, Y=0, Z=0 }
    RelativeRotation = { Yaw=32768, Pitch=0, Roll=0 }
    RelativeScale = { X=1.01, Y=1.02, Z=1.02 }

Object info:
============
ClassName: SkeletalMeshSocket ObjectName: SkeletalMeshSocket_180

    SocketName = FX_Add_Trail
    BoneName = Bip01RHand
    RelativeLocation = { X=7, Y=2, Z=0 }
    RelativeRotation = { Yaw=0, Pitch=16384, Roll=0 }
    RelativeScale = { X=0.8, Y=0.8, Z=0.3 }
