Found 32768 game files (1766 skipped)
Loading package: 00050780.upk Ver: 573/1 Engine: 4205 Names: 233 Exports: 155 Imports: 22 Game: 801A
Loading SkeletalMesh3 10138_JInM from package 00050780.upk
WARNING: ObjectProperty "USkeletalMesh3::MeshFactorSet" was not found
WARNING: ObjectProperty "USkeletalMesh3::PhysMaterialOverride" was not found
WARNING: ObjectProperty "USkeletalMesh3::PlaySoundSet" was not found
WARNING: FloatProperty "USkeletalMesh3::AddFootOffsetValue" was not found
WARNING: FloatProperty "USkeletalMesh3::AnimNameHeight" was not found
WARNING: FloatProperty "USkeletalMesh3::NormalNameHeight" was not found
WARNING: ArrayProperty "USkeletalMesh3::NameplateMeshScaleRatio" was not found
WARNING: StructProperty "USkeletalMesh3::NameplateHeightRatio" was not found
WARNING: ArrayProperty "USkeletalMesh3::MeshScaleRatio" was not found
WARNING: StructProperty "USkeletalMesh3::HeightRatio" was not found
WARNING: StructProperty "USkeletalMesh3::HandRatio" was not found
WARNING: ByteProperty "USkeletalMesh3::CommonPhysicsUseFlag" was not found
Loading package: 00050781.upk Ver: 573/1 Engine: 4205 Names: 119 Exports: 2 Imports: 26 Game: 801A
Loading SkeletalMeshSocket SkeletalMeshSocket_1623 from package 00050780.upk
WARNING: ObjectProperty "USkeletalMeshSocket::DependencyParticleSystem" was not found
Loading SkeletalMeshSocket SkeletalMeshSocket_1666 from package 00050780.upk
WARNING: ObjectProperty "USkeletalMeshSocket::DependencyParticleSystem" was not found
Loading MaterialInstanceConstant col1 from package 00050781.upk
Loading package: 00050779.upk Ver: 573/1 Engine: 4205 Names: 33 Exports: 5 Imports: 2 Game: 801A
Loading package: 00002640.upk Ver: 573/1 Engine: 4205 Names: 291 Exports: 507 Imports: 3 Game: 801A
Loading package: 00012963.upk Ver: 573/1 Engine: 4205 Names: 1386 Exports: 1362 Imports: 10 Game: 801A
Loading package: 00050716.upk Ver: 573/1 Engine: 4205 Names: 197 Exports: 270 Imports: 53 Game: 801A
Loading Texture2D 10138_JinM_col1_N from package 00050779.upk
Loading Texture2D 10138_JinM_col1_M from package 00050779.upk
Loading Texture2D 10138_JinM_col1_D from package 00050779.upk
Loading Texture2D 10138_JinM_col1_S from package 00050779.upk
Loading TextureCube lenscube_a from package 00002640.upk
Loading Texture2D 10138_JinM_col1_E from package 00050779.upk
Loading Texture2D FireWork_burst_mask01 from package 00012963.upk
Loading Texture2D FX_Add from package 00050781.upk
Loading Material3 Body_FX_Cloth from package 00050716.upk
Loading package: 00002620.upk Ver: 573/1 Engine: 4205 Names: 576 Exports: 7687 Imports: 96 Game: 801A
Loading package: 00044523.upk Ver: 573/1 Engine: 4205 Names: 198 Exports: 264 Imports: 52 Game: 801A
Loading Texture2D CubemapFace0 from package 00002640.upk
Loading Texture2D CubemapFace1 from package 00002640.upk
Loading Texture2D CubemapFace2 from package 00002640.upk
Loading Texture2D CubemapFace3 from package 00002640.upk
Loading Texture2D CubemapFace4 from package 00002640.upk
Loading Texture2D CubemapFace5 from package 00002640.upk
Loading Texture2D check_n from package 00002620.upk
Loading Texture2D 10100_FX from package 00044523.upk
Loading Texture2D Smoke_Pattern_001 from package 00012963.upk
Loading Texture2D Noise_Glass_000 from package 00012963.upk
Loading Texture2D Gradient_Wipe_BurnOut_Mask_TEST from package 00012963.upk
Loading Texture2D Gradient_Wipe_BurnOut_Mask from package 00012963.upk
Loading Texture2D check from package 00002620.upk
Loading Texture2D Gradient_Line_003 from package 00012963.upk
Loaded in 0.21 sec, 3752 allocs, 4.63 MBytes serialized in 557477 calls.

Object info:
============
ClassName: SkeletalMesh3 ObjectName: 10138_JInM

    LODInfo[2] =
    {
        LODInfo[0] =
        {
            DisplayFactor = 0
            LODHysteresis = 0.02
            LODMaterialMap[0] = {}
            bEnableShadowCasting[1] = { true }
        }
        LODInfo[1] =
        {
            DisplayFactor = 0.25
            LODHysteresis = 0.02
            LODMaterialMap[1] = { 0 }
            bEnableShadowCasting[1] = { true }
        }
    }
    Sockets[2] =
    {
        Sockets[0] = SkeletalMeshSocket'10138_JInM.SkeletalMeshSocket_1623'
        Sockets[1] = SkeletalMeshSocket'10138_JInM.SkeletalMeshSocket_1666'
    }
    bHasVertexColors = false
    EnableTwistBoneFixers = true
    EnableClavicleFixer = true
    Materials[1] = { MaterialInstanceConstant'col1' }


    Lods[2] =
    {
        Lods[0] =
        {
            Sections[1] =
            {
                Sections[0] = { Material=MaterialInstanceConstant'col1', FirstIndex=0, NumFaces=9344 }
            }
            NumVerts = 6597
            IndexCount = 28032
            NumTexCoords = 1
        }
        Lods[1] =
        {
            Sections[1] =
            {
                Sections[0] = { Material=MaterialInstanceConstant'col1', FirstIndex=0, NumFaces=2918 }
            }
            NumVerts = 2518
            IndexCount = 8754
            NumTexCoords = 1
        }
    }
    LodCount = 2
    MeshOrigin = { X=-0, Y=-0, Z=-0 }
    MeshScale = { X=1, Y=1, Z=1 }
    RotOrigin = { Yaw=0, Pitch=0, Roll=0 }
    BoneCount = 102

Object info:
============
ClassName: SkeletalMeshSocket ObjectName: SkeletalMeshSocket_1623

    SocketName = FX_AddL
    BoneName = Bip01Pelvis
    RelativeLocation = { X=0, Y=0, Z=0 }
    RelativeRotation = { Yaw=-910, Pitch=-12743, Roll=0 }
    RelativeScale = { X=1, Y=1, Z=1 }

Object info:
============
ClassName: SkeletalMeshSocket ObjectName: SkeletalMeshSocket_1666

    SocketName = FX_AddR
    BoneName = Bip01Pelvis
    RelativeLocation = { X=0, Y=0, Z=0 }
    RelativeRotation = { Yaw=-910, Pitch=-20024, Roll=0 }
    RelativeScale = { X=1, Y=1, Z=1 }
