Found 32768 game files (1766 skipped)
Loading package: 00057830.upk Ver: 573/1 Engine: 4205 Names: 383 Exports: 887 Imports: 131 Game: 801A
Loading SkeletalMesh3 020367_Autoscale_L from package 00057830.upk
WARNING: ObjectProperty "USkeletalMesh3::MeshFactorSet" was not found
WARNING: ObjectProperty "USkeletalMesh3::PhysMaterialOverride" was not found
WARNING: ByteProperty "USkeletalMesh3::ItemPreviewLocType" was not found
Loading package: 00057831.upk Ver: 573/1 Engine: 4205 Names: 89 Exports: 1 Imports: 19 Game: 801A
Loading SkeletalMesh3 020367_Autoscale_R from package 00057830.upk
WARNING: ObjectProperty "USkeletalMesh3::MeshFactorSet" was not found
WARNING: ObjectProperty "USkeletalMesh3::PhysMaterialOverride" was not found
WARNING: ByteProperty "USkeletalMesh3::ItemPreviewLocType" was not found
Loading SkeletalMeshSocket SkeletalMeshSocket_104 from package 00057830.upk
WARNING: ObjectProperty "USkeletalMeshSocket::DependencyParticleSystem" was not found
WARNING: BoolProperty "USkeletalMeshSocket::bParticleApplyAutoScale" was not found
Loading SkeletalMeshSocket SkeletalMeshSocket_105 from package 00057830.upk
WARNING: BoolProperty "USkeletalMeshSocket::bParticleApplyAutoScale" was not found
Loading SkeletalMeshSocket SkeletalMeshSocket_108 from package 00057830.upk
WARNING: ObjectProperty "USkeletalMeshSocket::DependencyParticleSystem" was not found
WARNING: BoolProperty "USkeletalMeshSocket::bParticleApplyAutoScale" was not found
Loading SkeletalMeshSocket SkeletalMeshSocket_79 from package 00057830.upk
WARNING: ObjectProperty "USkeletalMeshSocket::DependencyParticleSystem" was not found
WARNING: BoolProperty "USkeletalMeshSocket::bParticleApplyAutoScale" was not found
Loading SkeletalMeshSocket SkeletalMeshSocket_80 from package 00057830.upk
WARNING: BoolProperty "USkeletalMeshSocket::bParticleApplyAutoScale" was not found
Loading SkeletalMeshSocket SkeletalMeshSocket_85 from package 00057830.upk
WARNING: ObjectProperty "USkeletalMeshSocket::DependencyParticleSystem" was not found
WARNING: BoolProperty "USkeletalMeshSocket::bParticleApplyAutoScale" was not found
Loading StaticMesh3 L_FX_MESH001 from package 00057830.upk
Loading package: 00012892.upk Ver: 573/1 Engine: 4205 Names: 1108 Exports: 6240 Imports: 380 Game: 801A
Loading StaticMesh3 R_FX_MESH001 from package 00057830.upk
Loading MaterialInstanceConstant col1 from package 00057831.upk
Loading package: 00057832.upk Ver: 573/1 Engine: 4205 Names: 32 Exports: 4 Imports: 2 Game: 801A
Loading package: 00002640.upk Ver: 573/1 Engine: 4205 Names: 291 Exports: 507 Imports: 3 Game: 801A
Loading package: 00002620.upk Ver: 573/1 Engine: 4205 Names: 576 Exports: 7687 Imports: 96 Game: 801A
Loading Material3 001_Mesh_Default_MatM from package 00012892.upk
WARNING: BoolProperty "UMaterial3::bAcceptRenderDecal" was not found
Loading package: 00023713.upk Ver: 573/1 Engine: 4205 Names: 101 Exports: 81 Imports: 4 Game: 801A
Loading Texture2D 020367_Autoscale_col1_N from package 00057832.upk
Loading Texture2D 020367_Autoscale_col1_M from package 00057832.upk
Loading Texture2D 020367_Autoscale_col1_D from package 00057832.upk
Loading Texture2D 020367_Autoscale_col1_S from package 00057832.upk
Loading TextureCube cube_orb from package 00002640.upk
Loading Texture2D check from package 00002620.upk
Loading Material3 Basic from package 00002620.upk
Loading package: 00012963.upk Ver: 573/1 Engine: 4205 Names: 1386 Exports: 1362 Imports: 10 Game: 801A
Loading Texture2D Cube000_Tex from package 00023713.upk
Loading Texture2D CubemapFace0 from package 00002640.upk
Loading Texture2D CubemapFace1 from package 00002640.upk
Loading Texture2D CubemapFace2 from package 00002640.upk
Loading Texture2D CubemapFace3 from package 00002640.upk
Loading Texture2D CubemapFace4 from package 00002640.upk
Loading Texture2D CubemapFace5 from package 00002640.upk
Loading Texture2D check_n from package 00002620.upk
Loading Texture2D Smoke_Pattern_001 from package 00012963.upk
Loading Texture2D Gradient_Line_003 from package 00012963.upk
Loading Texture2D Gradient_Wipe_BurnOut_Mask_TEST from package 00012963.upk
Loading Texture2D Gradient_Wipe_BurnOut_Mask from package 00012963.upk
Loaded in 0.2 sec, 4607 allocs, 3.46 MBytes serialized in 552017 calls.

Object info:
============
ClassName: SkeletalMesh3 ObjectName: 020367_Autoscale_L

    LODInfo[1] =
    {
        LODInfo[0] =
        {
            DisplayFactor = 0
            LODHysteresis = 0.02
            LODMaterialMap[0] = {}
            bEnableShadowCasting[1] = { true }
        }
    }
    Sockets[3] =
    {
        Sockets[0] = SkeletalMeshSocket'020367_Autoscale_L.SkeletalMeshSocket_104'
        Sockets[1] = SkeletalMeshSocket'020367_Autoscale_L.SkeletalMeshSocket_105'
        Sockets[2] = SkeletalMeshSocket'020367_Autoscale_L.SkeletalMeshSocket_108'
    }
    bHasVertexColors = false
    EnableTwistBoneFixers = true
    EnableClavicleFixer = true
    Materials[1] = { MaterialInstanceConstant'col1' }


    Lods[1] =
    {
        Lods[0] =
        {
            Sections[1] =
            {
                Sections[0] = { Material=MaterialInstanceConstant'col1', FirstIndex=0, NumFaces=2486 }
            }
            NumVerts = 2050
            IndexCount = 7458
            NumTexCoords = 1
        }
    }
    LodCount = 1
    MeshOrigin = { X=-0, Y=-0, Z=-0 }
    MeshScale = { X=1, Y=1, Z=1 }
    RotOrigin = { Yaw=0, Pitch=0, Roll=0 }
    BoneCount = 6

Object info:
============
ClassName: SkeletalMesh3 ObjectName: 020367_Autoscale_R

    LODInfo[1] =
    {
        LODInfo[0] =
        {
            DisplayFactor = 0
            LODHysteresis = 0.02
            LODMaterialMap[0] = {}
            bEnableShadowCasting[1] = { true }
        }
    }
    Sockets[3] =
    {
        Sockets[0] = SkeletalMeshSocket'020367_Autoscale_R.SkeletalMeshSocket_79'
        Sockets[1] = SkeletalMeshSocket'020367_Autoscale_R.SkeletalMeshSocket_80'
        Sockets[2] = SkeletalMeshSocket'020367_Autoscale_R.SkeletalMeshSocket_85'
    }
    bHasVertexColors = false
    EnableTwistBoneFixers = true
    EnableClavicleFixer = true
    Materials[1] = { MaterialInstanceConstant'col1' }


    Lods[1] =
    {
        Lods[0] =
        {
            Sections[1] =
            {
                Sections[0] = { Material=MaterialInstanceConstant'col1', FirstIndex=0, NumFaces=2486 }
            }
            NumVerts = 2050
            IndexCount = 7458
            NumTexCoords = 1
        }
    }
    LodCount = 1
    MeshOrigin = { X=-0, Y=-0, Z=-0 }
    MeshScale = { X=1, Y=1, Z=1 }
    RotOrigin = { Yaw=0, Pitch=0, Roll=0 }
    BoneCount = 6

Object info:
============
ClassName: SkeletalMeshSocket ObjectName: SkeletalMeshSocket_104

    SocketName = FX_Add
    BoneName = Bip01LHand
    RelativeLocation = { X=0, Y=0, Z=0 }
    RelativeRotation = { Yaw=0, Pitch=0, Roll=0 }
    RelativeScale = { X=1.01, Y=1.02, Z=1.02 }

Object info:
============
ClassName: SkeletalMeshSocket ObjectName: SkeletalMeshSocket_105

    SocketName = FX_Add_Trail
    BoneName = Bip01LHand
    RelativeLocation = { X=7, Y=2, Z=-0.5 }
    RelativeRotation = { Yaw=0, Pitch=16384, Roll=0 }
    RelativeScale = { X=0.8, Y=0.8, Z=0.3 }

Object info:
============
ClassName: SkeletalMeshSocket ObjectName: SkeletalMeshSocket_108

    SocketName = Fx_Add2
    BoneName = Bip01LHand
    RelativeLocation = { X=0, Y=0, Z=0 }
    RelativeRotation = { Yaw=0, Pitch=0, Roll=0 }
    RelativeScale = { X=1.01, Y=1.02, Z=1.02 }

Object info:
============
ClassName: SkeletalMeshSocket ObjectName: SkeletalMeshSocket_79

    SocketName = FX_Add
    BoneName = Bip01RHand
    RelativeLocation = { X=0, Y=0, Z=0 }
    RelativeRotation = { Yaw=32768, Pitch=0, Roll=0 }
    RelativeScale = { X=1.01, Y=1.02, Z=1.02 }

Object info:
============
ClassName: SkeletalMeshSocket ObjectName: SkeletalMeshSocket_80

    SocketName = FX_Add_Trail
    BoneName = Bip01RHand
    RelativeLocation = { X=7, Y=2, Z=0 }
    RelativeRotation = { Yaw=0, Pitch=16384, Roll=0 }
    RelativeScale = { X=0.8, Y=0.8, Z=0.3 }

Object info:
============
ClassName: SkeletalMeshSocket ObjectName: SkeletalMeshSocket_85

    SocketName = Fx_Add2
    BoneName = Bip01RHand
    RelativeLocation = { X=0, Y=0, Z=0 }
    RelativeRotation = { Yaw=32768, Pitch=0, Roll=0 }
    RelativeScale = { X=1.01, Y=1.02, Z=1.02 }

Object info:
============
ClassName: StaticMesh3 ObjectName: L_FX_MESH001

    BodySetup = None
    UseSimpleLineCollision = false
    UseSimpleBoxCollision = false
    UseSimpleRigidBodyCollision = false
    UseFullPrecisionUVs = false
    Bounds =
    {
        Origin = { X=7.1681, Y=1.5039, Z=0.0801001 }
        BoxExtent = { X=3.7554, Y=2.8301, Z=4.527 }
        SphereRadius = 5.20167
    }
    CanCompressPositions = false
    CanStripNormalsAndTangents = false
    InternalVersion = 18


    Lods[1] =
    {
        Lods[0] =
        {
            Sections[1] =
            {
                Sections[0] = { Material=Material3'001_Mesh_Default_MatM', FirstIndex=0, NumFaces=1976 }
            }
            NumVerts = 3330
            IndexCount = 5928
            NumTexCoords = 1
        }
    }
    LodCount = 1

Object info:
============
ClassName: StaticMesh3 ObjectName: R_FX_MESH001

    BodySetup = None
    UseSimpleLineCollision = false
    UseSimpleBoxCollision = false
    UseSimpleRigidBodyCollision = false
    UseFullPrecisionUVs = false
    Bounds =
    {
        Origin = { X=-7.1682, Y=-1.5041, Z=-0.0855999 }
        BoxExtent = { X=3.7554, Y=2.8301, Z=4.5325 }
        SphereRadius = 5.51628
    }
    CanCompressPositions = false
    CanStripNormalsAndTangents = false
    InternalVersion = 18


    Lods[1] =
    {
        Lods[0] =
        {
            Sections[1] =
            {
                Sections[0] = { Material=Material3'001_Mesh_Default_MatM', FirstIndex=0, NumFaces=1978 }
            }
            NumVerts = 3338
            IndexCount = 5934
            NumTexCoords = 1
        }
    }
    LodCount = 1
