Found 32768 game files (1766 skipped)
Loading package: 00056407.upk Ver: 573/1 Engine: 4205 Names: 30 Exports: 4 Imports: 2 Game: 801A
Loading Texture2D 10151_GonF_Col_D from package 00056407.upk
Loading Texture2D 10151_GonF_Col_M from package 00056407.upk
Loading Texture2D 10151_GonF_Col_N from package 00056407.upk
Loading Texture2D 10151_GonF_Col_S from package 00056407.upk
Loaded in 0.037 sec, 182 allocs, 1.24 MBytes serialized in 1063 calls.

Object info:
============
ClassName: Texture2D ObjectName: 10151_GonF_Col_D

    SizeX = 1024
    SizeY = 1024
    Format = PF_DXT5 (7)
    AddressX = TA_Wrap (0)
    AddressY = TA_Wrap (0)
    TextureFileCacheName = None
    MipTailBaseIdx = 10
    bForcePVRTC4 = false
    UnpackMin[4] = { 0, 0, 0, 0 }
    UnpackMax[4] = { 1, 1, 1, 1 }

Object info:
============
ClassName: Texture2D ObjectName: 10151_GonF_Col_M

    SizeX = 1024
    SizeY = 1024
    Format = PF_DXT5 (7)
    AddressX = TA_Wrap (0)
    AddressY = TA_Wrap (0)
    TextureFileCacheName = None
    MipTailBaseIdx = 10
    bForcePVRTC4 = false
    UnpackMin[4] = { 0, 0, 0, 0 }
    UnpackMax[4] = { 1, 1, 1, 1 }

Object info:
============
ClassName: Texture2D ObjectName: 10151_GonF_Col_N

    SizeX = 1024
    SizeY = 1024
    Format = PF_DXT1 (5)
    AddressX = TA_Wrap (0)
    AddressY = TA_Wrap (0)
    TextureFileCacheName = None
    MipTailBaseIdx = 10
    bForcePVRTC4 = false
    UnpackMin[4] = { 0, 0, 0, 0 }
    UnpackMax[4] = { 1, 1, 1, 1 }

Object info:
============
ClassName: Texture2D ObjectName: 10151_GonF_Col_S

    SizeX = 1024
    SizeY = 1024
    Format = PF_DXT5 (7)
    AddressX = TA_Wrap (0)
    AddressY = TA_Wrap (0)
    TextureFileCacheName = None
    MipTailBaseIdx = 10
    bForcePVRTC4 = false
    UnpackMin[4] = { 0, 0, 0, 0 }
    UnpackMax[4] = { 1, 1, 1, 1 }
