Found 32768 game files (1766 skipped)
Loading package: 00056268.upk Ver: 573/1 Engine: 4205 Names: 218 Exports: 149 Imports: 24 Game: 801A
Loading SkeletalMesh3 10111_KunN from package 00056268.upk
WARNING: FloatProperty "USkeletalMesh3::AutoScale" was not found
WARNING: ObjectProperty "USkeletalMesh3::MeshFactorSet" was not found
WARNING: ObjectProperty "USkeletalMesh3::PhysMaterialOverride" was not found
WARNING: ObjectProperty "USkeletalMesh3::PlaySoundSet" was not found
WARNING: FloatProperty "USkeletalMesh3::AddFootOffsetValue" was not found
WARNING: FloatProperty "USkeletalMesh3::AnimNameHeight" was not found
WARNING: FloatProperty "USkeletalMesh3::NormalNameHeight" was not found
WARNING: ArrayProperty "USkeletalMesh3::NameplateMeshScaleRatio" was not found
WARNING: StructProperty "USkeletalMesh3::NameplateHeightRatio" was not found
WARNING: ArrayProperty "USkeletalMesh3::MeshScaleRatio" was not found
WARNING: StructProperty "USkeletalMesh3::HeightRatio" was not found
WARNING: StructProperty "USkeletalMesh3::HandRatio" was not found
WARNING: ByteProperty "USkeletalMesh3::CommonPhysicsUseFlag" was not found
Loading package: 00055245.upk Ver: 573/1 Engine: 4205 Names: 115 Exports: 4 Imports: 27 Game: 801A
Loading MaterialInstanceConstant col1 from package 00055245.upk
Loading package: 00002640.upk Ver: 573/1 Engine: 4205 Names: 291 Exports: 507 Imports: 3 Game: 801A
Loading package: 00049742.upk Ver: 573/1 Engine: 4205 Names: 43 Exports: 10 Imports: 2 Game: 801A
Loading package: 00002620.upk Ver: 573/1 Engine: 4205 Names: 576 Exports: 7687 Imports: 96 Game: 801A
Loading MaterialInstanceConstant col2_Fur from package 00055245.upk
Loading MaterialInstanceConstant Op from package 00055245.upk
Loading TextureCube lenscube from package 00002640.upk
Loading Texture2D 10111_KunN_col2_S from package 00049742.upk
Loading Texture2D 10111_KunN_col2_N from package 00049742.upk
Loading Texture2D 10111_KunN_col2_M from package 00049742.upk
Loading Texture2D 10111_KunN_col2_D from package 00049742.upk
Loading Material3 body_kUN from package 00002620.upk
Loading package: 00012963.upk Ver: 573/1 Engine: 4205 Names: 1386 Exports: 1362 Imports: 10 Game: 801A
Loading Texture2D Fur_Tape1_N from package 00049742.upk
Loading Texture2D Fur_Tape1_D from package 00049742.upk
Loading Material3 Beard_Fur from package 00002620.upk
Loading Material3 Blend_OP from package 00002620.upk
Loading Texture2D CubemapFace0 from package 00002640.upk
Loading Texture2D CubemapFace1 from package 00002640.upk
Loading Texture2D CubemapFace2 from package 00002640.upk
Loading Texture2D CubemapFace3 from package 00002640.upk
Loading Texture2D CubemapFace4 from package 00002640.upk
Loading Texture2D CubemapFace5 from package 00002640.upk
Loading Texture2D check_n from package 00002620.upk
Loading Texture2D Noise_Glass_000 from package 00012963.upk
Loading Texture2D Smoke_Pattern_001 from package 00012963.upk
Loading Texture2D Gradient_Wipe_BurnOut_Mask_TEST from package 00012963.upk
Loading Texture2D Gradient_Wipe_BurnOut_Mask from package 00012963.upk
Loading Texture2D check from package 00002620.upk
Loading Texture2D Gradient_Line_003 from package 00012963.upk
Loaded in 0.22 sec, 3265 allocs, 5.91 MBytes serialized in 1067477 calls.

Object info:
============
ClassName: SkeletalMesh3 ObjectName: 10111_KunN

    LODInfo[2] =
    {
        LODInfo[0] =
        {
            DisplayFactor = 0
            LODHysteresis = 0.02
            LODMaterialMap[0] = {}
            bEnableShadowCasting[4] = { true, true, true, true }
        }
        LODInfo[1] =
        {
            DisplayFactor = 0.25
            LODHysteresis = 0.02
            LODMaterialMap[2] = { 0, 1 }
            bEnableShadowCasting[2] = { true, true }
        }
    }
    Sockets[0] = {}
    bHasVertexColors = false
    EnableTwistBoneFixers = true
    EnableClavicleFixer = true
    Materials[3] =
    {
        Materials[0] = MaterialInstanceConstant'col1'
        Materials[1] = MaterialInstanceConstant'col2_Fur'
        Materials[2] = MaterialInstanceConstant'Op'
    }


    Lods[2] =
    {
        Lods[0] =
        {
            Sections[4] =
            {
                Sections[0] = { Material=MaterialInstanceConstant'col1', FirstIndex=0, NumFaces=7086 }
                Sections[1] = { Material=MaterialInstanceConstant'col2_Fur', FirstIndex=21258, NumFaces=6024 }
                Sections[2] = { Material=MaterialInstanceConstant'Op', FirstIndex=39330, NumFaces=536 }
                Sections[3] = { Material=MaterialInstanceConstant'col1', FirstIndex=40938, NumFaces=48 }
            }
            NumVerts = 20899
            IndexCount = 41082
            NumTexCoords = 1
        }
        Lods[1] =
        {
            Sections[2] =
            {
                Sections[0] = { Material=MaterialInstanceConstant'col2_Fur', FirstIndex=0, NumFaces=436 }
                Sections[1] = { Material=MaterialInstanceConstant'col1', FirstIndex=1308, NumFaces=2871 }
            }
            NumVerts = 4464
            IndexCount = 9921
            NumTexCoords = 1
        }
    }
    LodCount = 2
    MeshOrigin = { X=-0, Y=-0, Z=-0 }
    MeshScale = { X=1, Y=1, Z=1 }
    RotOrigin = { Yaw=0, Pitch=0, Roll=0 }
    BoneCount = 96
