Found 32768 game files (1766 skipped)
Loading package: 00051295.upk Ver: 573/1 Engine: 4205 Names: 123 Exports: 46 Imports: 15 Game: 801A
Loading SkeletalMesh3 090163_LynF from package 00051295.upk
Loading package: 00051294.upk Ver: 573/1 Engine: 4205 Names: 108 Exports: 1 Imports: 26 Game: 801A
Loading SkeletalMeshSocket SkeletalMeshSocket_54 from package 00051295.upk
WARNING: ObjectProperty "USkeletalMeshSocket::DependencyParticleSystem" was not found
Loading MaterialInstanceConstant col1 from package 00051294.upk
Loading package: 00051271.upk Ver: 573/1 Engine: 4205 Names: 29 Exports: 5 Imports: 2 Game: 801A
Loading package: 00002640.upk Ver: 573/1 Engine: 4205 Names: 291 Exports: 507 Imports: 3 Game: 801A
Loading package: 00012963.upk Ver: 573/1 Engine: 4205 Names: 1386 Exports: 1362 Imports: 10 Game: 801A
Loading package: 00050716.upk Ver: 573/1 Engine: 4205 Names: 197 Exports: 270 Imports: 53 Game: 801A
Loading Texture2D 10138_LynF_col1_N from package 00051271.upk
Loading Texture2D 10138_LynF_col1_M from package 00051271.upk
Loading Texture2D 10138_LynF_col1_D from package 00051271.upk
Loading Texture2D 10138_LynF_col1_S from package 00051271.upk
Loading TextureCube lenscube from package 00002640.upk
Loading Texture2D 10138_LynF_col1_E from package 00051271.upk
Loading Texture2D FireWork_burst_mask01 from package 00012963.upk
Loading Texture2D FX_Add from package 00050716.upk
Loading Material3 Body_FX_Cloth from package 00050716.upk
Loading package: 00002620.upk Ver: 573/1 Engine: 4205 Names: 576 Exports: 7687 Imports: 96 Game: 801A
Loading package: 00044523.upk Ver: 573/1 Engine: 4205 Names: 198 Exports: 264 Imports: 52 Game: 801A
Loading Texture2D CubemapFace0 from package 00002640.upk
Loading Texture2D CubemapFace1 from package 00002640.upk
Loading Texture2D CubemapFace2 from package 00002640.upk
Loading Texture2D CubemapFace3 from package 00002640.upk
Loading Texture2D CubemapFace4 from package 00002640.upk
Loading Texture2D CubemapFace5 from package 00002640.upk
Loading Texture2D check_n from package 00002620.upk
Loading Texture2D 10100_FX from package 00044523.upk
Loading Texture2D Smoke_Pattern_001 from package 00012963.upk
Loading Texture2D Noise_Glass_000 from package 00012963.upk
Loading Texture2D Gradient_Wipe_BurnOut_Mask_TEST from package 00012963.upk
Loading Texture2D Gradient_Wipe_BurnOut_Mask from package 00012963.upk
Loading Texture2D check from package 00002620.upk
Loading Texture2D Gradient_Line_003 from package 00012963.upk
Loaded in 0.18 sec, 3607 allocs, 3.54 MBytes serialized in 349545 calls.

Object info:
============
ClassName: SkeletalMesh3 ObjectName: 090163_LynF

    LODInfo[1] =
    {
        LODInfo[0] =
        {
            DisplayFactor = 0
            LODHysteresis = 0.02
            LODMaterialMap[0] = {}
            bEnableShadowCasting[1] = { true }
        }
    }
    Sockets[1] = { SkeletalMeshSocket'090163_LynF.SkeletalMeshSocket_54' }
    bHasVertexColors = false
    EnableTwistBoneFixers = true
    EnableClavicleFixer = true
    Materials[1] = { MaterialInstanceConstant'col1' }


    Lods[1] =
    {
        Lods[0] =
        {
            Sections[1] =
            {
                Sections[0] = { Material=MaterialInstanceConstant'col1', FirstIndex=0, NumFaces=5054 }
            }
            NumVerts = 3772
            IndexCount = 15162
            NumTexCoords = 1
        }
    }
    LodCount = 1
    MeshOrigin = { X=-0, Y=-0, Z=-0 }
    MeshScale = { X=1, Y=1, Z=1 }
    RotOrigin = { Yaw=0, Pitch=0, Roll=0 }
    BoneCount = 18

Object info:
============
ClassName: SkeletalMeshSocket ObjectName: SkeletalMeshSocket_54

    SocketName = FX_Add
    BoneName = Bone_Fix_S01
    RelativeLocation = { X=-0.292974, Y=8.4249, Z=4.98224 }
    RelativeRotation = { Yaw=-1820, Pitch=-16384, Roll=0 }
    RelativeScale = { X=0.5, Y=0.5, Z=0.5 }
