Found 32768 game files (1766 skipped)
Loading package: 00052279.upk Ver: 573/1 Engine: 4205 Names: 106 Exports: 105 Imports: 11 Game: 801A
Loading SkeletalMesh3 990196_PirateGhostBoss from package 00052279.upk
Loading package: 00052280.upk Ver: 573/1 Engine: 4205 Names: 172 Exports: 157 Imports: 46 Game: 801A
Loading SkeletalMeshSocket SkeletalMeshSocket_104 from package 00052279.upk
Loading SkeletalMeshSocket SkeletalMeshSocket_105 from package 00052279.upk
Loading SkeletalMeshSocket SkeletalMeshSocket_527 from package 00052279.upk
Loading SkeletalMeshSocket SkeletalMeshSocket_528 from package 00052279.upk
Loading MaterialInstanceConstant col1 from package 00052280.upk
Loading package: 00052281.upk Ver: 573/1 Engine: 4205 Names: 32 Exports: 5 Imports: 2 Game: 801A
Loading package: 00002640.upk Ver: 573/1 Engine: 4205 Names: 291 Exports: 507 Imports: 3 Game: 801A
Loading Texture2D 990196_PirateGhostBoss_col1_N from package 00052281.upk
Loading Texture2D 990196_PirateGhostBoss_col1_M from package 00052281.upk
Loading Texture2D 990196_PirateGhostBoss_col1_D from package 00052281.upk
Loading Texture2D 990196_PirateGhostBoss_col1_S from package 00052281.upk
Loading TextureCube eye2 from package 00002640.upk
Loading Texture2D 990196_PirateGhostBoss_Hand_FX2 from package 00052281.upk
Loading Material3 Basic_FX from package 00052280.upk
Loading package: 00002620.upk Ver: 573/1 Engine: 4205 Names: 576 Exports: 7687 Imports: 96 Game: 801A
Loading package: 00012963.upk Ver: 573/1 Engine: 4205 Names: 1386 Exports: 1362 Imports: 10 Game: 801A
Loading Texture2D CubemapFace0 from package 00002640.upk
Loading Texture2D CubemapFace1 from package 00002640.upk
Loading Texture2D CubemapFace2 from package 00002640.upk
Loading Texture2D CubemapFace3 from package 00002640.upk
Loading Texture2D CubemapFace4 from package 00002640.upk
Loading Texture2D CubemapFace5 from package 00002640.upk
Loading Texture2D check_n from package 00002620.upk
Loading Texture2D check from package 00002620.upk
Loading Texture2D Smoke_Pattern_001 from package 00012963.upk
Loading Texture2D Gradient_Line_003 from package 00012963.upk
Loading Texture2D Gradient_Wipe_BurnOut_Mask_TEST from package 00012963.upk
Loading Texture2D Gradient_Wipe_BurnOut_Mask from package 00012963.upk
Loaded in 0.15 sec, 3110 allocs, 3.09 MBytes serialized in 273138 calls.

Object info:
============
ClassName: SkeletalMesh3 ObjectName: 990196_PirateGhostBoss

    LODInfo[1] =
    {
        LODInfo[0] =
        {
            DisplayFactor = 0
            LODHysteresis = 0.02
            LODMaterialMap[0] = {}
            bEnableShadowCasting[1] = { true }
        }
    }
    Sockets[4] =
    {
        Sockets[0] = SkeletalMeshSocket'990196_PirateGhostBoss.SkeletalMeshSocket_104'
        Sockets[1] = SkeletalMeshSocket'990196_PirateGhostBoss.SkeletalMeshSocket_105'
        Sockets[2] = SkeletalMeshSocket'990196_PirateGhostBoss.SkeletalMeshSocket_527'
        Sockets[3] = SkeletalMeshSocket'990196_PirateGhostBoss.SkeletalMeshSocket_528'
    }
    bHasVertexColors = false
    EnableTwistBoneFixers = true
    EnableClavicleFixer = true
    Materials[1] = { MaterialInstanceConstant'col1' }


    Lods[1] =
    {
        Lods[0] =
        {
            Sections[1] =
            {
                Sections[0] = { Material=MaterialInstanceConstant'col1', FirstIndex=0, NumFaces=2336 }
            }
            NumVerts = 2739
            IndexCount = 7008
            NumTexCoords = 1
        }
    }
    LodCount = 1
    MeshOrigin = { X=-0, Y=-0, Z=-0 }
    MeshScale = { X=1, Y=1, Z=1 }
    RotOrigin = { Yaw=0, Pitch=0, Roll=0 }
    BoneCount = 26

Object info:
============
ClassName: SkeletalMeshSocket ObjectName: SkeletalMeshSocket_104

    SocketName = FX_TrailL_Add00
    BoneName = Bip01LHand
    RelativeLocation = { X=0, Y=0, Z=0 }
    RelativeRotation = { Yaw=0, Pitch=0, Roll=0 }
    RelativeScale = { X=1, Y=1, Z=1 }

Object info:
============
ClassName: SkeletalMeshSocket ObjectName: SkeletalMeshSocket_105

    SocketName = FX_TrailL_Add01
    BoneName = Bip01LFinger22
    RelativeLocation = { X=0, Y=0, Z=0 }
    RelativeRotation = { Yaw=0, Pitch=0, Roll=0 }
    RelativeScale = { X=1, Y=1, Z=1 }

Object info:
============
ClassName: SkeletalMeshSocket ObjectName: SkeletalMeshSocket_527

    SocketName = FX_Steam1
    BoneName = Bip01LForeArm
    RelativeLocation = { X=44.1579, Y=5.80641, Z=16.4146 }
    RelativeRotation = { Yaw=0, Pitch=0, Roll=0 }
    RelativeScale = { X=1, Y=1, Z=1 }

Object info:
============
ClassName: SkeletalMeshSocket ObjectName: SkeletalMeshSocket_528

    SocketName = FX_Steam2
    BoneName = Bip01LForeArm
    RelativeLocation = { X=44.1637, Y=8.44837, Z=-15.4143 }
    RelativeRotation = { Yaw=0, Pitch=0, Roll=0 }
    RelativeScale = { X=1, Y=1, Z=1 }
