Found 32768 game files (1766 skipped)
Loading package: 00052284.upk Ver: 573/1 Engine: 4205 Names: 32 Exports: 5 Imports: 2 Game: 801A
Loading Texture2D 990197_FX from package 00052284.upk
Loading Texture2D 990197_PirateGhostBoss_col1_D from package 00052284.upk
Loading Texture2D 990197_PirateGhostBoss_col1_M from package 00052284.upk
Loading Texture2D 990197_PirateGhostBoss_col1_N from package 00052284.upk
Loading Texture2D 990197_PirateGhostBoss_col1_S from package 00052284.upk
Loaded in 0.051 sec, 225 allocs, 2.34 MBytes serialized in 1318 calls.

Object info:
============
ClassName: Texture2D ObjectName: 990197_FX

    SizeX = 512
    SizeY = 256
    Format = PF_DXT1 (5)
    AddressX = TA_Wrap (0)
    AddressY = TA_Wrap (0)
    TextureFileCacheName = None
    MipTailBaseIdx = 9
    bForcePVRTC4 = false
    UnpackMin[4] = { 0, 0, 0, 0 }
    UnpackMax[4] = { 1, 1, 1, 1 }

Object info:
============
ClassName: Texture2D ObjectName: 990197_PirateGhostBoss_col1_D

    SizeX = 2048
    SizeY = 1024
    Format = PF_DXT1 (5)
    AddressX = TA_Wrap (0)
    AddressY = TA_Wrap (0)
    TextureFileCacheName = None
    MipTailBaseIdx = 11
    bForcePVRTC4 = false
    UnpackMin[4] = { 0, 0, 0, 0 }
    UnpackMax[4] = { 1, 1, 1, 1 }

Object info:
============
ClassName: Texture2D ObjectName: 990197_PirateGhostBoss_col1_M

    SizeX = 2048
    SizeY = 1024
    Format = PF_DXT1 (5)
    AddressX = TA_Wrap (0)
    AddressY = TA_Wrap (0)
    TextureFileCacheName = None
    MipTailBaseIdx = 11
    bForcePVRTC4 = false
    UnpackMin[4] = { 0, 0, 0, 0 }
    UnpackMax[4] = { 1, 1, 1, 1 }

Object info:
============
ClassName: Texture2D ObjectName: 990197_PirateGhostBoss_col1_N

    SizeX = 2048
    SizeY = 1024
    Format = PF_DXT1 (5)
    AddressX = TA_Wrap (0)
    AddressY = TA_Wrap (0)
    TextureFileCacheName = None
    MipTailBaseIdx = 11
    bForcePVRTC4 = false
    UnpackMin[4] = { -1, -1, -1, 0 }
    UnpackMax[4] = { 1, 1, 1, 1 }

Object info:
============
ClassName: Texture2D ObjectName: 990197_PirateGhostBoss_col1_S

    SizeX = 2048
    SizeY = 1024
    Format = PF_DXT5 (7)
    AddressX = TA_Wrap (0)
    AddressY = TA_Wrap (0)
    TextureFileCacheName = None
    MipTailBaseIdx = 11
    bForcePVRTC4 = false
    UnpackMin[4] = { 0, 0, 0, 0 }
    UnpackMax[4] = { 1, 1, 1, 1 }
