Found 32768 game files (1766 skipped)
Loading package: 00050832.upk Ver: 573/1 Engine: 4205 Names: 627 Exports: 1430 Imports: 218 Game: 801A
Loading Material3 Basic_SwordFX from package 00050832.upk
Loading package: 00002620.upk Ver: 573/1 Engine: 4205 Names: 576 Exports: 7687 Imports: 96 Game: 801A
Loading package: 00012963.upk Ver: 573/1 Engine: 4205 Names: 1386 Exports: 1362 Imports: 10 Game: 801A
Loading Material3 FX_deco from package 00050832.upk
WARNING: BoolProperty "UMaterial3::bAcceptRenderDecal" was not found
Loading package: 00050830.upk Ver: 573/1 Engine: 4205 Names: 32 Exports: 4 Imports: 2 Game: 801A
Loading Material3 M01_exp_sub11_Mesh from package 00050832.upk
WARNING: BoolProperty "UMaterial3::bAcceptRenderDecal" was not found
Loading MaterialInstanceConstant Sword_INST from package 00050832.upk
Loading MaterialInstanceConstant W_MeshDeco02_INST from package 00050832.upk
Loading package: 00048300.upk Ver: 573/1 Engine: 4205 Names: 840 Exports: 8203 Imports: 226 Game: 801A
Loading MaterialInstanceConstant W_MeshDeco05_outline_INST from package 00050832.upk
Loading MaterialInstanceConstant W_Meshdeco07_INST from package 00050832.upk
Loading package: 00039620.upk Ver: 573/1 Engine: 4205 Names: 400 Exports: 1000 Imports: 136 Game: 801A
Loading SkeletalMesh3 010345_Autoscale from package 00050832.upk
WARNING: ObjectProperty "USkeletalMesh3::MeshFactorSet" was not found
WARNING: ObjectProperty "USkeletalMesh3::PhysMaterialOverride" was not found
Loading package: 00050831.upk Ver: 573/1 Engine: 4205 Names: 103 Exports: 1 Imports: 23 Game: 801A
Loading SkeletalMeshSocket SkeletalMeshSocket_162 from package 00050832.upk
WARNING: ObjectProperty "USkeletalMeshSocket::DependencyParticleSystem" was not found
Loading StaticMesh3 010345_deco01 from package 00050832.upk
Loading package: 00012892.upk Ver: 573/1 Engine: 4205 Names: 1108 Exports: 6240 Imports: 380 Game: 801A
Loading StaticMesh3 010345_deco02 from package 00050832.upk
Loading StaticMesh3 010345_deco03 from package 00050832.upk
Loading StaticMesh3 010345_deco04 from package 00050832.upk
Loading Texture2D 010345_FX_Mask from package 00050832.upk
Loading Texture2D check_n from package 00002620.upk
Loading Texture2D check from package 00002620.upk
Loading Texture2D Smoke_Pattern_001 from package 00012963.upk
Loading Texture2D Gradient_Line_003 from package 00012963.upk
Loading Texture2D Gradient_Wipe_BurnOut_Mask_TEST from package 00012963.upk
Loading Texture2D Gradient_Wipe_BurnOut_Mask from package 00012963.upk
Loading Texture2D Noise_006 from package 00012963.upk
Loading Texture2D Noise_Plazma_002 from package 00012963.upk
Loading Texture2D Gradient_Line_R from package 00012963.upk
Loading Texture2D Ref_Cool from package 00012963.upk
Loading Texture2D Unique_Stone_001 from package 00012963.upk
Loading Texture2D Gradient_Flow_000 from package 00012963.upk
Loading Texture2D Noise_013 from package 00012963.upk
Loading Texture2D 010345_Autoscale_col1_D from package 00050830.upk
Loading Texture2D Fire_Sprite_006 from package 00012963.upk
Loading Material3 W_MeshDeco02 from package 00048300.upk
WARNING: BoolProperty "UMaterial3::bAcceptRenderDecal" was not found
Loading Material3 W_MeshDeco05_outline from package 00048300.upk
Loading Texture2D FX_Mask1 from package 00039620.upk
Loading TextureCube Illusion_cube_1 from package 00012963.upk
Loading Texture2D 010345_Autoscale_col1_N from package 00050830.upk
Loading Material3 W_Meshdeco07 from package 00048300.upk
Loading MaterialInstanceConstant col1 from package 00050831.upk
Loading package: 00002640.upk Ver: 573/1 Engine: 4205 Names: 291 Exports: 507 Imports: 3 Game: 801A
Loading Material3 001_Mesh_Default_MatM from package 00012892.upk
WARNING: BoolProperty "UMaterial3::bAcceptRenderDecal" was not found
Loading package: 00023713.upk Ver: 573/1 Engine: 4205 Names: 101 Exports: 81 Imports: 4 Game: 801A
Loading Texture2D Noise_005 from package 00012963.upk
Loading Texture2D Noise_Wave_000 from package 00012963.upk
Loading Texture2D CubemapFace0 from package 00012963.upk
Loading Texture2D CubemapFace1 from package 00012963.upk
Loading Texture2D CubemapFace2 from package 00012963.upk
Loading Texture2D CubemapFace3 from package 00012963.upk
Loading Texture2D CubemapFace4 from package 00012963.upk
Loading Texture2D CubemapFace5 from package 00012963.upk
Loading Texture2D Fire_Blending_Pattern_Tex_Big3 from package 00012963.upk
Loading Texture2D Water_001_01_N_Wave3 from package 00012963.upk
Loading Texture2D Gradient_Line_005 from package 00012963.upk
Loading Texture2D Noise_Glass_000 from package 00012963.upk
Loading Texture2D Normal_Stone_001 from package 00012963.upk
WARNING: BoolProperty "UTexture2D::bDisableLoadSwitch" was not found
Loading Texture2D 010345_Autoscale_col1_M from package 00050830.upk
Loading Texture2D 010345_Autoscale_col1_S from package 00050830.upk
Loading TextureCube lenscube_a from package 00002640.upk
Loading Texture2D Noise_017 from package 00012963.upk
Loading Texture2D Noise_Plazma_000 from package 00012963.upk
Loading Texture2D Cube000_Tex from package 00023713.upk
Loading Texture2D CubemapFace0 from package 00002640.upk
Loading Texture2D CubemapFace1 from package 00002640.upk
Loading Texture2D CubemapFace2 from package 00002640.upk
Loading Texture2D CubemapFace3 from package 00002640.upk
Loading Texture2D CubemapFace4 from package 00002640.upk
Loading Texture2D CubemapFace5 from package 00002640.upk
Loaded in 0.36 sec, 6829 allocs, 4.03 MBytes serialized in 687734 calls.

Object info:
============
ClassName: Material3 ObjectName: Basic_SwordFX

    TwoSided = true
    bDisableDepthTest = false
    bIsMasked = true
    ReferencedTextures[6] =
    {
        ReferencedTextures[0] = Texture2D'check_n'
        ReferencedTextures[1] = Texture2D'check'
        ReferencedTextures[2] = Texture2D'Smoke_Pattern_001'
        ReferencedTextures[3] = Texture2D'Gradient_Line_003'
        ReferencedTextures[4] = Texture2D'Gradient_Wipe_BurnOut_Mask_TEST'
        ReferencedTextures[5] = Texture2D'Gradient_Wipe_BurnOut_Mask'
    }
    BlendMode = BLEND_Masked (1)
    OpacityMaskClipValue = 0.333
    FlattenedTexture = None
    MobileBaseTexture = None
    MobileNormalTexture = None
    bUseMobileSpecular = false
    MobileSpecularPower = 16
    MobileSpecularMask = MSM_Constant (0)
    MobileMaskTexture = None

Object info:
============
ClassName: Material3 ObjectName: FX_deco

    TwoSided = true
    bDisableDepthTest = false
    bIsMasked = false
    ReferencedTextures[8] =
    {
        ReferencedTextures[0] = Texture2D'Noise_006'
        ReferencedTextures[1] = Texture2D'Noise_Plazma_002'
        ReferencedTextures[2] = Texture2D'Gradient_Line_R'
        ReferencedTextures[3] = Texture2D'Ref_Cool'
        ReferencedTextures[4] = Texture2D'Unique_Stone_001'
        ReferencedTextures[5] = Texture2D'Gradient_Flow_000'
        ReferencedTextures[6] = Texture2D'Noise_013'
        ReferencedTextures[7] = Texture2D'010345_Autoscale_col1_D'
    }
    BlendMode = BLEND_Additive (3)
    OpacityMaskClipValue = 0.333
    FlattenedTexture = None
    MobileBaseTexture = None
    MobileNormalTexture = None
    bUseMobileSpecular = false
    MobileSpecularPower = 16
    MobileSpecularMask = MSM_Constant (0)
    MobileMaskTexture = None

Object info:
============
ClassName: Material3 ObjectName: M01_exp_sub11_Mesh

    TwoSided = true
    bDisableDepthTest = false
    bIsMasked = false
    ReferencedTextures[1] = { Texture2D'Fire_Sprite_006' }
    BlendMode = BLEND_Translucent (2)
    OpacityMaskClipValue = 0.333
    FlattenedTexture = None
    MobileBaseTexture = None
    MobileNormalTexture = None
    bUseMobileSpecular = false
    MobileSpecularPower = 16
    MobileSpecularMask = MSM_Constant (0)
    MobileMaskTexture = None

Object info:
============
ClassName: MaterialInstanceConstant ObjectName: Sword_INST

    ScalarParameterValues[0] = {}
    TextureParameterValues[1] =
    {
        TextureParameterValues[0] = { ParameterName=Mask_B, ParameterValue=Texture2D'010345_FX_Mask' }
    }
    VectorParameterValues[1] =
    {
        VectorParameterValues[0] =
        {
            ParameterName = Color
            ParameterValue = { R=5, G=0.7, B=0.166667, A=1 }
        }
    }
    Parent = Material3'FX_deco'
    FlattenedTexture = None
    MobileBaseTexture = None
    MobileNormalTexture = None
    bUseMobileSpecular = false
    MobileSpecularPower = 16
    MobileSpecularMask = MSM_Constant (0)
    MobileMaskTexture = None

Object info:
============
ClassName: MaterialInstanceConstant ObjectName: W_MeshDeco02_INST

    ScalarParameterValues[1] =
    {
        ScalarParameterValues[0] = { ParameterName=RGB_Alpha_Lerp, ParameterValue=1 }
    }
    TextureParameterValues[1] =
    {
        TextureParameterValues[0] = { ParameterName=FX_Mask, ParameterValue=Texture2D'010345_Autoscale_col1_D' }
    }
    VectorParameterValues[3] =
    {
        VectorParameterValues[0] =
        {
            ParameterName = Tex_Mask_switch
            ParameterValue = { R=0, G=0, B=1, A=1 }
        }
        VectorParameterValues[1] =
        {
            ParameterName = Color
            ParameterValue = { R=2, G=1, B=0.023104, A=1 }
        }
        VectorParameterValues[2] =
        {
            ParameterName = Value
            ParameterValue = { R=1, G=0, B=0, A=1 }
        }
    }
    Parent = Material3'W_MeshDeco02'
    FlattenedTexture = None
    MobileBaseTexture = None
    MobileNormalTexture = None
    bUseMobileSpecular = false
    MobileSpecularPower = 16
    MobileSpecularMask = MSM_Constant (0)
    MobileMaskTexture = None

Object info:
============
ClassName: MaterialInstanceConstant ObjectName: W_MeshDeco05_outline_INST

    ScalarParameterValues[0] = {}
    TextureParameterValues[1] =
    {
        TextureParameterValues[0] = { ParameterName=Diffuse, ParameterValue=Texture2D'010345_Autoscale_col1_D' }
    }
    VectorParameterValues[1] =
    {
        VectorParameterValues[0] =
        {
            ParameterName = dissolve_line_color
            ParameterValue = { R=1, G=1, B=1, A=1 }
        }
    }
    Parent = Material3'W_MeshDeco05_outline'
    FlattenedTexture = None
    MobileBaseTexture = None
    MobileNormalTexture = None
    bUseMobileSpecular = false
    MobileSpecularPower = 16
    MobileSpecularMask = MSM_Constant (0)
    MobileMaskTexture = None

Object info:
============
ClassName: MaterialInstanceConstant ObjectName: W_Meshdeco07_INST

    ScalarParameterValues[1] =
    {
        ScalarParameterValues[0] = { ParameterName=RGB_Alpha_Lerp, ParameterValue=1 }
    }
    TextureParameterValues[4] =
    {
        TextureParameterValues[0] = { ParameterName=Tex_mask_alpha, ParameterValue=Texture2D'FX_Mask1' }
        TextureParameterValues[1] = { ParameterName=CubeMap, ParameterValue=TextureCube'Illusion_cube_1' }
        TextureParameterValues[2] = { ParameterName=Tex_Normal, ParameterValue=Texture2D'010345_Autoscale_col1_N' }
        TextureParameterValues[3] = { ParameterName=FX_Mask, ParameterValue=Texture2D'010345_Autoscale_col1_D' }
    }
    VectorParameterValues[10] =
    {
        VectorParameterValues[0] =
        {
            ParameterName = Alpha
            ParameterValue = { R=1, G=1, B=1, A=1 }
        }
        VectorParameterValues[1] =
        {
            ParameterName = dissolve
            ParameterValue = { R=6, G=0, B=0, A=1 }
        }
        VectorParameterValues[2] =
        {
            ParameterName = dissolve_color
            ParameterValue = { R=1, G=1, B=1, A=1 }
        }
        VectorParameterValues[3] =
        {
            ParameterName = Fresnel_scale
            ParameterValue = { R=6, G=7, B=0, A=1 }
        }
        VectorParameterValues[4] =
        {
            ParameterName = texture_scale
            ParameterValue = { R=1.5, G=1, B=1, A=1 }
        }
        VectorParameterValues[5] =
        {
            ParameterName = inFresnel_scale
            ParameterValue = { R=1.5, G=1.2, B=0, A=1 }
        }
        VectorParameterValues[6] =
        {
            ParameterName = Color2
            ParameterValue = { R=1, G=0.5, B=0.4, A=1 }
        }
        VectorParameterValues[7] =
        {
            ParameterName = Color_Fresnel
            ParameterValue = { R=5, G=2, B=0, A=1 }
        }
        VectorParameterValues[8] =
        {
            ParameterName = All_Color
            ParameterValue = { R=3, G=0.5, B=0.2, A=1 }
        }
        VectorParameterValues[9] =
        {
            ParameterName = Tex_Mask_switch
            ParameterValue = { R=0, G=0, B=1, A=1 }
        }
    }
    Parent = Material3'W_Meshdeco07'
    FlattenedTexture = None
    MobileBaseTexture = None
    MobileNormalTexture = None
    bUseMobileSpecular = false
    MobileSpecularPower = 16
    MobileSpecularMask = MSM_Constant (0)
    MobileMaskTexture = None

Object info:
============
ClassName: SkeletalMesh3 ObjectName: 010345_Autoscale

    LODInfo[1] =
    {
        LODInfo[0] =
        {
            DisplayFactor = 0
            LODHysteresis = 0.02
            LODMaterialMap[0] = {}
            bEnableShadowCasting[1] = { true }
        }
    }
    Sockets[1] = { SkeletalMeshSocket'010345_Autoscale.SkeletalMeshSocket_162' }
    bHasVertexColors = false
    EnableTwistBoneFixers = true
    EnableClavicleFixer = true
    Materials[1] = { MaterialInstanceConstant'col1' }


    Lods[1] =
    {
        Lods[0] =
        {
            Sections[1] =
            {
                Sections[0] = { Material=MaterialInstanceConstant'col1', FirstIndex=0, NumFaces=2996 }
            }
            NumVerts = 3465
            IndexCount = 8988
            NumTexCoords = 1
        }
    }
    LodCount = 1
    MeshOrigin = { X=-0, Y=-0, Z=-0 }
    MeshScale = { X=1, Y=1, Z=1 }
    RotOrigin = { Yaw=0, Pitch=0, Roll=0 }
    BoneCount = 5

Object info:
============
ClassName: SkeletalMeshSocket ObjectName: SkeletalMeshSocket_162

    SocketName = FX_Add
    BoneName = WeaponPivot
    RelativeLocation = { X=0, Y=0, Z=-20 }
    RelativeRotation = { Yaw=0, Pitch=0, Roll=0 }
    RelativeScale = { X=1, Y=1, Z=1 }

Object info:
============
ClassName: StaticMesh3 ObjectName: 010345_deco01

    BodySetup = None
    UseSimpleLineCollision = false
    UseSimpleBoxCollision = false
    UseSimpleRigidBodyCollision = false
    UseFullPrecisionUVs = false
    Bounds =
    {
        Origin = { X=1.71925, Y=-0.000800133, Z=14.2819 }
        BoxExtent = { X=10.5378, Y=4.4071, Z=16.3484 }
        SphereRadius = 19.4504
    }
    CanCompressPositions = false
    CanStripNormalsAndTangents = false
    InternalVersion = 18


    Lods[1] =
    {
        Lods[0] =
        {
            Sections[1] =
            {
                Sections[0] = { Material=Material3'001_Mesh_Default_MatM', FirstIndex=0, NumFaces=339 }
            }
            NumVerts = 772
            IndexCount = 1017
            NumTexCoords = 1
        }
    }
    LodCount = 1

Object info:
============
ClassName: StaticMesh3 ObjectName: 010345_deco02

    BodySetup = None
    UseSimpleLineCollision = false
    UseSimpleBoxCollision = false
    UseSimpleRigidBodyCollision = false
    UseFullPrecisionUVs = false
    Bounds =
    {
        Origin = { X=3.39375, Y=-0.000849724, Z=19.3721 }
        BoxExtent = { X=7.38405, Y=4.43525, Z=30.7506 }
        SphereRadius = 31.0469
    }
    CanCompressPositions = false
    CanStripNormalsAndTangents = false
    InternalVersion = 18


    Lods[1] =
    {
        Lods[0] =
        {
            Sections[1] =
            {
                Sections[0] = { Material=Material3'001_Mesh_Default_MatM', FirstIndex=0, NumFaces=2137 }
            }
            NumVerts = 3422
            IndexCount = 6411
            NumTexCoords = 1
        }
    }
    LodCount = 1

Object info:
============
ClassName: StaticMesh3 ObjectName: 010345_deco03

    BodySetup = None
    UseSimpleLineCollision = false
    UseSimpleBoxCollision = false
    UseSimpleRigidBodyCollision = false
    UseFullPrecisionUVs = false
    Bounds =
    {
        Origin = { X=0.3532, Y=-0.01705, Z=21.1595 }
        BoxExtent = { X=1.8462, Y=0.69975, Z=28.9632 }
        SphereRadius = 28.9897
    }
    CanCompressPositions = false
    CanStripNormalsAndTangents = false
    InternalVersion = 18


    Lods[1] =
    {
        Lods[0] =
        {
            Sections[1] =
            {
                Sections[0] = { Material=Material3'001_Mesh_Default_MatM', FirstIndex=0, NumFaces=326 }
            }
            NumVerts = 486
            IndexCount = 978
            NumTexCoords = 1
        }
    }
    LodCount = 1

Object info:
============
ClassName: StaticMesh3 ObjectName: 010345_deco04

    BodySetup = None
    UseSimpleLineCollision = false
    UseSimpleBoxCollision = false
    UseSimpleRigidBodyCollision = false
    UseFullPrecisionUVs = false
    Bounds =
    {
        Origin = { X=-4.95911e-005, Y=-66.6614, Z=48.7444 }
        BoxExtent = { X=25, Y=92.4873, Z=48.657 }
        SphereRadius = 103.775
    }
    CanCompressPositions = false
    CanStripNormalsAndTangents = false
    InternalVersion = 18


    Lods[1] =
    {
        Lods[0] =
        {
            Sections[1] =
            {
                Sections[0] = { Material=Material3'001_Mesh_Default_MatM', FirstIndex=0, NumFaces=116 }
            }
            NumVerts = 184
            IndexCount = 348
            NumTexCoords = 1
        }
    }
    LodCount = 1

Object info:
============
ClassName: Texture2D ObjectName: 010345_FX_Mask

    SizeX = 512
    SizeY = 256
    Format = PF_DXT5 (7)
    AddressX = TA_Wrap (0)
    AddressY = TA_Wrap (0)
    TextureFileCacheName = None
    MipTailBaseIdx = 9
    bForcePVRTC4 = false
    UnpackMin[4] = { 0, 0, 0, 0 }
    UnpackMax[4] = { 1, 1, 1, 1 }
