Found 32768 game files (1766 skipped)
Loading package: 00057138.upk Ver: 573/1 Engine: 4205 Names: 145 Exports: 163 Imports: 11 Game: 801A
Loading SkeletalMesh3 990968_DemonGoldenBat from package 00057138.upk
Loading package: 00057140.upk Ver: 573/1 Engine: 4205 Names: 206 Exports: 402 Imports: 66 Game: 801A
Loading SkeletalMeshSocket SkeletalMeshSocket_108 from package 00057138.upk
Loading SkeletalMeshSocket SkeletalMeshSocket_109 from package 00057138.upk
Loading SkeletalMeshSocket SkeletalMeshSocket_110 from package 00057138.upk
Loading SkeletalMeshSocket SkeletalMeshSocket_111 from package 00057138.upk
Loading SkeletalMeshSocket SkeletalMeshSocket_113 from package 00057138.upk
Loading SkeletalMeshSocket SkeletalMeshSocket_114 from package 00057138.upk
Loading MaterialInstanceConstant col1 from package 00057140.upk
Loading package: 00057139.upk Ver: 573/1 Engine: 4205 Names: 37 Exports: 9 Imports: 2 Game: 801A
Loading package: 00055363.upk Ver: 573/1 Engine: 4205 Names: 33 Exports: 5 Imports: 2 Game: 801A
Loading package: 00002640.upk Ver: 573/1 Engine: 4205 Names: 291 Exports: 507 Imports: 3 Game: 801A
Loading package: 00012963.upk Ver: 573/1 Engine: 4205 Names: 1386 Exports: 1362 Imports: 10 Game: 801A
Loading Texture2D 990968_DemonGoldenBat_col1_N from package 00057139.upk
Loading Texture2D 990968_DemonGoldenBat_col1_M from package 00057139.upk
Loading Texture2D 990968_DemonGoldenBat_col1_D from package 00057139.upk
Loading Texture2D 990964_GhostMaskMonsterC_Col1_FX from package 00055363.upk
Loading Texture2D 990968_DemonGoldenBat_col1_S from package 00057139.upk
Loading TextureCube Cube_Suicide2 from package 00002640.upk
Loading Texture2D 990968_DemonGoldenBat_col1_E from package 00057139.upk
Loading Texture2D Smoke_Dusts_002 from package 00012963.upk
Loading Texture2D 990968_DemonGoldenBat_col1_FX from package 00057139.upk
Loading Material3 Basic_FX from package 00057140.upk
Loading package: 00002620.upk Ver: 573/1 Engine: 4205 Names: 576 Exports: 7687 Imports: 96 Game: 801A
Loading Texture2D CubemapFace0 from package 00002640.upk
Loading Texture2D CubemapFace1 from package 00002640.upk
Loading Texture2D CubemapFace2 from package 00002640.upk
Loading Texture2D CubemapFace3 from package 00002640.upk
Loading Texture2D CubemapFace4 from package 00002640.upk
Loading Texture2D CubemapFace5 from package 00002640.upk
Loading Texture2D check_n from package 00002620.upk
Loading Texture2D check from package 00002620.upk
Loading Texture2D Smoke_Pattern_001 from package 00012963.upk
Loading Texture2D Gradient_Line_003 from package 00012963.upk
Loading Texture2D Gradient_Wipe_BurnOut_Mask_TEST from package 00012963.upk
Loading Texture2D Gradient_Wipe_BurnOut_Mask from package 00012963.upk
Loaded in 0.16 sec, 3333 allocs, 2.75 MBytes serialized in 392853 calls.

Object info:
============
ClassName: SkeletalMesh3 ObjectName: 990968_DemonGoldenBat

    LODInfo[1] =
    {
        LODInfo[0] =
        {
            DisplayFactor = 0
            LODHysteresis = 0.02
            LODMaterialMap[0] = {}
            bEnableShadowCasting[1] = { true }
        }
    }
    Sockets[6] =
    {
        Sockets[0] = SkeletalMeshSocket'990968_DemonGoldenBat.SkeletalMeshSocket_108'
        Sockets[1] = SkeletalMeshSocket'990968_DemonGoldenBat.SkeletalMeshSocket_109'
        Sockets[2] = SkeletalMeshSocket'990968_DemonGoldenBat.SkeletalMeshSocket_110'
        Sockets[3] = SkeletalMeshSocket'990968_DemonGoldenBat.SkeletalMeshSocket_111'
        Sockets[4] = SkeletalMeshSocket'990968_DemonGoldenBat.SkeletalMeshSocket_113'
        Sockets[5] = SkeletalMeshSocket'990968_DemonGoldenBat.SkeletalMeshSocket_114'
    }
    bHasVertexColors = false
    EnableTwistBoneFixers = true
    EnableClavicleFixer = true
    Materials[1] = { MaterialInstanceConstant'col1' }


    Lods[1] =
    {
        Lods[0] =
        {
            Sections[1] =
            {
                Sections[0] = { Material=MaterialInstanceConstant'col1', FirstIndex=0, NumFaces=6982 }
            }
            NumVerts = 5576
            IndexCount = 20946
            NumTexCoords = 1
        }
    }
    LodCount = 1
    MeshOrigin = { X=-0, Y=-0, Z=-0 }
    MeshScale = { X=1, Y=1, Z=1 }
    RotOrigin = { Yaw=0, Pitch=0, Roll=0 }
    BoneCount = 77

Object info:
============
ClassName: SkeletalMeshSocket ObjectName: SkeletalMeshSocket_108

    SocketName = FX_wing1
    BoneName = WingL04_1_1
    RelativeLocation = { X=0, Y=6.49971, Z=0 }
    RelativeRotation = { Yaw=0, Pitch=0, Roll=0 }
    RelativeScale = { X=1, Y=1, Z=1 }

Object info:
============
ClassName: SkeletalMeshSocket ObjectName: SkeletalMeshSocket_109

    SocketName = FX_Wing2
    BoneName = WingR04_1_1
    RelativeLocation = { X=0, Y=5.57405, Z=0 }
    RelativeRotation = { Yaw=0, Pitch=0, Roll=0 }
    RelativeScale = { X=1, Y=1, Z=1 }

Object info:
============
ClassName: SkeletalMeshSocket ObjectName: SkeletalMeshSocket_110

    SocketName = FX_Wing3
    BoneName = WingL03_1_1
    RelativeLocation = { X=5.25988, Y=22.4147, Z=0 }
    RelativeRotation = { Yaw=0, Pitch=0, Roll=0 }
    RelativeScale = { X=1, Y=1, Z=1 }

Object info:
============
ClassName: SkeletalMeshSocket ObjectName: SkeletalMeshSocket_111

    SocketName = FX_Wing4
    BoneName = WingR03_1_1
    RelativeLocation = { X=-4.57527, Y=21.7367, Z=0 }
    RelativeRotation = { Yaw=0, Pitch=0, Roll=0 }
    RelativeScale = { X=1, Y=1, Z=1 }

Object info:
============
ClassName: SkeletalMeshSocket ObjectName: SkeletalMeshSocket_113

    SocketName = FX_Wing5
    BoneName = WingL06_1_1
    RelativeLocation = { X=-10.2628, Y=63.7585, Z=-9.75287 }
    RelativeRotation = { Yaw=0, Pitch=0, Roll=0 }
    RelativeScale = { X=1, Y=1, Z=1 }

Object info:
============
ClassName: SkeletalMeshSocket ObjectName: SkeletalMeshSocket_114

    SocketName = FX_Wing6
    BoneName = WingR06_1_1
    RelativeLocation = { X=10.7428, Y=-65.0306, Z=10.5662 }
    RelativeRotation = { Yaw=0, Pitch=0, Roll=0 }
    RelativeScale = { X=1, Y=1, Z=1 }
