Found 32768 game files (1766 skipped)
Loading package: 00052510.upk Ver: 573/1 Engine: 4205 Names: 244 Exports: 847 Imports: 96 Game: 801A
Loading Material3 BlackFist_Timmer_Circle_Unbeatable_M from package 00052510.upk
WARNING: BoolProperty "UMaterial3::bAcceptRenderDecal" was not found
Loading package: 00012963.upk Ver: 573/1 Engine: 4205 Names: 1386 Exports: 1362 Imports: 10 Game: 801A
Loading Material3 BlackFist_Timmer_Circle_Unbeatable_Velocity_PP from package 00052510.upk
WARNING: BoolProperty "UMaterial3::bAcceptRenderDecal" was not found
Loading Material3 FireDecal001_MatM from package 00052510.upk
WARNING: BoolProperty "UMaterial3::bAcceptRenderDecal" was not found
Loading Material3 SkillSkin_Summon_Xmas_Decal01 from package 00052510.upk
WARNING: BoolProperty "UMaterial3::bAcceptRenderDecal" was not found
Loading package: 00053839.upk Ver: 573/1 Engine: 4205 Names: 607 Exports: 1572 Imports: 153 Game: 801A
Loading Material3 SkillSkin_Summon_Xmas_Decal02 from package 00052510.upk
WARNING: BoolProperty "UMaterial3::bAcceptRenderDecal" was not found
Loading Material3 SkillSkin_Xmas_TargetDecal000 from package 00052510.upk
WARNING: BoolProperty "UMaterial3::bAcceptRenderDecal" was not found
Loading Material3 Xmas_Summon_RockShield from package 00052510.upk
WARNING: BoolProperty "UMaterial3::bAcceptRenderDecal" was not found
check for Stone_001_01_D_Reflex in 00052510
check for Stone_001_01_D_Reflex in 00012963
check for Stone_001_01_D_Reflex in 00053839
WARNING: Import(Stone_001.Stone_001_01_D_Reflex) was not found
check for lenscube_a in 00052510
check for lenscube_a in 00012963
check for lenscube_a in 00053839
WARNING: Import(CubeMap_001.lenscube_a) was not found
Loading MaterialInstanceConstant SkillSkin_Xmas_Deco02_INST from package 00052510.upk
WARNING: Unknown class "DecalMaterial" for object "SkillSkin_Xmas_Deco02"
Loading MaterialInstanceConstant SkillSkin_Xmas_Deco02_INST2 from package 00052510.upk
WARNING: Unknown class "DecalMaterial" for object "SkillSkin_Xmas_Deco02"
Loading MaterialInstanceConstant SkillSkin_Xmas_Deco02_INST3 from package 00052510.upk
WARNING: Unknown class "DecalMaterial" for object "SkillSkin_Xmas_Deco02"
Loading MaterialInstanceConstant SkillSkin_Xmas_Deco_INST from package 00052510.upk
WARNING: Unknown class "DecalMaterial" for object "SkillSkin_Xmas_Deco03"
Loading MaterialInstanceConstant SkillSkin_Xmas_Deco_INST2 from package 00052510.upk
WARNING: Unknown class "DecalMaterial" for object "SkillSkin_Xmas_Deco"
Loading MaterialInstanceConstant SkillSkin_Xmas_TargetDecal000_INST from package 00052510.upk
Loading MaterialInstanceConstant Xmas_Summon_RockShield_INST from package 00052510.upk
Loading MaterialInstanceConstant Xmas_Summon_RockShield_INST2 from package 00052510.upk
Loading MaterialInstanceConstant Xmas_Summon_RockShield_INST3 from package 00052510.upk
Loading MaterialInstanceConstant Xmas_Summon_RockShield_INST4 from package 00052510.upk
Loading MaterialInstanceConstant Xmas_Summon_RockShield_INST5 from package 00052510.upk
Loading MaterialInstanceConstant Xmas_Summon_RockShield_INST6 from package 00052510.upk
Loading Texture2D Smoke_Dust_000 from package 00012963.upk
Loading Texture2D Gradient_002 from package 00012963.upk
Loading Texture2D SystemDecal_Circle_Line from package 00012963.upk
Loading Texture2D Glow_009 from package 00012963.upk
Loading Texture2D Ring_Thick_000 from package 00012963.upk
Loading Texture2D Noise_005 from package 00012963.upk
Loading Texture2D Ring_Smoke_000 from package 00012963.upk
Loading Texture2D SystemDecal2_Circle_Full_001 from package 00012963.upk
Loading Texture2D SystemDecal_Circle_blur from package 00012963.upk
Loading Texture2D Ring_Double_002 from package 00012963.upk
Loading Texture2D Noise_010 from package 00012963.upk
Loading Texture2D Noise_Distortion_000 from package 00012963.upk
Loading Texture2D Fire_000 from package 00012963.upk
Loading Texture2D Smoke_Inc_001 from package 00012963.upk
Loading Texture2D SystemDecal_Circle_ring from package 00012963.upk
Loading Texture2D SystemDecal_Mask01 from package 00012963.upk
Loading Texture2D SystemDecal_Circle_ray_01 from package 00012963.upk
Loading Texture2D Normal_Stone_001 from package 00012963.upk
WARNING: BoolProperty "UTexture2D::bDisableLoadSwitch" was not found
Loading Texture2D Decal_DarkSmoke_000 from package 00012963.upk
Loading Texture2D Noise_013 from package 00012963.upk
Loading Texture2D Noise_007 from package 00012963.upk
Loading Texture2D Sparkle_005 from package 00012963.upk
Loading Texture2D Gradient_001 from package 00012963.upk
Loading Texture2D Noise_011 from package 00012963.upk
Loading Texture2D Xmas_Jin06 from package 00053839.upk
Loading Texture2D Noise_003 from package 00012963.upk
Loading Texture2D Smoke_Blur_000 from package 00012963.upk
Loading Texture2D Xmas_Jun07 from package 00053839.upk
Loading Texture2D Ring_SharpBlur_000 from package 00012963.upk
Loading Texture2D Xmas_star00 from package 00053839.upk
Loading Texture2D Rune_Target_Decal_000 from package 00012963.upk
Loading Texture2D Normal_Stone_000 from package 00012963.upk
WARNING: BoolProperty "UTexture2D::bDisableLoadSwitch" was not found
Loading Texture2D Normal_Noise_003 from package 00012963.upk
WARNING: BoolProperty "UTexture2D::bDisableLoadSwitch" was not found
Loading Texture2D Noise_006 from package 00012963.upk
Loading Texture2D Xmas_leaf03N_Assassin from package 00053839.upk
Loading Texture2D Noise_009 from package 00012963.upk
Loading Texture2D Xmas_pattern_03 from package 00053839.upk
Loading Texture2D Xmas_Star01_N from package 00053839.upk
Loading Texture2D Xmas_T_Snow_04D from package 00053839.upk
Loading Texture2D Xmas_JinDecal_R from package 00053839.upk
Loading Texture2D Xmas_Jin04 from package 00053839.upk
Loading Texture2D Xmas_JinDecal_02 from package 00053839.upk
Loading Texture2D Xmas_T_Snow03S from package 00053839.upk
Loading Texture2D Xmas_Star01_04 from package 00053839.upk
Loading Texture2D Xmas_T_Snow_03E from package 00053839.upk
Loading Texture2D Xmas_pattern_01 from package 00053839.upk
Loading Texture2D Xmas_Gradient from package 00053839.upk
Loaded in 0.52 sec, 3721 allocs, 2.97 MBytes serialized in 88471 calls.

Object info:
============
ClassName: Material3 ObjectName: BlackFist_Timmer_Circle_Unbeatable_M

    TwoSided = false
    bDisableDepthTest = false
    bIsMasked = false
    ReferencedTextures[13] =
    {
        ReferencedTextures[0] = Texture2D'Smoke_Dust_000'
        ReferencedTextures[1] = Texture2D'Gradient_002'
        ReferencedTextures[2] = Texture2D'SystemDecal_Circle_Line'
        ReferencedTextures[3] = Texture2D'Glow_009'
        ReferencedTextures[4] = Texture2D'Ring_Thick_000'
        ReferencedTextures[5] = Texture2D'Noise_005'
        ReferencedTextures[6] = Texture2D'Ring_Smoke_000'
        ReferencedTextures[7] = Texture2D'SystemDecal2_Circle_Full_001'
        ReferencedTextures[8] = Texture2D'SystemDecal_Circle_blur'
        ReferencedTextures[9] = Texture2D'Ring_Double_002'
        ReferencedTextures[10] = Texture2D'Noise_010'
        ReferencedTextures[11] = Texture2D'Noise_Distortion_000'
        ReferencedTextures[12] = Texture2D'Fire_000'
    }
    BlendMode = BLEND_Additive (3)
    OpacityMaskClipValue = 0.333
    FlattenedTexture = None
    MobileBaseTexture = None
    MobileNormalTexture = None
    bUseMobileSpecular = false
    MobileSpecularPower = 16
    MobileSpecularMask = MSM_Constant (0)
    MobileMaskTexture = None

Object info:
============
ClassName: Material3 ObjectName: BlackFist_Timmer_Circle_Unbeatable_Velocity_PP

    TwoSided = false
    bDisableDepthTest = false
    bIsMasked = false
    ReferencedTextures[11] =
    {
        ReferencedTextures[0] = Texture2D'Smoke_Inc_001'
        ReferencedTextures[1] = Texture2D'SystemDecal_Circle_ring'
        ReferencedTextures[2] = Texture2D'SystemDecal_Mask01'
        ReferencedTextures[3] = Texture2D'Noise_005'
        ReferencedTextures[4] = Texture2D'Ring_Smoke_000'
        ReferencedTextures[5] = Texture2D'SystemDecal2_Circle_Full_001'
        ReferencedTextures[6] = Texture2D'SystemDecal_Circle_ray_01'
        ReferencedTextures[7] = Texture2D'Noise_010'
        ReferencedTextures[8] = Texture2D'SystemDecal_Circle_blur'
        ReferencedTextures[9] = Texture2D'Noise_Distortion_000'
        ReferencedTextures[10] = Texture2D'Fire_000'
    }
    BlendMode = BLEND_Additive (3)
    OpacityMaskClipValue = 0.333
    FlattenedTexture = None
    MobileBaseTexture = None
    MobileNormalTexture = None
    bUseMobileSpecular = false
    MobileSpecularPower = 16
    MobileSpecularMask = MSM_Constant (0)
    MobileMaskTexture = None

Object info:
============
ClassName: Material3 ObjectName: FireDecal001_MatM

    TwoSided = false
    bDisableDepthTest = false
    bIsMasked = false
    ReferencedTextures[5] =
    {
        ReferencedTextures[0] = Texture2D'Normal_Stone_001'
        ReferencedTextures[1] = Texture2D'Decal_DarkSmoke_000'
        ReferencedTextures[2] = Texture2D'Noise_013'
        ReferencedTextures[3] = Texture2D'Noise_007'
        ReferencedTextures[4] = Texture2D'Sparkle_005'
    }
    BlendMode = BLEND_Translucent (2)
    OpacityMaskClipValue = 0.333
    FlattenedTexture = None
    MobileBaseTexture = None
    MobileNormalTexture = None
    bUseMobileSpecular = false
    MobileSpecularPower = 16
    MobileSpecularMask = MSM_Constant (0)
    MobileMaskTexture = None

Object info:
============
ClassName: Material3 ObjectName: SkillSkin_Summon_Xmas_Decal01

    TwoSided = false
    bDisableDepthTest = false
    bIsMasked = false
    ReferencedTextures[4] =
    {
        ReferencedTextures[0] = Texture2D'Smoke_Dust_000'
        ReferencedTextures[1] = Texture2D'Gradient_001'
        ReferencedTextures[2] = Texture2D'Noise_011'
        ReferencedTextures[3] = Texture2D'Xmas_Jin06'
    }
    BlendMode = BLEND_Additive (3)
    OpacityMaskClipValue = 0.333
    FlattenedTexture = None
    MobileBaseTexture = None
    MobileNormalTexture = None
    bUseMobileSpecular = false
    MobileSpecularPower = 16
    MobileSpecularMask = MSM_Constant (0)
    MobileMaskTexture = None

Object info:
============
ClassName: Material3 ObjectName: SkillSkin_Summon_Xmas_Decal02

    TwoSided = false
    bDisableDepthTest = false
    bIsMasked = false
    ReferencedTextures[9] =
    {
        ReferencedTextures[0] = Texture2D'SystemDecal_Circle_ray_01'
        ReferencedTextures[1] = Texture2D'Noise_005'
        ReferencedTextures[2] = Texture2D'Noise_003'
        ReferencedTextures[3] = Texture2D'Smoke_Blur_000'
        ReferencedTextures[4] = Texture2D'SystemDecal_Circle_ring'
        ReferencedTextures[5] = Texture2D'Xmas_Jun07'
        ReferencedTextures[6] = Texture2D'Ring_SharpBlur_000'
        ReferencedTextures[7] = Texture2D'SystemDecal_Mask01'
        ReferencedTextures[8] = Texture2D'Xmas_star00'
    }
    BlendMode = BLEND_Additive (3)
    OpacityMaskClipValue = 0.333
    FlattenedTexture = None
    MobileBaseTexture = None
    MobileNormalTexture = None
    bUseMobileSpecular = false
    MobileSpecularPower = 16
    MobileSpecularMask = MSM_Constant (0)
    MobileMaskTexture = None

Object info:
============
ClassName: Material3 ObjectName: SkillSkin_Xmas_TargetDecal000

    TwoSided = true
    bDisableDepthTest = false
    bIsMasked = false
    ReferencedTextures[1] = { Texture2D'Rune_Target_Decal_000' }
    BlendMode = BLEND_Translucent (2)
    OpacityMaskClipValue = 0.1
    FlattenedTexture = None
    MobileBaseTexture = None
    MobileNormalTexture = None
    bUseMobileSpecular = false
    MobileSpecularPower = 16
    MobileSpecularMask = MSM_Constant (0)
    MobileMaskTexture = None

Object info:
============
ClassName: Material3 ObjectName: Xmas_Summon_RockShield

    TwoSided = false
    bDisableDepthTest = false
    bIsMasked = false
    ReferencedTextures[10] =
    {
        ReferencedTextures[0] = Texture2D'Normal_Stone_000'
        ReferencedTextures[1] = Texture2D'Normal_Noise_003'
        ReferencedTextures[2] = Texture2D'Noise_006'
        ReferencedTextures[3] = Texture2D'Xmas_leaf03N_Assassin'
        ReferencedTextures[4] = Texture2D'Noise_Distortion_000'
        ReferencedTextures[5] = Texture2D'Noise_009'
        ReferencedTextures[6] = Texture2D'Noise_010'
        ReferencedTextures[7] = Texture2D'Xmas_pattern_03'
        ReferencedTextures[8] = None
        ReferencedTextures[9] = None
    }
    BlendMode = BLEND_Translucent (2)
    OpacityMaskClipValue = 0.333
    FlattenedTexture = None
    MobileBaseTexture = None
    MobileNormalTexture = None
    bUseMobileSpecular = false
    MobileSpecularPower = 16
    MobileSpecularMask = MSM_Constant (0)
    MobileMaskTexture = None

Object info:
============
ClassName: MaterialInstanceConstant ObjectName: SkillSkin_Xmas_Deco02_INST

    ScalarParameterValues[0] = {}
    TextureParameterValues[2] =
    {
        TextureParameterValues[0] = { ParameterName=Cube, ParameterValue=None }
        TextureParameterValues[1] = { ParameterName=Tex, ParameterValue=Texture2D'Xmas_Star01_N' }
    }
    VectorParameterValues[2] =
    {
        VectorParameterValues[0] =
        {
            ParameterName = None
            ParameterValue = { R=0.293216, G=0.481952, B=0.781751, A=1 }
        }
        VectorParameterValues[1] =
        {
            ParameterName = Color
            ParameterValue = { R=0.781751, G=0.481952, B=0.029322, A=1 }
        }
    }
    Parent = None
    FlattenedTexture = None
    MobileBaseTexture = None
    MobileNormalTexture = None
    bUseMobileSpecular = false
    MobileSpecularPower = 16
    MobileSpecularMask = MSM_Constant (0)
    MobileMaskTexture = None

Object info:
============
ClassName: MaterialInstanceConstant ObjectName: SkillSkin_Xmas_Deco02_INST2

    ScalarParameterValues[0] = {}
    TextureParameterValues[2] =
    {
        TextureParameterValues[0] = { ParameterName=Cube, ParameterValue=None }
        TextureParameterValues[1] = { ParameterName=Tex, ParameterValue=Texture2D'Xmas_leaf03N_Assassin' }
    }
    VectorParameterValues[2] =
    {
        VectorParameterValues[0] =
        {
            ParameterName = None
            ParameterValue = { R=0.293216, G=0.481952, B=0.781751, A=1 }
        }
        VectorParameterValues[1] =
        {
            ParameterName = Color
            ParameterValue = { R=0.781751, G=0.481952, B=0.029322, A=1 }
        }
    }
    Parent = None
    FlattenedTexture = None
    MobileBaseTexture = None
    MobileNormalTexture = None
    bUseMobileSpecular = false
    MobileSpecularPower = 16
    MobileSpecularMask = MSM_Constant (0)
    MobileMaskTexture = None

Object info:
============
ClassName: MaterialInstanceConstant ObjectName: SkillSkin_Xmas_Deco02_INST3

    ScalarParameterValues[0] = {}
    TextureParameterValues[2] =
    {
        TextureParameterValues[0] = { ParameterName=Tex, ParameterValue=Texture2D'Xmas_T_Snow_04D' }
        TextureParameterValues[1] = { ParameterName=Cube, ParameterValue=None }
    }
    VectorParameterValues[1] =
    {
        VectorParameterValues[0] =
        {
            ParameterName = Color
            ParameterValue = { R=0.781751, G=0.248195, B=0.029322, A=1 }
        }
    }
    Parent = None
    FlattenedTexture = None
    MobileBaseTexture = None
    MobileNormalTexture = None
    bUseMobileSpecular = false
    MobileSpecularPower = 16
    MobileSpecularMask = MSM_Constant (0)
    MobileMaskTexture = None

Object info:
============
ClassName: MaterialInstanceConstant ObjectName: SkillSkin_Xmas_Deco_INST

    ScalarParameterValues[0] = {}
    TextureParameterValues[4] =
    {
        TextureParameterValues[0] = { ParameterName=Tex, ParameterValue=Texture2D'Xmas_JinDecal_R' }
        TextureParameterValues[1] = { ParameterName=Cube, ParameterValue=None }
        TextureParameterValues[2] = { ParameterName=TEx02, ParameterValue=Texture2D'Xmas_Jin04' }
        TextureParameterValues[3] = { ParameterName=Tex03, ParameterValue=Texture2D'Xmas_JinDecal_02' }
    }
    VectorParameterValues[3] =
    {
        VectorParameterValues[0] =
        {
            ParameterName = Color
            ParameterValue = { R=6, G=0.007083, B=0.00586, A=1 }
        }
        VectorParameterValues[1] =
        {
            ParameterName = Value
            ParameterValue = { R=1, G=0, B=0, A=1 }
        }
        VectorParameterValues[2] =
        {
            ParameterName = color03
            ParameterValue = { R=0.378175, G=0.12482, B=0.002932, A=1 }
        }
    }
    Parent = None
    FlattenedTexture = None
    MobileBaseTexture = None
    MobileNormalTexture = None
    bUseMobileSpecular = false
    MobileSpecularPower = 16
    MobileSpecularMask = MSM_Constant (0)
    MobileMaskTexture = None

Object info:
============
ClassName: MaterialInstanceConstant ObjectName: SkillSkin_Xmas_Deco_INST2

    ScalarParameterValues[0] = {}
    TextureParameterValues[2] =
    {
        TextureParameterValues[0] = { ParameterName=Tex, ParameterValue=Texture2D'Xmas_Jin06' }
        TextureParameterValues[1] = { ParameterName=Cube, ParameterValue=None }
    }
    VectorParameterValues[2] =
    {
        VectorParameterValues[0] =
        {
            ParameterName = Color
            ParameterValue = { R=0.03, G=0.01, B=0.02, A=1 }
        }
        VectorParameterValues[1] =
        {
            ParameterName = Value
            ParameterValue = { R=1, G=0, B=0, A=1 }
        }
    }
    Parent = None
    FlattenedTexture = None
    MobileBaseTexture = None
    MobileNormalTexture = None
    bUseMobileSpecular = false
    MobileSpecularPower = 16
    MobileSpecularMask = MSM_Constant (0)
    MobileMaskTexture = None

Object info:
============
ClassName: MaterialInstanceConstant ObjectName: SkillSkin_Xmas_TargetDecal000_INST

    ScalarParameterValues[2] =
    {
        ScalarParameterValues[0] = { ParameterName=FX_Mast_U, ParameterValue=1 }
        ScalarParameterValues[1] = { ParameterName=FX_Mast_V, ParameterValue=1 }
    }
    TextureParameterValues[3] =
    {
        TextureParameterValues[0] = { ParameterName=Texture_Rune, ParameterValue=None }
        TextureParameterValues[1] = { ParameterName=FX_Mask, ParameterValue=Texture2D'Xmas_Jin06' }
        TextureParameterValues[2] = { ParameterName=Tex_02, ParameterValue=Texture2D'Xmas_Jin06' }
    }
    VectorParameterValues[4] =
    {
        VectorParameterValues[0] =
        {
            ParameterName = FX_Mask_position
            ParameterValue = { R=0, G=0, B=0, A=1 }
        }
        VectorParameterValues[1] =
        {
            ParameterName = Tex_Mask_switch
            ParameterValue = { R=0, G=1, B=0, A=1 }
        }
        VectorParameterValues[2] =
        {
            ParameterName = ParmSize
            ParameterValue = { R=100, G=100, B=0, A=1 }
        }
        VectorParameterValues[3] =
        {
            ParameterName = Tex_Mask_switchAlpha
            ParameterValue = { R=0, G=0, B=0, A=1 }
        }
    }
    Parent = Material3'SkillSkin_Xmas_TargetDecal000'
    FlattenedTexture = None
    MobileBaseTexture = None
    MobileNormalTexture = None
    bUseMobileSpecular = false
    MobileSpecularPower = 16
    MobileSpecularMask = MSM_Constant (0)
    MobileMaskTexture = None

Object info:
============
ClassName: MaterialInstanceConstant ObjectName: Xmas_Summon_RockShield_INST

    ScalarParameterValues[2] =
    {
        ScalarParameterValues[0] = { ParameterName=FX_Mast_V, ParameterValue=1 }
        ScalarParameterValues[1] = { ParameterName=FX_Mast_U, ParameterValue=1 }
    }
    TextureParameterValues[4] =
    {
        TextureParameterValues[0] = { ParameterName=Tex, ParameterValue=Texture2D'Xmas_T_Snow_04D' }
        TextureParameterValues[1] = { ParameterName=Cube, ParameterValue=None }
        TextureParameterValues[2] = { ParameterName=FX_Mask, ParameterValue=Texture2D'Xmas_T_Snow03S' }
        TextureParameterValues[3] = { ParameterName=Tex_Noise, ParameterValue=Texture2D'Xmas_JinDecal_R' }
    }
    VectorParameterValues[4] =
    {
        VectorParameterValues[0] =
        {
            ParameterName = Color
            ParameterValue = { R=5.17817, G=0.348195, B=0.229322, A=1 }
        }
        VectorParameterValues[1] =
        {
            ParameterName = change_channelAlpha
            ParameterValue = { R=15, G=0, B=0, A=0 }
        }
        VectorParameterValues[2] =
        {
            ParameterName = FX_Mask_position
            ParameterValue = { R=0, G=0, B=0, A=1 }
        }
        VectorParameterValues[3] =
        {
            ParameterName = Tex_Mask_switch
            ParameterValue = { R=0, G=0, B=0, A=1 }
        }
    }
    Parent = Material3'Xmas_Summon_RockShield'
    FlattenedTexture = None
    MobileBaseTexture = None
    MobileNormalTexture = None
    bUseMobileSpecular = false
    MobileSpecularPower = 16
    MobileSpecularMask = MSM_Constant (0)
    MobileMaskTexture = None

Object info:
============
ClassName: MaterialInstanceConstant ObjectName: Xmas_Summon_RockShield_INST2

    ScalarParameterValues[2] =
    {
        ScalarParameterValues[0] = { ParameterName=FX_Mast_V, ParameterValue=1 }
        ScalarParameterValues[1] = { ParameterName=FX_Mast_U, ParameterValue=1 }
    }
    TextureParameterValues[4] =
    {
        TextureParameterValues[0] = { ParameterName=Tex, ParameterValue=Texture2D'Xmas_Star01_04' }
        TextureParameterValues[1] = { ParameterName=Cube, ParameterValue=None }
        TextureParameterValues[2] = { ParameterName=FX_Mask, ParameterValue=Texture2D'Xmas_JinDecal_R' }
        TextureParameterValues[3] = { ParameterName=Tex_Noise, ParameterValue=Texture2D'Xmas_pattern_03' }
    }
    VectorParameterValues[4] =
    {
        VectorParameterValues[0] =
        {
            ParameterName = Color
            ParameterValue = { R=8.78175, G=0.3, B=0.029322, A=1 }
        }
        VectorParameterValues[1] =
        {
            ParameterName = change_channelAlpha
            ParameterValue = { R=0, G=0, B=0, A=1 }
        }
        VectorParameterValues[2] =
        {
            ParameterName = FX_Mask_position
            ParameterValue = { R=0, G=0, B=0, A=1 }
        }
        VectorParameterValues[3] =
        {
            ParameterName = Tex_Mask_switch
            ParameterValue = { R=1, G=1, B=1, A=1 }
        }
    }
    Parent = Material3'Xmas_Summon_RockShield'
    FlattenedTexture = None
    MobileBaseTexture = None
    MobileNormalTexture = None
    bUseMobileSpecular = false
    MobileSpecularPower = 16
    MobileSpecularMask = MSM_Constant (0)
    MobileMaskTexture = None

Object info:
============
ClassName: MaterialInstanceConstant ObjectName: Xmas_Summon_RockShield_INST3

    ScalarParameterValues[2] =
    {
        ScalarParameterValues[0] = { ParameterName=FX_Mast_V, ParameterValue=1 }
        ScalarParameterValues[1] = { ParameterName=FX_Mast_U, ParameterValue=1 }
    }
    TextureParameterValues[4] =
    {
        TextureParameterValues[0] = { ParameterName=Tex, ParameterValue=Texture2D'Xmas_T_Snow_03E' }
        TextureParameterValues[1] = { ParameterName=Cube, ParameterValue=None }
        TextureParameterValues[2] = { ParameterName=FX_Mask, ParameterValue=Texture2D'Xmas_pattern_01' }
        TextureParameterValues[3] = { ParameterName=Tex_Noise, ParameterValue=Texture2D'Xmas_pattern_03' }
    }
    VectorParameterValues[4] =
    {
        VectorParameterValues[0] =
        {
            ParameterName = Color
            ParameterValue = { R=1.78175, G=1.63, B=1.02932, A=1 }
        }
        VectorParameterValues[1] =
        {
            ParameterName = change_channelAlpha
            ParameterValue = { R=1, G=0, B=0, A=1 }
        }
        VectorParameterValues[2] =
        {
            ParameterName = FX_Mask_position
            ParameterValue = { R=0, G=0, B=0, A=1 }
        }
        VectorParameterValues[3] =
        {
            ParameterName = Tex_Mask_switch
            ParameterValue = { R=0, G=1, B=0, A=1 }
        }
    }
    Parent = Material3'Xmas_Summon_RockShield'
    FlattenedTexture = None
    MobileBaseTexture = None
    MobileNormalTexture = None
    bUseMobileSpecular = false
    MobileSpecularPower = 16
    MobileSpecularMask = MSM_Constant (0)
    MobileMaskTexture = None

Object info:
============
ClassName: MaterialInstanceConstant ObjectName: Xmas_Summon_RockShield_INST4

    ScalarParameterValues[2] =
    {
        ScalarParameterValues[0] = { ParameterName=FX_Mast_V, ParameterValue=1 }
        ScalarParameterValues[1] = { ParameterName=FX_Mast_U, ParameterValue=1 }
    }
    TextureParameterValues[4] =
    {
        TextureParameterValues[0] = { ParameterName=Tex, ParameterValue=Texture2D'Xmas_T_Snow_03E' }
        TextureParameterValues[1] = { ParameterName=Cube, ParameterValue=None }
        TextureParameterValues[2] = { ParameterName=FX_Mask, ParameterValue=Texture2D'Xmas_Gradient' }
        TextureParameterValues[3] = { ParameterName=Tex_Noise, ParameterValue=Texture2D'Xmas_pattern_03' }
    }
    VectorParameterValues[4] =
    {
        VectorParameterValues[0] =
        {
            ParameterName = Color
            ParameterValue = { R=10, G=1.63, B=1.02, A=1 }
        }
        VectorParameterValues[1] =
        {
            ParameterName = change_channelAlpha
            ParameterValue = { R=0.5, G=0, B=0, A=1 }
        }
        VectorParameterValues[2] =
        {
            ParameterName = FX_Mask_position
            ParameterValue = { R=0, G=0, B=0, A=1 }
        }
        VectorParameterValues[3] =
        {
            ParameterName = Tex_Mask_switch
            ParameterValue = { R=1, G=1, B=0, A=1 }
        }
    }
    Parent = Material3'Xmas_Summon_RockShield'
    FlattenedTexture = None
    MobileBaseTexture = None
    MobileNormalTexture = None
    bUseMobileSpecular = false
    MobileSpecularPower = 16
    MobileSpecularMask = MSM_Constant (0)
    MobileMaskTexture = None

Object info:
============
ClassName: MaterialInstanceConstant ObjectName: Xmas_Summon_RockShield_INST5

    ScalarParameterValues[2] =
    {
        ScalarParameterValues[0] = { ParameterName=FX_Mast_V, ParameterValue=1 }
        ScalarParameterValues[1] = { ParameterName=FX_Mast_U, ParameterValue=1 }
    }
    TextureParameterValues[4] =
    {
        TextureParameterValues[0] = { ParameterName=Tex, ParameterValue=Texture2D'Xmas_Jin04' }
        TextureParameterValues[1] = { ParameterName=Cube, ParameterValue=None }
        TextureParameterValues[2] = { ParameterName=FX_Mask, ParameterValue=Texture2D'Xmas_Gradient' }
        TextureParameterValues[3] = { ParameterName=Tex_Noise, ParameterValue=Texture2D'Xmas_pattern_03' }
    }
    VectorParameterValues[4] =
    {
        VectorParameterValues[0] =
        {
            ParameterName = Color
            ParameterValue = { R=10.7818, G=1.63, B=1.02932, A=1 }
        }
        VectorParameterValues[1] =
        {
            ParameterName = change_channelAlpha
            ParameterValue = { R=0.5, G=0, B=0, A=1 }
        }
        VectorParameterValues[2] =
        {
            ParameterName = FX_Mask_position
            ParameterValue = { R=0, G=0, B=0, A=1 }
        }
        VectorParameterValues[3] =
        {
            ParameterName = Tex_Mask_switch
            ParameterValue = { R=1, G=1, B=0, A=1 }
        }
    }
    Parent = Material3'Xmas_Summon_RockShield'
    FlattenedTexture = None
    MobileBaseTexture = None
    MobileNormalTexture = None
    bUseMobileSpecular = false
    MobileSpecularPower = 16
    MobileSpecularMask = MSM_Constant (0)
    MobileMaskTexture = None

Object info:
============
ClassName: MaterialInstanceConstant ObjectName: Xmas_Summon_RockShield_INST6

    ScalarParameterValues[2] =
    {
        ScalarParameterValues[0] = { ParameterName=FX_Mast_V, ParameterValue=1 }
        ScalarParameterValues[1] = { ParameterName=FX_Mast_U, ParameterValue=1 }
    }
    TextureParameterValues[4] =
    {
        TextureParameterValues[0] = { ParameterName=Tex, ParameterValue=Texture2D'Xmas_T_Snow_03E' }
        TextureParameterValues[1] = { ParameterName=Cube, ParameterValue=None }
        TextureParameterValues[2] = { ParameterName=FX_Mask, ParameterValue=Texture2D'Xmas_Gradient' }
        TextureParameterValues[3] = { ParameterName=Tex_Noise, ParameterValue=Texture2D'Xmas_pattern_03' }
    }
    VectorParameterValues[4] =
    {
        VectorParameterValues[0] =
        {
            ParameterName = Color
            ParameterValue = { R=1.02, G=2, B=5, A=1 }
        }
        VectorParameterValues[1] =
        {
            ParameterName = change_channelAlpha
            ParameterValue = { R=0.5, G=0, B=0, A=1 }
        }
        VectorParameterValues[2] =
        {
            ParameterName = FX_Mask_position
            ParameterValue = { R=0, G=0, B=0, A=1 }
        }
        VectorParameterValues[3] =
        {
            ParameterName = Tex_Mask_switch
            ParameterValue = { R=1, G=1, B=0, A=1 }
        }
    }
    Parent = Material3'Xmas_Summon_RockShield'
    FlattenedTexture = None
    MobileBaseTexture = None
    MobileNormalTexture = None
    bUseMobileSpecular = false
    MobileSpecularPower = 16
    MobileSpecularMask = MSM_Constant (0)
    MobileMaskTexture = None
