Found 32768 game files (1766 skipped)
Loading package: 00059578.upk Ver: 573/1 Engine: 4205 Names: 85 Exports: 9 Imports: 11 Game: 801A
Loading SkeletalMesh3 040363_LynF from package 00059578.upk
check for col1 in 00059578
WARNING: Import(00063448.col1) was not found
check for Col_Hair_Acc in 00059578
WARNING: Import(00063448.Col_Hair_Acc) was not found
Loaded in 0.012 sec, 134 allocs, 0.19 MBytes serialized in 55897 calls.

Object info:
============
ClassName: SkeletalMesh3 ObjectName: 040363_LynF

    LODInfo[1] =
    {
        LODInfo[0] =
        {
            DisplayFactor = 0
            LODHysteresis = 0.02
            LODMaterialMap[0] = {}
            bEnableShadowCasting[2] = { true, true }
        }
    }
    Sockets[0] = {}
    bHasVertexColors = false
    EnableTwistBoneFixers = true
    EnableClavicleFixer = true
    Materials[2] = { None, None }


    Lods[1] =
    {
        Lods[0] =
        {
            Sections[2] =
            {
                Sections[0] = { Material=None, FirstIndex=0, NumFaces=1272 }
                Sections[1] = { Material=None, FirstIndex=3816, NumFaces=767 }
            }
            NumVerts = 1707
            IndexCount = 6117
            NumTexCoords = 1
        }
    }
    LodCount = 1
    MeshOrigin = { X=-0, Y=-0, Z=-0 }
    MeshScale = { X=1, Y=1, Z=1 }
    RotOrigin = { Yaw=0, Pitch=0, Roll=0 }
    BoneCount = 9
