Found 32768 game files (1766 skipped)
Loading package: 00057381.upk Ver: 573/1 Engine: 4205 Names: 414 Exports: 1308 Imports: 169 Game: 801A
Loading MaterialInstanceConstant W_Meshdeco09_INST130010 from package 00057381.upk
Loading package: 00048300.upk Ver: 573/1 Engine: 4205 Names: 840 Exports: 8203 Imports: 226 Game: 801A
Loading MaterialInstanceConstant W_MeshDeco12_130010 from package 00057381.upk
Loading package: 00012963.upk Ver: 573/1 Engine: 4205 Names: 1386 Exports: 1362 Imports: 10 Game: 801A
Loading SkeletalMesh3 130010_Autoscale from package 00057381.upk
WARNING: ObjectProperty "USkeletalMesh3::MeshFactorSet" was not found
WARNING: ObjectProperty "USkeletalMesh3::PhysMaterialOverride" was not found
Loading package: 00057545.upk Ver: 573/1 Engine: 4205 Names: 135 Exports: 2 Imports: 25 Game: 801A
Loading SkeletalMeshSocket SkeletalMeshSocket_152 from package 00057381.upk
WARNING: ObjectProperty "USkeletalMeshSocket::DependencyParticleSystem" was not found
Loading SkeletalMeshSocket SkeletalMeshSocket_156 from package 00057381.upk
WARNING: ObjectProperty "USkeletalMeshSocket::DependencyParticleSystem" was not found
Loading SkeletalMeshSocket SkeletalMeshSocket_176 from package 00057381.upk
WARNING: ObjectProperty "USkeletalMeshSocket::DependencyParticleSystem" was not found
Loading StaticMesh3 130010_deco1 from package 00057381.upk
Loading package: 00012892.upk Ver: 573/1 Engine: 4205 Names: 1108 Exports: 6240 Imports: 380 Game: 801A
Loading StaticMesh3 130010_deco2 from package 00057381.upk
Loading StaticMesh3 130010_deco3 from package 00057381.upk
Loading Texture2D 130010_FX_mask from package 00057381.upk
Loading Material3 W_MeshDeco01 from package 00048300.upk
WARNING: BoolProperty "UMaterial3::bAcceptRenderDecal" was not found
Loading package: 00002620.upk Ver: 573/1 Engine: 4205 Names: 576 Exports: 7687 Imports: 96 Game: 801A
Loading Texture2D Dragon_body_outside_NRM from package 00012963.upk
WARNING: BoolProperty "UTexture2D::bDisableLoadSwitch" was not found
Loading Texture2D Gradient_Line_R from package 00012963.upk
Loading Texture2D Gradient_004 from package 00012963.upk
Loading Texture2D Noise_006 from package 00012963.upk
Loading Texture2D Ref_Cool from package 00012963.upk
Loading Material3 W_MeshDeco12 from package 00048300.upk
WARNING: BoolProperty "UMaterial3::bAcceptRenderDecal" was not found
Loading MaterialInstanceConstant col15 from package 00057545.upk
Loading package: 00057231.upk Ver: 573/1 Engine: 4205 Names: 31 Exports: 4 Imports: 2 Game: 801A
Loading package: 00002640.upk Ver: 573/1 Engine: 4205 Names: 291 Exports: 507 Imports: 3 Game: 801A
Loading Material3 001_Mesh_Default_MatM from package 00012892.upk
WARNING: BoolProperty "UMaterial3::bAcceptRenderDecal" was not found
Loading package: 00023713.upk Ver: 573/1 Engine: 4205 Names: 101 Exports: 81 Imports: 4 Game: 801A
Loading Texture2D Noise_Plazma_002 from package 00012963.upk
Loading Texture2D Unique_Stone_001 from package 00012963.upk
Loading Texture2D Gradient_Flow_000 from package 00012963.upk
Loading Texture2D Noise_013 from package 00012963.upk
Loading Texture2D check from package 00002620.upk
Loading Texture2D Normal_Noise_000 from package 00012963.upk
WARNING: BoolProperty "UTexture2D::bDisableLoadSwitch" was not found
Loading Texture2D 130010_Autoscale_col10_N from package 00057231.upk
Loading Texture2D 130010_Autoscale_col10_M from package 00057231.upk
Loading Texture2D 130010_Autoscale_col10_D from package 00057231.upk
Loading Texture2D Smoke_Pattern_001 from package 00012963.upk
Loading Texture2D 130010_Autoscale_col10_S from package 00057231.upk
Loading TextureCube lenscube_a from package 00002640.upk
Loading Texture2D AncientMechaMonk_BoxLine from package 00012963.upk
Loading Material3 Basic_Fx_Weapon from package 00048300.upk
Loading Texture2D Cube000_Tex from package 00023713.upk
Loading Texture2D CubemapFace0 from package 00002640.upk
Loading Texture2D CubemapFace1 from package 00002640.upk
Loading Texture2D CubemapFace2 from package 00002640.upk
Loading Texture2D CubemapFace3 from package 00002640.upk
Loading Texture2D CubemapFace4 from package 00002640.upk
Loading Texture2D CubemapFace5 from package 00002640.upk
Loading Texture2D check_n from package 00002620.upk
Loading Texture2D Gradient_Line_003 from package 00012963.upk
Loading Texture2D Gradient_Wipe_BurnOut_Mask_TEST from package 00012963.upk
Loading Texture2D Gradient_Wipe_BurnOut_Mask from package 00012963.upk
Loaded in 0.26 sec, 5874 allocs, 4.09 MBytes serialized in 642825 calls.

Object info:
============
ClassName: MaterialInstanceConstant ObjectName: W_Meshdeco09_INST130010

    ScalarParameterValues[1] =
    {
        ScalarParameterValues[0] = { ParameterName=RGB_Alpha_Lerp, ParameterValue=1 }
    }
    TextureParameterValues[1] =
    {
        TextureParameterValues[0] = { ParameterName=FX_Mask, ParameterValue=Texture2D'130010_FX_mask' }
    }
    VectorParameterValues[2] =
    {
        VectorParameterValues[0] =
        {
            ParameterName = Tex_Mask_switch
            ParameterValue = { R=0, G=0, B=1, A=1 }
        }
        VectorParameterValues[1] =
        {
            ParameterName = Color
            ParameterValue = { R=1.36004, G=0.592438, B=0.358654, A=1 }
        }
    }
    Parent = Material3'W_MeshDeco01'
    FlattenedTexture = None
    MobileBaseTexture = None
    MobileNormalTexture = None
    bUseMobileSpecular = false
    MobileSpecularPower = 16
    MobileSpecularMask = MSM_Constant (0)
    MobileMaskTexture = None

Object info:
============
ClassName: MaterialInstanceConstant ObjectName: W_MeshDeco12_130010

    ScalarParameterValues[5] =
    {
        ScalarParameterValues[0] = { ParameterName=Normal_Off(0), ParameterValue=0 }
        ScalarParameterValues[1] = { ParameterName=Mask_Alpha_On, ParameterValue=0 }
        ScalarParameterValues[2] = { ParameterName=Mask_Alpha_power, ParameterValue=0 }
        ScalarParameterValues[3] = { ParameterName=PowerExp, ParameterValue=1 }
        ScalarParameterValues[4] = { ParameterName=Lerp_change, ParameterValue=1 }
    }
    TextureParameterValues[6] =
    {
        TextureParameterValues[0] = { ParameterName=FX_Mask, ParameterValue=Texture2D'130010_FX_mask' }
        TextureParameterValues[1] = { ParameterName=Normal, ParameterValue=Texture2D'Dragon_body_outside_NRM' }
        TextureParameterValues[2] = { ParameterName=Tex_Panner, ParameterValue=Texture2D'Gradient_Line_R' }
        TextureParameterValues[3] = { ParameterName=Noise1, ParameterValue=Texture2D'Gradient_004' }
        TextureParameterValues[4] = { ParameterName=Noise3, ParameterValue=Texture2D'Noise_006' }
        TextureParameterValues[5] = { ParameterName=Noise2, ParameterValue=Texture2D'Ref_Cool' }
    }
    VectorParameterValues[4] =
    {
        VectorParameterValues[0] =
        {
            ParameterName = Mask_power_RGB
            ParameterValue = { R=1, G=1, B=1, A=1 }
        }
        VectorParameterValues[1] =
        {
            ParameterName = Mask_RGB
            ParameterValue = { R=1, G=1, B=1, A=1 }
        }
        VectorParameterValues[2] =
        {
            ParameterName = 000
            ParameterValue = { R=0.5, G=1, B=0, A=1 }
        }
        VectorParameterValues[3] =
        {
            ParameterName = Color
            ParameterValue = { R=0.715466, G=0.560499, B=0.334458, A=1 }
        }
    }
    Parent = Material3'W_MeshDeco12'
    FlattenedTexture = None
    MobileBaseTexture = None
    MobileNormalTexture = None
    bUseMobileSpecular = false
    MobileSpecularPower = 16
    MobileSpecularMask = MSM_Constant (0)
    MobileMaskTexture = None

Object info:
============
ClassName: SkeletalMesh3 ObjectName: 130010_Autoscale

    LODInfo[1] =
    {
        LODInfo[0] =
        {
            DisplayFactor = 0
            LODHysteresis = 0.02
            LODMaterialMap[0] = {}
            bEnableShadowCasting[1] = { true }
        }
    }
    Sockets[3] =
    {
        Sockets[0] = SkeletalMeshSocket'130010_Autoscale.SkeletalMeshSocket_152'
        Sockets[1] = SkeletalMeshSocket'130010_Autoscale.SkeletalMeshSocket_156'
        Sockets[2] = SkeletalMeshSocket'130010_Autoscale.SkeletalMeshSocket_176'
    }
    bHasVertexColors = false
    EnableTwistBoneFixers = true
    EnableClavicleFixer = true
    Materials[1] = { MaterialInstanceConstant'col15' }


    Lods[1] =
    {
        Lods[0] =
        {
            Sections[1] =
            {
                Sections[0] = { Material=MaterialInstanceConstant'col15', FirstIndex=0, NumFaces=2988 }
            }
            NumVerts = 2617
            IndexCount = 8964
            NumTexCoords = 1
        }
    }
    LodCount = 1
    MeshOrigin = { X=-0, Y=-0, Z=-0 }
    MeshScale = { X=1, Y=1, Z=1 }
    RotOrigin = { Yaw=0, Pitch=0, Roll=0 }
    BoneCount = 3

Object info:
============
ClassName: SkeletalMeshSocket ObjectName: SkeletalMeshSocket_152

    SocketName = FX_Add_Trail
    BoneName = WeaponPivot
    RelativeLocation = { X=0, Y=0, Z=-4 }
    RelativeRotation = { Yaw=0, Pitch=0, Roll=0 }
    RelativeScale = { X=3, Y=3, Z=1.8 }

Object info:
============
ClassName: SkeletalMeshSocket ObjectName: SkeletalMeshSocket_156

    SocketName = FX_Add
    BoneName = WeaponPivot
    RelativeLocation = { X=0, Y=0, Z=0 }
    RelativeRotation = { Yaw=0, Pitch=0, Roll=0 }
    RelativeScale = { X=1, Y=1, Z=1 }

Object info:
============
ClassName: SkeletalMeshSocket ObjectName: SkeletalMeshSocket_176

    SocketName = Fx_Add2
    BoneName = WeaponPivot
    RelativeLocation = { X=0, Y=0, Z=0 }
    RelativeRotation = { Yaw=0, Pitch=0, Roll=0 }
    RelativeScale = { X=2.5, Y=2.5, Z=2 }

Object info:
============
ClassName: StaticMesh3 ObjectName: 130010_deco1

    BodySetup = None
    UseSimpleLineCollision = false
    UseSimpleBoxCollision = false
    UseSimpleRigidBodyCollision = false
    UseFullPrecisionUVs = false
    Bounds =
    {
        Origin = { X=-0.0563002, Y=0.00665045, Z=21.0026 }
        BoxExtent = { X=13.4025, Y=5.59745, Z=44.4347 }
        SphereRadius = 44.5473
    }
    CanCompressPositions = false
    CanStripNormalsAndTangents = false
    InternalVersion = 18


    Lods[1] =
    {
        Lods[0] =
        {
            Sections[1] =
            {
                Sections[0] = { Material=Material3'001_Mesh_Default_MatM', FirstIndex=0, NumFaces=1840 }
            }
            NumVerts = 3566
            IndexCount = 5520
            NumTexCoords = 1
        }
    }
    LodCount = 1

Object info:
============
ClassName: StaticMesh3 ObjectName: 130010_deco2

    BodySetup = None
    UseSimpleLineCollision = false
    UseSimpleBoxCollision = false
    UseSimpleRigidBodyCollision = false
    UseFullPrecisionUVs = false
    Bounds =
    {
        Origin = { X=-0.0563002, Y=0.00664997, Z=46.3708 }
        BoxExtent = { X=12.3263, Y=1.75505, Z=39.604 }
        SphereRadius = 40.0755
    }
    CanCompressPositions = false
    CanStripNormalsAndTangents = false
    InternalVersion = 18


    Lods[1] =
    {
        Lods[0] =
        {
            Sections[1] =
            {
                Sections[0] = { Material=Material3'001_Mesh_Default_MatM', FirstIndex=0, NumFaces=316 }
            }
            NumVerts = 468
            IndexCount = 948
            NumTexCoords = 1
        }
    }
    LodCount = 1

Object info:
============
ClassName: StaticMesh3 ObjectName: 130010_deco3

    BodySetup = None
    UseSimpleLineCollision = false
    UseSimpleBoxCollision = false
    UseSimpleRigidBodyCollision = false
    UseFullPrecisionUVs = false
    Bounds =
    {
        Origin = { X=3.6879, Y=0.00664997, Z=6.2513 }
        BoxExtent = { X=9.0572, Y=4.63515, Z=20.0652 }
        SphereRadius = 20.5919
    }
    CanCompressPositions = false
    CanStripNormalsAndTangents = false
    InternalVersion = 18


    Lods[1] =
    {
        Lods[0] =
        {
            Sections[1] =
            {
                Sections[0] = { Material=Material3'001_Mesh_Default_MatM', FirstIndex=0, NumFaces=832 }
            }
            NumVerts = 1192
            IndexCount = 2496
            NumTexCoords = 1
        }
    }
    LodCount = 1

Object info:
============
ClassName: Texture2D ObjectName: 130010_FX_mask

    SizeX = 1024
    SizeY = 512
    Format = PF_DXT1 (5)
    AddressX = TA_Wrap (0)
    AddressY = TA_Wrap (0)
    TextureFileCacheName = None
    MipTailBaseIdx = 10
    bForcePVRTC4 = false
    UnpackMin[4] = { 0, 0, 0, 0 }
    UnpackMax[4] = { 1, 1, 1, 1 }
