Found 32768 game files (1766 skipped)
Loading package: 00052629.upk Ver: 573/1 Engine: 4205 Names: 144 Exports: 55 Imports: 14 Game: 801A
Loading SkeletalMesh3 TaiwanfoxEvolve from package 00052629.upk
WARNING: FloatProperty "USkeletalMesh3::AnimNameHeight" was not found
WARNING: FloatProperty "USkeletalMesh3::NormalNameHeight" was not found
WARNING: FloatProperty "USkeletalMesh3::LowNameHeight" was not found
WARNING: ByteProperty "USkeletalMesh3::ItemPreviewLocType" was not found
Loading package: 00052631.upk Ver: 573/1 Engine: 4205 Names: 103 Exports: 3 Imports: 26 Game: 801A
Loading MaterialInstanceConstant col1 from package 00052631.upk
Loading package: 00052627.upk Ver: 573/1 Engine: 4205 Names: 30 Exports: 4 Imports: 2 Game: 801A
Loading package: 00052630.upk Ver: 573/1 Engine: 4205 Names: 22 Exports: 2 Imports: 2 Game: 801A
Loading package: 00002640.upk Ver: 573/1 Engine: 4205 Names: 291 Exports: 507 Imports: 3 Game: 801A
Loading package: 00002620.upk Ver: 573/1 Engine: 4205 Names: 576 Exports: 7687 Imports: 96 Game: 801A
Loading MaterialInstanceConstant col1_fur from package 00052631.upk
Loading package: 00012963.upk Ver: 573/1 Engine: 4205 Names: 1386 Exports: 1362 Imports: 10 Game: 801A
Loading MaterialInstanceConstant fur_mat from package 00052631.upk
Loading package: 00030043.upk Ver: 573/1 Engine: 4205 Names: 35 Exports: 7 Imports: 2 Game: 801A
Loading Texture2D Taiwanfox_Col1_N from package 00052627.upk
Loading Texture2D Taiwanfox_Col1_M from package 00052627.upk
Loading Texture2D TaiwanfoxEvolve_Col1_D from package 00052630.upk
Loading Texture2D TaiwanfoxEvolve_Col1_S from package 00052630.upk
Loading TextureCube cube_orb from package 00002640.upk
Loading Texture2D check from package 00002620.upk
Loading Material3 Basic from package 00002620.upk
Loading Texture2D Smoke_Pattern_001 from package 00012963.upk
Loading Material3 Fur from package 00002620.upk
Loading Texture2D fur_N from package 00030043.upk
Loading Texture2D fur_D from package 00030043.upk
Loading Texture2D fur_S from package 00030043.upk
Loading TextureCube Cube_D from package 00002640.upk
Loading Texture2D CubemapFace0 from package 00002640.upk
Loading Texture2D CubemapFace1 from package 00002640.upk
Loading Texture2D CubemapFace2 from package 00002640.upk
Loading Texture2D CubemapFace3 from package 00002640.upk
Loading Texture2D CubemapFace4 from package 00002640.upk
Loading Texture2D CubemapFace5 from package 00002640.upk
Loading Texture2D check_n from package 00002620.upk
Loading Texture2D Gradient_Line_003 from package 00012963.upk
Loading Texture2D Gradient_Wipe_BurnOut_Mask_TEST from package 00012963.upk
Loading Texture2D Gradient_Wipe_BurnOut_Mask from package 00012963.upk
Loading Texture2D Noise_Glass_000 from package 00012963.upk
Loading Texture2D CubemapFace0 from package 00002640.upk
Loading Texture2D CubemapFace1 from package 00002640.upk
Loading Texture2D CubemapFace2 from package 00002640.upk
Loading Texture2D CubemapFace3 from package 00002640.upk
Loading Texture2D CubemapFace4 from package 00002640.upk
Loading Texture2D CubemapFace5 from package 00002640.upk
Loaded in 0.19 sec, 3401 allocs, 2.43 MBytes serialized in 304946 calls.

Object info:
============
ClassName: SkeletalMesh3 ObjectName: TaiwanfoxEvolve

    LODInfo[1] =
    {
        LODInfo[0] =
        {
            DisplayFactor = 0
            LODHysteresis = 0.02
            LODMaterialMap[0] = {}
            bEnableShadowCasting[3] = { true, true, true }
        }
    }
    Sockets[0] = {}
    bHasVertexColors = false
    EnableTwistBoneFixers = true
    EnableClavicleFixer = true
    Materials[3] =
    {
        Materials[0] = MaterialInstanceConstant'col1'
        Materials[1] = MaterialInstanceConstant'col1_fur'
        Materials[2] = MaterialInstanceConstant'fur_mat'
    }


    Lods[1] =
    {
        Lods[0] =
        {
            Sections[3] =
            {
                Sections[0] = { Material=MaterialInstanceConstant'col1_fur', FirstIndex=0, NumFaces=1912 }
                Sections[1] = { Material=MaterialInstanceConstant'col1', FirstIndex=5736, NumFaces=2632 }
                Sections[2] = { Material=MaterialInstanceConstant'fur_mat', FirstIndex=13632, NumFaces=180 }
            }
            NumVerts = 3060
            IndexCount = 14172
            NumTexCoords = 1
        }
    }
    LodCount = 1
    MeshOrigin = { X=-0, Y=-0, Z=-0 }
    MeshScale = { X=1, Y=1, Z=1 }
    RotOrigin = { Yaw=0, Pitch=0, Roll=0 }
    BoneCount = 61
