Found 32768 game files (1766 skipped)
Loading package: 00051904.upk Ver: 573/1 Engine: 4205 Names: 99 Exports: 13 Imports: 18 Game: 801A
Loading SkeletalMesh3 990258_AncientMechaMonk from package 00051904.upk
WARNING: ObjectProperty "USkeletalMesh3::PhysMaterialOverride" was not found
WARNING: BoolProperty "USkeletalMesh3::bUseAutoAnimset" was not found
WARNING: ByteProperty "USkeletalMesh3::ItemPreviewLocType" was not found
Loading package: 00051905.upk Ver: 573/1 Engine: 4205 Names: 95 Exports: 1 Imports: 22 Game: 801A
Loading SkeletalMeshSocket SkeletalMeshSocket_104 from package 00051904.upk
Loading SkeletalMeshSocket SkeletalMeshSocket_105 from package 00051904.upk
Loading MaterialInstanceConstant col1 from package 00051905.upk
Loading package: 00050159.upk Ver: 573/1 Engine: 4205 Names: 34 Exports: 6 Imports: 2 Game: 801A
Loading package: 00002640.upk Ver: 573/1 Engine: 4205 Names: 291 Exports: 507 Imports: 3 Game: 801A
Loading package: 00050160.upk Ver: 573/1 Engine: 4205 Names: 174 Exports: 159 Imports: 47 Game: 801A
Loading Texture2D 990305_Autoscale_col1_N from package 00050159.upk
Loading Texture2D 990305_Autoscale_col1_M from package 00050159.upk
Loading Texture2D 990305_Autoscale_col1_D from package 00050159.upk
Loading Texture2D 990305_Autoscale_col1_S from package 00050159.upk
Loading TextureCube lenscube from package 00002640.upk
Loading Texture2D 990305_Autoscale_col1_E from package 00050159.upk
Loading Texture2D 990305_Autoscale_col1_FX from package 00050159.upk
Loading Material3 Basic_FX from package 00050160.upk
Loading package: 00002620.upk Ver: 573/1 Engine: 4205 Names: 576 Exports: 7687 Imports: 96 Game: 801A
Loading package: 00012963.upk Ver: 573/1 Engine: 4205 Names: 1386 Exports: 1362 Imports: 10 Game: 801A
Loading Texture2D CubemapFace0 from package 00002640.upk
Loading Texture2D CubemapFace1 from package 00002640.upk
Loading Texture2D CubemapFace2 from package 00002640.upk
Loading Texture2D CubemapFace3 from package 00002640.upk
Loading Texture2D CubemapFace4 from package 00002640.upk
Loading Texture2D CubemapFace5 from package 00002640.upk
Loading Texture2D check_n from package 00002620.upk
Loading Texture2D check from package 00002620.upk
Loading Texture2D Smoke_Pattern_001 from package 00012963.upk
Loading Texture2D Gradient_Line_003 from package 00012963.upk
Loading Texture2D Gradient_Wipe_BurnOut_Mask_TEST from package 00012963.upk
Loading Texture2D Gradient_Wipe_BurnOut_Mask from package 00012963.upk
Loaded in 0.16 sec, 3267 allocs, 3.29 MBytes serialized in 269998 calls.

Object info:
============
ClassName: SkeletalMesh3 ObjectName: 990258_AncientMechaMonk

    LODInfo[1] =
    {
        LODInfo[0] =
        {
            DisplayFactor = 0
            LODHysteresis = 0.02
            LODMaterialMap[0] = {}
            bEnableShadowCasting[1] = { true }
        }
    }
    Sockets[2] =
    {
        Sockets[0] = SkeletalMeshSocket'990258_AncientMechaMonk.SkeletalMeshSocket_104'
        Sockets[1] = SkeletalMeshSocket'990258_AncientMechaMonk.SkeletalMeshSocket_105'
    }
    bHasVertexColors = false
    EnableTwistBoneFixers = true
    EnableClavicleFixer = true
    Materials[1] = { MaterialInstanceConstant'col1' }


    Lods[1] =
    {
        Lods[0] =
        {
            Sections[1] =
            {
                Sections[0] = { Material=MaterialInstanceConstant'col1', FirstIndex=0, NumFaces=2462 }
            }
            NumVerts = 2662
            IndexCount = 7386
            NumTexCoords = 1
        }
    }
    LodCount = 1
    MeshOrigin = { X=-0, Y=-0, Z=-0 }
    MeshScale = { X=1, Y=1, Z=1 }
    RotOrigin = { Yaw=0, Pitch=0, Roll=0 }
    BoneCount = 7

Object info:
============
ClassName: SkeletalMeshSocket ObjectName: SkeletalMeshSocket_104

    SocketName = trail_start
    BoneName = Bone_Weapon02
    RelativeLocation = { X=101.5, Y=0, Z=0 }
    RelativeRotation = { Yaw=0, Pitch=0, Roll=0 }
    RelativeScale = { X=1, Y=1, Z=1 }

Object info:
============
ClassName: SkeletalMeshSocket ObjectName: SkeletalMeshSocket_105

    SocketName = trail_end
    BoneName = Bone_Weapon02
    RelativeLocation = { X=67.25, Y=0, Z=0 }
    RelativeRotation = { Yaw=0, Pitch=0, Roll=0 }
    RelativeScale = { X=1, Y=1, Z=1 }
