Found 32768 game files (1766 skipped)
Loading package: 00056608.upk Ver: 573/1 Engine: 4205 Names: 72 Exports: 1 Imports: 16 Game: 801A
Loading MaterialInstanceConstant Gadget_TouchLight_MAT from package 00056608.upk
check for Env_049_NEnv_049_D in 00056608
WARNING: Import(Gadget_Object.Env_049_NEnv_049_D) was not found
check for Env_049_DEnv_049_D in 00056608
WARNING: Import(Gadget_Object.Env_049_DEnv_049_D) was not found
check for Env_049_SEnv_049_D in 00056608
WARNING: Import(Gadget_Object.Env_049_SEnv_049_D) was not found
Loading package: 00002620.upk Ver: 573/1 Engine: 4205 Names: 576 Exports: 7687 Imports: 96 Game: 801A
Loading Material3 Basic from package 00002620.upk
Loading package: 00012963.upk Ver: 573/1 Engine: 4205 Names: 1386 Exports: 1362 Imports: 10 Game: 801A
Loading Texture2D check_n from package 00002620.upk
Loading Texture2D check from package 00002620.upk
Loading Texture2D Smoke_Pattern_001 from package 00012963.upk
Loading Texture2D Gradient_Line_003 from package 00012963.upk
Loading Texture2D Gradient_Wipe_BurnOut_Mask_TEST from package 00012963.upk
Loading Texture2D Gradient_Wipe_BurnOut_Mask from package 00012963.upk
Loaded in 0.043 sec, 2216 allocs, 0.79 MBytes serialized in 171232 calls.

Object info:
============
ClassName: MaterialInstanceConstant ObjectName: Gadget_TouchLight_MAT

    ScalarParameterValues[2] =
    {
        ScalarParameterValues[0] = { ParameterName=Glossiness1, ParameterValue=30 }
        ScalarParameterValues[1] = { ParameterName=Specular_value, ParameterValue=20 }
    }
    TextureParameterValues[3] =
    {
        TextureParameterValues[0] = { ParameterName=Normal, ParameterValue=None }
        TextureParameterValues[1] = { ParameterName=Diffuse, ParameterValue=None }
        TextureParameterValues[2] = { ParameterName=Specular, ParameterValue=None }
    }
    VectorParameterValues[0] = {}
    Parent = Material3'Basic'
    FlattenedTexture = None
    MobileBaseTexture = None
    MobileNormalTexture = None
    bUseMobileSpecular = false
    MobileSpecularPower = 16
    MobileSpecularMask = MSM_Constant (0)
    MobileMaskTexture = None
