Found 32768 game files (1766 skipped)
Loading package: 00058158.upk Ver: 573/1 Engine: 4205 Names: 454 Exports: 1745 Imports: 155 Game: 801A
Loading MaterialInstanceConstant 010372_Glove_Edge_MI from package 00058158.upk
Loading package: 00012963.upk Ver: 573/1 Engine: 4205 Names: 1386 Exports: 1362 Imports: 10 Game: 801A
Loading package: 00058038.upk Ver: 573/1 Engine: 4205 Names: 33 Exports: 5 Imports: 2 Game: 801A
Loading package: 00033634.upk Ver: 573/1 Engine: 4205 Names: 520 Exports: 1136 Imports: 198 Game: 801A
Loading MaterialInstanceConstant 010372_Glove_EE_MI from package 00058158.upk
Loading package: 00058160.upk Ver: 573/1 Engine: 4205 Names: 33 Exports: 5 Imports: 2 Game: 801A
Loading package: 00058037.upk Ver: 573/1 Engine: 4205 Names: 548 Exports: 1797 Imports: 205 Game: 801A
Loading MaterialInstanceConstant 010372_Glove_Mesh from package 00058158.upk
Loading package: 00048300.upk Ver: 573/1 Engine: 4205 Names: 840 Exports: 8203 Imports: 226 Game: 801A
Loading SkeletalMesh3 020366_Autoscale_L from package 00058158.upk
WARNING: ObjectProperty "USkeletalMesh3::MeshFactorSet" was not found
WARNING: ObjectProperty "USkeletalMesh3::PhysMaterialOverride" was not found
WARNING: ByteProperty "USkeletalMesh3::ItemPreviewLocType" was not found
Loading package: 00058159.upk Ver: 573/1 Engine: 4205 Names: 96 Exports: 1 Imports: 23 Game: 801A
Loading SkeletalMesh3 020366_Autoscale_R from package 00058158.upk
WARNING: ObjectProperty "USkeletalMesh3::MeshFactorSet" was not found
WARNING: ObjectProperty "USkeletalMesh3::PhysMaterialOverride" was not found
WARNING: ByteProperty "USkeletalMesh3::ItemPreviewLocType" was not found
Loading SkeletalMeshSocket SkeletalMeshSocket_138 from package 00058158.upk
WARNING: ObjectProperty "USkeletalMeshSocket::DependencyParticleSystem" was not found
WARNING: BoolProperty "USkeletalMeshSocket::bParticleApplyAutoScale" was not found
Loading SkeletalMeshSocket SkeletalMeshSocket_549 from package 00058158.upk
WARNING: ObjectProperty "USkeletalMeshSocket::DependencyParticleSystem" was not found
Loading StaticMesh3 020366_Mesh001 from package 00058158.upk
Loading package: 00012892.upk Ver: 573/1 Engine: 4205 Names: 1108 Exports: 6240 Imports: 380 Game: 801A
Loading StaticMesh3 020366_Mesh001L from package 00058158.upk
Loading StaticMesh3 020366_Mesh001R from package 00058158.upk
Loading StaticMesh3 020366_Mesh002 from package 00058158.upk
Loading StaticMesh3 020366_Mesh002L from package 00058158.upk
Loading StaticMesh3 020366_Mesh002R from package 00058158.upk
Loading Texture2D Gradient_Line_R from package 00012963.upk
Loading Texture2D 010372_Autoscale_col1_D from package 00058038.upk
Loading Material3 T3-5_Sword_edge from package 00033634.upk
WARNING: BoolProperty "UMaterial3::bAcceptRenderDecal" was not found
Loading package: 00028326.upk Ver: 573/1 Engine: 4205 Names: 465 Exports: 907 Imports: 177 Game: 801A
Loading Texture2D 020366_Autoscale_col1_S from package 00058160.upk
Loading Texture2D 020366_Autoscale_col1_D from package 00058160.upk
Loading Material3 010372_Sword_EE from package 00058037.upk
WARNING: BoolProperty "UMaterial3::bAcceptRenderDecal" was not found
Loading package: 00048513.upk Ver: 573/1 Engine: 4205 Names: 32 Exports: 4 Imports: 2 Game: 801A
Loading Texture2D Smoke_Pattern_001 from package 00012963.upk
Loading Texture2D Unique_Stone_001 from package 00012963.upk
Loading Material3 W_Meshdeco08 from package 00048300.upk
WARNING: BoolProperty "UMaterial3::bAcceptRenderDecal" was not found
Loading package: 00002620.upk Ver: 573/1 Engine: 4205 Names: 576 Exports: 7687 Imports: 96 Game: 801A
Loading MaterialInstanceConstant col1 from package 00058159.upk
Loading package: 00002640.upk Ver: 573/1 Engine: 4205 Names: 291 Exports: 507 Imports: 3 Game: 801A
Loading package: 00044949.upk Ver: 573/1 Engine: 4205 Names: 173 Exports: 155 Imports: 46 Game: 801A
Loading Material3 001_Mesh_Default_MatM from package 00012892.upk
WARNING: BoolProperty "UMaterial3::bAcceptRenderDecal" was not found
Loading package: 00023713.upk Ver: 573/1 Engine: 4205 Names: 101 Exports: 81 Imports: 4 Game: 801A
Loading Texture2D Dragon_body_outside_NRM from package 00012963.upk
WARNING: BoolProperty "UTexture2D::bDisableLoadSwitch" was not found
Loading Texture2D Normal_Noise_000 from package 00012963.upk
WARNING: BoolProperty "UTexture2D::bDisableLoadSwitch" was not found
Loading Texture2D Noise_006 from package 00012963.upk
Loading Texture2D Ref_Cool from package 00012963.upk
Loading Texture2D Gradient_004 from package 00012963.upk
Loading Texture2D T3-5_010136_Mask from package 00028326.upk
Loading Texture2D Gradient_Color_RedToOrange_000 from package 00012963.upk
Loading Texture2D Gradient_Color_Rainbow_004 from package 00012963.upk
Loading Texture2D Noise_Plazma_002 from package 00012963.upk
Loading Texture2D Noise_013 from package 00012963.upk
Loading Texture2D 010337_Autoscale_col1_D from package 00048513.upk
Loading Texture2D 010337_Autoscale_col1_S from package 00048513.upk
Loading Texture2D check from package 00002620.upk
Loading Texture2D Gradient_Line_003 from package 00012963.upk
Loading Texture2D Noise_005 from package 00012963.upk
Loading Texture2D Noise_Wave_000 from package 00012963.upk
Loading Texture2D 020366_Autoscale_col1_N from package 00058160.upk
Loading Texture2D 020366_Autoscale_col1_M from package 00058160.upk
Loading TextureCube lenscube from package 00002640.upk
Loading Texture2D 020366_Autoscale_col1_FX from package 00058160.upk
Loading Material3 Basic_FX_Add from package 00044949.upk
Loading package: 00044948.upk Ver: 573/1 Engine: 4205 Names: 33 Exports: 5 Imports: 2 Game: 801A
Loading Texture2D Cube000_Tex from package 00023713.upk
Loading Texture2D CubemapFace0 from package 00002640.upk
Loading Texture2D CubemapFace1 from package 00002640.upk
Loading Texture2D CubemapFace2 from package 00002640.upk
Loading Texture2D CubemapFace3 from package 00002640.upk
Loading Texture2D CubemapFace4 from package 00002640.upk
Loading Texture2D CubemapFace5 from package 00002640.upk
Loading Texture2D check_n from package 00002620.upk
Loading Texture2D Gradient_Wipe_BurnOut_Mask_TEST from package 00012963.upk
Loading Texture2D Gradient_Wipe_BurnOut_Mask from package 00012963.upk
Loading Texture2D 010324_Autoscale_col1_FX from package 00044948.upk
Loaded in 0.37 sec, 8031 allocs, 6.22 MBytes serialized in 1071406 calls.

Object info:
============
ClassName: MaterialInstanceConstant ObjectName: 010372_Glove_Edge_MI

    ScalarParameterValues[2] =
    {
        ScalarParameterValues[0] = { ParameterName=PowerExp, ParameterValue=1 }
        ScalarParameterValues[1] = { ParameterName=Lerp_change, ParameterValue=1 }
    }
    TextureParameterValues[2] =
    {
        TextureParameterValues[0] = { ParameterName=Tex_Panner, ParameterValue=Texture2D'Gradient_Line_R' }
        TextureParameterValues[1] = { ParameterName=Mask, ParameterValue=Texture2D'010372_Autoscale_col1_D' }
    }
    VectorParameterValues[2] =
    {
        VectorParameterValues[0] =
        {
            ParameterName = 000
            ParameterValue = { R=0.5, G=1, B=0, A=1 }
        }
        VectorParameterValues[1] =
        {
            ParameterName = Color
            ParameterValue = { R=0.715466, G=0.560499, B=0.334458, A=0.3 }
        }
    }
    Parent = Material3'T3-5_Sword_edge'
    FlattenedTexture = None
    MobileBaseTexture = None
    MobileNormalTexture = None
    bUseMobileSpecular = false
    MobileSpecularPower = 16
    MobileSpecularMask = MSM_Constant (0)
    MobileMaskTexture = None

Object info:
============
ClassName: MaterialInstanceConstant ObjectName: 010372_Glove_EE_MI

    ScalarParameterValues[0] = {}
    TextureParameterValues[2] =
    {
        TextureParameterValues[0] = { ParameterName=FX_Mask, ParameterValue=Texture2D'020366_Autoscale_col1_S' }
        TextureParameterValues[1] = { ParameterName=D_Alpha, ParameterValue=Texture2D'020366_Autoscale_col1_D' }
    }
    VectorParameterValues[1] =
    {
        VectorParameterValues[0] =
        {
            ParameterName = Value
            ParameterValue = { R=2, G=2, B=0, A=1 }
        }
    }
    Parent = Material3'010372_Sword_EE'
    FlattenedTexture = None
    MobileBaseTexture = None
    MobileNormalTexture = None
    bUseMobileSpecular = false
    MobileSpecularPower = 16
    MobileSpecularMask = MSM_Constant (0)
    MobileMaskTexture = None

Object info:
============
ClassName: MaterialInstanceConstant ObjectName: 010372_Glove_Mesh

    ScalarParameterValues[1] =
    {
        ScalarParameterValues[0] = { ParameterName=Change, ParameterValue=1 }
    }
    TextureParameterValues[3] =
    {
        TextureParameterValues[0] = { ParameterName=FX_Mask, ParameterValue=Texture2D'020366_Autoscale_col1_D' }
        TextureParameterValues[1] = { ParameterName=sample2, ParameterValue=Texture2D'Smoke_Pattern_001' }
        TextureParameterValues[2] = { ParameterName=Sample1, ParameterValue=Texture2D'Unique_Stone_001' }
    }
    VectorParameterValues[8] =
    {
        VectorParameterValues[0] =
        {
            ParameterName = Tex_Mask_switch
            ParameterValue = { R=1, G=0, B=0, A=1 }
        }
        VectorParameterValues[1] =
        {
            ParameterName = Power
            ParameterValue = { R=5, G=1, B=0, A=1 }
        }
        VectorParameterValues[2] =
        {
            ParameterName = dissolve_line_color
            ParameterValue = { R=0.6, G=0.2, B=0, A=1 }
        }
        VectorParameterValues[3] =
        {
            ParameterName = Fx_Glow_power_L
            ParameterValue = { R=1, G=0, B=0, A=1 }
        }
        VectorParameterValues[4] =
        {
            ParameterName = Glow_Trangition_L
            ParameterValue = { R=6, G=0, B=0, A=1 }
        }
        VectorParameterValues[5] =
        {
            ParameterName = Fx_Glow_color_L
            ParameterValue = { R=6, G=2, B=0, A=1 }
        }
        VectorParameterValues[6] =
        {
            ParameterName = Color2
            ParameterValue = { R=1.16667, G=0.7, B=0.166667, A=1 }
        }
        VectorParameterValues[7] =
        {
            ParameterName = Color
            ParameterValue = { R=1.6, G=1.4, B=0.16, A=1 }
        }
    }
    Parent = Material3'W_Meshdeco08'
    FlattenedTexture = None
    MobileBaseTexture = None
    MobileNormalTexture = None
    bUseMobileSpecular = false
    MobileSpecularPower = 16
    MobileSpecularMask = MSM_Constant (0)
    MobileMaskTexture = None

Object info:
============
ClassName: SkeletalMesh3 ObjectName: 020366_Autoscale_L

    LODInfo[1] =
    {
        LODInfo[0] =
        {
            DisplayFactor = 0
            LODHysteresis = 0.02
            LODMaterialMap[0] = {}
            bEnableShadowCasting[1] = { true }
        }
    }
    Sockets[1] = { SkeletalMeshSocket'020366_Autoscale_L.SkeletalMeshSocket_138' }
    bHasVertexColors = false
    EnableTwistBoneFixers = true
    EnableClavicleFixer = true
    Materials[1] = { MaterialInstanceConstant'col1' }


    Lods[1] =
    {
        Lods[0] =
        {
            Sections[1] =
            {
                Sections[0] = { Material=MaterialInstanceConstant'col1', FirstIndex=0, NumFaces=3514 }
            }
            NumVerts = 2526
            IndexCount = 10542
            NumTexCoords = 1
        }
    }
    LodCount = 1
    MeshOrigin = { X=-0, Y=-0, Z=-0 }
    MeshScale = { X=1, Y=1, Z=1 }
    RotOrigin = { Yaw=0, Pitch=0, Roll=0 }
    BoneCount = 15

Object info:
============
ClassName: SkeletalMesh3 ObjectName: 020366_Autoscale_R

    LODInfo[1] =
    {
        LODInfo[0] =
        {
            DisplayFactor = 0
            LODHysteresis = 0.02
            LODMaterialMap[0] = {}
            bEnableShadowCasting[1] = { true }
        }
    }
    Sockets[1] = { SkeletalMeshSocket'020366_Autoscale_R.SkeletalMeshSocket_549' }
    bHasVertexColors = false
    EnableTwistBoneFixers = true
    EnableClavicleFixer = true
    Materials[1] = { MaterialInstanceConstant'col1' }


    Lods[1] =
    {
        Lods[0] =
        {
            Sections[1] =
            {
                Sections[0] = { Material=MaterialInstanceConstant'col1', FirstIndex=0, NumFaces=3520 }
            }
            NumVerts = 2535
            IndexCount = 10560
            NumTexCoords = 1
        }
    }
    LodCount = 1
    MeshOrigin = { X=-0, Y=-0, Z=-0 }
    MeshScale = { X=1, Y=1, Z=1 }
    RotOrigin = { Yaw=0, Pitch=0, Roll=0 }
    BoneCount = 7

Object info:
============
ClassName: SkeletalMeshSocket ObjectName: SkeletalMeshSocket_138

    SocketName = FX_Add
    BoneName = Bip01LHand
    RelativeLocation = { X=0, Y=1.36819, Z=0 }
    RelativeRotation = { Yaw=0, Pitch=0, Roll=0 }
    RelativeScale = { X=1, Y=1, Z=1 }

Object info:
============
ClassName: SkeletalMeshSocket ObjectName: SkeletalMeshSocket_549

    SocketName = FX_Add
    BoneName = Bip01RHand
    RelativeLocation = { X=0, Y=0.711744, Z=0 }
    RelativeRotation = { Yaw=0, Pitch=0, Roll=0 }
    RelativeScale = { X=1, Y=1, Z=1 }

Object info:
============
ClassName: StaticMesh3 ObjectName: 020366_Mesh001

    BodySetup = None
    UseSimpleLineCollision = false
    UseSimpleBoxCollision = false
    UseSimpleRigidBodyCollision = false
    UseFullPrecisionUVs = false
    Bounds =
    {
        Origin = { X=0.840051, Y=-0.50895, Z=-0.1937 }
        BoxExtent = { X=9.68135, Y=4.38415, Z=6.9871 }
        SphereRadius = 12.433
    }
    CanCompressPositions = false
    CanStripNormalsAndTangents = false
    InternalVersion = 18


    Lods[1] =
    {
        Lods[0] =
        {
            Sections[1] =
            {
                Sections[0] = { Material=Material3'001_Mesh_Default_MatM', FirstIndex=0, NumFaces=3514 }
            }
            NumVerts = 5240
            IndexCount = 10542
            NumTexCoords = 3
        }
    }
    LodCount = 1

Object info:
============
ClassName: StaticMesh3 ObjectName: 020366_Mesh001L

    BodySetup = None
    UseSimpleLineCollision = false
    UseSimpleBoxCollision = false
    UseSimpleRigidBodyCollision = false
    UseFullPrecisionUVs = false
    Bounds =
    {
        Origin = { X=-40.5094, Y=41.6002, Z=0.964499 }
        BoxExtent = { X=3.946, Y=3.22545, Z=8.2426 }
        SphereRadius = 8.65344
    }
    CanCompressPositions = false
    CanStripNormalsAndTangents = false
    InternalVersion = 18


    Lods[1] =
    {
        Lods[0] =
        {
            Sections[1] =
            {
                Sections[0] = { Material=Material3'001_Mesh_Default_MatM', FirstIndex=0, NumFaces=1212 }
            }
            NumVerts = 1622
            IndexCount = 3636
            NumTexCoords = 1
        }
    }
    LodCount = 1

Object info:
============
ClassName: StaticMesh3 ObjectName: 020366_Mesh001R

    BodySetup = None
    UseSimpleLineCollision = false
    UseSimpleBoxCollision = false
    UseSimpleRigidBodyCollision = false
    UseFullPrecisionUVs = false
    Bounds =
    {
        Origin = { X=-2.2192, Y=-1.50235, Z=0.5106 }
        BoxExtent = { X=8.3203, Y=2.41215, Z=3.6296 }
        SphereRadius = 8.38791
    }
    CanCompressPositions = false
    CanStripNormalsAndTangents = false
    InternalVersion = 18


    Lods[1] =
    {
        Lods[0] =
        {
            Sections[1] =
            {
                Sections[0] = { Material=Material3'001_Mesh_Default_MatM', FirstIndex=0, NumFaces=1212 }
            }
            NumVerts = 1614
            IndexCount = 3636
            NumTexCoords = 1
        }
    }
    LodCount = 1

Object info:
============
ClassName: StaticMesh3 ObjectName: 020366_Mesh002

    BodySetup = None
    UseSimpleLineCollision = false
    UseSimpleBoxCollision = false
    UseSimpleRigidBodyCollision = false
    UseFullPrecisionUVs = false
    Bounds =
    {
        Origin = { X=0, Y=2.06955, Z=-0.85865 }
        BoxExtent = { X=6.9985, Y=5.41925, Z=6.84545 }
        SphereRadius = 11.0716
    }
    CanCompressPositions = false
    CanStripNormalsAndTangents = false
    InternalVersion = 18


    Lods[1] =
    {
        Lods[0] =
        {
            Sections[1] =
            {
                Sections[0] = { Material=Material3'001_Mesh_Default_MatM', FirstIndex=0, NumFaces=1490 }
            }
            NumVerts = 2188
            IndexCount = 4470
            NumTexCoords = 3
        }
    }
    LodCount = 1

Object info:
============
ClassName: StaticMesh3 ObjectName: 020366_Mesh002L

    BodySetup = None
    UseSimpleLineCollision = false
    UseSimpleBoxCollision = false
    UseSimpleRigidBodyCollision = false
    UseFullPrecisionUVs = false
    Bounds =
    {
        Origin = { X=-1.14955, Y=-1.7988, Z=-0.1937 }
        BoxExtent = { X=7.56245, Y=3.0943, Z=6.9871 }
        SphereRadius = 10.5912
    }
    CanCompressPositions = false
    CanStripNormalsAndTangents = false
    InternalVersion = 18


    Lods[1] =
    {
        Lods[0] =
        {
            Sections[1] =
            {
                Sections[0] = { Material=Material3'001_Mesh_Default_MatM', FirstIndex=0, NumFaces=1352 }
            }
            NumVerts = 1916
            IndexCount = 4056
            NumTexCoords = 3
        }
    }
    LodCount = 1

Object info:
============
ClassName: StaticMesh3 ObjectName: 020366_Mesh002R

    BodySetup = None
    UseSimpleLineCollision = false
    UseSimpleBoxCollision = false
    UseSimpleRigidBodyCollision = false
    UseFullPrecisionUVs = false
    Bounds =
    {
        Origin = { X=-0.9506, Y=0.96315, Z=-0.1937 }
        BoxExtent = { X=7.8906, Y=3.93525, Z=6.9968 }
        SphereRadius = 10.9727
    }
    CanCompressPositions = false
    CanStripNormalsAndTangents = false
    InternalVersion = 18


    Lods[1] =
    {
        Lods[0] =
        {
            Sections[1] =
            {
                Sections[0] = { Material=Material3'001_Mesh_Default_MatM', FirstIndex=0, NumFaces=2052 }
            }
            NumVerts = 3066
            IndexCount = 6156
            NumTexCoords = 3
        }
    }
    LodCount = 1
