Found 32768 game files (1766 skipped)
Loading package: 00051183.upk Ver: 573/1 Engine: 4205 Names: 117 Exports: 1 Imports: 23 Game: 801A
Loading MaterialInstanceConstant col1 from package 00051183.upk
Loading package: 00050278.upk Ver: 573/1 Engine: 4205 Names: 33 Exports: 5 Imports: 2 Game: 801A
Loading package: 00002640.upk Ver: 573/1 Engine: 4205 Names: 291 Exports: 507 Imports: 3 Game: 801A
Loading package: 00012963.upk Ver: 573/1 Engine: 4205 Names: 1386 Exports: 1362 Imports: 10 Game: 801A
Loading package: 00050277.upk Ver: 573/1 Engine: 4205 Names: 205 Exports: 311 Imports: 49 Game: 801A
Loading Texture2D AncientMechScorpion_Col1_N from package 00050278.upk
Loading Texture2D AncientMechScorpion_Col1_M from package 00050278.upk
Loading Texture2D AncientMechScorpion_Col1_D from package 00050278.upk
Loading Texture2D AncientMechScorpion_Col1_S from package 00050278.upk
Loading TextureCube MatelR1 from package 00002640.upk
Loading Texture2D AncientMechScorpion_Col1_E from package 00050278.upk
Loading Texture2D Smoke_Pattern_001 from package 00012963.upk
Loading Texture2D AncientMechScorpion_FX_mask from package 00050277.upk
Loading Material3 Basic_AncientMechScorpion from package 00050277.upk
Loading package: 00002620.upk Ver: 573/1 Engine: 4205 Names: 576 Exports: 7687 Imports: 96 Game: 801A
Loading Texture2D CubemapFace0 from package 00002640.upk
Loading Texture2D CubemapFace1 from package 00002640.upk
Loading Texture2D CubemapFace2 from package 00002640.upk
Loading Texture2D CubemapFace3 from package 00002640.upk
Loading Texture2D CubemapFace4 from package 00002640.upk
Loading Texture2D CubemapFace5 from package 00002640.upk
Loading Texture2D check_n from package 00002620.upk
Loading Texture2D check from package 00002620.upk
Loading Texture2D Noise_Wave_000 from package 00012963.upk
Loading Texture2D Gradient_Line_003 from package 00012963.upk
Loading Texture2D Gradient_Wipe_BurnOut_Mask_TEST from package 00012963.upk
Loading Texture2D Gradient_Wipe_BurnOut_Mask from package 00012963.upk
Loaded in 0.17 sec, 3201 allocs, 8.96 MBytes serialized in 191988 calls.

Object info:
============
ClassName: MaterialInstanceConstant ObjectName: col1

    ScalarParameterValues[11] =
    {
        ScalarParameterValues[0] = { ParameterName=Transmission_value, ParameterValue=0.5 }
        ScalarParameterValues[1] = { ParameterName=Glossiness1, ParameterValue=7 }
        ScalarParameterValues[2] = { ParameterName=Glossiness2, ParameterValue=80 }
        ScalarParameterValues[3] = { ParameterName=Specular_value, ParameterValue=2.5 }
        ScalarParameterValues[4] = { ParameterName=HighLight_Value, ParameterValue=3 }
        ScalarParameterValues[5] = { ParameterName=HighLight_glossiness, ParameterValue=150 }
        ScalarParameterValues[6] = { ParameterName=Emissive_value, ParameterValue=2 }
        ScalarParameterValues[7] = { ParameterName=Emissive_value2, ParameterValue=2 }
        ScalarParameterValues[8] = { ParameterName=Fresnel Value, ParameterValue=1 }
        ScalarParameterValues[9] = { ParameterName=Fresnel exponent, ParameterValue=30 }
        ScalarParameterValues[10] = { ParameterName=FX_Mask_Alpha_R, ParameterValue=0 }
    }
    TextureParameterValues[8] =
    {
        TextureParameterValues[0] = { ParameterName=Normal, ParameterValue=Texture2D'AncientMechScorpion_Col1_N' }
        TextureParameterValues[1] = { ParameterName=Mask_GB, ParameterValue=Texture2D'AncientMechScorpion_Col1_M' }
        TextureParameterValues[2] = { ParameterName=Diffuse, ParameterValue=Texture2D'AncientMechScorpion_Col1_D' }
        TextureParameterValues[3] = { ParameterName=Specular, ParameterValue=Texture2D'AncientMechScorpion_Col1_S' }
        TextureParameterValues[4] = { ParameterName=rf_cube, ParameterValue=TextureCube'MatelR1' }
        TextureParameterValues[5] = { ParameterName=Emissive, ParameterValue=Texture2D'AncientMechScorpion_Col1_E' }
        TextureParameterValues[6] = { ParameterName=Mask_FX_Texture, ParameterValue=Texture2D'Smoke_Pattern_001' }
        TextureParameterValues[7] = { ParameterName=FX_Mask, ParameterValue=Texture2D'AncientMechScorpion_FX_mask' }
    }
    VectorParameterValues[20] =
    {
        VectorParameterValues[0] =
        {
            ParameterName = AC_color
            ParameterValue = { R=1, G=1, B=1, A=1 }
        }
        VectorParameterValues[1] =
        {
            ParameterName = Mesh_trangition
            ParameterValue = { R=0, G=0, B=0, A=1 }
        }
        VectorParameterValues[2] =
        {
            ParameterName = AC_specular
            ParameterValue = { R=1, G=1, B=1, A=1 }
        }
        VectorParameterValues[3] =
        {
            ParameterName = Reflection_value
            ParameterValue = { R=0.63878, G=0.275833, B=0.032876, A=1 }
        }
        VectorParameterValues[4] =
        {
            ParameterName = HighLight_Color
            ParameterValue = { R=1, G=1, B=1, A=1 }
        }
        VectorParameterValues[5] =
        {
            ParameterName = Fresnel_color
            ParameterValue = { R=0, G=0, B=0, A=1 }
        }
        VectorParameterValues[6] =
        {
            ParameterName = Fresnel_Power
            ParameterValue = { R=0, G=0, B=0, A=1 }
        }
        VectorParameterValues[7] =
        {
            ParameterName = Burn_Color
            ParameterValue = { R=0, G=0, B=0, A=1 }
        }
        VectorParameterValues[8] =
        {
            ParameterName = Fx_Glow_power
            ParameterValue = { R=1, G=0, B=0, A=1 }
        }
        VectorParameterValues[9] =
        {
            ParameterName = Glow_Trangition
            ParameterValue = { R=12, G=0, B=0, A=1 }
        }
        VectorParameterValues[10] =
        {
            ParameterName = Fx_Glow_color
            ParameterValue = { R=0, G=0, B=0, A=1 }
        }
        VectorParameterValues[11] =
        {
            ParameterName = Fx_Glow_power_A
            ParameterValue = { R=0, G=0, B=0, A=1 }
        }
        VectorParameterValues[12] =
        {
            ParameterName = Glow_Trangition_A
            ParameterValue = { R=0, G=0, B=0, A=1 }
        }
        VectorParameterValues[13] =
        {
            ParameterName = Tex_Mask_switch
            ParameterValue = { R=0, G=0, B=1, A=1 }
        }
        VectorParameterValues[14] =
        {
            ParameterName = Fx_Glow_color_A
            ParameterValue = { R=0, G=0, B=0, A=1 }
        }
        VectorParameterValues[15] =
        {
            ParameterName = Emissive_value3
            ParameterValue = { R=0, G=0, B=0, A=1 }
        }
        VectorParameterValues[16] =
        {
            ParameterName = Tex_Emissive_switch
            ParameterValue = { R=0, G=0, B=1, A=1 }
        }
        VectorParameterValues[17] =
        {
            ParameterName = Fx_Emissive_color
            ParameterValue = { R=0, G=0, B=0, A=1 }
        }
        VectorParameterValues[18] =
        {
            ParameterName = FX_Mask_RGB
            ParameterValue = { R=0, G=0, B=0, A=1 }
        }
        VectorParameterValues[19] =
        {
            ParameterName = tex_change_value
            ParameterValue = { R=1, G=0, B=1, A=1 }
        }
    }
    Parent = Material3'Basic_AncientMechScorpion'
    FlattenedTexture = None
    MobileBaseTexture = None
    MobileNormalTexture = None
    bUseMobileSpecular = false
    MobileSpecularPower = 16
    MobileSpecularMask = MSM_Constant (0)
    MobileMaskTexture = None
