Found 32768 game files (1766 skipped)
Loading package: 00051047.upk Ver: 573/1 Engine: 4205 Names: 65 Exports: 7 Imports: 12 Game: 801A
Loading SkeletalMesh3 990316_Autoscale from package 00051047.upk
WARNING: ObjectProperty "USkeletalMesh3::PhysMaterialOverride" was not found
Loading package: 00051046.upk Ver: 573/1 Engine: 4205 Names: 89 Exports: 1 Imports: 19 Game: 801A
Loading SkeletalMeshSocket SkeletalMeshSocket_139 from package 00051047.upk
Loading SkeletalMeshSocket SkeletalMeshSocket_140 from package 00051047.upk
Loading MaterialInstanceConstant col1 from package 00051046.upk
Loading package: 00051045.upk Ver: 573/1 Engine: 4205 Names: 30 Exports: 4 Imports: 2 Game: 801A
Loading package: 00002640.upk Ver: 573/1 Engine: 4205 Names: 291 Exports: 507 Imports: 3 Game: 801A
Loading package: 00002620.upk Ver: 573/1 Engine: 4205 Names: 576 Exports: 7687 Imports: 96 Game: 801A
Loading Texture2D 990316_Autoscale_col1_N from package 00051045.upk
Loading Texture2D 990316_Autoscale_col1_M from package 00051045.upk
Loading Texture2D 990316_Autoscale_col1_D from package 00051045.upk
Loading Texture2D 990316_Autoscale_col1_S from package 00051045.upk
Loading TextureCube lenscube from package 00002640.upk
Loading Texture2D check from package 00002620.upk
Loading Material3 Basic from package 00002620.upk
Loading package: 00012963.upk Ver: 573/1 Engine: 4205 Names: 1386 Exports: 1362 Imports: 10 Game: 801A
Loading Texture2D CubemapFace0 from package 00002640.upk
Loading Texture2D CubemapFace1 from package 00002640.upk
Loading Texture2D CubemapFace2 from package 00002640.upk
Loading Texture2D CubemapFace3 from package 00002640.upk
Loading Texture2D CubemapFace4 from package 00002640.upk
Loading Texture2D CubemapFace5 from package 00002640.upk
Loading Texture2D check_n from package 00002620.upk
Loading Texture2D Smoke_Pattern_001 from package 00012963.upk
Loading Texture2D Gradient_Line_003 from package 00012963.upk
Loading Texture2D Gradient_Wipe_BurnOut_Mask_TEST from package 00012963.upk
Loading Texture2D Gradient_Wipe_BurnOut_Mask from package 00012963.upk
Loaded in 0.13 sec, 2973 allocs, 2.24 MBytes serialized in 233364 calls.

Object info:
============
ClassName: SkeletalMesh3 ObjectName: 990316_Autoscale

    LODInfo[1] =
    {
        LODInfo[0] =
        {
            DisplayFactor = 0
            LODHysteresis = 0.02
            LODMaterialMap[0] = {}
            bEnableShadowCasting[1] = { true }
        }
    }
    Sockets[2] =
    {
        Sockets[0] = SkeletalMeshSocket'990316_Autoscale.SkeletalMeshSocket_139'
        Sockets[1] = SkeletalMeshSocket'990316_Autoscale.SkeletalMeshSocket_140'
    }
    bHasVertexColors = false
    EnableTwistBoneFixers = true
    EnableClavicleFixer = true
    Materials[1] = { MaterialInstanceConstant'col1' }


    Lods[1] =
    {
        Lods[0] =
        {
            Sections[1] =
            {
                Sections[0] = { Material=MaterialInstanceConstant'col1', FirstIndex=0, NumFaces=2136 }
            }
            NumVerts = 1470
            IndexCount = 6408
            NumTexCoords = 1
        }
    }
    LodCount = 1
    MeshOrigin = { X=-0, Y=-0, Z=-0 }
    MeshScale = { X=1, Y=1, Z=1 }
    RotOrigin = { Yaw=0, Pitch=0, Roll=0 }
    BoneCount = 1

Object info:
============
ClassName: SkeletalMeshSocket ObjectName: SkeletalMeshSocket_139

    SocketName = trail_start
    BoneName = Weapon_Root
    RelativeLocation = { X=9.25, Y=0, Z=26.25 }
    RelativeRotation = { Yaw=0, Pitch=0, Roll=0 }
    RelativeScale = { X=1, Y=1, Z=1 }

Object info:
============
ClassName: SkeletalMeshSocket ObjectName: SkeletalMeshSocket_140

    SocketName = trail_end
    BoneName = Weapon_Root
    RelativeLocation = { X=9, Y=0, Z=48.25 }
    RelativeRotation = { Yaw=0, Pitch=0, Roll=0 }
    RelativeScale = { X=1, Y=1, Z=1 }
