Found 32768 game files (1766 skipped)
Loading package: 00058637.upk Ver: 573/1 Engine: 4205 Names: 370 Exports: 384 Imports: 146 Game: 801A
Loading MaterialInstanceConstant W_MeshDeco01_130061 from package 00058637.upk
Loading package: 00049165.upk Ver: 573/1 Engine: 4205 Names: 32 Exports: 4 Imports: 2 Game: 801A
Loading package: 00049164.upk Ver: 573/1 Engine: 4205 Names: 472 Exports: 706 Imports: 177 Game: 801A
Loading MaterialInstanceConstant W_MEshDeco05_130061 from package 00058637.upk
Loading package: 00048300.upk Ver: 573/1 Engine: 4205 Names: 840 Exports: 8203 Imports: 226 Game: 801A
Loading MaterialInstanceConstant W_MeshDeco13_130061 from package 00058637.upk
Loading package: 00012963.upk Ver: 573/1 Engine: 4205 Names: 1386 Exports: 1362 Imports: 10 Game: 801A
Loading package: 00058638.upk Ver: 573/1 Engine: 4205 Names: 32 Exports: 4 Imports: 2 Game: 801A
Loading SkeletalMesh3 130061_Autoscale from package 00058637.upk
WARNING: ObjectProperty "USkeletalMesh3::MeshFactorSet" was not found
WARNING: ObjectProperty "USkeletalMesh3::PhysMaterialOverride" was not found
Loading package: 00058639.upk Ver: 573/1 Engine: 4205 Names: 89 Exports: 1 Imports: 19 Game: 801A
Loading SkeletalMeshSocket SkeletalMeshSocket_192 from package 00058637.upk
WARNING: ObjectProperty "USkeletalMeshSocket::DependencyParticleSystem" was not found
Loading SkeletalMeshSocket SkeletalMeshSocket_196 from package 00058637.upk
WARNING: ObjectProperty "USkeletalMeshSocket::DependencyParticleSystem" was not found
Loading StaticMesh3 130061_deco02 from package 00058637.upk
Loading package: 00012892.upk Ver: 573/1 Engine: 4205 Names: 1108 Exports: 6240 Imports: 380 Game: 801A
Loading Texture2D 010335_Autoscale_col1_D from package 00049165.upk
Loading Material3 FX_deco from package 00049164.upk
WARNING: BoolProperty "UMaterial3::bAcceptRenderDecal" was not found
Loading package: 00038770.upk Ver: 573/1 Engine: 4205 Names: 403 Exports: 594 Imports: 140 Game: 801A
Loading Material3 W_MeshDeco05_outline from package 00048300.upk
Loading package: 00002620.upk Ver: 573/1 Engine: 4205 Names: 576 Exports: 7687 Imports: 96 Game: 801A
Loading Texture2D Normal_Noise_003 from package 00012963.upk
WARNING: BoolProperty "UTexture2D::bDisableLoadSwitch" was not found
Loading Texture2D Noise_005 from package 00012963.upk
Loading Texture2D 130061_Autoscale_col1_D from package 00058638.upk
Loading Material3 W_MeshDeco13 from package 00048300.upk
Loading MaterialInstanceConstant col1 from package 00058639.upk
Loading package: 00002640.upk Ver: 573/1 Engine: 4205 Names: 291 Exports: 507 Imports: 3 Game: 801A
Loading Material3 001_Mesh_Default_MatM from package 00012892.upk
WARNING: BoolProperty "UMaterial3::bAcceptRenderDecal" was not found
Loading package: 00023713.upk Ver: 573/1 Engine: 4205 Names: 101 Exports: 81 Imports: 4 Game: 801A
Loading Texture2D Noise_006 from package 00012963.upk
Loading Texture2D Noise_Plazma_002 from package 00012963.upk
Loading Texture2D Gradient_Line_R from package 00012963.upk
Loading Texture2D Ref_Cool from package 00012963.upk
Loading Texture2D Unique_Stone_001 from package 00012963.upk
Loading Texture2D Gradient_Flow_000 from package 00012963.upk
Loading Texture2D Noise_013 from package 00012963.upk
Loading Texture2D FX_Mask from package 00038770.upk
Loading Texture2D Noise_Wave_000 from package 00012963.upk
Loading Texture2D check from package 00002620.upk
Loading Texture2D Gradient_Beam_004 from package 00012963.upk
Loading Texture2D 130061_Autoscale_col1_N from package 00058638.upk
Loading Texture2D 130061_Autoscale_col1_M from package 00058638.upk
Loading Texture2D 130061_Autoscale_col1_S from package 00058638.upk
Loading TextureCube eye1 from package 00002640.upk
Loading Material3 Basic from package 00002620.upk
Loading Texture2D Cube000_Tex from package 00023713.upk
Loading Texture2D CubemapFace0 from package 00002640.upk
Loading Texture2D CubemapFace1 from package 00002640.upk
Loading Texture2D CubemapFace2 from package 00002640.upk
Loading Texture2D CubemapFace3 from package 00002640.upk
Loading Texture2D CubemapFace4 from package 00002640.upk
Loading Texture2D CubemapFace5 from package 00002640.upk
Loading Texture2D check_n from package 00002620.upk
Loading Texture2D Smoke_Pattern_001 from package 00012963.upk
Loading Texture2D Gradient_Line_003 from package 00012963.upk
Loading Texture2D Gradient_Wipe_BurnOut_Mask_TEST from package 00012963.upk
Loading Texture2D Gradient_Wipe_BurnOut_Mask from package 00012963.upk
Loaded in 0.27 sec, 6685 allocs, 4.00 MBytes serialized in 601147 calls.

Object info:
============
ClassName: MaterialInstanceConstant ObjectName: W_MeshDeco01_130061

    ScalarParameterValues[1] =
    {
        ScalarParameterValues[0] = { ParameterName=GBMASK, ParameterValue=1 }
    }
    TextureParameterValues[1] =
    {
        TextureParameterValues[0] = { ParameterName=Mask_B, ParameterValue=Texture2D'010335_Autoscale_col1_D' }
    }
    VectorParameterValues[1] =
    {
        VectorParameterValues[0] =
        {
            ParameterName = Color
            ParameterValue = { R=4, G=4.5, B=5, A=1 }
        }
    }
    Parent = Material3'FX_deco'
    FlattenedTexture = None
    MobileBaseTexture = None
    MobileNormalTexture = None
    bUseMobileSpecular = false
    MobileSpecularPower = 16
    MobileSpecularMask = MSM_Constant (0)
    MobileMaskTexture = None

Object info:
============
ClassName: MaterialInstanceConstant ObjectName: W_MEshDeco05_130061

    ScalarParameterValues[0] = {}
    TextureParameterValues[1] =
    {
        TextureParameterValues[0] = { ParameterName=Diffuse, ParameterValue=Texture2D'010335_Autoscale_col1_D' }
    }
    VectorParameterValues[1] =
    {
        VectorParameterValues[0] =
        {
            ParameterName = dissolve_line_color
            ParameterValue = { R=1, G=1, B=1, A=1 }
        }
    }
    Parent = Material3'W_MeshDeco05_outline'
    FlattenedTexture = None
    MobileBaseTexture = None
    MobileNormalTexture = None
    bUseMobileSpecular = false
    MobileSpecularPower = 16
    MobileSpecularMask = MSM_Constant (0)
    MobileMaskTexture = None

Object info:
============
ClassName: MaterialInstanceConstant ObjectName: W_MeshDeco13_130061

    ScalarParameterValues[3] =
    {
        ScalarParameterValues[0] = { ParameterName=FX_Mast_V, ParameterValue=1 }
        ScalarParameterValues[1] = { ParameterName=FX_Mast_U, ParameterValue=1 }
        ScalarParameterValues[2] = { ParameterName=FX_Mask_Alpha, ParameterValue=1 }
    }
    TextureParameterValues[3] =
    {
        TextureParameterValues[0] = { ParameterName=TexNoise_N, ParameterValue=Texture2D'Normal_Noise_003' }
        TextureParameterValues[1] = { ParameterName=TexNoise_2, ParameterValue=Texture2D'Noise_005' }
        TextureParameterValues[2] = { ParameterName=FX_Mask, ParameterValue=Texture2D'130061_Autoscale_col1_D' }
    }
    VectorParameterValues[4] =
    {
        VectorParameterValues[0] =
        {
            ParameterName = TexNoise_N_UVtile_RGb
            ParameterValue = { R=4, G=2, B=0, A=1 }
        }
        VectorParameterValues[1] =
        {
            ParameterName = FXLine_Mask_position
            ParameterValue = { R=0, G=0, B=0, A=1 }
        }
        VectorParameterValues[2] =
        {
            ParameterName = FXLine_FXMask_RGB
            ParameterValue = { R=0, G=0, B=0, A=1 }
        }
        VectorParameterValues[3] =
        {
            ParameterName = NoiseA_UV
            ParameterValue = { R=2, G=2, B=1, A=1 }
        }
    }
    Parent = Material3'W_MeshDeco13'
    FlattenedTexture = None
    MobileBaseTexture = None
    MobileNormalTexture = None
    bUseMobileSpecular = false
    MobileSpecularPower = 16
    MobileSpecularMask = MSM_Constant (0)
    MobileMaskTexture = None

Object info:
============
ClassName: SkeletalMesh3 ObjectName: 130061_Autoscale

    LODInfo[1] =
    {
        LODInfo[0] =
        {
            DisplayFactor = 0
            LODHysteresis = 0.02
            LODMaterialMap[0] = {}
            bEnableShadowCasting[1] = { true }
        }
    }
    Sockets[2] =
    {
        Sockets[0] = SkeletalMeshSocket'130061_Autoscale.SkeletalMeshSocket_192'
        Sockets[1] = SkeletalMeshSocket'130061_Autoscale.SkeletalMeshSocket_196'
    }
    bHasVertexColors = false
    EnableTwistBoneFixers = true
    EnableClavicleFixer = true
    Materials[1] = { MaterialInstanceConstant'col1' }


    Lods[1] =
    {
        Lods[0] =
        {
            Sections[1] =
            {
                Sections[0] = { Material=MaterialInstanceConstant'col1', FirstIndex=0, NumFaces=2040 }
            }
            NumVerts = 1731
            IndexCount = 6120
            NumTexCoords = 1
        }
    }
    LodCount = 1
    MeshOrigin = { X=-0, Y=-0, Z=-0 }
    MeshScale = { X=1, Y=1, Z=1 }
    RotOrigin = { Yaw=0, Pitch=0, Roll=0 }
    BoneCount = 3

Object info:
============
ClassName: SkeletalMeshSocket ObjectName: SkeletalMeshSocket_192

    SocketName = FX_Add_Trail
    BoneName = WeaponPivot
    RelativeLocation = { X=0, Y=0, Z=-28.5 }
    RelativeRotation = { Yaw=0, Pitch=0, Roll=0 }
    RelativeScale = { X=2, Y=2, Z=1.8 }

Object info:
============
ClassName: SkeletalMeshSocket ObjectName: SkeletalMeshSocket_196

    SocketName = FX_Add
    BoneName = WeaponPivot
    RelativeLocation = { X=0, Y=0, Z=-37.978 }
    RelativeRotation = { Yaw=0, Pitch=0, Roll=0 }
    RelativeScale = { X=1, Y=1, Z=1 }

Object info:
============
ClassName: StaticMesh3 ObjectName: 130061_deco02

    BodySetup = None
    UseSimpleLineCollision = false
    UseSimpleBoxCollision = false
    UseSimpleRigidBodyCollision = false
    UseFullPrecisionUVs = false
    Bounds =
    {
        Origin = { X=-3.8215, Y=0.2078, Z=32.2992 }
        BoxExtent = { X=15.5666, Y=5.0754, Z=54.3681 }
        SphereRadius = 54.872
    }
    CanCompressPositions = false
    CanStripNormalsAndTangents = false
    InternalVersion = 18


    Lods[1] =
    {
        Lods[0] =
        {
            Sections[1] =
            {
                Sections[0] = { Material=Material3'001_Mesh_Default_MatM', FirstIndex=0, NumFaces=2040 }
            }
            NumVerts = 3462
            IndexCount = 6120
            NumTexCoords = 1
        }
    }
    LodCount = 1
