Found 32768 game files (1766 skipped)
Loading package: 00050833.upk Ver: 573/1 Engine: 4205 Names: 258 Exports: 125 Imports: 70 Game: 801A
Loading SkeletalMesh3 090163_JinF from package 00050833.upk
Loading package: 00050716.upk Ver: 573/1 Engine: 4205 Names: 197 Exports: 270 Imports: 53 Game: 801A
Loading SkeletalMeshSocket SkeletalMeshSocket_525 from package 00050833.upk
WARNING: ObjectProperty "USkeletalMeshSocket::DependencyParticleSystem" was not found
Loading MaterialInstanceConstant col1 from package 00050716.upk
Loading package: 00050715.upk Ver: 573/1 Engine: 4205 Names: 36 Exports: 9 Imports: 4 Game: 801A
Loading package: 00002640.upk Ver: 573/1 Engine: 4205 Names: 291 Exports: 507 Imports: 3 Game: 801A
Loading package: 00012963.upk Ver: 573/1 Engine: 4205 Names: 1386 Exports: 1362 Imports: 10 Game: 801A
Loading Texture2D 10138_JinF_col1_N from package 00050715.upk
Loading Texture2D 10138_JinF_col1_M from package 00050715.upk
Loading Texture2D 10138_JinF_col1_D from package 00050715.upk
Loading Texture2D 10138_JinF_col1_S from package 00050715.upk
Loading TextureCube lenscube from package 00002640.upk
Loading Texture2D 10138_JinF_col1_E from package 00050715.upk
Loading Texture2D FireWork_burst_mask01 from package 00012963.upk
Loading Texture2D FX_Add from package 00050716.upk
Loading Material3 Body_FX_Cloth from package 00050716.upk
Loading package: 00002620.upk Ver: 573/1 Engine: 4205 Names: 576 Exports: 7687 Imports: 96 Game: 801A
Loading package: 00044523.upk Ver: 573/1 Engine: 4205 Names: 198 Exports: 264 Imports: 52 Game: 801A
Loading Texture2D CubemapFace0 from package 00002640.upk
Loading Texture2D CubemapFace1 from package 00002640.upk
Loading Texture2D CubemapFace2 from package 00002640.upk
Loading Texture2D CubemapFace3 from package 00002640.upk
Loading Texture2D CubemapFace4 from package 00002640.upk
Loading Texture2D CubemapFace5 from package 00002640.upk
Loading Texture2D check_n from package 00002620.upk
Loading Texture2D 10100_FX from package 00044523.upk
Loading Texture2D Smoke_Pattern_001 from package 00012963.upk
Loading Texture2D Noise_Glass_000 from package 00012963.upk
Loading Texture2D Gradient_Wipe_BurnOut_Mask_TEST from package 00012963.upk
Loading Texture2D Gradient_Wipe_BurnOut_Mask from package 00012963.upk
Loading Texture2D check from package 00002620.upk
Loading Texture2D Gradient_Line_003 from package 00012963.upk
Loaded in 0.22 sec, 3633 allocs, 3.54 MBytes serialized in 351349 calls.

Object info:
============
ClassName: SkeletalMesh3 ObjectName: 090163_JinF

    LODInfo[1] =
    {
        LODInfo[0] =
        {
            DisplayFactor = 0
            LODHysteresis = 0.02
            LODMaterialMap[0] = {}
            bEnableShadowCasting[1] = { true }
        }
    }
    Sockets[1] = { SkeletalMeshSocket'090163_JinF.SkeletalMeshSocket_525' }
    bHasVertexColors = false
    EnableTwistBoneFixers = true
    EnableClavicleFixer = true
    Materials[1] = { MaterialInstanceConstant'col1' }


    Lods[1] =
    {
        Lods[0] =
        {
            Sections[1] =
            {
                Sections[0] = { Material=MaterialInstanceConstant'col1', FirstIndex=0, NumFaces=5054 }
            }
            NumVerts = 3772
            IndexCount = 15162
            NumTexCoords = 1
        }
    }
    LodCount = 1
    MeshOrigin = { X=-0, Y=-0, Z=-0 }
    MeshScale = { X=1, Y=1, Z=1 }
    RotOrigin = { Yaw=0, Pitch=0, Roll=0 }
    BoneCount = 22

Object info:
============
ClassName: SkeletalMeshSocket ObjectName: SkeletalMeshSocket_525

    SocketName = FX_Add
    BoneName = Bone_Fix_S01
    RelativeLocation = { X=-3.72273, Y=13.1767, Z=9.3902 }
    RelativeRotation = { Yaw=-1820, Pitch=-16384, Roll=0 }
    RelativeScale = { X=1, Y=1, Z=1 }
