Found 32768 game files (1766 skipped)
Loading package: 00053984.upk Ver: 573/1 Engine: 4205 Names: 72 Exports: 6 Imports: 11 Game: 801A
Loading SkeletalMesh3 060052_GonM from package 00053984.upk
Loading package: 00053478.upk Ver: 573/1 Engine: 4205 Names: 175 Exports: 168 Imports: 49 Game: 801A
Loading SkeletalMeshSocket SkeletalMeshSocket_52 from package 00053984.upk
WARNING: ObjectProperty "USkeletalMeshSocket::DependencyParticleSystem" was not found
Loading MaterialInstanceConstant col1 from package 00053478.upk
Loading package: 00053477.upk Ver: 573/1 Engine: 4205 Names: 32 Exports: 4 Imports: 2 Game: 801A
Loading package: 00002640.upk Ver: 573/1 Engine: 4205 Names: 291 Exports: 507 Imports: 3 Game: 801A
Loading Texture2D 060052_JinM_col1_N from package 00053477.upk
Loading Texture2D 060052_JinM_col1_M from package 00053477.upk
Loading Texture2D 060052_JinM_col1_D from package 00053477.upk
Loading Texture2D 060052_JinM_col1_S from package 00053477.upk
Loading TextureCube MatelR5 from package 00002640.upk
Loading Material3 Basic_FX from package 00053478.upk
Loading package: 00002620.upk Ver: 573/1 Engine: 4205 Names: 576 Exports: 7687 Imports: 96 Game: 801A
Loading package: 00012963.upk Ver: 573/1 Engine: 4205 Names: 1386 Exports: 1362 Imports: 10 Game: 801A
Loading package: 00053476.upk Ver: 573/1 Engine: 4205 Names: 266 Exports: 156 Imports: 89 Game: 801A
Loading Texture2D CubemapFace0 from package 00002640.upk
Loading Texture2D CubemapFace1 from package 00002640.upk
Loading Texture2D CubemapFace2 from package 00002640.upk
Loading Texture2D CubemapFace3 from package 00002640.upk
Loading Texture2D CubemapFace4 from package 00002640.upk
Loading Texture2D CubemapFace5 from package 00002640.upk
Loading Texture2D check_n from package 00002620.upk
Loading Texture2D check from package 00002620.upk
Loading Texture2D Smoke_Pattern_001 from package 00012963.upk
Loading Texture2D Gradient_Line_003 from package 00012963.upk
Loading Texture2D 060052_JinM_col1_fx from package 00053476.upk
Loading Texture2D Noise_005 from package 00012963.upk
Loading Texture2D Noise_Wave_000 from package 00012963.upk
Loading Texture2D Gradient_Wipe_BurnOut_Mask_TEST from package 00012963.upk
Loading Texture2D Gradient_Wipe_BurnOut_Mask from package 00012963.upk
Loaded in 0.13 sec, 3386 allocs, 1.43 MBytes serialized in 215047 calls.

Object info:
============
ClassName: SkeletalMesh3 ObjectName: 060052_GonM

    LODInfo[1] =
    {
        LODInfo[0] =
        {
            DisplayFactor = 0
            LODHysteresis = 0.02
            LODMaterialMap[0] = {}
            bEnableShadowCasting[1] = { true }
        }
    }
    Sockets[1] = { SkeletalMeshSocket'060052_GonM.SkeletalMeshSocket_52' }
    bHasVertexColors = false
    EnableTwistBoneFixers = true
    EnableClavicleFixer = true
    Materials[1] = { MaterialInstanceConstant'col1' }


    Lods[1] =
    {
        Lods[0] =
        {
            Sections[1] =
            {
                Sections[0] = { Material=MaterialInstanceConstant'col1', FirstIndex=0, NumFaces=835 }
            }
            NumVerts = 678
            IndexCount = 2505
            NumTexCoords = 1
        }
    }
    LodCount = 1
    MeshOrigin = { X=-0, Y=-0, Z=-0 }
    MeshScale = { X=1, Y=1, Z=1 }
    RotOrigin = { Yaw=0, Pitch=0, Roll=0 }
    BoneCount = 9

Object info:
============
ClassName: SkeletalMeshSocket ObjectName: SkeletalMeshSocket_52

    SocketName = FX_Acc_Add
    BoneName = Bip01Head
    RelativeLocation = { X=11.1997, Y=-0.931868, Z=4.48187 }
    RelativeRotation = { Yaw=32768, Pitch=-16323, Roll=-32511 }
    RelativeScale = { X=0.5, Y=0.5, Z=0.5 }
