Found 32768 game files (1766 skipped)
Loading package: 00053352.upk Ver: 573/1 Engine: 4205 Names: 98 Exports: 2 Imports: 28 Game: 801A
Loading MaterialInstanceConstant col2 from package 00053352.upk
Loading package: 00052714.upk Ver: 573/1 Engine: 4205 Names: 37 Exports: 18 Imports: 2 Game: 801A
Loading package: 00012963.upk Ver: 573/1 Engine: 4205 Names: 1386 Exports: 1362 Imports: 10 Game: 801A
Loading package: 00002640.upk Ver: 573/1 Engine: 4205 Names: 291 Exports: 507 Imports: 3 Game: 801A
Loading package: 00010374.upk Ver: 573/1 Engine: 4205 Names: 40 Exports: 10 Imports: 2 Game: 801A
Loading package: 00010375.upk Ver: 573/1 Engine: 4205 Names: 173 Exports: 173 Imports: 45 Game: 801A
Loading MaterialInstanceConstant col2_1 from package 00053352.upk
Loading Texture2D GigantoDragon_col1_N_1 from package 00052714.upk
Loading Texture2D GigantoDragon_col2_M_1 from package 00052714.upk
Loading Texture2D GigantoDragon_col2_D_1 from package 00052714.upk
Loading Texture2D Smoke_Pattern_001 from package 00012963.upk
Loading Texture2D GigantoDragon_col2_S_1 from package 00052714.upk
Loading TextureCube MatelR1 from package 00002640.upk
Loading Texture2D GigantoDragon_col2_E_1 from package 00052714.upk
Loading Texture2D DesertDragon_FX_Line from package 00010374.upk
Loading Material3 Basic_DesertDragon from package 00010375.upk
Loading package: 00002620.upk Ver: 573/1 Engine: 4205 Names: 576 Exports: 7687 Imports: 96 Game: 801A
Loading Texture2D GigantoDragon_col1_N_2 from package 00052714.upk
Loading Texture2D GigantoDragon_col2_M_2 from package 00052714.upk
Loading Texture2D GigantoDragon_col2_D_2 from package 00052714.upk
Loading Texture2D GigantoDragon_col2_S_2 from package 00052714.upk
Loading Texture2D GigantoDragon_col2_E_2 from package 00052714.upk
Loading Texture2D CubemapFace0 from package 00002640.upk
Loading Texture2D CubemapFace1 from package 00002640.upk
Loading Texture2D CubemapFace2 from package 00002640.upk
Loading Texture2D CubemapFace3 from package 00002640.upk
Loading Texture2D CubemapFace4 from package 00002640.upk
Loading Texture2D CubemapFace5 from package 00002640.upk
Loading Texture2D check_n from package 00002620.upk
Loading Texture2D check from package 00002620.upk
Loading Texture2D Gradient_Line_003 from package 00012963.upk
Loading Texture2D Gradient_Wipe_BurnOut_Mask_TEST from package 00012963.upk
Loading Texture2D Gradient_Wipe_BurnOut_Mask from package 00012963.upk
Loaded in 0.24 sec, 3352 allocs, 16.90 MBytes serialized in 191565 calls.

Object info:
============
ClassName: MaterialInstanceConstant ObjectName: col2

    ScalarParameterValues[10] =
    {
        ScalarParameterValues[0] = { ParameterName=Transmission_value, ParameterValue=0.5 }
        ScalarParameterValues[1] = { ParameterName=Glossiness1, ParameterValue=2 }
        ScalarParameterValues[2] = { ParameterName=Glossiness2, ParameterValue=100 }
        ScalarParameterValues[3] = { ParameterName=Specular_value, ParameterValue=2 }
        ScalarParameterValues[4] = { ParameterName=HighLight_Value, ParameterValue=3 }
        ScalarParameterValues[5] = { ParameterName=HighLight_glossiness, ParameterValue=150 }
        ScalarParameterValues[6] = { ParameterName=Emissive_value, ParameterValue=2 }
        ScalarParameterValues[7] = { ParameterName=Emissive_value2, ParameterValue=0 }
        ScalarParameterValues[8] = { ParameterName=Fresnel Value, ParameterValue=1 }
        ScalarParameterValues[9] = { ParameterName=Fresnel exponent, ParameterValue=30 }
    }
    TextureParameterValues[8] =
    {
        TextureParameterValues[0] = { ParameterName=Normal, ParameterValue=Texture2D'GigantoDragon_col1_N_1' }
        TextureParameterValues[1] = { ParameterName=Mask_GB, ParameterValue=Texture2D'GigantoDragon_col2_M_1' }
        TextureParameterValues[2] = { ParameterName=Diffuse, ParameterValue=Texture2D'GigantoDragon_col2_D_1' }
        TextureParameterValues[3] = { ParameterName=Mask_FX_Texture, ParameterValue=Texture2D'Smoke_Pattern_001' }
        TextureParameterValues[4] = { ParameterName=Specular, ParameterValue=Texture2D'GigantoDragon_col2_S_1' }
        TextureParameterValues[5] = { ParameterName=rf_cube, ParameterValue=TextureCube'MatelR1' }
        TextureParameterValues[6] = { ParameterName=Emissive, ParameterValue=Texture2D'GigantoDragon_col2_E_1' }
        TextureParameterValues[7] = { ParameterName=FX_Add, ParameterValue=Texture2D'DesertDragon_FX_Line' }
    }
    VectorParameterValues[12] =
    {
        VectorParameterValues[0] =
        {
            ParameterName = Mesh_trangition
            ParameterValue = { R=0, G=0, B=0, A=1 }
        }
        VectorParameterValues[1] =
        {
            ParameterName = Reflection_value
            ParameterValue = { R=0.948965, G=0.535642, B=0.230998, A=1 }
        }
        VectorParameterValues[2] =
        {
            ParameterName = HighLight_Color
            ParameterValue = { R=1, G=1, B=1, A=1 }
        }
        VectorParameterValues[3] =
        {
            ParameterName = Fresnel_color
            ParameterValue = { R=0, G=0, B=0, A=1 }
        }
        VectorParameterValues[4] =
        {
            ParameterName = Fresnel_Power
            ParameterValue = { R=0, G=0, B=0, A=1 }
        }
        VectorParameterValues[5] =
        {
            ParameterName = Burn_Color
            ParameterValue = { R=0, G=0, B=0, A=1 }
        }
        VectorParameterValues[6] =
        {
            ParameterName = Fx_Glow_power_A
            ParameterValue = { R=0, G=0, B=0, A=1 }
        }
        VectorParameterValues[7] =
        {
            ParameterName = Glow_Trangition_A
            ParameterValue = { R=0, G=0, B=0, A=1 }
        }
        VectorParameterValues[8] =
        {
            ParameterName = Fx_Glow_color_A
            ParameterValue = { R=0, G=0, B=0, A=1 }
        }
        VectorParameterValues[9] =
        {
            ParameterName = Fx_Glow_power_B
            ParameterValue = { R=0, G=0, B=0, A=1 }
        }
        VectorParameterValues[10] =
        {
            ParameterName = Glow_Trangition_B
            ParameterValue = { R=0, G=0, B=0, A=1 }
        }
        VectorParameterValues[11] =
        {
            ParameterName = Fx_Glow_color_B
            ParameterValue = { R=0, G=0, B=0, A=1 }
        }
    }
    Parent = Material3'Basic_DesertDragon'
    FlattenedTexture = None
    MobileBaseTexture = None
    MobileNormalTexture = None
    bUseMobileSpecular = false
    MobileSpecularPower = 16
    MobileSpecularMask = MSM_Constant (0)
    MobileMaskTexture = None

Object info:
============
ClassName: MaterialInstanceConstant ObjectName: col2_1

    ScalarParameterValues[10] =
    {
        ScalarParameterValues[0] = { ParameterName=Transmission_value, ParameterValue=0.5 }
        ScalarParameterValues[1] = { ParameterName=Glossiness1, ParameterValue=2 }
        ScalarParameterValues[2] = { ParameterName=Glossiness2, ParameterValue=100 }
        ScalarParameterValues[3] = { ParameterName=Specular_value, ParameterValue=2 }
        ScalarParameterValues[4] = { ParameterName=HighLight_Value, ParameterValue=3 }
        ScalarParameterValues[5] = { ParameterName=HighLight_glossiness, ParameterValue=150 }
        ScalarParameterValues[6] = { ParameterName=Emissive_value, ParameterValue=2 }
        ScalarParameterValues[7] = { ParameterName=Emissive_value2, ParameterValue=0 }
        ScalarParameterValues[8] = { ParameterName=Fresnel Value, ParameterValue=1 }
        ScalarParameterValues[9] = { ParameterName=Fresnel exponent, ParameterValue=30 }
    }
    TextureParameterValues[8] =
    {
        TextureParameterValues[0] = { ParameterName=Normal, ParameterValue=Texture2D'GigantoDragon_col1_N_2' }
        TextureParameterValues[1] = { ParameterName=Mask_GB, ParameterValue=Texture2D'GigantoDragon_col2_M_2' }
        TextureParameterValues[2] = { ParameterName=Diffuse, ParameterValue=Texture2D'GigantoDragon_col2_D_2' }
        TextureParameterValues[3] = { ParameterName=Mask_FX_Texture, ParameterValue=Texture2D'Smoke_Pattern_001' }
        TextureParameterValues[4] = { ParameterName=Specular, ParameterValue=Texture2D'GigantoDragon_col2_S_2' }
        TextureParameterValues[5] = { ParameterName=rf_cube, ParameterValue=TextureCube'MatelR1' }
        TextureParameterValues[6] = { ParameterName=Emissive, ParameterValue=Texture2D'GigantoDragon_col2_E_2' }
        TextureParameterValues[7] = { ParameterName=FX_Add, ParameterValue=Texture2D'DesertDragon_FX_Line' }
    }
    VectorParameterValues[12] =
    {
        VectorParameterValues[0] =
        {
            ParameterName = Mesh_trangition
            ParameterValue = { R=0, G=0, B=0, A=1 }
        }
        VectorParameterValues[1] =
        {
            ParameterName = Reflection_value
            ParameterValue = { R=0.948965, G=0.535642, B=0.230998, A=1 }
        }
        VectorParameterValues[2] =
        {
            ParameterName = HighLight_Color
            ParameterValue = { R=1, G=1, B=1, A=1 }
        }
        VectorParameterValues[3] =
        {
            ParameterName = Fresnel_color
            ParameterValue = { R=0, G=0, B=0, A=1 }
        }
        VectorParameterValues[4] =
        {
            ParameterName = Fresnel_Power
            ParameterValue = { R=0, G=0, B=0, A=1 }
        }
        VectorParameterValues[5] =
        {
            ParameterName = Burn_Color
            ParameterValue = { R=0, G=0, B=0, A=1 }
        }
        VectorParameterValues[6] =
        {
            ParameterName = Fx_Glow_power_A
            ParameterValue = { R=0, G=0, B=0, A=1 }
        }
        VectorParameterValues[7] =
        {
            ParameterName = Glow_Trangition_A
            ParameterValue = { R=0, G=0, B=0, A=1 }
        }
        VectorParameterValues[8] =
        {
            ParameterName = Fx_Glow_color_A
            ParameterValue = { R=0, G=0, B=0, A=1 }
        }
        VectorParameterValues[9] =
        {
            ParameterName = Fx_Glow_power_B
            ParameterValue = { R=0, G=0, B=0, A=1 }
        }
        VectorParameterValues[10] =
        {
            ParameterName = Glow_Trangition_B
            ParameterValue = { R=0, G=0, B=0, A=1 }
        }
        VectorParameterValues[11] =
        {
            ParameterName = Fx_Glow_color_B
            ParameterValue = { R=0, G=0, B=0, A=1 }
        }
    }
    Parent = Material3'Basic_DesertDragon'
    FlattenedTexture = None
    MobileBaseTexture = None
    MobileNormalTexture = None
    bUseMobileSpecular = false
    MobileSpecularPower = 16
    MobileSpecularMask = MSM_Constant (0)
    MobileMaskTexture = None
