Found 32768 game files (1766 skipped)
Loading package: 00052908.upk Ver: 573/1 Engine: 4205 Names: 212 Exports: 137 Imports: 20 Game: 801A
Loading SkeletalMesh3 0016_JinM from package 00052908.upk
WARNING: ObjectProperty "USkeletalMesh3::MeshFactorSet" was not found
WARNING: ObjectProperty "USkeletalMesh3::PhysMaterialOverride" was not found
WARNING: ObjectProperty "USkeletalMesh3::PlaySoundSet" was not found
WARNING: FloatProperty "USkeletalMesh3::AddFootOffsetValue" was not found
WARNING: FloatProperty "USkeletalMesh3::AnimNameHeight" was not found
WARNING: FloatProperty "USkeletalMesh3::NormalNameHeight" was not found
WARNING: ArrayProperty "USkeletalMesh3::NameplateMeshScaleRatio" was not found
WARNING: StructProperty "USkeletalMesh3::NameplateHeightRatio" was not found
WARNING: ArrayProperty "USkeletalMesh3::MeshScaleRatio" was not found
WARNING: StructProperty "USkeletalMesh3::HeightRatio" was not found
WARNING: StructProperty "USkeletalMesh3::HandRatio" was not found
WARNING: ByteProperty "USkeletalMesh3::CommonPhysicsUseFlag" was not found
Loading package: 00052967.upk Ver: 573/1 Engine: 4205 Names: 158 Exports: 2 Imports: 34 Game: 801A
Loading MaterialInstanceConstant col1 from package 00052967.upk
Loading package: 00052966.upk Ver: 573/1 Engine: 4205 Names: 30 Exports: 4 Imports: 2 Game: 801A
Loading package: 00002640.upk Ver: 573/1 Engine: 4205 Names: 291 Exports: 507 Imports: 3 Game: 801A
Loading package: 00002620.upk Ver: 573/1 Engine: 4205 Names: 576 Exports: 7687 Imports: 96 Game: 801A
Loading package: 00025178.upk Ver: 573/1 Engine: 4205 Names: 76 Exports: 46 Imports: 2 Game: 801A
Loading MaterialInstanceConstant col1_1 from package 00052967.upk
Loading package: 00048974.upk Ver: 573/1 Engine: 4205 Names: 36 Exports: 8 Imports: 2 Game: 801A
Loading package: 00048973.upk Ver: 573/1 Engine: 4205 Names: 119 Exports: 3 Imports: 28 Game: 801A
Loading package: 00048421.upk Ver: 573/1 Engine: 4205 Names: 212 Exports: 297 Imports: 57 Game: 801A
Loading Texture2D 0016_JinM_col1_N from package 00052966.upk
Loading TextureCube lenscube_a from package 00002640.upk
Loading Texture2D check from package 00002620.upk
Loading Texture2D 0016_JinM_col1_S from package 00052966.upk
Loading Texture2D 0016_JinM_col1_M from package 00052966.upk
Loading Texture2D 0016_JinM_col1_D from package 00052966.upk
Loading Texture2D Mask_ck1 from package 00025178.upk
Loading Material3 Custom_B from package 00002620.upk
Loading package: 00012963.upk Ver: 573/1 Engine: 4205 Names: 1386 Exports: 1362 Imports: 10 Game: 801A
Loading Texture2D 10128_JinM_col1_Acc_N from package 00048974.upk
Loading Texture2D 10128_JinM_col1_Acc_M from package 00048974.upk
Loading Texture2D 10128_JinM_col1_Acc_D from package 00048974.upk
Loading Texture2D 10128_JinM_col1_Acc_S from package 00048974.upk
Loading TextureCube Cube_D from package 00002640.upk
Loading Texture2D 10128_JinM_col1_Acc_FX from package 00048973.upk
Loading Material3 Body_Rose_Fx from package 00048421.upk
Loading package: 00012850.upk Ver: 573/1 Engine: 4205 Names: 1927 Exports: 31631 Imports: 708 Game: 801A
Loading Texture2D CubemapFace0 from package 00002640.upk
Loading Texture2D CubemapFace1 from package 00002640.upk
Loading Texture2D CubemapFace2 from package 00002640.upk
Loading Texture2D CubemapFace3 from package 00002640.upk
Loading Texture2D CubemapFace4 from package 00002640.upk
Loading Texture2D CubemapFace5 from package 00002640.upk
Loading Texture2D Mask_Default from package 00025178.upk
Loading Texture2D check_n from package 00002620.upk
Loading Texture2D Noise_Glass_000 from package 00012963.upk
Loading Texture2D Smoke_Pattern_001 from package 00012963.upk
Loading Texture2D Gradient_Wipe_BurnOut_Mask_TEST from package 00012963.upk
Loading Texture2D Gradient_Wipe_BurnOut_Mask from package 00012963.upk
Loading Texture2D Gradient_Line_003 from package 00012963.upk
Loading Texture2D CubemapFace0 from package 00002640.upk
Loading Texture2D CubemapFace1 from package 00002640.upk
Loading Texture2D CubemapFace2 from package 00002640.upk
Loading Texture2D CubemapFace3 from package 00002640.upk
Loading Texture2D CubemapFace4 from package 00002640.upk
Loading Texture2D CubemapFace5 from package 00002640.upk
Loading Texture2D FX_Fatman_Invincible_PC_N from package 00012850.upk
Loaded in 0.36 sec, 6053 allocs, 9.18 MBytes serialized in 1382149 calls.

Object info:
============
ClassName: SkeletalMesh3 ObjectName: 0016_JinM

    LODInfo[2] =
    {
        LODInfo[0] =
        {
            DisplayFactor = 0
            LODHysteresis = 0.02
            LODMaterialMap[0] = {}
            bEnableShadowCasting[2] = { true, true }
        }
        LODInfo[1] =
        {
            DisplayFactor = 0.25
            LODHysteresis = 0.02
            LODMaterialMap[2] = { 0, 1 }
            bEnableShadowCasting[2] = { true, true }
        }
    }
    Sockets[0] = {}
    bHasVertexColors = false
    EnableTwistBoneFixers = true
    EnableClavicleFixer = true
    Materials[2] = { MaterialInstanceConstant'col1', MaterialInstanceConstant'col1_1' }


    Lods[2] =
    {
        Lods[0] =
        {
            Sections[2] =
            {
                Sections[0] = { Material=MaterialInstanceConstant'col1', FirstIndex=0, NumFaces=9088 }
                Sections[1] = { Material=MaterialInstanceConstant'col1_1', FirstIndex=27264, NumFaces=6646 }
            }
            NumVerts = 10947
            IndexCount = 47202
            NumTexCoords = 1
        }
        Lods[1] =
        {
            Sections[2] =
            {
                Sections[0] = { Material=MaterialInstanceConstant'col1', FirstIndex=0, NumFaces=2756 }
                Sections[1] = { Material=MaterialInstanceConstant'col1_1', FirstIndex=8268, NumFaces=2074 }
            }
            NumVerts = 4347
            IndexCount = 14490
            NumTexCoords = 1
        }
    }
    LodCount = 2
    MeshOrigin = { X=-0, Y=-0, Z=-0 }
    MeshScale = { X=1, Y=1, Z=1 }
    RotOrigin = { Yaw=0, Pitch=0, Roll=0 }
    BoneCount = 93
