Found 32768 game files (1766 skipped)
Loading package: 00056204.upk Ver: 573/1 Engine: 4205 Names: 91 Exports: 23 Imports: 12 Game: 801A
Loading SkeletalMesh3 990326_Autoscale from package 00056204.upk
WARNING: ObjectProperty "USkeletalMesh3::PhysMaterialOverride" was not found
Loading SkeletalMeshSocket SkeletalMeshSocket_237 from package 00056204.upk
Loading SkeletalMeshSocket SkeletalMeshSocket_238 from package 00056204.upk
Loaded in 0.015 sec, 140 allocs, 0.54 MBytes serialized in 182067 calls.

Object info:
============
ClassName: SkeletalMesh3 ObjectName: 990326_Autoscale

    LODInfo[1] =
    {
        LODInfo[0] =
        {
            DisplayFactor = 0
            LODHysteresis = 0.02
            LODMaterialMap[0] = {}
            bEnableShadowCasting[1] = { true }
        }
    }
    Sockets[2] =
    {
        Sockets[0] = SkeletalMeshSocket'990326_Autoscale.SkeletalMeshSocket_237'
        Sockets[1] = SkeletalMeshSocket'990326_Autoscale.SkeletalMeshSocket_238'
    }
    bHasVertexColors = false
    EnableTwistBoneFixers = true
    EnableClavicleFixer = true
    Materials[1] = { None }


    Lods[1] =
    {
        Lods[0] =
        {
            Sections[1] =
            {
                Sections[0] = { Material=None, FirstIndex=0, NumFaces=5072 }
            }
            NumVerts = 4732
            IndexCount = 15216
            NumTexCoords = 1
        }
    }
    LodCount = 1
    MeshOrigin = { X=-0, Y=-0, Z=-0 }
    MeshScale = { X=1, Y=1, Z=1 }
    RotOrigin = { Yaw=0, Pitch=0, Roll=0 }
    BoneCount = 8

Object info:
============
ClassName: SkeletalMeshSocket ObjectName: SkeletalMeshSocket_237

    SocketName = trail_start
    BoneName = WeaponRoot
    RelativeLocation = { X=0.223721, Y=0, Z=10.5 }
    RelativeRotation = { Yaw=0, Pitch=0, Roll=0 }
    RelativeScale = { X=1, Y=1, Z=1 }

Object info:
============
ClassName: SkeletalMeshSocket ObjectName: SkeletalMeshSocket_238

    SocketName = trail_end
    BoneName = WeaponRoot
    RelativeLocation = { X=0.223721, Y=0, Z=-10.5 }
    RelativeRotation = { Yaw=0, Pitch=0, Roll=0 }
    RelativeScale = { X=1, Y=1, Z=1 }
