Found 32768 game files (1766 skipped)
Loading package: 00050817.upk Ver: 573/1 Engine: 4205 Names: 60 Exports: 5 Imports: 9 Game: 801A
Loading SkeletalMesh3 040324_JinM from package 00050817.upk
Loading package: 00050819.upk Ver: 573/1 Engine: 4205 Names: 105 Exports: 2 Imports: 25 Game: 801A
Loading MaterialInstanceConstant col1 from package 00050819.upk
Loading package: 00043479.upk Ver: 573/1 Engine: 4205 Names: 28 Exports: 2 Imports: 2 Game: 801A
Loading package: 00002620.upk Ver: 573/1 Engine: 4205 Names: 576 Exports: 7687 Imports: 96 Game: 801A
Loading MaterialInstanceConstant col1_Acc from package 00050819.upk
Loading package: 00050765.upk Ver: 573/1 Engine: 4205 Names: 33 Exports: 5 Imports: 2 Game: 801A
Loading package: 00002640.upk Ver: 573/1 Engine: 4205 Names: 291 Exports: 507 Imports: 3 Game: 801A
Loading Texture2D JinM_113_col1_N from package 00043479.upk
Loading Texture2D JinM_113_col1_D from package 00043479.upk
Loading Material3 Beard_Fur from package 00002620.upk
Loading package: 00012963.upk Ver: 573/1 Engine: 4205 Names: 1386 Exports: 1362 Imports: 10 Game: 801A
Loading Texture2D 040318_JinF_col1_N from package 00050765.upk
Loading Texture2D 040318_JinF_col1_M from package 00050765.upk
Loading Texture2D 040318_JinF_col1_D from package 00050765.upk
Loading Texture2D 040318_JinF_col1_S from package 00050765.upk
Loading TextureCube cube_cst from package 00002640.upk
Loading Texture2D 040318_JinF_col1_E from package 00050765.upk
Loading Material3 Basic from package 00002620.upk
Loading Texture2D check_n from package 00002620.upk
Loading Texture2D Noise_Glass_000 from package 00012963.upk
Loading Texture2D Smoke_Pattern_001 from package 00012963.upk
Loading Texture2D Gradient_Wipe_BurnOut_Mask_TEST from package 00012963.upk
Loading Texture2D Gradient_Wipe_BurnOut_Mask from package 00012963.upk
Loading Texture2D check from package 00002620.upk
Loading Texture2D Gradient_Line_003 from package 00012963.upk
Loading Texture2D CubemapFace0 from package 00002640.upk
Loading Texture2D CubemapFace1 from package 00002640.upk
Loading Texture2D CubemapFace2 from package 00002640.upk
Loading Texture2D CubemapFace3 from package 00002640.upk
Loading Texture2D CubemapFace4 from package 00002640.upk
Loading Texture2D CubemapFace5 from package 00002640.upk
Loaded in 0.16 sec, 3134 allocs, 2.43 MBytes serialized in 234267 calls.

Object info:
============
ClassName: SkeletalMesh3 ObjectName: 040324_JinM

    LODInfo[1] =
    {
        LODInfo[0] =
        {
            DisplayFactor = 0
            LODHysteresis = 0.02
            LODMaterialMap[0] = {}
            bEnableShadowCasting[2] = { true, true }
        }
    }
    Sockets[0] = {}
    bHasVertexColors = false
    EnableTwistBoneFixers = true
    EnableClavicleFixer = true
    Materials[2] = { MaterialInstanceConstant'col1', MaterialInstanceConstant'col1_Acc' }


    Lods[1] =
    {
        Lods[0] =
        {
            Sections[2] =
            {
                Sections[0] = { Material=MaterialInstanceConstant'col1_Acc', FirstIndex=0, NumFaces=440 }
                Sections[1] = { Material=MaterialInstanceConstant'col1', FirstIndex=1320, NumFaces=1294 }
            }
            NumVerts = 1496
            IndexCount = 5202
            NumTexCoords = 1
        }
    }
    LodCount = 1
    MeshOrigin = { X=-0, Y=-0, Z=-0 }
    MeshScale = { X=1, Y=1, Z=1 }
    RotOrigin = { Yaw=0, Pitch=0, Roll=0 }
    BoneCount = 9
