Found 32768 game files (1766 skipped)
Loading package: 00057361.upk Ver: 573/1 Engine: 4205 Names: 72 Exports: 6 Imports: 16 Game: 801A
Loading SkeletalMesh3 130001_Autoscale from package 00057361.upk
WARNING: ObjectProperty "USkeletalMesh3::MeshFactorSet" was not found
WARNING: ObjectProperty "USkeletalMesh3::PhysMaterialOverride" was not found
Loading package: 00056415.upk Ver: 573/1 Engine: 4205 Names: 91 Exports: 1 Imports: 20 Game: 801A
Loading SkeletalMeshSocket SkeletalMeshSocket_253 from package 00057361.upk
WARNING: ObjectProperty "USkeletalMeshSocket::DependencyParticleSystem" was not found
Loading MaterialInstanceConstant col16 from package 00056415.upk
Loading package: 00054292.upk Ver: 573/1 Engine: 4205 Names: 55 Exports: 27 Imports: 2 Game: 801A
Loading package: 00002640.upk Ver: 573/1 Engine: 4205 Names: 291 Exports: 507 Imports: 3 Game: 801A
Loading package: 00002620.upk Ver: 573/1 Engine: 4205 Names: 576 Exports: 7687 Imports: 96 Game: 801A
Loading Texture2D 130001_Autoscale_col16_N from package 00054292.upk
Loading Texture2D 130001_Autoscale_col16_M from package 00054292.upk
Loading Texture2D 130001_Autoscale_col16_D from package 00054292.upk
Loading Texture2D 130001_Autoscale_col16_S from package 00054292.upk
Loading Texture2D lenscube_Y from package 00002640.upk
Loading Texture2D 130001_Autoscale_col16_E from package 00054292.upk
Loading Material3 Basic from package 00002620.upk
Loading package: 00012963.upk Ver: 573/1 Engine: 4205 Names: 1386 Exports: 1362 Imports: 10 Game: 801A
Loading Texture2D check_n from package 00002620.upk
Loading Texture2D check from package 00002620.upk
Loading Texture2D Smoke_Pattern_001 from package 00012963.upk
Loading Texture2D Gradient_Line_003 from package 00012963.upk
Loading Texture2D Gradient_Wipe_BurnOut_Mask_TEST from package 00012963.upk
Loading Texture2D Gradient_Wipe_BurnOut_Mask from package 00012963.upk
Loaded in 0.11 sec, 2903 allocs, 1.86 MBytes serialized in 215688 calls.

Object info:
============
ClassName: SkeletalMesh3 ObjectName: 130001_Autoscale

    LODInfo[1] =
    {
        LODInfo[0] =
        {
            DisplayFactor = 0
            LODHysteresis = 0.02
            LODMaterialMap[0] = {}
            bEnableShadowCasting[1] = { true }
        }
    }
    Sockets[1] = { SkeletalMeshSocket'130001_Autoscale.SkeletalMeshSocket_253' }
    bHasVertexColors = false
    EnableTwistBoneFixers = true
    EnableClavicleFixer = true
    Materials[1] = { MaterialInstanceConstant'col16' }


    Lods[1] =
    {
        Lods[0] =
        {
            Sections[1] =
            {
                Sections[0] = { Material=MaterialInstanceConstant'col16', FirstIndex=0, NumFaces=1292 }
            }
            NumVerts = 968
            IndexCount = 3876
            NumTexCoords = 1
        }
    }
    LodCount = 1
    MeshOrigin = { X=-0, Y=-0, Z=-0 }
    MeshScale = { X=1, Y=1, Z=1 }
    RotOrigin = { Yaw=0, Pitch=0, Roll=0 }
    BoneCount = 3

Object info:
============
ClassName: SkeletalMeshSocket ObjectName: SkeletalMeshSocket_253

    SocketName = FX_Add
    BoneName = WeaponPivot
    RelativeLocation = { X=0, Y=0, Z=0 }
    RelativeRotation = { Yaw=0, Pitch=0, Roll=0 }
    RelativeScale = { X=1, Y=1, Z=1 }
