Found 32768 game files (1766 skipped)
Loading package: 00055945.upk Ver: 573/1 Engine: 4205 Names: 60 Exports: 4 Imports: 42 Game: 801A
Loading AnimSet Archer_JinF_AnimSet from package 00055945.upk
WARNING: BoolProperty "UAnimSet::bServiced" was not found
WARNING: ArrayProperty "UAnimSet::AdjustAniScaleBoneNames" was not found
WARNING: ArrayProperty "UAnimSet::RefAnimSetGroup" was not found
Loading AnimSet Archer_JinM_AnimSet from package 00055945.upk
WARNING: BoolProperty "UAnimSet::bServiced" was not found
WARNING: ArrayProperty "UAnimSet::AdjustAniScaleBoneNames" was not found
WARNING: ArrayProperty "UAnimSet::RefAnimSetGroup" was not found
Loading AnimSet Archer_LynF_AnimSet from package 00055945.upk
WARNING: BoolProperty "UAnimSet::bServiced" was not found
WARNING: ArrayProperty "UAnimSet::AdjustAniScaleBoneNames" was not found
WARNING: ArrayProperty "UAnimSet::RefAnimSetGroup" was not found
Loading AnimSet Archer_LynM_AnimSet from package 00055945.upk
WARNING: BoolProperty "UAnimSet::bServiced" was not found
WARNING: ArrayProperty "UAnimSet::AdjustAniScaleBoneNames" was not found
WARNING: ArrayProperty "UAnimSet::RefAnimSetGroup" was not found
WARNING: AnimSet Archer_JinF_AnimSet has 0 sequences, but empty TrackBoneNames
WARNING: AnimSet Archer_JinM_AnimSet has 0 sequences, but empty TrackBoneNames
WARNING: AnimSet Archer_LynF_AnimSet has 0 sequences, but empty TrackBoneNames
WARNING: AnimSet Archer_LynM_AnimSet has 0 sequences, but empty TrackBoneNames
Loaded in 0.005 sec, 86 allocs, 0.00 MBytes serialized in 679 calls.

Object info:
============
ClassName: AnimSet ObjectName: Archer_JinF_AnimSet

    bAnimRotationOnly = true
    TrackBoneNames[0] = {}
    Sequences[0] = {}
    UseTranslationBoneNames[0] = {}
    ForceMeshTranslationBoneNames[0] = {}
    PreviewSkelMeshName = 00002701.00001_JinM
    BulkDataBlocks[0] = {}
    KeyFrameSize = 0
    RotationChannels = 0
    TranslationChannels = 0
    m_pBioAnimSetData = None

Object info:
============
ClassName: AnimSet ObjectName: Archer_JinM_AnimSet

    bAnimRotationOnly = true
    TrackBoneNames[0] = {}
    Sequences[0] = {}
    UseTranslationBoneNames[0] = {}
    ForceMeshTranslationBoneNames[0] = {}
    PreviewSkelMeshName = 00002701.00001_JinM
    BulkDataBlocks[0] = {}
    KeyFrameSize = 0
    RotationChannels = 0
    TranslationChannels = 0
    m_pBioAnimSetData = None

Object info:
============
ClassName: AnimSet ObjectName: Archer_LynF_AnimSet

    bAnimRotationOnly = true
    TrackBoneNames[0] = {}
    Sequences[0] = {}
    UseTranslationBoneNames[0] = {}
    ForceMeshTranslationBoneNames[0] = {}
    PreviewSkelMeshName = None
    BulkDataBlocks[0] = {}
    KeyFrameSize = 0
    RotationChannels = 0
    TranslationChannels = 0
    m_pBioAnimSetData = None

Object info:
============
ClassName: AnimSet ObjectName: Archer_LynM_AnimSet

    bAnimRotationOnly = true
    TrackBoneNames[0] = {}
    Sequences[0] = {}
    UseTranslationBoneNames[0] = {}
    ForceMeshTranslationBoneNames[0] = {}
    PreviewSkelMeshName = None
    BulkDataBlocks[0] = {}
    KeyFrameSize = 0
    RotationChannels = 0
    TranslationChannels = 0
    m_pBioAnimSetData = None
