Found 32768 game files (1766 skipped)
Loading package: 00059035.upk Ver: 573/1 Engine: 4205 Names: 73 Exports: 6 Imports: 16 Game: 801A
Loading SkeletalMesh3 130022_Autoscale from package 00059035.upk
WARNING: ObjectProperty "USkeletalMesh3::MeshFactorSet" was not found
WARNING: ObjectProperty "USkeletalMesh3::PhysMaterialOverride" was not found
Loading package: 00059037.upk Ver: 573/1 Engine: 4205 Names: 104 Exports: 1 Imports: 25 Game: 801A
Loading SkeletalMeshSocket SkeletalMeshSocket_298 from package 00059035.upk
WARNING: ObjectProperty "USkeletalMeshSocket::DependencyParticleSystem" was not found
Loading MaterialInstanceConstant col11 from package 00059037.upk
Loading package: 00059032.upk Ver: 573/1 Engine: 4205 Names: 33 Exports: 5 Imports: 2 Game: 801A
Loading package: 00002640.upk Ver: 573/1 Engine: 4205 Names: 291 Exports: 507 Imports: 3 Game: 801A
Loading package: 00012963.upk Ver: 573/1 Engine: 4205 Names: 1386 Exports: 1362 Imports: 10 Game: 801A
Loading package: 00059036.upk Ver: 573/1 Engine: 4205 Names: 325 Exports: 1083 Imports: 127 Game: 801A
Loading package: 00039084.upk Ver: 573/1 Engine: 4205 Names: 184 Exports: 176 Imports: 49 Game: 801A
Loading Texture2D 130022_Autoscale_col1_N from package 00059032.upk
Loading Texture2D 130022_Autoscale_col1_M from package 00059032.upk
Loading Texture2D 130022_Autoscale_col1_D from package 00059032.upk
Loading Texture2D 130022_Autoscale_col1_S from package 00059032.upk
Loading TextureCube MatelR5 from package 00002640.upk
Loading Texture2D 130022_Autoscale_col1_E from package 00059032.upk
Loading Texture2D T_Liquid_SM_NanoBlack_Mask_01 from package 00012963.upk
Loading Texture2D 130022_FX_mask from package 00059036.upk
Loading Texture2D waterfalls_D01 from package 00012963.upk
Loading Material3 Basic_FX from package 00039084.upk
Loading package: 00002620.upk Ver: 573/1 Engine: 4205 Names: 576 Exports: 7687 Imports: 96 Game: 801A
Loading Texture2D CubemapFace0 from package 00002640.upk
Loading Texture2D CubemapFace1 from package 00002640.upk
Loading Texture2D CubemapFace2 from package 00002640.upk
Loading Texture2D CubemapFace3 from package 00002640.upk
Loading Texture2D CubemapFace4 from package 00002640.upk
Loading Texture2D CubemapFace5 from package 00002640.upk
Loading Texture2D check_n from package 00002620.upk
Loading Texture2D check from package 00002620.upk
Loading Texture2D Smoke_Pattern_001 from package 00012963.upk
Loading Texture2D Gradient_Line_003 from package 00012963.upk
Loading Texture2D Gradient_Wipe_BurnOut_Mask_TEST from package 00012963.upk
Loading Texture2D Gradient_Wipe_BurnOut_Mask from package 00012963.upk
Loaded in 0.18 sec, 3645 allocs, 5.56 MBytes serialized in 271595 calls.

Object info:
============
ClassName: SkeletalMesh3 ObjectName: 130022_Autoscale

    LODInfo[1] =
    {
        LODInfo[0] =
        {
            DisplayFactor = 0
            LODHysteresis = 0.02
            LODMaterialMap[0] = {}
            bEnableShadowCasting[1] = { true }
        }
    }
    Sockets[1] = { SkeletalMeshSocket'130022_Autoscale.SkeletalMeshSocket_298' }
    bHasVertexColors = false
    EnableTwistBoneFixers = true
    EnableClavicleFixer = true
    Materials[1] = { MaterialInstanceConstant'col11' }


    Lods[1] =
    {
        Lods[0] =
        {
            Sections[1] =
            {
                Sections[0] = { Material=MaterialInstanceConstant'col11', FirstIndex=0, NumFaces=2251 }
            }
            NumVerts = 1899
            IndexCount = 6753
            NumTexCoords = 1
        }
    }
    LodCount = 1
    MeshOrigin = { X=-0, Y=-0, Z=-0 }
    MeshScale = { X=1, Y=1, Z=1 }
    RotOrigin = { Yaw=0, Pitch=0, Roll=0 }
    BoneCount = 3

Object info:
============
ClassName: SkeletalMeshSocket ObjectName: SkeletalMeshSocket_298

    SocketName = FX_Add
    BoneName = WeaponPivot
    RelativeLocation = { X=0, Y=0, Z=-37.978 }
    RelativeRotation = { Yaw=0, Pitch=0, Roll=0 }
    RelativeScale = { X=1, Y=1, Z=1 }
