Found 32768 game files (1766 skipped)
Loading package: 00061315.upk Ver: 573/1 Engine: 4205 Names: 497 Exports: 1605 Imports: 162 Game: 801A
Loading AnimSet 090186_JinM_Circle_Animset from package 00061315.upk
WARNING: BoolProperty "UAnimSet::bServiced" was not found
WARNING: ArrayProperty "UAnimSet::AdjustAniScaleBoneNames" was not found
Loading AnimSequence AnimSequence_0 from package 00061315.upk
WARNING: BoolProperty "UAnimSequence::bServiced" was not found
Loading SkeletalMesh3 090186_JinM_Circle from package 00061315.upk
WARNING: ArrayProperty "USkeletalMesh3::DashEffectList" was not found
Loading package: 00061317.upk Ver: 573/1 Engine: 4205 Names: 312 Exports: 937 Imports: 60 Game: 801A
Loading SkeletalMeshSocket SkeletalMeshSocket_313 from package 00061315.upk
WARNING: ObjectProperty "USkeletalMeshSocket::DependencyParticleSystem" was not found
WARNING: BoolProperty "USkeletalMeshSocket::bParticleAttachPosOnly" was not found
Loading SkeletalMeshSocket SkeletalMeshSocket_333 from package 00061315.upk
Loading StaticMesh3 SM_WingSub from package 00061315.upk
Loading package: 00012892.upk Ver: 573/1 Engine: 4205 Names: 1108 Exports: 6240 Imports: 380 Game: 801A
Loading StaticMesh3 test1 from package 00061315.upk
Loading StaticMesh3 Test2 from package 00061315.upk
Loading Texture2D 090186_FX_ADD_Wing from package 00061315.upk
Loading MaterialInstanceConstant col1 from package 00061317.upk
Loading package: 00061316.upk Ver: 573/1 Engine: 4205 Names: 28 Exports: 4 Imports: 2 Game: 801A
Loading package: 00012963.upk Ver: 573/1 Engine: 4205 Names: 1386 Exports: 1362 Imports: 10 Game: 801A
Loading package: 00002640.upk Ver: 573/1 Engine: 4205 Names: 291 Exports: 507 Imports: 3 Game: 801A
Loading package: 00002620.upk Ver: 573/1 Engine: 4205 Names: 576 Exports: 7687 Imports: 96 Game: 801A
Loading Material3 001_Mesh_Default_MatM from package 00012892.upk
WARNING: BoolProperty "UMaterial3::bAcceptRenderDecal" was not found
Loading package: 00023713.upk Ver: 573/1 Engine: 4205 Names: 101 Exports: 81 Imports: 4 Game: 801A
Loading Texture2D 090186_JinM_Col1_N from package 00061316.upk
Loading Texture2D 090186_JinM_Col1_S from package 00061316.upk
Loading Texture2D 090186_JinM_Col1_M from package 00061316.upk
Loading Texture2D 090186_JinM_Col1_D from package 00061316.upk
Loading Texture2D Noise_Mix03 from package 00061317.upk
Loading Texture2D FX_Glow_Trangition from package 00012963.upk
Loading TextureCube lenscube from package 00002640.upk
Loading Texture2D check from package 00002620.upk
Loading Material3 Custom_B from package 00061317.upk
Loading package: 00025178.upk Ver: 573/1 Engine: 4205 Names: 76 Exports: 46 Imports: 2 Game: 801A
Loading Texture2D Cube000_Tex from package 00023713.upk
Loading Texture2D CubemapFace0 from package 00002640.upk
Loading Texture2D CubemapFace1 from package 00002640.upk
Loading Texture2D CubemapFace2 from package 00002640.upk
Loading Texture2D CubemapFace3 from package 00002640.upk
Loading Texture2D CubemapFace4 from package 00002640.upk
Loading Texture2D CubemapFace5 from package 00002640.upk
Loading Texture2D Mask_Default from package 00025178.upk
Loading Texture2D check_n from package 00002620.upk
Loading Texture2D Smoke_Pattern_001 from package 00012963.upk
Loaded in 0.29 sec, 5058 allocs, 4.85 MBytes serialized in 710349 calls.

Object info:
============
ClassName: AnimSequence ObjectName: AnimSequence_0

    SequenceName = Idle
    SequenceLength = 1
    NumFrames = 30
    RateScale = 1
    bNoLoopingInterpolation = false
    RawAnimData[0] = {}
    TranslationCompressionFormat = ACF_None (0)
    RotationCompressionFormat = <unknown> (255)
    KeyEncodingFormat = AKF_ConstantKeyLerp (0)
    CompressedTrackOffsets[8] = { 0, 1, 12, 1, 24, 1, 36, 1 }
    bIsAdditive = false
    AdditiveRefName = None
    KeyFrameData[0] = {}
    m_pBioAnimSetData = None
    CompressedTrackTimeOffsets[0] = {}
    Tracks[0] = {}
    TrackOffsets[0] = {}

Object info:
============
ClassName: AnimSet ObjectName: 090186_JinM_Circle_Animset

    bAnimRotationOnly = true
    TrackBoneNames[2] = { WingRoot, Bip01 }
    Sequences[1] = { AnimSequence'090186_JinM_Circle_Animset.AnimSequence_0' }
    UseTranslationBoneNames[1] = { WingRoot }
    ForceMeshTranslationBoneNames[0] = {}
    PreviewSkelMeshName = 00061179.130159_Autoscale
    BulkDataBlocks[0] = {}
    KeyFrameSize = 0
    RotationChannels = 0
    TranslationChannels = 0
    m_pBioAnimSetData = None

Object info:
============
ClassName: SkeletalMesh3 ObjectName: 090186_JinM_Circle

    LODInfo[1] =
    {
        LODInfo[0] =
        {
            DisplayFactor = 0
            LODHysteresis = 0.02
            LODMaterialMap[0] = {}
            bEnableShadowCasting[1] = { true }
        }
    }
    Sockets[2] =
    {
        Sockets[0] = SkeletalMeshSocket'090186_JinM_Circle.SkeletalMeshSocket_333'
        Sockets[1] = SkeletalMeshSocket'090186_JinM_Circle.SkeletalMeshSocket_313'
    }
    bHasVertexColors = false
    EnableTwistBoneFixers = true
    EnableClavicleFixer = true
    Materials[1] = { MaterialInstanceConstant'col1' }


    Lods[1] =
    {
        Lods[0] =
        {
            Sections[1] =
            {
                Sections[0] = { Material=MaterialInstanceConstant'col1', FirstIndex=0, NumFaces=3148 }
            }
            NumVerts = 8948
            IndexCount = 9444
            NumTexCoords = 1
        }
    }
    LodCount = 1
    MeshOrigin = { X=-0, Y=-0, Z=-0 }
    MeshScale = { X=1, Y=1, Z=1 }
    RotOrigin = { Yaw=0, Pitch=0, Roll=0 }
    BoneCount = 2

Object info:
============
ClassName: SkeletalMeshSocket ObjectName: SkeletalMeshSocket_313

    SocketName = FX_Center
    BoneName = Bip01
    RelativeLocation = { X=0, Y=0, Z=0 }
    RelativeRotation = { Yaw=0, Pitch=0, Roll=0 }
    RelativeScale = { X=1, Y=1, Z=1 }

Object info:
============
ClassName: SkeletalMeshSocket ObjectName: SkeletalMeshSocket_333

    SocketName = FX_Add_Wing
    BoneName = Bip01
    RelativeLocation = { X=0, Y=0, Z=0 }
    RelativeRotation = { Yaw=0, Pitch=0, Roll=0 }
    RelativeScale = { X=1, Y=1, Z=1 }

Object info:
============
ClassName: StaticMesh3 ObjectName: SM_WingSub

    BodySetup = None
    UseSimpleLineCollision = false
    UseSimpleBoxCollision = false
    UseSimpleRigidBodyCollision = false
    UseFullPrecisionUVs = false
    Bounds =
    {
        Origin = { X=0, Y=0, Z=-0.00405121 }
        BoxExtent = { X=0, Y=22.7324, Z=22.6987 }
        SphereRadius = 22.7364
    }
    CanCompressPositions = false
    CanStripNormalsAndTangents = false
    InternalVersion = 18


    Lods[1] =
    {
        Lods[0] =
        {
            Sections[1] =
            {
                Sections[0] = { Material=Material3'001_Mesh_Default_MatM', FirstIndex=0, NumFaces=1580 }
            }
            NumVerts = 4888
            IndexCount = 4740
            NumTexCoords = 2
        }
    }
    LodCount = 1

Object info:
============
ClassName: StaticMesh3 ObjectName: test1

    BodySetup = None
    UseSimpleLineCollision = false
    UseSimpleBoxCollision = false
    UseSimpleRigidBodyCollision = false
    UseFullPrecisionUVs = false
    Bounds =
    {
        Origin = { X=0, Y=0, Z=11.3307 }
        BoxExtent = { X=22.7324, Y=22.7324, Z=11.3639 }
        SphereRadius = 25.3998
    }
    CanCompressPositions = false
    CanStripNormalsAndTangents = false
    InternalVersion = 18


    Lods[1] =
    {
        Lods[0] =
        {
            Sections[1] =
            {
                Sections[0] = { Material=Material3'001_Mesh_Default_MatM', FirstIndex=0, NumFaces=1054 }
            }
            NumVerts = 3260
            IndexCount = 3162
            NumTexCoords = 2
        }
    }
    LodCount = 1

Object info:
============
ClassName: StaticMesh3 ObjectName: Test2

    BodySetup = None
    UseSimpleLineCollision = false
    UseSimpleBoxCollision = false
    UseSimpleRigidBodyCollision = false
    UseFullPrecisionUVs = false
    Bounds =
    {
        Origin = { X=0, Y=0, Z=11.3307 }
        BoxExtent = { X=0, Y=22.7324, Z=11.3639 }
        SphereRadius = 25.3998
    }
    CanCompressPositions = false
    CanStripNormalsAndTangents = false
    InternalVersion = 18


    Lods[1] =
    {
        Lods[0] =
        {
            Sections[1] =
            {
                Sections[0] = { Material=Material3'001_Mesh_Default_MatM', FirstIndex=0, NumFaces=527 }
            }
            NumVerts = 1630
            IndexCount = 1581
            NumTexCoords = 2
        }
    }
    LodCount = 1

Object info:
============
ClassName: Texture2D ObjectName: 090186_FX_ADD_Wing

    SizeX = 1024
    SizeY = 1024
    Format = PF_DXT5 (7)
    AddressX = TA_Wrap (0)
    AddressY = TA_Wrap (0)
    TextureFileCacheName = None
    MipTailBaseIdx = 10
    bForcePVRTC4 = false
    UnpackMin[4] = { 0, 0, 0, 0 }
    UnpackMax[4] = { 1, 1, 1, 1 }
