Found 32768 game files (1766 skipped)
Loading package: 00062008.upk Ver: 573/1 Engine: 4205 Names: 141 Exports: 2 Imports: 26 Game: 801A
Loading MaterialInstanceConstant col1 from package 00062008.upk
Loading package: 00062007.upk Ver: 573/1 Engine: 4205 Names: 35 Exports: 6 Imports: 2 Game: 801A
Loading package: 00002640.upk Ver: 573/1 Engine: 4205 Names: 291 Exports: 507 Imports: 3 Game: 801A
Loading package: 00002620.upk Ver: 573/1 Engine: 4205 Names: 576 Exports: 7687 Imports: 96 Game: 801A
Loading package: 00025178.upk Ver: 573/1 Engine: 4205 Names: 76 Exports: 46 Imports: 2 Game: 801A
Loading MaterialInstanceConstant col1_fur from package 00062008.upk
Loading Texture2D 10210_JinM_Col1_N from package 00062007.upk
Loading TextureCube lenscube from package 00002640.upk
Loading Texture2D check from package 00002620.upk
Loading Texture2D 10210_JinM_Col1_S from package 00062007.upk
Loading Texture2D 10210_JinM_Col1_M from package 00062007.upk
Loading Texture2D 10210_JinM_Col1_D from package 00062007.upk
Loading Texture2D Mask_ck from package 00025178.upk
Loading Material3 Custom_B from package 00002620.upk
Loading package: 00012963.upk Ver: 573/1 Engine: 4205 Names: 1386 Exports: 1362 Imports: 10 Game: 801A
Loading Texture2D fur_N from package 00062007.upk
Loading Texture2D fur_D from package 00062007.upk
Loading Material3 Beard_Fur from package 00002620.upk
Loading Texture2D CubemapFace0 from package 00002640.upk
Loading Texture2D CubemapFace1 from package 00002640.upk
Loading Texture2D CubemapFace2 from package 00002640.upk
Loading Texture2D CubemapFace3 from package 00002640.upk
Loading Texture2D CubemapFace4 from package 00002640.upk
Loading Texture2D CubemapFace5 from package 00002640.upk
Loading Texture2D Mask_Default from package 00025178.upk
Loading Texture2D check_n from package 00002620.upk
Loading Texture2D Noise_Glass_000 from package 00012963.upk
Loading Texture2D Smoke_Pattern_001 from package 00012963.upk
Loading Texture2D Gradient_Wipe_BurnOut_Mask_TEST from package 00012963.upk
Loading Texture2D Gradient_Wipe_BurnOut_Mask from package 00012963.upk
Loading Texture2D Gradient_Line_003 from package 00012963.upk
Loaded in 0.15 sec, 3147 allocs, 2.90 MBytes serialized in 187902 calls.

Object info:
============
ClassName: MaterialInstanceConstant ObjectName: col1

    ScalarParameterValues[24] =
    {
        ScalarParameterValues[0] = { ParameterName=Transmission_value, ParameterValue=1.2 }
        ScalarParameterValues[1] = { ParameterName=Skin_glossiness, ParameterValue=3.5 }
        ScalarParameterValues[2] = { ParameterName=Skin_Spec_value, ParameterValue=1 }
        ScalarParameterValues[3] = { ParameterName=HighLight_Value, ParameterValue=2 }
        ScalarParameterValues[4] = { ParameterName=HighLight_glossiness, ParameterValue=80 }
        ScalarParameterValues[5] = { ParameterName=Emissive_value, ParameterValue=2 }
        ScalarParameterValues[6] = { ParameterName=Emissive_value2, ParameterValue=0 }
        ScalarParameterValues[7] = { ParameterName=Fresnel Value, ParameterValue=1 }
        ScalarParameterValues[8] = { ParameterName=Fresnel exponent, ParameterValue=30 }
        ScalarParameterValues[9] = { ParameterName=Skin_Spec_value_X, ParameterValue=1 }
        ScalarParameterValues[10] = { ParameterName=Top_M, ParameterValue=0 }
        ScalarParameterValues[11] = { ParameterName=Under_M, ParameterValue=0 }
        ScalarParameterValues[12] = { ParameterName=Wear_SP, ParameterValue=2 }
        ScalarParameterValues[13] = { ParameterName=Top_SP, ParameterValue=6 }
        ScalarParameterValues[14] = { ParameterName=Under_SP, ParameterValue=6 }
        ScalarParameterValues[15] = { ParameterName=Ac1_SP, ParameterValue=6 }
        ScalarParameterValues[16] = { ParameterName=Point_SP, ParameterValue=3 }
        ScalarParameterValues[17] = { ParameterName=Ac2_SP, ParameterValue=4 }
        ScalarParameterValues[18] = { ParameterName=Ac3_SP, ParameterValue=5 }
        ScalarParameterValues[19] = { ParameterName=long, ParameterValue=1 }
        ScalarParameterValues[20] = { ParameterName=Pattern_Fresnel exponent, ParameterValue=5 }
        ScalarParameterValues[21] = { ParameterName=Pattern_Fresnel Value, ParameterValue=1 }
        ScalarParameterValues[22] = { ParameterName=over_exponent, ParameterValue=5 }
        ScalarParameterValues[23] = { ParameterName=Wear_Spec_value, ParameterValue=1 }
    }
    TextureParameterValues[8] =
    {
        TextureParameterValues[0] = { ParameterName=N, ParameterValue=Texture2D'10210_JinM_Col1_N' }
        TextureParameterValues[1] = { ParameterName=rf_cube, ParameterValue=TextureCube'lenscube' }
        TextureParameterValues[2] = { ParameterName=Emissive, ParameterValue=Texture2D'check' }
        TextureParameterValues[3] = { ParameterName=S, ParameterValue=Texture2D'10210_JinM_Col1_S' }
        TextureParameterValues[4] = { ParameterName=M, ParameterValue=Texture2D'10210_JinM_Col1_M' }
        TextureParameterValues[5] = { ParameterName=D, ParameterValue=Texture2D'10210_JinM_Col1_D' }
        TextureParameterValues[6] = { ParameterName=Top_Pattern, ParameterValue=Texture2D'Mask_ck' }
        TextureParameterValues[7] = { ParameterName=Under_Pattern, ParameterValue=Texture2D'Mask_ck' }
    }
    VectorParameterValues[31] =
    {
        VectorParameterValues[0] =
        {
            ParameterName = Mesh_trangition
            ParameterValue = { R=0, G=0, B=0, A=1 }
        }
        VectorParameterValues[1] =
        {
            ParameterName = Skin_Specular
            ParameterValue = { R=1, G=1, B=1, A=1 }
        }
        VectorParameterValues[2] =
        {
            ParameterName = Reflection_value
            ParameterValue = { R=0.325037, G=0.325037, B=0.325037, A=1 }
        }
        VectorParameterValues[3] =
        {
            ParameterName = HighLight_Color
            ParameterValue = { R=0.487765, G=0.579547, B=0.573159, A=1 }
        }
        VectorParameterValues[4] =
        {
            ParameterName = Fresnel_color
            ParameterValue = { R=1, G=1, B=1, A=1 }
        }
        VectorParameterValues[5] =
        {
            ParameterName = Fresnel_Power
            ParameterValue = { R=0, G=0, B=0, A=1 }
        }
        VectorParameterValues[6] =
        {
            ParameterName = skin_color
            ParameterValue = { R=1, G=1, B=1, A=1 }
        }
        VectorParameterValues[7] =
        {
            ParameterName = Burn_Color
            ParameterValue = { R=0, G=0, B=0, A=1 }
        }
        VectorParameterValues[8] =
        {
            ParameterName = Top_S
            ParameterValue = { R=0.325037, G=0.325037, B=0.325037, A=1 }
        }
        VectorParameterValues[9] =
        {
            ParameterName = Top_L
            ParameterValue = { R=0.03, G=0.03, B=0.03, A=1 }
        }
        VectorParameterValues[10] =
        {
            ParameterName = Top_D
            ParameterValue = { R=0, G=0, B=0, A=1 }
        }
        VectorParameterValues[11] =
        {
            ParameterName = Under_S
            ParameterValue = { R=0.325037, G=0.325037, B=0.325037, A=1 }
        }
        VectorParameterValues[12] =
        {
            ParameterName = Under_L
            ParameterValue = { R=0.03, G=0.03, B=0.03, A=1 }
        }
        VectorParameterValues[13] =
        {
            ParameterName = Under_D
            ParameterValue = { R=0, G=0, B=0, A=1 }
        }
        VectorParameterValues[14] =
        {
            ParameterName = Ac1_S
            ParameterValue = { R=0.325037, G=0.325037, B=0.325037, A=1 }
        }
        VectorParameterValues[15] =
        {
            ParameterName = Ac1_L
            ParameterValue = { R=0.03, G=0.03, B=0.03, A=1 }
        }
        VectorParameterValues[16] =
        {
            ParameterName = Ac1_D
            ParameterValue = { R=0, G=0, B=0, A=1 }
        }
        VectorParameterValues[17] =
        {
            ParameterName = Point_S
            ParameterValue = { R=1, G=0.002586, B=0.002586, A=1 }
        }
        VectorParameterValues[18] =
        {
            ParameterName = Point_L
            ParameterValue = { R=0.598942, G=0.005522, B=0.005522, A=1 }
        }
        VectorParameterValues[19] =
        {
            ParameterName = Point_D
            ParameterValue = { R=0.108711, G=0.007155, B=0.007155, A=1 }
        }
        VectorParameterValues[20] =
        {
            ParameterName = Ac2_S
            ParameterValue = { R=0, G=0, B=0, A=1 }
        }
        VectorParameterValues[21] =
        {
            ParameterName = Ac2_L
            ParameterValue = { R=0, G=0, B=0, A=1 }
        }
        VectorParameterValues[22] =
        {
            ParameterName = Ac2_D
            ParameterValue = { R=0.000262, G=0.000262, B=0.000262, A=1 }
        }
        VectorParameterValues[23] =
        {
            ParameterName = Ac3_S
            ParameterValue = { R=0, G=0, B=0, A=1 }
        }
        VectorParameterValues[24] =
        {
            ParameterName = Ac3_L
            ParameterValue = { R=0, G=0, B=0, A=1 }
        }
        VectorParameterValues[25] =
        {
            ParameterName = Ac3_D
            ParameterValue = { R=0, G=0, B=0, A=1 }
        }
        VectorParameterValues[26] =
        {
            ParameterName = Pattern_Size
            ParameterValue = { R=4, G=4, B=4, A=4 }
        }
        VectorParameterValues[27] =
        {
            ParameterName = Top_over
            ParameterValue = { R=0, G=0, B=0, A=1 }
        }
        VectorParameterValues[28] =
        {
            ParameterName = Under_over
            ParameterValue = { R=0, G=0, B=0, A=1 }
        }
        VectorParameterValues[29] =
        {
            ParameterName = FOOT_over
            ParameterValue = { R=0, G=0, B=0, A=1 }
        }
        VectorParameterValues[30] =
        {
            ParameterName = Point_over
            ParameterValue = { R=0, G=0, B=0, A=1 }
        }
    }
    Parent = Material3'Custom_B'
    FlattenedTexture = None
    MobileBaseTexture = None
    MobileNormalTexture = None
    bUseMobileSpecular = false
    MobileSpecularPower = 16
    MobileSpecularMask = MSM_Constant (0)
    MobileMaskTexture = None

Object info:
============
ClassName: MaterialInstanceConstant ObjectName: col1_fur

    ScalarParameterValues[5] =
    {
        ScalarParameterValues[0] = { ParameterName=long, ParameterValue=3 }
        ScalarParameterValues[1] = { ParameterName=Hair_Glossiness, ParameterValue=2 }
        ScalarParameterValues[2] = { ParameterName=Fresnel Value, ParameterValue=5 }
        ScalarParameterValues[3] = { ParameterName=Fresnel exponent, ParameterValue=2 }
        ScalarParameterValues[4] = { ParameterName=Specular_value, ParameterValue=0.4 }
    }
    TextureParameterValues[2] =
    {
        TextureParameterValues[0] = { ParameterName=Hair_normal, ParameterValue=Texture2D'fur_N' }
        TextureParameterValues[1] = { ParameterName=Hair_Diffuse, ParameterValue=Texture2D'fur_D' }
    }
    VectorParameterValues[6] =
    {
        VectorParameterValues[0] =
        {
            ParameterName = Mesh_trangition
            ParameterValue = { R=0, G=0, B=0, A=1 }
        }
        VectorParameterValues[1] =
        {
            ParameterName = hair_color_S
            ParameterValue = { R=0.95737, G=0.907547, B=0.632043, A=1 }
        }
        VectorParameterValues[2] =
        {
            ParameterName = hair_color_L
            ParameterValue = { R=0.618686, G=0.45908, B=0.358654, A=1 }
        }
        VectorParameterValues[3] =
        {
            ParameterName = hair_color_D
            ParameterValue = { R=0.493616, G=0.378676, B=0.288816, A=1 }
        }
        VectorParameterValues[4] =
        {
            ParameterName = Fresnel_color
            ParameterValue = { R=0, G=0, B=0, A=1 }
        }
        VectorParameterValues[5] =
        {
            ParameterName = Fresnel_Power
            ParameterValue = { R=0, G=0, B=0, A=1 }
        }
    }
    Parent = Material3'Beard_Fur'
    FlattenedTexture = None
    MobileBaseTexture = None
    MobileNormalTexture = None
    bUseMobileSpecular = false
    MobileSpecularPower = 16
    MobileSpecularMask = MSM_Constant (0)
    MobileMaskTexture = None
