Found 32768 game files (1766 skipped)
Loading package: 00060397.upk Ver: 573/1 Engine: 4205 Names: 29 Exports: 4 Imports: 2 Game: 801A
Loading Texture2D 10198_LynM_col1_D from package 00060397.upk
Loading Texture2D 10198_LynM_col1_M from package 00060397.upk
Loading Texture2D 10198_LynM_col1_N from package 00060397.upk
Loading Texture2D 10198_LynM_col1_S from package 00060397.upk
Loaded in 0.06 sec, 193 allocs, 4.83 MBytes serialized in 1280 calls.

Object info:
============
ClassName: Texture2D ObjectName: 10198_LynM_col1_D

    SizeX = 2048
    SizeY = 2048
    Format = PF_DXT5 (7)
    AddressX = TA_Wrap (0)
    AddressY = TA_Wrap (0)
    TextureFileCacheName = None
    MipTailBaseIdx = 11
    bForcePVRTC4 = false
    UnpackMin[4] = { 0, 0, 0, 0 }
    UnpackMax[4] = { 1, 1, 1, 1 }

Object info:
============
ClassName: Texture2D ObjectName: 10198_LynM_col1_M

    SizeX = 2048
    SizeY = 2048
    Format = PF_DXT1 (5)
    AddressX = TA_Wrap (0)
    AddressY = TA_Wrap (0)
    TextureFileCacheName = None
    MipTailBaseIdx = 11
    bForcePVRTC4 = false
    UnpackMin[4] = { 0, 0, 0, 0 }
    UnpackMax[4] = { 1, 1, 1, 1 }

Object info:
============
ClassName: Texture2D ObjectName: 10198_LynM_col1_N

    SizeX = 2048
    SizeY = 2048
    Format = PF_DXT1 (5)
    AddressX = TA_Wrap (0)
    AddressY = TA_Wrap (0)
    TextureFileCacheName = None
    MipTailBaseIdx = 11
    bForcePVRTC4 = false
    UnpackMin[4] = { 0, 0, 0, 0 }
    UnpackMax[4] = { 1, 1, 1, 1 }

Object info:
============
ClassName: Texture2D ObjectName: 10198_LynM_col1_S

    SizeX = 2048
    SizeY = 2048
    Format = PF_DXT1 (5)
    AddressX = TA_Wrap (0)
    AddressY = TA_Wrap (0)
    TextureFileCacheName = None
    MipTailBaseIdx = 11
    bForcePVRTC4 = false
    UnpackMin[4] = { 0, 0, 0, 0 }
    UnpackMax[4] = { 1, 1, 1, 1 }
