Found 32768 game files (1766 skipped)
Loading package: 00061730.upk Ver: 573/1 Engine: 4205 Names: 154 Exports: 2 Imports: 29 Game: 801A
Loading MaterialInstanceConstant col1 from package 00061730.upk
Loading package: 00061729.upk Ver: 573/1 Engine: 4205 Names: 29 Exports: 4 Imports: 2 Game: 801A
Loading package: 00002640.upk Ver: 573/1 Engine: 4205 Names: 291 Exports: 507 Imports: 3 Game: 801A
Loading package: 00002620.upk Ver: 573/1 Engine: 4205 Names: 576 Exports: 7687 Imports: 96 Game: 801A
Loading package: 00025178.upk Ver: 573/1 Engine: 4205 Names: 76 Exports: 46 Imports: 2 Game: 801A
Loading MaterialInstanceConstant col2 from package 00061730.upk
Loading package: 00061243.upk Ver: 573/1 Engine: 4205 Names: 31 Exports: 4 Imports: 2 Game: 801A
Loading package: 00048421.upk Ver: 573/1 Engine: 4205 Names: 212 Exports: 297 Imports: 57 Game: 801A
Loading Texture2D 10205_LynF_col1_N from package 00061729.upk
Loading TextureCube lenscube_a from package 00002640.upk
Loading Texture2D check from package 00002620.upk
Loading Texture2D 10205_LynF_col1_S from package 00061729.upk
Loading Texture2D 10205_LynF_col1_M from package 00061729.upk
Loading Texture2D 10205_LynF_col1_D from package 00061729.upk
Loading Texture2D Mask_Default from package 00025178.upk
Loading Material3 Custom_B from package 00002620.upk
Loading package: 00012963.upk Ver: 573/1 Engine: 4205 Names: 1386 Exports: 1362 Imports: 10 Game: 801A
Loading Texture2D 10205_JinF_col1_N from package 00061243.upk
Loading Texture2D 10205_JinF_col1_D from package 00061243.upk
Loading Texture2D 10205_JinF_col1_S from package 00061243.upk
Loading Texture2D cube_c_DN from package 00002640.upk
Loading Texture2D check_n from package 00002620.upk
Loading Material3 Blend_OP_Rose_Fx from package 00048421.upk
Loading Texture2D CubemapFace0 from package 00002640.upk
Loading Texture2D CubemapFace1 from package 00002640.upk
Loading Texture2D CubemapFace2 from package 00002640.upk
Loading Texture2D CubemapFace3 from package 00002640.upk
Loading Texture2D CubemapFace4 from package 00002640.upk
Loading Texture2D CubemapFace5 from package 00002640.upk
Loading Texture2D Noise_Glass_000 from package 00012963.upk
Loading Texture2D Smoke_Pattern_001 from package 00012963.upk
Loading Texture2D Gradient_Wipe_BurnOut_Mask_TEST from package 00012963.upk
Loading Texture2D Gradient_Wipe_BurnOut_Mask from package 00012963.upk
Loading Texture2D Gradient_Line_003 from package 00012963.upk
Loaded in 0.17 sec, 3462 allocs, 4.51 MBytes serialized in 194890 calls.

Object info:
============
ClassName: MaterialInstanceConstant ObjectName: col1

    ScalarParameterValues[24] =
    {
        ScalarParameterValues[0] = { ParameterName=Transmission_value, ParameterValue=3 }
        ScalarParameterValues[1] = { ParameterName=Skin_glossiness, ParameterValue=3.5 }
        ScalarParameterValues[2] = { ParameterName=Skin_Spec_value, ParameterValue=1 }
        ScalarParameterValues[3] = { ParameterName=HighLight_Value, ParameterValue=4 }
        ScalarParameterValues[4] = { ParameterName=HighLight_glossiness, ParameterValue=2 }
        ScalarParameterValues[5] = { ParameterName=Emissive_value, ParameterValue=2 }
        ScalarParameterValues[6] = { ParameterName=Emissive_value2, ParameterValue=0 }
        ScalarParameterValues[7] = { ParameterName=Fresnel Value, ParameterValue=4 }
        ScalarParameterValues[8] = { ParameterName=Fresnel exponent, ParameterValue=3.5 }
        ScalarParameterValues[9] = { ParameterName=Skin_Spec_value_X, ParameterValue=1 }
        ScalarParameterValues[10] = { ParameterName=Top_M, ParameterValue=1 }
        ScalarParameterValues[11] = { ParameterName=Under_M, ParameterValue=1.5 }
        ScalarParameterValues[12] = { ParameterName=Wear_SP, ParameterValue=1 }
        ScalarParameterValues[13] = { ParameterName=Top_SP, ParameterValue=1.5 }
        ScalarParameterValues[14] = { ParameterName=Under_SP, ParameterValue=0.5 }
        ScalarParameterValues[15] = { ParameterName=Ac1_SP, ParameterValue=0.5 }
        ScalarParameterValues[16] = { ParameterName=Point_SP, ParameterValue=6 }
        ScalarParameterValues[17] = { ParameterName=Ac2_SP, ParameterValue=1 }
        ScalarParameterValues[18] = { ParameterName=Ac3_SP, ParameterValue=1 }
        ScalarParameterValues[19] = { ParameterName=long, ParameterValue=1 }
        ScalarParameterValues[20] = { ParameterName=Pattern_Fresnel exponent, ParameterValue=5 }
        ScalarParameterValues[21] = { ParameterName=Pattern_Fresnel Value, ParameterValue=1 }
        ScalarParameterValues[22] = { ParameterName=over_exponent, ParameterValue=5 }
        ScalarParameterValues[23] = { ParameterName=Wear_Spec_value, ParameterValue=1 }
    }
    TextureParameterValues[8] =
    {
        TextureParameterValues[0] = { ParameterName=N, ParameterValue=Texture2D'10205_LynF_col1_N' }
        TextureParameterValues[1] = { ParameterName=rf_cube, ParameterValue=TextureCube'lenscube_a' }
        TextureParameterValues[2] = { ParameterName=Emissive, ParameterValue=Texture2D'check' }
        TextureParameterValues[3] = { ParameterName=S, ParameterValue=Texture2D'10205_LynF_col1_S' }
        TextureParameterValues[4] = { ParameterName=M, ParameterValue=Texture2D'10205_LynF_col1_M' }
        TextureParameterValues[5] = { ParameterName=D, ParameterValue=Texture2D'10205_LynF_col1_D' }
        TextureParameterValues[6] = { ParameterName=Top_Pattern, ParameterValue=Texture2D'Mask_Default' }
        TextureParameterValues[7] = { ParameterName=Under_Pattern, ParameterValue=Texture2D'Mask_Default' }
    }
    VectorParameterValues[31] =
    {
        VectorParameterValues[0] =
        {
            ParameterName = Mesh_trangition
            ParameterValue = { R=0, G=0, B=0, A=1 }
        }
        VectorParameterValues[1] =
        {
            ParameterName = Skin_Specular
            ParameterValue = { R=1, G=1, B=1, A=1 }
        }
        VectorParameterValues[2] =
        {
            ParameterName = Reflection_value
            ParameterValue = { R=2, G=2, B=2, A=1 }
        }
        VectorParameterValues[3] =
        {
            ParameterName = HighLight_Color
            ParameterValue = { R=0.729919, G=0.625345, B=0.420508, A=1 }
        }
        VectorParameterValues[4] =
        {
            ParameterName = Fresnel_color
            ParameterValue = { R=0, G=0, B=0, A=1 }
        }
        VectorParameterValues[5] =
        {
            ParameterName = Fresnel_Power
            ParameterValue = { R=0, G=0, B=0, A=1 }
        }
        VectorParameterValues[6] =
        {
            ParameterName = skin_color
            ParameterValue = { R=1, G=1, B=1, A=1 }
        }
        VectorParameterValues[7] =
        {
            ParameterName = Burn_Color
            ParameterValue = { R=0, G=0, B=0, A=1 }
        }
        VectorParameterValues[8] =
        {
            ParameterName = Top_S
            ParameterValue = { R=0.932277, G=0.592438, B=0.144972, A=1 }
        }
        VectorParameterValues[9] =
        {
            ParameterName = Top_L
            ParameterValue = { R=0.991393, G=0.560499, B=0.383775, A=1 }
        }
        VectorParameterValues[10] =
        {
            ParameterName = Top_D
            ParameterValue = { R=0.965815, G=0.645555, B=0.573159, A=1 }
        }
        VectorParameterValues[11] =
        {
            ParameterName = Under_S
            ParameterValue = { R=0.505433, G=0.373615, B=0.121986, A=1 }
        }
        VectorParameterValues[12] =
        {
            ParameterName = Under_L
            ParameterValue = { R=0.687031, G=0.84337, B=0.812242, A=1 }
        }
        VectorParameterValues[13] =
        {
            ParameterName = Under_D
            ParameterValue = { R=0.965815, G=0.715466, B=0.476177, A=1 }
        }
        VectorParameterValues[14] =
        {
            ParameterName = Ac1_S
            ParameterValue = { R=0.991393, G=0.965815, B=0.940601, A=1 }
        }
        VectorParameterValues[15] =
        {
            ParameterName = Ac1_L
            ParameterValue = { R=0.835528, G=0.766744, B=0.694081, A=1 }
        }
        VectorParameterValues[16] =
        {
            ParameterName = Ac1_D
            ParameterValue = { R=0.965815, G=0.766744, B=0.579547, A=1 }
        }
        VectorParameterValues[17] =
        {
            ParameterName = Point_S
            ParameterValue = { R=0.948965, G=0.875138, B=0.442323, A=1 }
        }
        VectorParameterValues[18] =
        {
            ParameterName = Point_L
            ParameterValue = { R=0.95737, G=0.238828, B=0.315763, A=1 }
        }
        VectorParameterValues[19] =
        {
            ParameterName = Point_D
            ParameterValue = { R=0.673049, G=0.227137, B=0.166872, A=1 }
        }
        VectorParameterValues[20] =
        {
            ParameterName = Ac2_S
            ParameterValue = { R=0.45908, G=0.781751, B=0.329729, A=1 }
        }
        VectorParameterValues[21] =
        {
            ParameterName = Ac2_L
            ParameterValue = { R=1, G=0, B=1, A=1 }
        }
        VectorParameterValues[22] =
        {
            ParameterName = Ac2_D
            ParameterValue = { R=0.101145, G=0.078057, B=0.069727, A=1 }
        }
        VectorParameterValues[23] =
        {
            ParameterName = Ac3_S
            ParameterValue = { R=0.21952, G=1, B=1, A=1 }
        }
        VectorParameterValues[24] =
        {
            ParameterName = Ac3_L
            ParameterValue = { R=0, G=1, B=1, A=1 }
        }
        VectorParameterValues[25] =
        {
            ParameterName = Ac3_D
            ParameterValue = { R=0.101145, G=0.078057, B=0.069727, A=1 }
        }
        VectorParameterValues[26] =
        {
            ParameterName = Pattern_Size
            ParameterValue = { R=5, G=5, B=6, A=6 }
        }
        VectorParameterValues[27] =
        {
            ParameterName = Top_over
            ParameterValue = { R=0, G=0, B=0, A=1 }
        }
        VectorParameterValues[28] =
        {
            ParameterName = Under_over
            ParameterValue = { R=0, G=0, B=0, A=1 }
        }
        VectorParameterValues[29] =
        {
            ParameterName = FOOT_over
            ParameterValue = { R=0, G=0, B=0, A=1 }
        }
        VectorParameterValues[30] =
        {
            ParameterName = Point_over
            ParameterValue = { R=0, G=0, B=0, A=1 }
        }
    }
    Parent = Material3'Custom_B'
    FlattenedTexture = None
    MobileBaseTexture = None
    MobileNormalTexture = None
    bUseMobileSpecular = false
    MobileSpecularPower = 16
    MobileSpecularMask = MSM_Constant (0)
    MobileMaskTexture = None

Object info:
============
ClassName: MaterialInstanceConstant ObjectName: col2

    ScalarParameterValues[6] =
    {
        ScalarParameterValues[0] = { ParameterName=Opacity, ParameterValue=0.3 }
        ScalarParameterValues[1] = { ParameterName=Fresnel_Exp, ParameterValue=0.05 }
        ScalarParameterValues[2] = { ParameterName=Specular_value, ParameterValue=80 }
        ScalarParameterValues[3] = { ParameterName=Lens_spec_Power, ParameterValue=0.1 }
        ScalarParameterValues[4] = { ParameterName=HighLight_Value_FX, ParameterValue=5 }
        ScalarParameterValues[5] = { ParameterName=HighLight_glossiness_FX, ParameterValue=20 }
    }
    TextureParameterValues[5] =
    {
        TextureParameterValues[0] = { ParameterName=Normal, ParameterValue=Texture2D'10205_JinF_col1_N' }
        TextureParameterValues[1] = { ParameterName=Diffuse, ParameterValue=Texture2D'10205_JinF_col1_D' }
        TextureParameterValues[2] = { ParameterName=Specular, ParameterValue=Texture2D'10205_JinF_col1_S' }
        TextureParameterValues[3] = { ParameterName=Lens_spec_cube, ParameterValue=Texture2D'cube_c_DN' }
        TextureParameterValues[4] = { ParameterName=FX_Tex, ParameterValue=Texture2D'check_n' }
    }
    VectorParameterValues[5] =
    {
        VectorParameterValues[0] =
        {
            ParameterName = Mesh_trangition
            ParameterValue = { R=0, G=0, B=0, A=1 }
        }
        VectorParameterValues[1] =
        {
            ParameterName = Fresnel_color
            ParameterValue = { R=0, G=0, B=0, A=1 }
        }
        VectorParameterValues[2] =
        {
            ParameterName = Fresnel_Power
            ParameterValue = { R=0, G=0, B=0, A=1 }
        }
        VectorParameterValues[3] =
        {
            ParameterName = Rose_Fx_power
            ParameterValue = { R=0, G=0, B=0, A=0 }
        }
        VectorParameterValues[4] =
        {
            ParameterName = Rose_Fx_color
            ParameterValue = { R=1, G=1, B=1, A=1 }
        }
    }
    Parent = Material3'Blend_OP_Rose_Fx'
    FlattenedTexture = None
    MobileBaseTexture = None
    MobileNormalTexture = None
    bUseMobileSpecular = false
    MobileSpecularPower = 16
    MobileSpecularMask = MSM_Constant (0)
    MobileMaskTexture = None
