Found 32768 game files (1766 skipped)
Loading package: 00061136.upk Ver: 573/1 Engine: 4205 Names: 129 Exports: 88 Imports: 16 Game: 801A
Loading SkeletalMesh3 090185_GonM from package 00061136.upk
Loading package: 00060829.upk Ver: 573/1 Engine: 4205 Names: 210 Exports: 3 Imports: 25 Game: 801A
Loading SkeletalMeshSocket SkeletalMeshSocket_79 from package 00061136.upk
WARNING: ObjectProperty "USkeletalMeshSocket::DependencyParticleSystem" was not found
WARNING: BoolProperty "USkeletalMeshSocket::bParticleAttachPosOnly" was not found
Loading SkeletalMeshSocket SkeletalMeshSocket_83 from package 00061136.upk
WARNING: ObjectProperty "USkeletalMeshSocket::DependencyParticleSystem" was not found
WARNING: BoolProperty "USkeletalMeshSocket::bParticleAttachPosOnly" was not found
Loading SkeletalMeshSocket SkeletalMeshSocket_84 from package 00061136.upk
WARNING: ObjectProperty "USkeletalMeshSocket::DependencyParticleSystem" was not found
WARNING: BoolProperty "USkeletalMeshSocket::bParticleAttachPosOnly" was not found
Loading MaterialInstanceConstant col1 from package 00060829.upk
Loading package: 00060828.upk Ver: 573/1 Engine: 4205 Names: 33 Exports: 5 Imports: 2 Game: 801A
Loading package: 00025178.upk Ver: 573/1 Engine: 4205 Names: 76 Exports: 46 Imports: 2 Game: 801A
Loading package: 00012963.upk Ver: 573/1 Engine: 4205 Names: 1386 Exports: 1362 Imports: 10 Game: 801A
Loading package: 00002640.upk Ver: 573/1 Engine: 4205 Names: 291 Exports: 507 Imports: 3 Game: 801A
Loading package: 00048300.upk Ver: 573/1 Engine: 4205 Names: 840 Exports: 8203 Imports: 226 Game: 801A
Loading Texture2D 090185_JinF_col1_N from package 00060828.upk
Loading Texture2D 090185_JinF_col1_S from package 00060828.upk
Loading Texture2D 090185_JinF_col1_M from package 00060828.upk
Loading Texture2D 090185_JinF_col1_D from package 00060828.upk
Loading Texture2D Mask_Default from package 00025178.upk
Loading Texture2D FX_Glow_Trangition from package 00012963.upk
Loading TextureCube lenscube from package 00002640.upk
Loading Texture2D 090185_JinF_col1_E from package 00060828.upk
Loading Texture2D 090185_FX_mask02_512 from package 00060829.upk
Loading Texture2D Noise_Mix03 from package 00048300.upk
Loading Material3 Custom_B_wing from package 00048300.upk
Loading package: 00002620.upk Ver: 573/1 Engine: 4205 Names: 576 Exports: 7687 Imports: 96 Game: 801A
Loading Texture2D CubemapFace0 from package 00002640.upk
Loading Texture2D CubemapFace1 from package 00002640.upk
Loading Texture2D CubemapFace2 from package 00002640.upk
Loading Texture2D CubemapFace3 from package 00002640.upk
Loading Texture2D CubemapFace4 from package 00002640.upk
Loading Texture2D CubemapFace5 from package 00002640.upk
Loading Texture2D check from package 00002620.upk
Loading Texture2D check_n from package 00002620.upk
Loading Texture2D Smoke_Pattern_001 from package 00012963.upk
Loaded in 0.17 sec, 4135 allocs, 2.66 MBytes serialized in 479529 calls.

Object info:
============
ClassName: SkeletalMesh3 ObjectName: 090185_GonM

    LODInfo[1] =
    {
        LODInfo[0] =
        {
            DisplayFactor = 0
            LODHysteresis = 0.02
            LODMaterialMap[0] = {}
            bEnableShadowCasting[1] = { true }
        }
    }
    Sockets[3] =
    {
        Sockets[0] = SkeletalMeshSocket'090185_GonM.SkeletalMeshSocket_79'
        Sockets[1] = SkeletalMeshSocket'090185_GonM.SkeletalMeshSocket_83'
        Sockets[2] = SkeletalMeshSocket'090185_GonM.SkeletalMeshSocket_84'
    }
    bHasVertexColors = false
    EnableTwistBoneFixers = true
    EnableClavicleFixer = true
    Materials[1] = { MaterialInstanceConstant'col1' }


    Lods[1] =
    {
        Lods[0] =
        {
            Sections[1] =
            {
                Sections[0] = { Material=MaterialInstanceConstant'col1', FirstIndex=0, NumFaces=4547 }
            }
            NumVerts = 3891
            IndexCount = 13641
            NumTexCoords = 1
        }
    }
    LodCount = 1
    MeshOrigin = { X=-0, Y=-0, Z=-0 }
    MeshScale = { X=1, Y=1, Z=1 }
    RotOrigin = { Yaw=0, Pitch=0, Roll=0 }
    BoneCount = 23

Object info:
============
ClassName: SkeletalMeshSocket ObjectName: SkeletalMeshSocket_79

    SocketName = FX_doco01
    BoneName = Bone_A09_Spine2_B04_Root
    RelativeLocation = { X=0, Y=0, Z=0 }
    RelativeRotation = { Yaw=0, Pitch=0, Roll=0 }
    RelativeScale = { X=1.6, Y=1.6, Z=1.6 }

Object info:
============
ClassName: SkeletalMeshSocket ObjectName: SkeletalMeshSocket_83

    SocketName = FX_doco01_B
    BoneName = Bone_A09_Spine2_B05_Root
    RelativeLocation = { X=0, Y=0, Z=0 }
    RelativeRotation = { Yaw=0, Pitch=0, Roll=0 }
    RelativeScale = { X=1.4, Y=1.4, Z=1.4 }

Object info:
============
ClassName: SkeletalMeshSocket ObjectName: SkeletalMeshSocket_84

    SocketName = FX_butterfly
    BoneName = Bone_A09_Spine2_B03_Root
    RelativeLocation = { X=-8.04467, Y=-3.32561, Z=2.19332 }
    RelativeRotation = { Yaw=0, Pitch=-1268, Roll=1735 }
    RelativeScale = { X=1, Y=1, Z=1 }
