Found 32768 game files (1766 skipped)
Loading package: 00061141.upk Ver: 573/1 Engine: 4205 Names: 141 Exports: 102 Imports: 17 Game: 801A
Loading SkeletalMesh3 090185_LynM from package 00061141.upk
Loading package: 00060829.upk Ver: 573/1 Engine: 4205 Names: 210 Exports: 3 Imports: 25 Game: 801A
Loading SkeletalMeshSocket SkeletalMeshSocket_66 from package 00061141.upk
WARNING: ObjectProperty "USkeletalMeshSocket::DependencyParticleSystem" was not found
WARNING: BoolProperty "USkeletalMeshSocket::bParticleAttachPosOnly" was not found
Loading SkeletalMeshSocket SkeletalMeshSocket_69 from package 00061141.upk
WARNING: ObjectProperty "USkeletalMeshSocket::DependencyParticleSystem" was not found
WARNING: BoolProperty "USkeletalMeshSocket::bParticleAttachPosOnly" was not found
Loading SkeletalMeshSocket SkeletalMeshSocket_70 from package 00061141.upk
WARNING: ObjectProperty "USkeletalMeshSocket::DependencyParticleSystem" was not found
WARNING: BoolProperty "USkeletalMeshSocket::bParticleAttachPosOnly" was not found
Loading SkeletalMeshSocket SkeletalMeshSocket_71 from package 00061141.upk
WARNING: ObjectProperty "USkeletalMeshSocket::DependencyParticleSystem" was not found
WARNING: BoolProperty "USkeletalMeshSocket::bParticleAttachPosOnly" was not found
Loading SkeletalMeshSocket SkeletalMeshSocket_72 from package 00061141.upk
WARNING: ObjectProperty "USkeletalMeshSocket::DependencyParticleSystem" was not found
WARNING: BoolProperty "USkeletalMeshSocket::bParticleAttachPosOnly" was not found
Loading MaterialInstanceConstant col1 from package 00060829.upk
Loading package: 00060828.upk Ver: 573/1 Engine: 4205 Names: 33 Exports: 5 Imports: 2 Game: 801A
Loading package: 00025178.upk Ver: 573/1 Engine: 4205 Names: 76 Exports: 46 Imports: 2 Game: 801A
Loading package: 00012963.upk Ver: 573/1 Engine: 4205 Names: 1386 Exports: 1362 Imports: 10 Game: 801A
Loading package: 00002640.upk Ver: 573/1 Engine: 4205 Names: 291 Exports: 507 Imports: 3 Game: 801A
Loading package: 00048300.upk Ver: 573/1 Engine: 4205 Names: 840 Exports: 8203 Imports: 226 Game: 801A
Loading Texture2D 090185_JinF_col1_N from package 00060828.upk
Loading Texture2D 090185_JinF_col1_S from package 00060828.upk
Loading Texture2D 090185_JinF_col1_M from package 00060828.upk
Loading Texture2D 090185_JinF_col1_D from package 00060828.upk
Loading Texture2D Mask_Default from package 00025178.upk
Loading Texture2D FX_Glow_Trangition from package 00012963.upk
Loading TextureCube lenscube from package 00002640.upk
Loading Texture2D 090185_JinF_col1_E from package 00060828.upk
Loading Texture2D 090185_FX_mask02_512 from package 00060829.upk
Loading Texture2D Noise_Mix03 from package 00048300.upk
Loading Material3 Custom_B_wing from package 00048300.upk
Loading package: 00002620.upk Ver: 573/1 Engine: 4205 Names: 576 Exports: 7687 Imports: 96 Game: 801A
Loading Texture2D CubemapFace0 from package 00002640.upk
Loading Texture2D CubemapFace1 from package 00002640.upk
Loading Texture2D CubemapFace2 from package 00002640.upk
Loading Texture2D CubemapFace3 from package 00002640.upk
Loading Texture2D CubemapFace4 from package 00002640.upk
Loading Texture2D CubemapFace5 from package 00002640.upk
Loading Texture2D check from package 00002620.upk
Loading Texture2D check_n from package 00002620.upk
Loading Texture2D Smoke_Pattern_001 from package 00012963.upk
Loaded in 0.15 sec, 4149 allocs, 2.65 MBytes serialized in 476792 calls.

Object info:
============
ClassName: SkeletalMesh3 ObjectName: 090185_LynM

    LODInfo[1] =
    {
        LODInfo[0] =
        {
            DisplayFactor = 0
            LODHysteresis = 0.02
            LODMaterialMap[0] = {}
            bEnableShadowCasting[1] = { true }
        }
    }
    Sockets[5] =
    {
        Sockets[0] = SkeletalMeshSocket'090185_LynM.SkeletalMeshSocket_69'
        Sockets[1] = SkeletalMeshSocket'090185_LynM.SkeletalMeshSocket_70'
        Sockets[2] = SkeletalMeshSocket'090185_LynM.SkeletalMeshSocket_71'
        Sockets[3] = SkeletalMeshSocket'090185_LynM.SkeletalMeshSocket_72'
        Sockets[4] = SkeletalMeshSocket'090185_LynM.SkeletalMeshSocket_66'
    }
    bHasVertexColors = false
    EnableTwistBoneFixers = true
    EnableClavicleFixer = true
    Materials[1] = { MaterialInstanceConstant'col1' }


    Lods[1] =
    {
        Lods[0] =
        {
            Sections[1] =
            {
                Sections[0] = { Material=MaterialInstanceConstant'col1', FirstIndex=0, NumFaces=4419 }
            }
            NumVerts = 3812
            IndexCount = 13257
            NumTexCoords = 1
        }
    }
    LodCount = 1
    MeshOrigin = { X=-0, Y=-0, Z=-0 }
    MeshScale = { X=1, Y=1, Z=1 }
    RotOrigin = { Yaw=0, Pitch=0, Roll=0 }
    BoneCount = 29

Object info:
============
ClassName: SkeletalMeshSocket ObjectName: SkeletalMeshSocket_66

    SocketName = FX_butterfly
    BoneName = Bone_A09_Spine2_R02_Root
    RelativeLocation = { X=2.89715, Y=0, Z=-5.25759 }
    RelativeRotation = { Yaw=0, Pitch=0, Roll=0 }
    RelativeScale = { X=0.4, Y=0.4, Z=0.4 }

Object info:
============
ClassName: SkeletalMeshSocket ObjectName: SkeletalMeshSocket_69

    SocketName = FX_deco01
    BoneName = Bone_A09_Spine2_L02_Root
    RelativeLocation = { X=0, Y=0, Z=0 }
    RelativeRotation = { Yaw=0, Pitch=0, Roll=0 }
    RelativeScale = { X=0.6, Y=0.6, Z=0.6 }

Object info:
============
ClassName: SkeletalMeshSocket ObjectName: SkeletalMeshSocket_70

    SocketName = FX_deco01_R
    BoneName = Bone_A09_Spine2_R01_Root
    RelativeLocation = { X=0, Y=1.4329e-007, Z=-1.21969 }
    RelativeRotation = { Yaw=0, Pitch=0, Roll=32768 }
    RelativeScale = { X=0.8, Y=0.8, Z=0.8 }

Object info:
============
ClassName: SkeletalMeshSocket ObjectName: SkeletalMeshSocket_71

    SocketName = FX_deco02
    BoneName = Bone_A09_Spine2_L01_Root
    RelativeLocation = { X=-0.188453, Y=-3.41657, Z=4.13102 }
    RelativeRotation = { Yaw=32768, Pitch=0, Roll=0 }
    RelativeScale = { X=0.25, Y=0.25, Z=0.25 }

Object info:
============
ClassName: SkeletalMeshSocket ObjectName: SkeletalMeshSocket_72

    SocketName = FX_deco02_R
    BoneName = Bone_A09_Spine2_R01_Root
    RelativeLocation = { X=0.90622, Y=-3.76929, Z=2.24203 }
    RelativeRotation = { Yaw=0, Pitch=0, Roll=0 }
    RelativeScale = { X=0.4, Y=0.4, Z=0.4 }
