Found 32768 game files (1766 skipped)
Loading package: 00006571.upk Ver: 573/1 Engine: 4205 Names: 462 Exports: 154 Imports: 121 Game: 801A
Loading AnimSet UnbalanceZombie_AnimSet from package 00006571.upk
WARNING: BoolProperty "UAnimSet::bServiced" was not found
WARNING: ArrayProperty "UAnimSet::AdjustAniScaleBoneNames" was not found
WARNING: ArrayProperty "UAnimSet::RefSequences" was not found
WARNING: ArrayProperty "UAnimSet::PhysicalHitBoneNames" was not found
WARNING: ArrayProperty "UAnimSet::IgnoreAnimBoneNames" was not found
Loading AnimSequence AnimSequence_2 from package 00006571.upk
WARNING: BoolProperty "UAnimSequence::bServiced" was not found
Loading AnimNotify_Sound AnimNotify_Sound_17 from package 00006571.upk
WARNING: BoolProperty "UAnimNotify_Sound::bMute" was not found
WARNING: FloatProperty "UAnimNotify_Sound::SoundVolume" was not found
Loading AnimNotify_Sound AnimNotify_Sound_18 from package 00006571.upk
WARNING: BoolProperty "UAnimNotify_Sound::bMute" was not found
Loading AnimNotify_Sound AnimNotify_Sound_19 from package 00006571.upk
WARNING: BoolProperty "UAnimNotify_Sound::bMute" was not found
WARNING: FloatProperty "UAnimNotify_Sound::SoundVolume" was not found
Loading AnimSequence AnimSequence_20 from package 00006571.upk
WARNING: BoolProperty "UAnimSequence::bServiced" was not found
Loading AnimNotify_Sound AnimNotify_Sound_0 from package 00006571.upk
WARNING: FloatProperty "UAnimNotify_Sound::SoundVolume" was not found
Loading AnimNotify_Sound AnimNotify_Sound_1 from package 00006571.upk
WARNING: FloatProperty "UAnimNotify_Sound::SoundVolume" was not found
Loading AnimNotify_Sound AnimNotify_Sound_2 from package 00006571.upk
WARNING: FloatProperty "UAnimNotify_Sound::SoundVolume" was not found
Loading AnimSequence AnimSequence_1 from package 00006571.upk
WARNING: BoolProperty "UAnimSequence::bServiced" was not found
Loading AnimSequence AnimSequence_10 from package 00006571.upk
WARNING: BoolProperty "UAnimSequence::bServiced" was not found
Loading AnimSequence AnimSequence_11 from package 00006571.upk
WARNING: BoolProperty "UAnimSequence::bServiced" was not found
Loading AnimSequence AnimSequence_12 from package 00006571.upk
WARNING: BoolProperty "UAnimSequence::bServiced" was not found
Loading AnimSequence AnimSequence_21 from package 00006571.upk
WARNING: BoolProperty "UAnimSequence::bServiced" was not found
Loading AnimSequence AnimSequence_23 from package 00006571.upk
WARNING: BoolProperty "UAnimSequence::bServiced" was not found
WARNING: ByteProperty "UAnimSequence::WeaponRLocType" was not found
WARNING: ByteProperty "UAnimSequence::WeaponLLocType" was not found
Loading AnimSequence AnimSequence_24 from package 00006571.upk
WARNING: BoolProperty "UAnimSequence::bServiced" was not found
WARNING: ByteProperty "UAnimSequence::WeaponRLocType" was not found
WARNING: ByteProperty "UAnimSequence::WeaponLLocType" was not found
Loading AnimSequence AnimSequence_4 from package 00006571.upk
WARNING: BoolProperty "UAnimSequence::bServiced" was not found
Loading AnimSequence AnimSequence_42 from package 00006571.upk
WARNING: BoolProperty "UAnimSequence::bServiced" was not found
Loading AnimSequence AnimSequence_44 from package 00006571.upk
WARNING: BoolProperty "UAnimSequence::bUseCustomForceAnim" was not found
WARNING: BoolProperty "UAnimSequence::bServiced" was not found
Loading AnimSequence AnimSequence_46 from package 00006571.upk
WARNING: BoolProperty "UAnimSequence::bUseCustomForceAnim" was not found
WARNING: BoolProperty "UAnimSequence::bServiced" was not found
Loading AnimSequence AnimSequence_49 from package 00006571.upk
WARNING: BoolProperty "UAnimSequence::bServiced" was not found
Loading AnimSequence AnimSequence_50 from package 00006571.upk
WARNING: BoolProperty "UAnimSequence::bServiced" was not found
Loading AnimSequence AnimSequence_51 from package 00006571.upk
WARNING: BoolProperty "UAnimSequence::bServiced" was not found
Loading AnimSequence AnimSequence_52 from package 00006571.upk
WARNING: BoolProperty "UAnimSequence::bServiced" was not found
Loading AnimSequence AnimSequence_53 from package 00006571.upk
WARNING: BoolProperty "UAnimSequence::bServiced" was not found
Loading AnimSequence AnimSequence_54 from package 00006571.upk
WARNING: BoolProperty "UAnimSequence::bServiced" was not found
Loading AnimSequence AnimSequence_9 from package 00006571.upk
WARNING: BoolProperty "UAnimSequence::bServiced" was not found
WARNING: ByteProperty "UAnimSequence::WeaponRLocType" was not found
WARNING: ByteProperty "UAnimSequence::WeaponLLocType" was not found
Error: Command failed: umodel.exe -dump -path="D:/Program Files (x86)/NCSOFT/BnS/contents/bns/CookedPC" -game=bns 00006571
******** 00006571 ********
*** unknown member ACF_ZOnlyRLE of enum AnimationCompressionFormat
*** unknown member ACF_ZOnlyRLE of enum AnimationCompressionFormat
*** unknown member ACF_ZOnlyRLE of enum AnimationCompressionFormat
*** unknown member ACF_ZOnlyRLE of enum AnimationCompressionFormat
*** unknown member ACF_ZOnlyRLE of enum AnimationCompressionFormat
*** unknown member ACF_ZOnlyRLE of enum AnimationCompressionFormat
*** unknown member ACF_ZOnlyRLE of enum AnimationCompressionFormat
*** unknown member ACF_ZOnlyRLE of enum AnimationCompressionFormat
*** unknown member ACF_ZOnlyRLE of enum AnimationCompressionFormat
*** unknown member ACF_ZOnlyRLE of enum AnimationCompressionFormat
*** unknown member ACF_ZOnlyRLE of enum AnimationCompressionFormat
*** unknown member ACF_ZOnlyRLE of enum AnimationCompressionFormat
*** unknown member ACF_ZOnlyRLE of enum AnimationCompressionFormat
*** unknown member ACF_ZOnlyRLE of enum AnimationCompressionFormat
*** unknown member ACF_ZOnlyRLE of enum AnimationCompressionFormat
*** unknown member ACF_ZOnlyRLE of enum AnimationCompressionFormat
*** unknown member ACF_ZOnlyRLE of enum AnimationCompressionFormat
*** unknown member ACF_ZOnlyRLE of enum AnimationCompressionFormat
*** unknown member ACF_ZOnlyRLE of enum AnimationCompressionFormat
*** unknown member ACF_ZOnlyRLE of enum AnimationCompressionFormat
*** ERROR: Unknown rotation compression method: 255
UAnimSet::ConvertAnims <- PostLoad:UnbalanceZombie_AnimSet <- UObject::EndLoad <- LoadWholePackage:00006571 <- Main


    at ChildProcess.exithandler (child_process.js:294:12)
    at ChildProcess.emit (events.js:182:13)
    at maybeClose (internal/child_process.js:962:16)
    at Process.ChildProcess._handle.onexit (internal/child_process.js:251:5)