Found 32768 game files (1222 skipped)
Loading package: 00008534.upk Ver: 573/1 Engine: 4205 Names: 820 Exports: 3472 Imports: 111 Game: 801A
Loading Texture2D Game_QuestJournalScene_Preview from package 00008534.upk
Loading Texture2D Game_QuestMappingScene_Preview from package 00008534.upk
Loading Texture2D Game_QuestQuickSlotScene_Preview from package 00008534.upk
Loaded in 0.008 sec, 853 allocs, 0.31 MBytes serialized in 65942 calls.

Object info:
============
ClassName: Texture2D ObjectName: Game_QuestJournalScene_Preview

    SizeX = 256
    SizeY = 256
    Format = PF_DXT1 (5)
    AddressX = TA_Wrap (0)
    AddressY = TA_Wrap (0)
    TextureFileCacheName = None
    MipTailBaseIdx = 0
    bForcePVRTC4 = false
    UnpackMin[4] = { 0, 0, 0, 0 }
    UnpackMax[4] = { 1, 1, 1, 1 }

Object info:
============
ClassName: Texture2D ObjectName: Game_QuestMappingScene_Preview

    SizeX = 256
    SizeY = 256
    Format = PF_DXT1 (5)
    AddressX = TA_Wrap (0)
    AddressY = TA_Wrap (0)
    TextureFileCacheName = None
    MipTailBaseIdx = 0
    bForcePVRTC4 = false
    UnpackMin[4] = { 0, 0, 0, 0 }
    UnpackMax[4] = { 1, 1, 1, 1 }

Object info:
============
ClassName: Texture2D ObjectName: Game_QuestQuickSlotScene_Preview

    SizeX = 256
    SizeY = 256
    Format = PF_DXT1 (5)
    AddressX = TA_Wrap (0)
    AddressY = TA_Wrap (0)
    TextureFileCacheName = None
    MipTailBaseIdx = 0
    bForcePVRTC4 = false
    UnpackMin[4] = { 0, 0, 0, 0 }
    UnpackMax[4] = { 1, 1, 1, 1 }
