Found 32768 game files (1766 skipped)
Loading package: 00008410.upk Ver: 573/1 Engine: 4205 Names: 215 Exports: 362 Imports: 19 Game: 801A
Loading SkeletalMesh3 GhostMaskMonsterC from package 00008410.upk
WARNING: ObjectProperty "USkeletalMesh3::PlaySoundSet" was not found
WARNING: ObjectProperty "USkeletalMesh3::PlayParticleSet" was not found
WARNING: FloatProperty "USkeletalMesh3::AnimNameHeight" was not found
WARNING: FloatProperty "USkeletalMesh3::NormalNameHeight" was not found
WARNING: FloatProperty "USkeletalMesh3::LowNameHeight" was not found
Loading package: 00008409.upk Ver: 573/1 Engine: 4205 Names: 193 Exports: 258 Imports: 55 Game: 801A
Loading SkeletalMeshSocket SkeletalMeshSocket_108 from package 00008410.upk
Loading SkeletalMeshSocket SkeletalMeshSocket_109 from package 00008410.upk
Loading SkeletalMeshSocket SkeletalMeshSocket_189 from package 00008410.upk
Loading SkeletalMeshSocket SkeletalMeshSocket_190 from package 00008410.upk
Loading SkeletalMeshSocket SkeletalMeshSocket_191 from package 00008410.upk
Loading SkeletalMeshSocket SkeletalMeshSocket_198 from package 00008410.upk
Loading SkeletalMeshSocket SkeletalMeshSocket_199 from package 00008410.upk
Loading SkeletalMeshSocket SkeletalMeshSocket_201 from package 00008410.upk
WARNING: BoolProperty "USkeletalMeshSocket::bParticleAttachPosOnly" was not found
Loading MaterialInstanceConstant col1 from package 00008409.upk
Loading package: 00008408.upk Ver: 573/1 Engine: 4205 Names: 39 Exports: 11 Imports: 2 Game: 801A
Loading package: 00002640.upk Ver: 573/1 Engine: 4205 Names: 291 Exports: 507 Imports: 3 Game: 801A
Loading MaterialInstanceConstant col2_acc from package 00008409.upk
Loading package: 00002620.upk Ver: 573/1 Engine: 4205 Names: 576 Exports: 7687 Imports: 96 Game: 801A
Loading Texture2D GhostMaskMonsterC_Col1_N from package 00008408.upk
Loading Texture2D GhostMaskMonsterC_Col1_M from package 00008408.upk
Loading Texture2D GhostMaskMonsterC_Col1_D from package 00008408.upk
Loading Texture2D GhostMaskMonsterC_Col1_S from package 00008408.upk
Loading TextureCube Cube_cr from package 00002640.upk
Loading Texture2D GhostMaskMonsterC_Col1_Em from package 00008408.upk
Loading Texture2D GhostMaskMonsterC_Col1_FX from package 00008408.upk
Loading Material3 body_FX from package 00008409.upk
Loading package: 00012963.upk Ver: 573/1 Engine: 4205 Names: 1386 Exports: 1362 Imports: 10 Game: 801A
Loading Texture2D GhostMaskMonsterC_Col2_N from package 00008408.upk
Loading Texture2D GhostMaskMonsterC_Col2_M from package 00008408.upk
Loading Texture2D GhostMaskMonsterC_Col2_D from package 00008408.upk
Loading Texture2D GhostMaskMonsterC_Col2_S from package 00008408.upk
Loading Texture2D GhostMaskMonsterC_Col2_Em from package 00008408.upk
Loading Material3 Body from package 00002620.upk
Loading Texture2D CubemapFace0 from package 00002640.upk
Loading Texture2D CubemapFace1 from package 00002640.upk
Loading Texture2D CubemapFace2 from package 00002640.upk
Loading Texture2D CubemapFace3 from package 00002640.upk
Loading Texture2D CubemapFace4 from package 00002640.upk
Loading Texture2D CubemapFace5 from package 00002640.upk
Loading Texture2D check_n from package 00002620.upk
Loading Texture2D check from package 00002620.upk
Loading Texture2D Smoke_Pattern_001 from package 00012963.upk
Loading Texture2D Gradient_Line_003 from package 00012963.upk
Loading Texture2D Noise_Glass_000 from package 00012963.upk
Loading Texture2D Gradient_Wipe_BurnOut_Mask_TEST from package 00012963.upk
Loading Texture2D Gradient_Wipe_BurnOut_Mask from package 00012963.upk
Loaded in 0.17 sec, 3462 allocs, 2.17 MBytes serialized in 380631 calls.

Object info:
============
ClassName: SkeletalMesh3 ObjectName: GhostMaskMonsterC

    LODInfo[1] =
    {
        LODInfo[0] =
        {
            DisplayFactor = 0
            LODHysteresis = 0.02
            LODMaterialMap[0] = {}
            bEnableShadowCasting[3] = { true, true, true }
        }
    }
    Sockets[8] =
    {
        Sockets[0] = SkeletalMeshSocket'GhostMaskMonsterC.SkeletalMeshSocket_189'
        Sockets[1] = SkeletalMeshSocket'GhostMaskMonsterC.SkeletalMeshSocket_190'
        Sockets[2] = SkeletalMeshSocket'GhostMaskMonsterC.SkeletalMeshSocket_191'
        Sockets[3] = SkeletalMeshSocket'GhostMaskMonsterC.SkeletalMeshSocket_198'
        Sockets[4] = SkeletalMeshSocket'GhostMaskMonsterC.SkeletalMeshSocket_199'
        Sockets[5] = SkeletalMeshSocket'GhostMaskMonsterC.SkeletalMeshSocket_201'
        Sockets[6] = SkeletalMeshSocket'GhostMaskMonsterC.SkeletalMeshSocket_108'
        Sockets[7] = SkeletalMeshSocket'GhostMaskMonsterC.SkeletalMeshSocket_109'
    }
    bHasVertexColors = false
    EnableTwistBoneFixers = true
    EnableClavicleFixer = true
    Materials[2] = { MaterialInstanceConstant'col1', MaterialInstanceConstant'col2_acc' }


    Lods[1] =
    {
        Lods[0] =
        {
            Sections[3] =
            {
                Sections[0] = { Material=MaterialInstanceConstant'col1', FirstIndex=0, NumFaces=5684 }
                Sections[1] = { Material=MaterialInstanceConstant'col1', FirstIndex=17052, NumFaces=609 }
                Sections[2] = { Material=MaterialInstanceConstant'col2_acc', FirstIndex=18879, NumFaces=136 }
            }
            NumVerts = 5061
            IndexCount = 19287
            NumTexCoords = 1
        }
    }
    LodCount = 1
    MeshOrigin = { X=-0, Y=-0, Z=-0 }
    MeshScale = { X=1, Y=1, Z=1 }
    RotOrigin = { Yaw=0, Pitch=0, Roll=0 }
    BoneCount = 115

Object info:
============
ClassName: SkeletalMeshSocket ObjectName: SkeletalMeshSocket_108

    SocketName = Bip01REye_FX
    BoneName = Bip01Head
    RelativeLocation = { X=6.97559, Y=-8.64131, Z=-3.33475 }
    RelativeRotation = { Yaw=0, Pitch=0, Roll=0 }
    RelativeScale = { X=1, Y=1, Z=1 }

Object info:
============
ClassName: SkeletalMeshSocket ObjectName: SkeletalMeshSocket_109

    SocketName = Bip01LEye_FX
    BoneName = Bip01Head
    RelativeLocation = { X=6.71028, Y=-8.56353, Z=3.23144 }
    RelativeRotation = { Yaw=0, Pitch=0, Roll=0 }
    RelativeScale = { X=1, Y=1, Z=1 }

Object info:
============
ClassName: SkeletalMeshSocket ObjectName: SkeletalMeshSocket_189

    SocketName = WeaponL
    BoneName = WeaponL
    RelativeLocation = { X=0, Y=0, Z=0 }
    RelativeRotation = { Yaw=0, Pitch=0, Roll=0 }
    RelativeScale = { X=1, Y=1, Z=1 }

Object info:
============
ClassName: SkeletalMeshSocket ObjectName: SkeletalMeshSocket_190

    SocketName = WeaponR
    BoneName = WeaponR
    RelativeLocation = { X=0, Y=0, Z=0 }
    RelativeRotation = { Yaw=0, Pitch=0, Roll=0 }
    RelativeScale = { X=1, Y=1, Z=1 }

Object info:
============
ClassName: SkeletalMeshSocket ObjectName: SkeletalMeshSocket_191

    SocketName = target_high
    BoneName = Bip01Head
    RelativeLocation = { X=0, Y=0, Z=0 }
    RelativeRotation = { Yaw=0, Pitch=0, Roll=0 }
    RelativeScale = { X=1, Y=1, Z=1 }

Object info:
============
ClassName: SkeletalMeshSocket ObjectName: SkeletalMeshSocket_198

    SocketName = Catch_Neck
    BoneName = Bip01Neck
    RelativeLocation = { X=0, Y=0, Z=0 }
    RelativeRotation = { Yaw=0, Pitch=0, Roll=0 }
    RelativeScale = { X=1, Y=1, Z=1 }

Object info:
============
ClassName: SkeletalMeshSocket ObjectName: SkeletalMeshSocket_199

    SocketName = socket_force
    BoneName = Root
    RelativeLocation = { X=40, Y=33, Z=7 }
    RelativeRotation = { Yaw=0, Pitch=0, Roll=0 }
    RelativeScale = { X=1, Y=1, Z=1 }

Object info:
============
ClassName: SkeletalMeshSocket ObjectName: SkeletalMeshSocket_201

    SocketName = ATTACH_EFFECT
    BoneName = Bip01
    RelativeLocation = { X=0, Y=0, Z=0 }
    RelativeRotation = { Yaw=0, Pitch=0, Roll=0 }
    RelativeScale = { X=1, Y=1, Z=1 }
