Found 32768 game files (1222 skipped)
Loading package: 00006313.upk Ver: 573/1 Engine: 4205 Names: 222 Exports: 480 Imports: 16 Game: 801A
Loading SkeletalMesh3 fixtureGhost from package 00006313.upk
WARNING: ObjectProperty "USkeletalMesh3::PlaySoundSet" was not found
WARNING: ObjectProperty "USkeletalMesh3::PlayParticleSet" was not found
Loading package: 00006312.upk Ver: 573/1 Engine: 4205 Names: 87 Exports: 1 Imports: 20 Game: 801A
Loading MaterialInstanceConstant col1 from package 00006312.upk
Loading package: 00006311.upk Ver: 573/1 Engine: 4205 Names: 33 Exports: 5 Imports: 2 Game: 801A
Loading package: 00002640.upk Ver: 573/1 Engine: 4205 Names: 291 Exports: 507 Imports: 3 Game: 801A
Loading package: 00002620.upk Ver: 573/1 Engine: 4205 Names: 576 Exports: 7687 Imports: 96 Game: 801A
Loading Texture2D Monster_Human_fixtureGhost_col1_N from package 00006311.upk
Loading Texture2D Monster_Human_fixtureGhost_col1_M from package 00006311.upk
Loading Texture2D Monster_Human_fixtureGhost_col1_D from package 00006311.upk
Loading Texture2D Monster_Human_fixtureGhost_col1_S from package 00006311.upk
Loading TextureCube cube_cst from package 00002640.upk
Loading Texture2D Monster_Human_fixtureGhost_col1_em from package 00006311.upk
Loading Material3 Basic from package 00002620.upk
Loading package: 00012963.upk Ver: 573/1 Engine: 4205 Names: 1349 Exports: 1323 Imports: 10 Game: 801A
Loading Texture2D CubemapFace0 from package 00002640.upk
Loading Texture2D CubemapFace1 from package 00002640.upk
Loading Texture2D CubemapFace2 from package 00002640.upk
Loading Texture2D CubemapFace3 from package 00002640.upk
Loading Texture2D CubemapFace4 from package 00002640.upk
Loading Texture2D CubemapFace5 from package 00002640.upk
Loading Texture2D check_n from package 00002620.upk
Loading Texture2D check from package 00002620.upk
Loading Texture2D Smoke_Pattern_001 from package 00012963.upk
Loading Texture2D Gradient_Line_003 from package 00012963.upk
Loading Texture2D Gradient_Wipe_BurnOut_Mask_TEST from package 00012963.upk
Loading Texture2D Gradient_Wipe_BurnOut_Mask from package 00012963.upk
Loaded in 0.17 sec, 3102 allocs, 1.78 MBytes serialized in 341075 calls.

Object info:
============
ClassName: SkeletalMesh3 ObjectName: fixtureGhost

    LODInfo[1] =
    {
        LODInfo[0] =
        {
            DisplayFactor = 0
            LODHysteresis = 0.02
            LODMaterialMap[0] = {}
            bEnableShadowCasting[2] = { true, true }
        }
    }
    Sockets[0] = {}
    bHasVertexColors = false
    EnableTwistBoneFixers = true
    EnableClavicleFixer = true
    Materials[1] = { MaterialInstanceConstant'col1' }


    Lods[1] =
    {
        Lods[0] =
        {
            Sections[2] =
            {
                Sections[0] = { Material=MaterialInstanceConstant'col1', FirstIndex=0, NumFaces=3668 }
                Sections[1] = { Material=MaterialInstanceConstant'col1', FirstIndex=11004, NumFaces=1980 }
            }
            NumVerts = 3929
            IndexCount = 16944
            NumTexCoords = 1
        }
    }
    LodCount = 1
    MeshOrigin = { X=-0, Y=-0, Z=1 }
    MeshScale = { X=1, Y=1, Z=1 }
    RotOrigin = { Yaw=0, Pitch=0, Roll=0 }
    BoneCount = 120
