Found 32768 game files (1766 skipped)
Loading package: 00008654.upk Ver: 573/1 Engine: 4205 Names: 106 Exports: 15 Imports: 14 Game: 801A
Loading AnimSet 080101_Autoscale_Animset from package 00008654.upk
WARNING: BoolProperty "UAnimSet::bServiced" was not found
WARNING: ArrayProperty "UAnimSet::AdjustAniScaleBoneNames" was not found
Loading AnimSequence AnimSequence_1 from package 00008654.upk
WARNING: BoolProperty "UAnimSequence::bServiced" was not found
Loading AnimSequence AnimSequence_5 from package 00008654.upk
WARNING: BoolProperty "UAnimSequence::bServiced" was not found
Loading AnimSequence AnimSequence_6 from package 00008654.upk
WARNING: BoolProperty "UAnimSequence::bServiced" was not found
Loading SkeletalMesh3 080101_Autoscale from package 00008654.upk
WARNING: ObjectProperty "USkeletalMesh3::MeshFactorSet" was not found
Loading package: 00008653.upk Ver: 573/1 Engine: 4205 Names: 76 Exports: 1 Imports: 18 Game: 801A
Loading MaterialInstanceConstant col1 from package 00008653.upk
Loading package: 00008652.upk Ver: 573/1 Engine: 4205 Names: 30 Exports: 3 Imports: 2 Game: 801A
Loading package: 00002620.upk Ver: 573/1 Engine: 4205 Names: 576 Exports: 7687 Imports: 96 Game: 801A
Loading Texture2D Weapon_080101_col1_N from package 00008652.upk
Loading Texture2D Weapon_080101_col1_D from package 00008652.upk
Loading Texture2D Weapon_080101_col1_S from package 00008652.upk
Loading Material3 Basic from package 00002620.upk
Loading package: 00012963.upk Ver: 573/1 Engine: 4205 Names: 1386 Exports: 1362 Imports: 10 Game: 801A
Loading Texture2D check_n from package 00002620.upk
Loading Texture2D check from package 00002620.upk
Loading Texture2D Smoke_Pattern_001 from package 00012963.upk
Loading Texture2D Gradient_Line_003 from package 00012963.upk
Loading Texture2D Gradient_Wipe_BurnOut_Mask_TEST from package 00012963.upk
Loading Texture2D Gradient_Wipe_BurnOut_Mask from package 00012963.upk
Error: Command failed: umodel.exe -dump -path="D:/Program Files (x86)/NCSOFT/BnS/contents/bns/CookedPC" -game=bns 00008654
******** 00008654 ********
*** unknown member ACF_ZOnlyRLE of enum AnimationCompressionFormat
*** unknown member ACF_ZOnlyRLE of enum AnimationCompressionFormat
*** unknown member ACF_ZOnlyRLE of enum AnimationCompressionFormat
*** ERROR: Unknown rotation compression method: 255
UAnimSet::ConvertAnims <- PostLoad:080101_Autoscale_Animset <- UObject::EndLoad <- LoadWholePackage:00008654 <- Main


    at ChildProcess.exithandler (child_process.js:294:12)
    at ChildProcess.emit (events.js:182:13)
    at maybeClose (internal/child_process.js:962:16)
    at Process.ChildProcess._handle.onexit (internal/child_process.js:251:5)