Found 32768 game files (1222 skipped)
Loading package: 00002678.upk Ver: 573/1 Engine: 4205 Names: 159 Exports: 42 Imports: 14 Game: 801A
Loading SkeletalMesh3 GonF_001 from package 00002678.upk
Loading package: 00002674.upk Ver: 573/1 Engine: 4205 Names: 123 Exports: 3 Imports: 35 Game: 801A
Loading MaterialInstanceConstant col1 from package 00002674.upk
Loading package: 00008613.upk Ver: 573/1 Engine: 4205 Names: 95 Exports: 6 Imports: 12 Game: 801A
Loading package: 00008482.upk Ver: 573/1 Engine: 4205 Names: 30 Exports: 9 Imports: 2 Game: 801A
Loading package: 00002670.upk Ver: 573/1 Engine: 4205 Names: 44 Exports: 16 Imports: 2 Game: 801A
Loading package: 00008479.upk Ver: 573/1 Engine: 4205 Names: 31 Exports: 9 Imports: 2 Game: 801A
Loading package: 00002620.upk Ver: 573/1 Engine: 4205 Names: 576 Exports: 7687 Imports: 96 Game: 801A
Loading MaterialInstanceConstant eye from package 00002674.upk
Loading package: 00012963.upk Ver: 573/1 Engine: 4205 Names: 1349 Exports: 1323 Imports: 10 Game: 801A
Loading package: 00007428.upk Ver: 573/1 Engine: 4205 Names: 130 Exports: 48 Imports: 19 Game: 801A
Loading package: 00002640.upk Ver: 573/1 Engine: 4205 Names: 291 Exports: 507 Imports: 3 Game: 801A
Loading Texture2D Nothing_A from package 00008613.upk
Loading Texture2D GonF_Face_brow1 from package 00008482.upk
Loading Texture2D Nothing_A_n from package 00008613.upk
Loading Texture2D GonF_Face_N001 from package 00002670.upk
Loading Texture2D GonF_Face_D001 from package 00002670.upk
Loading Texture2D GonF_Makeup01 from package 00008479.upk
Loading Texture2D GonF_Face_M from package 00002670.upk
Loading Texture2D GonF_Face_s from package 00002670.upk
Loading Material3 Face-F from package 00002620.upk
check for DefaultTexture in 00002678
check for DefaultTexture in 00002674
check for DefaultTexture in 00008613
check for DefaultTexture in 00008482
check for DefaultTexture in 00002670
check for DefaultTexture in 00008479
check for DefaultTexture in 00002620
check for DefaultTexture in 00012963
check for DefaultTexture in 00007428
check for DefaultTexture in 00002640
WARNING: Import(EngineResources.DefaultTexture) was not found
Loading Texture2D Smoke_Pattern_001 from package 00012963.upk
Loading Texture2D eye0_GonM00 from package 00007428.upk
Loading Texture2D eye0_N from package 00007428.upk
Loading Texture2D eye0_JinF00 from package 00007428.upk
Loading TextureCube eye2 from package 00002640.upk
Loading Material3 eye from package 00002620.upk
Loading Texture2D check_n from package 00002620.upk
Loading Texture2D check from package 00002620.upk
Loading Texture2D Gradient_Line_003 from package 00012963.upk
Loading Texture2D CubemapFace0 from package 00002640.upk
Loading Texture2D CubemapFace1 from package 00002640.upk
Loading Texture2D CubemapFace2 from package 00002640.upk
Loading Texture2D CubemapFace3 from package 00002640.upk
Loading Texture2D CubemapFace4 from package 00002640.upk
Loading Texture2D CubemapFace5 from package 00002640.upk
Loading Texture2D Noise_Glass_000 from package 00012963.upk
Loading Texture2D Gradient_Wipe_BurnOut_Mask_TEST from package 00012963.upk
Loading Texture2D Gradient_Wipe_BurnOut_Mask from package 00012963.upk
Loading Texture2D Sclera from package 00007428.upk
Loading TextureCube eye1 from package 00002640.upk
Loading TextureCube eye_s from package 00002640.upk
Loading Texture2D CubemapFace0 from package 00002640.upk
Loading Texture2D CubemapFace1 from package 00002640.upk
Loading Texture2D CubemapFace2 from package 00002640.upk
Loading Texture2D CubemapFace3 from package 00002640.upk
Loading Texture2D CubemapFace4 from package 00002640.upk
Loading Texture2D CubemapFace5 from package 00002640.upk
Loading Texture2D CubemapFace0 from package 00002640.upk
Loading Texture2D CubemapFace1 from package 00002640.upk
Loading Texture2D CubemapFace2 from package 00002640.upk
Loading Texture2D CubemapFace3 from package 00002640.upk
Loading Texture2D CubemapFace4 from package 00002640.upk
Loading Texture2D CubemapFace5 from package 00002640.upk
Loaded in 0.57 sec, 3886 allocs, 1.31 MBytes serialized in 248833 calls.

Object info:
============
ClassName: SkeletalMesh3 ObjectName: GonF_001

    LODInfo[2] =
    {
        LODInfo[0] =
        {
            DisplayFactor = 0
            LODHysteresis = 0.02
            LODMaterialMap[0] = {}
            bEnableShadowCasting[2] = { true, true }
        }
        LODInfo[1] =
        {
            DisplayFactor = 0.25
            LODHysteresis = 0.02
            LODMaterialMap[1] = { 0 }
            bEnableShadowCasting[1] = { true }
        }
    }
    Sockets[0] = {}
    bHasVertexColors = false
    EnableTwistBoneFixers = true
    EnableClavicleFixer = true
    Materials[2] = { MaterialInstanceConstant'col1', MaterialInstanceConstant'eye' }


    Lods[2] =
    {
        Lods[0] =
        {
            Sections[2] =
            {
                Sections[0] = { Material=MaterialInstanceConstant'col1', FirstIndex=0, NumFaces=1538 }
                Sections[1] = { Material=MaterialInstanceConstant'eye', FirstIndex=4614, NumFaces=120 }
            }
            NumVerts = 1091
            IndexCount = 4974
            NumTexCoords = 1
        }
        Lods[1] =
        {
            Sections[1] =
            {
                Sections[0] = { Material=MaterialInstanceConstant'col1', FirstIndex=0, NumFaces=528 }
            }
            NumVerts = 379
            IndexCount = 1584
            NumTexCoords = 1
        }
    }
    LodCount = 2
    MeshOrigin = { X=-0, Y=-0, Z=-0 }
    MeshScale = { X=1, Y=1, Z=1 }
    RotOrigin = { Yaw=0, Pitch=0, Roll=0 }
    BoneCount = 45
