Found 32768 game files (1222 skipped)
Loading package: 00008872.upk Ver: 573/1 Engine: 4205 Names: 76 Exports: 1 Imports: 17 Game: 801A
Loading MaterialInstanceConstant Test from package 00008872.upk
Loading package: 00008871.upk Ver: 573/1 Engine: 4205 Names: 35 Exports: 7 Imports: 4 Game: 801A
Loading package: 00002620.upk Ver: 573/1 Engine: 4205 Names: 576 Exports: 7687 Imports: 96 Game: 801A
Loading Texture2D Monster_Beast_JunoBaby_col1_N from package 00008871.upk
Loading Texture2D Monster_Beast_JunoBaby_col1_M from package 00008871.upk
Loading Texture2D Monster_Beast_JunoBaby_col1_D from package 00008871.upk
Loading Texture2D Monster_Beast_JunoBaby_col1_S from package 00008871.upk
Loading Material3 Basic from package 00002620.upk
Loading package: 00012963.upk Ver: 573/1 Engine: 4205 Names: 1349 Exports: 1323 Imports: 10 Game: 801A
Loading Texture2D check_n from package 00002620.upk
Loading Texture2D check from package 00002620.upk
Loading Texture2D Smoke_Pattern_001 from package 00012963.upk
Loading Texture2D Gradient_Line_003 from package 00012963.upk
Loading Texture2D Gradient_Wipe_BurnOut_Mask_TEST from package 00012963.upk
Loading Texture2D Gradient_Wipe_BurnOut_Mask from package 00012963.upk
Loaded in 0.13 sec, 2343 allocs, 1.14 MBytes serialized in 171542 calls.

Object info:
============
ClassName: MaterialInstanceConstant ObjectName: Test

    ScalarParameterValues[3] =
    {
        ScalarParameterValues[0] = { ParameterName=Glossiness1, ParameterValue=5 }
        ScalarParameterValues[1] = { ParameterName=Glossiness2, ParameterValue=20 }
        ScalarParameterValues[2] = { ParameterName=Specular_value, ParameterValue=1 }
    }
    TextureParameterValues[4] =
    {
        TextureParameterValues[0] =
        {
            ParameterName = Normal
            ParameterValue = Texture2D'Monster_Beast_JunoBaby_col1.Monster_Beast_JunoBaby_col1_N'
        }
        TextureParameterValues[1] =
        {
            ParameterName = Mask_GB
            ParameterValue = Texture2D'Monster_Beast_JunoBaby_col1.Monster_Beast_JunoBaby_col1_M'
        }
        TextureParameterValues[2] =
        {
            ParameterName = Diffuse
            ParameterValue = Texture2D'Monster_Beast_JunoBaby_col1.Monster_Beast_JunoBaby_col1_D'
        }
        TextureParameterValues[3] =
        {
            ParameterName = Specular
            ParameterValue = Texture2D'Monster_Beast_JunoBaby_col1.Monster_Beast_JunoBaby_col1_S'
        }
    }
    VectorParameterValues[0] = {}
    Parent = Material3'Basic'
    FlattenedTexture = None
    MobileBaseTexture = None
    MobileNormalTexture = None
    bUseMobileSpecular = false
    MobileSpecularPower = 16
    MobileSpecularMask = MSM_Constant (0)
    MobileMaskTexture = None
