Found 32768 game files (1766 skipped)
Loading package: 00008518.upk Ver: 573/1 Engine: 4205 Names: 537 Exports: 703 Imports: 111 Game: 801A
Loading Texture2D Loading_ConfirmScene_Preview from package 00008518.upk
Loading Texture2D Loding_Preview from package 00008518.upk
Loaded in 0.003 sec, 565 allocs, 0.08 MBytes serialized in 15191 calls.

Object info:
============
ClassName: Texture2D ObjectName: Loading_ConfirmScene_Preview

    SizeX = 256
    SizeY = 256
    Format = PF_DXT1 (5)
    AddressX = TA_Wrap (0)
    AddressY = TA_Wrap (0)
    TextureFileCacheName = None
    MipTailBaseIdx = 0
    bForcePVRTC4 = false
    UnpackMin[4] = { 0, 0, 0, 0 }
    UnpackMax[4] = { 1, 1, 1, 1 }

Object info:
============
ClassName: Texture2D ObjectName: Loding_Preview

    SizeX = 256
    SizeY = 256
    Format = PF_DXT1 (5)
    AddressX = TA_Wrap (0)
    AddressY = TA_Wrap (0)
    TextureFileCacheName = None
    MipTailBaseIdx = 0
    bForcePVRTC4 = false
    UnpackMin[4] = { 0, 0, 0, 0 }
    UnpackMax[4] = { 1, 1, 1, 1 }
