Found 32768 game files (1222 skipped)
Loading package: 00008658.upk Ver: 573/1 Engine: 4205 Names: 59 Exports: 5 Imports: 8 Game: 801A
Loading AnimSet 080102_Autoscale_Animset from package 00008658.upk
WARNING: BoolProperty "UAnimSet::bServiced" was not found
WARNING: ArrayProperty "UAnimSet::AdjustAniScaleBoneNames" was not found
Loading AnimSequence AnimSequence_1 from package 00008658.upk
WARNING: BoolProperty "UAnimSequence::bServiced" was not found
Loading AnimSequence AnimSequence_5 from package 00008658.upk
WARNING: BoolProperty "UAnimSequence::bServiced" was not found
Loading AnimSequence AnimSequence_6 from package 00008658.upk
WARNING: BoolProperty "UAnimSequence::bServiced" was not found
Loading SkeletalMesh3 080102_Autoscale from package 00008658.upk
WARNING: ObjectProperty "USkeletalMesh3::MeshFactorSet" was not found
Loading package: 00008657.upk Ver: 573/1 Engine: 4205 Names: 76 Exports: 1 Imports: 18 Game: 801A
Loading MaterialInstanceConstant col1 from package 00008657.upk
Loading package: 00008656.upk Ver: 573/1 Engine: 4205 Names: 31 Exports: 3 Imports: 2 Game: 801A
Loading package: 00002620.upk Ver: 573/1 Engine: 4205 Names: 576 Exports: 7687 Imports: 96 Game: 801A
Loading Texture2D Weapon_080102_col1_n from package 00008656.upk
Loading Texture2D Weapon_080102_col1_d from package 00008656.upk
Loading Texture2D Weapon_080102_col1_s from package 00008656.upk
Loading Material3 Basic from package 00002620.upk
Loading package: 00012963.upk Ver: 573/1 Engine: 4205 Names: 1349 Exports: 1323 Imports: 10 Game: 801A
Loading Texture2D check_n from package 00002620.upk
Loading Texture2D check from package 00002620.upk
Loading Texture2D Smoke_Pattern_001 from package 00012963.upk
Loading Texture2D Gradient_Line_003 from package 00012963.upk
Loading Texture2D Gradient_Wipe_BurnOut_Mask_TEST from package 00012963.upk
Loading Texture2D Gradient_Wipe_BurnOut_Mask from package 00012963.upk
Error: Command failed: umodel.exe -dump -path="D:/Program Files (x86)/NCSOFT/BnS/contents/bns/CookedPC" -game=bns 00008658
******** 00008658 ********
*** unknown member ACF_ZOnlyRLE of enum AnimationCompressionFormat
*** unknown member ACF_ZOnlyRLE of enum AnimationCompressionFormat
*** unknown member ACF_ZOnlyRLE of enum AnimationCompressionFormat
*** ERROR: Unknown rotation compression method: 255
UAnimSet::ConvertAnims <- PostLoad:080102_Autoscale_Animset <- UObject::EndLoad <- LoadWholePackage:00008658 <- Main


    at ChildProcess.exithandler (child_process.js:289:12)
    at ChildProcess.emit (events.js:182:13)
    at maybeClose (internal/child_process.js:962:16)
    at Process.ChildProcess._handle.onexit (internal/child_process.js:251:5)