Found 32768 game files (1766 skipped)
Loading package: 00007979.upk Ver: 573/1 Engine: 4205 Names: 173 Exports: 28 Imports: 36 Game: 801A
Loading Texture2D Game_DeadCommandScene_Preview from package 00007979.upk
Loading Texture2D Game_MainScene_Preview from package 00007979.upk
Loaded in 0.003 sec, 201 allocs, 0.02 MBytes serialized in 1424 calls.

Object info:
============
ClassName: Texture2D ObjectName: Game_DeadCommandScene_Preview

    SizeX = 256
    SizeY = 256
    Format = PF_DXT1 (5)
    AddressX = TA_Wrap (0)
    AddressY = TA_Wrap (0)
    TextureFileCacheName = None
    MipTailBaseIdx = 0
    bForcePVRTC4 = false
    UnpackMin[4] = { 0, 0, 0, 0 }
    UnpackMax[4] = { 1, 1, 1, 1 }

Object info:
============
ClassName: Texture2D ObjectName: Game_MainScene_Preview

    SizeX = 256
    SizeY = 256
    Format = PF_DXT1 (5)
    AddressX = TA_Wrap (0)
    AddressY = TA_Wrap (0)
    TextureFileCacheName = None
    MipTailBaseIdx = 0
    bForcePVRTC4 = false
    UnpackMin[4] = { 0, 0, 0, 0 }
    UnpackMax[4] = { 1, 1, 1, 1 }
