Found 32768 game files (1222 skipped)
Loading package: 00011333.upk Ver: 573/1 Engine: 4205 Names: 67 Exports: 1 Imports: 13 Game: 801A
Loading MaterialInstanceConstant col2 from package 00011333.upk
Loading package: 00002640.upk Ver: 573/1 Engine: 4205 Names: 291 Exports: 507 Imports: 3 Game: 801A
Loading package: 00010740.upk Ver: 573/1 Engine: 4205 Names: 35 Exports: 7 Imports: 2 Game: 801A
Loading package: 00002620.upk Ver: 573/1 Engine: 4205 Names: 576 Exports: 7687 Imports: 96 Game: 801A
Loading TextureCube cube_orb from package 00002640.upk
Loading Texture2D 90004_LynM_D_Col2 from package 00010740.upk
Loading Texture2D 90004_LynM_S_Col2 from package 00010740.upk
Loading Texture2D 90004_LynM_M from package 00010740.upk
Loading Texture2D 90004_LynM_N_Col2 from package 00010740.upk
Loading Material3 body_bk from package 00002620.upk
Loading Texture2D CubemapFace0 from package 00002640.upk
Loading Texture2D CubemapFace1 from package 00002640.upk
Loading Texture2D CubemapFace2 from package 00002640.upk
Loading Texture2D CubemapFace3 from package 00002640.upk
Loading Texture2D CubemapFace4 from package 00002640.upk
Loading Texture2D CubemapFace5 from package 00002640.upk
Loading Texture2D check_n from package 00002620.upk
Loading Texture2D check from package 00002620.upk
Loaded in 0.11 sec, 1332 allocs, 1.34 MBytes serialized in 154057 calls.

Object info:
============
ClassName: MaterialInstanceConstant ObjectName: col2

    ScalarParameterValues[7] =
    {
        ScalarParameterValues[0] = { ParameterName=Skin_Spec_value, ParameterValue=1 }
        ScalarParameterValues[1] = { ParameterName=Wear_glossiness1, ParameterValue=10 }
        ScalarParameterValues[2] = { ParameterName=Wear_glossiness2, ParameterValue=20 }
        ScalarParameterValues[3] = { ParameterName=Skin_glossiness, ParameterValue=3.5 }
        ScalarParameterValues[4] = { ParameterName=HighLight_glossiness, ParameterValue=100 }
        ScalarParameterValues[5] = { ParameterName=HighLight_Value, ParameterValue=2 }
        ScalarParameterValues[6] = { ParameterName=Specular_value, ParameterValue=1 }
    }
    TextureParameterValues[5] =
    {
        TextureParameterValues[0] = { ParameterName=rf_cube, ParameterValue=TextureCube'cube_orb' }
        TextureParameterValues[1] = { ParameterName=Body_diffuse, ParameterValue=Texture2D'90004_LynM_D_Col2' }
        TextureParameterValues[2] = { ParameterName=Body_specular, ParameterValue=Texture2D'90004_LynM_S_Col2' }
        TextureParameterValues[3] = { ParameterName=Body_mask_RGB, ParameterValue=Texture2D'90004_LynM_M' }
        TextureParameterValues[4] = { ParameterName=Body_normal, ParameterValue=Texture2D'90004_LynM_N_Col2' }
    }
    VectorParameterValues[0] = {}
    Parent = Material3'body_bk'
    FlattenedTexture = None
    MobileBaseTexture = None
    MobileNormalTexture = None
    bUseMobileSpecular = false
    MobileSpecularPower = 16
    MobileSpecularMask = MSM_Constant (0)
    MobileMaskTexture = None
