Found 32768 game files (1222 skipped)
Loading package: 00019855.upk Ver: 573/1 Engine: 4205 Names: 68 Exports: 8 Imports: 10 Game: 801A
Loading Material3 col2_parent from package 00019855.upk
Loading package: 00014980.upk Ver: 573/1 Engine: 4205 Names: 34 Exports: 6 Imports: 2 Game: 801A
Loading MaterialInstanceConstant col2 from package 00019855.upk
Loading Texture2D NakWonDaeSung_D_col2 from package 00014980.upk
Loaded in 0.015 sec, 167 allocs, 0.56 MBytes serialized in 1039 calls.

Object info:
============
ClassName: Material3 ObjectName: col2_parent

    TwoSided = false
    bDisableDepthTest = false
    bIsMasked = false
    ReferencedTextures[1] = { Texture2D'NakWonDaeSung_D_col2' }
    BlendMode = BLEND_Additive (3)
    OpacityMaskClipValue = 0.333
    FlattenedTexture = None
    MobileBaseTexture = None
    MobileNormalTexture = None
    bUseMobileSpecular = false
    MobileSpecularPower = 16
    MobileSpecularMask = MSM_Constant (0)
    MobileMaskTexture = None

Object info:
============
ClassName: MaterialInstanceConstant ObjectName: col2

    ScalarParameterValues[0] = {}
    TextureParameterValues[1] =
    {
        TextureParameterValues[0] = { ParameterName=Diffuse, ParameterValue=Texture2D'NakWonDaeSung_D_col2' }
    }
    VectorParameterValues[0] = {}
    Parent = Material3'col2_parent'
    FlattenedTexture = None
    MobileBaseTexture = None
    MobileNormalTexture = None
    bUseMobileSpecular = false
    MobileSpecularPower = 16
    MobileSpecularMask = MSM_Constant (0)
    MobileMaskTexture = None
