Found 32768 game files (1766 skipped)
Loading package: 00010572.upk Ver: 573/1 Engine: 4205 Names: 194 Exports: 257 Imports: 58 Game: 801A
Loading Material3 Basic_Bead_FX from package 00010572.upk
Loading package: 00010571.upk Ver: 573/1 Engine: 4205 Names: 68 Exports: 45 Imports: 3 Game: 801A
Loading package: 00012963.upk Ver: 573/1 Engine: 4205 Names: 1386 Exports: 1362 Imports: 10 Game: 801A
Loading package: 00002640.upk Ver: 573/1 Engine: 4205 Names: 291 Exports: 507 Imports: 3 Game: 801A
Loading Material3 Blend_Attach_FX from package 00010572.upk
Loading MaterialInstanceConstant Basic_Bead_INST from package 00010572.upk
Loading package: 00002620.upk Ver: 573/1 Engine: 4205 Names: 576 Exports: 7687 Imports: 96 Game: 801A
Loading MaterialInstanceConstant col1 from package 00010572.upk
Loading Texture2D N from package 00010571.upk
Loading Texture2D E from package 00010571.upk
Loading Texture2D Gl_FX from package 00010571.upk
Loading Texture2D Smoke_Pattern_001 from package 00012963.upk
Loading Texture2D Gradient_Wipe_BurnOut_Mask_TEST from package 00012963.upk
Loading Texture2D Gradient_Wipe_BurnOut_Mask from package 00012963.upk
Loading Texture2D Unique_Stone_000_Reflect from package 00012963.upk
Loading Texture2D M from package 00010571.upk
Loading Texture2D D from package 00010571.upk
Loading Texture2D Gradient_Line_003 from package 00012963.upk
Loading Texture2D S from package 00010571.upk
Loading TextureCube cube_orb from package 00002640.upk
Loading TextureCube 4 from package 00010571.upk
Loading Texture2D Smoke_Inc_002 from package 00012963.upk
Loading TextureCube 6 from package 00010571.upk
Loading TextureCube 5 from package 00010571.upk
Loading Material3 Blend_Bead from package 00002620.upk
Loading Material3 Basic_Bead from package 00002620.upk
Loading Texture2D CubemapFace0 from package 00002640.upk
Loading Texture2D CubemapFace1 from package 00002640.upk
Loading Texture2D CubemapFace2 from package 00002640.upk
Loading Texture2D CubemapFace3 from package 00002640.upk
Loading Texture2D CubemapFace4 from package 00002640.upk
Loading Texture2D CubemapFace5 from package 00002640.upk
Loading Texture2D CubemapFace0 from package 00010571.upk
Loading Texture2D CubemapFace1 from package 00010571.upk
Loading Texture2D CubemapFace2 from package 00010571.upk
Loading Texture2D CubemapFace3 from package 00010571.upk
Loading Texture2D CubemapFace4 from package 00010571.upk
Loading Texture2D CubemapFace5 from package 00010571.upk
Loading Texture2D CubemapFace0 from package 00010571.upk
Loading Texture2D CubemapFace1 from package 00010571.upk
Loading Texture2D CubemapFace2 from package 00010571.upk
Loading Texture2D CubemapFace3 from package 00010571.upk
Loading Texture2D CubemapFace4 from package 00010571.upk
Loading Texture2D CubemapFace5 from package 00010571.upk
Loading Texture2D CubemapFace0 from package 00010571.upk
Loading Texture2D CubemapFace1 from package 00010571.upk
Loading Texture2D CubemapFace2 from package 00010571.upk
Loading Texture2D CubemapFace3 from package 00010571.upk
Loading Texture2D CubemapFace4 from package 00010571.upk
Loading Texture2D CubemapFace5 from package 00010571.upk
Loading Texture2D check_n from package 00002620.upk
Loading Texture2D check from package 00002620.upk
Loading Texture2D Noise_Glass_000 from package 00012963.upk
Loading TextureCube Cube_D from package 00002640.upk
Loading TextureCube eye_s from package 00002640.upk
Loading Texture2D CubemapFace0 from package 00002640.upk
Loading Texture2D CubemapFace1 from package 00002640.upk
Loading Texture2D CubemapFace2 from package 00002640.upk
Loading Texture2D CubemapFace3 from package 00002640.upk
Loading Texture2D CubemapFace4 from package 00002640.upk
Loading Texture2D CubemapFace5 from package 00002640.upk
Loading Texture2D CubemapFace0 from package 00002640.upk
Loading Texture2D CubemapFace1 from package 00002640.upk
Loading Texture2D CubemapFace2 from package 00002640.upk
Loading Texture2D CubemapFace3 from package 00002640.upk
Loading Texture2D CubemapFace4 from package 00002640.upk
Loading Texture2D CubemapFace5 from package 00002640.upk
Loaded in 0.38 sec, 3905 allocs, 1.61 MBytes serialized in 196539 calls.

Object info:
============
ClassName: Material3 ObjectName: Basic_Bead_FX

    TwoSided = true
    bDisableDepthTest = false
    bIsMasked = true
    ReferencedTextures[13] =
    {
        ReferencedTextures[0] = Texture2D'N'
        ReferencedTextures[1] = Texture2D'E'
        ReferencedTextures[2] = Texture2D'Gl_FX'
        ReferencedTextures[3] = Texture2D'Smoke_Pattern_001'
        ReferencedTextures[4] = Texture2D'Gradient_Wipe_BurnOut_Mask_TEST'
        ReferencedTextures[5] = Texture2D'Gradient_Wipe_BurnOut_Mask'
        ReferencedTextures[6] = Texture2D'Unique_Stone_000_Reflect'
        ReferencedTextures[7] = Texture2D'M'
        ReferencedTextures[8] = Texture2D'D'
        ReferencedTextures[9] = Texture2D'Gradient_Line_003'
        ReferencedTextures[10] = Texture2D'S'
        ReferencedTextures[11] = TextureCube'cube_orb'
        ReferencedTextures[12] = TextureCube'4'
    }
    BlendMode = BLEND_Masked (1)
    OpacityMaskClipValue = 0.333
    FlattenedTexture = None
    MobileBaseTexture = None
    MobileNormalTexture = None
    bUseMobileSpecular = false
    MobileSpecularPower = 16
    MobileSpecularMask = MSM_Constant (0)
    MobileMaskTexture = None

Object info:
============
ClassName: Material3 ObjectName: Blend_Attach_FX

    TwoSided = false
    bDisableDepthTest = false
    bIsMasked = false
    ReferencedTextures[13] =
    {
        ReferencedTextures[0] = Texture2D'N'
        ReferencedTextures[1] = Texture2D'Smoke_Inc_002'
        ReferencedTextures[2] = Texture2D'M'
        ReferencedTextures[3] = Texture2D'D'
        ReferencedTextures[4] = Texture2D'Smoke_Pattern_001'
        ReferencedTextures[5] = Texture2D'Gradient_Line_003'
        ReferencedTextures[6] = Texture2D'E'
        ReferencedTextures[7] = Texture2D'Gradient_Wipe_BurnOut_Mask_TEST'
        ReferencedTextures[8] = Texture2D'Gradient_Wipe_BurnOut_Mask'
        ReferencedTextures[9] = Texture2D'S'
        ReferencedTextures[10] = TextureCube'6'
        ReferencedTextures[11] = TextureCube'5'
        ReferencedTextures[12] = TextureCube'cube_orb'
    }
    BlendMode = BLEND_Translucent (2)
    OpacityMaskClipValue = 0.333
    FlattenedTexture = None
    MobileBaseTexture = None
    MobileNormalTexture = None
    bUseMobileSpecular = false
    MobileSpecularPower = 16
    MobileSpecularMask = MSM_Constant (0)
    MobileMaskTexture = None

Object info:
============
ClassName: MaterialInstanceConstant ObjectName: Basic_Bead_INST

    ScalarParameterValues[11] =
    {
        ScalarParameterValues[0] = { ParameterName=Reflection_Fresnel exponent, ParameterValue=1 }
        ScalarParameterValues[1] = { ParameterName=Emissive_value, ParameterValue=1 }
        ScalarParameterValues[2] = { ParameterName=Emissive_value2, ParameterValue=0.3 }
        ScalarParameterValues[3] = { ParameterName=Specular_value, ParameterValue=1 }
        ScalarParameterValues[4] = { ParameterName=HighLight_Value, ParameterValue=0 }
        ScalarParameterValues[5] = { ParameterName=Reflection_OUT_value, ParameterValue=1 }
        ScalarParameterValues[6] = { ParameterName=Reflection_IN_value, ParameterValue=1 }
        ScalarParameterValues[7] = { ParameterName=Refracion, ParameterValue=0 }
        ScalarParameterValues[8] = { ParameterName=Diffuse_IN_value, ParameterValue=-0.12 }
        ScalarParameterValues[9] = { ParameterName=Diffuse_Fresnel exponent, ParameterValue=0.6 }
        ScalarParameterValues[10] = { ParameterName=Specular_Fresnel exponent, ParameterValue=0 }
    }
    TextureParameterValues[8] =
    {
        TextureParameterValues[0] = { ParameterName=rf_cube, ParameterValue=TextureCube'6' }
        TextureParameterValues[1] = { ParameterName=Emissive, ParameterValue=Texture2D'E' }
        TextureParameterValues[2] = { ParameterName=Specular, ParameterValue=Texture2D'S' }
        TextureParameterValues[3] = { ParameterName=Normal, ParameterValue=Texture2D'N' }
        TextureParameterValues[4] = { ParameterName=Mask_GB, ParameterValue=Texture2D'M' }
        TextureParameterValues[5] = { ParameterName=Diffuse, ParameterValue=Texture2D'D' }
        TextureParameterValues[6] = { ParameterName=Illusion_cube, ParameterValue=TextureCube'5' }
        TextureParameterValues[7] = { ParameterName=HighLight_cube, ParameterValue=TextureCube'cube_orb' }
    }
    VectorParameterValues[2] =
    {
        VectorParameterValues[0] =
        {
            ParameterName = HighLight_Color
            ParameterValue = { R=1, G=1, B=1, A=1 }
        }
        VectorParameterValues[1] =
        {
            ParameterName = Illusion_Color
            ParameterValue = { R=0.63878, G=0.63878, B=0.63878, A=1 }
        }
    }
    Parent = Material3'Blend_Bead'
    FlattenedTexture = None
    MobileBaseTexture = None
    MobileNormalTexture = None
    bUseMobileSpecular = false
    MobileSpecularPower = 16
    MobileSpecularMask = MSM_Constant (0)
    MobileMaskTexture = None

Object info:
============
ClassName: MaterialInstanceConstant ObjectName: col1

    ScalarParameterValues[7] =
    {
        ScalarParameterValues[0] = { ParameterName=Reflection_Fresnel exponent, ParameterValue=1 }
        ScalarParameterValues[1] = { ParameterName=Emissive_value, ParameterValue=1 }
        ScalarParameterValues[2] = { ParameterName=Specular_value, ParameterValue=3 }
        ScalarParameterValues[3] = { ParameterName=Glossiness1, ParameterValue=50 }
        ScalarParameterValues[4] = { ParameterName=HighLight_Value, ParameterValue=1 }
        ScalarParameterValues[5] = { ParameterName=Reflection_OUT_value, ParameterValue=1 }
        ScalarParameterValues[6] = { ParameterName=Reflection_IN_value, ParameterValue=1 }
    }
    TextureParameterValues[7] =
    {
        TextureParameterValues[0] = { ParameterName=rf_cube, ParameterValue=TextureCube'cube_orb' }
        TextureParameterValues[1] = { ParameterName=Emissive, ParameterValue=Texture2D'E' }
        TextureParameterValues[2] = { ParameterName=Specular, ParameterValue=Texture2D'S' }
        TextureParameterValues[3] = { ParameterName=Normal, ParameterValue=Texture2D'N' }
        TextureParameterValues[4] = { ParameterName=Mask_GB, ParameterValue=Texture2D'M' }
        TextureParameterValues[5] = { ParameterName=Diffuse, ParameterValue=Texture2D'D' }
        TextureParameterValues[6] = { ParameterName=Illusion_cube, ParameterValue=TextureCube'4' }
    }
    VectorParameterValues[0] = {}
    Parent = Material3'Basic_Bead'
    FlattenedTexture = None
    MobileBaseTexture = None
    MobileNormalTexture = None
    bUseMobileSpecular = false
    MobileSpecularPower = 16
    MobileSpecularMask = MSM_Constant (0)
    MobileMaskTexture = None
