Found 32768 game files (1766 skipped)
Loading package: 00010323.upk Ver: 573/1 Engine: 4205 Names: 61 Exports: 6 Imports: 10 Game: 801A
Loading AnimSet 99053_FX_Anim from package 00010323.upk
WARNING: BoolProperty "UAnimSet::bServiced" was not found
WARNING: ArrayProperty "UAnimSet::AdjustAniScaleBoneNames" was not found
Loading AnimSequence AnimSequence_0 from package 00010323.upk
WARNING: BoolProperty "UAnimSequence::bServiced" was not found
Loading SkeletalMesh3 99053_FX_Mesh from package 00010323.upk
WARNING: ObjectProperty "USkeletalMesh3::PhysMaterialOverride" was not found
Loading package: 00010322.upk Ver: 573/1 Engine: 4205 Names: 75 Exports: 1 Imports: 20 Game: 801A
Loading SkeletalMesh3 Weaponr_99053_col1 from package 00010323.upk
WARNING: ObjectProperty "USkeletalMesh3::PhysMaterialOverride" was not found
Loading SkeletalMeshSocket SkeletalMeshSocket_194 from package 00010323.upk
Loading SkeletalMeshSocket SkeletalMeshSocket_195 from package 00010323.upk
Loading MaterialInstanceConstant Weaponr_99053_col1 from package 00010322.upk
Loading package: 00010321.upk Ver: 573/1 Engine: 4205 Names: 35 Exports: 4 Imports: 2 Game: 801A
Loading package: 00002640.upk Ver: 573/1 Engine: 4205 Names: 291 Exports: 507 Imports: 3 Game: 801A
Loading package: 00002620.upk Ver: 573/1 Engine: 4205 Names: 576 Exports: 7687 Imports: 96 Game: 801A
Loading Texture2D Weaponr_99053_col1_n from package 00010321.upk
Loading Texture2D M from package 00010321.upk
Loading Texture2D Weaponr_99053_col1_d1 from package 00010321.upk
Loading Texture2D Weaponr_99053_col1_s1 from package 00010321.upk
Loading TextureCube MatelW5 from package 00002640.upk
Loading Material3 Basic_local_reflect from package 00002620.upk
Loading package: 00012963.upk Ver: 573/1 Engine: 4205 Names: 1386 Exports: 1362 Imports: 10 Game: 801A
Loading Texture2D CubemapFace0 from package 00002640.upk
Loading Texture2D CubemapFace1 from package 00002640.upk
Loading Texture2D CubemapFace2 from package 00002640.upk
Loading Texture2D CubemapFace3 from package 00002640.upk
Loading Texture2D CubemapFace4 from package 00002640.upk
Loading Texture2D CubemapFace5 from package 00002640.upk
Loading Texture2D check_n from package 00002620.upk
Loading Texture2D Noise_Glass_000 from package 00012963.upk
Loading Texture2D Smoke_Pattern_001 from package 00012963.upk
Loading Texture2D Gradient_Wipe_BurnOut_Mask_TEST from package 00012963.upk
Loading Texture2D Gradient_Wipe_BurnOut_Mask from package 00012963.upk
Loading Texture2D check from package 00002620.upk
Loading Texture2D Gradient_Line_003 from package 00012963.upk
Error: Command failed: umodel.exe -dump -path="D:/Program Files (x86)/NCSOFT/BnS/contents/bns/CookedPC" -game=bns 00010323
******** 00010323 ********
*** unknown member ACF_ZOnlyRLE of enum AnimationCompressionFormat
*** ERROR: Unknown rotation compression method: 255
UAnimSet::ConvertAnims <- PostLoad:99053_FX_Anim <- UObject::EndLoad <- LoadWholePackage:00010323 <- Main


    at ChildProcess.exithandler (child_process.js:294:12)
    at ChildProcess.emit (events.js:182:13)
    at maybeClose (internal/child_process.js:962:16)
    at Process.ChildProcess._handle.onexit (internal/child_process.js:251:5)