Found 32768 game files (1222 skipped)
Loading package: 00012509.upk Ver: 573/1 Engine: 4205 Names: 351 Exports: 502 Imports: 88 Game: 801A
Loading AnimSet KungfuFighter_Martial_Anim from package 00012509.upk
WARNING: BoolProperty "UAnimSet::bServiced" was not found
WARNING: ArrayProperty "UAnimSet::AdjustAniScaleBoneNames" was not found
Loading AnimSequence AnimSequence_0 from package 00012509.upk
WARNING: BoolProperty "UAnimSequence::bServiced" was not found
Loading AnimSequence AnimSequence_1 from package 00012509.upk
WARNING: BoolProperty "UAnimSequence::bServiced" was not found
Loading AnimSequence AnimSequence_2 from package 00012509.upk
WARNING: BoolProperty "UAnimSequence::bServiced" was not found
Loading AnimSequence AnimSequence_3 from package 00012509.upk
WARNING: BoolProperty "UAnimSequence::bServiced" was not found
Loading AnimSequence AnimSequence_4 from package 00012509.upk
WARNING: BoolProperty "UAnimSequence::bUseAdjustAniScale" was not found
WARNING: BoolProperty "UAnimSequence::bUseCustomForceAnim" was not found
WARNING: BoolProperty "UAnimSequence::bServiced" was not found
Loading AnimSequence AnimSequence_5 from package 00012509.upk
WARNING: BoolProperty "UAnimSequence::bUseAdjustAniScale" was not found
WARNING: BoolProperty "UAnimSequence::bUseCustomForceAnim" was not found
WARNING: BoolProperty "UAnimSequence::bServiced" was not found
Loading AnimSequence AnimSequence_6 from package 00012509.upk
WARNING: BoolProperty "UAnimSequence::bUseAdjustAniScale" was not found
WARNING: BoolProperty "UAnimSequence::bUseCustomForceAnim" was not found
WARNING: BoolProperty "UAnimSequence::bServiced" was not found
Loading AnimSequence AnimSequence_7 from package 00012509.upk
WARNING: BoolProperty "UAnimSequence::bUseAdjustAniScale" was not found
WARNING: BoolProperty "UAnimSequence::bUseCustomForceAnim" was not found
WARNING: BoolProperty "UAnimSequence::bServiced" was not found
Loading Material3 Decal_Dragon_Normal_MatM from package 00012509.upk
WARNING: BoolProperty "UMaterial3::bAcceptRenderDecal" was not found
Loading package: 00012963.upk Ver: 573/1 Engine: 4205 Names: 1349 Exports: 1323 Imports: 10 Game: 801A
Loading Material3 FireDecal001_Dragon_MatM from package 00012509.upk
WARNING: BoolProperty "UMaterial3::bAcceptRenderDecal" was not found
Loading Material3 Ground_MeshPar_Mat from package 00012509.upk
WARNING: BoolProperty "UMaterial3::bAcceptRenderDecal" was not found
Loading Material3 Heavypunch_Ahead_Decal from package 00012509.upk
WARNING: BoolProperty "UMaterial3::bAcceptRenderDecal" was not found
Loading Material3 KungFuFighter_Dragon_MatM from package 00012509.upk
check for Stone_001_01_Cube in 00012509
check for Stone_001_01_Cube in 00012963
WARNING: Import(CubeMap_001.Stone_001_01_Cube) was not found
Loading Material3 KungfuFighter_DragonIce_Decal from package 00012509.upk
Loading Material3 KungfuFighter_DragonIce_Decal_2 from package 00012509.upk
Loading Material3 KungfuFighter_Heavypunch_Exe from package 00012509.upk
Loading Material3 KungfuFighter_Heavypunch_Exe2 from package 00012509.upk
Loading Material3 KungfuFighter_Heavypunch_MatM from package 00012509.upk
Loading package: 00012850.upk Ver: 573/1 Engine: 4205 Names: 1924 Exports: 31631 Imports: 705 Game: 801A
Loading Material3 KungfuFighter_Martial_MatM from package 00012509.upk
WARNING: BoolProperty "UMaterial3::bAcceptRenderDecal" was not found
Loading Material3 Kungufighter_HeavyFunch_Wave from package 00012509.upk
WARNING: BoolProperty "UMaterial3::bAcceptRenderDecal" was not found
Loading Material3 Tiger_Tooth_mat from package 00012509.upk
Loading SkeletalMesh3 KungfuFighter_Mesh from package 00012509.upk
Loading package: 00012892.upk Ver: 573/1 Engine: 4205 Names: 1018 Exports: 5834 Imports: 361 Game: 801A
Loading SkeletalMesh3 KungFuFighter_Tiger from package 00012509.upk
Loading StaticMesh3 Kungfufighter_Dragon_Mesh from package 00012509.upk
Loading StaticMesh3 KungfuFighter_DragonIce01_Mesh from package 00012509.upk
Loading StaticMesh3 KungfuFighter_DragonIce02_Mesh from package 00012509.upk
Loading StaticMesh3 KungfuFighter_DragonIce03_Mesh from package 00012509.upk
Loading StaticMesh3 KungfuFighter_DragonIce04_Mesh from package 00012509.upk
Loading StaticMesh3 SphereHemi000_Mirror_Mes from package 00012509.upk
Loading Texture2D Rune_Tiger_Tex from package 00012509.upk
Loading Texture2D Rune_Tiger_Tex_normal3 from package 00012509.upk
Loading Texture2D Decal_Crack_002_Des from package 00012963.upk
Loading Texture2D Noise_013 from package 00012963.upk
Loading Texture2D Noise_007 from package 00012963.upk
Loading Texture2D Sparkle_005 from package 00012963.upk
Loading Texture2D Gradient_Half_000 from package 00012963.upk
Loading Texture2D Unique_Bone_D_000 from package 00012963.upk
Loading Texture2D Fire_004 from package 00012963.upk
Loading Texture2D Noise_010 from package 00012963.upk
Loading Texture2D Gradient_Beam_007 from package 00012963.upk
Loading Texture2D Gradient_001 from package 00012963.upk
Loading Texture2D Env_Fx_waterFall_D from package 00012963.upk
Loading Texture2D Dragon_body_WW from package 00012963.upk
WARNING: BoolProperty "UTexture2D::bDisableLoadSwitch" was not found
Loading Texture2D Normal_Noise_000 from package 00012963.upk
WARNING: BoolProperty "UTexture2D::bDisableLoadSwitch" was not found
Loading Texture2D Dragon_body_outside from package 00012963.upk
Loading Texture2D Noise_002 from package 00012963.upk
Loading Texture2D Gradient_Line_000 from package 00012963.upk
Loading Texture2D Normal_Stone_000 from package 00012963.upk
WARNING: BoolProperty "UTexture2D::bDisableLoadSwitch" was not found
Loading Texture2D Unique_Ice_000 from package 00012963.upk
Loading Texture2D Glow_ink_000 from package 00012963.upk
Loading Texture2D Glow_008 from package 00012963.upk
Loading Texture2D Noise_Wave_000 from package 00012963.upk
Loading Texture2D Sparkle_Ink_Small from package 00012963.upk
Loading Texture2D Gradient_Color_RedToOrange_000 from package 00012963.upk
Loading Texture2D Gradient_001_Left from package 00012963.upk
Loading Texture2D Gradient_Line_003 from package 00012963.upk
Loading Texture2D Gradient_Color_BlueToPurple_001 from package 00012963.upk
Loading Texture2D FX_Fatman_Invincible_PC_N from package 00012850.upk
Loading Texture2D Smoke_Pattern_001 from package 00012963.upk
Loading Texture2D Noise_018 from package 00012963.upk
Loading Texture2D Noise_009 from package 00012963.upk
Loading Texture2D Normal_Noise_003 from package 00012963.upk
WARNING: BoolProperty "UTexture2D::bDisableLoadSwitch" was not found
Loading Texture2D Noise_Ripple_000_Inverse from package 00012963.upk
Loading Texture2D Ring_Rad_000 from package 00012963.upk
Loading Texture2D Glow_Twiri_003 from package 00012963.upk
Loading Texture2D Glow_Twiri_000 from package 00012963.upk
Loading Texture2D Normal_Noise_002 from package 00012963.upk
Loading Texture2D Glow_006 from package 00012963.upk
Loading Texture2D Unique_Waterfall_000_Mask from package 00012963.upk
Loading Material3 001_Mesh_Default_MatM from package 00012892.upk
WARNING: BoolProperty "UMaterial3::bAcceptRenderDecal" was not found
Loading package: 00023713.upk Ver: 573/1 Engine: 4205 Names: 101 Exports: 81 Imports: 4 Game: 801A
Loading Texture2D Cube000_Tex from package 00023713.upk
Error: Command failed: umodel.exe -dump -path="D:/Program Files (x86)/NCSOFT/BnS/contents/bns/CookedPC" -game=bns 00012509
******** 00012509 ********
*** unknown member ACF_ZOnlyRLE of enum AnimationCompressionFormat
*** unknown member ACF_ZOnlyRLE of enum AnimationCompressionFormat
*** unknown member ACF_ZOnlyRLE of enum AnimationCompressionFormat
*** unknown member ACF_ZOnlyRLE of enum AnimationCompressionFormat
*** unknown member ACF_ZOnlyRLE of enum AnimationCompressionFormat
*** unknown member ACF_ZOnlyRLE of enum AnimationCompressionFormat
*** unknown member ACF_ZOnlyRLE of enum AnimationCompressionFormat
*** unknown member ACF_ZOnlyRLE of enum AnimationCompressionFormat
*** ERROR: Unknown rotation compression method: 255
UAnimSet::ConvertAnims <- PostLoad:KungfuFighter_Martial_Anim <- UObject::EndLoad <- LoadWholePackage:00012509 <- Main


    at ChildProcess.exithandler (child_process.js:289:12)
    at ChildProcess.emit (events.js:182:13)
    at maybeClose (internal/child_process.js:962:16)
    at Process.ChildProcess._handle.onexit (internal/child_process.js:251:5)