Found 32768 game files (1766 skipped)
Loading package: 00012538.upk Ver: 573/1 Engine: 4205 Names: 328 Exports: 492 Imports: 101 Game: 801A
Loading Material3 M_BaseGlow_v001 from package 00012538.upk
Loading package: 00037791.upk Ver: 573/1 Engine: 4205 Names: 95 Exports: 63 Imports: 4 Game: 801A
Loading Material3 M_BaseMaterial_v001 from package 00012538.upk
Loading Material3 M_CatGlove_Mesh_v001 from package 00012538.upk
Loading package: 00029113.upk Ver: 573/1 Engine: 4205 Names: 32 Exports: 4 Imports: 2 Game: 801A
Loading Material3 M_DetectEye_v001 from package 00012538.upk
Loading Material3 M_DynPanner_v001 from package 00012538.upk
Loading Material3 M_DynPanner_v002 from package 00012538.upk
Loading Material3 M_GradientTexture_v001 from package 00012538.upk
Loading Material3 M_ItemPouch_Smoke_01 from package 00012538.upk
WARNING: BoolProperty "UMaterial3::bAcceptRenderDecal" was not found
Loading package: 00012963.upk Ver: 573/1 Engine: 4205 Names: 1386 Exports: 1362 Imports: 10 Game: 801A
Loading package: 00037213.upk Ver: 573/1 Engine: 4205 Names: 1042 Exports: 1043 Imports: 4 Game: 801A
Loading Material3 M_ItemPouch_Smoke_02 from package 00012538.upk
WARNING: BoolProperty "UMaterial3::bAcceptRenderDecal" was not found
Loading Material3 M_RimMaterial_v001 from package 00012538.upk
WARNING: BoolProperty "UMaterial3::bAcceptRenderDecal" was not found
Loading Material3 M_WeakenShot_Mesh_v001 from package 00012538.upk
Loading Material3 M_WeakenShot_PS_v001 from package 00012538.upk
Loading Material3 YeonHwaLin_neko_Decal7-4 from package 00012538.upk
WARNING: BoolProperty "UMaterial3::bAcceptRenderDecal" was not found
Loading MaterialInstanceConstant MI_BaseGlow_v001 from package 00012538.upk
Loading MaterialInstanceConstant MI_BaseGlow_v002 from package 00012538.upk
Loading MaterialInstanceConstant MI_BaseGlow_v003 from package 00012538.upk
Loading MaterialInstanceConstant MI_CatGlove_Mesh_v001 from package 00012538.upk
Loading MaterialInstanceConstant MI_DetectEye_v001 from package 00012538.upk
Loading MaterialInstanceConstant MI_DynPanner_v001 from package 00012538.upk
Loading MaterialInstanceConstant MI_DynPanner_v001A from package 00012538.upk
Loading MaterialInstanceConstant MI_DynPanner_v002 from package 00012538.upk
Loading MaterialInstanceConstant MI_GhostShot_Stone_col1 from package 00012538.upk
Loading package: 00052897.upk Ver: 573/1 Engine: 4205 Names: 29 Exports: 5 Imports: 2 Game: 801A
Loading package: 00002640.upk Ver: 573/1 Engine: 4205 Names: 291 Exports: 507 Imports: 3 Game: 801A
Loading package: 00002620.upk Ver: 573/1 Engine: 4205 Names: 576 Exports: 7687 Imports: 96 Game: 801A
Loading MaterialInstanceConstant MI_ItemPouch_Smoke_01 from package 00012538.upk
Loading MaterialInstanceConstant MI_ItemPouch_Smoke_02 from package 00012538.upk
Loading MaterialInstanceConstant MI_RimMaterial_v001 from package 00012538.upk
Loading MaterialInstanceConstant MI_RimMaterial_v002 from package 00012538.upk
Loading MaterialInstanceConstant MI_WeakenShot_Mesh_v001 from package 00012538.upk
Loading MaterialInstanceConstant MI_WeakenShot_PS_v001 from package 00012538.upk
Loading MaterialInstanceConstant Plask_col1 from package 00012538.upk
Loading MaterialInstanceConstant Plask_col1_1 from package 00012538.upk
Loading StaticMesh3 SM_DetectCamera_v002 from package 00012538.upk
Loading Texture2D 2PixBlack000_Tex from package 00012538.upk
Loading Texture2D T_Glow_v001 from package 00037791.upk
Loading Texture2D Weapon_020181_col1_D from package 00029113.upk
Loading Texture2D Weapon_020181_col1_FX from package 00037791.upk
Loading Texture2D T_Noise_v001 from package 00037791.upk
Loading Texture2D T_Detect_v001 from package 00037791.upk
Loading Texture2D FX_T_0007 from package 00037791.upk
Loading Texture2D Smoke_Fractal_002 from package 00012963.upk
Loading Texture2D Tex_JointAttack_glow from package 00037213.upk
Loading Texture2D Unique_Stone_001 from package 00012963.upk
Loading Texture2D Glow_Flair_001 from package 00012963.upk
Loading Texture2D Glow_ShockWave_005 from package 00012963.upk
Loading Texture2D T_WeakenShot_Eye from package 00037791.upk
Loading Texture2D T_WeakenShot_Mouth from package 00037791.upk
Loading Texture2D YeonHwaLin_HealStamp_decal07_n from package 00012963.upk
Loading Texture2D YeonHwaLin_HealStamp_decal08 from package 00037791.upk
Loading Texture2D Noise_007 from package 00012963.upk
Loading Texture2D Sparkle_005 from package 00012963.upk
Loading Texture2D Decal_Crack_002_Des from package 00012963.upk
Loading Texture2D Glow_006 from package 00012963.upk
Loading Texture2D Glow_011 from package 00012963.upk
Loading Texture2D FX_T_0344 from package 00037791.upk
Loading Texture2D T_Noise_v002 from package 00037791.upk
Loading Texture2D FX_T_0296C from package 00037791.upk
Loading Texture2D Noise_Ripple_000 from package 00012963.upk
Loading Texture2D Gradient_Light_Line_000_V from package 00012963.upk
Loading Texture2D FX_T_0367C from package 00037791.upk
Loading Texture2D FX_T_0035 from package 00037791.upk
Loading Texture2D FX_T_0035B from package 00037791.upk
Loading Texture2D N from package 00052897.upk
Loading Texture2D M from package 00052897.upk
Loading Texture2D stone_d from package 00037791.upk
Loading Texture2D S from package 00052897.upk
Loading TextureCube Cube_D from package 00002640.upk
Loading Texture2D Stone_E from package 00037791.upk
Loading Material3 Basic from package 00002620.upk
Loading Texture2D Palsk_N from package 00037791.upk
Loading TextureCube Cube_B from package 00002640.upk
Loading Texture2D Palsk_D_Main from package 00037791.upk
Loading Texture2D Palsk_M from package 00037791.upk
Loading Texture2D Plask_S from package 00037791.upk
Loading TextureCube lenscube_c from package 00002640.upk
Loading Texture2D check from package 00002620.upk
Loading TextureCube MatelW3 from package 00002640.upk
Loading Material3 Blend_Bead from package 00002620.upk
Loading Texture2D Plask_D from package 00037791.upk
Loading Texture2D CubemapFace0 from package 00002640.upk
Loading Texture2D CubemapFace1 from package 00002640.upk
Loading Texture2D CubemapFace2 from package 00002640.upk
Loading Texture2D CubemapFace3 from package 00002640.upk
Loading Texture2D CubemapFace4 from package 00002640.upk
Loading Texture2D CubemapFace5 from package 00002640.upk
Loading Texture2D check_n from package 00002620.upk
Loading Texture2D Smoke_Pattern_001 from package 00012963.upk
Loading Texture2D Gradient_Line_003 from package 00012963.upk
Loading Texture2D Gradient_Wipe_BurnOut_Mask_TEST from package 00012963.upk
Loading Texture2D Gradient_Wipe_BurnOut_Mask from package 00012963.upk
Loading Texture2D CubemapFace0 from package 00002640.upk
Loading Texture2D CubemapFace1 from package 00002640.upk
Loading Texture2D CubemapFace2 from package 00002640.upk
Loading Texture2D CubemapFace3 from package 00002640.upk
Loading Texture2D CubemapFace4 from package 00002640.upk
Loading Texture2D CubemapFace5 from package 00002640.upk
Loading Texture2D CubemapFace0 from package 00002640.upk
Loading Texture2D CubemapFace1 from package 00002640.upk
Loading Texture2D CubemapFace2 from package 00002640.upk
Loading Texture2D CubemapFace3 from package 00002640.upk
Loading Texture2D CubemapFace4 from package 00002640.upk
Loading Texture2D CubemapFace5 from package 00002640.upk
Loading Texture2D CubemapFace0 from package 00002640.upk
Loading Texture2D CubemapFace1 from package 00002640.upk
Loading Texture2D CubemapFace2 from package 00002640.upk
Loading Texture2D CubemapFace3 from package 00002640.upk
Loading Texture2D CubemapFace4 from package 00002640.upk
Loading Texture2D CubemapFace5 from package 00002640.upk
Loading Texture2D Noise_Glass_000 from package 00012963.upk
Loading TextureCube eye_s from package 00002640.upk
Loading Texture2D CubemapFace0 from package 00002640.upk
Loading Texture2D CubemapFace1 from package 00002640.upk
Loading Texture2D CubemapFace2 from package 00002640.upk
Loading Texture2D CubemapFace3 from package 00002640.upk
Loading Texture2D CubemapFace4 from package 00002640.upk
Loading Texture2D CubemapFace5 from package 00002640.upk
Loaded in 0.84 sec, 5989 allocs, 2.69 MBytes serialized in 270608 calls.

Object info:
============
ClassName: Material3 ObjectName: M_BaseGlow_v001

    TwoSided = true
    bDisableDepthTest = false
    bIsMasked = false
    ReferencedTextures[1] = { Texture2D'T_Glow_v001' }
    BlendMode = BLEND_Additive (3)
    OpacityMaskClipValue = 0.333
    FlattenedTexture = None
    MobileBaseTexture = None
    MobileNormalTexture = None
    bUseMobileSpecular = false
    MobileSpecularPower = 16
    MobileSpecularMask = MSM_Constant (0)
    MobileMaskTexture = None

Object info:
============
ClassName: Material3 ObjectName: M_BaseMaterial_v001

    TwoSided = true
    bDisableDepthTest = false
    bIsMasked = false
    ReferencedTextures[1] = { Texture2D'T_Glow_v001' }
    BlendMode = BLEND_Additive (3)
    OpacityMaskClipValue = 0.333
    FlattenedTexture = None
    MobileBaseTexture = None
    MobileNormalTexture = None
    bUseMobileSpecular = false
    MobileSpecularPower = 16
    MobileSpecularMask = MSM_Constant (0)
    MobileMaskTexture = None

Object info:
============
ClassName: Material3 ObjectName: M_CatGlove_Mesh_v001

    TwoSided = true
    bDisableDepthTest = false
    bIsMasked = true
    ReferencedTextures[3] =
    {
        ReferencedTextures[0] = Texture2D'Weapon_020181_col1_D'
        ReferencedTextures[1] = Texture2D'Weapon_020181_col1_FX'
        ReferencedTextures[2] = Texture2D'T_Noise_v001'
    }
    BlendMode = BLEND_Masked (1)
    OpacityMaskClipValue = 0.333
    FlattenedTexture = None
    MobileBaseTexture = None
    MobileNormalTexture = None
    bUseMobileSpecular = false
    MobileSpecularPower = 16
    MobileSpecularMask = MSM_Constant (0)
    MobileMaskTexture = None

Object info:
============
ClassName: Material3 ObjectName: M_DetectEye_v001

    TwoSided = false
    bDisableDepthTest = false
    bIsMasked = false
    ReferencedTextures[2] = { Texture2D'T_Detect_v001', Texture2D'FX_T_0007' }
    BlendMode = BLEND_Translucent (2)
    OpacityMaskClipValue = 0.333
    FlattenedTexture = None
    MobileBaseTexture = None
    MobileNormalTexture = None
    bUseMobileSpecular = false
    MobileSpecularPower = 16
    MobileSpecularMask = MSM_Constant (0)
    MobileMaskTexture = None

Object info:
============
ClassName: Material3 ObjectName: M_DynPanner_v001

    TwoSided = true
    bDisableDepthTest = false
    bIsMasked = false
    ReferencedTextures[1] = { Texture2D'T_Glow_v001' }
    BlendMode = BLEND_Additive (3)
    OpacityMaskClipValue = 0.333
    FlattenedTexture = None
    MobileBaseTexture = None
    MobileNormalTexture = None
    bUseMobileSpecular = false
    MobileSpecularPower = 16
    MobileSpecularMask = MSM_Constant (0)
    MobileMaskTexture = None

Object info:
============
ClassName: Material3 ObjectName: M_DynPanner_v002

    TwoSided = true
    bDisableDepthTest = false
    bIsMasked = false
    ReferencedTextures[1] = { Texture2D'T_Glow_v001' }
    BlendMode = BLEND_Additive (3)
    OpacityMaskClipValue = 0.333
    FlattenedTexture = None
    MobileBaseTexture = None
    MobileNormalTexture = None
    bUseMobileSpecular = false
    MobileSpecularPower = 16
    MobileSpecularMask = MSM_Constant (0)
    MobileMaskTexture = None

Object info:
============
ClassName: Material3 ObjectName: M_GradientTexture_v001

    TwoSided = true
    bDisableDepthTest = false
    bIsMasked = false
    ReferencedTextures[1] = { Texture2D'T_Glow_v001' }
    BlendMode = BLEND_Additive (3)
    OpacityMaskClipValue = 0.333
    FlattenedTexture = None
    MobileBaseTexture = None
    MobileNormalTexture = None
    bUseMobileSpecular = false
    MobileSpecularPower = 16
    MobileSpecularMask = MSM_Constant (0)
    MobileMaskTexture = None

Object info:
============
ClassName: Material3 ObjectName: M_ItemPouch_Smoke_01

    TwoSided = false
    bDisableDepthTest = false
    bIsMasked = false
    ReferencedTextures[4] =
    {
        ReferencedTextures[0] = Texture2D'Smoke_Fractal_002'
        ReferencedTextures[1] = Texture2D'Tex_JointAttack_glow'
        ReferencedTextures[2] = Texture2D'Unique_Stone_001'
        ReferencedTextures[3] = Texture2D'Glow_Flair_001'
    }
    BlendMode = BLEND_Additive (3)
    OpacityMaskClipValue = 0.333
    FlattenedTexture = None
    MobileBaseTexture = None
    MobileNormalTexture = None
    bUseMobileSpecular = false
    MobileSpecularPower = 16
    MobileSpecularMask = MSM_Constant (0)
    MobileMaskTexture = None

Object info:
============
ClassName: Material3 ObjectName: M_ItemPouch_Smoke_02

    TwoSided = false
    bDisableDepthTest = false
    bIsMasked = false
    ReferencedTextures[1] = { Texture2D'Glow_ShockWave_005' }
    BlendMode = BLEND_Additive (3)
    OpacityMaskClipValue = 0.333
    FlattenedTexture = None
    MobileBaseTexture = None
    MobileNormalTexture = None
    bUseMobileSpecular = false
    MobileSpecularPower = 16
    MobileSpecularMask = MSM_Constant (0)
    MobileMaskTexture = None

Object info:
============
ClassName: Material3 ObjectName: M_RimMaterial_v001

    TwoSided = false
    bDisableDepthTest = false
    bIsMasked = false
    ReferencedTextures[0] = {}
    BlendMode = BLEND_Additive (3)
    OpacityMaskClipValue = 0.333
    FlattenedTexture = None
    MobileBaseTexture = None
    MobileNormalTexture = None
    bUseMobileSpecular = false
    MobileSpecularPower = 16
    MobileSpecularMask = MSM_Constant (0)
    MobileMaskTexture = None

Object info:
============
ClassName: Material3 ObjectName: M_WeakenShot_Mesh_v001

    TwoSided = true
    bDisableDepthTest = false
    bIsMasked = false
    ReferencedTextures[2] = { Texture2D'T_WeakenShot_Eye', Texture2D'T_WeakenShot_Mouth' }
    BlendMode = BLEND_Translucent (2)
    OpacityMaskClipValue = 0.333
    FlattenedTexture = None
    MobileBaseTexture = None
    MobileNormalTexture = None
    bUseMobileSpecular = false
    MobileSpecularPower = 16
    MobileSpecularMask = MSM_Constant (0)
    MobileMaskTexture = None

Object info:
============
ClassName: Material3 ObjectName: M_WeakenShot_PS_v001

    TwoSided = true
    bDisableDepthTest = false
    bIsMasked = false
    ReferencedTextures[2] = { Texture2D'T_WeakenShot_Eye', Texture2D'T_WeakenShot_Mouth' }
    BlendMode = BLEND_Translucent (2)
    OpacityMaskClipValue = 0.333
    FlattenedTexture = None
    MobileBaseTexture = None
    MobileNormalTexture = None
    bUseMobileSpecular = false
    MobileSpecularPower = 16
    MobileSpecularMask = MSM_Constant (0)
    MobileMaskTexture = None

Object info:
============
ClassName: Material3 ObjectName: YeonHwaLin_neko_Decal7-4

    TwoSided = false
    bDisableDepthTest = false
    bIsMasked = false
    ReferencedTextures[5] =
    {
        ReferencedTextures[0] = Texture2D'Acc_mesh.YeonHwaLin_HealStamp_decal07_n'
        ReferencedTextures[1] = Texture2D'YeonHwaLin_HealStamp_decal08'
        ReferencedTextures[2] = Texture2D'Noise_007'
        ReferencedTextures[3] = Texture2D'Sparkle_005'
        ReferencedTextures[4] = Texture2D'Decal_Crack_002_Des'
    }
    BlendMode = BLEND_Translucent (2)
    OpacityMaskClipValue = 0.333
    FlattenedTexture = None
    MobileBaseTexture = None
    MobileNormalTexture = None
    bUseMobileSpecular = false
    MobileSpecularPower = 16
    MobileSpecularMask = MSM_Constant (0)
    MobileMaskTexture = None

Object info:
============
ClassName: MaterialInstanceConstant ObjectName: MI_BaseGlow_v001

    ScalarParameterValues[0] = {}
    TextureParameterValues[0] = {}
    VectorParameterValues[0] = {}
    Parent = Material3'M_BaseGlow_v001'
    FlattenedTexture = None
    MobileBaseTexture = None
    MobileNormalTexture = None
    bUseMobileSpecular = false
    MobileSpecularPower = 16
    MobileSpecularMask = MSM_Constant (0)
    MobileMaskTexture = None

Object info:
============
ClassName: MaterialInstanceConstant ObjectName: MI_BaseGlow_v002

    ScalarParameterValues[8] =
    {
        ScalarParameterValues[0] = { ParameterName=Emissive01_TileU, ParameterValue=1 }
        ScalarParameterValues[1] = { ParameterName=Emissive01_SpdU, ParameterValue=0 }
        ScalarParameterValues[2] = { ParameterName=Emissive01_AddU, ParameterValue=0 }
        ScalarParameterValues[3] = { ParameterName=Emissive01_Int, ParameterValue=1 }
        ScalarParameterValues[4] = { ParameterName=Emissive01_TileV, ParameterValue=1 }
        ScalarParameterValues[5] = { ParameterName=Emissive01_Power, ParameterValue=1 }
        ScalarParameterValues[6] = { ParameterName=Emissive01_SpdV, ParameterValue=0 }
        ScalarParameterValues[7] = { ParameterName=Emissive01_AddV, ParameterValue=0 }
    }
    TextureParameterValues[1] =
    {
        TextureParameterValues[0] = { ParameterName=Emissive01_Tex, ParameterValue=Texture2D'Glow_006' }
    }
    VectorParameterValues[0] = {}
    Parent = Material3'M_BaseGlow_v001'
    FlattenedTexture = None
    MobileBaseTexture = None
    MobileNormalTexture = None
    bUseMobileSpecular = false
    MobileSpecularPower = 16
    MobileSpecularMask = MSM_Constant (0)
    MobileMaskTexture = None

Object info:
============
ClassName: MaterialInstanceConstant ObjectName: MI_BaseGlow_v003

    ScalarParameterValues[8] =
    {
        ScalarParameterValues[0] = { ParameterName=Emissive01_TileU, ParameterValue=1 }
        ScalarParameterValues[1] = { ParameterName=Emissive01_SpdU, ParameterValue=0 }
        ScalarParameterValues[2] = { ParameterName=Emissive01_AddU, ParameterValue=0 }
        ScalarParameterValues[3] = { ParameterName=Emissive01_Int, ParameterValue=5 }
        ScalarParameterValues[4] = { ParameterName=Emissive01_TileV, ParameterValue=1 }
        ScalarParameterValues[5] = { ParameterName=Emissive01_Power, ParameterValue=3 }
        ScalarParameterValues[6] = { ParameterName=Emissive01_SpdV, ParameterValue=0 }
        ScalarParameterValues[7] = { ParameterName=Emissive01_AddV, ParameterValue=0 }
    }
    TextureParameterValues[1] =
    {
        TextureParameterValues[0] = { ParameterName=Emissive01_Tex, ParameterValue=Texture2D'Glow_011' }
    }
    VectorParameterValues[0] = {}
    Parent = Material3'M_BaseGlow_v001'
    FlattenedTexture = None
    MobileBaseTexture = None
    MobileNormalTexture = None
    bUseMobileSpecular = false
    MobileSpecularPower = 16
    MobileSpecularMask = MSM_Constant (0)
    MobileMaskTexture = None

Object info:
============
ClassName: MaterialInstanceConstant ObjectName: MI_CatGlove_Mesh_v001

    ScalarParameterValues[0] = {}
    TextureParameterValues[0] = {}
    VectorParameterValues[0] = {}
    Parent = Material3'M_CatGlove_Mesh_v001'
    FlattenedTexture = None
    MobileBaseTexture = None
    MobileNormalTexture = None
    bUseMobileSpecular = false
    MobileSpecularPower = 16
    MobileSpecularMask = MSM_Constant (0)
    MobileMaskTexture = None

Object info:
============
ClassName: MaterialInstanceConstant ObjectName: MI_DetectEye_v001

    ScalarParameterValues[3] =
    {
        ScalarParameterValues[0] = { ParameterName=EmissiveR_Int, ParameterValue=12 }
        ScalarParameterValues[1] = { ParameterName=EmissiveG_Int, ParameterValue=2 }
        ScalarParameterValues[2] = { ParameterName=EmissiveB_Int, ParameterValue=2 }
    }
    TextureParameterValues[2] =
    {
        TextureParameterValues[0] = { ParameterName=Dissolve_Tex, ParameterValue=Texture2D'FX_T_0007' }
        TextureParameterValues[1] = { ParameterName=Emissive_Tex, ParameterValue=Texture2D'T_Detect_v001' }
    }
    VectorParameterValues[0] = {}
    Parent = Material3'M_DetectEye_v001'
    FlattenedTexture = None
    MobileBaseTexture = None
    MobileNormalTexture = None
    bUseMobileSpecular = false
    MobileSpecularPower = 16
    MobileSpecularMask = MSM_Constant (0)
    MobileMaskTexture = None

Object info:
============
ClassName: MaterialInstanceConstant ObjectName: MI_DynPanner_v001

    ScalarParameterValues[20] =
    {
        ScalarParameterValues[0] = { ParameterName=Emissive01_Power, ParameterValue=1.2 }
        ScalarParameterValues[1] = { ParameterName=Emissive01_Int, ParameterValue=2 }
        ScalarParameterValues[2] = { ParameterName=Emissive01_AddV, ParameterValue=0 }
        ScalarParameterValues[3] = { ParameterName=Emissive01_TileV, ParameterValue=1 }
        ScalarParameterValues[4] = { ParameterName=Emissive01_AddU, ParameterValue=0 }
        ScalarParameterValues[5] = { ParameterName=Emissive01_TileU, ParameterValue=1 }
        ScalarParameterValues[6] = { ParameterName=Dissolve01_Power, ParameterValue=1 }
        ScalarParameterValues[7] = { ParameterName=Dissolve01_Int, ParameterValue=0.5 }
        ScalarParameterValues[8] = { ParameterName=Dissolve01_AddV, ParameterValue=0 }
        ScalarParameterValues[9] = { ParameterName=Dissolve01_SpdV, ParameterValue=1 }
        ScalarParameterValues[10] = { ParameterName=Dissolve01_TileV, ParameterValue=2 }
        ScalarParameterValues[11] = { ParameterName=Dissolve01_AddU, ParameterValue=0 }
        ScalarParameterValues[12] = { ParameterName=Dissolve01_SpdU, ParameterValue=0 }
        ScalarParameterValues[13] = { ParameterName=Dissolve01_TileU, ParameterValue=0.5 }
        ScalarParameterValues[14] = { ParameterName=Emissive02_Power, ParameterValue=1 }
        ScalarParameterValues[15] = { ParameterName=Emissive02_Int, ParameterValue=1 }
        ScalarParameterValues[16] = { ParameterName=Emissive02_AddV, ParameterValue=-0.25 }
        ScalarParameterValues[17] = { ParameterName=Emissive02_TileV, ParameterValue=1 }
        ScalarParameterValues[18] = { ParameterName=Emissive02_AddU, ParameterValue=0 }
        ScalarParameterValues[19] = { ParameterName=Emissive02_TileU, ParameterValue=0.5 }
    }
    TextureParameterValues[3] =
    {
        TextureParameterValues[0] = { ParameterName=Emissive01_Tex, ParameterValue=Texture2D'FX_T_0344' }
        TextureParameterValues[1] = { ParameterName=Dissolve01_Tex, ParameterValue=Texture2D'T_Noise_v002' }
        TextureParameterValues[2] = { ParameterName=Emissive02_Tex, ParameterValue=Texture2D'FX_T_0296C' }
    }
    VectorParameterValues[3] =
    {
        VectorParameterValues[0] =
        {
            ParameterName = Emissive02_SpdUV
            ParameterValue = { R=0, G=0, B=0, A=1 }
        }
        VectorParameterValues[1] =
        {
            ParameterName = Emissive01_SpdUV
            ParameterValue = { R=0, G=0, B=0, A=1 }
        }
        VectorParameterValues[2] =
        {
            ParameterName = Lerp
            ParameterValue = { R=0, G=0, B=0, A=1 }
        }
    }
    Parent = Material3'M_DynPanner_v001'
    FlattenedTexture = None
    MobileBaseTexture = None
    MobileNormalTexture = None
    bUseMobileSpecular = false
    MobileSpecularPower = 16
    MobileSpecularMask = MSM_Constant (0)
    MobileMaskTexture = None

Object info:
============
ClassName: MaterialInstanceConstant ObjectName: MI_DynPanner_v001A

    ScalarParameterValues[20] =
    {
        ScalarParameterValues[0] = { ParameterName=Emissive01_Power, ParameterValue=4 }
        ScalarParameterValues[1] = { ParameterName=Emissive01_Int, ParameterValue=1 }
        ScalarParameterValues[2] = { ParameterName=Emissive01_AddV, ParameterValue=0 }
        ScalarParameterValues[3] = { ParameterName=Emissive01_TileV, ParameterValue=1 }
        ScalarParameterValues[4] = { ParameterName=Emissive01_AddU, ParameterValue=0 }
        ScalarParameterValues[5] = { ParameterName=Emissive01_TileU, ParameterValue=1 }
        ScalarParameterValues[6] = { ParameterName=Dissolve01_Power, ParameterValue=1 }
        ScalarParameterValues[7] = { ParameterName=Dissolve01_Int, ParameterValue=0.2 }
        ScalarParameterValues[8] = { ParameterName=Dissolve01_AddV, ParameterValue=0 }
        ScalarParameterValues[9] = { ParameterName=Dissolve01_SpdV, ParameterValue=0 }
        ScalarParameterValues[10] = { ParameterName=Dissolve01_TileV, ParameterValue=1 }
        ScalarParameterValues[11] = { ParameterName=Dissolve01_AddU, ParameterValue=0 }
        ScalarParameterValues[12] = { ParameterName=Dissolve01_SpdU, ParameterValue=0 }
        ScalarParameterValues[13] = { ParameterName=Dissolve01_TileU, ParameterValue=1 }
        ScalarParameterValues[14] = { ParameterName=Emissive02_Power, ParameterValue=2 }
        ScalarParameterValues[15] = { ParameterName=Emissive02_Int, ParameterValue=1 }
        ScalarParameterValues[16] = { ParameterName=Emissive02_AddV, ParameterValue=0 }
        ScalarParameterValues[17] = { ParameterName=Emissive02_TileV, ParameterValue=1 }
        ScalarParameterValues[18] = { ParameterName=Emissive02_AddU, ParameterValue=0 }
        ScalarParameterValues[19] = { ParameterName=Emissive02_TileU, ParameterValue=4 }
    }
    TextureParameterValues[3] =
    {
        TextureParameterValues[0] = { ParameterName=Emissive01_Tex, ParameterValue=Texture2D'FX_T_0296C' }
        TextureParameterValues[1] = { ParameterName=Dissolve01_Tex, ParameterValue=Texture2D'Noise_Ripple_000' }
        TextureParameterValues[2] =
        {
            ParameterName = Emissive02_Tex
            ParameterValue = Texture2D'Gradient_Light_Line_000_V'
        }
    }
    VectorParameterValues[3] =
    {
        VectorParameterValues[0] =
        {
            ParameterName = Emissive02_SpdUV
            ParameterValue = { R=0, G=1, B=0, A=1 }
        }
        VectorParameterValues[1] =
        {
            ParameterName = Emissive01_SpdUV
            ParameterValue = { R=0, G=1, B=0, A=1 }
        }
        VectorParameterValues[2] =
        {
            ParameterName = Lerp
            ParameterValue = { R=0, G=0, B=0, A=1 }
        }
    }
    Parent = Material3'M_DynPanner_v001'
    FlattenedTexture = None
    MobileBaseTexture = None
    MobileNormalTexture = None
    bUseMobileSpecular = false
    MobileSpecularPower = 16
    MobileSpecularMask = MSM_Constant (0)
    MobileMaskTexture = None

Object info:
============
ClassName: MaterialInstanceConstant ObjectName: MI_DynPanner_v002

    ScalarParameterValues[20] =
    {
        ScalarParameterValues[0] = { ParameterName=Mask01_Power, ParameterValue=5 }
        ScalarParameterValues[1] = { ParameterName=Mask01_Int, ParameterValue=1 }
        ScalarParameterValues[2] = { ParameterName=Mask01_AddV, ParameterValue=-1.86 }
        ScalarParameterValues[3] = { ParameterName=Mask01_TileV, ParameterValue=2 }
        ScalarParameterValues[4] = { ParameterName=Mask01_AddU, ParameterValue=0 }
        ScalarParameterValues[5] = { ParameterName=Mask01_TileU, ParameterValue=1 }
        ScalarParameterValues[6] = { ParameterName=Emissive01_Power, ParameterValue=1 }
        ScalarParameterValues[7] = { ParameterName=Emissive01_Int, ParameterValue=1 }
        ScalarParameterValues[8] = { ParameterName=Emissive01_AddV, ParameterValue=0 }
        ScalarParameterValues[9] = { ParameterName=Emissive01_TileV, ParameterValue=1.6 }
        ScalarParameterValues[10] = { ParameterName=Emissive01_AddU, ParameterValue=0 }
        ScalarParameterValues[11] = { ParameterName=Emissive01_TileU, ParameterValue=5 }
        ScalarParameterValues[12] = { ParameterName=Dissolve01_Power, ParameterValue=1 }
        ScalarParameterValues[13] = { ParameterName=Dissolve01_Int, ParameterValue=0.2 }
        ScalarParameterValues[14] = { ParameterName=Dissolve01_AddV, ParameterValue=0 }
        ScalarParameterValues[15] = { ParameterName=Dissolve01_SpdV, ParameterValue=1 }
        ScalarParameterValues[16] = { ParameterName=Dissolve01_TileV, ParameterValue=1 }
        ScalarParameterValues[17] = { ParameterName=Dissolve01_AddU, ParameterValue=1 }
        ScalarParameterValues[18] = { ParameterName=Dissolve01_SpdU, ParameterValue=0 }
        ScalarParameterValues[19] = { ParameterName=Dissolve01_TileU, ParameterValue=1 }
    }
    TextureParameterValues[3] =
    {
        TextureParameterValues[0] = { ParameterName=Mask01_Tex, ParameterValue=Texture2D'FX_T_0367C' }
        TextureParameterValues[1] = { ParameterName=Emissive01_Tex, ParameterValue=Texture2D'FX_T_0035' }
        TextureParameterValues[2] = { ParameterName=Dissolve01_Tex, ParameterValue=Texture2D'FX_T_0035B' }
    }
    VectorParameterValues[2] =
    {
        VectorParameterValues[0] =
        {
            ParameterName = Emissive02_SpdUV
            ParameterValue = { R=0, G=0, B=0, A=1 }
        }
        VectorParameterValues[1] =
        {
            ParameterName = Emissive01_SpdUV
            ParameterValue = { R=0, G=0, B=0, A=1 }
        }
    }
    Parent = Material3'M_DynPanner_v002'
    FlattenedTexture = None
    MobileBaseTexture = None
    MobileNormalTexture = None
    bUseMobileSpecular = false
    MobileSpecularPower = 16
    MobileSpecularMask = MSM_Constant (0)
    MobileMaskTexture = None

Object info:
============
ClassName: MaterialInstanceConstant ObjectName: MI_GhostShot_Stone_col1

    ScalarParameterValues[10] =
    {
        ScalarParameterValues[0] = { ParameterName=Transmission_value, ParameterValue=2 }
        ScalarParameterValues[1] = { ParameterName=Glossiness1, ParameterValue=8 }
        ScalarParameterValues[2] = { ParameterName=Glossiness2, ParameterValue=80 }
        ScalarParameterValues[3] = { ParameterName=Specular_value, ParameterValue=10 }
        ScalarParameterValues[4] = { ParameterName=HighLight_Value, ParameterValue=10 }
        ScalarParameterValues[5] = { ParameterName=HighLight_glossiness, ParameterValue=150 }
        ScalarParameterValues[6] = { ParameterName=Emissive_value, ParameterValue=1 }
        ScalarParameterValues[7] = { ParameterName=Emissive_value2, ParameterValue=2 }
        ScalarParameterValues[8] = { ParameterName=Fresnel Value, ParameterValue=20 }
        ScalarParameterValues[9] = { ParameterName=Fresnel exponent, ParameterValue=20 }
    }
    TextureParameterValues[6] =
    {
        TextureParameterValues[0] = { ParameterName=Normal, ParameterValue=Texture2D'N' }
        TextureParameterValues[1] = { ParameterName=Mask_GB, ParameterValue=Texture2D'M' }
        TextureParameterValues[2] = { ParameterName=Diffuse, ParameterValue=Texture2D'stone_d' }
        TextureParameterValues[3] = { ParameterName=Specular, ParameterValue=Texture2D'S' }
        TextureParameterValues[4] = { ParameterName=rf_cube, ParameterValue=TextureCube'Cube_D' }
        TextureParameterValues[5] = { ParameterName=Emissive, ParameterValue=Texture2D'Stone_E' }
    }
    VectorParameterValues[11] =
    {
        VectorParameterValues[0] =
        {
            ParameterName = Mesh_trangition
            ParameterValue = { R=0, G=0, B=0, A=1 }
        }
        VectorParameterValues[1] =
        {
            ParameterName = Reflection_value
            ParameterValue = { R=2, G=2, B=2, A=1 }
        }
        VectorParameterValues[2] =
        {
            ParameterName = HighLight_Color
            ParameterValue = { R=0.7, G=0.373615, B=0.74453, A=1 }
        }
        VectorParameterValues[3] =
        {
            ParameterName = Fresnel_color
            ParameterValue = { R=0, G=0, B=0, A=1 }
        }
        VectorParameterValues[4] =
        {
            ParameterName = Fresnel_Power
            ParameterValue = { R=0, G=0, B=0, A=1 }
        }
        VectorParameterValues[5] =
        {
            ParameterName = Burn_Color
            ParameterValue = { R=0, G=0, B=0, A=1 }
        }
        VectorParameterValues[6] =
        {
            ParameterName = Glow_Trangition
            ParameterValue = { R=0, G=0, B=0, A=1 }
        }
        VectorParameterValues[7] =
        {
            ParameterName = Fx_Glow_power
            ParameterValue = { R=0, G=0, B=0, A=1 }
        }
        VectorParameterValues[8] =
        {
            ParameterName = Fx_Glow_color
            ParameterValue = { R=0, G=0, B=0, A=1 }
        }
        VectorParameterValues[9] =
        {
            ParameterName = AC_color
            ParameterValue = { R=5, G=1, B=1, A=1 }
        }
        VectorParameterValues[10] =
        {
            ParameterName = AC_specular
            ParameterValue = { R=1, G=1, B=1, A=1 }
        }
    }
    Parent = Material3'Basic'
    FlattenedTexture = None
    MobileBaseTexture = None
    MobileNormalTexture = None
    bUseMobileSpecular = false
    MobileSpecularPower = 16
    MobileSpecularMask = MSM_Constant (0)
    MobileMaskTexture = None

Object info:
============
ClassName: MaterialInstanceConstant ObjectName: MI_ItemPouch_Smoke_01

    ScalarParameterValues[1] =
    {
        ScalarParameterValues[0] = { ParameterName=DepthBiaseAlpha, ParameterValue=-10 }
    }
    TextureParameterValues[0] = {}
    VectorParameterValues[0] = {}
    Parent = Material3'M_ItemPouch_Smoke_01'
    FlattenedTexture = None
    MobileBaseTexture = None
    MobileNormalTexture = None
    bUseMobileSpecular = false
    MobileSpecularPower = 16
    MobileSpecularMask = MSM_Constant (0)
    MobileMaskTexture = None

Object info:
============
ClassName: MaterialInstanceConstant ObjectName: MI_ItemPouch_Smoke_02

    ScalarParameterValues[1] =
    {
        ScalarParameterValues[0] = { ParameterName=DepthBiaseAlpha, ParameterValue=-20 }
    }
    TextureParameterValues[0] = {}
    VectorParameterValues[0] = {}
    Parent = Material3'M_ItemPouch_Smoke_02'
    FlattenedTexture = None
    MobileBaseTexture = None
    MobileNormalTexture = None
    bUseMobileSpecular = false
    MobileSpecularPower = 16
    MobileSpecularMask = MSM_Constant (0)
    MobileMaskTexture = None

Object info:
============
ClassName: MaterialInstanceConstant ObjectName: MI_RimMaterial_v001

    ScalarParameterValues[1] =
    {
        ScalarParameterValues[0] = { ParameterName=Fresnel, ParameterValue=4 }
    }
    TextureParameterValues[0] = {}
    VectorParameterValues[2] =
    {
        VectorParameterValues[0] =
        {
            ParameterName = Rim_Color
            ParameterValue = { R=3, G=1, B=0.25, A=1 }
        }
        VectorParameterValues[1] =
        {
            ParameterName = base_Color
            ParameterValue = { R=2.5, G=0.15, B=0, A=1 }
        }
    }
    Parent = Material3'M_RimMaterial_v001'
    FlattenedTexture = None
    MobileBaseTexture = None
    MobileNormalTexture = None
    bUseMobileSpecular = false
    MobileSpecularPower = 16
    MobileSpecularMask = MSM_Constant (0)
    MobileMaskTexture = None

Object info:
============
ClassName: MaterialInstanceConstant ObjectName: MI_RimMaterial_v002

    ScalarParameterValues[1] =
    {
        ScalarParameterValues[0] = { ParameterName=Fresnel, ParameterValue=8 }
    }
    TextureParameterValues[0] = {}
    VectorParameterValues[2] =
    {
        VectorParameterValues[0] =
        {
            ParameterName = Rim_Color
            ParameterValue = { R=0.1, G=0.2, B=1, A=1 }
        }
        VectorParameterValues[1] =
        {
            ParameterName = base_Color
            ParameterValue = { R=0.01, G=0.2, B=3, A=1 }
        }
    }
    Parent = Material3'M_RimMaterial_v001'
    FlattenedTexture = None
    MobileBaseTexture = None
    MobileNormalTexture = None
    bUseMobileSpecular = false
    MobileSpecularPower = 16
    MobileSpecularMask = MSM_Constant (0)
    MobileMaskTexture = None

Object info:
============
ClassName: MaterialInstanceConstant ObjectName: MI_WeakenShot_Mesh_v001

    ScalarParameterValues[0] = {}
    TextureParameterValues[0] = {}
    VectorParameterValues[0] = {}
    Parent = Material3'M_WeakenShot_Mesh_v001'
    FlattenedTexture = None
    MobileBaseTexture = None
    MobileNormalTexture = None
    bUseMobileSpecular = false
    MobileSpecularPower = 16
    MobileSpecularMask = MSM_Constant (0)
    MobileMaskTexture = None

Object info:
============
ClassName: MaterialInstanceConstant ObjectName: MI_WeakenShot_PS_v001

    ScalarParameterValues[0] = {}
    TextureParameterValues[2] =
    {
        TextureParameterValues[0] = { ParameterName=Emissive02_Tex, ParameterValue=Texture2D'T_WeakenShot_Mouth' }
        TextureParameterValues[1] = { ParameterName=Emissive_Tex, ParameterValue=Texture2D'T_WeakenShot_Eye' }
    }
    VectorParameterValues[3] =
    {
        VectorParameterValues[0] =
        {
            ParameterName = None
            ParameterValue = { R=3, G=0, B=0.2, A=1 }
        }
        VectorParameterValues[1] =
        {
            ParameterName = eye
            ParameterValue = { R=1, G=0, B=0, A=1 }
        }
        VectorParameterValues[2] =
        {
            ParameterName = Mouth
            ParameterValue = { R=1, G=0, B=0, A=1 }
        }
    }
    Parent = Material3'M_WeakenShot_PS_v001'
    FlattenedTexture = None
    MobileBaseTexture = None
    MobileNormalTexture = None
    bUseMobileSpecular = false
    MobileSpecularPower = 16
    MobileSpecularMask = MSM_Constant (0)
    MobileMaskTexture = None

Object info:
============
ClassName: MaterialInstanceConstant ObjectName: Plask_col1

    ScalarParameterValues[11] =
    {
        ScalarParameterValues[0] = { ParameterName=Refracion, ParameterValue=0.5 }
        ScalarParameterValues[1] = { ParameterName=Specular_Fresnel exponent, ParameterValue=0 }
        ScalarParameterValues[2] = { ParameterName=HighLight_Value, ParameterValue=20 }
        ScalarParameterValues[3] = { ParameterName=Diffuse_Fresnel exponent, ParameterValue=0.5 }
        ScalarParameterValues[4] = { ParameterName=Diffuse_IN_value, ParameterValue=0.2 }
        ScalarParameterValues[5] = { ParameterName=Specular_value, ParameterValue=2 }
        ScalarParameterValues[6] = { ParameterName=Emissive_value, ParameterValue=1 }
        ScalarParameterValues[7] = { ParameterName=Emissive_value2, ParameterValue=0 }
        ScalarParameterValues[8] = { ParameterName=Reflection_Fresnel exponent, ParameterValue=2.0468 }
        ScalarParameterValues[9] = { ParameterName=Reflection_OUT_value, ParameterValue=1.8019 }
        ScalarParameterValues[10] = { ParameterName=Reflection_IN_value, ParameterValue=0.005 }
    }
    TextureParameterValues[8] =
    {
        TextureParameterValues[0] = { ParameterName=Normal, ParameterValue=Texture2D'Palsk_N' }
        TextureParameterValues[1] = { ParameterName=HighLight_cube, ParameterValue=TextureCube'Cube_B' }
        TextureParameterValues[2] = { ParameterName=Diffuse, ParameterValue=Texture2D'Palsk_D_Main' }
        TextureParameterValues[3] = { ParameterName=Mask_GB, ParameterValue=Texture2D'Palsk_M' }
        TextureParameterValues[4] = { ParameterName=Specular, ParameterValue=Texture2D'Plask_S' }
        TextureParameterValues[5] = { ParameterName=Illusion_cube, ParameterValue=TextureCube'lenscube_c' }
        TextureParameterValues[6] = { ParameterName=Emissive, ParameterValue=Texture2D'check' }
        TextureParameterValues[7] = { ParameterName=rf_cube, ParameterValue=TextureCube'MatelW3' }
    }
    VectorParameterValues[6] =
    {
        VectorParameterValues[0] =
        {
            ParameterName = Mesh_trangition
            ParameterValue = { R=0, G=0, B=0, A=1 }
        }
        VectorParameterValues[1] =
        {
            ParameterName = HighLight_Color
            ParameterValue = { R=1, G=1, B=1, A=1 }
        }
        VectorParameterValues[2] =
        {
            ParameterName = Illusion_Color
            ParameterValue = { R=0.20471, G=0.20471, B=0.20471, A=1 }
        }
        VectorParameterValues[3] =
        {
            ParameterName = Fresnel_color
            ParameterValue = { R=0, G=100, B=1, A=1 }
        }
        VectorParameterValues[4] =
        {
            ParameterName = Fresnel_Power
            ParameterValue = { R=0, G=0, B=0, A=1 }
        }
        VectorParameterValues[5] =
        {
            ParameterName = Reflection_value
            ParameterValue = { R=1, G=1, B=1, A=1 }
        }
    }
    Parent = Material3'Blend_Bead'
    FlattenedTexture = None
    MobileBaseTexture = None
    MobileNormalTexture = None
    bUseMobileSpecular = false
    MobileSpecularPower = 16
    MobileSpecularMask = MSM_Constant (0)
    MobileMaskTexture = None

Object info:
============
ClassName: MaterialInstanceConstant ObjectName: Plask_col1_1

    ScalarParameterValues[10] =
    {
        ScalarParameterValues[0] = { ParameterName=Transmission_value, ParameterValue=5 }
        ScalarParameterValues[1] = { ParameterName=Glossiness1, ParameterValue=90 }
        ScalarParameterValues[2] = { ParameterName=Glossiness2, ParameterValue=10 }
        ScalarParameterValues[3] = { ParameterName=Specular_value, ParameterValue=0.1 }
        ScalarParameterValues[4] = { ParameterName=HighLight_Value, ParameterValue=0.5 }
        ScalarParameterValues[5] = { ParameterName=HighLight_glossiness, ParameterValue=50 }
        ScalarParameterValues[6] = { ParameterName=Emissive_value, ParameterValue=5 }
        ScalarParameterValues[7] = { ParameterName=Emissive_value2, ParameterValue=2 }
        ScalarParameterValues[8] = { ParameterName=Fresnel Value, ParameterValue=1 }
        ScalarParameterValues[9] = { ParameterName=Fresnel exponent, ParameterValue=30 }
    }
    TextureParameterValues[6] =
    {
        TextureParameterValues[0] = { ParameterName=Normal, ParameterValue=Texture2D'Palsk_N' }
        TextureParameterValues[1] = { ParameterName=Mask_GB, ParameterValue=Texture2D'Palsk_M' }
        TextureParameterValues[2] = { ParameterName=Diffuse, ParameterValue=Texture2D'Plask_D' }
        TextureParameterValues[3] = { ParameterName=Specular, ParameterValue=Texture2D'Plask_S' }
        TextureParameterValues[4] = { ParameterName=rf_cube, ParameterValue=TextureCube'Cube_D' }
        TextureParameterValues[5] = { ParameterName=Emissive, ParameterValue=None }
    }
    VectorParameterValues[11] =
    {
        VectorParameterValues[0] =
        {
            ParameterName = Mesh_trangition
            ParameterValue = { R=0, G=0, B=0, A=1 }
        }
        VectorParameterValues[1] =
        {
            ParameterName = Reflection_value
            ParameterValue = { R=2, G=2, B=2, A=1 }
        }
        VectorParameterValues[2] =
        {
            ParameterName = HighLight_Color
            ParameterValue = { R=1, G=1, B=1, A=1 }
        }
        VectorParameterValues[3] =
        {
            ParameterName = Fresnel_color
            ParameterValue = { R=0, G=0, B=0, A=1 }
        }
        VectorParameterValues[4] =
        {
            ParameterName = Fresnel_Power
            ParameterValue = { R=0, G=0, B=0, A=1 }
        }
        VectorParameterValues[5] =
        {
            ParameterName = Burn_Color
            ParameterValue = { R=0, G=0, B=0, A=1 }
        }
        VectorParameterValues[6] =
        {
            ParameterName = Glow_Trangition
            ParameterValue = { R=0, G=0, B=0, A=1 }
        }
        VectorParameterValues[7] =
        {
            ParameterName = Fx_Glow_power
            ParameterValue = { R=0, G=0, B=0, A=1 }
        }
        VectorParameterValues[8] =
        {
            ParameterName = Fx_Glow_color
            ParameterValue = { R=0, G=0, B=0, A=1 }
        }
        VectorParameterValues[9] =
        {
            ParameterName = AC_color
            ParameterValue = { R=1, G=1, B=1, A=1 }
        }
        VectorParameterValues[10] =
        {
            ParameterName = AC_specular
            ParameterValue = { R=1, G=1, B=1, A=1 }
        }
    }
    Parent = Material3'Basic'
    FlattenedTexture = None
    MobileBaseTexture = None
    MobileNormalTexture = None
    bUseMobileSpecular = false
    MobileSpecularPower = 16
    MobileSpecularMask = MSM_Constant (0)
    MobileMaskTexture = None

Object info:
============
ClassName: StaticMesh3 ObjectName: SM_DetectCamera_v002

    BodySetup = None
    UseSimpleLineCollision = false
    UseSimpleBoxCollision = false
    UseSimpleRigidBodyCollision = false
    UseFullPrecisionUVs = false
    Bounds =
    {
        Origin = { X=-0.353899, Y=7.7208, Z=9.75025 }
        BoxExtent = { X=29.4575, Y=26.2568, Z=24.0006 }
        SphereRadius = 45.3404
    }
    CanCompressPositions = false
    CanStripNormalsAndTangents = false
    InternalVersion = 18


    Lods[1] =
    {
        Lods[0] =
        {
            Sections[1] =
            {
                Sections[0] = { Material=None, FirstIndex=0, NumFaces=1372 }
            }
            NumVerts = 2352
            IndexCount = 4116
            NumTexCoords = 2
        }
    }
    LodCount = 1

Object info:
============
ClassName: Texture2D ObjectName: 2PixBlack000_Tex

    SizeX = 2
    SizeY = 2
    Format = PF_A8R8G8B8 (2)
    AddressX = TA_Wrap (0)
    AddressY = TA_Wrap (0)
    TextureFileCacheName = None
    MipTailBaseIdx = 1
    bForcePVRTC4 = false
    UnpackMin[4] = { 0, 0, 0, 0 }
    UnpackMax[4] = { 1, 1, 1, 1 }
