Found 32768 game files (1766 skipped)
Loading package: 00013300.upk Ver: 573/1 Engine: 4205 Names: 121 Exports: 14 Imports: 16 Game: 801A
Loading AnimSet Item_0034_Anim from package 00013300.upk
WARNING: BoolProperty "UAnimSet::bServiced" was not found
WARNING: ArrayProperty "UAnimSet::AdjustAniScaleBoneNames" was not found
Loading AnimSequence AnimSequence_54 from package 00013300.upk
WARNING: BoolProperty "UAnimSequence::bServiced" was not found
Loading SkeletalMesh3 Item_0034 from package 00013300.upk
WARNING: ObjectProperty "USkeletalMesh3::PlaySoundSet" was not found
Loading package: 00013299.upk Ver: 573/1 Engine: 4205 Names: 87 Exports: 1 Imports: 16 Game: 801A
Loading MaterialInstanceConstant col1 from package 00013299.upk
Loading package: 00013298.upk Ver: 573/1 Engine: 4205 Names: 32 Exports: 4 Imports: 2 Game: 801A
Loading package: 00002620.upk Ver: 573/1 Engine: 4205 Names: 576 Exports: 7687 Imports: 96 Game: 801A
Loading package: 00012963.upk Ver: 573/1 Engine: 4205 Names: 1386 Exports: 1362 Imports: 10 Game: 801A
Loading Texture2D N from package 00013298.upk
Loading Texture2D Mask from package 00013298.upk
Loading Texture2D D from package 00013298.upk
Loading Texture2D S from package 00013298.upk
Loading Texture2D check from package 00002620.upk
Loading Texture2D Smoke_Pattern_001 from package 00012963.upk
Loading Material3 Basic from package 00002620.upk
Loading Texture2D check_n from package 00002620.upk
Loading Texture2D Gradient_Line_003 from package 00012963.upk
Loading Texture2D Gradient_Wipe_BurnOut_Mask_TEST from package 00012963.upk
Loading Texture2D Gradient_Wipe_BurnOut_Mask from package 00012963.upk
Error: Command failed: umodel.exe -dump -path="D:/Program Files (x86)/NCSOFT/BnS/contents/bns/CookedPC" -game=bns 00013300
******** 00013300 ********
*** unknown member ACF_ZOnlyRLE of enum AnimationCompressionFormat
*** ERROR: Unknown rotation compression method: 255
UAnimSet::ConvertAnims <- PostLoad:Item_0034_Anim <- UObject::EndLoad <- LoadWholePackage:00013300 <- Main


    at ChildProcess.exithandler (child_process.js:294:12)
    at ChildProcess.emit (events.js:182:13)
    at maybeClose (internal/child_process.js:962:16)
    at Process.ChildProcess._handle.onexit (internal/child_process.js:251:5)