Found 32768 game files (1766 skipped)
Loading package: 00015072.upk Ver: 573/1 Engine: 4205 Names: 52 Exports: 5 Imports: 8 Game: 801A
Loading SkeletalMesh3 990116_Autoscale from package 00015072.upk
Loading package: 00015221.upk Ver: 573/1 Engine: 4205 Names: 167 Exports: 143 Imports: 45 Game: 801A
Loading MaterialInstanceConstant col1 from package 00015221.upk
Loading package: 00015220.upk Ver: 573/1 Engine: 4205 Names: 33 Exports: 4 Imports: 2 Game: 801A
Loading package: 00008613.upk Ver: 573/1 Engine: 4205 Names: 95 Exports: 6 Imports: 12 Game: 801A
Loading package: 00002640.upk Ver: 573/1 Engine: 4205 Names: 291 Exports: 507 Imports: 3 Game: 801A
Loading package: 00012963.upk Ver: 573/1 Engine: 4205 Names: 1386 Exports: 1362 Imports: 10 Game: 801A
Loading Texture2D 990005_N from package 00015220.upk
Loading Texture2D Nothing_A from package 00008613.upk
Loading Texture2D 990005_D from package 00015220.upk
Loading Texture2D 990005_S from package 00015220.upk
Loading TextureCube Cube_D from package 00002640.upk
Loading Texture2D Smoke_Pattern_001 from package 00012963.upk
Loading Texture2D 990005_FX_Line from package 00015220.upk
Loading Material3 Basic_Shield from package 00015221.upk
Loading package: 00002620.upk Ver: 573/1 Engine: 4205 Names: 576 Exports: 7687 Imports: 96 Game: 801A
Loading Texture2D CubemapFace0 from package 00002640.upk
Loading Texture2D CubemapFace1 from package 00002640.upk
Loading Texture2D CubemapFace2 from package 00002640.upk
Loading Texture2D CubemapFace3 from package 00002640.upk
Loading Texture2D CubemapFace4 from package 00002640.upk
Loading Texture2D CubemapFace5 from package 00002640.upk
Loading Texture2D check_n from package 00002620.upk
Loading Texture2D check from package 00002620.upk
Loading Texture2D Gradient_Line_003 from package 00012963.upk
Loading Texture2D Gradient_Wipe_BurnOut_Mask_TEST from package 00012963.upk
Loading Texture2D Gradient_Wipe_BurnOut_Mask from package 00012963.upk
Loaded in 0.12 sec, 3106 allocs, 1.01 MBytes serialized in 195150 calls.

Object info:
============
ClassName: SkeletalMesh3 ObjectName: 990116_Autoscale

    LODInfo[1] =
    {
        LODInfo[0] =
        {
            DisplayFactor = 0
            LODHysteresis = 0.02
            LODMaterialMap[0] = {}
            bEnableShadowCasting[1] = { true }
        }
    }
    Sockets[0] = {}
    bHasVertexColors = false
    EnableTwistBoneFixers = true
    EnableClavicleFixer = true
    Materials[1] = { MaterialInstanceConstant'col1' }


    Lods[1] =
    {
        Lods[0] =
        {
            Sections[1] =
            {
                Sections[0] = { Material=MaterialInstanceConstant'col1', FirstIndex=0, NumFaces=238 }
            }
            NumVerts = 241
            IndexCount = 714
            NumTexCoords = 1
        }
    }
    LodCount = 1
    MeshOrigin = { X=-0, Y=-0, Z=-0 }
    MeshScale = { X=1, Y=1, Z=1 }
    RotOrigin = { Yaw=0, Pitch=0, Roll=0 }
    BoneCount = 1
