Found 32768 game files (1222 skipped)
Loading package: 00012790.upk Ver: 573/1 Engine: 4205 Names: 82 Exports: 2 Imports: 19 Game: 801A
Loading MaterialInstanceConstant col2 from package 00012790.upk
Loading package: 00006422.upk Ver: 573/1 Engine: 4205 Names: 43 Exports: 15 Imports: 2 Game: 801A
Loading package: 00002640.upk Ver: 573/1 Engine: 4205 Names: 291 Exports: 507 Imports: 3 Game: 801A
Loading package: 00002620.upk Ver: 573/1 Engine: 4205 Names: 576 Exports: 7687 Imports: 96 Game: 801A
Loading MaterialInstanceConstant col2_A1 from package 00012790.upk
Loading Texture2D Shanho_N2 from package 00006422.upk
Loading Texture2D Shanho_m2 from package 00006422.upk
Loading Texture2D Shanho_D2 from package 00006422.upk
Loading Texture2D Shanho_S2 from package 00006422.upk
Loading TextureCube cube_orb from package 00002640.upk
Loading Texture2D Shanho_em2 from package 00006422.upk
Loading Material3 Basic from package 00002620.upk
Loading package: 00012963.upk Ver: 573/1 Engine: 4205 Names: 1349 Exports: 1323 Imports: 10 Game: 801A
Loading Texture2D CubemapFace0 from package 00002640.upk
Loading Texture2D CubemapFace1 from package 00002640.upk
Loading Texture2D CubemapFace2 from package 00002640.upk
Loading Texture2D CubemapFace3 from package 00002640.upk
Loading Texture2D CubemapFace4 from package 00002640.upk
Loading Texture2D CubemapFace5 from package 00002640.upk
Loading Texture2D check_n from package 00002620.upk
Loading Texture2D check from package 00002620.upk
Loading Texture2D Smoke_Pattern_001 from package 00012963.upk
Loading Texture2D Gradient_Line_003 from package 00012963.upk
Loading Texture2D Gradient_Wipe_BurnOut_Mask_TEST from package 00012963.upk
Loading Texture2D Gradient_Wipe_BurnOut_Mask from package 00012963.upk
Loaded in 0.15 sec, 2855 allocs, 1.12 MBytes serialized in 183394 calls.

Object info:
============
ClassName: MaterialInstanceConstant ObjectName: col2

    ScalarParameterValues[6] =
    {
        ScalarParameterValues[0] = { ParameterName=Transmission_value, ParameterValue=1 }
        ScalarParameterValues[1] = { ParameterName=Glossiness1, ParameterValue=3 }
        ScalarParameterValues[2] = { ParameterName=Glossiness2, ParameterValue=20 }
        ScalarParameterValues[3] = { ParameterName=Specular_value, ParameterValue=2 }
        ScalarParameterValues[4] = { ParameterName=Emissive_value, ParameterValue=1 }
        ScalarParameterValues[5] = { ParameterName=Emissive_value2, ParameterValue=0 }
    }
    TextureParameterValues[6] =
    {
        TextureParameterValues[0] = { ParameterName=Normal, ParameterValue=Texture2D'Shanho_N2' }
        TextureParameterValues[1] = { ParameterName=Mask_GB, ParameterValue=Texture2D'Shanho_m2' }
        TextureParameterValues[2] = { ParameterName=Diffuse, ParameterValue=Texture2D'Shanho_D2' }
        TextureParameterValues[3] = { ParameterName=Specular, ParameterValue=Texture2D'Shanho_S2' }
        TextureParameterValues[4] = { ParameterName=rf_cube, ParameterValue=TextureCube'cube_orb' }
        TextureParameterValues[5] = { ParameterName=Emissive, ParameterValue=Texture2D'Shanho_em2' }
    }
    VectorParameterValues[0] = {}
    Parent = Material3'Basic'
    FlattenedTexture = None
    MobileBaseTexture = None
    MobileNormalTexture = None
    bUseMobileSpecular = false
    MobileSpecularPower = 16
    MobileSpecularMask = MSM_Constant (0)
    MobileMaskTexture = None

Object info:
============
ClassName: MaterialInstanceConstant ObjectName: col2_A1

    ScalarParameterValues[2] =
    {
        ScalarParameterValues[0] = { ParameterName=Glossiness1, ParameterValue=5 }
        ScalarParameterValues[1] = { ParameterName=Glossiness2, ParameterValue=8 }
    }
    TextureParameterValues[5] =
    {
        TextureParameterValues[0] = { ParameterName=Normal, ParameterValue=Texture2D'Shanho_N2' }
        TextureParameterValues[1] = { ParameterName=Mask_GB, ParameterValue=Texture2D'Shanho_m2' }
        TextureParameterValues[2] = { ParameterName=Diffuse, ParameterValue=Texture2D'Shanho_D2' }
        TextureParameterValues[3] = { ParameterName=Specular, ParameterValue=Texture2D'Shanho_S2' }
        TextureParameterValues[4] = { ParameterName=Emissive, ParameterValue=Texture2D'Shanho_em2' }
    }
    VectorParameterValues[0] = {}
    Parent = Material3'Basic'
    FlattenedTexture = None
    MobileBaseTexture = None
    MobileNormalTexture = None
    bUseMobileSpecular = false
    MobileSpecularPower = 16
    MobileSpecularMask = MSM_Constant (0)
    MobileMaskTexture = None
