Found 32768 game files (1766 skipped)
Loading package: 00014939.upk Ver: 573/1 Engine: 4205 Names: 305 Exports: 673 Imports: 77 Game: 801A
Loading Texture2D Game_SummonedBeautyShopScene_Preview from package 00014939.upk
Loading Texture2D Game_SummonedBeautyTalkScene_Preview from package 00014939.upk
Loaded in 0.002 sec, 333 allocs, 0.07 MBytes serialized in 13717 calls.

Object info:
============
ClassName: Texture2D ObjectName: Game_SummonedBeautyShopScene_Preview

    SizeX = 256
    SizeY = 256
    Format = PF_DXT1 (5)
    AddressX = TA_Wrap (0)
    AddressY = TA_Wrap (0)
    TextureFileCacheName = None
    MipTailBaseIdx = 0
    bForcePVRTC4 = false
    UnpackMin[4] = { 0, 0, 0, 0 }
    UnpackMax[4] = { 1, 1, 1, 1 }

Object info:
============
ClassName: Texture2D ObjectName: Game_SummonedBeautyTalkScene_Preview

    SizeX = 256
    SizeY = 256
    Format = PF_DXT1 (5)
    AddressX = TA_Wrap (0)
    AddressY = TA_Wrap (0)
    TextureFileCacheName = None
    MipTailBaseIdx = 0
    bForcePVRTC4 = false
    UnpackMin[4] = { 0, 0, 0, 0 }
    UnpackMax[4] = { 1, 1, 1, 1 }
