Found 32768 game files (1222 skipped)
Loading package: 00029865.upk Ver: 573/1 Engine: 4205 Names: 2390 Exports: 135615 Imports: 787 Game: 801A
Loading AnimSet Bam_Animset_duel from package 00029865.upk
WARNING: BoolProperty "UAnimSet::bServiced" was not found
WARNING: ArrayProperty "UAnimSet::AdjustAniScaleBoneNames" was not found
Loading AnimSequence AnimSequence_0 from package 00029865.upk
WARNING: BoolProperty "UAnimSequence::bServiced" was not found
Loading Material3 M01_exp_sub4_duel from package 00029865.upk
WARNING: BoolProperty "UMaterial3::bAcceptRenderDecal" was not found
Loading package: 00012963.upk Ver: 573/1 Engine: 4205 Names: 1349 Exports: 1323 Imports: 10 Game: 801A
Loading Material3 M01_exp_sub7_duel from package 00029865.upk
WARNING: BoolProperty "UMaterial3::bAcceptRenderDecal" was not found
Loading Material3 FireBall_SmokeVolume_MatB_duel from package 00029865.upk
WARNING: BoolProperty "UMaterial3::bAcceptRenderDecal" was not found
Loading Material3 Star_Shine_Mat_duel from package 00029865.upk
WARNING: BoolProperty "UMaterial3::bAcceptRenderDecal" was not found
Loading Material3 Gradient000_MatB_duel from package 00029865.upk
WARNING: BoolProperty "UMaterial3::bAcceptRenderDecal" was not found
Loading Material3 M01_exp_sub7_half_duel from package 00029865.upk
WARNING: BoolProperty "UMaterial3::bAcceptRenderDecal" was not found
Loading Material3 Ring005_MatB_duel from package 00029865.upk
WARNING: BoolProperty "UMaterial3::bAcceptRenderDecal" was not found
Loading Material3 Weapon_gem_3_duel from package 00029865.upk
WARNING: BoolProperty "UMaterial3::bAcceptRenderDecal" was not found
Loading package: 00037213.upk Ver: 573/1 Engine: 4205 Names: 1041 Exports: 1042 Imports: 4 Game: 801A
Loading Material3 Bloodsparkle000_MatB1_duel from package 00029865.upk
Loading Material3 Lightning_Sprite000_Fade_duel from package 00029865.upk
WARNING: BoolProperty "UMaterial3::bAcceptRenderDecal" was not found
Loading Material3 Lightning_Sprite000_MatM_duel from package 00029865.upk
WARNING: BoolProperty "UMaterial3::bAcceptRenderDecal" was not found
Loading Material3 Bloodsparkle000_MatB1_duel from package 00029865.upk
Loading Material3 Glow_Streak001_MatB_duel from package 00029865.upk
Loading Material3 Glow_Streak002_MatB_duel from package 00029865.upk
WARNING: BoolProperty "UMaterial3::bAcceptRenderDecal" was not found
Loading Material3 GlowGray002_MatB_duel from package 00029865.upk
WARNING: BoolProperty "UMaterial3::bAcceptRenderDecal" was not found
Loading Material3 Gradient003_Blue_MatB_duel from package 00029865.upk
WARNING: BoolProperty "UMaterial3::bAcceptRenderDecal" was not found
Loading Material3 Gradient003_Yellow_Transition_MatB_duel from package 00029865.upk
WARNING: BoolProperty "UMaterial3::bAcceptRenderDecal" was not found
Loading Material3 Lightning_Sprite000_Fade_duel from package 00029865.upk
WARNING: BoolProperty "UMaterial3::bAcceptRenderDecal" was not found
Loading Material3 Lightning_Sprite000_MatB_duel from package 00029865.upk
WARNING: BoolProperty "UMaterial3::bAcceptRenderDecal" was not found
Loading Material3 Lightning_Sprite001_MatB_duel from package 00029865.upk
WARNING: BoolProperty "UMaterial3::bAcceptRenderDecal" was not found
Loading Material3 ShockWave001_MatB_duel from package 00029865.upk
WARNING: BoolProperty "UMaterial3::bAcceptRenderDecal" was not found
Loading Material3 Assassin_LightningDagger_Slash2_duel from package 00029865.upk
Loading Material3 Assassin_LightningDagger_Slash_duel from package 00029865.upk
Loading Material3 BladeMaster_Baldo_Slash_Matm_duel from package 00029865.upk
Loading Material3 BladeMaster_Defence_Mesh_duel from package 00029865.upk
WARNING: BoolProperty "UMaterial3::bAcceptRenderDecal" was not found
Loading Material3 MeshBlade006-1_MatM_duel from package 00029865.upk
WARNING: BoolProperty "UMaterial3::bAcceptRenderDecal" was not found
Loading Material3 MeshBlade0077_MatM_duel from package 00029865.upk
WARNING: BoolProperty "UMaterial3::bAcceptRenderDecal" was not found
Loading Material3 beam_gra001_trans_duel from package 00029865.upk
Loading Material3 circle_001_7_duel from package 00029865.upk
Loading Material3 Distortion001_MatB_duel from package 00029865.upk
Loading Material3 Electric_Damage_02m_duel from package 00029865.upk
WARNING: BoolProperty "UMaterial3::bAcceptRenderDecal" was not found
Loading Material3 Electrick_Sparkle_001_MatB_duel from package 00029865.upk
WARNING: BoolProperty "UMaterial3::bAcceptRenderDecal" was not found
Loading Material3 GlowGray001_MatB_trans_duel from package 00029865.upk
WARNING: BoolProperty "UMaterial3::bAcceptRenderDecal" was not found
Loading Material3 Lightning000-2_MatM_duel from package 00029865.upk
WARNING: BoolProperty "UMaterial3::bAcceptRenderDecal" was not found
Loading Material3 Smoke022_MatB_duel from package 00029865.upk
WARNING: BoolProperty "UMaterial3::bAcceptRenderDecal" was not found
Loading Material3 AuraMaster_Wave_Decal_MatM_duel from package 00029865.upk
WARNING: BoolProperty "UMaterial3::bAcceptRenderDecal" was not found
Loading Material3 Beam_Smoke_duel from package 00029865.upk
WARNING: BoolProperty "UMaterial3::bAcceptRenderDecal" was not found
Loading Material3 Distortion_000_MtaM_duel from package 00029865.upk
WARNING: BoolProperty "UMaterial3::bAcceptRenderDecal" was not found
Loading Material3 Fire_Buff000_MatB_duel from package 00029865.upk
WARNING: BoolProperty "UMaterial3::bAcceptRenderDecal" was not found
Loading Material3 GlowGray003_MatB_duel from package 00029865.upk
WARNING: BoolProperty "UMaterial3::bAcceptRenderDecal" was not found
Loading Material3 IceWave_Line_Boom_duel from package 00029865.upk
WARNING: BoolProperty "UMaterial3::bAcceptRenderDecal" was not found
Loading Material3 Kungufighter_HeavyFunch_Wave_duel from package 00029865.upk
WARNING: BoolProperty "UMaterial3::bAcceptRenderDecal" was not found
Loading Material3 Musin_Dragon_M1_duel from package 00029865.upk
WARNING: BoolProperty "UMaterial3::bAcceptRenderDecal" was not found
Loading Material3 PunchRing_MatB_duel from package 00029865.upk
WARNING: BoolProperty "UMaterial3::bAcceptRenderDecal" was not found
Loading Material3 GlowGray001_MatB_duel from package 00029865.upk
WARNING: BoolProperty "UMaterial3::bAcceptRenderDecal" was not found
Loading Material3 GlowStreak001_2_MatB_duel from package 00029865.upk
WARNING: BoolProperty "UMaterial3::bAcceptRenderDecal" was not found
Loading Material3 M01_Cycle_mat_duel from package 00029865.upk
WARNING: BoolProperty "UMaterial3::bAcceptRenderDecal" was not found
Loading Material3 M01_sparkle_matt_duel from package 00029865.upk
WARNING: BoolProperty "UMaterial3::bAcceptRenderDecal" was not found
Loading Material3 RingSkew006_MatB_duel from package 00029865.upk
WARNING: BoolProperty "UMaterial3::bAcceptRenderDecal" was not found
Loading Material3 Sparkle64001_MatB_duel from package 00029865.upk
WARNING: BoolProperty "UMaterial3::bAcceptRenderDecal" was not found
Loading Material3 Energy_Protection_matM_Dup from package 00029865.upk
WARNING: BoolProperty "UMaterial3::bAcceptRenderDecal" was not found
Loading Material3 Ice000_MatM_Dup from package 00029865.upk
WARNING: BoolProperty "UMaterial3::bAcceptRenderDecal" was not found
Loading Material3 SwordTrail003-1_MatB_duel from package 00029865.upk
WARNING: BoolProperty "UMaterial3::bAcceptRenderDecal" was not found
Loading Material3 Assassin_Defualt_FX_test3_duel from package 00029865.upk
WARNING: BoolProperty "UMaterial3::bAcceptRenderDecal" was not found
Loading Material3 Aura000_Ring_MatB_duel from package 00029865.upk
WARNING: BoolProperty "UMaterial3::bAcceptRenderDecal" was not found
Loading Material3 GlowCore000_MatB_duel from package 00029865.upk
WARNING: BoolProperty "UMaterial3::bAcceptRenderDecal" was not found
Loading Material3 GlowGray001_MatB_duel from package 00029865.upk
WARNING: BoolProperty "UMaterial3::bAcceptRenderDecal" was not found
Loading Material3 GlowStreak001_2_MatB_duel from package 00029865.upk
WARNING: BoolProperty "UMaterial3::bAcceptRenderDecal" was not found
Loading Material3 Gradient002_MatB_duel from package 00029865.upk
WARNING: BoolProperty "UMaterial3::bAcceptRenderDecal" was not found
Loading Material3 Sparkle64001_MatB_duel from package 00029865.upk
WARNING: BoolProperty "UMaterial3::bAcceptRenderDecal" was not found
Loading Material3 Sparkle_Light_000_MatB_duel from package 00029865.upk
WARNING: BoolProperty "UMaterial3::bAcceptRenderDecal" was not found
Loading Material3 Sparkle_Light_000_MatB_duel_aa from package 00029865.upk
WARNING: BoolProperty "UMaterial3::bAcceptRenderDecal" was not found
Loading Material3 M01_noise_sphere_Dup from package 00029865.upk
WARNING: BoolProperty "UMaterial3::bAcceptRenderDecal" was not found
Loading Material3 Assassin_Defualt_FX_Test_duel from package 00029865.upk
WARNING: BoolProperty "UMaterial3::bAcceptRenderDecal" was not found
Loading Material3 bam_material_new from package 00029865.upk
WARNING: BoolProperty "UMaterial3::bUsedWithMaterialEffect" was not found
Loading Material3 Basic_duel from package 00029865.upk
Loading Material3 Needle_Deacal_duel from package 00029865.upk
Loading Material3 Thornbus_Needle_duel from package 00029865.upk
Loading Material3 HalfGlow_001_distortion from package 00029865.upk
WARNING: BoolProperty "UMaterial3::bAcceptRenderDecal" was not found
Loading Material3 M_Fire_Flame_blending2_NDe from package 00029865.upk
WARNING: BoolProperty "UMaterial3::bAcceptRenderDecal" was not found
Loading Material3 M_Fire_Type_fire from package 00029865.upk
WARNING: BoolProperty "UMaterial3::bAcceptRenderDecal" was not found
Loading Material3 MunPa_Beam_Light from package 00029865.upk
WARNING: BoolProperty "UMaterial3::bAcceptRenderDecal" was not found
Loading Material3 MuseongM_darknessflower_M from package 00029865.upk
Loading Material3 Sparkle32002_Gjost_2 from package 00029865.upk
WARNING: BoolProperty "UMaterial3::bAcceptRenderDecal" was not found
check for DefaultTexture in 00029865
check for DefaultTexture in 00012963
check for DefaultTexture in 00037213
WARNING: Import(EngineResources.DefaultTexture) was not found
Loading Material3 Summon_Hole from package 00029865.upk
Loading Material3 M_Battle_Text_1break from package 00029865.upk
WARNING: BoolProperty "UMaterial3::bAcceptRenderDecal" was not found
Loading Material3 M_Battle_Text_1break_china from package 00029865.upk
WARNING: BoolProperty "UMaterial3::bAcceptRenderDecal" was not found
Loading Material3 M_Battle_Text_1break_de from package 00029865.upk
WARNING: BoolProperty "UMaterial3::bAcceptRenderDecal" was not found
Loading Material3 M_Battle_Text_1break_eng from package 00029865.upk
WARNING: BoolProperty "UMaterial3::bAcceptRenderDecal" was not found
Loading Material3 M_Battle_Text_1break_fr from package 00029865.upk
WARNING: BoolProperty "UMaterial3::bAcceptRenderDecal" was not found
Loading Material3 M_Battle_Text_1break_jpn from package 00029865.upk
WARNING: BoolProperty "UMaterial3::bAcceptRenderDecal" was not found
Loading Material3 M_Battle_Text_1break_Kr from package 00029865.upk
WARNING: BoolProperty "UMaterial3::bAcceptRenderDecal" was not found
Loading Material3 M_Battle_Text_1break_pt from package 00029865.upk
WARNING: BoolProperty "UMaterial3::bAcceptRenderDecal" was not found
Loading Material3 M_Battle_Text_1break_ru from package 00029865.upk
WARNING: BoolProperty "UMaterial3::bAcceptRenderDecal" was not found
Loading Material3 M_Battle_Text_1break_taiwan from package 00029865.upk
WARNING: BoolProperty "UMaterial3::bAcceptRenderDecal" was not found
Loading Material3 M_Battle_Text_1break_Thailand from package 00029865.upk
WARNING: BoolProperty "UMaterial3::bAcceptRenderDecal" was not found
Loading Material3 M_Battle_Text_1break_VietNam from package 00029865.upk
WARNING: BoolProperty "UMaterial3::bAcceptRenderDecal" was not found
Loading Material3 M_battle_text_draw from package 00029865.upk
Loading Material3 M_battle_text_draw_china from package 00029865.upk
Loading Material3 M_battle_text_draw_de from package 00029865.upk
Loading Material3 M_battle_text_draw_eng from package 00029865.upk
Loading Material3 M_battle_text_draw_fr from package 00029865.upk
Loading Material3 M_battle_text_draw_jpn from package 00029865.upk
Loading Material3 M_battle_text_draw_pt from package 00029865.upk
Loading Material3 M_battle_text_draw_ru from package 00029865.upk
Loading Material3 M_battle_text_draw_taiwan from package 00029865.upk
Loading Material3 M_battle_text_draw_Thailand from package 00029865.upk
Loading Material3 M_battle_text_draw_VietNam from package 00029865.upk
Loading Material3 M_battle_text_invalidity_china from package 00029865.upk
Loading Material3 M_battle_text_invalidity_de from package 00029865.upk
Loading Material3 M_battle_text_invalidity_eng from package 00029865.upk
Loading Material3 M_battle_text_invalidity_fr from package 00029865.upk
Loading Material3 M_battle_text_invalidity_jpn from package 00029865.upk
Loading Material3 M_battle_text_invalidity_pt from package 00029865.upk
Loading Material3 M_battle_text_invalidity_ru from package 00029865.upk
Loading Material3 M_battle_text_invalidity_taiwan from package 00029865.upk
Loading Material3 M_battle_text_invalidity_Thailand from package 00029865.upk
Loading Material3 M_battle_text_invalidity_VietNam from package 00029865.upk
Loading Material3 M_battle_text_lost_china from package 00029865.upk
Loading Material3 M_battle_text_lost_de from package 00029865.upk
Loading Material3 M_battle_text_lost_eng from package 00029865.upk
Loading Material3 M_battle_text_lost_final_china from package 00029865.upk
Loading Material3 M_battle_text_lost_final_de from package 00029865.upk
Loading Material3 M_battle_text_lost_final_eng from package 00029865.upk
Loading Material3 M_battle_text_lost_final_fr from package 00029865.upk
Loading Material3 M_battle_text_lost_final_jpn from package 00029865.upk
Loading Material3 M_battle_text_lost_final_pt from package 00029865.upk
Loading Material3 M_battle_text_lost_final_ru from package 00029865.upk
Loading Material3 M_battle_text_lost_final_taiwan from package 00029865.upk
Loading Material3 M_battle_text_lost_final_Thailand from package 00029865.upk
Loading Material3 M_battle_text_lost_final_VietNam from package 00029865.upk
Loading Material3 M_battle_text_lost_fr from package 00029865.upk
Loading Material3 M_battle_text_lost_jpn from package 00029865.upk
Loading Material3 M_battle_text_lost_pt from package 00029865.upk
Loading Material3 M_battle_text_lost_ru from package 00029865.upk
Loading Material3 M_battle_text_lost_taiwan from package 00029865.upk
Loading Material3 M_battle_text_lost_Thailand from package 00029865.upk
Loading Material3 M_battle_text_lost_VietNam from package 00029865.upk
Loading Material3 M_battle_text_start_china from package 00029865.upk
Loading Material3 M_battle_text_start_de from package 00029865.upk
Loading Material3 M_battle_text_start_eng from package 00029865.upk
Loading Material3 M_battle_text_start_fr from package 00029865.upk
Loading Material3 M_battle_text_start_jpn from package 00029865.upk
Loading Material3 M_battle_text_start_pt from package 00029865.upk
Loading Material3 M_battle_text_start_ru from package 00029865.upk
Loading Material3 M_battle_text_start_taiwan from package 00029865.upk
Loading Material3 M_battle_text_start_Thailand from package 00029865.upk
Loading Material3 M_battle_text_start_VietNam from package 00029865.upk
Loading Material3 M_battle_text_win from package 00029865.upk
Loading Material3 M_battle_text_win_china from package 00029865.upk
Loading Material3 M_battle_text_win_de from package 00029865.upk
Loading Material3 M_battle_text_win_eng from package 00029865.upk
Loading Material3 M_battle_text_win_final_china from package 00029865.upk
Loading Material3 M_battle_text_win_final_de from package 00029865.upk
Loading Material3 M_battle_text_win_final_eng from package 00029865.upk
Loading Material3 M_battle_text_win_final_fr from package 00029865.upk
Loading Material3 M_battle_text_win_final_jpn from package 00029865.upk
Loading Material3 M_battle_text_win_final_pt from package 00029865.upk
Loading Material3 M_battle_text_win_final_ru from package 00029865.upk
Loading Material3 M_battle_text_win_final_taiwan from package 00029865.upk
Loading Material3 M_battle_text_win_final_Thailand from package 00029865.upk
Loading Material3 M_battle_text_win_final_VietNam from package 00029865.upk
Loading Material3 M_battle_text_win_fr from package 00029865.upk
Loading Material3 M_battle_text_win_jpn from package 00029865.upk
Loading Material3 M_battle_text_win_pt from package 00029865.upk
Loading Material3 M_battle_text_win_ru from package 00029865.upk
Loading Material3 M_battle_text_win_taiwan from package 00029865.upk
Loading Material3 M_battle_text_win_Thailand from package 00029865.upk
Loading Material3 M_battle_text_win_VietNam from package 00029865.upk
Loading Material3 M_faction_stage_result_txt_hon1_china from package 00029865.upk
Loading Material3 M_faction_stage_result_txt_hon1_de from package 00029865.upk
Loading Material3 M_faction_stage_result_txt_hon1_eng from package 00029865.upk
Loading Material3 M_faction_stage_result_txt_hon1_fr from package 00029865.upk
Loading Material3 M_faction_stage_result_txt_hon1_jpn from package 00029865.upk
Loading Material3 M_faction_stage_result_txt_hon1_pt from package 00029865.upk
Loading Material3 M_faction_stage_result_txt_hon1_ru from package 00029865.upk
Loading Material3 M_faction_stage_result_txt_hon1_taiwan from package 00029865.upk
Loading Material3 M_faction_stage_result_txt_hon1_Thailand from package 00029865.upk
Loading Material3 M_faction_stage_result_txt_hon1_VietNam from package 00029865.upk
Loading Material3 M_faction_stage_result_txt_hon2_china from package 00029865.upk
Loading Material3 M_faction_stage_result_txt_hon2_de from package 00029865.upk
Loading Material3 M_faction_stage_result_txt_hon2_eng from package 00029865.upk
Loading Material3 M_faction_stage_result_txt_hon2_fr from package 00029865.upk
Loading Material3 M_faction_stage_result_txt_hon2_jpn from package 00029865.upk
Loading Material3 M_faction_stage_result_txt_hon2_pt from package 00029865.upk
Loading Material3 M_faction_stage_result_txt_hon2_ru from package 00029865.upk
Loading Material3 M_faction_stage_result_txt_hon2_taiwan from package 00029865.upk
Loading Material3 M_faction_stage_result_txt_hon2_Thailand from package 00029865.upk
Loading Material3 M_faction_stage_result_txt_hon2_VietNam from package 00029865.upk
Loading Material3 M_faction_stage_result_txt_mu1_china from package 00029865.upk
Loading Material3 M_faction_stage_result_txt_mu1_de from package 00029865.upk
Loading Material3 M_faction_stage_result_txt_mu1_eng from package 00029865.upk
Loading Material3 M_faction_stage_result_txt_mu1_fr from package 00029865.upk
Loading Material3 M_faction_stage_result_txt_mu1_jpn from package 00029865.upk
Loading Material3 M_faction_stage_result_txt_mu1_pt from package 00029865.upk
Loading Material3 M_faction_stage_result_txt_mu1_ru from package 00029865.upk
Loading Material3 M_faction_stage_result_txt_mu1_taiwan from package 00029865.upk
Loading Material3 M_faction_stage_result_txt_mu1_Thailand from package 00029865.upk
Loading Material3 M_faction_stage_result_txt_mu1_VietNam from package 00029865.upk
Loading Material3 M_faction_stage_result_txt_mu2_china from package 00029865.upk
Loading Material3 M_faction_stage_result_txt_mu2_de from package 00029865.upk
Loading Material3 M_faction_stage_result_txt_mu2_eng from package 00029865.upk
Loading Material3 M_faction_stage_result_txt_mu2_fr from package 00029865.upk
Loading Material3 M_faction_stage_result_txt_mu2_jpn from package 00029865.upk
Loading Material3 M_faction_stage_result_txt_mu2_pt from package 00029865.upk
Loading Material3 M_faction_stage_result_txt_mu2_ru from package 00029865.upk
Loading Material3 M_faction_stage_result_txt_mu2_taiwan from package 00029865.upk
Loading Material3 M_faction_stage_result_txt_mu2_Thailand from package 00029865.upk
Loading Material3 M_faction_stage_result_txt_mu2_VietNam from package 00029865.upk
Loading Material3 M_text_bam01 from package 00029865.upk
Loading Material3 M_text_bam01_bg from package 00029865.upk
Loading Material3 M_text_blood01 from package 00029865.upk
Loading Material3 M_text_blood01_bg from package 00029865.upk
Loading Material3 M_text_blood01_ss from package 00029865.upk
Loading Material3 M_text_destroy01 from package 00029865.upk
Loading Material3 M_text_destroy01_bg from package 00029865.upk
Loading Material3 M_text_destroy01_ss from package 00029865.upk
Loading Material3 M_text_Diffusionsoul01 from package 00029865.upk
Loading Material3 M_text_Diffusionsoul01_bg from package 00029865.upk
Loading Material3 M_text_Diffusionsoul02 from package 00029865.upk
Loading Material3 M_text_fire01 from package 00029865.upk
Loading Material3 M_text_fire01_bg from package 00029865.upk
Loading Material3 M_text_fire01_ss from package 00029865.upk
Loading Material3 M_text_fire02_bg from package 00029865.upk
Loading Material3 M_text_MachSlash01 from package 00029865.upk
Loading Material3 M_text_MachSlash01_bg from package 00029865.upk
Loading Material3 M_text_nuke01_bg from package 00029865.upk
Loading Material3 M_text_sample_ins from package 00029865.upk
Loading Material3 M_text_thunder01 from package 00029865.upk
Loading Material3 M_text_thunder01_bg from package 00029865.upk
Loading Material3 M_text_thunder01_ss from package 00029865.upk
Loading Material3 M_text_thunder02 from package 00029865.upk
Loading Material3 M_text_thunder02_bg from package 00029865.upk
Loading Material3 M_text_thunder02_ss from package 00029865.upk
Loading Material3 M_text_thunder03 from package 00029865.upk
Loading Material3 M_text_thunder03_bg from package 00029865.upk
Loading Material3 M_text_thunder03_ss from package 00029865.upk
Loading Material3 M_text_thunder0_mesh from package 00029865.upk
Loading Material3 M_text_tombstone01 from package 00029865.upk
Loading Material3 M_text_WindSlash01 from package 00029865.upk
Loading Material3 M_text_WindSlash01_BG from package 00029865.upk
Loading MaterialInstanceConstant col1_duel from package 00029865.upk
Loading MaterialInstanceConstant M_Battle_Text_1 from package 00029865.upk
Loading package: 00011426.upk Ver: 573/1 Engine: 4205 Names: 3054 Exports: 106036 Imports: 757 Game: 801A
Loading MaterialInstanceConstant M_Battle_Text_1_china from package 00029865.upk
Loading MaterialInstanceConstant M_Battle_Text_1_de from package 00029865.upk
Loading MaterialInstanceConstant M_Battle_Text_1_eng from package 00029865.upk
Loading MaterialInstanceConstant M_Battle_Text_1_fr from package 00029865.upk
Loading MaterialInstanceConstant M_Battle_Text_1_jpn from package 00029865.upk
Loading MaterialInstanceConstant M_Battle_Text_1_Kr from package 00029865.upk
Loading MaterialInstanceConstant M_Battle_Text_1_pt from package 00029865.upk
Loading MaterialInstanceConstant M_Battle_Text_1_ru from package 00029865.upk
Loading MaterialInstanceConstant M_Battle_Text_1_taiwan from package 00029865.upk
Loading MaterialInstanceConstant M_Battle_Text_1_Thailand from package 00029865.upk
Loading MaterialInstanceConstant M_Battle_Text_1_VietNam from package 00029865.upk
Loading MaterialInstanceConstant M_Battle_Text_1blur from package 00029865.upk
Loading MaterialInstanceConstant M_Battle_Text_1blur_china from package 00029865.upk
Loading MaterialInstanceConstant M_Battle_Text_1blur_de from package 00029865.upk
Loading MaterialInstanceConstant M_Battle_Text_1blur_eng from package 00029865.upk
Loading MaterialInstanceConstant M_Battle_Text_1blur_fr from package 00029865.upk
Loading MaterialInstanceConstant M_Battle_Text_1blur_jpn from package 00029865.upk
Loading MaterialInstanceConstant M_Battle_Text_1blur_Kr from package 00029865.upk
Loading MaterialInstanceConstant M_Battle_Text_1blur_pt from package 00029865.upk
Loading MaterialInstanceConstant M_Battle_Text_1blur_ru from package 00029865.upk
Loading MaterialInstanceConstant M_Battle_Text_1blur_taiwan from package 00029865.upk
Loading MaterialInstanceConstant M_Battle_Text_1blur_Thailand from package 00029865.upk
Loading MaterialInstanceConstant M_Battle_Text_1blur_VietNam from package 00029865.upk
Loading MaterialInstanceConstant M_ShooterSlide_INST from package 00029865.upk
Loading package: 00027869.upk Ver: 573/1 Engine: 4205 Names: 1778 Exports: 73176 Imports: 619 Game: 801A
Loading MaterialInstanceConstant M_ShooterSlide_INST_china from package 00029865.upk
Loading MaterialInstanceConstant M_ShooterSlide_INST_de from package 00029865.upk
Loading MaterialInstanceConstant M_ShooterSlide_INST_eng from package 00029865.upk
Loading MaterialInstanceConstant M_ShooterSlide_INST_fr from package 00029865.upk
Loading MaterialInstanceConstant M_ShooterSlide_INST_jpn from package 00029865.upk
Loading MaterialInstanceConstant M_ShooterSlide_INST_pt from package 00029865.upk
Loading MaterialInstanceConstant M_ShooterSlide_INST_russia from package 00029865.upk
Loading MaterialInstanceConstant M_ShooterSlide_INST_taiwan from package 00029865.upk
Loading MaterialInstanceConstant M_ShooterSlide_INST_Thailand from package 00029865.upk
Loading MaterialInstanceConstant M_ShooterSlide_INST_VietNam from package 00029865.upk
Loading MaterialInstanceConstant M_text_blood01_china_INST from package 00029865.upk
Loading MaterialInstanceConstant M_text_blood01_de_INST from package 00029865.upk
Loading MaterialInstanceConstant M_text_blood01_eng_INST from package 00029865.upk
Loading MaterialInstanceConstant M_text_blood01_fr_INST from package 00029865.upk
Loading MaterialInstanceConstant M_text_blood01_jpn_INST from package 00029865.upk
Loading MaterialInstanceConstant M_text_blood01_pt_INST from package 00029865.upk
Loading MaterialInstanceConstant M_text_blood01_ru_INST from package 00029865.upk
Loading MaterialInstanceConstant M_text_blood01_taiwan_INST from package 00029865.upk
Loading MaterialInstanceConstant M_text_blood01_Thailand_INST from package 00029865.upk
Loading MaterialInstanceConstant M_text_blood01_VietNam_INST from package 00029865.upk
Loading MaterialInstanceConstant M_text_destroy01_china_INST from package 00029865.upk
Loading MaterialInstanceConstant M_text_destroy01_de_INST from package 00029865.upk
Loading MaterialInstanceConstant M_text_destroy01_eng_INST from package 00029865.upk
Loading MaterialInstanceConstant M_text_destroy01_fr_INST from package 00029865.upk
Loading MaterialInstanceConstant M_text_destroy01_jpn_INST from package 00029865.upk
Loading MaterialInstanceConstant M_text_destroy01_pt_INST from package 00029865.upk
Loading MaterialInstanceConstant M_text_destroy01_ru_INST from package 00029865.upk
Loading MaterialInstanceConstant M_text_destroy01_taiwan_INST from package 00029865.upk
Loading MaterialInstanceConstant M_text_destroy01_Thailand_INST from package 00029865.upk
Loading MaterialInstanceConstant M_text_destroy01_VietNam_INST from package 00029865.upk
Loading MaterialInstanceConstant M_text_Diffusionsoul01_BP from package 00029865.upk
Loading MaterialInstanceConstant M_text_Diffusionsoul01_DE from package 00029865.upk
Loading MaterialInstanceConstant M_text_Diffusionsoul01_ENG from package 00029865.upk
Loading MaterialInstanceConstant M_text_Diffusionsoul01_FR from package 00029865.upk
Loading MaterialInstanceConstant M_text_Diffusionsoul01_Russia from package 00029865.upk
Loading MaterialInstanceConstant M_text_Dragon_ice_01 from package 00029865.upk
Loading MaterialInstanceConstant M_text_Dragon_ice_01_BP from package 00029865.upk
Loading MaterialInstanceConstant M_text_Dragon_ice_01_DE from package 00029865.upk
Loading MaterialInstanceConstant M_text_Dragon_ice_01_ENG from package 00029865.upk
Loading MaterialInstanceConstant M_text_Dragon_ice_01_FR from package 00029865.upk
Loading MaterialInstanceConstant M_text_Dragon_ice_01_Russia from package 00029865.upk
Loading MaterialInstanceConstant M_text_Dragon_ice_bg1 from package 00029865.upk
Loading MaterialInstanceConstant M_text_frie01_china_INST from package 00029865.upk
Loading MaterialInstanceConstant M_text_frie01_de_INST from package 00029865.upk
Loading MaterialInstanceConstant M_text_frie01_eng_INST from package 00029865.upk
Loading MaterialInstanceConstant M_text_frie01_fr_INST from package 00029865.upk
Loading MaterialInstanceConstant M_text_frie01_jpn_INST from package 00029865.upk
Loading MaterialInstanceConstant M_text_frie01_pt_INST from package 00029865.upk
Loading MaterialInstanceConstant M_text_frie01_ru_INST from package 00029865.upk
Loading MaterialInstanceConstant M_text_frie01_taiwan_INST from package 00029865.upk
Loading MaterialInstanceConstant M_text_frie01_Thailand_INST from package 00029865.upk
Loading MaterialInstanceConstant M_text_frie01_VietNam_INST from package 00029865.upk
Loading MaterialInstanceConstant M_text_MachSlash01_BP from package 00029865.upk
Loading MaterialInstanceConstant M_text_MachSlash01_DE from package 00029865.upk
Loading MaterialInstanceConstant M_text_MachSlash01_ENG from package 00029865.upk
Loading MaterialInstanceConstant M_text_MachSlash01_FR from package 00029865.upk
Loading MaterialInstanceConstant M_text_MachSlash01_Russia from package 00029865.upk
Loading MaterialInstanceConstant M_text_nuke01_china_INST from package 00029865.upk
Loading MaterialInstanceConstant M_text_nuke01_de_INST from package 00029865.upk
Loading MaterialInstanceConstant M_text_nuke01_eng_INST from package 00029865.upk
Loading MaterialInstanceConstant M_text_nuke01_fr_INST from package 00029865.upk
Loading MaterialInstanceConstant M_text_nuke01_INST from package 00029865.upk
Loading MaterialInstanceConstant M_text_nuke01_jpn_INST from package 00029865.upk
Loading MaterialInstanceConstant M_text_nuke01_pt_INST from package 00029865.upk
Loading MaterialInstanceConstant M_text_nuke01_ru_INST from package 00029865.upk
Loading MaterialInstanceConstant M_text_nuke01_taiwan_INST from package 00029865.upk
Loading MaterialInstanceConstant M_text_nuke01_Thailand_INST from package 00029865.upk
Loading MaterialInstanceConstant M_text_nuke01_VietNam_INST from package 00029865.upk
Loading MaterialInstanceConstant M_text_Shooter01 from package 00029865.upk
Loading MaterialInstanceConstant M_text_Shooter01_bg from package 00029865.upk
Loading MaterialInstanceConstant M_text_Shooter01_bg1 from package 00029865.upk
Loading MaterialInstanceConstant M_text_Shooter01_china from package 00029865.upk
Loading MaterialInstanceConstant M_text_Shooter01_de from package 00029865.upk
Loading MaterialInstanceConstant M_text_Shooter01_eng from package 00029865.upk
Loading MaterialInstanceConstant M_text_Shooter01_fr from package 00029865.upk
Loading MaterialInstanceConstant M_text_Shooter01_japan from package 00029865.upk
Loading MaterialInstanceConstant M_text_Shooter01_pt from package 00029865.upk
Loading MaterialInstanceConstant M_text_Shooter01_russia from package 00029865.upk
Loading MaterialInstanceConstant M_text_Shooter01_taiwan from package 00029865.upk
Loading MaterialInstanceConstant M_text_Shooter01_Thailand from package 00029865.upk
Loading MaterialInstanceConstant M_text_Shooter01_VietNam from package 00029865.upk
Loading MaterialInstanceConstant M_text_soulfighter01 from package 00029865.upk
Loading MaterialInstanceConstant M_text_soulfighter01_bg from package 00029865.upk
Loading MaterialInstanceConstant M_text_soulfighter01_bg1 from package 00029865.upk
Loading MaterialInstanceConstant M_text_soulfighter01_china from package 00029865.upk
Loading MaterialInstanceConstant M_text_soulfighter01_de from package 00029865.upk
Loading MaterialInstanceConstant M_text_soulfighter01_Dragon_earth from package 00029865.upk
Loading MaterialInstanceConstant M_text_soulfighter01_Dragon_earth_BP from package 00029865.upk
Loading MaterialInstanceConstant M_text_soulfighter01_Dragon_earth_DE from package 00029865.upk
Loading MaterialInstanceConstant M_text_soulfighter01_Dragon_earth_ENG from package 00029865.upk
Loading MaterialInstanceConstant M_text_soulfighter01_Dragon_earth_FR from package 00029865.upk
Loading MaterialInstanceConstant M_text_soulfighter01_Dragon_earth_Russia from package 00029865.upk
Loading MaterialInstanceConstant M_text_soulfighter01_eng from package 00029865.upk
Loading MaterialInstanceConstant M_text_soulfighter01_fr from package 00029865.upk
Loading MaterialInstanceConstant M_text_soulfighter01_japan from package 00029865.upk
Loading MaterialInstanceConstant M_text_soulfighter01_pt from package 00029865.upk
Loading MaterialInstanceConstant M_text_soulfighter01_russia from package 00029865.upk
Loading MaterialInstanceConstant M_text_soulfighter01_taiwan from package 00029865.upk
Loading MaterialInstanceConstant M_text_soulfighter01_Thailand from package 00029865.upk
Loading MaterialInstanceConstant M_text_soulfighter01_VietNam from package 00029865.upk
Loading MaterialInstanceConstant M_text_soulfighter02 from package 00029865.upk
Loading MaterialInstanceConstant M_text_soulfighter02_bg1 from package 00029865.upk
Loading MaterialInstanceConstant M_text_soulfighter02_china from package 00029865.upk
Loading MaterialInstanceConstant M_text_soulfighter02_de from package 00029865.upk
Loading MaterialInstanceConstant M_text_soulfighter02_eng from package 00029865.upk
Loading MaterialInstanceConstant M_text_soulfighter02_fr from package 00029865.upk
Loading MaterialInstanceConstant M_text_soulfighter02_japan from package 00029865.upk
Loading MaterialInstanceConstant M_text_soulfighter02_pt from package 00029865.upk
Loading MaterialInstanceConstant M_text_soulfighter02_russia from package 00029865.upk
Loading MaterialInstanceConstant M_text_soulfighter02_taiwan from package 00029865.upk
Loading MaterialInstanceConstant M_text_soulfighter02_Thailand from package 00029865.upk
Loading MaterialInstanceConstant M_text_soulfighter02_VietNam from package 00029865.upk
Loading MaterialInstanceConstant M_text_soulfighter_Dragon_earth_bg from package 00029865.upk
Loading MaterialInstanceConstant M_text_soulfighter_Dragon_earth_point from package 00029865.upk
Loading MaterialInstanceConstant M_text_thunder01_china_INST from package 00029865.upk
Loading MaterialInstanceConstant M_text_thunder01_de_INST from package 00029865.upk
Loading MaterialInstanceConstant M_text_thunder01_eng_INST from package 00029865.upk
Loading MaterialInstanceConstant M_text_thunder01_fr_INST from package 00029865.upk
Loading MaterialInstanceConstant M_text_thunder01_jpn_INST from package 00029865.upk
Loading MaterialInstanceConstant M_text_thunder01_pt_INST from package 00029865.upk
Loading MaterialInstanceConstant M_text_thunder01_ru_INST from package 00029865.upk
Loading MaterialInstanceConstant M_text_thunder01_taiwan_INST from package 00029865.upk
Loading MaterialInstanceConstant M_text_thunder01_Thailand_INST from package 00029865.upk
Loading MaterialInstanceConstant M_text_thunder01_VietNam_INST from package 00029865.upk
Loading MaterialInstanceConstant M_text_thunder02_china_INST from package 00029865.upk
Loading MaterialInstanceConstant M_text_thunder02_de_INST from package 00029865.upk
Loading MaterialInstanceConstant M_text_thunder02_eng_INST from package 00029865.upk
Loading MaterialInstanceConstant M_text_thunder02_fr_INST from package 00029865.upk
Loading MaterialInstanceConstant M_text_thunder02_jpn_INST from package 00029865.upk
Loading MaterialInstanceConstant M_text_thunder02_pt_INST from package 00029865.upk
Loading MaterialInstanceConstant M_text_thunder02_ru_INST from package 00029865.upk
Loading MaterialInstanceConstant M_text_thunder02_taiwan_INST from package 00029865.upk
Loading MaterialInstanceConstant M_text_thunder02_Thailand_INST from package 00029865.upk
Loading MaterialInstanceConstant M_text_thunder02_VietNam_INST from package 00029865.upk
Loading MaterialInstanceConstant M_text_thunder03_china_INST from package 00029865.upk
Loading MaterialInstanceConstant M_text_thunder03_de_INST from package 00029865.upk
Loading MaterialInstanceConstant M_text_thunder03_eng_INST from package 00029865.upk
Loading MaterialInstanceConstant M_text_thunder03_fr_INST from package 00029865.upk
Loading MaterialInstanceConstant M_text_thunder03_jpn_INST from package 00029865.upk
Loading MaterialInstanceConstant M_text_thunder03_pt_INST from package 00029865.upk
Loading MaterialInstanceConstant M_text_thunder03_ru_INST from package 00029865.upk
Loading MaterialInstanceConstant M_text_thunder03_taiwan_INST from package 00029865.upk
Loading MaterialInstanceConstant M_text_thunder03_Thailand_INST from package 00029865.upk
Loading MaterialInstanceConstant M_text_thunder03_VietNam_INST from package 00029865.upk
Loading MaterialInstanceConstant M_text_tombstone01_BP from package 00029865.upk
Loading MaterialInstanceConstant M_text_tombstone01_china from package 00029865.upk
Loading MaterialInstanceConstant M_text_tombstone01_de from package 00029865.upk
Loading MaterialInstanceConstant M_text_tombstone01_eng from package 00029865.upk
Loading MaterialInstanceConstant M_text_tombstone01_fr from package 00029865.upk
Loading MaterialInstanceConstant M_text_tombstone01_jpn from package 00029865.upk
Loading MaterialInstanceConstant M_text_tombstone01_russia from package 00029865.upk
Loading MaterialInstanceConstant M_text_tombstone01_taiwan from package 00029865.upk
Loading MaterialInstanceConstant M_text_tombstone01_Thailand from package 00029865.upk
Loading MaterialInstanceConstant M_text_tombstone01_VietNam from package 00029865.upk
Loading MaterialInstanceConstant M_text_tombstone02 from package 00029865.upk
Loading MaterialInstanceConstant M_text_tombstone02_BP from package 00029865.upk
Loading MaterialInstanceConstant M_text_tombstone02_china from package 00029865.upk
Loading MaterialInstanceConstant M_text_tombstone02_de from package 00029865.upk
Loading MaterialInstanceConstant M_text_tombstone02_eng from package 00029865.upk
Loading MaterialInstanceConstant M_text_tombstone02_fr from package 00029865.upk
Loading MaterialInstanceConstant M_text_tombstone02_jpn from package 00029865.upk
Loading MaterialInstanceConstant M_text_tombstone02_russia from package 00029865.upk
Loading MaterialInstanceConstant M_text_tombstone02_taiwan from package 00029865.upk
Loading MaterialInstanceConstant M_text_tombstone02_Thailand from package 00029865.upk
Loading MaterialInstanceConstant M_text_tombstone02_VietNam from package 00029865.upk
Loading MaterialInstanceConstant M_text_WindSlash01_BP from package 00029865.upk
Loading MaterialInstanceConstant M_text_WindSlash01_DE from package 00029865.upk
Loading MaterialInstanceConstant M_text_WindSlash01_ENG from package 00029865.upk
Loading MaterialInstanceConstant M_text_WindSlash01_FR from package 00029865.upk
Loading MaterialInstanceConstant M_text_WindSlash01_Russia from package 00029865.upk
Loading SkeletalMesh3 bam_duel from package 00029865.upk
Loading StaticMesh3 LIght_Mesh_duel from package 00029865.upk
Loading StaticMesh3 CrossPlane_ZAxis000_Mes_duel from package 00029865.upk
Loading StaticMesh3 CrossPlane_ZAxis000_Mes_duel from package 00029865.upk
Loading StaticMesh3 Lyn_Swordmaster_Slash_Mesh_duel from package 00029865.upk
Loading StaticMesh3 Wheel_Ax2_duel from package 00029865.upk
Loading StaticMesh3 Cylinder_Defualt000_Mes_duel from package 00029865.upk
Loading StaticMesh3 Electric_Damage_UV_duel from package 00029865.upk
Loading StaticMesh3 geosphere002_duel from package 00029865.upk
Loading StaticMesh3 Sphere_Bubble000_Mes_duel from package 00029865.upk
Loading StaticMesh3 Sphere_Hemi_XAxis000_Mes_duel from package 00029865.upk
Loading StaticMesh3 Sphere_Hemi_ZAxis000_Mes_duel from package 00029865.upk
Loading StaticMesh3 Swordtrail_expand_duel from package 00029865.upk
Loading StaticMesh3 Thornbus_Needle_duel from package 00029865.upk
Loading StaticMesh3 geosphere_spiral001 from package 00029865.upk
Loading package: 00012892.upk Ver: 573/1 Engine: 4205 Names: 1018 Exports: 5834 Imports: 361 Game: 801A
Loading StaticMesh3 Sphere_Hemi_-ZAxis000_Mes_UV2 from package 00029865.upk
Loading Texture2D Fire_Sprite_002_duel from package 00029865.upk
Loading Texture2D Fire_Sprite_005_duel from package 00029865.upk
Loading Texture2D Marble006_Tex_duel from package 00029865.upk
Loading Texture2D Noise_006_duel from package 00029865.upk
Loading Texture2D Noise_013_duel from package 00029865.upk
Loading Texture2D Smoke_000_duel from package 00029865.upk
Loading Texture2D Smoke_011_duel from package 00029865.upk
Loading Texture2D Smoke_Cloud_002_duel from package 00029865.upk
Loading Texture2D SmokeVolume000_Tex_duel from package 00029865.upk
Loading Texture2D Sparkle_005_duel from package 00029865.upk
Loading Texture2D Cube000_Tex_duel from package 00029865.upk
Loading Texture2D Fire_Sprite_005_Half_duel from package 00029865.upk
Loading Texture2D Glow_Flair_001_duel from package 00029865.upk
Loading Texture2D Glow_Flar_010_duel from package 00029865.upk
Loading Texture2D Gradient000_Tex_duel from package 00029865.upk
Loading Texture2D Gradient_Color_RedToOrange_000_duel from package 00029865.upk
Loading Texture2D light_line_duel from package 00029865.upk
Loading Texture2D Noise_005_duel from package 00029865.upk
Loading Texture2D Noise_Wave_000_duel from package 00029865.upk
Loading Texture2D Ring_Double_001_duel from package 00029865.upk
Loading Texture2D Ring_ShockWave_000_duel from package 00029865.upk
Loading Texture2D Ring_Thick_000_duel from package 00029865.upk
Loading Texture2D RingGray000_Tex_duel from package 00029865.upk
Loading Texture2D RingGrayEye000_Tex_duel from package 00029865.upk
Loading Texture2D ShockWave000_Tex_duel from package 00029865.upk
Loading Texture2D WhiteRing01_tex_duel from package 00029865.upk
Loading Texture2D Blood_Sparkle000_Tex_duel from package 00029865.upk
Loading Texture2D marble002_Tex_duel from package 00029865.upk
Loading Texture2D Blood_Sparkle000_Tex_duel from package 00029865.upk
Loading Texture2D Electric_Sprite_000_duel from package 00029865.upk
Loading Texture2D Electric_Sprite_001_duel from package 00029865.upk
Loading Texture2D Glow_001_duel from package 00029865.upk
Loading Texture2D Glow_ShockWave_002_duel from package 00029865.upk
Loading Texture2D Glow_ShockWave_007_duel from package 00029865.upk
Loading Texture2D Glow_Twiri_002_duel from package 00029865.upk
Loading Texture2D GlowGray001_Tex_duel from package 00029865.upk
Loading Texture2D Gradient64000_Tex_duel from package 00029865.upk
Loading Texture2D Gradient_005_duel from package 00029865.upk
Loading Texture2D Gradient_Color_BlueToPurple_000_duel from package 00029865.upk
Loading Texture2D Gradient_Color_YellowToOrange_000_duel from package 00029865.upk
Loading Texture2D marble002_Tex_duel from package 00029865.upk
Loading Texture2D Noise_002_duel from package 00029865.upk
Loading Texture2D Noise_003_duel from package 00029865.upk
Loading Texture2D Sparkle_Ink_007_duel from package 00029865.upk
Loading Texture2D Streak000_Tex_duel from package 00029865.upk
Loading Texture2D Streak001_Tex_duel from package 00029865.upk
Loading Texture2D Streak006_Tex_duel from package 00029865.upk
Loading Texture2D VolumeLight000_Tex_duel from package 00029865.upk
Loading Texture2D Electric_Sprite_Fade_duel from package 00029865.upk
Loading Texture2D Electric_Sprite_Part_duel from package 00029865.upk
Loading Texture2D Gradient_001_Right_duel from package 00029865.upk
Loading Texture2D Gradient_Color_PurpleToBlue_000_duel from package 00029865.upk
Loading Texture2D Gradient_Color_Rainbow_000_duel from package 00029865.upk
Loading Texture2D Gradient_Color_Rainbow_001_duel from package 00029865.upk
Loading Texture2D Gradient_Flow_000_duel from package 00029865.upk
Loading Texture2D Gradient_Line_000_duel from package 00029865.upk
Loading Texture2D Gradient_Line_003_duel from package 00029865.upk
Loading Texture2D Noise_003_duel from package 00029865.upk
Loading Texture2D Smoke_009_duel from package 00029865.upk
Loading Texture2D Gradient_001_duel from package 00029865.upk
Loading Texture2D Gradient_002_duel from package 00029865.upk
Loading Texture2D Gradient_Color_BlueToPurple_001_duel from package 00029865.upk
Loading Texture2D Gradient_Light_Line_000_V_duel from package 00029865.upk
Loading Texture2D Electric_Damage_02_duel from package 00029865.upk
Loading Texture2D Electric_Light_000_duel from package 00029865.upk
Loading Texture2D Electric_tile_duel from package 00029865.upk
Loading Texture2D GlowGray002_Tex_duel from package 00029865.upk
Loading Texture2D Gradient_Beam_007_Clamp_duel from package 00029865.upk
Loading Texture2D Gradient_Line_003_duel from package 00029865.upk
Loading Texture2D Gradient_Line_R_clamp_duel from package 00029865.upk
Loading Texture2D Gradient_Line_R_duel from package 00029865.upk
Loading Texture2D GradientHalf000_Tex_duel from package 00029865.upk
Loading Texture2D LineWhiteSmall000_Tex_duel from package 00029865.upk
Loading Texture2D marble002_Tex_duel from package 00029865.upk
Loading Texture2D Marble008_Tex_duel from package 00029865.upk
Loading Texture2D Noise_016_duel from package 00029865.upk
Loading Texture2D RingMarble001_Tex_duel from package 00029865.upk
Loading Texture2D smoke004_Tex_duel from package 00029865.upk
Loading Texture2D Smoke_005_duel from package 00029865.upk
Loading Texture2D Smoke_Dust_007_duel from package 00029865.upk
Loading Texture2D Smoke_Dusts_003_duel from package 00029865.upk
Loading Texture2D Smoke_Fractal_002_duel from package 00029865.upk
Loading Texture2D Decal_Mask_000_duel from package 00029865.upk
Loading Texture2D Glow_004_duel from package 00029865.upk
Loading Texture2D Glow_006_duel from package 00029865.upk
Loading Texture2D Glow_Twiri_000_duel from package 00029865.upk
Loading Texture2D Glow_Twiri_003_duel from package 00029865.upk
Loading Texture2D Gradient_001_duel from package 00029865.upk
Loading Texture2D Gradient_001_Left_duel from package 00029865.upk
Loading Texture2D Gradient_003_duel from package 00029865.upk
Loading Texture2D Gradient_003_Wrap_duel from package 00029865.upk
Loading Texture2D Gradient_004_duel from package 00029865.upk
Loading Texture2D Gradient_Beam_006_Yclamp_duel from package 00029865.upk
Loading Texture2D Gradient_Color_BtoS000_Tex_duel from package 00029865.upk
Loading Texture2D Gradient_Color_RedToOrange_000_duel from package 00029865.upk
Loading Texture2D Gradient_Half_000_duel from package 00029865.upk
Loading Texture2D Noise_007_duel from package 00029865.upk
Loading Texture2D Noise_020_duel from package 00029865.upk
Loading Texture2D Normal_Noise_002_duel from package 00029865.upk
Loading Texture2D Normal_Noise_003_duel from package 00029865.upk
Loading Texture2D Normal_Stone_000_duel from package 00029865.upk
Loading Texture2D NormalDistortionripple000_Tex_duel from package 00029865.upk
Loading Texture2D NormalWaterfall_N001_duel from package 00029865.upk
Loading Texture2D Ring_Rad_000_duel from package 00029865.upk
Loading Texture2D Ring_Twiri_000_duel from package 00029865.upk
Loading Texture2D Ring_Twiri_001_duel from package 00029865.upk
Loading Texture2D RingSkew000_Tex_duel from package 00029865.upk
Loading Texture2D Rune_Ring04_Tex_duel from package 00029865.upk
Loading Texture2D smoke004_Tex_duel from package 00029865.upk
Loading Texture2D Smoke_013_duel from package 00029865.upk
Loading Texture2D Smoke_Dust_005_duel from package 00029865.upk
Loading Texture2D Smoke_Fractal_001_duel from package 00029865.upk
Loading Texture2D Smoke_Pattern_000_duel from package 00029865.upk
Loading Texture2D Smoke_Pattern_001_duel from package 00029865.upk
Loading Texture2D Streak008_Tex_duel from package 00029865.upk
Loading Texture2D T_return_dragon_10_GreenGradation_small_duel from package 00029865.upk
Loading Texture2D Unique_WaterFall_000_Des_duel from package 00029865.upk
Loading Texture2D Glow_009_duel from package 00029865.upk
Loading Texture2D GlowGray002_Tex_duel from package 00029865.upk
Loading Texture2D Noise_Plazma_002_duel from package 00029865.upk
Loading Texture2D Noise_Ripple_000_duel from package 00029865.upk
Loading Texture2D NormalDistortionripple000_Tex_duel from package 00029865.upk
Loading Texture2D Ring_000_duel from package 00029865.upk
Loading Texture2D Ring_ShockWave_001_duel from package 00029865.upk
Loading Texture2D Ring_Twiri_001_duel from package 00029865.upk
Loading Texture2D RingSkew000_Tex_duel from package 00029865.upk
Loading Texture2D Rune_Ring04_Tex_duel from package 00029865.upk
Loading Texture2D Sparkle005_Tex_duel from package 00029865.upk
Loading Texture2D Sparkle_Sprite_000_duel from package 00029865.upk
Loading Texture2D Blur_Point_Tex_Dup from package 00029865.upk
Loading Texture2D Color_Sphere_000_Dup from package 00029865.upk
Loading Texture2D Gradient_001_Dup from package 00029865.upk
Loading Texture2D Noise_Distortion_000_Dup from package 00029865.upk
Loading Texture2D Normal_Stone_000_Dup from package 00029865.upk
Loading Texture2D Normal_Stone_001_Dup from package 00029865.upk
Loading Texture2D Smoke_Cloud_005_Dup from package 00029865.upk
Loading Texture2D Unique_Ice_000_Dup from package 00029865.upk
Loading Texture2D Glow_Spark_000_duel from package 00029865.upk
Loading Texture2D Gradient_Half_000_duel from package 00029865.upk
Loading Texture2D Glow_002_duel from package 00029865.upk
Loading Texture2D Glow_ShockWave_009_duel from package 00029865.upk
Loading Texture2D GlowGray002_Tex_duel from package 00029865.upk
Loading Texture2D Gradient64000_Tex_duel from package 00029865.upk
Loading Texture2D Gradient_Beam_001_duel from package 00029865.upk
Loading Texture2D Marble006_Tex_duel from package 00029865.upk
Loading Texture2D NormalDistortionripple000_Tex_duel from package 00029865.upk
Loading Texture2D Ring_002_duel from package 00029865.upk
Loading Texture2D Ring_Sharp_000_duel from package 00029865.upk
Loading Texture2D Ring_ShockWave_004_duel from package 00029865.upk
Loading Texture2D Ring_ShockWave_005_duel from package 00029865.upk
Loading Texture2D Ring_Smoke_000_duel from package 00029865.upk
Loading Texture2D RingMarble001_Tex_duel from package 00029865.upk
Loading Texture2D RingSharp000_Tex_duel from package 00029865.upk
Loading Texture2D smoke004_Tex_duel from package 00029865.upk
Loading Texture2D Smoke_005_duel from package 00029865.upk
Loading Texture2D Smoke_Inc_001_duel from package 00029865.upk
Loading Texture2D Sparkle005_Tex_duel from package 00029865.upk
Loading Texture2D Sparkle_004_duel from package 00029865.upk
Loading Texture2D Sparkle_Ink_006_duel from package 00029865.upk
Loading Texture2D Sparkle_Ink_015_duel from package 00029865.upk
Loading Texture2D Sparkle_Sprite_000_duel from package 00029865.upk
Loading Texture2D Streak000_Tex_duel from package 00029865.upk
Loading Texture2D Aura_Ripple_000_duel from package 00029865.upk
Loading Texture2D check_duel from package 00029865.upk
Loading Texture2D check_n_duel from package 00029865.upk
Loading Texture2D cube_D_BK_duel from package 00029865.upk
Loading Texture2D cube_D_DN_duel from package 00029865.upk
Loading TextureCube Cube_D_duel from package 00029865.upk
Loading Texture2D CubemapFace0 from package 00029865.upk
Loading Texture2D CubemapFace1 from package 00029865.upk
Loading Texture2D CubemapFace2 from package 00029865.upk
Loading Texture2D CubemapFace3 from package 00029865.upk
Loading Texture2D CubemapFace4 from package 00029865.upk
Loading Texture2D CubemapFace5 from package 00029865.upk
Loading Texture2D cube_D_FR_duel from package 00029865.upk
Loading Texture2D cube_D_LF_duel from package 00029865.upk
Loading Texture2D cube_D_RT_duel from package 00029865.upk
Loading Texture2D cube_D_UP_duel from package 00029865.upk
Loading Texture2D Dm_duel from package 00029865.upk
Loading Texture2D Env_Water_Cloud_duel from package 00029865.upk
Loading Texture2D Gradient_Wipe_BurnOut_Mask_duel from package 00029865.upk
Loading Texture2D Gradient_Wipe_BurnOut_Mask_TEST_duel from package 00029865.upk
Loading Texture2D Mm_duel from package 00029865.upk
Loading Texture2D Nm_duel from package 00029865.upk
Loading Texture2D SM_duel from package 00029865.upk
Loading Texture2D Smoke_Dust_002_duel from package 00029865.upk
Loading Texture2D Smoke_Pattern_001_duel from package 00029865.upk
Loading Texture2D Gradient_Color_YtoG001_Tex_duel from package 00029865.upk
Loading Texture2D Gradient_Needle_duel from package 00029865.upk
Loading Texture2D Gradient_Needle_normal_duel from package 00029865.upk
Loading Texture2D Ice_Decal_Normal_Tw_duel from package 00029865.upk
Loading Texture2D Ice_Decal_Tw_duel from package 00029865.upk
Loading Texture2D Ice_Ring_ShockWave_Tex_duel from package 00029865.upk
Loading Texture2D Noise_013_normal_duel from package 00029865.upk
Loading Texture2D Noise_Ripple_000_Inverse2_duel from package 00029865.upk
Loading Texture2D Noise_Ripple_000_Inverse_duel from package 00029865.upk
Loading Texture2D Plant_002_23_D1_03_duel from package 00029865.upk
Loading Texture2D Smoke_Blur_000_duel from package 00029865.upk
Loading Texture2D Smoke_Dusts_001_duel from package 00029865.upk
Loading Texture2D Unique_Stone_001_duel from package 00029865.upk
Loading Texture2D Vine_Decal_normal_duel from package 00029865.upk
Loading Texture2D Aura_Blood_003 from package 00029865.upk
Loading Texture2D Env_Fx_Storm from package 00029865.upk
Loading Texture2D Fire_Blending_Mask3_Tex from package 00029865.upk
Loading Texture2D Fire_Blending_Pattern_Tex_Big2 from package 00029865.upk
Loading Texture2D Fire_Diffuse01_Tex from package 00029865.upk
Loading Texture2D Glow_008 from package 00029865.upk
Loading Texture2D Glow_Trail_001 from package 00029865.upk
Loading Texture2D Glow_Twiri_001 from package 00029865.upk
Loading Texture2D Gradient_009 from package 00029865.upk
Loading Texture2D Gradient_Color_PurpleToBlue_000 from package 00029865.upk
Loading Texture2D Gradient_Half_000 from package 00029865.upk
Loading Texture2D Gradient_Line_R from package 00029865.upk
Loading Texture2D Smoke_ShockWave_004 from package 00029865.upk
Loading Texture2D Sparkle_Ink_Small from package 00029865.upk
Loading Texture2D T_Glow_ink_001 from package 00029865.upk
Loading Texture2D T_Liquid_SM_NanoBlack_Mask_01 from package 00029865.upk
Loading Texture2D Unique_Stone_001 from package 00029865.upk
Loading Texture2D T_battle_text_1_de from package 00029865.upk
Loading Texture2D T_battle_text_1_fr from package 00029865.upk
Loading Texture2D T_battle_text_2_de from package 00029865.upk
Loading Texture2D T_battle_text_2_fr from package 00029865.upk
Loading Texture2D T_battle_text_draw_china from package 00029865.upk
Loading Texture2D T_battle_text_draw_de from package 00029865.upk
Loading Texture2D T_battle_text_draw_eng from package 00029865.upk
Loading Texture2D T_battle_text_draw_eng_west from package 00029865.upk
Loading Texture2D T_battle_text_draw_fr from package 00029865.upk
Loading Texture2D T_battle_text_draw_jpn from package 00029865.upk
Loading Texture2D T_battle_text_draw_taiwan from package 00029865.upk
Loading Texture2D T_battle_text_invalidity_china from package 00029865.upk
Loading Texture2D T_battle_text_invalidity_de from package 00029865.upk
Loading Texture2D T_battle_text_invalidity_eng from package 00029865.upk
Loading Texture2D T_battle_text_invalidity_fr from package 00029865.upk
Loading Texture2D T_battle_text_invalidity_jpn from package 00029865.upk
Loading Texture2D T_battle_text_invalidity_taiwan from package 00029865.upk
Loading Texture2D T_battle_text_lost_china from package 00029865.upk
Loading Texture2D T_battle_text_lost_de from package 00029865.upk
Loading Texture2D T_battle_text_lost_eng from package 00029865.upk
Loading Texture2D T_battle_text_lost_final_china from package 00029865.upk
Loading Texture2D T_battle_text_lost_final_de from package 00029865.upk
Loading Texture2D T_battle_text_lost_final_eng from package 00029865.upk
Loading Texture2D T_battle_text_lost_final_fr from package 00029865.upk
Loading Texture2D T_battle_text_lost_final_jpn from package 00029865.upk
Loading Texture2D T_battle_text_lost_final_taiwan from package 00029865.upk
Loading Texture2D T_battle_text_lost_fr from package 00029865.upk
Loading Texture2D T_battle_text_lost_jpn from package 00029865.upk
Loading Texture2D T_battle_text_lost_taiwan from package 00029865.upk
Loading Texture2D T_battle_text_result_score from package 00029865.upk
Loading Texture2D T_battle_text_result_score_blur from package 00029865.upk
Loading Texture2D T_battle_text_result_score_blur_china from package 00029865.upk
Loading Texture2D T_battle_text_result_score_blur_eng from package 00029865.upk
Loading Texture2D T_battle_text_result_score_blur_jpn from package 00029865.upk
Loading Texture2D T_battle_text_result_score_blur_taiwan from package 00029865.upk
Loading Texture2D T_battle_text_result_score_china from package 00029865.upk
Loading Texture2D T_battle_text_result_score_eng from package 00029865.upk
Loading Texture2D T_battle_text_result_score_jpn from package 00029865.upk
Loading Texture2D T_battle_text_result_score_taiwan from package 00029865.upk
Loading Texture2D T_battle_text_start_china from package 00029865.upk
Loading Texture2D T_battle_text_start_de from package 00029865.upk
Loading Texture2D T_battle_text_start_eng from package 00029865.upk
Loading Texture2D T_battle_text_start_fr from package 00029865.upk
Loading Texture2D T_battle_text_start_jpn from package 00029865.upk
Loading Texture2D T_battle_text_start_taiwan from package 00029865.upk
Loading Texture2D T_battle_text_win_china from package 00029865.upk
Loading Texture2D T_battle_text_win_de from package 00029865.upk
Loading Texture2D T_battle_text_win_eng from package 00029865.upk
Loading Texture2D T_battle_text_win_eng_west from package 00029865.upk
Loading Texture2D T_battle_text_win_fina_china from package 00029865.upk
Loading Texture2D T_battle_text_win_fina_taiwan from package 00029865.upk
Loading Texture2D T_battle_text_win_final_de from package 00029865.upk
Loading Texture2D T_battle_text_win_final_eng from package 00029865.upk
Loading Texture2D T_battle_text_win_final_fr from package 00029865.upk
Loading Texture2D T_battle_text_win_final_jpn from package 00029865.upk
Loading Texture2D T_battle_text_win_fr from package 00029865.upk
Loading Texture2D T_battle_text_win_jpn from package 00029865.upk
Loading Texture2D T_battle_text_win_taiwan from package 00029865.upk
Loading Texture2D T_faction_stage_faction_icon_faction_max from package 00029865.upk
Loading Texture2D T_faction_stage_result_txt_hon1_de from package 00029865.upk
Loading Texture2D T_faction_stage_result_txt_hon1_eng from package 00029865.upk
Loading Texture2D T_faction_stage_result_txt_hon1_fr from package 00029865.upk
Loading Texture2D T_faction_stage_result_txt_hon1_jpn from package 00029865.upk
Loading Texture2D T_faction_stage_result_txt_hon1_taiwan from package 00029865.upk
Loading Texture2D T_faction_stage_result_txt_hon2_de from package 00029865.upk
Loading Texture2D T_faction_stage_result_txt_hon2_fr from package 00029865.upk
Loading Texture2D T_faction_stage_result_txt_hon2_jpn from package 00029865.upk
Loading Texture2D T_faction_stage_result_txt_hon2_taiwan from package 00029865.upk
Loading Texture2D T_faction_stage_result_txt_mu1_de from package 00029865.upk
Loading Texture2D T_faction_stage_result_txt_mu1_eng from package 00029865.upk
Loading Texture2D T_faction_stage_result_txt_mu1_fr from package 00029865.upk
Loading Texture2D T_faction_stage_result_txt_mu1_jpn from package 00029865.upk
Loading Texture2D T_faction_stage_result_txt_mu1_taiwan from package 00029865.upk
Loading Texture2D T_faction_stage_result_txt_mu2_de from package 00029865.upk
Loading Texture2D T_faction_stage_result_txt_mu2_fr from package 00029865.upk
Loading Texture2D T_faction_stage_result_txt_mu2_jpn from package 00029865.upk
Loading Texture2D T_faction_stage_result_txt_mu2_taiwan from package 00029865.upk
Loading Texture2D T_text_bam01 from package 00029865.upk
Loading Texture2D T_text_bam01_bg from package 00029865.upk
Loading Texture2D T_text_blood01 from package 00029865.upk
Loading Texture2D T_text_blood01_bg from package 00029865.upk
Loading Texture2D T_text_destroy01 from package 00029865.upk
Loading Texture2D T_text_destroy01_bg from package 00029865.upk
Loading Texture2D T_text_fire01 from package 00029865.upk
Loading Texture2D T_text_fire01_bg from package 00029865.upk
Loading Texture2D T_text_new_blood01 from package 00029865.upk
Loading Texture2D T_text_new_blood01_bg from package 00029865.upk
Loading Texture2D T_text_new_blood01_china from package 00029865.upk
Loading Texture2D T_text_new_blood01_de from package 00029865.upk
Loading Texture2D T_text_new_blood01_eng from package 00029865.upk
Loading Texture2D T_text_new_blood01_fr from package 00029865.upk
Loading Texture2D T_text_new_blood01_jpn from package 00029865.upk
Loading Texture2D T_text_new_blood01_ss from package 00029865.upk
Loading Texture2D T_text_new_blood01_taiwan from package 00029865.upk
Loading Texture2D T_text_new_destroy01 from package 00029865.upk
Loading Texture2D T_text_new_destroy01_bg from package 00029865.upk
Loading Texture2D T_text_new_destroy01_china from package 00029865.upk
Loading Texture2D T_text_new_destroy01_de from package 00029865.upk
Loading Texture2D T_text_new_destroy01_eng from package 00029865.upk
Loading Texture2D T_text_new_destroy01_fr from package 00029865.upk
Loading Texture2D T_text_new_destroy01_jpn from package 00029865.upk
Loading Texture2D T_text_new_destroy01_ss from package 00029865.upk
Loading Texture2D T_text_new_destroy01_taiwan from package 00029865.upk
Loading Texture2D T_text_new_fire01 from package 00029865.upk
Loading Texture2D T_text_new_fire01_bg from package 00029865.upk
Loading Texture2D T_text_new_fire01_china from package 00029865.upk
Loading Texture2D T_text_new_fire01_de from package 00029865.upk
Loading Texture2D T_text_new_fire01_eng from package 00029865.upk
Loading Texture2D T_text_new_fire01_fr from package 00029865.upk
Loading Texture2D T_text_new_fire01_jpn from package 00029865.upk
Loading Texture2D T_text_new_fire01_ss from package 00029865.upk
Loading Texture2D T_text_new_fire01_taiwan from package 00029865.upk
Loading Texture2D T_text_new_nuke from package 00029865.upk
Loading Texture2D T_text_new_nuke_bg from package 00029865.upk
Loading Texture2D T_text_new_nuke_china from package 00029865.upk
Loading Texture2D T_text_new_nuke_de from package 00029865.upk
Loading Texture2D T_text_new_nuke_eng from package 00029865.upk
Loading Texture2D T_text_new_nuke_fr from package 00029865.upk
Loading Texture2D T_text_new_nuke_jpn from package 00029865.upk
Loading Texture2D T_text_new_nuke_taiwan from package 00029865.upk
Loading Texture2D T_text_new_thunder01 from package 00029865.upk
Loading Texture2D T_text_new_thunder01_bg from package 00029865.upk
Loading Texture2D T_text_new_thunder01_china from package 00029865.upk
Loading Texture2D T_text_new_thunder01_de from package 00029865.upk
Loading Texture2D T_text_new_thunder01_eng from package 00029865.upk
Loading Texture2D T_text_new_thunder01_fr from package 00029865.upk
Loading Texture2D T_text_new_thunder01_jpn from package 00029865.upk
Loading Texture2D T_text_new_thunder01_ss from package 00029865.upk
Loading Texture2D T_text_new_thunder01_taiwan from package 00029865.upk
Loading Texture2D T_text_new_thunder02 from package 00029865.upk
Loading Texture2D T_text_new_thunder02_bg from package 00029865.upk
Loading Texture2D T_text_new_thunder02_china from package 00029865.upk
Loading Texture2D T_text_new_thunder02_de from package 00029865.upk
Loading Texture2D T_text_new_thunder02_eng from package 00029865.upk
Loading Texture2D T_text_new_thunder02_fr from package 00029865.upk
Loading Texture2D T_text_new_thunder02_jpn from package 00029865.upk
Loading Texture2D T_text_new_thunder02_ss from package 00029865.upk
Loading Texture2D T_text_new_thunder02_taiwan from package 00029865.upk
Loading Texture2D T_text_new_thunder03 from package 00029865.upk
Loading Texture2D T_text_new_thunder03_bg from package 00029865.upk
Loading Texture2D T_text_new_thunder03_china from package 00029865.upk
Loading Texture2D T_text_new_thunder03_de from package 00029865.upk
Loading Texture2D T_text_new_thunder03_eng from package 00029865.upk
Loading Texture2D T_text_new_thunder03_fr from package 00029865.upk
Loading Texture2D T_text_new_thunder03_jpn from package 00029865.upk
Loading Texture2D T_text_new_thunder03_ss from package 00029865.upk
Loading Texture2D T_text_new_thunder03_taiwan from package 00029865.upk
Loading Texture2D T_text_thuner01 from package 00029865.upk
Loading Texture2D T_text_thuner01_bg from package 00029865.upk
Loading Texture2D T_text_thuner02 from package 00029865.upk
Loading Texture2D T_text_thuner02_bg from package 00029865.upk
Loading Texture2D T_text_thuner03 from package 00029865.upk
Loading Texture2D T_text_thuner03_bg from package 00029865.upk
Loading Texture2D Fire_Sprite_002 from package 00012963.upk
Loading Texture2D Fire_Sprite_005 from package 00012963.upk
Loading Texture2D Smoke_011 from package 00012963.upk
Loading Texture2D Noise_005 from package 00012963.upk
Loading Texture2D Smoke_000 from package 00012963.upk
Loading Texture2D Noise_006 from package 00012963.upk
Loading Texture2D Sparkle_005 from package 00012963.upk
Loading Texture2D Noise_013 from package 00012963.upk
Loading Texture2D Smoke_Cloud_002 from package 00012963.upk
Loading Texture2D Gradient_001 from package 00012963.upk
Loading Texture2D Fire_Sprite_005_Half from package 00012963.upk
Loading Texture2D Ring_ShockWave_000 from package 00012963.upk
Loading Texture2D light_line from package 00012963.upk
Loading Texture2D T_Glow_Flar_010_a from package 00037213.upk
Loading Texture2D Noise_Wave_000 from package 00012963.upk
Loading Texture2D Smoke_Dusts_001 from package 00012963.upk
Loading Texture2D Smoke_Fractal_002 from package 00012963.upk
Loading Texture2D Gradient_Color_RedToOrange_000 from package 00012963.upk
Loading Texture2D Glow_Flair_001 from package 00012963.upk
Loading Texture2D Blood_Sparkle000_Tex_duel from package 00037213.upk
Loading Texture2D Noise_002 from package 00012963.upk
Loading Texture2D Electric_Sprite_Fade from package 00012963.upk
Loading Texture2D Electric_Sprite_000 from package 00012963.upk
Loading Texture2D Sparkle_Ink_007 from package 00012963.upk
Loading Texture2D Glow_ShockWave_007_duel from package 00037213.upk
Loading Texture2D Glow_001 from package 00012963.upk
Loading Texture2D Gradient_005 from package 00012963.upk
Loading Texture2D Gradient_Color_BlueToPurple_000 from package 00012963.upk
Loading Texture2D Electric_Sprite_001 from package 00012963.upk
Loading Texture2D Glow_ShockWave_002_duel from package 00037213.upk
Loading Texture2D Gradient_Color_Rainbow_000 from package 00012963.upk
Loading Texture2D Electric_Sprite_Part from package 00012963.upk
Loading Texture2D Gradient_Line_003 from package 00012963.upk
Loading Texture2D Gradient_Flow_000 from package 00012963.upk
Loading Texture2D Gradient_Color_Rainbow_001 from package 00012963.upk
Loading Texture2D Noise_003 from package 00012963.upk
Loading Texture2D Gradient_002 from package 00012963.upk
Loading Texture2D Gradient_Light_Line_000_V from package 00012963.upk
Loading Texture2D Gradient_001_Right from package 00012963.upk
Loading Texture2D Gradient_Color_PurpleToBlue_000 from package 00012963.upk
Loading Texture2D Smoke_009 from package 00012963.upk
Loading Texture2D Normal_Noise_002 from package 00012963.upk
Loading Texture2D Gradient_Line_000 from package 00012963.upk
Loading Texture2D Gradient_Color_BlueToPurple_001 from package 00012963.upk
Loading Texture2D Smoke_005 from package 00012963.upk
Loading Texture2D Unique_Stone_001 from package 00012963.upk
Loading Texture2D Gradient_Line_R from package 00012963.upk
Loading Texture2D Gradient_Line_R_clamp from package 00012963.upk
Loading Texture2D Ring_Smoke_000 from package 00012963.upk
Loading Texture2D Noise_007 from package 00012963.upk
Loading Texture2D Electric_Damage_02 from package 00012963.upk
Loading Texture2D Smoke_Dusts_003 from package 00012963.upk
Loading Texture2D Electric_Light_000 from package 00012963.upk
Loading Texture2D Noise_016 from package 00012963.upk
Loading Texture2D Glow_002 from package 00012963.upk
Loading Texture2D Electric_tile from package 00012963.upk
Loading Texture2D Gradient_Wipe_BurnOut_Mask from package 00012963.upk
Loading Texture2D Gradient_Beam_007_Clamp from package 00012963.upk
Loading Texture2D Smoke_Dust_007 from package 00012963.upk
Loading Texture2D Smoke_Dust_002 from package 00012963.upk
Loading Texture2D Normal_Stone_000 from package 00012963.upk
WARNING: BoolProperty "UTexture2D::bDisableLoadSwitch" was not found
Loading Texture2D Normal_Noise_003 from package 00012963.upk
WARNING: BoolProperty "UTexture2D::bDisableLoadSwitch" was not found
Loading Texture2D Smoke_Pattern_000 from package 00012963.upk
Loading Texture2D Smoke_Pattern_001 from package 00012963.upk
Loading Texture2D Gradient_003 from package 00012963.upk
Loading Texture2D Gradient_003_Wrap from package 00012963.upk
Loading Texture2D Unique_WaterFall_000_Des from package 00012963.upk
Loading Texture2D Gradient_Beam_006_Yclamp from package 00012963.upk
Loading Texture2D Smoke_013 from package 00012963.upk
Loading Texture2D Smoke_Fractal_001 from package 00012963.upk
Loading Texture2D Smoke_Dust_005 from package 00012963.upk
Loading Texture2D Noise_Plazma_002 from package 00012963.upk
Loading Texture2D Noise_020 from package 00012963.upk
Loading Texture2D Glow_004 from package 00012963.upk
Loading Texture2D Gradient_Color_BtoS000_Tex from package 00012963.upk
Loading Texture2D Gradient_004 from package 00012963.upk
Loading Texture2D Ring_Rad_000 from package 00012963.upk
Loading Texture2D Glow_Twiri_003 from package 00012963.upk
Loading Texture2D Glow_Twiri_000 from package 00012963.upk
Loading Texture2D Glow_006 from package 00012963.upk
Loading Texture2D T_return_dragon_10_GreenGradation_small from package 00012963.upk
Loading Texture2D Gradient_001_Left from package 00012963.upk
Loading Texture2D Ring_Twiri_001 from package 00012963.upk
Loading Texture2D Ring_Twiri_000 from package 00012963.upk
Loading Texture2D Ring_000 from package 00012963.upk
Loading Texture2D Ring_ShockWave_004 from package 00012963.upk
Loading Texture2D Ring_ShockWave_005 from package 00012963.upk
Loading Texture2D Glow_009 from package 00012963.upk
Loading Texture2D Noise_Ripple_000 from package 00012963.upk
Loading Texture2D Ring_ShockWave_001 from package 00012963.upk
Loading Texture2D Sparkle_Sprite_000 from package 00012963.upk
Loading Texture2D Normal_Stone_001 from package 00012963.upk
WARNING: BoolProperty "UTexture2D::bDisableLoadSwitch" was not found
Loading Texture2D Smoke_Cloud_005 from package 00012963.upk
Loading Texture2D Noise_Distortion_000 from package 00012963.upk
Loading Texture2D Color_Sphere_000 from package 00012963.upk
Loading Texture2D Blur_Point_Tex from package 00012963.upk
Loading Texture2D Unique_Ice_000 from package 00012963.upk
Loading Texture2D Glow_Spark_000 from package 00012963.upk
Loading Texture2D Gradient_Half_000 from package 00012963.upk
Loading Texture2D Glow_ShockWave_009_duel from package 00037213.upk
Loading Texture2D Sparkle_004 from package 00012963.upk
Loading Texture2D Smoke_Inc_001 from package 00012963.upk
Loading Texture2D Ring_002 from package 00012963.upk
Loading Texture2D Sparkle_Ink_006 from package 00012963.upk
Loading Texture2D Sparkle_Ink_015 from package 00012963.upk
Loading Texture2D Env_Water_Cloud from package 00012963.upk
Loading Texture2D Aura_Ripple_000 from package 00012963.upk
Loading Texture2D Nm from package 00012963.upk
Loading Texture2D Dm from package 00012963.upk
Loading Texture2D SM from package 00012963.upk
Loading Texture2D check_duel from package 00037213.upk
Loading Texture2D Gradient_Wipe_BurnOut_Mask_TEST from package 00012963.upk
Loading Texture2D Plant_002_23_D1_03 from package 00012963.upk
Loading Texture2D Smoke_Blur_000 from package 00012963.upk
Loading Texture2D Ice_Ring_ShockWave_Tex from package 00012963.upk
Loading Texture2D Noise_Ripple_000_Inverse from package 00012963.upk
Loading Texture2D Gradient_Color_YtoG001_Tex from package 00012963.upk
Loading Texture2D Gradient_Needle_normal from package 00012963.upk
Loading Texture2D Gradient_Needle from package 00012963.upk
Loading Texture2D Glow_008 from package 00012963.upk
Loading Texture2D Env_Fx_Storm from package 00012963.upk
Loading Texture2D Fire_Diffuse01_Tex from package 00012963.upk
Loading Texture2D Fire_Blending_Mask3_Tex from package 00012963.upk
Loading Texture2D Fire_Blending_Pattern_Tex_Big2 from package 00012963.upk
Loading Texture2D Glow_ink_001 from package 00012963.upk
Loading Texture2D Glow_Trail_001 from package 00012963.upk
Loading Texture2D Gradient_009 from package 00012963.upk
Loading Texture2D T_Liquid_SM_NanoBlack_Mask_01 from package 00012963.upk
Loading Texture2D Glow_Twiri_001 from package 00012963.upk
Loading Texture2D Aura_Blood_003 from package 00012963.upk
Loading Texture2D Sparkle_Ink_Small from package 00012963.upk
Loading Texture2D T_battle_text_result_score_blur from package 00037213.upk
Loading Texture2D T_battle_text_result_score_blur_china from package 00037213.upk
Loading Texture2D T_battle_text_2_New_de from package 00037213.upk
Loading Texture2D T_battle_text_result_score_blur_eng from package 00037213.upk
Loading Texture2D T_battle_text_2_fr from package 00037213.upk
Loading Texture2D T_battle_text_result_score_blur_jpn from package 00037213.upk
Loading Texture2D T_battle_text_2_KR from package 00037213.upk
Loading Texture2D T_battle_text_2_pt from package 00037213.upk
Loading Texture2D T_battle_text_2_russia from package 00037213.upk
Loading Texture2D T_battle_text_result_score_blur_taiwan from package 00037213.upk
Loading Texture2D T_battle_text_2_Thailand from package 00037213.upk
Loading Texture2D T_battle_text_2_VietNam from package 00037213.upk
Loading Texture2D T_battle_text_draw_eng from package 00037213.upk
Loading Texture2D T_battle_text_draw_china from package 00037213.upk
Loading Texture2D T_battle_text_draw_de from package 00037213.upk
Loading Texture2D T_battle_text_draw_eng_west from package 00037213.upk
Loading Texture2D T_battle_text_draw_fr from package 00037213.upk
Loading Texture2D T_battle_text_draw_jpn from package 00037213.upk
Loading Texture2D T_battle_text_draw_pt from package 00037213.upk
Loading Texture2D T_battle_text_draw_russia from package 00037213.upk
Loading Texture2D T_battle_text_draw_taiwan from package 00037213.upk
Loading Texture2D T_battle_text_draw_Thailand from package 00037213.upk
Loading Texture2D T_battle_text_draw_VietNam from package 00037213.upk
Loading Texture2D T_battle_text_invalidity_china from package 00037213.upk
Loading Texture2D T_battle_text_invalidity_de from package 00037213.upk
Loading Texture2D T_battle_text_invalidity_eng from package 00037213.upk
Loading Texture2D T_battle_text_invalidity_fr from package 00037213.upk
Loading Texture2D T_battle_text_invalidity_jpn from package 00037213.upk
Loading Texture2D T_battle_text_invalidity_pt from package 00037213.upk
Loading Texture2D T_battle_text_invalidity_russia from package 00037213.upk
Loading Texture2D T_battle_text_invalidity_taiwan from package 00037213.upk
Loading Texture2D T_battle_text_invalidity_Thailand from package 00037213.upk
Loading Texture2D T_battle_text_invalidity_VietNam from package 00037213.upk
Loading Texture2D T_battle_text_lost_china from package 00037213.upk
Loading Texture2D T_battle_text_lost_de from package 00037213.upk
Loading Texture2D T_battle_text_lost_eng from package 00037213.upk
Loading Texture2D T_battle_text_lost_final_china from package 00037213.upk
Loading Texture2D T_battle_text_lost_final_de from package 00037213.upk
Loading Texture2D T_battle_text_lost_final_eng from package 00037213.upk
Loading Texture2D T_battle_text_lost_final_fr from package 00037213.upk
Loading Texture2D T_battle_text_lost_final_jpn from package 00037213.upk
Loading Texture2D T_battle_text_lost_final_pt from package 00037213.upk
Loading Texture2D T_battle_text_lost_final_russia from package 00037213.upk
Loading Texture2D T_battle_text_lost_final_taiwan from package 00037213.upk
Loading Texture2D T_battle_text_lost_final_Thailand from package 00037213.upk
Loading Texture2D T_battle_text_lost_final_VietNam from package 00037213.upk
Loading Texture2D T_battle_text_lost_fr from package 00037213.upk
Loading Texture2D T_battle_text_lost_jpn from package 00037213.upk
Loading Texture2D T_battle_text_lost_pt from package 00037213.upk
Loading Texture2D T_battle_text_lost_russia from package 00037213.upk
Loading Texture2D T_battle_text_lost_taiwan from package 00037213.upk
Loading Texture2D T_battle_text_lost_Thailand from package 00037213.upk
Loading Texture2D T_battle_text_lost_VietNam from package 00037213.upk
Loading Texture2D T_battle_text_start_china from package 00037213.upk
Loading Texture2D T_Mask_02 from package 00037213.upk
Loading Texture2D T_battle_text_start_de from package 00037213.upk
Loading Texture2D T_battle_text_start_eng from package 00037213.upk
Loading Texture2D T_battle_text_start_fr from package 00037213.upk
Loading Texture2D T_battle_text_start_jpn from package 00037213.upk
Loading Texture2D T_battle_text_start_pt from package 00037213.upk
Loading Texture2D T_battle_text_start_russia from package 00037213.upk
Loading Texture2D T_battle_text_start_taiwan from package 00037213.upk
Loading Texture2D T_battle_text_start_Thailand from package 00037213.upk
Loading Texture2D T_battle_text_start_VietNam from package 00037213.upk
Loading Texture2D T_battle_text_win_eng from package 00037213.upk
Loading Texture2D T_battle_text_win_china from package 00037213.upk
Loading Texture2D T_battle_text_win_de from package 00037213.upk
Loading Texture2D T_battle_text_win_eng_west from package 00037213.upk
Loading Texture2D T_battle_text_win_fina_china from package 00037213.upk
Loading Texture2D T_battle_text_win_final_de from package 00037213.upk
Loading Texture2D T_battle_text_win_final_eng from package 00037213.upk
Loading Texture2D T_battle_text_win_final_fr from package 00037213.upk
Loading Texture2D T_battle_text_win_final_jpn from package 00037213.upk
Loading Texture2D T_battle_text_win_final_pt from package 00037213.upk
Loading Texture2D T_battle_text_win_final_russia from package 00037213.upk
Loading Texture2D T_battle_text_win_fina_taiwan from package 00037213.upk
Loading Texture2D T_battle_text_win_final_Thailand from package 00037213.upk
Loading Texture2D T_battle_text_win_final_VietNam from package 00037213.upk
Loading Texture2D T_battle_text_win_fr from package 00037213.upk
Loading Texture2D T_battle_text_win_jpn from package 00037213.upk
Loading Texture2D T_battle_text_win_pt from package 00037213.upk
Loading Texture2D T_battle_text_win_russia from package 00037213.upk
Loading Texture2D T_battle_text_win_taiwan from package 00037213.upk
Loading Texture2D T_battle_text_win_Thailand from package 00037213.upk
Loading Texture2D T_battle_text_win_VietNam from package 00037213.upk
Loading Texture2D T_faction_stage_result_txt_hon1_taiwan from package 00037213.upk
Loading Texture2D T_faction_stage_result_txt_hon1_de from package 00037213.upk
Loading Texture2D T_faction_stage_result_txt_hon1_eng from package 00037213.upk
Loading Texture2D T_faction_stage_result_txt_hon1_fr from package 00037213.upk
Loading Texture2D T_faction_stage_result_txt_hon1_jpn from package 00037213.upk
Loading Texture2D T_faction_stage_result_txt_hon1_pt from package 00037213.upk
Loading Texture2D T_faction_stage_result_txt_hon1_russia from package 00037213.upk
Loading Texture2D T_faction_stage_result_txt_hon1_Thailand from package 00037213.upk
Loading Texture2D T_faction_stage_result_txt_hon1_VietNam from package 00037213.upk
Loading Texture2D T_faction_stage_result_txt_hon2_taiwan from package 00037213.upk
Loading Texture2D T_faction_stage_result_txt_hon2_de from package 00037213.upk
Loading Texture2D T_faction_stage_result_txt_hon2_fr from package 00037213.upk
Loading Texture2D T_faction_stage_result_txt_hon2_jpn from package 00037213.upk
Loading Texture2D T_faction_stage_result_txt_hon2_pt from package 00037213.upk
Loading Texture2D T_faction_stage_result_txt_hon2_russia from package 00037213.upk
Loading Texture2D T_faction_stage_result_txt_hon2_Thailand from package 00037213.upk
Loading Texture2D T_faction_stage_result_txt_hon2_VietNam from package 00037213.upk
Loading Texture2D T_faction_stage_result_txt_mu1_taiwan from package 00037213.upk
Loading Texture2D T_faction_stage_result_txt_mu1_de from package 00037213.upk
Loading Texture2D T_faction_stage_result_txt_mu1_eng from package 00037213.upk
Loading Texture2D T_faction_stage_result_txt_mu1_fr from package 00037213.upk
Loading Texture2D T_faction_stage_result_txt_mu1_jpn from package 00037213.upk
Loading Texture2D T_faction_stage_result_txt_mu1_pt from package 00037213.upk
Loading Texture2D T_faction_stage_result_txt_mu1_russia from package 00037213.upk
Loading Texture2D T_faction_stage_result_txt_mu1_Thailand from package 00037213.upk
Loading Texture2D T_faction_stage_result_txt_mu1_VietNam from package 00037213.upk
Loading Texture2D T_faction_stage_result_txt_mu2_taiwan from package 00037213.upk
Loading Texture2D T_faction_stage_result_txt_mu2_de from package 00037213.upk
Loading Texture2D T_faction_stage_result_txt_mu2_fr from package 00037213.upk
Loading Texture2D T_faction_stage_result_txt_mu2_jpn from package 00037213.upk
Loading Texture2D T_faction_stage_result_txt_mu2_pt from package 00037213.upk
Loading Texture2D T_faction_stage_result_txt_mu2_russia from package 00037213.upk
Loading Texture2D T_faction_stage_result_txt_mu2_Thailand from package 00037213.upk
Loading Texture2D T_faction_stage_result_txt_mu2_VietNam from package 00037213.upk
Loading Texture2D T_text_bam01 from package 00037213.upk
Loading Texture2D T_text_bam01_bg from package 00037213.upk
Loading Texture2D T_text_new_blood01 from package 00037213.upk
Loading Texture2D T_text_new_blood01_bg from package 00037213.upk
Loading Texture2D T_text_new_blood01_ss from package 00037213.upk
Loading Texture2D T_text_new_destroy01 from package 00037213.upk
Loading Texture2D T_text_new_destroy01_bg from package 00037213.upk
Loading Texture2D T_text_new_destroy01_ss from package 00037213.upk
Loading Texture2D T_text_new_frost_diffusion_soul_fire_tex from package 00037213.upk
Loading Texture2D T_text_new_frost_diffusion_soul_fire from package 00037213.upk
Loading Texture2D T_text_new_frost_diffusion_soul_fire_02 from package 00037213.upk
Loading Texture2D T_text_new_fire01 from package 00037213.upk
Loading Texture2D T_text_new_fire01_bg from package 00037213.upk
Loading Texture2D T_text_new_fire01_ss from package 00037213.upk
Loading Texture2D T_text_new_tombstone_bg from package 00037213.upk
Loading Texture2D T_text_MachSlash_Tex from package 00037213.upk
Loading Texture2D T_text_MachSlash_bg from package 00037213.upk
Loading Texture2D T_text_new_nuke_bg from package 00037213.upk
Loading Texture2D T_text_new_thunder01 from package 00037213.upk
Loading Texture2D T_text_new_thunder01_bg from package 00037213.upk
Loading Texture2D T_text_new_thunder01_ss from package 00037213.upk
Loading Texture2D T_text_new_thunder02 from package 00037213.upk
Loading Texture2D T_text_new_thunder02_bg from package 00037213.upk
Loading Texture2D T_text_new_thunder02_ss from package 00037213.upk
Loading Texture2D T_text_new_thunder03 from package 00037213.upk
Loading Texture2D T_text_new_thunder03_bg from package 00037213.upk
Loading Texture2D T_text_new_thunder03_ss from package 00037213.upk
Loading Texture2D T_text_new_tombstone_tex from package 00037213.upk
Loading Texture2D T_text_new_lightning_slash_wind_tex from package 00037213.upk
Loading Texture2D T_text_new_lightning_slash_wind from package 00037213.upk
Loading Texture2D Mm from package 00012963.upk
Loading Texture2D T_battle_text_result_score from package 00037213.upk
Loading Material3 M_check_malpan_Number4 from package 00011426.upk
Loading Texture2D T_battle_text_result_score_china from package 00037213.upk
Loading Texture2D T_battle_text_1_New_de from package 00037213.upk
Loading Texture2D T_battle_text_result_score_eng from package 00037213.upk
Loading Texture2D T_battle_text_1_fr from package 00037213.upk
Loading Texture2D T_battle_text_result_score_jpn from package 00037213.upk
Loading Texture2D T_battle_text_1_KR from package 00037213.upk
Loading Texture2D T_battle_text_1_pt from package 00037213.upk
Loading Texture2D T_battle_text_1_russia from package 00037213.upk
Loading Texture2D T_battle_text_result_score_taiwan from package 00037213.upk
Loading Texture2D T_battle_text_1_Thailand from package 00037213.upk
Loading Texture2D T_battle_text_1_VietNam from package 00037213.upk
Loading Texture2D T_text_new_shooter01 from package 00037213.upk
Loading Material3 M_TrophySlide from package 00027869.upk
Loading Texture2D T_text_new_shooter01_china from package 00037213.upk
Loading Texture2D T_text_new_shooter01_de from package 00037213.upk
Loading Texture2D T_text_new_shooter01_eng from package 00037213.upk
Loading Texture2D T_text_new_shooter01_fr from package 00037213.upk
Loading Texture2D T_text_new_shooter01_jpn from package 00037213.upk
Loading Texture2D T_text_new_shooter01_pt from package 00037213.upk
Loading Texture2D T_text_new_shooter01_russia from package 00037213.upk
Loading Texture2D T_text_new_shooter01_taiwan from package 00037213.upk
Loading Texture2D T_text_new_shooter01_Thailand from package 00037213.upk
Loading Texture2D T_text_new_shooter01_VietNam from package 00037213.upk
Loading Texture2D T_text_new_blood01_china from package 00037213.upk
Loading Texture2D T_text_new_blood01_de from package 00037213.upk
Loading Texture2D T_text_new_blood01_eng from package 00037213.upk
Loading Texture2D T_text_new_blood01_fr from package 00037213.upk
Loading Texture2D T_text_new_blood01_jpn from package 00037213.upk
Loading Texture2D T_text_new_blood01_pt from package 00037213.upk
Loading Texture2D T_text_new_blood01_russia from package 00037213.upk
Loading Texture2D T_text_new_blood01_taiwan from package 00037213.upk
Loading Texture2D T_text_new_blood01_Thailand from package 00037213.upk
Loading Texture2D T_text_new_blood01_VietNam from package 00037213.upk
Loading Texture2D T_text_new_destroy01_china from package 00037213.upk
Loading Texture2D T_text_new_destroy01_de from package 00037213.upk
Loading Texture2D T_text_new_destroy01_eng from package 00037213.upk
Loading Texture2D T_text_new_destroy01_fr from package 00037213.upk
Loading Texture2D T_text_new_destroy01_jpn from package 00037213.upk
Loading Texture2D T_text_new_destroy01_pt from package 00037213.upk
Loading Texture2D T_text_new_destroy01_russia from package 00037213.upk
Loading Texture2D T_text_new_destroy01_taiwan from package 00037213.upk
Loading Texture2D T_text_new_destroy01_Thailand from package 00037213.upk
Loading Texture2D T_text_new_destroy01_VietNam from package 00037213.upk
Loading Texture2D T_text_new_frost_diffusion_soul_fire_BP from package 00037213.upk
Loading Texture2D T_text_new_frost_diffusion_soul_fire_DE from package 00037213.upk
Loading Texture2D T_text_new_frost_diffusion_soul_fire_Eng from package 00037213.upk
Loading Texture2D T_text_new_frost_diffusion_soul_fire_FR from package 00037213.upk
Loading Texture2D T_text_new_frost_diffusion_soul_fire_russia from package 00037213.upk
Loading Texture2D T_text_new_DragonSmash_ice_TEX from package 00037213.upk
Loading Material3 M_TextureChange from package 00027869.upk
Loading package: 00002620.upk Ver: 573/1 Engine: 4205 Names: 576 Exports: 7687 Imports: 96 Game: 801A
Loading Texture2D T_text_new_DragonSmash_ice_BP from package 00037213.upk
Loading Texture2D T_text_new_DragonSmash_ice_DE from package 00037213.upk
Loading Texture2D T_text_new_DragonSmash_ice_Eng from package 00037213.upk
Loading Texture2D T_text_new_DragonSmash_ice_FR from package 00037213.upk
Loading Texture2D T_text_new_DragonSmash_ice_russia from package 00037213.upk
Loading Texture2D T_text_new_DragonSmash_ice from package 00037213.upk
Loading Texture2D T_text_new_fire01_china from package 00037213.upk
Loading Texture2D T_text_new_fire01_de from package 00037213.upk
Loading Texture2D T_text_new_fire01_eng from package 00037213.upk
Loading Texture2D T_text_new_fire01_fr from package 00037213.upk
Loading Texture2D T_text_new_fire01_jpn from package 00037213.upk
Loading Texture2D T_text_new_fire01_pt from package 00037213.upk
Loading Texture2D T_text_new_fire01_russia from package 00037213.upk
Loading Texture2D T_text_new_fire01_taiwan from package 00037213.upk
Loading Texture2D T_text_new_fire01_Thailand from package 00037213.upk
Loading Texture2D T_text_new_fire01_VietNam from package 00037213.upk
Loading Texture2D T_text_new_mach_slash_fire_BP from package 00037213.upk
Loading Texture2D T_text_new_mach_slash_fire_DE from package 00037213.upk
Loading Texture2D T_text_new_mach_slash_fire_Eng from package 00037213.upk
Loading Texture2D T_text_new_mach_slash_fire_FR from package 00037213.upk
Loading Texture2D T_text_new_mach_slash_fire_russia from package 00037213.upk
Loading Texture2D T_text_new_nuke_china from package 00037213.upk
Loading Texture2D T_text_new_nuke_de from package 00037213.upk
Loading Texture2D T_text_new_nuke_eng from package 00037213.upk
Loading Texture2D T_text_new_nuke_fr from package 00037213.upk
Loading Texture2D T_text_new_nuke from package 00037213.upk
Loading Texture2D T_text_new_nuke_jpn from package 00037213.upk
Loading Texture2D T_text_new_nuke_pt from package 00037213.upk
Loading Texture2D T_text_new_nuke_russia from package 00037213.upk
Loading Texture2D T_text_new_nuke_taiwan from package 00037213.upk
Loading Texture2D T_text_new_nuke_Thailand from package 00037213.upk
Loading Texture2D T_text_new_nuke_VietNam from package 00037213.upk
Loading Texture2D T_text_new_shooter01_bg1 from package 00037213.upk
Loading Texture2D T_text_new_shooter01_bg2 from package 00037213.upk
Loading Texture2D T_text_new_soulfighter01 from package 00037213.upk
Loading Texture2D T_text_new_soulfighter01_bg from package 00037213.upk
Loading Texture2D T_text_new_soulfighter01_bg1 from package 00037213.upk
Loading Texture2D T_text_new_soulfighter01_china from package 00037213.upk
Loading Texture2D T_text_new_soulfighter01_DE from package 00037213.upk
Loading Texture2D T_text_new_DragonSmash_earth_TEX from package 00037213.upk
Loading Texture2D T_text_new_DragonSmash_earth_BP from package 00037213.upk
Loading Texture2D T_text_new_DragonSmash_earth_DE from package 00037213.upk
Loading Texture2D T_text_new_DragonSmash_earth_Eng from package 00037213.upk
Loading Texture2D T_text_new_DragonSmash_earth_FR from package 00037213.upk
Loading Texture2D T_text_new_DragonSmash_earth_russia from package 00037213.upk
Loading Texture2D T_text_new_soulfighter01_eng from package 00037213.upk
Loading Texture2D T_text_new_soulfighter01_FR from package 00037213.upk
Loading Texture2D T_text_new_soulfighter01_japan from package 00037213.upk
Loading Texture2D T_text_new_soulfighter01_pt from package 00037213.upk
Loading Texture2D T_text_new_soulfighter01_russia from package 00037213.upk
Loading Texture2D T_text_new_soulfighter01_taiwan from package 00037213.upk
Loading Texture2D T_text_new_soulfighter01_Thailand from package 00037213.upk
Loading Texture2D T_text_new_soulfighter01_VietNam from package 00037213.upk
Loading Texture2D T_text_new_soulfighter02 from package 00037213.upk
Loading Texture2D T_text_new_soulfighter02_bg1 from package 00037213.upk
Loading Texture2D T_text_new_soulfighter02_china from package 00037213.upk
Loading Texture2D T_text_new_soulfighter02_DE from package 00037213.upk
Loading Texture2D T_text_new_soulfighter02_eng from package 00037213.upk
Loading Texture2D T_text_new_soulfighter02_FR from package 00037213.upk
Loading Texture2D T_text_new_soulfighter02_japan from package 00037213.upk
Loading Texture2D T_text_new_soulfighter02_pt from package 00037213.upk
Loading Texture2D T_text_new_soulfighter02_russia from package 00037213.upk
Loading Texture2D T_text_new_soulfighter02_taiwan from package 00037213.upk
Loading Texture2D T_text_new_soulfighter02_Thailand from package 00037213.upk
Loading Texture2D T_text_new_soulfighter02_VietNam from package 00037213.upk
Loading Texture2D T_text_new_DragonSmash_earth from package 00037213.upk
Loading Texture2D T_text_new_DragonSmash_earth_02 from package 00037213.upk
Loading Texture2D T_text_new_thunder01_china from package 00037213.upk
Loading Texture2D T_text_new_thunder01_de from package 00037213.upk
Loading Texture2D T_text_new_thunder01_eng from package 00037213.upk
Loading Texture2D T_text_new_thunder01_fr from package 00037213.upk
Loading Texture2D T_text_new_thunder01_jpn from package 00037213.upk
Loading Texture2D T_text_new_thunder01_pt from package 00037213.upk
Loading Texture2D T_text_new_thunder01_russia from package 00037213.upk
Loading Texture2D T_text_new_thunder01_taiwan from package 00037213.upk
Loading Texture2D T_text_new_thunder01_Thailand from package 00037213.upk
Loading Texture2D T_text_new_thunder01_VietNam from package 00037213.upk
Loading Texture2D T_text_new_thunder02_china from package 00037213.upk
Loading Texture2D T_text_new_thunder02_de from package 00037213.upk
Loading Texture2D T_text_new_thunder02_eng from package 00037213.upk
Loading Texture2D T_text_new_thunder02_fr from package 00037213.upk
Loading Texture2D T_text_new_thunder02_jpn from package 00037213.upk
Loading Texture2D T_text_new_thunder02_pt from package 00037213.upk
Loading Texture2D T_text_new_thunder02_russia from package 00037213.upk
Loading Texture2D T_text_new_thunder02_taiwan from package 00037213.upk
Loading Texture2D T_text_new_thunder02_Thailand from package 00037213.upk
Loading Texture2D T_text_new_thunder02_VietNam from package 00037213.upk
Loading Texture2D T_text_new_thunder03_china from package 00037213.upk
Loading Texture2D T_text_new_thunder03_de from package 00037213.upk
Loading Texture2D T_text_new_thunder03_eng from package 00037213.upk
Loading Texture2D T_text_new_thunder03_fr from package 00037213.upk
Loading Texture2D T_text_new_thunder03_jpn from package 00037213.upk
Loading Texture2D T_text_new_thunder03_pt from package 00037213.upk
Loading Texture2D T_text_new_thunder03_russia from package 00037213.upk
Loading Texture2D T_text_new_thunder03_taiwan from package 00037213.upk
Loading Texture2D T_text_new_thunder03_Thailand from package 00037213.upk
Loading Texture2D T_text_new_thunder03_VietNam from package 00037213.upk
Loading Texture2D T_text_new_TombStone_BP from package 00037213.upk
Loading Texture2D T_text_new_TombStone_china from package 00037213.upk
Loading Texture2D T_text_new_TombStone_de from package 00037213.upk
Loading Texture2D T_text_new_TombStone_eng from package 00037213.upk
Loading Texture2D T_text_new_TombStone_fr from package 00037213.upk
Loading Texture2D T_text_new_TombStone_jpn from package 00037213.upk
Loading Texture2D T_text_new_TombStone_russia from package 00037213.upk
Loading Texture2D T_text_new_TombStone_taiwan from package 00037213.upk
Loading Texture2D T_text_new_TombStone_Thailand from package 00037213.upk
Loading Texture2D T_text_new_TombStone_VietNam from package 00037213.upk
Loading Texture2D T_text_new_lightning_slash_wind_BP from package 00037213.upk
Loading Texture2D T_text_new_lightning_slash_wind_DE from package 00037213.upk
Loading Texture2D T_text_new_lightning_slash_wind_Eng from package 00037213.upk
Loading Texture2D T_text_new_lightning_slash_wind_FR from package 00037213.upk
Loading Texture2D T_text_new_lightning_slash_wind_russia from package 00037213.upk
Loading Material3 001_Mesh_Default_MatM_duel from package 00011426.upk
WARNING: BoolProperty "UMaterial3::bAcceptRenderDecal" was not found
Loading package: 00023713.upk Ver: 573/1 Engine: 4205 Names: 101 Exports: 81 Imports: 4 Game: 801A
Loading Material3 001_Mesh_Default_MatM from package 00012892.upk
WARNING: BoolProperty "UMaterial3::bAcceptRenderDecal" was not found
Loading Texture2D T_dolimpan_Number1_ara from package 00037213.upk
Loading Texture2D Tex_highlight_Gradient_004_ from package 00037213.upk
Loading Texture2D T_Trophy from package 00037213.upk
Loading Texture2D check from package 00002620.upk
Loading Texture2D Cube000_Tex from package 00023713.upk
Error: Command failed: umodel.exe -dump -path="D:/Program Files (x86)/NCSOFT/BnS/contents/bns/CookedPC" -game=bns 00029865
******** 00029865 ********
*** unknown member ACF_ZOnlyRLE of enum AnimationCompressionFormat
*** ERROR: Unknown rotation compression method: 255
UAnimSet::ConvertAnims <- PostLoad:Bam_Animset_duel <- UObject::EndLoad <- LoadWholePackage:00029865 <- Main


    at ChildProcess.exithandler (child_process.js:289:12)
    at ChildProcess.emit (events.js:182:13)
    at maybeClose (internal/child_process.js:962:16)
    at Process.ChildProcess._handle.onexit (internal/child_process.js:251:5)