Found 32768 game files (1222 skipped)
Loading package: 00023013.upk Ver: 573/1 Engine: 4205 Names: 289 Exports: 440 Imports: 59 Game: 801A
Loading Texture2D Game_ContentsGuideScene_Preview from package 00023013.upk
Loading Texture2D Game_DungeonGuideScene_Preview from package 00023013.upk
Loaded in 0.002 sec, 317 allocs, 0.06 MBytes serialized in 9349 calls.

Object info:
============
ClassName: Texture2D ObjectName: Game_ContentsGuideScene_Preview

    SizeX = 256
    SizeY = 256
    Format = PF_DXT1 (5)
    AddressX = TA_Wrap (0)
    AddressY = TA_Wrap (0)
    TextureFileCacheName = None
    MipTailBaseIdx = 0
    bForcePVRTC4 = false
    UnpackMin[4] = { 0, 0, 0, 0 }
    UnpackMax[4] = { 1, 1, 1, 1 }

Object info:
============
ClassName: Texture2D ObjectName: Game_DungeonGuideScene_Preview

    SizeX = 256
    SizeY = 256
    Format = PF_DXT1 (5)
    AddressX = TA_Wrap (0)
    AddressY = TA_Wrap (0)
    TextureFileCacheName = None
    MipTailBaseIdx = 0
    bForcePVRTC4 = false
    UnpackMin[4] = { 0, 0, 0, 0 }
    UnpackMax[4] = { 1, 1, 1, 1 }
