Found 32768 game files (1222 skipped)
Loading package: 00028245.upk Ver: 573/1 Engine: 4205 Names: 305 Exports: 416 Imports: 105 Game: 801A
Loading MaterialInstanceConstant T3_1_axe01 from package 00028245.upk
Loading package: 00022949.upk Ver: 573/1 Engine: 4205 Names: 32 Exports: 4 Imports: 2 Game: 801A
Loading package: 00028250.upk Ver: 573/1 Engine: 4205 Names: 414 Exports: 696 Imports: 153 Game: 801A
Loading MaterialInstanceConstant T3_1_axe02 from package 00028245.upk
Loading SkeletalMesh3 110095_Autoscale from package 00028245.upk
WARNING: ObjectProperty "USkeletalMesh3::MeshFactorSet" was not found
WARNING: ObjectProperty "USkeletalMesh3::PhysMaterialOverride" was not found
WARNING: ByteProperty "USkeletalMesh3::ItemPreviewLocType" was not found
Loading package: 00028244.upk Ver: 573/1 Engine: 4205 Names: 89 Exports: 1 Imports: 19 Game: 801A
Loading SkeletalMeshSocket SkeletalMeshSocket_121 from package 00028245.upk
WARNING: ObjectProperty "USkeletalMeshSocket::DependencyParticleSystem" was not found
Loading SkeletalMeshSocket SkeletalMeshSocket_125 from package 00028245.upk
WARNING: ObjectProperty "USkeletalMeshSocket::DependencyParticleSystem" was not found
Loading SkeletalMeshSocket SkeletalMeshSocket_129 from package 00028245.upk
WARNING: ObjectProperty "USkeletalMeshSocket::DependencyParticleSystem" was not found
Loading StaticMesh3 T3_1_axe_mesh01 from package 00028245.upk
Loading package: 00012892.upk Ver: 573/1 Engine: 4205 Names: 1018 Exports: 5834 Imports: 361 Game: 801A
Loading StaticMesh3 T3_1_axe_mesh02 from package 00028245.upk
Loading StaticMesh3 T3_1_axe_mesh03 from package 00028245.upk
Loading Texture2D 110070_Autoscale_col1_D from package 00022949.upk
Loading Material3 legend_weapon from package 00028250.upk
Loading package: 00012963.upk Ver: 573/1 Engine: 4205 Names: 1349 Exports: 1323 Imports: 10 Game: 801A
Loading package: 00002620.upk Ver: 573/1 Engine: 4205 Names: 576 Exports: 7687 Imports: 96 Game: 801A
Loading Material3 legend_weapon01 from package 00028250.upk
Loading MaterialInstanceConstant col1 from package 00028244.upk
Loading package: 00002640.upk Ver: 573/1 Engine: 4205 Names: 291 Exports: 507 Imports: 3 Game: 801A
Loading Material3 001_Mesh_Default_MatM from package 00012892.upk
WARNING: BoolProperty "UMaterial3::bAcceptRenderDecal" was not found
Loading package: 00023713.upk Ver: 573/1 Engine: 4205 Names: 101 Exports: 81 Imports: 4 Game: 801A
Loading Texture2D Noise_005 from package 00012963.upk
Loading Texture2D Noise_006 from package 00012963.upk
Loading Texture2D Noise_Wave_000 from package 00012963.upk
Loading Texture2D Unique_Stone_001 from package 00012963.upk
Loading Texture2D check from package 00002620.upk
Loading Texture2D 110070_Autoscale_col1_N from package 00022949.upk
Loading Texture2D 110070_Autoscale_col1_M from package 00022949.upk
Loading Texture2D 110070_Autoscale_col1_S from package 00022949.upk
Loading TextureCube lenscube from package 00002640.upk
Loading Material3 Basic from package 00002620.upk
Loading Texture2D Cube000_Tex from package 00023713.upk
Loading Texture2D CubemapFace0 from package 00002640.upk
Loading Texture2D CubemapFace1 from package 00002640.upk
Loading Texture2D CubemapFace2 from package 00002640.upk
Loading Texture2D CubemapFace3 from package 00002640.upk
Loading Texture2D CubemapFace4 from package 00002640.upk
Loading Texture2D CubemapFace5 from package 00002640.upk
Loading Texture2D check_n from package 00002620.upk
Loading Texture2D Smoke_Pattern_001 from package 00012963.upk
Loading Texture2D Gradient_Line_003 from package 00012963.upk
Loading Texture2D Gradient_Wipe_BurnOut_Mask_TEST from package 00012963.upk
Loading Texture2D Gradient_Wipe_BurnOut_Mask from package 00012963.upk
Loaded in 0.2 sec, 4906 allocs, 2.57 MBytes serialized in 520353 calls.

Object info:
============
ClassName: MaterialInstanceConstant ObjectName: T3_1_axe01

    ScalarParameterValues[0] = {}
    TextureParameterValues[1] =
    {
        TextureParameterValues[0] = { ParameterName=Diffuse, ParameterValue=Texture2D'110070_Autoscale_col1_D' }
    }
    VectorParameterValues[1] =
    {
        VectorParameterValues[0] =
        {
            ParameterName = dissolve_line_color
            ParameterValue = { R=1, G=1, B=1, A=1 }
        }
    }
    Parent = Material3'legend_weapon'
    FlattenedTexture = None
    MobileBaseTexture = None
    MobileNormalTexture = None
    bUseMobileSpecular = false
    MobileSpecularPower = 16
    MobileSpecularMask = MSM_Constant (0)
    MobileMaskTexture = None

Object info:
============
ClassName: MaterialInstanceConstant ObjectName: T3_1_axe02

    ScalarParameterValues[0] = {}
    TextureParameterValues[1] =
    {
        TextureParameterValues[0] = { ParameterName=Diffuse, ParameterValue=Texture2D'110070_Autoscale_col1_D' }
    }
    VectorParameterValues[1] =
    {
        VectorParameterValues[0] =
        {
            ParameterName = dissolve_line_color
            ParameterValue = { R=1, G=1, B=1, A=1 }
        }
    }
    Parent = Material3'legend_weapon01'
    FlattenedTexture = None
    MobileBaseTexture = None
    MobileNormalTexture = None
    bUseMobileSpecular = false
    MobileSpecularPower = 16
    MobileSpecularMask = MSM_Constant (0)
    MobileMaskTexture = None

Object info:
============
ClassName: SkeletalMesh3 ObjectName: 110095_Autoscale

    LODInfo[1] =
    {
        LODInfo[0] =
        {
            DisplayFactor = 0
            LODHysteresis = 0.02
            LODMaterialMap[0] = {}
            bEnableShadowCasting[1] = { true }
        }
    }
    Sockets[3] =
    {
        Sockets[0] = SkeletalMeshSocket'110095_Autoscale.SkeletalMeshSocket_121'
        Sockets[1] = SkeletalMeshSocket'110095_Autoscale.SkeletalMeshSocket_125'
        Sockets[2] = SkeletalMeshSocket'110095_Autoscale.SkeletalMeshSocket_129'
    }
    bHasVertexColors = false
    EnableTwistBoneFixers = true
    EnableClavicleFixer = true
    Materials[1] = { MaterialInstanceConstant'col1' }


    Lods[1] =
    {
        Lods[0] =
        {
            Sections[1] =
            {
                Sections[0] = { Material=MaterialInstanceConstant'col1', FirstIndex=0, NumFaces=1940 }
            }
            NumVerts = 1869
            IndexCount = 5820
            NumTexCoords = 1
        }
    }
    LodCount = 1
    MeshOrigin = { X=-0, Y=-0, Z=-0 }
    MeshScale = { X=1, Y=1, Z=1 }
    RotOrigin = { Yaw=0, Pitch=0, Roll=0 }
    BoneCount = 1

Object info:
============
ClassName: SkeletalMeshSocket ObjectName: SkeletalMeshSocket_121

    SocketName = weapon_fx1
    BoneName = WeaponRoot
    RelativeLocation = { X=0, Y=0, Z=0 }
    RelativeRotation = { Yaw=0, Pitch=0, Roll=0 }
    RelativeScale = { X=1, Y=1, Z=1 }

Object info:
============
ClassName: SkeletalMeshSocket ObjectName: SkeletalMeshSocket_125

    SocketName = weapon_fx2
    BoneName = WeaponRoot
    RelativeLocation = { X=0, Y=7.26509, Z=24 }
    RelativeRotation = { Yaw=0, Pitch=0, Roll=0 }
    RelativeScale = { X=1, Y=1, Z=1 }

Object info:
============
ClassName: SkeletalMeshSocket ObjectName: SkeletalMeshSocket_129

    SocketName = weapon_fx3
    BoneName = WeaponRoot
    RelativeLocation = { X=0, Y=-7.26509, Z=24 }
    RelativeRotation = { Yaw=0, Pitch=0, Roll=0 }
    RelativeScale = { X=1, Y=1, Z=1 }

Object info:
============
ClassName: StaticMesh3 ObjectName: T3_1_axe_mesh01

    BodySetup = None
    UseSimpleLineCollision = false
    UseSimpleBoxCollision = false
    UseSimpleRigidBodyCollision = false
    UseFullPrecisionUVs = false
    Bounds =
    {
        Origin = { X=0, Y=0, Z=1.5082 }
        BoxExtent = { X=25.4488, Y=9.9732, Z=44.4375 }
        SphereRadius = 44.6986
    }
    CanCompressPositions = false
    CanStripNormalsAndTangents = false
    InternalVersion = 18


    Lods[1] =
    {
        Lods[0] =
        {
            Sections[1] =
            {
                Sections[0] = { Material=Material3'001_Mesh_Default_MatM', FirstIndex=0, NumFaces=1940 }
            }
            NumVerts = 3734
            IndexCount = 5820
            NumTexCoords = 1
        }
    }
    LodCount = 1

Object info:
============
ClassName: StaticMesh3 ObjectName: T3_1_axe_mesh02

    BodySetup = None
    UseSimpleLineCollision = false
    UseSimpleBoxCollision = false
    UseSimpleRigidBodyCollision = false
    UseFullPrecisionUVs = false
    Bounds =
    {
        Origin = { X=0, Y=0, Z=1.5082 }
        BoxExtent = { X=25.4488, Y=9.9732, Z=44.4375 }
        SphereRadius = 44.6986
    }
    CanCompressPositions = false
    CanStripNormalsAndTangents = false
    InternalVersion = 18


    Lods[1] =
    {
        Lods[0] =
        {
            Sections[1] =
            {
                Sections[0] = { Material=Material3'001_Mesh_Default_MatM', FirstIndex=0, NumFaces=1940 }
            }
            NumVerts = 3734
            IndexCount = 5820
            NumTexCoords = 1
        }
    }
    LodCount = 1

Object info:
============
ClassName: StaticMesh3 ObjectName: T3_1_axe_mesh03

    BodySetup = None
    UseSimpleLineCollision = false
    UseSimpleBoxCollision = false
    UseSimpleRigidBodyCollision = false
    UseFullPrecisionUVs = false
    Bounds =
    {
        Origin = { X=0, Y=0, Z=1.5082 }
        BoxExtent = { X=17.2124, Y=9.9732, Z=44.4375 }
        SphereRadius = 44.6986
    }
    CanCompressPositions = false
    CanStripNormalsAndTangents = false
    InternalVersion = 18


    Lods[1] =
    {
        Lods[0] =
        {
            Sections[1] =
            {
                Sections[0] = { Material=Material3'001_Mesh_Default_MatM', FirstIndex=0, NumFaces=1752 }
            }
            NumVerts = 3250
            IndexCount = 5256
            NumTexCoords = 1
        }
    }
    LodCount = 1
