Found 32768 game files (1222 skipped)
Loading package: 00027247.upk Ver: 573/1 Engine: 4205 Names: 39 Exports: 7 Imports: 9 Game: 801A
Loading Texture2D 090052_JinM_col1_D from package 00027247.upk
Loading Texture2D 090052_JinM_col1_M from package 00027247.upk
Loading Texture2D 090052_JinM_col1_N from package 00027247.upk
Loading Texture2D 090052_JinM_col1_S from package 00027247.upk
Loaded in 0.064 sec, 209 allocs, 3.80 MBytes serialized in 1415 calls.

Object info:
============
ClassName: Texture2D ObjectName: 090052_JinM_col1_D

    SizeX = 1024
    SizeY = 2048
    Format = PF_DXT5 (7)
    AddressX = TA_Wrap (0)
    AddressY = TA_Wrap (0)
    TextureFileCacheName = None
    MipTailBaseIdx = 11
    bForcePVRTC4 = false
    UnpackMin[4] = { 0, 0, 0, 0 }
    UnpackMax[4] = { 1, 1, 1, 1 }

Object info:
============
ClassName: Texture2D ObjectName: 090052_JinM_col1_M

    SizeX = 1024
    SizeY = 2048
    Format = PF_DXT5 (7)
    AddressX = TA_Wrap (0)
    AddressY = TA_Wrap (0)
    TextureFileCacheName = None
    MipTailBaseIdx = 11
    bForcePVRTC4 = false
    UnpackMin[4] = { 0, 0, 0, 0 }
    UnpackMax[4] = { 1, 1, 1, 1 }

Object info:
============
ClassName: Texture2D ObjectName: 090052_JinM_col1_N

    SizeX = 1024
    SizeY = 2048
    Format = PF_DXT1 (5)
    AddressX = TA_Wrap (0)
    AddressY = TA_Wrap (0)
    TextureFileCacheName = None
    MipTailBaseIdx = 11
    bForcePVRTC4 = false
    UnpackMin[4] = { -1, -1, -1, 0 }
    UnpackMax[4] = { 1, 1, 1, 1 }

Object info:
============
ClassName: Texture2D ObjectName: 090052_JinM_col1_S

    SizeX = 1024
    SizeY = 2048
    Format = PF_DXT5 (7)
    AddressX = TA_Wrap (0)
    AddressY = TA_Wrap (0)
    TextureFileCacheName = None
    MipTailBaseIdx = 11
    bForcePVRTC4 = false
    UnpackMin[4] = { 0, 0, 0, 0 }
    UnpackMax[4] = { 1, 1, 1, 1 }
