Found 32768 game files (1222 skipped)
Loading package: 00029449.upk Ver: 573/1 Engine: 4205 Names: 88 Exports: 15 Imports: 11 Game: 801A
Loading SkeletalMesh3 990179_Autoscale from package 00029449.upk
Loading package: 00029448.upk Ver: 573/1 Engine: 4205 Names: 174 Exports: 157 Imports: 46 Game: 801A
Loading SkeletalMeshSocket SkeletalMeshSocket_468 from package 00029449.upk
Loading SkeletalMeshSocket SkeletalMeshSocket_469 from package 00029449.upk
Loading MaterialInstanceConstant col1 from package 00029448.upk
Loading package: 00029447.upk Ver: 573/1 Engine: 4205 Names: 35 Exports: 5 Imports: 2 Game: 801A
Loading package: 00002640.upk Ver: 573/1 Engine: 4205 Names: 291 Exports: 507 Imports: 3 Game: 801A
Loading package: 00002620.upk Ver: 573/1 Engine: 4205 Names: 576 Exports: 7687 Imports: 96 Game: 801A
Loading Texture2D Weapon_990179_col1_N from package 00029447.upk
Loading Texture2D Weapon_990179_col1_M from package 00029447.upk
Loading Texture2D Weapon_990179_col1_D from package 00029447.upk
Loading Texture2D Weapon_990179_col1_S from package 00029447.upk
Loading TextureCube lenscube_a from package 00002640.upk
Loading Texture2D check from package 00002620.upk
Loading Texture2D FX_mask02 from package 00029447.upk
Loading Material3 Basic_FX from package 00029448.upk
Loading package: 00012963.upk Ver: 573/1 Engine: 4205 Names: 1349 Exports: 1323 Imports: 10 Game: 801A
Loading Texture2D CubemapFace0 from package 00002640.upk
Loading Texture2D CubemapFace1 from package 00002640.upk
Loading Texture2D CubemapFace2 from package 00002640.upk
Loading Texture2D CubemapFace3 from package 00002640.upk
Loading Texture2D CubemapFace4 from package 00002640.upk
Loading Texture2D CubemapFace5 from package 00002640.upk
Loading Texture2D check_n from package 00002620.upk
Loading Texture2D Smoke_Pattern_001 from package 00012963.upk
Loading Texture2D Gradient_Line_003 from package 00012963.upk
Loading Texture2D Gradient_Wipe_BurnOut_Mask_TEST from package 00012963.upk
Loading Texture2D Gradient_Wipe_BurnOut_Mask from package 00012963.upk
Loaded in 0.15 sec, 3064 allocs, 1.31 MBytes serialized in 238015 calls.

Object info:
============
ClassName: SkeletalMesh3 ObjectName: 990179_Autoscale

    LODInfo[1] =
    {
        LODInfo[0] =
        {
            DisplayFactor = 0
            LODHysteresis = 0.02
            LODMaterialMap[0] = {}
            bEnableShadowCasting[1] = { true }
        }
    }
    Sockets[2] =
    {
        Sockets[0] = SkeletalMeshSocket'990179_Autoscale.SkeletalMeshSocket_468'
        Sockets[1] = SkeletalMeshSocket'990179_Autoscale.SkeletalMeshSocket_469'
    }
    bHasVertexColors = false
    EnableTwistBoneFixers = true
    EnableClavicleFixer = true
    Materials[1] = { MaterialInstanceConstant'col1' }


    Lods[1] =
    {
        Lods[0] =
        {
            Sections[1] =
            {
                Sections[0] = { Material=MaterialInstanceConstant'col1', FirstIndex=0, NumFaces=2189 }
            }
            NumVerts = 1523
            IndexCount = 6567
            NumTexCoords = 1
        }
    }
    LodCount = 1
    MeshOrigin = { X=-0, Y=-0, Z=-0 }
    MeshScale = { X=1, Y=1, Z=1 }
    RotOrigin = { Yaw=0, Pitch=0, Roll=0 }
    BoneCount = 3

Object info:
============
ClassName: SkeletalMeshSocket ObjectName: SkeletalMeshSocket_468

    SocketName = trail_start
    BoneName = WeaponRoot
    RelativeLocation = { X=0, Y=0, Z=85 }
    RelativeRotation = { Yaw=0, Pitch=0, Roll=0 }
    RelativeScale = { X=1, Y=1, Z=1 }

Object info:
============
ClassName: SkeletalMeshSocket ObjectName: SkeletalMeshSocket_469

    SocketName = trail_end
    BoneName = WeaponRoot
    RelativeLocation = { X=0, Y=0, Z=119 }
    RelativeRotation = { Yaw=0, Pitch=0, Roll=0 }
    RelativeScale = { X=1, Y=1, Z=1 }
