Found 32768 game files (1766 skipped)
Loading package: 00026936.upk Ver: 573/1 Engine: 4205 Names: 111 Exports: 12 Imports: 20 Game: 801A
Loading SkeletalMesh3 070102_Autoscale from package 00026936.upk
WARNING: ObjectProperty "USkeletalMesh3::MeshFactorSet" was not found
WARNING: ObjectProperty "USkeletalMesh3::PhysMaterialOverride" was not found
WARNING: ByteProperty "USkeletalMesh3::ItemPreviewLocType" was not found
Loading package: 00026938.upk Ver: 573/1 Engine: 4205 Names: 176 Exports: 156 Imports: 48 Game: 801A
Loading SkeletalMeshSocket SkeletalMeshSocket_103 from package 00026936.upk
Loading SkeletalMeshSocket SkeletalMeshSocket_111 from package 00026936.upk
Loading MaterialInstanceConstant col1 from package 00026938.upk
Loading package: 00026937.upk Ver: 573/1 Engine: 4205 Names: 45 Exports: 13 Imports: 4 Game: 801A
Loading package: 00002640.upk Ver: 573/1 Engine: 4205 Names: 291 Exports: 507 Imports: 3 Game: 801A
Loading Texture2D 070102_Autoscale_col1_N from package 00026937.upk
Loading Texture2D 070102_Autoscale_col1_M from package 00026937.upk
Loading Texture2D 070102_Autoscale_col1_D from package 00026937.upk
Loading Texture2D 070102_Autoscale_col1_S from package 00026937.upk
Loading TextureCube lenscube from package 00002640.upk
Loading Texture2D 070102_Autoscale_col1_FX from package 00026937.upk
Loading Material3 Basic_Fx_Weapon from package 00026938.upk
Loading package: 00002620.upk Ver: 573/1 Engine: 4205 Names: 576 Exports: 7687 Imports: 96 Game: 801A
Loading package: 00012963.upk Ver: 573/1 Engine: 4205 Names: 1386 Exports: 1362 Imports: 10 Game: 801A
Loading Texture2D CubemapFace0 from package 00002640.upk
Loading Texture2D CubemapFace1 from package 00002640.upk
Loading Texture2D CubemapFace2 from package 00002640.upk
Loading Texture2D CubemapFace3 from package 00002640.upk
Loading Texture2D CubemapFace4 from package 00002640.upk
Loading Texture2D CubemapFace5 from package 00002640.upk
Loading Texture2D check_n from package 00002620.upk
Loading Texture2D check from package 00002620.upk
Loading Texture2D Smoke_Pattern_001 from package 00012963.upk
Loading Texture2D Gradient_Line_003 from package 00012963.upk
Loading Texture2D Gradient_Wipe_BurnOut_Mask_TEST from package 00012963.upk
Loading Texture2D Gradient_Wipe_BurnOut_Mask from package 00012963.upk
Loaded in 0.13 sec, 3124 allocs, 1.21 MBytes serialized in 212356 calls.

Object info:
============
ClassName: SkeletalMesh3 ObjectName: 070102_Autoscale

    LODInfo[1] =
    {
        LODInfo[0] =
        {
            DisplayFactor = 0
            LODHysteresis = 0.02
            LODMaterialMap[0] = {}
            bEnableShadowCasting[1] = { true }
        }
    }
    Sockets[2] =
    {
        Sockets[0] = SkeletalMeshSocket'070102_Autoscale.SkeletalMeshSocket_103'
        Sockets[1] = SkeletalMeshSocket'070102_Autoscale.SkeletalMeshSocket_111'
    }
    bHasVertexColors = false
    EnableTwistBoneFixers = true
    EnableClavicleFixer = true
    Materials[1] = { MaterialInstanceConstant'col1' }


    Lods[1] =
    {
        Lods[0] =
        {
            Sections[1] =
            {
                Sections[0] = { Material=MaterialInstanceConstant'col1', FirstIndex=0, NumFaces=876 }
            }
            NumVerts = 739
            IndexCount = 2628
            NumTexCoords = 1
        }
    }
    LodCount = 1
    MeshOrigin = { X=-0, Y=-0, Z=-0 }
    MeshScale = { X=1, Y=1, Z=1 }
    RotOrigin = { Yaw=0, Pitch=0, Roll=0 }
    BoneCount = 4

Object info:
============
ClassName: SkeletalMeshSocket ObjectName: SkeletalMeshSocket_103

    SocketName = FX_Gun_Barrel_B
    BoneName = WeaponRoot
    RelativeLocation = { X=20.2929, Y=0, Z=4.5 }
    RelativeRotation = { Yaw=0, Pitch=0, Roll=0 }
    RelativeScale = { X=1, Y=1, Z=1 }

Object info:
============
ClassName: SkeletalMeshSocket ObjectName: SkeletalMeshSocket_111

    SocketName = FX_Trail
    BoneName = WeaponRoot
    RelativeLocation = { X=18.5337, Y=0, Z=5.75 }
    RelativeRotation = { Yaw=0, Pitch=0, Roll=0 }
    RelativeScale = { X=1, Y=1, Z=1 }
