Found 32768 game files (1222 skipped)
Loading package: 00022735.upk Ver: 573/1 Engine: 4205 Names: 917 Exports: 4367 Imports: 134 Game: 801A
Loading Texture2D Game_Achievement_Scene_Preview from package 00022735.upk
Loading Texture2D Game_AchievementNotify_Scene_Preview from package 00022735.upk
Loading Texture2D Game_AchievementTooltip_Scene_Preview from package 00022735.upk
Loaded in 0.01 sec, 950 allocs, 0.38 MBytes serialized in 82504 calls.

Object info:
============
ClassName: Texture2D ObjectName: Game_Achievement_Scene_Preview

    SizeX = 256
    SizeY = 256
    Format = PF_DXT1 (5)
    AddressX = TA_Wrap (0)
    AddressY = TA_Wrap (0)
    TextureFileCacheName = None
    MipTailBaseIdx = 0
    bForcePVRTC4 = false
    UnpackMin[4] = { 0, 0, 0, 0 }
    UnpackMax[4] = { 1, 1, 1, 1 }

Object info:
============
ClassName: Texture2D ObjectName: Game_AchievementNotify_Scene_Preview

    SizeX = 256
    SizeY = 256
    Format = PF_DXT1 (5)
    AddressX = TA_Wrap (0)
    AddressY = TA_Wrap (0)
    TextureFileCacheName = None
    MipTailBaseIdx = 0
    bForcePVRTC4 = false
    UnpackMin[4] = { 0, 0, 0, 0 }
    UnpackMax[4] = { 1, 1, 1, 1 }

Object info:
============
ClassName: Texture2D ObjectName: Game_AchievementTooltip_Scene_Preview

    SizeX = 256
    SizeY = 256
    Format = PF_DXT1 (5)
    AddressX = TA_Wrap (0)
    AddressY = TA_Wrap (0)
    TextureFileCacheName = None
    MipTailBaseIdx = 0
    bForcePVRTC4 = false
    UnpackMin[4] = { 0, 0, 0, 0 }
    UnpackMax[4] = { 1, 1, 1, 1 }
