Found 32768 game files (1222 skipped)
Loading package: 00021784.upk Ver: 573/1 Engine: 4205 Names: 102 Exports: 37 Imports: 12 Game: 801A
Loading SkeletalMesh3 060016_JinF from package 00021784.upk
Loading package: 00021790.upk Ver: 573/1 Engine: 4205 Names: 91 Exports: 1 Imports: 21 Game: 801A
Loading MaterialInstanceConstant col1 from package 00021790.upk
Loading package: 00021794.upk Ver: 573/1 Engine: 4205 Names: 32 Exports: 4 Imports: 2 Game: 801A
Loading package: 00002620.upk Ver: 573/1 Engine: 4205 Names: 576 Exports: 7687 Imports: 96 Game: 801A
Loading package: 00002640.upk Ver: 573/1 Engine: 4205 Names: 291 Exports: 507 Imports: 3 Game: 801A
Loading package: 00012963.upk Ver: 573/1 Engine: 4205 Names: 1349 Exports: 1323 Imports: 10 Game: 801A
Loading package: 00004347.upk Ver: 573/1 Engine: 4205 Names: 44 Exports: 16 Imports: 2 Game: 801A
Loading package: 00002912.upk Ver: 573/1 Engine: 4205 Names: 169 Exports: 141 Imports: 46 Game: 801A
Loading Texture2D 060016_col1_N from package 00021794.upk
Loading Texture2D check from package 00002620.upk
Loading Texture2D 060016_col1_D from package 00021794.upk
Loading Texture2D 060016_col1_S from package 00021794.upk
Loading TextureCube Cube_D from package 00002640.upk
Loading Texture2D 060016_col1_E from package 00021794.upk
WARNING: ByteProperty "UTexture2D::ManualLoadSwitchSettings" was not found
Loading Texture2D Smoke_Pattern_001 from package 00012963.upk
Loading Texture2D mudang_Fx_Line from package 00004347.upk
Loading Material3 Basic_GrassBeast from package 00002912.upk
Loading Texture2D CubemapFace0 from package 00002640.upk
Loading Texture2D CubemapFace1 from package 00002640.upk
Loading Texture2D CubemapFace2 from package 00002640.upk
Loading Texture2D CubemapFace3 from package 00002640.upk
Loading Texture2D CubemapFace4 from package 00002640.upk
Loading Texture2D CubemapFace5 from package 00002640.upk
Loading Texture2D check_n from package 00002620.upk
Loading Texture2D Gradient_Line_003 from package 00012963.upk
Loading Texture2D Gradient_Wipe_BurnOut_Mask_TEST from package 00012963.upk
Loading Texture2D Gradient_Wipe_BurnOut_Mask from package 00012963.upk
Loaded in 0.16 sec, 3199 allocs, 1.44 MBytes serialized in 201883 calls.

Object info:
============
ClassName: SkeletalMesh3 ObjectName: 060016_JinF

    LODInfo[1] =
    {
        LODInfo[0] =
        {
            DisplayFactor = 0
            LODHysteresis = 0.02
            LODMaterialMap[0] = {}
            bEnableShadowCasting[1] = { true }
        }
    }
    Sockets[0] = {}
    bHasVertexColors = false
    EnableTwistBoneFixers = true
    EnableClavicleFixer = true
    Materials[1] = { MaterialInstanceConstant'col1' }


    Lods[1] =
    {
        Lods[0] =
        {
            Sections[1] =
            {
                Sections[0] = { Material=MaterialInstanceConstant'col1', FirstIndex=0, NumFaces=415 }
            }
            NumVerts = 368
            IndexCount = 1245
            NumTexCoords = 1
        }
    }
    LodCount = 1
    MeshOrigin = { X=-0, Y=-0, Z=-0 }
    MeshScale = { X=1, Y=1, Z=1 }
    RotOrigin = { Yaw=0, Pitch=0, Roll=0 }
    BoneCount = 17
