Found 32768 game files (1222 skipped)
Loading package: 00025242.upk Ver: 573/1 Engine: 4205 Names: 539 Exports: 3640 Imports: 229 Game: 801A
Loading Material3 musicPaper from package 00025242.upk
Loading Material3 TX_BlueBeam from package 00025242.upk
WARNING: BoolProperty "UMaterial3::bAcceptRenderDecal" was not found
Loading package: 00012963.upk Ver: 573/1 Engine: 4205 Names: 1349 Exports: 1323 Imports: 10 Game: 801A
Loading Material3 Warlock_Bat_Trail_Trans from package 00025242.upk
Loading Material3 Warlock_Hand_Trail_Trans from package 00025242.upk
Loading Texture2D Ice_Dot from package 00025242.upk
Loading Texture2D Ice_Dot_NRM from package 00025242.upk
Loading Texture2D Noise_003 from package 00012963.upk
Loading Texture2D Gradient_Half_000 from package 00012963.upk
Loading Texture2D Gradient_Beam_005_YClamp from package 00012963.upk
Loading Texture2D Noise_Plazma_002 from package 00012963.upk
Loading Texture2D Smoke_Fractal_002 from package 00012963.upk
Loading Texture2D Smoke_Fractal_000 from package 00012963.upk
Loading Texture2D Gradient_Trail_002 from package 00012963.upk
Loading Texture2D Gradient_Color_PurpleToBlue_000 from package 00012963.upk
Loading Texture2D Gradient_Slash_001_Tex from package 00012963.upk
Loading Texture2D Glow_Trail_001 from package 00012963.upk
Loading Texture2D Noise_Crack_000 from package 00012963.upk
Loading Texture2D Aura_Blood_003 from package 00012963.upk
Loading Texture2D Sparkle_Ink_007 from package 00012963.upk
Loading Texture2D Gradient_Beam_007 from package 00012963.upk
Loading Texture2D Glow_VolumeLight_000 from package 00012963.upk
Loading Texture2D Glow_Twiri_000 from package 00012963.upk
Loading Texture2D Gradient_Beam_002 from package 00012963.upk
Loading Texture2D Gradient_Beam_001 from package 00012963.upk
Loading Texture2D Env_Fx_LightningCloud_Lightning from package 00012963.upk
Loaded in 0.18 sec, 2485 allocs, 0.74 MBytes serialized in 100481 calls.

Object info:
============
ClassName: Material3 ObjectName: musicPaper

    TwoSided = false
    bDisableDepthTest = false
    bIsMasked = false
    ReferencedTextures[0] = {}
    BlendMode = BLEND_Opaque (0)
    OpacityMaskClipValue = 0.333
    FlattenedTexture = None
    MobileBaseTexture = None
    MobileNormalTexture = None
    bUseMobileSpecular = false
    MobileSpecularPower = 16
    MobileSpecularMask = MSM_Constant (0)
    MobileMaskTexture = None

Object info:
============
ClassName: Material3 ObjectName: TX_BlueBeam

    TwoSided = true
    bDisableDepthTest = false
    bIsMasked = false
    ReferencedTextures[6] =
    {
        ReferencedTextures[0] = Texture2D'Noise_003'
        ReferencedTextures[1] = Texture2D'Gradient_Half_000'
        ReferencedTextures[2] = Texture2D'Gradient_Beam_005_YClamp'
        ReferencedTextures[3] = Texture2D'Noise_Plazma_002'
        ReferencedTextures[4] = Texture2D'Smoke_Fractal_002'
        ReferencedTextures[5] = Texture2D'Smoke_Fractal_000'
    }
    BlendMode = BLEND_Translucent (2)
    OpacityMaskClipValue = 0.333
    FlattenedTexture = None
    MobileBaseTexture = None
    MobileNormalTexture = None
    bUseMobileSpecular = false
    MobileSpecularPower = 16
    MobileSpecularMask = MSM_Constant (0)
    MobileMaskTexture = None

Object info:
============
ClassName: Material3 ObjectName: Warlock_Bat_Trail_Trans

    TwoSided = false
    bDisableDepthTest = false
    bIsMasked = false
    ReferencedTextures[6] =
    {
        ReferencedTextures[0] = Texture2D'Gradient_Trail_002'
        ReferencedTextures[1] = Texture2D'Gradient_Color_PurpleToBlue_000'
        ReferencedTextures[2] = Texture2D'Gradient_Slash_001_Tex'
        ReferencedTextures[3] = Texture2D'Smoke_Fractal_002'
        ReferencedTextures[4] = Texture2D'Glow_Trail_001'
        ReferencedTextures[5] = Texture2D'Noise_Crack_000'
    }
    BlendMode = BLEND_Translucent (2)
    OpacityMaskClipValue = 0.333
    FlattenedTexture = None
    MobileBaseTexture = None
    MobileNormalTexture = None
    bUseMobileSpecular = false
    MobileSpecularPower = 16
    MobileSpecularMask = MSM_Constant (0)
    MobileMaskTexture = None

Object info:
============
ClassName: Material3 ObjectName: Warlock_Hand_Trail_Trans

    TwoSided = false
    bDisableDepthTest = false
    bIsMasked = false
    ReferencedTextures[9] =
    {
        ReferencedTextures[0] = Texture2D'Aura_Blood_003'
        ReferencedTextures[1] = Texture2D'Sparkle_Ink_007'
        ReferencedTextures[2] = Texture2D'Gradient_Beam_007'
        ReferencedTextures[3] = Texture2D'Glow_VolumeLight_000'
        ReferencedTextures[4] = Texture2D'Glow_Twiri_000'
        ReferencedTextures[5] = Texture2D'Gradient_Beam_002'
        ReferencedTextures[6] = Texture2D'Gradient_Beam_001'
        ReferencedTextures[7] = Texture2D'Noise_Plazma_002'
        ReferencedTextures[8] = Texture2D'Env_Fx_LightningCloud_Lightning'
    }
    BlendMode = BLEND_Translucent (2)
    OpacityMaskClipValue = 0.333
    FlattenedTexture = None
    MobileBaseTexture = None
    MobileNormalTexture = None
    bUseMobileSpecular = false
    MobileSpecularPower = 16
    MobileSpecularMask = MSM_Constant (0)
    MobileMaskTexture = None

Object info:
============
ClassName: Texture2D ObjectName: Ice_Dot

    SizeX = 128
    SizeY = 128
    Format = PF_G8 (3)
    AddressX = TA_Wrap (0)
    AddressY = TA_Wrap (0)
    TextureFileCacheName = None
    MipTailBaseIdx = 7
    bForcePVRTC4 = false
    UnpackMin[4] = { 0, 0, 0, 0 }
    UnpackMax[4] = { 1, 1, 1, 1 }

Object info:
============
ClassName: Texture2D ObjectName: Ice_Dot_NRM

    SizeX = 128
    SizeY = 128
    Format = PF_DXT1 (5)
    AddressX = TA_Wrap (0)
    AddressY = TA_Wrap (0)
    TextureFileCacheName = None
    MipTailBaseIdx = 7
    bForcePVRTC4 = false
    UnpackMin[4] = { 0, 0, 0, 0 }
    UnpackMax[4] = { 1, 1, 1, 1 }
