Found 32768 game files (1766 skipped)
Loading package: 00027961.upk Ver: 573/1 Engine: 4205 Names: 184 Exports: 133 Imports: 12 Game: 801A
Loading SkeletalMesh3 990168_RuneMechaGiantA from package 00027961.upk
Loading package: 00028039.upk Ver: 573/1 Engine: 4205 Names: 161 Exports: 3 Imports: 36 Game: 801A
Loading MaterialInstanceConstant col1 from package 00028039.upk
Loading package: 00015529.upk Ver: 573/1 Engine: 4205 Names: 32 Exports: 4 Imports: 2 Game: 801A
Loading package: 00002640.upk Ver: 573/1 Engine: 4205 Names: 291 Exports: 507 Imports: 3 Game: 801A
Loading package: 00002620.upk Ver: 573/1 Engine: 4205 Names: 576 Exports: 7687 Imports: 96 Game: 801A
Loading MaterialInstanceConstant col1_face from package 00028039.upk
Loading package: 00002665.upk Ver: 573/1 Engine: 4205 Names: 55 Exports: 27 Imports: 2 Game: 801A
Loading package: 00008613.upk Ver: 573/1 Engine: 4205 Names: 95 Exports: 6 Imports: 12 Game: 801A
Loading package: 00008621.upk Ver: 573/1 Engine: 4205 Names: 45 Exports: 16 Imports: 2 Game: 801A
Loading MaterialInstanceConstant col1_Hair from package 00028039.upk
Loading package: 00006822.upk Ver: 573/1 Engine: 4205 Names: 29 Exports: 2 Imports: 2 Game: 801A
Loading Texture2D 20005_JinM_N from package 00015529.upk
Loading Texture2D 20005_JinM_M from package 00015529.upk
Loading Texture2D 20005_JinM_D from package 00015529.upk
Loading Texture2D 20005_JinM_S from package 00015529.upk
Loading TextureCube lenscube_a from package 00002640.upk
Loading Texture2D check from package 00002620.upk
Loading Material3 Body from package 00002620.upk
Loading package: 00012963.upk Ver: 573/1 Engine: 4205 Names: 1386 Exports: 1362 Imports: 10 Game: 801A
Loading Texture2D Normal from package 00002665.upk
Loading Texture2D Nothing_A_n from package 00008613.upk
Loading Texture2D Nothing_A from package 00008613.upk
Loading Texture2D JinM_borw01 from package 00008621.upk
Loading Texture2D Diffuse from package 00002665.upk
Loading Texture2D Specular from package 00002665.upk
Loading Texture2D Mask from package 00002665.upk
Loading Material3 Face-M from package 00002620.upk
check for DefaultTexture in 00027961
check for DefaultTexture in 00028039
check for DefaultTexture in 00015529
check for DefaultTexture in 00002640
check for DefaultTexture in 00002620
check for DefaultTexture in 00002665
check for DefaultTexture in 00008613
check for DefaultTexture in 00008621
check for DefaultTexture in 00006822
check for DefaultTexture in 00012963
WARNING: Import(EngineResources.DefaultTexture) was not found
Loading Texture2D JinM_006_col1_d from package 00006822.upk
Loading Texture2D JinM_006_col1_n from package 00006822.upk
WARNING: BoolProperty "UTexture2D::bDisableLoadSwitch" was not found
Loading Material3 Beard_Ac from package 00002620.upk
Loading Texture2D CubemapFace0 from package 00002640.upk
Loading Texture2D CubemapFace1 from package 00002640.upk
Loading Texture2D CubemapFace2 from package 00002640.upk
Loading Texture2D CubemapFace3 from package 00002640.upk
Loading Texture2D CubemapFace4 from package 00002640.upk
Loading Texture2D CubemapFace5 from package 00002640.upk
Loading Texture2D check_n from package 00002620.upk
Loading Texture2D Noise_Glass_000 from package 00012963.upk
Loading Texture2D Smoke_Pattern_001 from package 00012963.upk
Loading Texture2D Gradient_Wipe_BurnOut_Mask_TEST from package 00012963.upk
Loading Texture2D Gradient_Wipe_BurnOut_Mask from package 00012963.upk
Loading Texture2D Gradient_Line_003 from package 00012963.upk
Loaded in 0.2 sec, 3705 allocs, 2.75 MBytes serialized in 366731 calls.

Object info:
============
ClassName: SkeletalMesh3 ObjectName: 990168_RuneMechaGiantA

    LODInfo[1] =
    {
        LODInfo[0] =
        {
            DisplayFactor = 0
            LODHysteresis = 0.02
            LODMaterialMap[0] = {}
            bEnableShadowCasting[3] = { true, true, true }
        }
    }
    Sockets[0] = {}
    bHasVertexColors = false
    EnableTwistBoneFixers = true
    EnableClavicleFixer = true
    Materials[3] =
    {
        Materials[0] = MaterialInstanceConstant'col1'
        Materials[1] = MaterialInstanceConstant'col1_face'
        Materials[2] = MaterialInstanceConstant'col1_Hair'
    }


    Lods[1] =
    {
        Lods[0] =
        {
            Sections[3] =
            {
                Sections[0] = { Material=MaterialInstanceConstant'col1_face', FirstIndex=0, NumFaces=1408 }
                Sections[1] = { Material=MaterialInstanceConstant'col1_Hair', FirstIndex=4224, NumFaces=961 }
                Sections[2] = { Material=MaterialInstanceConstant'col1', FirstIndex=7107, NumFaces=4431 }
            }
            NumVerts = 4553
            IndexCount = 20400
            NumTexCoords = 1
        }
    }
    LodCount = 1
    MeshOrigin = { X=-0, Y=-0, Z=-0 }
    MeshScale = { X=1, Y=1, Z=1 }
    RotOrigin = { Yaw=0, Pitch=0, Roll=0 }
    BoneCount = 105
