Found 32768 game files (1222 skipped)
Loading package: 00033652.upk Ver: 573/1 Engine: 4205 Names: 120 Exports: 90 Imports: 20 Game: 801A
Loading SkeletalMesh3 030257_col1_T0_Autoscale from package 00033652.upk
WARNING: ObjectProperty "USkeletalMesh3::MeshFactorSet" was not found
WARNING: ObjectProperty "USkeletalMesh3::PhysMaterialOverride" was not found
WARNING: ByteProperty "USkeletalMesh3::ItemPreviewLocType" was not found
WARNING: FloatProperty "USkeletalMesh3::ItemPreviewLocLowerOffset" was not found
Loading package: 00033655.upk Ver: 573/1 Engine: 4205 Names: 89 Exports: 1 Imports: 19 Game: 801A
Loading SkeletalMesh3 030257_col1_T1_Autoscale from package 00033652.upk
WARNING: ObjectProperty "USkeletalMesh3::MeshFactorSet" was not found
WARNING: ObjectProperty "USkeletalMesh3::PhysMaterialOverride" was not found
WARNING: ByteProperty "USkeletalMesh3::ItemPreviewLocType" was not found
WARNING: FloatProperty "USkeletalMesh3::ItemPreviewLocLowerOffset" was not found
Loading SkeletalMesh3 030257_col1_T2_Autoscale from package 00033652.upk
WARNING: ObjectProperty "USkeletalMesh3::MeshFactorSet" was not found
WARNING: ObjectProperty "USkeletalMesh3::PhysMaterialOverride" was not found
WARNING: ByteProperty "USkeletalMesh3::ItemPreviewLocType" was not found
WARNING: FloatProperty "USkeletalMesh3::ItemPreviewLocLowerOffset" was not found
Loading SkeletalMesh3 030257_col1_T3_Autoscale from package 00033652.upk
WARNING: ObjectProperty "USkeletalMesh3::MeshFactorSet" was not found
WARNING: ObjectProperty "USkeletalMesh3::PhysMaterialOverride" was not found
WARNING: ByteProperty "USkeletalMesh3::ItemPreviewLocType" was not found
WARNING: FloatProperty "USkeletalMesh3::ItemPreviewLocLowerOffset" was not found
Loading SkeletalMesh3 030257_col1_T4_Autoscale from package 00033652.upk
WARNING: ObjectProperty "USkeletalMesh3::MeshFactorSet" was not found
WARNING: ObjectProperty "USkeletalMesh3::PhysMaterialOverride" was not found
WARNING: ByteProperty "USkeletalMesh3::ItemPreviewLocType" was not found
WARNING: FloatProperty "USkeletalMesh3::ItemPreviewLocLowerOffset" was not found
Loading SkeletalMeshSocket SkeletalMeshSocket_124 from package 00033652.upk
WARNING: ObjectProperty "USkeletalMeshSocket::DependencyParticleSystem" was not found
Loading SkeletalMeshSocket SkeletalMeshSocket_134 from package 00033652.upk
WARNING: ObjectProperty "USkeletalMeshSocket::DependencyParticleSystem" was not found
Loading SkeletalMeshSocket SkeletalMeshSocket_144 from package 00033652.upk
WARNING: ObjectProperty "USkeletalMeshSocket::DependencyParticleSystem" was not found
Loading SkeletalMeshSocket SkeletalMeshSocket_154 from package 00033652.upk
WARNING: ObjectProperty "USkeletalMeshSocket::DependencyParticleSystem" was not found
Loading SkeletalMeshSocket SkeletalMeshSocket_164 from package 00033652.upk
WARNING: ObjectProperty "USkeletalMeshSocket::DependencyParticleSystem" was not found
Loading MaterialInstanceConstant col1 from package 00033655.upk
Loading package: 00025464.upk Ver: 573/1 Engine: 4205 Names: 32 Exports: 4 Imports: 2 Game: 801A
Loading package: 00002640.upk Ver: 573/1 Engine: 4205 Names: 291 Exports: 507 Imports: 3 Game: 801A
Loading package: 00002620.upk Ver: 573/1 Engine: 4205 Names: 576 Exports: 7687 Imports: 96 Game: 801A
Loading Texture2D 030172_Autoscale_col1_N from package 00025464.upk
Loading Texture2D 030172_Autoscale_col1_M from package 00025464.upk
Loading Texture2D 030172_Autoscale_col1_D from package 00025464.upk
Loading Texture2D 030172_Autoscale_col1_S from package 00025464.upk
Loading TextureCube lenscube_a from package 00002640.upk
Loading Texture2D check from package 00002620.upk
Loading Material3 Basic from package 00002620.upk
Loading package: 00012963.upk Ver: 573/1 Engine: 4205 Names: 1349 Exports: 1323 Imports: 10 Game: 801A
Loading Texture2D CubemapFace0 from package 00002640.upk
Loading Texture2D CubemapFace1 from package 00002640.upk
Loading Texture2D CubemapFace2 from package 00002640.upk
Loading Texture2D CubemapFace3 from package 00002640.upk
Loading Texture2D CubemapFace4 from package 00002640.upk
Loading Texture2D CubemapFace5 from package 00002640.upk
Loading Texture2D check_n from package 00002620.upk
Loading Texture2D Smoke_Pattern_001 from package 00012963.upk
Loading Texture2D Gradient_Line_003 from package 00012963.upk
Loading Texture2D Gradient_Wipe_BurnOut_Mask_TEST from package 00012963.upk
Loading Texture2D Gradient_Wipe_BurnOut_Mask from package 00012963.upk
Loaded in 0.15 sec, 3095 allocs, 1.29 MBytes serialized in 274495 calls.

Object info:
============
ClassName: SkeletalMesh3 ObjectName: 030257_col1_T0_Autoscale

    LODInfo[1] =
    {
        LODInfo[0] =
        {
            DisplayFactor = 0
            LODHysteresis = 0.02
            LODMaterialMap[0] = {}
            bEnableShadowCasting[1] = { true }
        }
    }
    Sockets[1] = { SkeletalMeshSocket'030257_col1_T0_Autoscale.SkeletalMeshSocket_124' }
    bHasVertexColors = false
    EnableTwistBoneFixers = true
    EnableClavicleFixer = true
    Materials[1] = { MaterialInstanceConstant'col1' }


    Lods[1] =
    {
        Lods[0] =
        {
            Sections[1] =
            {
                Sections[0] = { Material=MaterialInstanceConstant'col1', FirstIndex=0, NumFaces=641 }
            }
            NumVerts = 508
            IndexCount = 1923
            NumTexCoords = 1
        }
    }
    LodCount = 1
    MeshOrigin = { X=-0, Y=-0, Z=-0 }
    MeshScale = { X=1, Y=1, Z=1 }
    RotOrigin = { Yaw=0, Pitch=0, Roll=0 }
    BoneCount = 5

Object info:
============
ClassName: SkeletalMesh3 ObjectName: 030257_col1_T1_Autoscale

    LODInfo[1] =
    {
        LODInfo[0] =
        {
            DisplayFactor = 0
            LODHysteresis = 0.02
            LODMaterialMap[0] = {}
            bEnableShadowCasting[1] = { true }
        }
    }
    Sockets[1] = { SkeletalMeshSocket'030257_col1_T1_Autoscale.SkeletalMeshSocket_134' }
    bHasVertexColors = false
    EnableTwistBoneFixers = true
    EnableClavicleFixer = true
    Materials[1] = { MaterialInstanceConstant'col1' }


    Lods[1] =
    {
        Lods[0] =
        {
            Sections[1] =
            {
                Sections[0] = { Material=MaterialInstanceConstant'col1', FirstIndex=0, NumFaces=641 }
            }
            NumVerts = 508
            IndexCount = 1923
            NumTexCoords = 1
        }
    }
    LodCount = 1
    MeshOrigin = { X=-0, Y=-0, Z=-0 }
    MeshScale = { X=1, Y=1, Z=1 }
    RotOrigin = { Yaw=0, Pitch=0, Roll=0 }
    BoneCount = 5

Object info:
============
ClassName: SkeletalMesh3 ObjectName: 030257_col1_T2_Autoscale

    LODInfo[1] =
    {
        LODInfo[0] =
        {
            DisplayFactor = 0
            LODHysteresis = 0.02
            LODMaterialMap[0] = {}
            bEnableShadowCasting[1] = { true }
        }
    }
    Sockets[1] = { SkeletalMeshSocket'030257_col1_T2_Autoscale.SkeletalMeshSocket_144' }
    bHasVertexColors = false
    EnableTwistBoneFixers = true
    EnableClavicleFixer = true
    Materials[1] = { MaterialInstanceConstant'col1' }


    Lods[1] =
    {
        Lods[0] =
        {
            Sections[1] =
            {
                Sections[0] = { Material=MaterialInstanceConstant'col1', FirstIndex=0, NumFaces=641 }
            }
            NumVerts = 508
            IndexCount = 1923
            NumTexCoords = 1
        }
    }
    LodCount = 1
    MeshOrigin = { X=-0, Y=-0, Z=-0 }
    MeshScale = { X=1, Y=1, Z=1 }
    RotOrigin = { Yaw=0, Pitch=0, Roll=0 }
    BoneCount = 5

Object info:
============
ClassName: SkeletalMesh3 ObjectName: 030257_col1_T3_Autoscale

    LODInfo[1] =
    {
        LODInfo[0] =
        {
            DisplayFactor = 0
            LODHysteresis = 0.02
            LODMaterialMap[0] = {}
            bEnableShadowCasting[1] = { true }
        }
    }
    Sockets[1] = { SkeletalMeshSocket'030257_col1_T3_Autoscale.SkeletalMeshSocket_154' }
    bHasVertexColors = false
    EnableTwistBoneFixers = true
    EnableClavicleFixer = true
    Materials[1] = { MaterialInstanceConstant'col1' }


    Lods[1] =
    {
        Lods[0] =
        {
            Sections[1] =
            {
                Sections[0] = { Material=MaterialInstanceConstant'col1', FirstIndex=0, NumFaces=641 }
            }
            NumVerts = 508
            IndexCount = 1923
            NumTexCoords = 1
        }
    }
    LodCount = 1
    MeshOrigin = { X=-0, Y=-0, Z=-0 }
    MeshScale = { X=1, Y=1, Z=1 }
    RotOrigin = { Yaw=0, Pitch=0, Roll=0 }
    BoneCount = 5

Object info:
============
ClassName: SkeletalMesh3 ObjectName: 030257_col1_T4_Autoscale

    LODInfo[1] =
    {
        LODInfo[0] =
        {
            DisplayFactor = 0
            LODHysteresis = 0.02
            LODMaterialMap[0] = {}
            bEnableShadowCasting[1] = { true }
        }
    }
    Sockets[1] = { SkeletalMeshSocket'030257_col1_T4_Autoscale.SkeletalMeshSocket_164' }
    bHasVertexColors = false
    EnableTwistBoneFixers = true
    EnableClavicleFixer = true
    Materials[1] = { MaterialInstanceConstant'col1' }


    Lods[1] =
    {
        Lods[0] =
        {
            Sections[1] =
            {
                Sections[0] = { Material=MaterialInstanceConstant'col1', FirstIndex=0, NumFaces=641 }
            }
            NumVerts = 508
            IndexCount = 1923
            NumTexCoords = 1
        }
    }
    LodCount = 1
    MeshOrigin = { X=-0, Y=-0, Z=-0 }
    MeshScale = { X=1, Y=1, Z=1 }
    RotOrigin = { Yaw=0, Pitch=0, Roll=0 }
    BoneCount = 5

Object info:
============
ClassName: SkeletalMeshSocket ObjectName: SkeletalMeshSocket_124

    SocketName = FX_Add
    BoneName = WeaponRoot
    RelativeLocation = { X=0.022384, Y=-0.486642, Z=-0.042615 }
    RelativeRotation = { Yaw=-910, Pitch=-109, Roll=-364 }
    RelativeScale = { X=1, Y=1, Z=1 }

Object info:
============
ClassName: SkeletalMeshSocket ObjectName: SkeletalMeshSocket_134

    SocketName = FX_Add
    BoneName = WeaponRoot
    RelativeLocation = { X=0.022384, Y=-0.486642, Z=-0.042615 }
    RelativeRotation = { Yaw=-910, Pitch=-109, Roll=-364 }
    RelativeScale = { X=1, Y=1, Z=1 }

Object info:
============
ClassName: SkeletalMeshSocket ObjectName: SkeletalMeshSocket_144

    SocketName = FX_Add
    BoneName = WeaponRoot
    RelativeLocation = { X=0.022384, Y=-0.486642, Z=-0.042615 }
    RelativeRotation = { Yaw=-910, Pitch=-109, Roll=-364 }
    RelativeScale = { X=1, Y=1, Z=1 }

Object info:
============
ClassName: SkeletalMeshSocket ObjectName: SkeletalMeshSocket_154

    SocketName = FX_Add
    BoneName = WeaponRoot
    RelativeLocation = { X=0.022384, Y=-0.486642, Z=-0.042615 }
    RelativeRotation = { Yaw=-910, Pitch=-109, Roll=-364 }
    RelativeScale = { X=1, Y=1, Z=1 }

Object info:
============
ClassName: SkeletalMeshSocket ObjectName: SkeletalMeshSocket_164

    SocketName = FX_Add
    BoneName = WeaponRoot
    RelativeLocation = { X=0.022384, Y=-0.486642, Z=-0.042615 }
    RelativeRotation = { Yaw=-910, Pitch=-109, Roll=-364 }
    RelativeScale = { X=1, Y=1, Z=1 }
