Found 32768 game files (1222 skipped)
Loading package: 00038521.upk Ver: 573/1 Engine: 4205 Names: 269 Exports: 142 Imports: 60 Game: 801A
Loading Texture2D Game_EventGuideScene_Preview from package 00038521.upk
Loading Texture2D Game_TencentEventGuideScene01_Preview from package 00038521.upk
Loading Texture2D Game_TencentEventGuideScene02_Preview from package 00038521.upk
Loaded in 0.004 sec, 302 allocs, 0.03 MBytes serialized in 3992 calls.

Object info:
============
ClassName: Texture2D ObjectName: Game_EventGuideScene_Preview

    SizeX = 256
    SizeY = 256
    Format = PF_DXT1 (5)
    AddressX = TA_Wrap (0)
    AddressY = TA_Wrap (0)
    TextureFileCacheName = None
    MipTailBaseIdx = 0
    bForcePVRTC4 = false
    UnpackMin[4] = { 0, 0, 0, 0 }
    UnpackMax[4] = { 1, 1, 1, 1 }

Object info:
============
ClassName: Texture2D ObjectName: Game_TencentEventGuideScene01_Preview

    SizeX = 256
    SizeY = 256
    Format = PF_DXT1 (5)
    AddressX = TA_Wrap (0)
    AddressY = TA_Wrap (0)
    TextureFileCacheName = None
    MipTailBaseIdx = 0
    bForcePVRTC4 = false
    UnpackMin[4] = { 0, 0, 0, 0 }
    UnpackMax[4] = { 1, 1, 1, 1 }

Object info:
============
ClassName: Texture2D ObjectName: Game_TencentEventGuideScene02_Preview

    SizeX = 256
    SizeY = 256
    Format = PF_DXT1 (5)
    AddressX = TA_Wrap (0)
    AddressY = TA_Wrap (0)
    TextureFileCacheName = None
    MipTailBaseIdx = 0
    bForcePVRTC4 = false
    UnpackMin[4] = { 0, 0, 0, 0 }
    UnpackMax[4] = { 1, 1, 1, 1 }
