Found 32768 game files (1222 skipped)
Loading package: 00037979.upk Ver: 573/1 Engine: 4205 Names: 99 Exports: 17 Imports: 14 Game: 801A
Loading SkeletalMesh3 040244_LynF from package 00037979.upk
WARNING: BoolProperty "USkeletalMesh3::bHideTailMeshHeadBone" was not found
Loading package: 00037978.upk Ver: 573/1 Engine: 4205 Names: 109 Exports: 2 Imports: 26 Game: 801A
Loading package: 00037977.upk Ver: 573/1 Engine: 4205 Names: 109 Exports: 2 Imports: 26 Game: 801A
Loading MaterialInstanceConstant col1 from package 00037978.upk
Loading package: 00019979.upk Ver: 573/1 Engine: 4205 Names: 28 Exports: 2 Imports: 2 Game: 801A
Loading package: 00008613.upk Ver: 573/1 Engine: 4205 Names: 95 Exports: 6 Imports: 12 Game: 801A
Loading package: 00002620.upk Ver: 573/1 Engine: 4205 Names: 576 Exports: 7687 Imports: 96 Game: 801A
Loading MaterialInstanceConstant col1_2 from package 00037977.upk
Loading package: 00037457.upk Ver: 573/1 Engine: 4205 Names: 31 Exports: 4 Imports: 2 Game: 801A
Loading package: 00002640.upk Ver: 573/1 Engine: 4205 Names: 291 Exports: 507 Imports: 3 Game: 801A
Loading Texture2D JinF_042_col1_D from package 00019979.upk
Loading Texture2D JinF_042_col1_N from package 00019979.upk
Loading Texture2D Nothing_A from package 00008613.upk
Loading Material3 Beard_Ac from package 00002620.upk
Loading package: 00012963.upk Ver: 573/1 Engine: 4205 Names: 1349 Exports: 1323 Imports: 10 Game: 801A
Loading Texture2D 010110_GonM_col1_N from package 00037457.upk
Loading Texture2D 010110_GonM_col1_M from package 00037457.upk
Loading Texture2D 010110_GonM_col1_d from package 00037457.upk
Loading Texture2D 010110_GonM_col1_s from package 00037457.upk
Loading TextureCube mirror1_0 from package 00002640.upk
Loading Texture2D check from package 00002620.upk
Loading Material3 Basic_local_reflect from package 00002620.upk
Loading Texture2D check_n from package 00002620.upk
Loading Texture2D Noise_Glass_000 from package 00012963.upk
Loading Texture2D Smoke_Pattern_001 from package 00012963.upk
Loading Texture2D Gradient_Wipe_BurnOut_Mask_TEST from package 00012963.upk
Loading Texture2D Gradient_Wipe_BurnOut_Mask from package 00012963.upk
Loading Texture2D Gradient_Line_003 from package 00012963.upk
Loading Texture2D CubemapFace0 from package 00002640.upk
Loading Texture2D CubemapFace1 from package 00002640.upk
Loading Texture2D CubemapFace2 from package 00002640.upk
Loading Texture2D CubemapFace3 from package 00002640.upk
Loading Texture2D CubemapFace4 from package 00002640.upk
Loading Texture2D CubemapFace5 from package 00002640.upk
Loaded in 0.22 sec, 3323 allocs, 2.05 MBytes serialized in 233133 calls.

Object info:
============
ClassName: SkeletalMesh3 ObjectName: 040244_LynF

    LODInfo[1] =
    {
        LODInfo[0] =
        {
            DisplayFactor = 0
            LODHysteresis = 0.02
            LODMaterialMap[0] = {}
            bEnableShadowCasting[2] = { true, true }
        }
    }
    Sockets[0] = {}
    bHasVertexColors = false
    EnableTwistBoneFixers = true
    EnableClavicleFixer = true
    Materials[2] = { MaterialInstanceConstant'col1', MaterialInstanceConstant'col1_2' }


    Lods[1] =
    {
        Lods[0] =
        {
            Sections[2] =
            {
                Sections[0] = { Material=MaterialInstanceConstant'col1', FirstIndex=0, NumFaces=1218 }
                Sections[1] = { Material=MaterialInstanceConstant'col1_2', FirstIndex=3654, NumFaces=554 }
            }
            NumVerts = 1333
            IndexCount = 5316
            NumTexCoords = 1
        }
    }
    LodCount = 1
    MeshOrigin = { X=-0, Y=-0, Z=-0 }
    MeshScale = { X=1, Y=1, Z=1 }
    RotOrigin = { Yaw=0, Pitch=0, Roll=0 }
    BoneCount = 12
