Found 32768 game files (1766 skipped)
Loading package: 00035496.upk Ver: 573/1 Engine: 4205 Names: 117 Exports: 63 Imports: 12 Game: 801A
Loading SkeletalMesh3 090084_LynF from package 00035496.upk
Loading package: 00035492.upk Ver: 573/1 Engine: 4205 Names: 89 Exports: 1 Imports: 19 Game: 801A
Loading MaterialInstanceConstant col1 from package 00035492.upk
Loading package: 00035488.upk Ver: 573/1 Engine: 4205 Names: 32 Exports: 4 Imports: 2 Game: 801A
Loading package: 00002640.upk Ver: 573/1 Engine: 4205 Names: 291 Exports: 507 Imports: 3 Game: 801A
Loading package: 00002620.upk Ver: 573/1 Engine: 4205 Names: 576 Exports: 7687 Imports: 96 Game: 801A
Loading Texture2D 090084_JinF_col1_N from package 00035488.upk
Loading Texture2D 090084_JinF_col1_M from package 00035488.upk
Loading Texture2D 090084_JinF_col1_D from package 00035488.upk
Loading Texture2D 090084_JinF_col1_S from package 00035488.upk
Loading TextureCube lenscube_a from package 00002640.upk
Loading Texture2D check from package 00002620.upk
Loading Material3 Basic from package 00002620.upk
Loading package: 00012963.upk Ver: 573/1 Engine: 4205 Names: 1386 Exports: 1362 Imports: 10 Game: 801A
Loading Texture2D CubemapFace0 from package 00002640.upk
Loading Texture2D CubemapFace1 from package 00002640.upk
Loading Texture2D CubemapFace2 from package 00002640.upk
Loading Texture2D CubemapFace3 from package 00002640.upk
Loading Texture2D CubemapFace4 from package 00002640.upk
Loading Texture2D CubemapFace5 from package 00002640.upk
Loading Texture2D check_n from package 00002620.upk
Loading Texture2D Smoke_Pattern_001 from package 00012963.upk
Loading Texture2D Gradient_Line_003 from package 00012963.upk
Loading Texture2D Gradient_Wipe_BurnOut_Mask_TEST from package 00012963.upk
Loading Texture2D Gradient_Wipe_BurnOut_Mask from package 00012963.upk
Loaded in 0.12 sec, 3002 allocs, 1.57 MBytes serialized in 262839 calls.

Object info:
============
ClassName: SkeletalMesh3 ObjectName: 090084_LynF

    LODInfo[1] =
    {
        LODInfo[0] =
        {
            DisplayFactor = 0
            LODHysteresis = 0.02
            LODMaterialMap[0] = {}
            bEnableShadowCasting[1] = { true }
        }
    }
    Sockets[0] = {}
    bHasVertexColors = false
    EnableTwistBoneFixers = true
    EnableClavicleFixer = true
    Materials[1] = { MaterialInstanceConstant'col1' }


    Lods[1] =
    {
        Lods[0] =
        {
            Sections[1] =
            {
                Sections[0] = { Material=MaterialInstanceConstant'col1', FirstIndex=0, NumFaces=2275 }
            }
            NumVerts = 1991
            IndexCount = 6825
            NumTexCoords = 1
        }
    }
    LodCount = 1
    MeshOrigin = { X=-0, Y=-0, Z=-0 }
    MeshScale = { X=1, Y=1, Z=1 }
    RotOrigin = { Yaw=0, Pitch=0, Roll=0 }
    BoneCount = 24
