Found 32768 game files (1766 skipped)
Loading package: 00047626.upk Ver: 573/1 Engine: 4205 Names: 195 Exports: 216 Imports: 56 Game: 801A
Loading Material3 AncientMechaGoat_FX_Col1 from package 00047626.upk
Loading package: 00012963.upk Ver: 573/1 Engine: 4205 Names: 1386 Exports: 1362 Imports: 10 Game: 801A
Loading package: 00047628.upk Ver: 573/1 Engine: 4205 Names: 31 Exports: 5 Imports: 2 Game: 801A
Loading Material3 Basic_local_reflect_FX from package 00047626.upk
Loading package: 00002620.upk Ver: 573/1 Engine: 4205 Names: 576 Exports: 7687 Imports: 96 Game: 801A
Loading MaterialInstanceConstant col1 from package 00047626.upk
Loading package: 00002640.upk Ver: 573/1 Engine: 4205 Names: 291 Exports: 507 Imports: 3 Game: 801A
Loading Texture2D AncientMechaGoat_FX from package 00047626.upk
Loading Texture2D Noise_018 from package 00012963.upk
Loading Texture2D Noise_009 from package 00012963.upk
Loading Texture2D Normal_Noise_003 from package 00012963.upk
WARNING: BoolProperty "UTexture2D::bDisableLoadSwitch" was not found
Loading Texture2D Noise_Ripple_000_Inverse from package 00012963.upk
Loading Texture2D AncientMechaGoat_col1_D from package 00047628.upk
Loading Texture2D Smoke_Pattern_001 from package 00012963.upk
Loading Texture2D Gradient_Line_003 from package 00012963.upk
Loading Texture2D check_n from package 00002620.upk
Loading Texture2D check from package 00002620.upk
Loading Texture2D Env_Fx_LightningCloud_Lightning from package 00012963.upk
Loading Texture2D Noise_Glass_000 from package 00012963.upk
Loading Texture2D Gradient_Wipe_BurnOut_Mask_TEST from package 00012963.upk
Loading Texture2D Gradient_Wipe_BurnOut_Mask from package 00012963.upk
Loading Texture2D AncientMechaGoat_col1_N from package 00047628.upk
Loading Texture2D AncientMechaGoat_col1_M from package 00047628.upk
Loading Texture2D AncientMechaGoat_col1_S from package 00047628.upk
Loading TextureCube lenscube_a from package 00002640.upk
Loading Texture2D AncientMechaGoat_col1_E from package 00047628.upk
Loading Texture2D CubemapFace0 from package 00002640.upk
Loading Texture2D CubemapFace1 from package 00002640.upk
Loading Texture2D CubemapFace2 from package 00002640.upk
Loading Texture2D CubemapFace3 from package 00002640.upk
Loading Texture2D CubemapFace4 from package 00002640.upk
Loading Texture2D CubemapFace5 from package 00002640.upk
Loaded in 0.22 sec, 3213 allocs, 4.26 MBytes serialized in 190113 calls.

Object info:
============
ClassName: Material3 ObjectName: AncientMechaGoat_FX_Col1

    TwoSided = false
    bDisableDepthTest = false
    bIsMasked = false
    ReferencedTextures[7] =
    {
        ReferencedTextures[0] = Texture2D'Noise_018'
        ReferencedTextures[1] = Texture2D'Noise_009'
        ReferencedTextures[2] = Texture2D'Normal_Noise_003'
        ReferencedTextures[3] = Texture2D'Noise_Ripple_000_Inverse'
        ReferencedTextures[4] = Texture2D'AncientMechaGoat_col1_D'
        ReferencedTextures[5] = Texture2D'Smoke_Pattern_001'
        ReferencedTextures[6] = Texture2D'Gradient_Line_003'
    }
    BlendMode = BLEND_Translucent (2)
    OpacityMaskClipValue = 0.333
    FlattenedTexture = None
    MobileBaseTexture = None
    MobileNormalTexture = None
    bUseMobileSpecular = false
    MobileSpecularPower = 16
    MobileSpecularMask = MSM_Constant (0)
    MobileMaskTexture = None

Object info:
============
ClassName: Material3 ObjectName: Basic_local_reflect_FX

    TwoSided = true
    bDisableDepthTest = false
    bIsMasked = true
    ReferencedTextures[8] =
    {
        ReferencedTextures[0] = Texture2D'check_n'
        ReferencedTextures[1] = Texture2D'check'
        ReferencedTextures[2] = Texture2D'Smoke_Pattern_001'
        ReferencedTextures[3] = Texture2D'Gradient_Line_003'
        ReferencedTextures[4] = Texture2D'Env_Fx_LightningCloud_Lightning'
        ReferencedTextures[5] = Texture2D'Noise_Glass_000'
        ReferencedTextures[6] = Texture2D'Gradient_Wipe_BurnOut_Mask_TEST'
        ReferencedTextures[7] = Texture2D'Gradient_Wipe_BurnOut_Mask'
    }
    BlendMode = BLEND_Masked (1)
    OpacityMaskClipValue = 0.333
    FlattenedTexture = None
    MobileBaseTexture = None
    MobileNormalTexture = None
    bUseMobileSpecular = false
    MobileSpecularPower = 16
    MobileSpecularMask = MSM_Constant (0)
    MobileMaskTexture = None

Object info:
============
ClassName: MaterialInstanceConstant ObjectName: col1

    ScalarParameterValues[10] =
    {
        ScalarParameterValues[0] = { ParameterName=Transmission_value, ParameterValue=0.5 }
        ScalarParameterValues[1] = { ParameterName=Glossiness1, ParameterValue=8 }
        ScalarParameterValues[2] = { ParameterName=Glossiness2, ParameterValue=200 }
        ScalarParameterValues[3] = { ParameterName=Specular_value, ParameterValue=2.3 }
        ScalarParameterValues[4] = { ParameterName=HighLight_Value, ParameterValue=3 }
        ScalarParameterValues[5] = { ParameterName=HighLight_glossiness, ParameterValue=150 }
        ScalarParameterValues[6] = { ParameterName=Emissive_value, ParameterValue=5 }
        ScalarParameterValues[7] = { ParameterName=Emissive_value2, ParameterValue=0 }
        ScalarParameterValues[8] = { ParameterName=Fresnel Value, ParameterValue=1 }
        ScalarParameterValues[9] = { ParameterName=Fresnel exponent, ParameterValue=30 }
    }
    TextureParameterValues[7] =
    {
        TextureParameterValues[0] = { ParameterName=Normal, ParameterValue=Texture2D'AncientMechaGoat_col1_N' }
        TextureParameterValues[1] = { ParameterName=Mask_GB, ParameterValue=Texture2D'AncientMechaGoat_col1_M' }
        TextureParameterValues[2] = { ParameterName=Diffuse, ParameterValue=Texture2D'AncientMechaGoat_col1_D' }
        TextureParameterValues[3] = { ParameterName=Specular, ParameterValue=Texture2D'AncientMechaGoat_col1_S' }
        TextureParameterValues[4] = { ParameterName=rf_cube, ParameterValue=TextureCube'lenscube_a' }
        TextureParameterValues[5] = { ParameterName=Emissive, ParameterValue=Texture2D'AncientMechaGoat_col1_E' }
        TextureParameterValues[6] = { ParameterName=FX_Add, ParameterValue=Texture2D'AncientMechaGoat_FX' }
    }
    VectorParameterValues[9] =
    {
        VectorParameterValues[0] =
        {
            ParameterName = Mesh_trangition
            ParameterValue = { R=0, G=0, B=0, A=1 }
        }
        VectorParameterValues[1] =
        {
            ParameterName = Reflection_value
            ParameterValue = { R=0.193972, G=0.404541, B=0.409826, A=1 }
        }
        VectorParameterValues[2] =
        {
            ParameterName = HighLight_Color
            ParameterValue = { R=0.91575, G=0.766744, B=0.358654, A=1 }
        }
        VectorParameterValues[3] =
        {
            ParameterName = Fresnel_color
            ParameterValue = { R=0, G=0, B=0, A=1 }
        }
        VectorParameterValues[4] =
        {
            ParameterName = Fresnel_Power
            ParameterValue = { R=0, G=0, B=0, A=1 }
        }
        VectorParameterValues[5] =
        {
            ParameterName = Fx_Glow_color_A
            ParameterValue = { R=0, G=0, B=0, A=1 }
        }
        VectorParameterValues[6] =
        {
            ParameterName = Glow_Trangition_A
            ParameterValue = { R=0, G=0, B=0, A=1 }
        }
        VectorParameterValues[7] =
        {
            ParameterName = Fx_Glow_power_A
            ParameterValue = { R=0, G=0, B=0, A=1 }
        }
        VectorParameterValues[8] =
        {
            ParameterName = FX_RGB_A
            ParameterValue = { R=0, G=0, B=0, A=1 }
        }
    }
    Parent = Material3'Basic_local_reflect_FX'
    FlattenedTexture = None
    MobileBaseTexture = None
    MobileNormalTexture = None
    bUseMobileSpecular = false
    MobileSpecularPower = 16
    MobileSpecularMask = MSM_Constant (0)
    MobileMaskTexture = None

Object info:
============
ClassName: Texture2D ObjectName: AncientMechaGoat_FX

    SizeX = 1024
    SizeY = 1024
    Format = PF_DXT1 (5)
    AddressX = TA_Wrap (0)
    AddressY = TA_Wrap (0)
    TextureFileCacheName = None
    MipTailBaseIdx = 10
    bForcePVRTC4 = false
    UnpackMin[4] = { 0, 0, 0, 0 }
    UnpackMax[4] = { 1, 1, 1, 1 }
