Found 32768 game files (1766 skipped)
Loading package: 00042304.upk Ver: 573/1 Engine: 4205 Names: 95 Exports: 69 Imports: 10 Game: 801A
Loading SkeletalMesh3 PohwamaeTurret from package 00042304.upk
Loading package: 00042306.upk Ver: 573/1 Engine: 4205 Names: 90 Exports: 1 Imports: 19 Game: 801A
Loading MaterialInstanceConstant Col from package 00042306.upk
Loading package: 00042305.upk Ver: 573/1 Engine: 4205 Names: 33 Exports: 5 Imports: 2 Game: 801A
Loading package: 00002640.upk Ver: 573/1 Engine: 4205 Names: 291 Exports: 507 Imports: 3 Game: 801A
Loading package: 00002620.upk Ver: 573/1 Engine: 4205 Names: 576 Exports: 7687 Imports: 96 Game: 801A
Loading Texture2D PohwamaeTurret_col1_N from package 00042305.upk
Loading Texture2D PohwamaeTurret_col1_D from package 00042305.upk
Loading Texture2D PohwamaeTurret_col1_S from package 00042305.upk
Loading TextureCube Cube_A from package 00002640.upk
Loading Texture2D PohwamaeTurret_col1_E from package 00042305.upk
Loading Material3 Basic from package 00002620.upk
Loading package: 00012963.upk Ver: 573/1 Engine: 4205 Names: 1386 Exports: 1362 Imports: 10 Game: 801A
Loading Texture2D CubemapFace0 from package 00002640.upk
Loading Texture2D CubemapFace1 from package 00002640.upk
Loading Texture2D CubemapFace2 from package 00002640.upk
Loading Texture2D CubemapFace3 from package 00002640.upk
Loading Texture2D CubemapFace4 from package 00002640.upk
Loading Texture2D CubemapFace5 from package 00002640.upk
Loading Texture2D check_n from package 00002620.upk
Loading Texture2D check from package 00002620.upk
Loading Texture2D Smoke_Pattern_001 from package 00012963.upk
Loading Texture2D Gradient_Line_003 from package 00012963.upk
Loading Texture2D Gradient_Wipe_BurnOut_Mask_TEST from package 00012963.upk
Loading Texture2D Gradient_Wipe_BurnOut_Mask from package 00012963.upk
Loaded in 0.15 sec, 2997 allocs, 2.51 MBytes serialized in 291468 calls.

Object info:
============
ClassName: SkeletalMesh3 ObjectName: PohwamaeTurret

    LODInfo[1] =
    {
        LODInfo[0] =
        {
            DisplayFactor = 0
            LODHysteresis = 0.02
            LODMaterialMap[0] = {}
            bEnableShadowCasting[1] = { true }
        }
    }
    Sockets[0] = {}
    bHasVertexColors = false
    EnableTwistBoneFixers = true
    EnableClavicleFixer = true
    Materials[1] = { MaterialInstanceConstant'Col' }


    Lods[1] =
    {
        Lods[0] =
        {
            Sections[1] =
            {
                Sections[0] = { Material=MaterialInstanceConstant'Col', FirstIndex=0, NumFaces=3836 }
            }
            NumVerts = 3378
            IndexCount = 11508
            NumTexCoords = 1
        }
    }
    LodCount = 1
    MeshOrigin = { X=-0, Y=-0, Z=-0 }
    MeshScale = { X=1, Y=1, Z=1 }
    RotOrigin = { Yaw=0, Pitch=0, Roll=0 }
    BoneCount = 18
