Found 32768 game files (1222 skipped)
Loading package: 00042690.upk Ver: 573/1 Engine: 4205 Names: 186 Exports: 258 Imports: 14 Game: 801A
Loading SkeletalMesh3 UnblancezombieChief from package 00042690.upk
WARNING: ObjectProperty "USkeletalMesh3::PlaySoundSet" was not found
WARNING: FloatProperty "USkeletalMesh3::AnimNameHeight" was not found
WARNING: FloatProperty "USkeletalMesh3::NormalNameHeight" was not found
WARNING: FloatProperty "USkeletalMesh3::LowNameHeight" was not found
WARNING: FloatProperty "USkeletalMesh3::PhysicalHitScale" was not found
Loading package: 00042692.upk Ver: 573/1 Engine: 4205 Names: 178 Exports: 150 Imports: 50 Game: 801A
Loading SkeletalMeshSocket SkeletalMeshSocket_223 from package 00042690.upk
Loading SkeletalMeshSocket SkeletalMeshSocket_261 from package 00042690.upk
Loading SkeletalMeshSocket SkeletalMeshSocket_262 from package 00042690.upk
Loading SkeletalMeshSocket SkeletalMeshSocket_263 from package 00042690.upk
WARNING: BoolProperty "USkeletalMeshSocket::bParticleAttachPosOnly" was not found
Loading SkeletalMeshSocket SkeletalMeshSocket_264 from package 00042690.upk
Loading SkeletalMeshSocket SkeletalMeshSocket_266 from package 00042690.upk
Loading SkeletalMeshSocket SkeletalMeshSocket_267 from package 00042690.upk
Loading SkeletalMeshSocket SkeletalMeshSocket_268 from package 00042690.upk
Loading SkeletalMeshSocket SkeletalMeshSocket_269 from package 00042690.upk
Loading MaterialInstanceConstant col1 from package 00042692.upk
Loading package: 00042691.upk Ver: 573/1 Engine: 4205 Names: 34 Exports: 6 Imports: 2 Game: 801A
Loading package: 00002640.upk Ver: 573/1 Engine: 4205 Names: 291 Exports: 507 Imports: 3 Game: 801A
Loading Texture2D UnbalanceZombieChief_col1_N from package 00042691.upk
Loading Texture2D UnbalanceZombieChief_col1_M from package 00042691.upk
Loading Texture2D UnbalanceZombieChief_col1_D from package 00042691.upk
Loading Texture2D UnbalanceZombieChief_col1_S from package 00042691.upk
Loading TextureCube lenscube from package 00002640.upk
Loading Texture2D UnbalanceZombieChief_col1_E from package 00042691.upk
Loading Texture2D UnbalanceZombieChief_col1_fx from package 00042691.upk
Loading Material3 FX_Basic_local_reflect from package 00042692.upk
Loading package: 00002620.upk Ver: 573/1 Engine: 4205 Names: 576 Exports: 7687 Imports: 96 Game: 801A
Loading package: 00012963.upk Ver: 573/1 Engine: 4205 Names: 1349 Exports: 1323 Imports: 10 Game: 801A
Loading Texture2D CubemapFace0 from package 00002640.upk
Loading Texture2D CubemapFace1 from package 00002640.upk
Loading Texture2D CubemapFace2 from package 00002640.upk
Loading Texture2D CubemapFace3 from package 00002640.upk
Loading Texture2D CubemapFace4 from package 00002640.upk
Loading Texture2D CubemapFace5 from package 00002640.upk
Loading Texture2D check_n from package 00002620.upk
Loading Texture2D check from package 00002620.upk
Loading Texture2D Noise_013 from package 00012963.upk
Loading Texture2D Smoke_Pattern_001 from package 00012963.upk
Loading Texture2D Gradient_Line_003 from package 00012963.upk
Loading Texture2D Noise_Glass_000 from package 00012963.upk
Loading Texture2D Gradient_Wipe_BurnOut_Mask_TEST from package 00012963.upk
Loading Texture2D Gradient_Wipe_BurnOut_Mask from package 00012963.upk
Loaded in 0.25 sec, 3284 allocs, 4.55 MBytes serialized in 428893 calls.

Object info:
============
ClassName: SkeletalMesh3 ObjectName: UnblancezombieChief

    LODInfo[1] =
    {
        LODInfo[0] =
        {
            DisplayFactor = 0
            LODHysteresis = 0.02
            LODMaterialMap[0] = {}
            bEnableShadowCasting[2] = { true, true }
        }
    }
    Sockets[9] =
    {
        Sockets[0] = SkeletalMeshSocket'UnblancezombieChief.SkeletalMeshSocket_261'
        Sockets[1] = SkeletalMeshSocket'UnblancezombieChief.SkeletalMeshSocket_262'
        Sockets[2] = SkeletalMeshSocket'UnblancezombieChief.SkeletalMeshSocket_263'
        Sockets[3] = SkeletalMeshSocket'UnblancezombieChief.SkeletalMeshSocket_264'
        Sockets[4] = SkeletalMeshSocket'UnblancezombieChief.SkeletalMeshSocket_266'
        Sockets[5] = SkeletalMeshSocket'UnblancezombieChief.SkeletalMeshSocket_267'
        Sockets[6] = SkeletalMeshSocket'UnblancezombieChief.SkeletalMeshSocket_268'
        Sockets[7] = SkeletalMeshSocket'UnblancezombieChief.SkeletalMeshSocket_269'
        Sockets[8] = SkeletalMeshSocket'UnblancezombieChief.SkeletalMeshSocket_223'
    }
    bHasVertexColors = false
    EnableTwistBoneFixers = true
    EnableClavicleFixer = true
    Materials[1] = { MaterialInstanceConstant'col1' }


    Lods[1] =
    {
        Lods[0] =
        {
            Sections[2] =
            {
                Sections[0] = { Material=MaterialInstanceConstant'col1', FirstIndex=0, NumFaces=8927 }
                Sections[1] = { Material=MaterialInstanceConstant'col1', FirstIndex=26781, NumFaces=182 }
            }
            NumVerts = 6373
            IndexCount = 27327
            NumTexCoords = 1
        }
    }
    LodCount = 1
    MeshOrigin = { X=-0, Y=-0, Z=-0 }
    MeshScale = { X=1, Y=1, Z=1 }
    RotOrigin = { Yaw=0, Pitch=0, Roll=0 }
    BoneCount = 84

Object info:
============
ClassName: SkeletalMeshSocket ObjectName: SkeletalMeshSocket_223

    SocketName = FX_Add
    BoneName = Bip01RHand
    RelativeLocation = { X=-34.5762, Y=-21.5076, Z=1.94054 }
    RelativeRotation = { Yaw=23555, Pitch=-15042, Roll=-19208 }
    RelativeScale = { X=1, Y=1, Z=1 }

Object info:
============
ClassName: SkeletalMeshSocket ObjectName: SkeletalMeshSocket_261

    SocketName = target_high
    BoneName = Bip01Head
    RelativeLocation = { X=5, Y=-5, Z=8 }
    RelativeRotation = { Yaw=0, Pitch=0, Roll=0 }
    RelativeScale = { X=1, Y=1, Z=1 }

Object info:
============
ClassName: SkeletalMeshSocket ObjectName: SkeletalMeshSocket_262

    SocketName = socket_force
    BoneName = Root
    RelativeLocation = { X=60, Y=45, Z=-8 }
    RelativeRotation = { Yaw=0, Pitch=0, Roll=0 }
    RelativeScale = { X=1, Y=1, Z=1 }

Object info:
============
ClassName: SkeletalMeshSocket ObjectName: SkeletalMeshSocket_263

    SocketName = ATTACH_EFFECT
    BoneName = Bip01
    RelativeLocation = { X=10.8913, Y=0, Z=0 }
    RelativeRotation = { Yaw=0, Pitch=0, Roll=0 }
    RelativeScale = { X=1, Y=1, Z=1 }

Object info:
============
ClassName: SkeletalMeshSocket ObjectName: SkeletalMeshSocket_264

    SocketName = Mount_Socket
    BoneName = Bip01Spine1
    RelativeLocation = { X=5.02712, Y=-40.2887, Z=0 }
    RelativeRotation = { Yaw=0, Pitch=0, Roll=-16384 }
    RelativeScale = { X=1, Y=1, Z=1 }

Object info:
============
ClassName: SkeletalMeshSocket ObjectName: SkeletalMeshSocket_266

    SocketName = Catch_Back
    BoneName = Bip01Spine2
    RelativeLocation = { X=2.71047, Y=25.4199, Z=0 }
    RelativeRotation = { Yaw=0, Pitch=0, Roll=0 }
    RelativeScale = { X=1, Y=1, Z=1 }

Object info:
============
ClassName: SkeletalMeshSocket ObjectName: SkeletalMeshSocket_267

    SocketName = Mount_Ambar_Socket
    BoneName = Bip01LClavicle
    RelativeLocation = { X=10.5463, Y=-11.1006, Z=-22.6211 }
    RelativeRotation = { Yaw=-285, Pitch=9970, Roll=22850 }
    RelativeScale = { X=1, Y=1, Z=1 }

Object info:
============
ClassName: SkeletalMeshSocket ObjectName: SkeletalMeshSocket_268

    SocketName = Mount_Choke_Socket
    BoneName = Root
    RelativeLocation = { X=22.9687, Y=-14.5825, Z=47.75 }
    RelativeRotation = { Yaw=32768, Pitch=0, Roll=0 }
    RelativeScale = { X=1, Y=1, Z=1 }

Object info:
============
ClassName: SkeletalMeshSocket ObjectName: SkeletalMeshSocket_269

    SocketName = Decap_Socket
    BoneName = Bip01Neck1
    RelativeLocation = { X=2.71614, Y=0, Z=0 }
    RelativeRotation = { Yaw=0, Pitch=0, Roll=0 }
    RelativeScale = { X=1, Y=1, Z=1 }
