Found 32768 game files (1222 skipped)
Loading package: 00043720.upk Ver: 573/1 Engine: 4205 Names: 178 Exports: 155 Imports: 47 Game: 801A
Loading Material3 Basic_FX from package 00043720.upk
Loading package: 00002620.upk Ver: 573/1 Engine: 4205 Names: 576 Exports: 7687 Imports: 96 Game: 801A
Loading package: 00012963.upk Ver: 573/1 Engine: 4205 Names: 1349 Exports: 1323 Imports: 10 Game: 801A
Loading MaterialInstanceConstant col1 from package 00043720.upk
Loading package: 00043719.upk Ver: 573/1 Engine: 4205 Names: 31 Exports: 4 Imports: 2 Game: 801A
Loading package: 00002640.upk Ver: 573/1 Engine: 4205 Names: 291 Exports: 507 Imports: 3 Game: 801A
Loading Texture2D 990281_Autoscale_col1_FX from package 00043720.upk
Loading Texture2D check_n from package 00002620.upk
Loading Texture2D check from package 00002620.upk
Loading Texture2D Smoke_Pattern_001 from package 00012963.upk
Loading Texture2D Sparkle_005 from package 00012963.upk
Loading Texture2D Gradient_Line_003 from package 00012963.upk
Loading Texture2D Gradient_Wipe_BurnOut_Mask_TEST from package 00012963.upk
Loading Texture2D Gradient_Wipe_BurnOut_Mask from package 00012963.upk
Loading Texture2D 990281_Autoscale_col1_N from package 00043719.upk
Loading Texture2D 990281_Autoscale_col1_M from package 00043719.upk
Loading Texture2D 990281_Autoscale_col1_D from package 00043719.upk
Loading Texture2D 990281_Autoscale_col1_S from package 00043719.upk
Loading TextureCube IllusionV2 from package 00002640.upk
Loading Texture2D CubemapFace0 from package 00002640.upk
Loading Texture2D CubemapFace1 from package 00002640.upk
Loading Texture2D CubemapFace2 from package 00002640.upk
Loading Texture2D CubemapFace3 from package 00002640.upk
Loading Texture2D CubemapFace4 from package 00002640.upk
Loading Texture2D CubemapFace5 from package 00002640.upk
Loaded in 0.15 sec, 2933 allocs, 1.28 MBytes serialized in 186703 calls.

Object info:
============
ClassName: Material3 ObjectName: Basic_FX

    TwoSided = true
    bDisableDepthTest = false
    bIsMasked = true
    ReferencedTextures[7] =
    {
        ReferencedTextures[0] = Texture2D'check_n'
        ReferencedTextures[1] = Texture2D'check'
        ReferencedTextures[2] = Texture2D'Smoke_Pattern_001'
        ReferencedTextures[3] = Texture2D'Sparkle_005'
        ReferencedTextures[4] = Texture2D'Gradient_Line_003'
        ReferencedTextures[5] = Texture2D'Gradient_Wipe_BurnOut_Mask_TEST'
        ReferencedTextures[6] = Texture2D'Gradient_Wipe_BurnOut_Mask'
    }
    BlendMode = BLEND_Masked (1)
    OpacityMaskClipValue = 0.333
    FlattenedTexture = None
    MobileBaseTexture = None
    MobileNormalTexture = None
    bUseMobileSpecular = false
    MobileSpecularPower = 16
    MobileSpecularMask = MSM_Constant (0)
    MobileMaskTexture = None

Object info:
============
ClassName: MaterialInstanceConstant ObjectName: col1

    ScalarParameterValues[10] =
    {
        ScalarParameterValues[0] = { ParameterName=Transmission_value, ParameterValue=5 }
        ScalarParameterValues[1] = { ParameterName=Glossiness1, ParameterValue=5 }
        ScalarParameterValues[2] = { ParameterName=Glossiness2, ParameterValue=30 }
        ScalarParameterValues[3] = { ParameterName=Specular_value, ParameterValue=4 }
        ScalarParameterValues[4] = { ParameterName=HighLight_Value, ParameterValue=20 }
        ScalarParameterValues[5] = { ParameterName=HighLight_glossiness, ParameterValue=100 }
        ScalarParameterValues[6] = { ParameterName=Emissive_value, ParameterValue=5 }
        ScalarParameterValues[7] = { ParameterName=Emissive_value2, ParameterValue=10 }
        ScalarParameterValues[8] = { ParameterName=Fresnel Value, ParameterValue=100 }
        ScalarParameterValues[9] = { ParameterName=Fresnel exponent, ParameterValue=5 }
    }
    TextureParameterValues[7] =
    {
        TextureParameterValues[0] = { ParameterName=Normal, ParameterValue=Texture2D'990281_Autoscale_col1_N' }
        TextureParameterValues[1] = { ParameterName=Mask_GB, ParameterValue=Texture2D'990281_Autoscale_col1_M' }
        TextureParameterValues[2] = { ParameterName=Diffuse, ParameterValue=Texture2D'990281_Autoscale_col1_D' }
        TextureParameterValues[3] = { ParameterName=Specular, ParameterValue=Texture2D'990281_Autoscale_col1_S' }
        TextureParameterValues[4] = { ParameterName=rf_cube, ParameterValue=TextureCube'IllusionV2' }
        TextureParameterValues[5] = { ParameterName=Emissive, ParameterValue=None }
        TextureParameterValues[6] = { ParameterName=FX_Add, ParameterValue=Texture2D'990281_Autoscale_col1_FX' }
    }
    VectorParameterValues[12] =
    {
        VectorParameterValues[0] =
        {
            ParameterName = Mesh_trangition
            ParameterValue = { R=0, G=0, B=0, A=1 }
        }
        VectorParameterValues[1] =
        {
            ParameterName = Reflection_value
            ParameterValue = { R=0.136099, G=0.136099, B=0.136099, A=1 }
        }
        VectorParameterValues[2] =
        {
            ParameterName = HighLight_Color
            ParameterValue = { R=0.065754, G=0.080219, B=0.116576, A=1 }
        }
        VectorParameterValues[3] =
        {
            ParameterName = Fresnel_color
            ParameterValue = { R=0, G=0, B=0, A=1 }
        }
        VectorParameterValues[4] =
        {
            ParameterName = Fresnel_Power
            ParameterValue = { R=0, G=0, B=0, A=1 }
        }
        VectorParameterValues[5] =
        {
            ParameterName = Burn_Color
            ParameterValue = { R=0, G=0, B=0, A=1 }
        }
        VectorParameterValues[6] =
        {
            ParameterName = Glow_Trangition_W
            ParameterValue = { R=0, G=0, B=0, A=1 }
        }
        VectorParameterValues[7] =
        {
            ParameterName = Fx_Glow_power_W
            ParameterValue = { R=0, G=0, B=0, A=1 }
        }
        VectorParameterValues[8] =
        {
            ParameterName = Fx_Glow_color_W
            ParameterValue = { R=0, G=0, B=0, A=1 }
        }
        VectorParameterValues[9] =
        {
            ParameterName = AC_color
            ParameterValue = { R=1, G=1, B=1, A=1 }
        }
        VectorParameterValues[10] =
        {
            ParameterName = AC_specular
            ParameterValue = { R=1, G=1, B=1, A=1 }
        }
        VectorParameterValues[11] =
        {
            ParameterName = Tex_RGB
            ParameterValue = { R=0, G=0, B=0, A=1 }
        }
    }
    Parent = Material3'Basic_FX'
    FlattenedTexture = None
    MobileBaseTexture = None
    MobileNormalTexture = None
    bUseMobileSpecular = false
    MobileSpecularPower = 16
    MobileSpecularMask = MSM_Constant (0)
    MobileMaskTexture = None

Object info:
============
ClassName: Texture2D ObjectName: 990281_Autoscale_col1_FX

    SizeX = 512
    SizeY = 256
    Format = PF_DXT5 (7)
    AddressX = TA_Wrap (0)
    AddressY = TA_Wrap (0)
    TextureFileCacheName = None
    MipTailBaseIdx = 9
    bForcePVRTC4 = false
    UnpackMin[4] = { 0, 0, 0, 0 }
    UnpackMax[4] = { 1, 1, 1, 1 }
