Found 32768 game files (1222 skipped)
Loading package: 00043994.upk Ver: 573/1 Engine: 4205 Names: 223 Exports: 486 Imports: 17 Game: 801A
Loading SkeletalMesh3 AnthroEntFinalBoss from package 00043994.upk
WARNING: ObjectProperty "USkeletalMesh3::PlaySoundSet" was not found
WARNING: FloatProperty "USkeletalMesh3::AnimNameHeight" was not found
WARNING: FloatProperty "USkeletalMesh3::NormalNameHeight" was not found
WARNING: FloatProperty "USkeletalMesh3::LowNameHeight" was not found
Loading package: 00043996.upk Ver: 573/1 Engine: 4205 Names: 185 Exports: 197 Imports: 48 Game: 801A
Loading SkeletalMeshSocket SkeletalMeshSocket_304 from package 00043994.upk
WARNING: StructProperty "USkeletalMeshSocket::DependencyTrailTemplate" was not found
Loading SkeletalMeshSocket SkeletalMeshSocket_311 from package 00043994.upk
WARNING: StructProperty "USkeletalMeshSocket::DependencyTrailTemplate" was not found
Loading SkeletalMeshSocket SkeletalMeshSocket_312 from package 00043994.upk
WARNING: StructProperty "USkeletalMeshSocket::DependencyTrailTemplate" was not found
Loading SkeletalMeshSocket SkeletalMeshSocket_313 from package 00043994.upk
WARNING: StructProperty "USkeletalMeshSocket::DependencyTrailTemplate" was not found
Loading SkeletalMeshSocket SkeletalMeshSocket_314 from package 00043994.upk
WARNING: StructProperty "USkeletalMeshSocket::DependencyTrailTemplate" was not found
Loading SkeletalMeshSocket SkeletalMeshSocket_315 from package 00043994.upk
WARNING: StructProperty "USkeletalMeshSocket::DependencyTrailTemplate" was not found
Loading SkeletalMeshSocket SkeletalMeshSocket_316 from package 00043994.upk
WARNING: StructProperty "USkeletalMeshSocket::DependencyTrailTemplate" was not found
Loading SkeletalMeshSocket SkeletalMeshSocket_317 from package 00043994.upk
WARNING: StructProperty "USkeletalMeshSocket::DependencyTrailTemplate" was not found
Loading SkeletalMeshSocket SkeletalMeshSocket_318 from package 00043994.upk
WARNING: StructProperty "USkeletalMeshSocket::DependencyTrailTemplate" was not found
Loading SkeletalMeshSocket SkeletalMeshSocket_319 from package 00043994.upk
WARNING: StructProperty "USkeletalMeshSocket::DependencyTrailTemplate" was not found
Loading SkeletalMeshSocket SkeletalMeshSocket_324 from package 00043994.upk
WARNING: StructProperty "USkeletalMeshSocket::DependencyTrailTemplate" was not found
Loading SkeletalMeshSocket SkeletalMeshSocket_337 from package 00043994.upk
WARNING: StructProperty "USkeletalMeshSocket::DependencyTrailTemplate" was not found
Loading SkeletalMeshSocket SkeletalMeshSocket_99 from package 00043994.upk
WARNING: StructProperty "USkeletalMeshSocket::DependencyTrailTemplate" was not found
Loading MaterialInstanceConstant col1 from package 00043996.upk
Loading package: 00043995.upk Ver: 573/1 Engine: 4205 Names: 32 Exports: 5 Imports: 2 Game: 801A
Loading package: 00002640.upk Ver: 573/1 Engine: 4205 Names: 291 Exports: 507 Imports: 3 Game: 801A
Loading Texture2D AnthroEntFinalBoss_col1_N from package 00043995.upk
Loading Texture2D AnthroEntFinalBoss_col1_M from package 00043995.upk
Loading Texture2D AnthroEntFinalBoss_col1_D from package 00043995.upk
Loading Texture2D AnthroEntFinalBoss_col1_S from package 00043995.upk
Loading TextureCube Cube_D from package 00002640.upk
Loading Texture2D AnthroEntFinalBoss_col1_E from package 00043995.upk
Loading Texture2D AnthroEntFinalBoss_FX_Mask from package 00043996.upk
Loading Material3 Basic_Boss_FX from package 00043996.upk
Loading package: 00002620.upk Ver: 573/1 Engine: 4205 Names: 576 Exports: 7687 Imports: 96 Game: 801A
Loading package: 00012963.upk Ver: 573/1 Engine: 4205 Names: 1349 Exports: 1323 Imports: 10 Game: 801A
Loading Texture2D CubemapFace0 from package 00002640.upk
Loading Texture2D CubemapFace1 from package 00002640.upk
Loading Texture2D CubemapFace2 from package 00002640.upk
Loading Texture2D CubemapFace3 from package 00002640.upk
Loading Texture2D CubemapFace4 from package 00002640.upk
Loading Texture2D CubemapFace5 from package 00002640.upk
Loading Texture2D check_n from package 00002620.upk
Loading Texture2D check from package 00002620.upk
Loading Texture2D Noise_013 from package 00012963.upk
Loading Texture2D Smoke_Pattern_001 from package 00012963.upk
Loading Texture2D Gradient_Line_003 from package 00012963.upk
Loading Texture2D Gradient_Wipe_BurnOut_Mask_TEST from package 00012963.upk
Loading Texture2D Gradient_Wipe_BurnOut_Mask from package 00012963.upk
Loaded in 0.28 sec, 3298 allocs, 8.74 MBytes serialized in 696542 calls.

Object info:
============
ClassName: SkeletalMesh3 ObjectName: AnthroEntFinalBoss

    LODInfo[1] =
    {
        LODInfo[0] =
        {
            DisplayFactor = 0
            LODHysteresis = 0.02
            LODMaterialMap[0] = {}
            bEnableShadowCasting[2] = { true, true }
        }
    }
    Sockets[13] =
    {
        Sockets[0] = SkeletalMeshSocket'AnthroEntFinalBoss.SkeletalMeshSocket_99'
        Sockets[1] = SkeletalMeshSocket'AnthroEntFinalBoss.SkeletalMeshSocket_304'
        Sockets[2] = SkeletalMeshSocket'AnthroEntFinalBoss.SkeletalMeshSocket_311'
        Sockets[3] = SkeletalMeshSocket'AnthroEntFinalBoss.SkeletalMeshSocket_312'
        Sockets[4] = SkeletalMeshSocket'AnthroEntFinalBoss.SkeletalMeshSocket_313'
        Sockets[5] = SkeletalMeshSocket'AnthroEntFinalBoss.SkeletalMeshSocket_314'
        Sockets[6] = SkeletalMeshSocket'AnthroEntFinalBoss.SkeletalMeshSocket_315'
        Sockets[7] = SkeletalMeshSocket'AnthroEntFinalBoss.SkeletalMeshSocket_316'
        Sockets[8] = SkeletalMeshSocket'AnthroEntFinalBoss.SkeletalMeshSocket_317'
        Sockets[9] = SkeletalMeshSocket'AnthroEntFinalBoss.SkeletalMeshSocket_318'
        Sockets[10] = SkeletalMeshSocket'AnthroEntFinalBoss.SkeletalMeshSocket_319'
        Sockets[11] = SkeletalMeshSocket'AnthroEntFinalBoss.SkeletalMeshSocket_324'
        Sockets[12] = SkeletalMeshSocket'AnthroEntFinalBoss.SkeletalMeshSocket_337'
    }
    bHasVertexColors = false
    EnableTwistBoneFixers = true
    EnableClavicleFixer = true
    Materials[1] = { MaterialInstanceConstant'col1' }


    Lods[1] =
    {
        Lods[0] =
        {
            Sections[2] =
            {
                Sections[0] = { Material=MaterialInstanceConstant'col1', FirstIndex=0, NumFaces=11542 }
                Sections[1] = { Material=MaterialInstanceConstant'col1', FirstIndex=34626, NumFaces=6306 }
            }
            NumVerts = 14410
            IndexCount = 53544
            NumTexCoords = 1
        }
    }
    LodCount = 1
    MeshOrigin = { X=-0, Y=-0, Z=-0 }
    MeshScale = { X=1, Y=1, Z=1 }
    RotOrigin = { Yaw=0, Pitch=0, Roll=0 }
    BoneCount = 141

Object info:
============
ClassName: SkeletalMeshSocket ObjectName: SkeletalMeshSocket_304

    SocketName = target_high
    BoneName = Bip01Head
    RelativeLocation = { X=0, Y=0, Z=0 }
    RelativeRotation = { Yaw=0, Pitch=0, Roll=0 }
    RelativeScale = { X=1, Y=1, Z=1 }

Object info:
============
ClassName: SkeletalMeshSocket ObjectName: SkeletalMeshSocket_311

    SocketName = Catch_Neck
    BoneName = Bip01Neck
    RelativeLocation = { X=0, Y=0, Z=0 }
    RelativeRotation = { Yaw=0, Pitch=0, Roll=0 }
    RelativeScale = { X=1, Y=1, Z=1 }

Object info:
============
ClassName: SkeletalMeshSocket ObjectName: SkeletalMeshSocket_312

    SocketName = socket_force
    BoneName = Root
    RelativeLocation = { X=40, Y=33, Z=7 }
    RelativeRotation = { Yaw=0, Pitch=0, Roll=0 }
    RelativeScale = { X=1, Y=1, Z=1 }

Object info:
============
ClassName: SkeletalMeshSocket ObjectName: SkeletalMeshSocket_313

    SocketName = Mount_Socket
    BoneName = Root
    RelativeLocation = { X=0, Y=0, Z=42 }
    RelativeRotation = { Yaw=-32768, Pitch=440, Roll=0 }
    RelativeScale = { X=1, Y=1, Z=1 }

Object info:
============
ClassName: SkeletalMeshSocket ObjectName: SkeletalMeshSocket_314

    SocketName = ATTACH_EFFECT
    BoneName = Bip01
    RelativeLocation = { X=0, Y=0, Z=0 }
    RelativeRotation = { Yaw=0, Pitch=0, Roll=0 }
    RelativeScale = { X=1, Y=1, Z=1 }

Object info:
============
ClassName: SkeletalMeshSocket ObjectName: SkeletalMeshSocket_315

    SocketName = X_Root_Find_Test
    BoneName = Root
    RelativeLocation = { X=0, Y=0, Z=0 }
    RelativeRotation = { Yaw=0, Pitch=0, Roll=0 }
    RelativeScale = { X=1, Y=1, Z=1 }

Object info:
============
ClassName: SkeletalMeshSocket ObjectName: SkeletalMeshSocket_316

    SocketName = Mount_Ambar_Socket
    BoneName = Bip01LClavicle
    RelativeLocation = { X=-10, Y=-2, Z=-12 }
    RelativeRotation = { Yaw=-285, Pitch=9970, Roll=22850 }
    RelativeScale = { X=1, Y=1, Z=1 }

Object info:
============
ClassName: SkeletalMeshSocket ObjectName: SkeletalMeshSocket_317

    SocketName = Mount_Choke_Socket
    BoneName = Root
    RelativeLocation = { X=1.5, Y=0, Z=0 }
    RelativeRotation = { Yaw=32768, Pitch=0, Roll=0 }
    RelativeScale = { X=1, Y=1, Z=1 }

Object info:
============
ClassName: SkeletalMeshSocket ObjectName: SkeletalMeshSocket_318

    SocketName = Decap_Socket
    BoneName = Bip01Neck
    RelativeLocation = { X=0, Y=0, Z=0 }
    RelativeRotation = { Yaw=0, Pitch=0, Roll=0 }
    RelativeScale = { X=1, Y=1, Z=1 }

Object info:
============
ClassName: SkeletalMeshSocket ObjectName: SkeletalMeshSocket_319

    SocketName = Socket_Caster
    BoneName = Root
    RelativeLocation = { X=0, Y=0, Z=0 }
    RelativeRotation = { Yaw=32768, Pitch=0, Roll=0 }
    RelativeScale = { X=1, Y=1, Z=1 }

Object info:
============
ClassName: SkeletalMeshSocket ObjectName: SkeletalMeshSocket_324

    SocketName = Socket_Rosary
    BoneName = Bip01LForeArm
    RelativeLocation = { X=10, Y=0, Z=0 }
    RelativeRotation = { Yaw=0, Pitch=0, Roll=0 }
    RelativeScale = { X=1, Y=1, Z=1 }

Object info:
============
ClassName: SkeletalMeshSocket ObjectName: SkeletalMeshSocket_337

    SocketName = Catch_Back
    BoneName = Bip01Spine1
    RelativeLocation = { X=2.90204, Y=14.4046, Z=0 }
    RelativeRotation = { Yaw=10477, Pitch=0, Roll=0 }
    RelativeScale = { X=1, Y=1, Z=1 }

Object info:
============
ClassName: SkeletalMeshSocket ObjectName: SkeletalMeshSocket_99

    SocketName = Entangle_Socket
    BoneName = Bip01RHand
    RelativeLocation = { X=35.14, Y=-11.8288, Z=0 }
    RelativeRotation = { Yaw=0, Pitch=0, Roll=0 }
    RelativeScale = { X=1, Y=1, Z=1 }
