Found 32768 game files (1222 skipped)
Loading package: 00042208.upk Ver: 573/1 Engine: 4205 Names: 186 Exports: 151 Imports: 14 Game: 801A
Loading SkeletalMesh3 AnthroEnt from package 00042208.upk
WARNING: ObjectProperty "USkeletalMesh3::PlaySoundSet" was not found
WARNING: FloatProperty "USkeletalMesh3::AnimNameHeight" was not found
WARNING: FloatProperty "USkeletalMesh3::NormalNameHeight" was not found
WARNING: FloatProperty "USkeletalMesh3::LowNameHeight" was not found
Loading package: 00042210.upk Ver: 573/1 Engine: 4205 Names: 91 Exports: 1 Imports: 20 Game: 801A
Loading SkeletalMeshSocket SkeletalMeshSocket_181 from package 00042208.upk
WARNING: StructProperty "USkeletalMeshSocket::DependencyTrailTemplate" was not found
Loading SkeletalMeshSocket SkeletalMeshSocket_188 from package 00042208.upk
WARNING: StructProperty "USkeletalMeshSocket::DependencyTrailTemplate" was not found
Loading SkeletalMeshSocket SkeletalMeshSocket_189 from package 00042208.upk
WARNING: StructProperty "USkeletalMeshSocket::DependencyTrailTemplate" was not found
Loading SkeletalMeshSocket SkeletalMeshSocket_190 from package 00042208.upk
WARNING: StructProperty "USkeletalMeshSocket::DependencyTrailTemplate" was not found
Loading SkeletalMeshSocket SkeletalMeshSocket_191 from package 00042208.upk
WARNING: StructProperty "USkeletalMeshSocket::DependencyTrailTemplate" was not found
Loading SkeletalMeshSocket SkeletalMeshSocket_192 from package 00042208.upk
WARNING: StructProperty "USkeletalMeshSocket::DependencyTrailTemplate" was not found
Loading SkeletalMeshSocket SkeletalMeshSocket_193 from package 00042208.upk
WARNING: StructProperty "USkeletalMeshSocket::DependencyTrailTemplate" was not found
Loading SkeletalMeshSocket SkeletalMeshSocket_194 from package 00042208.upk
WARNING: StructProperty "USkeletalMeshSocket::DependencyTrailTemplate" was not found
Loading SkeletalMeshSocket SkeletalMeshSocket_195 from package 00042208.upk
WARNING: StructProperty "USkeletalMeshSocket::DependencyTrailTemplate" was not found
Loading SkeletalMeshSocket SkeletalMeshSocket_196 from package 00042208.upk
WARNING: StructProperty "USkeletalMeshSocket::DependencyTrailTemplate" was not found
Loading SkeletalMeshSocket SkeletalMeshSocket_264 from package 00042208.upk
WARNING: StructProperty "USkeletalMeshSocket::DependencyTrailTemplate" was not found
Loading SkeletalMeshSocket SkeletalMeshSocket_265 from package 00042208.upk
WARNING: StructProperty "USkeletalMeshSocket::DependencyTrailTemplate" was not found
Loading SkeletalMeshSocket SkeletalMeshSocket_267 from package 00042208.upk
WARNING: StructProperty "USkeletalMeshSocket::DependencyTrailTemplate" was not found
Loading SkeletalMeshSocket SkeletalMeshSocket_99 from package 00042208.upk
WARNING: StructProperty "USkeletalMeshSocket::DependencyTrailTemplate" was not found
Loading MaterialInstanceConstant col1 from package 00042210.upk
Loading package: 00042209.upk Ver: 573/1 Engine: 4205 Names: 46 Exports: 18 Imports: 2 Game: 801A
Loading package: 00002640.upk Ver: 573/1 Engine: 4205 Names: 291 Exports: 507 Imports: 3 Game: 801A
Loading package: 00002620.upk Ver: 573/1 Engine: 4205 Names: 576 Exports: 7687 Imports: 96 Game: 801A
Loading Texture2D AnthroEnt_col1_N from package 00042209.upk
Loading Texture2D AnthroEnt_col1_M from package 00042209.upk
Loading Texture2D AnthroEnt_col1_D from package 00042209.upk
Loading Texture2D AnthroEnt_col1_S from package 00042209.upk
Loading TextureCube cube_orb from package 00002640.upk
Loading Texture2D AnthroEnt_col1_E from package 00042209.upk
Loading Material3 Basic from package 00002620.upk
Loading package: 00012963.upk Ver: 573/1 Engine: 4205 Names: 1349 Exports: 1323 Imports: 10 Game: 801A
Loading Texture2D CubemapFace0 from package 00002640.upk
Loading Texture2D CubemapFace1 from package 00002640.upk
Loading Texture2D CubemapFace2 from package 00002640.upk
Loading Texture2D CubemapFace3 from package 00002640.upk
Loading Texture2D CubemapFace4 from package 00002640.upk
Loading Texture2D CubemapFace5 from package 00002640.upk
Loading Texture2D check_n from package 00002620.upk
Loading Texture2D check from package 00002620.upk
Loading Texture2D Smoke_Pattern_001 from package 00012963.upk
Loading Texture2D Gradient_Line_003 from package 00012963.upk
Loading Texture2D Gradient_Wipe_BurnOut_Mask_TEST from package 00012963.upk
Loading Texture2D Gradient_Wipe_BurnOut_Mask from package 00012963.upk
Loaded in 0.21 sec, 3127 allocs, 4.19 MBytes serialized in 423640 calls.

Object info:
============
ClassName: SkeletalMesh3 ObjectName: AnthroEnt

    LODInfo[1] =
    {
        LODInfo[0] =
        {
            DisplayFactor = 0
            LODHysteresis = 0.02
            LODMaterialMap[0] = {}
            bEnableShadowCasting[1] = { true }
        }
    }
    Sockets[14] =
    {
        Sockets[0] = SkeletalMeshSocket'AnthroEnt.SkeletalMeshSocket_264'
        Sockets[1] = SkeletalMeshSocket'AnthroEnt.SkeletalMeshSocket_265'
        Sockets[2] = SkeletalMeshSocket'AnthroEnt.SkeletalMeshSocket_267'
        Sockets[3] = SkeletalMeshSocket'AnthroEnt.SkeletalMeshSocket_181'
        Sockets[4] = SkeletalMeshSocket'AnthroEnt.SkeletalMeshSocket_188'
        Sockets[5] = SkeletalMeshSocket'AnthroEnt.SkeletalMeshSocket_189'
        Sockets[6] = SkeletalMeshSocket'AnthroEnt.SkeletalMeshSocket_190'
        Sockets[7] = SkeletalMeshSocket'AnthroEnt.SkeletalMeshSocket_191'
        Sockets[8] = SkeletalMeshSocket'AnthroEnt.SkeletalMeshSocket_192'
        Sockets[9] = SkeletalMeshSocket'AnthroEnt.SkeletalMeshSocket_193'
        Sockets[10] = SkeletalMeshSocket'AnthroEnt.SkeletalMeshSocket_194'
        Sockets[11] = SkeletalMeshSocket'AnthroEnt.SkeletalMeshSocket_195'
        Sockets[12] = SkeletalMeshSocket'AnthroEnt.SkeletalMeshSocket_196'
        Sockets[13] = SkeletalMeshSocket'AnthroEnt.SkeletalMeshSocket_99'
    }
    bHasVertexColors = false
    EnableTwistBoneFixers = true
    EnableClavicleFixer = true
    Materials[1] = { MaterialInstanceConstant'col1' }


    Lods[1] =
    {
        Lods[0] =
        {
            Sections[1] =
            {
                Sections[0] = { Material=MaterialInstanceConstant'col1', FirstIndex=0, NumFaces=9291 }
            }
            NumVerts = 6855
            IndexCount = 27873
            NumTexCoords = 1
        }
    }
    LodCount = 1
    MeshOrigin = { X=-0, Y=-0, Z=-0 }
    MeshScale = { X=1, Y=1, Z=1 }
    RotOrigin = { Yaw=0, Pitch=0, Roll=0 }
    BoneCount = 82

Object info:
============
ClassName: SkeletalMeshSocket ObjectName: SkeletalMeshSocket_181

    SocketName = target_high
    BoneName = Bip01Head
    RelativeLocation = { X=0, Y=0, Z=0 }
    RelativeRotation = { Yaw=0, Pitch=0, Roll=0 }
    RelativeScale = { X=1, Y=1, Z=1 }

Object info:
============
ClassName: SkeletalMeshSocket ObjectName: SkeletalMeshSocket_188

    SocketName = Catch_Neck
    BoneName = Bip01Neck
    RelativeLocation = { X=0, Y=0, Z=0 }
    RelativeRotation = { Yaw=0, Pitch=0, Roll=0 }
    RelativeScale = { X=1, Y=1, Z=1 }

Object info:
============
ClassName: SkeletalMeshSocket ObjectName: SkeletalMeshSocket_189

    SocketName = socket_force
    BoneName = Root
    RelativeLocation = { X=40, Y=33, Z=7 }
    RelativeRotation = { Yaw=0, Pitch=0, Roll=0 }
    RelativeScale = { X=1, Y=1, Z=1 }

Object info:
============
ClassName: SkeletalMeshSocket ObjectName: SkeletalMeshSocket_190

    SocketName = Mount_Socket
    BoneName = Root
    RelativeLocation = { X=0, Y=0, Z=0 }
    RelativeRotation = { Yaw=32768, Pitch=0, Roll=0 }
    RelativeScale = { X=1, Y=1, Z=1 }

Object info:
============
ClassName: SkeletalMeshSocket ObjectName: SkeletalMeshSocket_191

    SocketName = ATTACH_EFFECT
    BoneName = Bip01
    RelativeLocation = { X=0, Y=0, Z=0 }
    RelativeRotation = { Yaw=0, Pitch=0, Roll=0 }
    RelativeScale = { X=1, Y=1, Z=1 }

Object info:
============
ClassName: SkeletalMeshSocket ObjectName: SkeletalMeshSocket_192

    SocketName = X_Root_Find_Test
    BoneName = Root
    RelativeLocation = { X=0, Y=0, Z=0 }
    RelativeRotation = { Yaw=0, Pitch=0, Roll=0 }
    RelativeScale = { X=1, Y=1, Z=1 }

Object info:
============
ClassName: SkeletalMeshSocket ObjectName: SkeletalMeshSocket_193

    SocketName = Mount_Ambar_Socket
    BoneName = Bip01LClavicle
    RelativeLocation = { X=-10, Y=-2, Z=-12 }
    RelativeRotation = { Yaw=-285, Pitch=9970, Roll=22850 }
    RelativeScale = { X=1, Y=1, Z=1 }

Object info:
============
ClassName: SkeletalMeshSocket ObjectName: SkeletalMeshSocket_194

    SocketName = Mount_Choke_Socket
    BoneName = Root
    RelativeLocation = { X=1.5, Y=0, Z=0 }
    RelativeRotation = { Yaw=32768, Pitch=0, Roll=0 }
    RelativeScale = { X=1, Y=1, Z=1 }

Object info:
============
ClassName: SkeletalMeshSocket ObjectName: SkeletalMeshSocket_195

    SocketName = Decap_Socket
    BoneName = Bip01Neck
    RelativeLocation = { X=0, Y=0, Z=0 }
    RelativeRotation = { Yaw=0, Pitch=0, Roll=0 }
    RelativeScale = { X=1, Y=1, Z=1 }

Object info:
============
ClassName: SkeletalMeshSocket ObjectName: SkeletalMeshSocket_196

    SocketName = Socket_Caster
    BoneName = Root
    RelativeLocation = { X=0, Y=0, Z=0 }
    RelativeRotation = { Yaw=32768, Pitch=0, Roll=0 }
    RelativeScale = { X=1, Y=1, Z=1 }

Object info:
============
ClassName: SkeletalMeshSocket ObjectName: SkeletalMeshSocket_264

    SocketName = stone1
    BoneName = Bone_Stone_01
    RelativeLocation = { X=0, Y=0, Z=0 }
    RelativeRotation = { Yaw=0, Pitch=0, Roll=0 }
    RelativeScale = { X=1, Y=1, Z=1 }

Object info:
============
ClassName: SkeletalMeshSocket ObjectName: SkeletalMeshSocket_265

    SocketName = stone2
    BoneName = Bone_Stone_02
    RelativeLocation = { X=0, Y=0, Z=0 }
    RelativeRotation = { Yaw=0, Pitch=0, Roll=0 }
    RelativeScale = { X=1, Y=1, Z=1 }

Object info:
============
ClassName: SkeletalMeshSocket ObjectName: SkeletalMeshSocket_267

    SocketName = stone3
    BoneName = Bone_Stone_03
    RelativeLocation = { X=0, Y=0, Z=0 }
    RelativeRotation = { Yaw=0, Pitch=0, Roll=0 }
    RelativeScale = { X=1, Y=1, Z=1 }

Object info:
============
ClassName: SkeletalMeshSocket ObjectName: SkeletalMeshSocket_99

    SocketName = Catch_Back
    BoneName = Bip01Spine2
    RelativeLocation = { X=-7.00256, Y=15.2727, Z=3.12899 }
    RelativeRotation = { Yaw=0, Pitch=0, Roll=-1924 }
    RelativeScale = { X=1, Y=1, Z=1 }
