Found 32768 game files (1766 skipped)
Loading package: 00042014.upk Ver: 573/1 Engine: 4205 Names: 108 Exports: 3 Imports: 8 Game: 801A
Loading AnimSet QwestjinYoung_Animset from package 00042014.upk
WARNING: BoolProperty "UAnimSet::bServiced" was not found
WARNING: ArrayProperty "UAnimSet::AdjustAniScaleBoneNames" was not found
Loading AnimSequence AnimSequence_0 from package 00042014.upk
WARNING: BoolProperty "UAnimSequence::bServiced" was not found
Loading SkeletalMesh3 QwestjinYoung from package 00042014.upk
WARNING: BoolProperty "USkeletalMesh3::bUseAutoAnimset" was not found
Loading package: 00042016.upk Ver: 573/1 Engine: 4205 Names: 164 Exports: 3 Imports: 41 Game: 801A
Loading MaterialInstanceConstant col1_Body from package 00042016.upk
Loading package: 00022727.upk Ver: 573/1 Engine: 4205 Names: 39 Exports: 10 Imports: 4 Game: 801A
Loading package: 00002640.upk Ver: 573/1 Engine: 4205 Names: 291 Exports: 507 Imports: 3 Game: 801A
Loading package: 00002620.upk Ver: 573/1 Engine: 4205 Names: 576 Exports: 7687 Imports: 96 Game: 801A
Loading MaterialInstanceConstant col1 from package 00042016.upk
Loading package: 00008613.upk Ver: 573/1 Engine: 4205 Names: 95 Exports: 6 Imports: 12 Game: 801A
Loading package: 00008486.upk Ver: 573/1 Engine: 4205 Names: 61 Exports: 34 Imports: 2 Game: 801A
Loading package: 00008484.upk Ver: 573/1 Engine: 4205 Names: 31 Exports: 4 Imports: 2 Game: 801A
Loading package: 00004047.upk Ver: 573/1 Engine: 4205 Names: 40 Exports: 12 Imports: 2 Game: 801A
Loading MaterialInstanceConstant col1_hair from package 00042016.upk
Loading package: 00022730.upk Ver: 573/1 Engine: 4205 Names: 28 Exports: 2 Imports: 2 Game: 801A
Loading Texture2D Cloth_0001_col1_N from package 00022727.upk
Loading Texture2D Cloth_0001_col1_M from package 00022727.upk
Loading Texture2D Cloth_0001_col1_D from package 00022727.upk
Loading Texture2D Cloth_0001_col1_S from package 00022727.upk
Loading TextureCube lenscube_c from package 00002640.upk
Loading Texture2D check from package 00002620.upk
Loading Material3 Body from package 00002620.upk
Loading package: 00012963.upk Ver: 573/1 Engine: 4205 Names: 1386 Exports: 1362 Imports: 10 Game: 801A
Loading Texture2D Nothing_A from package 00008613.upk
Loading Texture2D LynM_face_BrowBeard1 from package 00008486.upk
Loading Texture2D LynM_face_oldMask from package 00008484.upk
Loading Texture2D Nothing_A_n from package 00008613.upk
Loading Texture2D LynM_face_n from package 00004047.upk
Loading Texture2D LynM_face_BrowBeard4 from package 00008486.upk
Loading Texture2D LynF_face_d2 from package 00004047.upk
Loading Texture2D LynM_face_M from package 00004047.upk
Loading Texture2D LynM_face_s from package 00004047.upk
Loading Material3 Face-LynM from package 00002620.upk
check for DefaultTexture in 00042014
check for DefaultTexture in 00042016
check for DefaultTexture in 00022727
check for DefaultTexture in 00002640
check for DefaultTexture in 00002620
check for DefaultTexture in 00008613
check for DefaultTexture in 00008486
check for DefaultTexture in 00008484
check for DefaultTexture in 00004047
check for DefaultTexture in 00022730
check for DefaultTexture in 00012963
WARNING: Import(EngineResources.DefaultTexture) was not found
Loading Texture2D Hair_0001_col1_n from package 00022730.upk
Loading Texture2D Hair_0001_col1_D from package 00022730.upk
Loading TextureCube ring from package 00002640.upk
Loading Material3 Beard_Ring from package 00002620.upk
Loading Texture2D CubemapFace0 from package 00002640.upk
Loading Texture2D CubemapFace1 from package 00002640.upk
Loading Texture2D CubemapFace2 from package 00002640.upk
Loading Texture2D CubemapFace3 from package 00002640.upk
Loading Texture2D CubemapFace4 from package 00002640.upk
Loading Texture2D CubemapFace5 from package 00002640.upk
Loading Texture2D check_n from package 00002620.upk
Loading Texture2D Noise_Glass_000 from package 00012963.upk
Loading Texture2D Smoke_Pattern_001 from package 00012963.upk
Loading Texture2D Gradient_Wipe_BurnOut_Mask_TEST from package 00012963.upk
Loading Texture2D Gradient_Wipe_BurnOut_Mask from package 00012963.upk
Loading Texture2D Gradient_Line_003 from package 00012963.upk
Loading Texture2D CubemapFace0 from package 00002640.upk
Loading Texture2D CubemapFace1 from package 00002640.upk
Loading Texture2D CubemapFace2 from package 00002640.upk
Loading Texture2D CubemapFace3 from package 00002640.upk
Loading Texture2D CubemapFace4 from package 00002640.upk
Loading Texture2D CubemapFace5 from package 00002640.upk
Error: Command failed: umodel.exe -dump -path="D:/Program Files (x86)/NCSOFT/BnS/contents/bns/CookedPC" -game=bns 00042014
******** 00042014 ********
*** unknown member ACF_ZOnlyRLE of enum AnimationCompressionFormat
*** ERROR: Unknown rotation compression method: 255
UAnimSet::ConvertAnims <- PostLoad:QwestjinYoung_Animset <- UObject::EndLoad <- LoadWholePackage:00042014 <- Main


    at ChildProcess.exithandler (child_process.js:294:12)
    at ChildProcess.emit (events.js:182:13)
    at maybeClose (internal/child_process.js:962:16)
    at Process.ChildProcess._handle.onexit (internal/child_process.js:251:5)