Found 32768 game files (1222 skipped)
Loading package: 00044549.upk Ver: 573/1 Engine: 4205 Names: 135 Exports: 123 Imports: 14 Game: 801A
Loading SkeletalMesh3 040279_LynF from package 00044549.upk
Loading package: 00044553.upk Ver: 573/1 Engine: 4205 Names: 121 Exports: 2 Imports: 30 Game: 801A
Loading SkeletalMeshSocket SkeletalMeshSocket_808 from package 00044549.upk
Loading SkeletalMeshSocket SkeletalMeshSocket_809 from package 00044549.upk
Loading MaterialInstanceConstant col1 from package 00044553.upk
Loading package: 00036021.upk Ver: 573/1 Engine: 4205 Names: 32 Exports: 4 Imports: 2 Game: 801A
Loading package: 00008613.upk Ver: 573/1 Engine: 4205 Names: 95 Exports: 6 Imports: 12 Game: 801A
Loading package: 00002620.upk Ver: 573/1 Engine: 4205 Names: 576 Exports: 7687 Imports: 96 Game: 801A
Loading MaterialInstanceConstant col2 from package 00044553.upk
Loading package: 00044542.upk Ver: 573/1 Engine: 4205 Names: 32 Exports: 4 Imports: 2 Game: 801A
Loading package: 00002640.upk Ver: 573/1 Engine: 4205 Names: 291 Exports: 507 Imports: 3 Game: 801A
Loading package: 00044550.upk Ver: 573/1 Engine: 4205 Names: 213 Exports: 236 Imports: 59 Game: 801A
Loading package: 00012963.upk Ver: 573/1 Engine: 4205 Names: 1349 Exports: 1323 Imports: 10 Game: 801A
Loading Texture2D Hair_108_JinF_col1_D from package 00036021.upk
Loading Texture2D Hair_108_JinF_col1_N from package 00036021.upk
Loading Texture2D Nothing_A from package 00008613.upk
Loading Material3 Beard_Ac from package 00002620.upk
Loading Texture2D 040279_JinF_col1_N from package 00044542.upk
Loading Texture2D 040279_JinF_col1_M from package 00044542.upk
Loading Texture2D 040279_JinF_col1_D from package 00044542.upk
Loading Texture2D 040279_JinF_col1_S from package 00044542.upk
Loading TextureCube lenscube from package 00002640.upk
Loading Texture2D check from package 00002620.upk
Loading Texture2D 040279_FX from package 00044550.upk
Loading Texture2D Noise_005 from package 00012963.upk
Loading Material3 body_FX from package 00044550.upk
Loading Texture2D check_n from package 00002620.upk
Loading Texture2D Noise_Glass_000 from package 00012963.upk
Loading Texture2D Smoke_Pattern_001 from package 00012963.upk
Loading Texture2D Gradient_Wipe_BurnOut_Mask_TEST from package 00012963.upk
Loading Texture2D Gradient_Wipe_BurnOut_Mask from package 00012963.upk
Loading Texture2D Gradient_Line_003 from package 00012963.upk
Loading Texture2D CubemapFace0 from package 00002640.upk
Loading Texture2D CubemapFace1 from package 00002640.upk
Loading Texture2D CubemapFace2 from package 00002640.upk
Loading Texture2D CubemapFace3 from package 00002640.upk
Loading Texture2D CubemapFace4 from package 00002640.upk
Loading Texture2D CubemapFace5 from package 00002640.upk
Loading Texture2D Noise_Wave_000 from package 00012963.upk
Loaded in 0.26 sec, 3584 allocs, 2.73 MBytes serialized in 385953 calls.

Object info:
============
ClassName: SkeletalMesh3 ObjectName: 040279_LynF

    LODInfo[1] =
    {
        LODInfo[0] =
        {
            DisplayFactor = 0
            LODHysteresis = 0.02
            LODMaterialMap[0] = {}
            bEnableShadowCasting[2] = { true, true }
        }
    }
    Sockets[2] =
    {
        Sockets[0] = SkeletalMeshSocket'040279_LynF.SkeletalMeshSocket_808'
        Sockets[1] = SkeletalMeshSocket'040279_LynF.SkeletalMeshSocket_809'
    }
    bHasVertexColors = false
    EnableTwistBoneFixers = true
    EnableClavicleFixer = true
    Materials[2] = { MaterialInstanceConstant'col1', MaterialInstanceConstant'col2' }


    Lods[1] =
    {
        Lods[0] =
        {
            Sections[2] =
            {
                Sections[0] = { Material=MaterialInstanceConstant'col2', FirstIndex=0, NumFaces=5012 }
                Sections[1] = { Material=MaterialInstanceConstant'col1', FirstIndex=15036, NumFaces=2167 }
            }
            NumVerts = 5558
            IndexCount = 21537
            NumTexCoords = 1
        }
    }
    LodCount = 1
    MeshOrigin = { X=-0, Y=-0, Z=-0 }
    MeshScale = { X=1, Y=1, Z=1 }
    RotOrigin = { Yaw=0, Pitch=0, Roll=0 }
    BoneCount = 32

Object info:
============
ClassName: SkeletalMeshSocket ObjectName: SkeletalMeshSocket_808

    SocketName = FX_Add_R
    BoneName = Bone_A04_Head_FR01_Root
    RelativeLocation = { X=0.163912, Y=-0.597835, Z=2.44567 }
    RelativeRotation = { Yaw=36408, Pitch=0, Roll=9102 }
    RelativeScale = { X=1, Y=1, Z=1 }

Object info:
============
ClassName: SkeletalMeshSocket ObjectName: SkeletalMeshSocket_809

    SocketName = FX_Add_L
    BoneName = Bone_A04_Head_FL01_Root
    RelativeLocation = { X=-0.0643443, Y=-0.874111, Z=-2.64525 }
    RelativeRotation = { Yaw=0, Pitch=0, Roll=-23665 }
    RelativeScale = { X=1, Y=1, Z=1 }
