Found 32768 game files (1766 skipped)
Loading package: 00043998.upk Ver: 573/1 Engine: 4205 Names: 153 Exports: 113 Imports: 18 Game: 801A
Loading SkeletalMesh3 AnthroEntMiddleBoss from package 00043998.upk
WARNING: ObjectProperty "USkeletalMesh3::PlaySoundSet" was not found
WARNING: FloatProperty "USkeletalMesh3::AnimNameHeight" was not found
WARNING: FloatProperty "USkeletalMesh3::NormalNameHeight" was not found
WARNING: FloatProperty "USkeletalMesh3::LowNameHeight" was not found
Loading package: 00044000.upk Ver: 573/1 Engine: 4205 Names: 180 Exports: 162 Imports: 54 Game: 801A
Loading SkeletalMeshSocket SkeletalMeshSocket_100 from package 00043998.upk
Loading SkeletalMeshSocket SkeletalMeshSocket_101 from package 00043998.upk
WARNING: ObjectProperty "USkeletalMeshSocket::DependencyParticleSystem" was not found
WARNING: BoolProperty "USkeletalMeshSocket::bParticleAttachPosOnly" was not found
Loading SkeletalMeshSocket SkeletalMeshSocket_102 from package 00043998.upk
Loading SkeletalMeshSocket SkeletalMeshSocket_103 from package 00043998.upk
Loading SkeletalMeshSocket SkeletalMeshSocket_104 from package 00043998.upk
Loading SkeletalMeshSocket SkeletalMeshSocket_105 from package 00043998.upk
Loading SkeletalMeshSocket SkeletalMeshSocket_106 from package 00043998.upk
Loading SkeletalMeshSocket SkeletalMeshSocket_107 from package 00043998.upk
Loading SkeletalMeshSocket SkeletalMeshSocket_108 from package 00043998.upk
WARNING: BoolProperty "USkeletalMeshSocket::bParticleAttachPosOnly" was not found
Loading SkeletalMeshSocket SkeletalMeshSocket_109 from package 00043998.upk
Loading SkeletalMeshSocket SkeletalMeshSocket_110 from package 00043998.upk
Loading SkeletalMeshSocket SkeletalMeshSocket_50 from package 00043998.upk
Loading SkeletalMeshSocket SkeletalMeshSocket_51 from package 00043998.upk
Loading SkeletalMeshSocket SkeletalMeshSocket_52 from package 00043998.upk
Loading SkeletalMeshSocket SkeletalMeshSocket_53 from package 00043998.upk
Loading SkeletalMeshSocket SkeletalMeshSocket_94 from package 00043998.upk
Loading SkeletalMeshSocket SkeletalMeshSocket_95 from package 00043998.upk
Loading SkeletalMeshSocket SkeletalMeshSocket_96 from package 00043998.upk
Loading SkeletalMeshSocket SkeletalMeshSocket_97 from package 00043998.upk
Loading SkeletalMeshSocket SkeletalMeshSocket_99 from package 00043998.upk
Loading MaterialInstanceConstant col1 from package 00044000.upk
Loading package: 00043999.upk Ver: 573/1 Engine: 4205 Names: 33 Exports: 6 Imports: 2 Game: 801A
Loading package: 00002640.upk Ver: 573/1 Engine: 4205 Names: 291 Exports: 507 Imports: 3 Game: 801A
Loading Texture2D AnthroEntMiddleBoss_col1_N from package 00043999.upk
Loading Texture2D AnthroEntMiddleBoss_col1_M from package 00043999.upk
Loading Texture2D AnthroEntMiddleBoss_col1_D from package 00043999.upk
Loading Texture2D AnthroEntMiddleBoss_col1_S from package 00043999.upk
Loading TextureCube MatelW5 from package 00002640.upk
Loading Texture2D AnthroEntMiddleBoss_col1_E from package 00043999.upk
Loading Texture2D AnthroEntMiddleBoss_col2_FX from package 00043999.upk
Loading Material3 Executioner_Basic_local_reflect_FX from package 00044000.upk
Loading package: 00002620.upk Ver: 573/1 Engine: 4205 Names: 576 Exports: 7687 Imports: 96 Game: 801A
Loading package: 00012963.upk Ver: 573/1 Engine: 4205 Names: 1386 Exports: 1362 Imports: 10 Game: 801A
Loading Texture2D CubemapFace0 from package 00002640.upk
Loading Texture2D CubemapFace1 from package 00002640.upk
Loading Texture2D CubemapFace2 from package 00002640.upk
Loading Texture2D CubemapFace3 from package 00002640.upk
Loading Texture2D CubemapFace4 from package 00002640.upk
Loading Texture2D CubemapFace5 from package 00002640.upk
Loading Texture2D check_n from package 00002620.upk
Loading Texture2D Noise_Glass_000 from package 00012963.upk
Loading Texture2D Smoke_Pattern_001 from package 00012963.upk
Loading Texture2D Gradient_Wipe_BurnOut_Mask_TEST from package 00012963.upk
Loading Texture2D Gradient_Wipe_BurnOut_Mask from package 00012963.upk
Loading Texture2D check from package 00002620.upk
Loading Texture2D Gradient_Line_003 from package 00012963.upk
Loaded in 0.2 sec, 3246 allocs, 4.34 MBytes serialized in 534964 calls.

Object info:
============
ClassName: SkeletalMesh3 ObjectName: AnthroEntMiddleBoss

    LODInfo[1] =
    {
        LODInfo[0] =
        {
            DisplayFactor = 0
            LODHysteresis = 0.02
            LODMaterialMap[0] = {}
            bEnableShadowCasting[1] = { true }
        }
    }
    Sockets[20] =
    {
        Sockets[0] = SkeletalMeshSocket'AnthroEntMiddleBoss.SkeletalMeshSocket_99'
        Sockets[1] = SkeletalMeshSocket'AnthroEntMiddleBoss.SkeletalMeshSocket_100'
        Sockets[2] = SkeletalMeshSocket'AnthroEntMiddleBoss.SkeletalMeshSocket_101'
        Sockets[3] = SkeletalMeshSocket'AnthroEntMiddleBoss.SkeletalMeshSocket_102'
        Sockets[4] = SkeletalMeshSocket'AnthroEntMiddleBoss.SkeletalMeshSocket_103'
        Sockets[5] = SkeletalMeshSocket'AnthroEntMiddleBoss.SkeletalMeshSocket_104'
        Sockets[6] = SkeletalMeshSocket'AnthroEntMiddleBoss.SkeletalMeshSocket_105'
        Sockets[7] = SkeletalMeshSocket'AnthroEntMiddleBoss.SkeletalMeshSocket_106'
        Sockets[8] = SkeletalMeshSocket'AnthroEntMiddleBoss.SkeletalMeshSocket_107'
        Sockets[9] = SkeletalMeshSocket'AnthroEntMiddleBoss.SkeletalMeshSocket_108'
        Sockets[10] = SkeletalMeshSocket'AnthroEntMiddleBoss.SkeletalMeshSocket_50'
        Sockets[11] = SkeletalMeshSocket'AnthroEntMiddleBoss.SkeletalMeshSocket_51'
        Sockets[12] = SkeletalMeshSocket'AnthroEntMiddleBoss.SkeletalMeshSocket_52'
        Sockets[13] = SkeletalMeshSocket'AnthroEntMiddleBoss.SkeletalMeshSocket_53'
        Sockets[14] = SkeletalMeshSocket'AnthroEntMiddleBoss.SkeletalMeshSocket_94'
        Sockets[15] = SkeletalMeshSocket'AnthroEntMiddleBoss.SkeletalMeshSocket_95'
        Sockets[16] = SkeletalMeshSocket'AnthroEntMiddleBoss.SkeletalMeshSocket_109'
        Sockets[17] = SkeletalMeshSocket'AnthroEntMiddleBoss.SkeletalMeshSocket_110'
        Sockets[18] = SkeletalMeshSocket'AnthroEntMiddleBoss.SkeletalMeshSocket_96'
        Sockets[19] = SkeletalMeshSocket'AnthroEntMiddleBoss.SkeletalMeshSocket_97'
    }
    bHasVertexColors = false
    EnableTwistBoneFixers = true
    EnableClavicleFixer = true
    Materials[1] = { MaterialInstanceConstant'col1' }


    Lods[1] =
    {
        Lods[0] =
        {
            Sections[1] =
            {
                Sections[0] = { Material=MaterialInstanceConstant'col1', FirstIndex=0, NumFaces=13012 }
            }
            NumVerts = 8869
            IndexCount = 39036
            NumTexCoords = 1
        }
    }
    LodCount = 1
    MeshOrigin = { X=-0, Y=-0, Z=-0 }
    MeshScale = { X=1, Y=1, Z=1 }
    RotOrigin = { Yaw=0, Pitch=0, Roll=0 }
    BoneCount = 35

Object info:
============
ClassName: SkeletalMeshSocket ObjectName: SkeletalMeshSocket_100

    SocketName = Catch_Neck
    BoneName = Bip01Neck
    RelativeLocation = { X=31.9531, Y=-27.2192, Z=0 }
    RelativeRotation = { Yaw=0, Pitch=0, Roll=0 }
    RelativeScale = { X=1, Y=1, Z=1 }

Object info:
============
ClassName: SkeletalMeshSocket ObjectName: SkeletalMeshSocket_101

    SocketName = Decap_Socket
    BoneName = Bip01Neck
    RelativeLocation = { X=-11.3981, Y=13.0797, Z=0 }
    RelativeRotation = { Yaw=0, Pitch=0, Roll=0 }
    RelativeScale = { X=1, Y=1, Z=1 }

Object info:
============
ClassName: SkeletalMeshSocket ObjectName: SkeletalMeshSocket_102

    SocketName = Catch_Back
    BoneName = Bip01Spine2
    RelativeLocation = { X=0, Y=41.3964, Z=0 }
    RelativeRotation = { Yaw=0, Pitch=0, Roll=0 }
    RelativeScale = { X=1, Y=1, Z=1 }

Object info:
============
ClassName: SkeletalMeshSocket ObjectName: SkeletalMeshSocket_103

    SocketName = target_high
    BoneName = Bip01Head
    RelativeLocation = { X=10, Y=-16, Z=0 }
    RelativeRotation = { Yaw=0, Pitch=0, Roll=0 }
    RelativeScale = { X=1, Y=1, Z=1 }

Object info:
============
ClassName: SkeletalMeshSocket ObjectName: SkeletalMeshSocket_104

    SocketName = Mount_Socket
    BoneName = Bip01Spine1
    RelativeLocation = { X=18.7035, Y=-31.189, Z=0 }
    RelativeRotation = { Yaw=1274, Pitch=0, Roll=-16384 }
    RelativeScale = { X=1, Y=1, Z=1 }

Object info:
============
ClassName: SkeletalMeshSocket ObjectName: SkeletalMeshSocket_105

    SocketName = Mount_Ambar_Socket
    BoneName = Bip01LClavicle
    RelativeLocation = { X=2, Y=-14, Z=-21 }
    RelativeRotation = { Yaw=-285, Pitch=9970, Roll=22850 }
    RelativeScale = { X=1, Y=1, Z=1 }

Object info:
============
ClassName: SkeletalMeshSocket ObjectName: SkeletalMeshSocket_106

    SocketName = socket_force
    BoneName = Root
    RelativeLocation = { X=100, Y=55.5129, Z=-16.75 }
    RelativeRotation = { Yaw=0, Pitch=0, Roll=0 }
    RelativeScale = { X=1, Y=1, Z=1 }

Object info:
============
ClassName: SkeletalMeshSocket ObjectName: SkeletalMeshSocket_107

    SocketName = Mount_Choke_Socket
    BoneName = Root
    RelativeLocation = { X=37.026, Y=1.15813, Z=26 }
    RelativeRotation = { Yaw=32768, Pitch=0, Roll=0 }
    RelativeScale = { X=1, Y=1, Z=1 }

Object info:
============
ClassName: SkeletalMeshSocket ObjectName: SkeletalMeshSocket_108

    SocketName = FX_Ghost_Bone
    BoneName = Bip01
    RelativeLocation = { X=0, Y=0, Z=0 }
    RelativeRotation = { Yaw=0, Pitch=0, Roll=0 }
    RelativeScale = { X=1, Y=1, Z=1 }

Object info:
============
ClassName: SkeletalMeshSocket ObjectName: SkeletalMeshSocket_109

    SocketName = WeaponL03
    BoneName = BONE_LHAND
    RelativeLocation = { X=93.7403, Y=-10.5434, Z=8.09384 }
    RelativeRotation = { Yaw=0, Pitch=0, Roll=0 }
    RelativeScale = { X=1, Y=1, Z=1 }

Object info:
============
ClassName: SkeletalMeshSocket ObjectName: SkeletalMeshSocket_110

    SocketName = WeaponR03
    BoneName = BONE_RHAND
    RelativeLocation = { X=90.2982, Y=-10.0968, Z=-12.7247 }
    RelativeRotation = { Yaw=0, Pitch=0, Roll=0 }
    RelativeScale = { X=1, Y=1, Z=1 }

Object info:
============
ClassName: SkeletalMeshSocket ObjectName: SkeletalMeshSocket_50

    SocketName = WeaponL
    BoneName = BONE_LHAND
    RelativeLocation = { X=79.442, Y=0, Z=42.8806 }
    RelativeRotation = { Yaw=0, Pitch=0, Roll=0 }
    RelativeScale = { X=1, Y=1, Z=1 }

Object info:
============
ClassName: SkeletalMeshSocket ObjectName: SkeletalMeshSocket_51

    SocketName = WeaponR
    BoneName = BONE_RHAND
    RelativeLocation = { X=62.6649, Y=0, Z=-43.3487 }
    RelativeRotation = { Yaw=0, Pitch=0, Roll=0 }
    RelativeScale = { X=1, Y=1, Z=1 }

Object info:
============
ClassName: SkeletalMeshSocket ObjectName: SkeletalMeshSocket_52

    SocketName = WeaponL01
    BoneName = BONE_LHAND
    RelativeLocation = { X=126.036, Y=0, Z=-40.1328 }
    RelativeRotation = { Yaw=0, Pitch=0, Roll=0 }
    RelativeScale = { X=1, Y=1, Z=1 }

Object info:
============
ClassName: SkeletalMeshSocket ObjectName: SkeletalMeshSocket_53

    SocketName = WeaponR01
    BoneName = BONE_RHAND
    RelativeLocation = { X=125.205, Y=0, Z=19.0186 }
    RelativeRotation = { Yaw=0, Pitch=0, Roll=0 }
    RelativeScale = { X=1, Y=1, Z=1 }

Object info:
============
ClassName: SkeletalMeshSocket ObjectName: SkeletalMeshSocket_94

    SocketName = WEAPONL02
    BoneName = BONE_LHAND
    RelativeLocation = { X=96.8087, Y=2.96025, Z=5.77919 }
    RelativeRotation = { Yaw=0, Pitch=0, Roll=0 }
    RelativeScale = { X=1, Y=1, Z=1 }

Object info:
============
ClassName: SkeletalMeshSocket ObjectName: SkeletalMeshSocket_95

    SocketName = WeaponR02
    BoneName = BONE_RHAND
    RelativeLocation = { X=89.7158, Y=9.25037, Z=-22.1808 }
    RelativeRotation = { Yaw=0, Pitch=0, Roll=0 }
    RelativeScale = { X=1, Y=1, Z=1 }

Object info:
============
ClassName: SkeletalMeshSocket ObjectName: SkeletalMeshSocket_96

    SocketName = WeaponR05
    BoneName = BONE_RHAND
    RelativeLocation = { X=0, Y=0, Z=0 }
    RelativeRotation = { Yaw=0, Pitch=0, Roll=0 }
    RelativeScale = { X=1, Y=1, Z=1 }

Object info:
============
ClassName: SkeletalMeshSocket ObjectName: SkeletalMeshSocket_97

    SocketName = WeaponL05
    BoneName = BONE_LHAND
    RelativeLocation = { X=0, Y=0, Z=0 }
    RelativeRotation = { Yaw=0, Pitch=0, Roll=0 }
    RelativeScale = { X=1, Y=1, Z=1 }

Object info:
============
ClassName: SkeletalMeshSocket ObjectName: SkeletalMeshSocket_99

    SocketName = ATTACH_EFFECT
    BoneName = Bip01
    RelativeLocation = { X=0, Y=0, Z=0 }
    RelativeRotation = { Yaw=0, Pitch=0, Roll=0 }
    RelativeScale = { X=1, Y=1, Z=1 }
