Found 32768 game files (1766 skipped)
Loading package: 00047663.upk Ver: 573/1 Engine: 4205 Names: 196 Exports: 223 Imports: 18 Game: 801A
Loading SkeletalMesh3 AncientDokgo from package 00047663.upk
WARNING: ObjectProperty "USkeletalMesh3::PlaySoundSet" was not found
WARNING: FloatProperty "USkeletalMesh3::AnimNameHeight" was not found
WARNING: FloatProperty "USkeletalMesh3::NormalNameHeight" was not found
WARNING: FloatProperty "USkeletalMesh3::LowNameHeight" was not found
WARNING: BoolProperty "USkeletalMesh3::bForceCharacterLight" was not found
Loading package: 00047665.upk Ver: 573/1 Engine: 4205 Names: 86 Exports: 1 Imports: 21 Game: 801A
Loading SkeletalMeshSocket SkeletalMeshSocket_102 from package 00047663.upk
Loading SkeletalMeshSocket SkeletalMeshSocket_103 from package 00047663.upk
Loading SkeletalMeshSocket SkeletalMeshSocket_104 from package 00047663.upk
Loading SkeletalMeshSocket SkeletalMeshSocket_105 from package 00047663.upk
Loading SkeletalMeshSocket SkeletalMeshSocket_106 from package 00047663.upk
Loading SkeletalMeshSocket SkeletalMeshSocket_107 from package 00047663.upk
Loading SkeletalMeshSocket SkeletalMeshSocket_108 from package 00047663.upk
Loading SkeletalMeshSocket SkeletalMeshSocket_109 from package 00047663.upk
Loading SkeletalMeshSocket SkeletalMeshSocket_110 from package 00047663.upk
Loading SkeletalMeshSocket SkeletalMeshSocket_187 from package 00047663.upk
WARNING: ObjectProperty "USkeletalMeshSocket::PreviewSkelMesh" was not found
Loading MaterialInstanceConstant col1 from package 00047665.upk
Loading package: 00047664.upk Ver: 573/1 Engine: 4205 Names: 32 Exports: 5 Imports: 2 Game: 801A
Loading package: 00002640.upk Ver: 573/1 Engine: 4205 Names: 291 Exports: 507 Imports: 3 Game: 801A
Loading package: 00002620.upk Ver: 573/1 Engine: 4205 Names: 576 Exports: 7687 Imports: 96 Game: 801A
Loading Texture2D AncientDokgo_col1_N from package 00047664.upk
Loading Texture2D AncientDokgo_col1_M from package 00047664.upk
Loading Texture2D AncientDokgo_col1_D from package 00047664.upk
Loading Texture2D AncientDokgo_col1_S from package 00047664.upk
Loading TextureCube lenscube_a from package 00002640.upk
Loading Texture2D AncientDokgo_col1_E from package 00047664.upk
Loading Material3 Basic_view_reflect from package 00002620.upk
Loading package: 00012963.upk Ver: 573/1 Engine: 4205 Names: 1386 Exports: 1362 Imports: 10 Game: 801A
Loading Texture2D CubemapFace0 from package 00002640.upk
Loading Texture2D CubemapFace1 from package 00002640.upk
Loading Texture2D CubemapFace2 from package 00002640.upk
Loading Texture2D CubemapFace3 from package 00002640.upk
Loading Texture2D CubemapFace4 from package 00002640.upk
Loading Texture2D CubemapFace5 from package 00002640.upk
Loading Texture2D check_n from package 00002620.upk
Loading Texture2D Noise_Glass_000 from package 00012963.upk
Loading Texture2D Smoke_Pattern_001 from package 00012963.upk
Loading Texture2D Gradient_Wipe_BurnOut_Mask_TEST from package 00012963.upk
Loading Texture2D Gradient_Wipe_BurnOut_Mask from package 00012963.upk
Loading Texture2D check from package 00002620.upk
Loading Texture2D Gradient_Line_003 from package 00012963.upk
Loaded in 0.31 sec, 3173 allocs, 5.37 MBytes serialized in 485170 calls.

Object info:
============
ClassName: SkeletalMesh3 ObjectName: AncientDokgo

    LODInfo[1] =
    {
        LODInfo[0] =
        {
            DisplayFactor = 0
            LODHysteresis = 0.02
            LODMaterialMap[0] = {}
            bEnableShadowCasting[1] = { true }
        }
    }
    Sockets[10] =
    {
        Sockets[0] = SkeletalMeshSocket'AncientDokgo.SkeletalMeshSocket_187'
        Sockets[1] = SkeletalMeshSocket'AncientDokgo.SkeletalMeshSocket_102'
        Sockets[2] = SkeletalMeshSocket'AncientDokgo.SkeletalMeshSocket_103'
        Sockets[3] = SkeletalMeshSocket'AncientDokgo.SkeletalMeshSocket_104'
        Sockets[4] = SkeletalMeshSocket'AncientDokgo.SkeletalMeshSocket_105'
        Sockets[5] = SkeletalMeshSocket'AncientDokgo.SkeletalMeshSocket_106'
        Sockets[6] = SkeletalMeshSocket'AncientDokgo.SkeletalMeshSocket_107'
        Sockets[7] = SkeletalMeshSocket'AncientDokgo.SkeletalMeshSocket_108'
        Sockets[8] = SkeletalMeshSocket'AncientDokgo.SkeletalMeshSocket_109'
        Sockets[9] = SkeletalMeshSocket'AncientDokgo.SkeletalMeshSocket_110'
    }
    bHasVertexColors = false
    EnableTwistBoneFixers = true
    EnableClavicleFixer = true
    Materials[1] = { MaterialInstanceConstant'col1' }


    Lods[1] =
    {
        Lods[0] =
        {
            Sections[1] =
            {
                Sections[0] = { Material=MaterialInstanceConstant'col1', FirstIndex=0, NumFaces=12103 }
            }
            NumVerts = 8809
            IndexCount = 36309
            NumTexCoords = 1
        }
    }
    LodCount = 1
    MeshOrigin = { X=-0, Y=-0, Z=-0 }
    MeshScale = { X=1, Y=1, Z=1 }
    RotOrigin = { Yaw=0, Pitch=0, Roll=0 }
    BoneCount = 88

Object info:
============
ClassName: SkeletalMeshSocket ObjectName: SkeletalMeshSocket_102

    SocketName = target_high
    BoneName = Bip01Head
    RelativeLocation = { X=0, Y=0, Z=0 }
    RelativeRotation = { Yaw=0, Pitch=0, Roll=0 }
    RelativeScale = { X=1, Y=1, Z=1 }

Object info:
============
ClassName: SkeletalMeshSocket ObjectName: SkeletalMeshSocket_103

    SocketName = socket_force
    BoneName = Root
    RelativeLocation = { X=44, Y=38.7806, Z=-43 }
    RelativeRotation = { Yaw=0, Pitch=0, Roll=0 }
    RelativeScale = { X=1, Y=1, Z=1 }

Object info:
============
ClassName: SkeletalMeshSocket ObjectName: SkeletalMeshSocket_104

    SocketName = Mount_Socket
    BoneName = Bip01Spine1
    RelativeLocation = { X=0, Y=-8.30923, Z=0 }
    RelativeRotation = { Yaw=0, Pitch=0, Roll=-16384 }
    RelativeScale = { X=1, Y=1, Z=1 }

Object info:
============
ClassName: SkeletalMeshSocket ObjectName: SkeletalMeshSocket_105

    SocketName = Mount_Ambar_Socket
    BoneName = Bip01LClavicle
    RelativeLocation = { X=2.56573, Y=-13.8821, Z=-21.2274 }
    RelativeRotation = { Yaw=-285, Pitch=9970, Roll=22850 }
    RelativeScale = { X=1, Y=1, Z=1 }

Object info:
============
ClassName: SkeletalMeshSocket ObjectName: SkeletalMeshSocket_106

    SocketName = Mount_Choke_Socket
    BoneName = Root
    RelativeLocation = { X=7.97719, Y=-4.90856, Z=37.25 }
    RelativeRotation = { Yaw=32768, Pitch=0, Roll=0 }
    RelativeScale = { X=1, Y=1, Z=1 }

Object info:
============
ClassName: SkeletalMeshSocket ObjectName: SkeletalMeshSocket_107

    SocketName = ATTACH_EFFECT
    BoneName = Bip01
    RelativeLocation = { X=10, Y=0, Z=0 }
    RelativeRotation = { Yaw=0, Pitch=0, Roll=0 }
    RelativeScale = { X=1, Y=1, Z=1 }

Object info:
============
ClassName: SkeletalMeshSocket ObjectName: SkeletalMeshSocket_108

    SocketName = Catch_Back
    BoneName = Bip01Spine1
    RelativeLocation = { X=0, Y=0, Z=0 }
    RelativeRotation = { Yaw=0, Pitch=0, Roll=0 }
    RelativeScale = { X=1, Y=1, Z=1 }

Object info:
============
ClassName: SkeletalMeshSocket ObjectName: SkeletalMeshSocket_109

    SocketName = socket_neck
    BoneName = Bip01Neck
    RelativeLocation = { X=0, Y=0, Z=0 }
    RelativeRotation = { Yaw=0, Pitch=0, Roll=0 }
    RelativeScale = { X=1, Y=1, Z=1 }

Object info:
============
ClassName: SkeletalMeshSocket ObjectName: SkeletalMeshSocket_110

    SocketName = Decap_Socket
    BoneName = Bip01Neck
    RelativeLocation = { X=0, Y=0, Z=0 }
    RelativeRotation = { Yaw=0, Pitch=0, Roll=0 }
    RelativeScale = { X=1, Y=1, Z=1 }

Object info:
============
ClassName: SkeletalMeshSocket ObjectName: SkeletalMeshSocket_187

    SocketName = WeaponL
    BoneName = WeaponL
    RelativeLocation = { X=0, Y=0, Z=0 }
    RelativeRotation = { Yaw=0, Pitch=0, Roll=0 }
    RelativeScale = { X=1, Y=1, Z=1 }
