Found 32768 game files (1222 skipped)
Loading package: 00042302.upk Ver: 573/1 Engine: 4205 Names: 98 Exports: 24 Imports: 12 Game: 801A
Loading SkeletalMesh3 990231_DarkBullSwordman from package 00042302.upk
Loading package: 00042301.upk Ver: 573/1 Engine: 4205 Names: 171 Exports: 150 Imports: 46 Game: 801A
Loading MaterialInstanceConstant col1 from package 00042301.upk
Loading package: 00042300.upk Ver: 573/1 Engine: 4205 Names: 38 Exports: 9 Imports: 4 Game: 801A
Loading package: 00002640.upk Ver: 573/1 Engine: 4205 Names: 291 Exports: 507 Imports: 3 Game: 801A
Loading package: 00002620.upk Ver: 573/1 Engine: 4205 Names: 576 Exports: 7687 Imports: 96 Game: 801A
Loading Texture2D 990231_DarkBullSwordman_col1_N from package 00042300.upk
Loading Texture2D 990231_DarkBullSwordman_col1_M from package 00042300.upk
Loading Texture2D 990231_DarkBullSwordman_col1_D from package 00042300.upk
Loading Texture2D 990231_DarkBullSwordman_col1_S from package 00042300.upk
Loading Texture2D cube_cst_all from package 00002640.upk
Loading Texture2D check from package 00002620.upk
Loading Texture2D 990231_DarkBullSwordman_col1_FX from package 00042300.upk
Loading Material3 Basic_FX from package 00042301.upk
Loading package: 00012963.upk Ver: 573/1 Engine: 4205 Names: 1349 Exports: 1323 Imports: 10 Game: 801A
Loading Texture2D check_n from package 00002620.upk
Loading Texture2D Smoke_Pattern_001 from package 00012963.upk
Loading Texture2D Gradient_Line_003 from package 00012963.upk
Loading Texture2D Gradient_Wipe_BurnOut_Mask_TEST from package 00012963.upk
Loading Texture2D Gradient_Wipe_BurnOut_Mask from package 00012963.upk
Loaded in 0.12 sec, 2934 allocs, 1.27 MBytes serialized in 236720 calls.

Object info:
============
ClassName: SkeletalMesh3 ObjectName: 990231_DarkBullSwordman

    LODInfo[1] =
    {
        LODInfo[0] =
        {
            DisplayFactor = 0
            LODHysteresis = 0.02
            LODMaterialMap[0] = {}
            bEnableShadowCasting[1] = { true }
        }
    }
    Sockets[0] = {}
    bHasVertexColors = false
    EnableTwistBoneFixers = true
    EnableClavicleFixer = true
    Materials[1] = { MaterialInstanceConstant'col1' }


    Lods[1] =
    {
        Lods[0] =
        {
            Sections[1] =
            {
                Sections[0] = { Material=MaterialInstanceConstant'col1', FirstIndex=0, NumFaces=2064 }
            }
            NumVerts = 1532
            IndexCount = 6192
            NumTexCoords = 1
        }
    }
    LodCount = 1
    MeshOrigin = { X=-0, Y=-0, Z=-0 }
    MeshScale = { X=1, Y=1, Z=1 }
    RotOrigin = { Yaw=0, Pitch=0, Roll=0 }
    BoneCount = 21
