Found 32768 game files (1222 skipped)
Loading package: 00048685.upk Ver: 573/1 Engine: 4205 Names: 104 Exports: 1 Imports: 24 Game: 801A
Loading MaterialInstanceConstant col12 from package 00048685.upk
Loading package: 00046383.upk Ver: 573/1 Engine: 4205 Names: 40 Exports: 12 Imports: 2 Game: 801A
Loading package: 00002640.upk Ver: 573/1 Engine: 4205 Names: 291 Exports: 507 Imports: 3 Game: 801A
Loading package: 00012963.upk Ver: 573/1 Engine: 4205 Names: 1349 Exports: 1323 Imports: 10 Game: 801A
Loading package: 00048680.upk Ver: 573/1 Engine: 4205 Names: 366 Exports: 700 Imports: 142 Game: 801A
Loading package: 00048032.upk Ver: 573/1 Engine: 4205 Names: 184 Exports: 188 Imports: 50 Game: 801A
Loading Texture2D 070016_Autoscale_col3_N from package 00046383.upk
Loading Texture2D 070016_Autoscale_col3_M from package 00046383.upk
Loading Texture2D 070016_Autoscale_col3_D from package 00046383.upk
Loading Texture2D 070016_Autoscale_col3_S from package 00046383.upk
Loading TextureCube mirror2 from package 00002640.upk
Loading Texture2D Noise_010 from package 00012963.upk
Loading Texture2D Noise_006 from package 00012963.upk
Loading Texture2D 070016_FX_mask from package 00048680.upk
Loading Material3 Basic_Fx_070044 from package 00048032.upk
Loading package: 00002620.upk Ver: 573/1 Engine: 4205 Names: 576 Exports: 7687 Imports: 96 Game: 801A
Loading Texture2D CubemapFace0 from package 00002640.upk
Loading Texture2D CubemapFace1 from package 00002640.upk
Loading Texture2D CubemapFace2 from package 00002640.upk
Loading Texture2D CubemapFace3 from package 00002640.upk
Loading Texture2D CubemapFace4 from package 00002640.upk
Loading Texture2D CubemapFace5 from package 00002640.upk
Loading Texture2D check_n from package 00002620.upk
Loading Texture2D check from package 00002620.upk
Loading Texture2D Smoke_Pattern_001 from package 00012963.upk
Loading Texture2D Gradient_Line_003 from package 00012963.upk
Loading Texture2D Gradient_Wipe_BurnOut_Mask_TEST from package 00012963.upk
Loading Texture2D Gradient_Wipe_BurnOut_Mask from package 00012963.upk
Loaded in 0.16 sec, 3487 allocs, 1.24 MBytes serialized in 203224 calls.

Object info:
============
ClassName: MaterialInstanceConstant ObjectName: col12

    ScalarParameterValues[12] =
    {
        ScalarParameterValues[0] = { ParameterName=Transmission_value, ParameterValue=0.5 }
        ScalarParameterValues[1] = { ParameterName=Glossiness1, ParameterValue=5 }
        ScalarParameterValues[2] = { ParameterName=Glossiness2, ParameterValue=100 }
        ScalarParameterValues[3] = { ParameterName=Specular_value, ParameterValue=2.5 }
        ScalarParameterValues[4] = { ParameterName=HighLight_Value, ParameterValue=2 }
        ScalarParameterValues[5] = { ParameterName=HighLight_glossiness, ParameterValue=40 }
        ScalarParameterValues[6] = { ParameterName=Emissive_value, ParameterValue=2 }
        ScalarParameterValues[7] = { ParameterName=Emissive_value2, ParameterValue=0 }
        ScalarParameterValues[8] = { ParameterName=FX_Add_value, ParameterValue=32 }
        ScalarParameterValues[9] = { ParameterName=RGB_Alpha_Lerp, ParameterValue=0 }
        ScalarParameterValues[10] = { ParameterName=Fresnel Value, ParameterValue=1 }
        ScalarParameterValues[11] = { ParameterName=Fresnel exponent, ParameterValue=30 }
    }
    TextureParameterValues[9] =
    {
        TextureParameterValues[0] = { ParameterName=Normal, ParameterValue=Texture2D'070016_Autoscale_col3_N' }
        TextureParameterValues[1] = { ParameterName=Mask_GB, ParameterValue=Texture2D'070016_Autoscale_col3_M' }
        TextureParameterValues[2] = { ParameterName=Diffuse, ParameterValue=Texture2D'070016_Autoscale_col3_D' }
        TextureParameterValues[3] = { ParameterName=Specular, ParameterValue=Texture2D'070016_Autoscale_col3_S' }
        TextureParameterValues[4] = { ParameterName=rf_cube, ParameterValue=TextureCube'mirror2' }
        TextureParameterValues[5] = { ParameterName=Emissive, ParameterValue=Texture2D'070016_Autoscale_col3_M' }
        TextureParameterValues[6] = { ParameterName=FX_tex02, ParameterValue=Texture2D'Noise_010' }
        TextureParameterValues[7] = { ParameterName=FX_tex01, ParameterValue=Texture2D'Noise_006' }
        TextureParameterValues[8] = { ParameterName=FX_Mask, ParameterValue=Texture2D'070016_FX_mask' }
    }
    VectorParameterValues[16] =
    {
        VectorParameterValues[0] =
        {
            ParameterName = AC_color
            ParameterValue = { R=1, G=1, B=1, A=1 }
        }
        VectorParameterValues[1] =
        {
            ParameterName = Mesh_trangition
            ParameterValue = { R=0, G=0, B=0, A=1 }
        }
        VectorParameterValues[2] =
        {
            ParameterName = AC_specular
            ParameterValue = { R=1, G=1, B=1, A=1 }
        }
        VectorParameterValues[3] =
        {
            ParameterName = Reflection_value
            ParameterValue = { R=1, G=1, B=0.5, A=1 }
        }
        VectorParameterValues[4] =
        {
            ParameterName = HighLight_Color
            ParameterValue = { R=1, G=1, B=0.5, A=1 }
        }
        VectorParameterValues[5] =
        {
            ParameterName = Fresnel_color
            ParameterValue = { R=0, G=0, B=0, A=1 }
        }
        VectorParameterValues[6] =
        {
            ParameterName = Fresnel_Power
            ParameterValue = { R=0, G=0, B=0, A=1 }
        }
        VectorParameterValues[7] =
        {
            ParameterName = Burn_Color
            ParameterValue = { R=0, G=0, B=0, A=1 }
        }
        VectorParameterValues[8] =
        {
            ParameterName = Fx_Glow_power
            ParameterValue = { R=0, G=0, B=0, A=1 }
        }
        VectorParameterValues[9] =
        {
            ParameterName = Glow_Trangition
            ParameterValue = { R=0, G=0, B=0, A=1 }
        }
        VectorParameterValues[10] =
        {
            ParameterName = Fx_Glow_color
            ParameterValue = { R=0, G=0, B=0, A=1 }
        }
        VectorParameterValues[11] =
        {
            ParameterName = Fx_Glow_power_L
            ParameterValue = { R=3, G=0, B=0, A=1 }
        }
        VectorParameterValues[12] =
        {
            ParameterName = Glow_Trangition_L
            ParameterValue = { R=12, G=0, B=0, A=1 }
        }
        VectorParameterValues[13] =
        {
            ParameterName = Value
            ParameterValue = { R=1, G=1, B=0, A=1 }
        }
        VectorParameterValues[14] =
        {
            ParameterName = Tex_Mask_switch
            ParameterValue = { R=1, G=0, B=0, A=1 }
        }
        VectorParameterValues[15] =
        {
            ParameterName = Fx_Glow_color_L
            ParameterValue = { R=3, G=2, B=0.5, A=1 }
        }
    }
    Parent = Material3'Basic_Fx_070044'
    FlattenedTexture = None
    MobileBaseTexture = None
    MobileNormalTexture = None
    bUseMobileSpecular = false
    MobileSpecularPower = 16
    MobileSpecularMask = MSM_Constant (0)
    MobileMaskTexture = None
