Found 32768 game files (1222 skipped)
Loading package: 00045112.upk Ver: 573/1 Engine: 4205 Names: 100 Exports: 121 Imports: 10 Game: 801A
Loading SkeletalMesh3 Monster_Etc_FireBirdFX_col1 from package 00045112.upk
Loading package: 00045113.upk Ver: 573/1 Engine: 4205 Names: 160 Exports: 85 Imports: 42 Game: 801A
Loading MaterialInstanceConstant col1 from package 00045113.upk
Loading package: 00045114.upk Ver: 573/1 Engine: 4205 Names: 32 Exports: 4 Imports: 2 Game: 801A
Loading package: 00002640.upk Ver: 573/1 Engine: 4205 Names: 291 Exports: 507 Imports: 3 Game: 801A
Loading package: 00012963.upk Ver: 573/1 Engine: 4205 Names: 1349 Exports: 1323 Imports: 10 Game: 801A
Loading Texture2D FireBirdFX_col1_N from package 00045114.upk
Loading Texture2D FireBirdFX_col1_D from package 00045114.upk
Loading Texture2D FireBirdFX_col1_S from package 00045114.upk
Loading TextureCube eye_s from package 00002640.upk
Loading Texture2D FireBirdFX_col1_FX from package 00045113.upk
Loading Texture2D Noise_005 from package 00012963.upk
Loading Material3 Blend_OP_FX from package 00045113.upk
Loading package: 00002620.upk Ver: 573/1 Engine: 4205 Names: 576 Exports: 7687 Imports: 96 Game: 801A
Loading Texture2D CubemapFace0 from package 00002640.upk
Loading Texture2D CubemapFace1 from package 00002640.upk
Loading Texture2D CubemapFace2 from package 00002640.upk
Loading Texture2D CubemapFace3 from package 00002640.upk
Loading Texture2D CubemapFace4 from package 00002640.upk
Loading Texture2D CubemapFace5 from package 00002640.upk
Loading Texture2D check_n from package 00002620.upk
Loading Texture2D Noise_Wave_000 from package 00012963.upk
Loading Texture2D check from package 00002620.upk
Loading Texture2D Smoke_Pattern_001 from package 00012963.upk
Loading Texture2D Gradient_Line_003 from package 00012963.upk
Loaded in 0.16 sec, 2996 allocs, 1.55 MBytes serialized in 246794 calls.

Object info:
============
ClassName: SkeletalMesh3 ObjectName: Monster_Etc_FireBirdFX_col1

    LODInfo[1] =
    {
        LODInfo[0] =
        {
            DisplayFactor = 0
            LODHysteresis = 0.02
            LODMaterialMap[0] = {}
            bEnableShadowCasting[1] = { true }
        }
    }
    Sockets[0] = {}
    bHasVertexColors = false
    EnableTwistBoneFixers = true
    EnableClavicleFixer = true
    Materials[1] = { MaterialInstanceConstant'col1' }


    Lods[1] =
    {
        Lods[0] =
        {
            Sections[1] =
            {
                Sections[0] = { Material=MaterialInstanceConstant'col1', FirstIndex=0, NumFaces=1796 }
            }
            NumVerts = 1678
            IndexCount = 5388
            NumTexCoords = 1
        }
    }
    LodCount = 1
    MeshOrigin = { X=-0, Y=-0, Z=-0 }
    MeshScale = { X=1, Y=1, Z=1 }
    RotOrigin = { Yaw=0, Pitch=0, Roll=0 }
    BoneCount = 31
