Found 32768 game files (1222 skipped)
Loading package: 00042121.upk Ver: 573/1 Engine: 4205 Names: 59 Exports: 7 Imports: 9 Game: 801A
Loading SkeletalMesh3 990230_Autoscale from package 00042121.upk
Loading package: 00042120.upk Ver: 573/1 Engine: 4205 Names: 171 Exports: 150 Imports: 46 Game: 801A
Loading SkeletalMeshSocket SkeletalMeshSocket_183 from package 00042121.upk
Loading SkeletalMeshSocket SkeletalMeshSocket_184 from package 00042121.upk
Loading MaterialInstanceConstant col1 from package 00042120.upk
Loading package: 00042119.upk Ver: 573/1 Engine: 4205 Names: 33 Exports: 5 Imports: 2 Game: 801A
Loading package: 00002640.upk Ver: 573/1 Engine: 4205 Names: 291 Exports: 507 Imports: 3 Game: 801A
Loading package: 00002620.upk Ver: 573/1 Engine: 4205 Names: 576 Exports: 7687 Imports: 96 Game: 801A
Loading Texture2D 990230_Autoscale_col1_N from package 00042119.upk
Loading Texture2D 990230_Autoscale_col1_M from package 00042119.upk
Loading Texture2D 990230_Autoscale_col1_D from package 00042119.upk
Loading Texture2D 990230_Autoscale_col1_S from package 00042119.upk
Loading TextureCube MatelR5 from package 00002640.upk
Loading Texture2D check from package 00002620.upk
Loading Texture2D 990230_Autoscale_col1_FX from package 00042119.upk
Loading Material3 Basic_FX from package 00042120.upk
Loading package: 00012963.upk Ver: 573/1 Engine: 4205 Names: 1349 Exports: 1323 Imports: 10 Game: 801A
Loading Texture2D CubemapFace0 from package 00002640.upk
Loading Texture2D CubemapFace1 from package 00002640.upk
Loading Texture2D CubemapFace2 from package 00002640.upk
Loading Texture2D CubemapFace3 from package 00002640.upk
Loading Texture2D CubemapFace4 from package 00002640.upk
Loading Texture2D CubemapFace5 from package 00002640.upk
Loading Texture2D check_n from package 00002620.upk
Loading Texture2D Smoke_Pattern_001 from package 00012963.upk
Loading Texture2D Gradient_Line_003 from package 00012963.upk
Loading Texture2D Gradient_Wipe_BurnOut_Mask_TEST from package 00012963.upk
Loading Texture2D Gradient_Wipe_BurnOut_Mask from package 00012963.upk
Loaded in 0.15 sec, 3011 allocs, 1.17 MBytes serialized in 213690 calls.

Object info:
============
ClassName: SkeletalMesh3 ObjectName: 990230_Autoscale

    LODInfo[1] =
    {
        LODInfo[0] =
        {
            DisplayFactor = 0
            LODHysteresis = 0.02
            LODMaterialMap[0] = {}
            bEnableShadowCasting[1] = { true }
        }
    }
    Sockets[2] =
    {
        Sockets[0] = SkeletalMeshSocket'990230_Autoscale.SkeletalMeshSocket_183'
        Sockets[1] = SkeletalMeshSocket'990230_Autoscale.SkeletalMeshSocket_184'
    }
    bHasVertexColors = false
    EnableTwistBoneFixers = true
    EnableClavicleFixer = true
    Materials[1] = { MaterialInstanceConstant'col1' }


    Lods[1] =
    {
        Lods[0] =
        {
            Sections[1] =
            {
                Sections[0] = { Material=MaterialInstanceConstant'col1', FirstIndex=0, NumFaces=1128 }
            }
            NumVerts = 815
            IndexCount = 3384
            NumTexCoords = 1
        }
    }
    LodCount = 1
    MeshOrigin = { X=-0, Y=-0, Z=-0 }
    MeshScale = { X=1, Y=1, Z=1 }
    RotOrigin = { Yaw=0, Pitch=0, Roll=0 }
    BoneCount = 1

Object info:
============
ClassName: SkeletalMeshSocket ObjectName: SkeletalMeshSocket_183

    SocketName = trail_start
    BoneName = WeaponRoot
    RelativeLocation = { X=0, Y=0, Z=84.25 }
    RelativeRotation = { Yaw=0, Pitch=0, Roll=0 }
    RelativeScale = { X=1, Y=1, Z=1 }

Object info:
============
ClassName: SkeletalMeshSocket ObjectName: SkeletalMeshSocket_184

    SocketName = trail_end
    BoneName = WeaponRoot
    RelativeLocation = { X=0, Y=0, Z=14.25 }
    RelativeRotation = { Yaw=0, Pitch=0, Roll=0 }
    RelativeScale = { X=1, Y=1, Z=1 }
