Found 32768 game files (1222 skipped)
Loading package: 00045387.upk Ver: 573/1 Engine: 4205 Names: 522 Exports: 156 Imports: 474 Game: 801A
Loading AnimSet SwordShield from package 00045387.upk
WARNING: BoolProperty "UAnimSet::bServiced" was not found
WARNING: ArrayProperty "UAnimSet::AdjustAniScaleBoneNames" was not found
WARNING: ArrayProperty "UAnimSet::RefSequences" was not found
WARNING: ArrayProperty "UAnimSet::PhysicalHitBoneNames" was not found
Loading AnimSequence AnimSequence_11 from package 00045387.upk
WARNING: BoolProperty "UAnimSequence::bNotUseIgnoreBoneInfo" was not found
WARNING: BoolProperty "UAnimSequence::bServiced" was not found
WARNING: ByteProperty "UAnimSequence::WeaponRLocType" was not found
WARNING: ByteProperty "UAnimSequence::WeaponLLocType" was not found
Loading AnimNotify_Sound AnimNotify_Sound_0 from package 00045387.upk
WARNING: FloatProperty "UAnimNotify_Sound::SoundVolume" was not found
Loading AnimNotify_Sound AnimNotify_Sound_1 from package 00045387.upk
Loading AnimSequence AnimSequence_13 from package 00045387.upk
WARNING: BoolProperty "UAnimSequence::bNotUseIgnoreBoneInfo" was not found
WARNING: BoolProperty "UAnimSequence::bServiced" was not found
WARNING: ByteProperty "UAnimSequence::WeaponRLocType" was not found
Loading AnimNotify_Sound AnimNotify_Sound_4 from package 00045387.upk
WARNING: FloatProperty "UAnimNotify_Sound::SoundVolume" was not found
Loading AnimNotify_Sound AnimNotify_Sound_5 from package 00045387.upk
WARNING: FloatProperty "UAnimNotify_Sound::SoundVolume" was not found
Loading AnimSequence AnimSequence_18 from package 00045387.upk
WARNING: BoolProperty "UAnimSequence::bNotUseIgnoreBoneInfo" was not found
WARNING: BoolProperty "UAnimSequence::bServiced" was not found
Loading AnimNotify_Sound AnimNotify_Sound_0 from package 00045387.upk
WARNING: FloatProperty "UAnimNotify_Sound::SoundVolume" was not found
Loading AnimSequence AnimSequence_2 from package 00045387.upk
WARNING: BoolProperty "UAnimSequence::bNotUseIgnoreBoneInfo" was not found
WARNING: BoolProperty "UAnimSequence::bServiced" was not found
WARNING: ByteProperty "UAnimSequence::WeaponRLocType" was not found
WARNING: ByteProperty "UAnimSequence::WeaponLLocType" was not found
Loading AnimNotify_Sound AnimNotify_Sound_0 from package 00045387.upk
Loading AnimNotify_Sound AnimNotify_Sound_11 from package 00045387.upk
WARNING: FloatProperty "UAnimNotify_Sound::SoundVolume" was not found
Loading AnimNotify_Sound AnimNotify_Sound_12 from package 00045387.upk
WARNING: FloatProperty "UAnimNotify_Sound::SoundVolume" was not found
Loading AnimSequence AnimSequence_22 from package 00045387.upk
WARNING: BoolProperty "UAnimSequence::bUseCustomAttachAnim" was not found
WARNING: BoolProperty "UAnimSequence::bIgnoreAimControl" was not found
WARNING: BoolProperty "UAnimSequence::bUseAdjustAniScale" was not found
WARNING: BoolProperty "UAnimSequence::bUseCustomForceAnim" was not found
WARNING: BoolProperty "UAnimSequence::bServiced" was not found
WARNING: ByteProperty "UAnimSequence::WeaponRLocType" was not found
WARNING: ByteProperty "UAnimSequence::WeaponLLocType" was not found
WARNING: ByteProperty "UAnimSequence::NamePlateControlMode" was not found
Loading AnimNotify_Sound AnimNotify_Sound_3 from package 00045387.upk
WARNING: FloatProperty "UAnimNotify_Sound::SoundVolume" was not found
Loading AnimSequence AnimSequence_24 from package 00045387.upk
WARNING: BoolProperty "UAnimSequence::bIgnoreFootAimControl" was not found
WARNING: BoolProperty "UAnimSequence::bIgnoreAimControl" was not found
WARNING: BoolProperty "UAnimSequence::bUseCustomForceAnim" was not found
WARNING: BoolProperty "UAnimSequence::bServiced" was not found
WARNING: ByteProperty "UAnimSequence::WeaponRLocType" was not found
WARNING: ByteProperty "UAnimSequence::WeaponLLocType" was not found
WARNING: ByteProperty "UAnimSequence::NamePlateControlMode" was not found
Loading AnimNotify_Sound AnimNotify_Sound_5 from package 00045387.upk
WARNING: FloatProperty "UAnimNotify_Sound::SoundVolume" was not found
Loading AnimNotify_Sound AnimNotify_Sound_6 from package 00045387.upk
WARNING: FloatProperty "UAnimNotify_Sound::SoundVolume" was not found
Loading AnimSequence AnimSequence_27 from package 00045387.upk
WARNING: BoolProperty "UAnimSequence::bIgnoreAimControl" was not found
WARNING: BoolProperty "UAnimSequence::bServiced" was not found
WARNING: ByteProperty "UAnimSequence::WeaponRLocType" was not found
WARNING: ByteProperty "UAnimSequence::WeaponLLocType" was not found
Loading AnimNotify_Sound AnimNotify_Sound_8 from package 00045387.upk
WARNING: FloatProperty "UAnimNotify_Sound::SoundVolume" was not found
Loading AnimNotify_Sound AnimNotify_Sound_9 from package 00045387.upk
WARNING: FloatProperty "UAnimNotify_Sound::SoundVolume" was not found
Loading AnimSequence AnimSequence_3 from package 00045387.upk
WARNING: BoolProperty "UAnimSequence::bNotUseIgnoreBoneInfo" was not found
WARNING: BoolProperty "UAnimSequence::bServiced" was not found
WARNING: ByteProperty "UAnimSequence::WeaponRLocType" was not found
WARNING: ByteProperty "UAnimSequence::WeaponLLocType" was not found
Loading AnimNotify_Sound AnimNotify_Sound_13 from package 00045387.upk
Loading AnimSequence AnimSequence_35 from package 00045387.upk
WARNING: BoolProperty "UAnimSequence::bIgnoreFootAimControl" was not found
WARNING: BoolProperty "UAnimSequence::bIgnoreAimControl" was not found
WARNING: BoolProperty "UAnimSequence::bUseAdjustAniScale" was not found
WARNING: BoolProperty "UAnimSequence::bUseCustomForceAnim" was not found
WARNING: BoolProperty "UAnimSequence::bServiced" was not found
WARNING: ByteProperty "UAnimSequence::WeaponRLocType" was not found
WARNING: ByteProperty "UAnimSequence::WeaponLLocType" was not found
WARNING: ByteProperty "UAnimSequence::NamePlateControlMode" was not found
Loading AnimNotify_Sound AnimNotify_Sound_13 from package 00045387.upk
Loading AnimNotify_Sound AnimNotify_Sound_14 from package 00045387.upk
WARNING: FloatProperty "UAnimNotify_Sound::SoundVolume" was not found
Loading AnimSequence AnimSequence_4 from package 00045387.upk
WARNING: BoolProperty "UAnimSequence::bNotUseIgnoreBoneInfo" was not found
WARNING: BoolProperty "UAnimSequence::bServiced" was not found
WARNING: ByteProperty "UAnimSequence::WeaponRLocType" was not found
WARNING: ByteProperty "UAnimSequence::WeaponLLocType" was not found
Loading AnimNotify_Sound AnimNotify_Sound_6 from package 00045387.upk
Loading AnimSequence AnimSequence_58 from package 00045387.upk
WARNING: BoolProperty "UAnimSequence::bIgnoreAimControl" was not found
WARNING: BoolProperty "UAnimSequence::bNotUseIgnoreBoneInfo" was not found
WARNING: BoolProperty "UAnimSequence::bUseAdjustAniScale" was not found
WARNING: BoolProperty "UAnimSequence::bServiced" was not found
WARNING: ByteProperty "UAnimSequence::WeaponRLocType" was not found
WARNING: ByteProperty "UAnimSequence::WeaponLLocType" was not found
WARNING: ByteProperty "UAnimSequence::NamePlateControlMode" was not found
Loading AnimNotify_Sound AnimNotify_Sound_45 from package 00045387.upk
WARNING: FloatProperty "UAnimNotify_Sound::SoundVolume" was not found
Loading AnimNotify_Sound AnimNotify_Sound_46 from package 00045387.upk
Loading AnimSequence AnimSequence_60 from package 00045387.upk
WARNING: BoolProperty "UAnimSequence::bIgnoreAimControl" was not found
WARNING: BoolProperty "UAnimSequence::bNotUseIgnoreBoneInfo" was not found
WARNING: BoolProperty "UAnimSequence::bUseAdjustAniScale" was not found
WARNING: BoolProperty "UAnimSequence::bServiced" was not found
WARNING: ByteProperty "UAnimSequence::WeaponRLocType" was not found
WARNING: ByteProperty "UAnimSequence::WeaponLLocType" was not found
WARNING: ByteProperty "UAnimSequence::NamePlateControlMode" was not found
Loading AnimNotify_Sound AnimNotify_Sound_51 from package 00045387.upk
Loading AnimNotify_Sound AnimNotify_Sound_52 from package 00045387.upk
Loading AnimSequence AnimSequence_61 from package 00045387.upk
WARNING: BoolProperty "UAnimSequence::bIgnoreAimControl" was not found
WARNING: BoolProperty "UAnimSequence::bNotUseIgnoreBoneInfo" was not found
WARNING: BoolProperty "UAnimSequence::bServiced" was not found
WARNING: ByteProperty "UAnimSequence::WeaponRLocType" was not found
WARNING: ByteProperty "UAnimSequence::WeaponLLocType" was not found
Loading AnimNotify_Sound AnimNotify_Sound_53 from package 00045387.upk
Loading AnimNotify_Sound AnimNotify_Sound_54 from package 00045387.upk
WARNING: FloatProperty "UAnimNotify_Sound::SoundVolume" was not found
Loading AnimSequence AnimSequence_7 from package 00045387.upk
WARNING: BoolProperty "UAnimSequence::bNotUseIgnoreBoneInfo" was not found
WARNING: BoolProperty "UAnimSequence::bServiced" was not found
WARNING: ByteProperty "UAnimSequence::WeaponRLocType" was not found
WARNING: ByteProperty "UAnimSequence::WeaponLLocType" was not found
Loading AnimNotify_Sound AnimNotify_Sound_15 from package 00045387.upk
Loading AnimSequence AnimSequence_78 from package 00045387.upk
WARNING: BoolProperty "UAnimSequence::bUseAdjustAniScale" was not found
WARNING: BoolProperty "UAnimSequence::bServiced" was not found
WARNING: ByteProperty "UAnimSequence::WeaponRLocType" was not found
WARNING: ByteProperty "UAnimSequence::WeaponLLocType" was not found
WARNING: ByteProperty "UAnimSequence::NamePlateControlMode" was not found
Loading AnimNotify_Sound AnimNotify_Sound_3 from package 00045387.upk
Loading AnimSequence AnimSequence_1 from package 00045387.upk
WARNING: BoolProperty "UAnimSequence::bNotUseIgnoreBoneInfo" was not found
WARNING: BoolProperty "UAnimSequence::bServiced" was not found
WARNING: ByteProperty "UAnimSequence::WeaponRLocType" was not found
WARNING: ByteProperty "UAnimSequence::WeaponLLocType" was not found
Loading AnimSequence AnimSequence_10 from package 00045387.upk
WARNING: BoolProperty "UAnimSequence::bNotUseIgnoreBoneInfo" was not found
WARNING: BoolProperty "UAnimSequence::bServiced" was not found
WARNING: ByteProperty "UAnimSequence::WeaponRLocType" was not found
WARNING: ByteProperty "UAnimSequence::WeaponLLocType" was not found
Loading AnimSequence AnimSequence_14 from package 00045387.upk
WARNING: BoolProperty "UAnimSequence::bNotUseIgnoreBoneInfo" was not found
WARNING: BoolProperty "UAnimSequence::bServiced" was not found
WARNING: ByteProperty "UAnimSequence::WeaponRLocType" was not found
Loading AnimSequence AnimSequence_15 from package 00045387.upk
WARNING: BoolProperty "UAnimSequence::bNotUseIgnoreBoneInfo" was not found
WARNING: BoolProperty "UAnimSequence::bServiced" was not found
WARNING: ByteProperty "UAnimSequence::WeaponRLocType" was not found
WARNING: ByteProperty "UAnimSequence::WeaponLLocType" was not found
Loading AnimSequence AnimSequence_16 from package 00045387.upk
WARNING: BoolProperty "UAnimSequence::bNotUseIgnoreBoneInfo" was not found
WARNING: BoolProperty "UAnimSequence::bServiced" was not found
WARNING: ByteProperty "UAnimSequence::WeaponRLocType" was not found
WARNING: ByteProperty "UAnimSequence::WeaponLLocType" was not found
Loading AnimSequence AnimSequence_17 from package 00045387.upk
WARNING: BoolProperty "UAnimSequence::bNotUseIgnoreBoneInfo" was not found
WARNING: BoolProperty "UAnimSequence::bServiced" was not found
WARNING: ByteProperty "UAnimSequence::WeaponRLocType" was not found
WARNING: ByteProperty "UAnimSequence::WeaponLLocType" was not found
Loading AnimSequence AnimSequence_19 from package 00045387.upk
WARNING: BoolProperty "UAnimSequence::bNotUseIgnoreBoneInfo" was not found
WARNING: BoolProperty "UAnimSequence::bServiced" was not found
WARNING: ByteProperty "UAnimSequence::WeaponRLocType" was not found
WARNING: ByteProperty "UAnimSequence::WeaponLLocType" was not found
Loading AnimSequence AnimSequence_20 from package 00045387.upk
WARNING: BoolProperty "UAnimSequence::bNotUseIgnoreBoneInfo" was not found
WARNING: BoolProperty "UAnimSequence::bServiced" was not found
Loading AnimSequence AnimSequence_21 from package 00045387.upk
WARNING: BoolProperty "UAnimSequence::bNotUseIgnoreBoneInfo" was not found
WARNING: BoolProperty "UAnimSequence::bServiced" was not found
WARNING: ByteProperty "UAnimSequence::WeaponRLocType" was not found
WARNING: ByteProperty "UAnimSequence::WeaponLLocType" was not found
Loading AnimSequence AnimSequence_23 from package 00045387.upk
WARNING: BoolProperty "UAnimSequence::bUseCustomAttachAnim" was not found
WARNING: BoolProperty "UAnimSequence::bIgnoreFootAimControl" was not found
WARNING: BoolProperty "UAnimSequence::bIgnoreAimControl" was not found
WARNING: BoolProperty "UAnimSequence::bUseCustomForceAnim" was not found
WARNING: BoolProperty "UAnimSequence::bServiced" was not found
WARNING: ByteProperty "UAnimSequence::WeaponRLocType" was not found
WARNING: ByteProperty "UAnimSequence::WeaponLLocType" was not found
WARNING: ByteProperty "UAnimSequence::NamePlateControlMode" was not found
Loading AnimSequence AnimSequence_25 from package 00045387.upk
WARNING: BoolProperty "UAnimSequence::bIgnoreAimControl" was not found
WARNING: BoolProperty "UAnimSequence::bServiced" was not found
WARNING: ByteProperty "UAnimSequence::WeaponRLocType" was not found
WARNING: ByteProperty "UAnimSequence::WeaponLLocType" was not found
Loading AnimSequence AnimSequence_26 from package 00045387.upk
WARNING: BoolProperty "UAnimSequence::bIgnoreAimControl" was not found
WARNING: BoolProperty "UAnimSequence::bServiced" was not found
WARNING: ByteProperty "UAnimSequence::WeaponRLocType" was not found
WARNING: ByteProperty "UAnimSequence::WeaponLLocType" was not found
Loading AnimSequence AnimSequence_6 from package 00045387.upk
WARNING: BoolProperty "UAnimSequence::bNotUseIgnoreBoneInfo" was not found
WARNING: BoolProperty "UAnimSequence::bServiced" was not found
WARNING: ByteProperty "UAnimSequence::WeaponRLocType" was not found
WARNING: ByteProperty "UAnimSequence::WeaponLLocType" was not found
Loading AnimSequence AnimSequence_8 from package 00045387.upk
WARNING: BoolProperty "UAnimSequence::bNotUseIgnoreBoneInfo" was not found
WARNING: BoolProperty "UAnimSequence::bServiced" was not found
Loading AnimSequence AnimSequence_9 from package 00045387.upk
WARNING: BoolProperty "UAnimSequence::bNotUseIgnoreBoneInfo" was not found
WARNING: BoolProperty "UAnimSequence::bServiced" was not found
Loading AnimSet XSwordShield_AnimSet from package 00045387.upk
WARNING: BoolProperty "UAnimSet::bServiced" was not found
WARNING: ArrayProperty "UAnimSet::AdjustAniScaleBoneNames" was not found
WARNING: ArrayProperty "UAnimSet::RefSequences" was not found
WARNING: ArrayProperty "UAnimSet::PhysicalHitBoneNames" was not found
Error: Command failed: umodel.exe -dump -path="D:/Program Files (x86)/NCSOFT/BnS/contents/bns/CookedPC" -game=bns 00045387
******** 00045387 ********
*** unknown member ACF_ZOnlyRLE of enum AnimationCompressionFormat
*** unknown member ACF_ZOnlyRLE of enum AnimationCompressionFormat
*** unknown member ACF_ZOnlyRLE of enum AnimationCompressionFormat
*** unknown member ACF_ZOnlyRLE of enum AnimationCompressionFormat
*** unknown member ACF_ZOnlyRLE of enum AnimationCompressionFormat
*** unknown member ACF_ZOnlyRLE of enum AnimationCompressionFormat
*** unknown member ACF_ZOnlyRLE of enum AnimationCompressionFormat
*** unknown member ACF_ZOnlyRLE of enum AnimationCompressionFormat
*** unknown member ACF_ZOnlyRLE of enum AnimationCompressionFormat
*** unknown member ACF_ZOnlyRLE of enum AnimationCompressionFormat
*** unknown member ACF_ZOnlyRLE of enum AnimationCompressionFormat
*** unknown member ACF_ZOnlyRLE of enum AnimationCompressionFormat
*** unknown member ACF_ZOnlyRLE of enum AnimationCompressionFormat
*** unknown member ACF_ZOnlyRLE of enum AnimationCompressionFormat
*** unknown member ACF_ZOnlyRLE of enum AnimationCompressionFormat
*** unknown member ACF_ZOnlyRLE of enum AnimationCompressionFormat
*** unknown member ACF_ZOnlyRLE of enum AnimationCompressionFormat
*** unknown member ACF_ZOnlyRLE of enum AnimationCompressionFormat
*** unknown member ACF_ZOnlyRLE of enum AnimationCompressionFormat
*** unknown member ACF_ZOnlyRLE of enum AnimationCompressionFormat
*** unknown member ACF_ZOnlyRLE of enum AnimationCompressionFormat
*** unknown member ACF_ZOnlyRLE of enum AnimationCompressionFormat
*** unknown member ACF_ZOnlyRLE of enum AnimationCompressionFormat
*** unknown member ACF_ZOnlyRLE of enum AnimationCompressionFormat
*** unknown member ACF_ZOnlyRLE of enum AnimationCompressionFormat
*** unknown member ACF_ZOnlyRLE of enum AnimationCompressionFormat
*** unknown member ACF_ZOnlyRLE of enum AnimationCompressionFormat
*** unknown member ACF_ZOnlyRLE of enum AnimationCompressionFormat
*** unknown member ACF_ZOnlyRLE of enum AnimationCompressionFormat
*** unknown member ACF_ZOnlyRLE of enum AnimationCompressionFormat
*** ERROR: Unknown rotation compression method: 255
UAnimSet::ConvertAnims <- PostLoad:SwordShield <- UObject::EndLoad <- LoadWholePackage:00045387 <- Main


    at ChildProcess.exithandler (child_process.js:289:12)
    at ChildProcess.emit (events.js:182:13)
    at maybeClose (internal/child_process.js:962:16)
    at Process.ChildProcess._handle.onexit (internal/child_process.js:251:5)