Found 32768 game files (1766 skipped)
Loading package: 00049829.upk Ver: 573/1 Engine: 4205 Names: 44 Exports: 8 Imports: 8 Game: 801A
Loading SkeletalMesh3 990321_Autoscale from package 00049829.upk
WARNING: ObjectProperty "USkeletalMesh3::PhysMaterialOverride" was not found
Loading package: 00049828.upk Ver: 573/1 Engine: 4205 Names: 173 Exports: 150 Imports: 46 Game: 801A
Loading SkeletalMeshSocket SkeletalMeshSocket_104 from package 00049829.upk
Loading SkeletalMeshSocket SkeletalMeshSocket_105 from package 00049829.upk
Loading SkeletalMeshSocket SkeletalMeshSocket_106 from package 00049829.upk
Loading SkeletalMeshSocket SkeletalMeshSocket_107 from package 00049829.upk
Loading SkeletalMeshSocket SkeletalMeshSocket_108 from package 00049829.upk
Loading SkeletalMeshSocket SkeletalMeshSocket_109 from package 00049829.upk
Loading SkeletalMeshSocket SkeletalMeshSocket_110 from package 00049829.upk
Loading MaterialInstanceConstant col1 from package 00049828.upk
Loading package: 00047841.upk Ver: 573/1 Engine: 4205 Names: 31 Exports: 4 Imports: 2 Game: 801A
Loading package: 00012963.upk Ver: 573/1 Engine: 4205 Names: 1386 Exports: 1362 Imports: 10 Game: 801A
Loading package: 00002640.upk Ver: 573/1 Engine: 4205 Names: 291 Exports: 507 Imports: 3 Game: 801A
Loading package: 00047839.upk Ver: 573/1 Engine: 4205 Names: 198 Exports: 227 Imports: 55 Game: 801A
Loading Texture2D 990299_Autoscale_col1_N from package 00047841.upk
Loading Texture2D 990299_Autoscale_col1_M from package 00047841.upk
Loading Texture2D 990299_Autoscale_col1_D from package 00047841.upk
Loading Texture2D Smoke_Pattern_001 from package 00012963.upk
Loading Texture2D 990299_Autoscale_col1_S from package 00047841.upk
Loading TextureCube MatelW5 from package 00002640.upk
Loading Texture2D 990299_Autoscale_col1_FX from package 00047839.upk
Loading Material3 Ghost_Basic_FX2 from package 00049828.upk
Loading package: 00002620.upk Ver: 573/1 Engine: 4205 Names: 576 Exports: 7687 Imports: 96 Game: 801A
Loading Texture2D CubemapFace0 from package 00002640.upk
Loading Texture2D CubemapFace1 from package 00002640.upk
Loading Texture2D CubemapFace2 from package 00002640.upk
Loading Texture2D CubemapFace3 from package 00002640.upk
Loading Texture2D CubemapFace4 from package 00002640.upk
Loading Texture2D CubemapFace5 from package 00002640.upk
Loading Texture2D check_n from package 00002620.upk
Loading Texture2D check from package 00002620.upk
Loading Texture2D Gradient_Line_003 from package 00012963.upk
Loading Texture2D Gradient_Wipe_BurnOut_Mask_TEST from package 00012963.upk
Loading Texture2D Gradient_Wipe_BurnOut_Mask from package 00012963.upk
Loaded in 0.14 sec, 3244 allocs, 1.40 MBytes serialized in 265576 calls.

Object info:
============
ClassName: SkeletalMesh3 ObjectName: 990321_Autoscale

    LODInfo[1] =
    {
        LODInfo[0] =
        {
            DisplayFactor = 0
            LODHysteresis = 0.02
            LODMaterialMap[0] = {}
            bEnableShadowCasting[1] = { true }
        }
    }
    Sockets[7] =
    {
        Sockets[0] = SkeletalMeshSocket'990321_Autoscale.SkeletalMeshSocket_104'
        Sockets[1] = SkeletalMeshSocket'990321_Autoscale.SkeletalMeshSocket_105'
        Sockets[2] = SkeletalMeshSocket'990321_Autoscale.SkeletalMeshSocket_106'
        Sockets[3] = SkeletalMeshSocket'990321_Autoscale.SkeletalMeshSocket_107'
        Sockets[4] = SkeletalMeshSocket'990321_Autoscale.SkeletalMeshSocket_108'
        Sockets[5] = SkeletalMeshSocket'990321_Autoscale.SkeletalMeshSocket_109'
        Sockets[6] = SkeletalMeshSocket'990321_Autoscale.SkeletalMeshSocket_110'
    }
    bHasVertexColors = false
    EnableTwistBoneFixers = true
    EnableClavicleFixer = true
    Materials[1] = { MaterialInstanceConstant'col1' }


    Lods[1] =
    {
        Lods[0] =
        {
            Sections[1] =
            {
                Sections[0] = { Material=MaterialInstanceConstant'col1', FirstIndex=0, NumFaces=2526 }
            }
            NumVerts = 2310
            IndexCount = 7578
            NumTexCoords = 1
        }
    }
    LodCount = 1
    MeshOrigin = { X=-0, Y=-0, Z=-0 }
    MeshScale = { X=1, Y=1, Z=1 }
    RotOrigin = { Yaw=0, Pitch=0, Roll=0 }
    BoneCount = 1

Object info:
============
ClassName: SkeletalMeshSocket ObjectName: SkeletalMeshSocket_104

    SocketName = trail_start
    BoneName = WeaponRoot
    RelativeLocation = { X=0, Y=0, Z=52 }
    RelativeRotation = { Yaw=0, Pitch=0, Roll=0 }
    RelativeScale = { X=1, Y=1, Z=1 }

Object info:
============
ClassName: SkeletalMeshSocket ObjectName: SkeletalMeshSocket_105

    SocketName = trail_end
    BoneName = WeaponRoot
    RelativeLocation = { X=0, Y=0, Z=72.75 }
    RelativeRotation = { Yaw=0, Pitch=0, Roll=0 }
    RelativeScale = { X=1, Y=1, Z=1 }

Object info:
============
ClassName: SkeletalMeshSocket ObjectName: SkeletalMeshSocket_106

    SocketName = trail_start1
    BoneName = WeaponRoot
    RelativeLocation = { X=0, Y=0, Z=38.75 }
    RelativeRotation = { Yaw=0, Pitch=0, Roll=0 }
    RelativeScale = { X=1, Y=1, Z=1 }

Object info:
============
ClassName: SkeletalMeshSocket ObjectName: SkeletalMeshSocket_107

    SocketName = trail_end1
    BoneName = WeaponRoot
    RelativeLocation = { X=0, Y=0, Z=60.5 }
    RelativeRotation = { Yaw=0, Pitch=0, Roll=0 }
    RelativeScale = { X=1, Y=1, Z=1 }

Object info:
============
ClassName: SkeletalMeshSocket ObjectName: SkeletalMeshSocket_108

    SocketName = FX_Add1
    BoneName = WeaponRoot
    RelativeLocation = { X=0, Y=0, Z=52.25 }
    RelativeRotation = { Yaw=0, Pitch=0, Roll=0 }
    RelativeScale = { X=1, Y=1, Z=1 }

Object info:
============
ClassName: SkeletalMeshSocket ObjectName: SkeletalMeshSocket_109

    SocketName = FX_Add
    BoneName = WeaponRoot
    RelativeLocation = { X=0, Y=0, Z=0 }
    RelativeRotation = { Yaw=0, Pitch=0, Roll=0 }
    RelativeScale = { X=1, Y=1, Z=1 }

Object info:
============
ClassName: SkeletalMeshSocket ObjectName: SkeletalMeshSocket_110

    SocketName = Fx_Add2
    BoneName = WeaponRoot
    RelativeLocation = { X=0, Y=0, Z=-51.25 }
    RelativeRotation = { Yaw=0, Pitch=0, Roll=0 }
    RelativeScale = { X=1, Y=1, Z=1 }
