Found 32768 game files (1222 skipped)
Loading package: 00044000.upk Ver: 573/1 Engine: 4205 Names: 180 Exports: 162 Imports: 54 Game: 801A
Loading Material3 Executioner_Basic_local_reflect_FX from package 00044000.upk
Loading package: 00002620.upk Ver: 573/1 Engine: 4205 Names: 576 Exports: 7687 Imports: 96 Game: 801A
Loading package: 00012963.upk Ver: 573/1 Engine: 4205 Names: 1349 Exports: 1323 Imports: 10 Game: 801A
Loading MaterialInstanceConstant col1 from package 00044000.upk
Loading package: 00043999.upk Ver: 573/1 Engine: 4205 Names: 33 Exports: 6 Imports: 2 Game: 801A
Loading package: 00002640.upk Ver: 573/1 Engine: 4205 Names: 291 Exports: 507 Imports: 3 Game: 801A
Loading Texture2D check_n from package 00002620.upk
Loading Texture2D Noise_Glass_000 from package 00012963.upk
Loading Texture2D Smoke_Pattern_001 from package 00012963.upk
Loading Texture2D Gradient_Wipe_BurnOut_Mask_TEST from package 00012963.upk
Loading Texture2D Gradient_Wipe_BurnOut_Mask from package 00012963.upk
Loading Texture2D check from package 00002620.upk
Loading Texture2D Gradient_Line_003 from package 00012963.upk
Loading Texture2D AnthroEntMiddleBoss_col1_N from package 00043999.upk
Loading Texture2D AnthroEntMiddleBoss_col1_M from package 00043999.upk
Loading Texture2D AnthroEntMiddleBoss_col1_D from package 00043999.upk
Loading Texture2D AnthroEntMiddleBoss_col1_S from package 00043999.upk
Loading TextureCube MatelW5 from package 00002640.upk
Loading Texture2D AnthroEntMiddleBoss_col1_E from package 00043999.upk
Loading Texture2D AnthroEntMiddleBoss_col2_FX from package 00043999.upk
Loading Texture2D CubemapFace0 from package 00002640.upk
Loading Texture2D CubemapFace1 from package 00002640.upk
Loading Texture2D CubemapFace2 from package 00002640.upk
Loading Texture2D CubemapFace3 from package 00002640.upk
Loading Texture2D CubemapFace4 from package 00002640.upk
Loading Texture2D CubemapFace5 from package 00002640.upk
Loaded in 0.17 sec, 2993 allocs, 3.24 MBytes serialized in 187198 calls.

Object info:
============
ClassName: Material3 ObjectName: Executioner_Basic_local_reflect_FX

    TwoSided = true
    bDisableDepthTest = false
    bIsMasked = true
    ReferencedTextures[7] =
    {
        ReferencedTextures[0] = Texture2D'check_n'
        ReferencedTextures[1] = Texture2D'Noise_Glass_000'
        ReferencedTextures[2] = Texture2D'Smoke_Pattern_001'
        ReferencedTextures[3] = Texture2D'Gradient_Wipe_BurnOut_Mask_TEST'
        ReferencedTextures[4] = Texture2D'Gradient_Wipe_BurnOut_Mask'
        ReferencedTextures[5] = Texture2D'check'
        ReferencedTextures[6] = Texture2D'Gradient_Line_003'
    }
    BlendMode = BLEND_Masked (1)
    OpacityMaskClipValue = 0.333
    FlattenedTexture = None
    MobileBaseTexture = None
    MobileNormalTexture = None
    bUseMobileSpecular = false
    MobileSpecularPower = 16
    MobileSpecularMask = MSM_Constant (0)
    MobileMaskTexture = None

Object info:
============
ClassName: MaterialInstanceConstant ObjectName: col1

    ScalarParameterValues[10] =
    {
        ScalarParameterValues[0] = { ParameterName=Transmission_value, ParameterValue=0.5 }
        ScalarParameterValues[1] = { ParameterName=Glossiness1, ParameterValue=10 }
        ScalarParameterValues[2] = { ParameterName=Glossiness2, ParameterValue=40 }
        ScalarParameterValues[3] = { ParameterName=Specular_value, ParameterValue=2 }
        ScalarParameterValues[4] = { ParameterName=HighLight_Value, ParameterValue=2 }
        ScalarParameterValues[5] = { ParameterName=HighLight_glossiness, ParameterValue=50 }
        ScalarParameterValues[6] = { ParameterName=Emissive_value, ParameterValue=0.5 }
        ScalarParameterValues[7] = { ParameterName=Emissive_value2, ParameterValue=2 }
        ScalarParameterValues[8] = { ParameterName=Fresnel Value, ParameterValue=0 }
        ScalarParameterValues[9] = { ParameterName=Fresnel exponent, ParameterValue=5 }
    }
    TextureParameterValues[7] =
    {
        TextureParameterValues[0] = { ParameterName=Normal, ParameterValue=Texture2D'AnthroEntMiddleBoss_col1_N' }
        TextureParameterValues[1] = { ParameterName=Mask_GB, ParameterValue=Texture2D'AnthroEntMiddleBoss_col1_M' }
        TextureParameterValues[2] = { ParameterName=Diffuse, ParameterValue=Texture2D'AnthroEntMiddleBoss_col1_D' }
        TextureParameterValues[3] = { ParameterName=Specular, ParameterValue=Texture2D'AnthroEntMiddleBoss_col1_S' }
        TextureParameterValues[4] = { ParameterName=rf_cube, ParameterValue=TextureCube'MatelW5' }
        TextureParameterValues[5] = { ParameterName=Emissive, ParameterValue=Texture2D'AnthroEntMiddleBoss_col1_E' }
        TextureParameterValues[6] = { ParameterName=FX_Add, ParameterValue=Texture2D'AnthroEntMiddleBoss_col2_FX' }
    }
    VectorParameterValues[9] =
    {
        VectorParameterValues[0] =
        {
            ParameterName = Mesh_trangition
            ParameterValue = { R=0, G=0, B=0, A=1 }
        }
        VectorParameterValues[1] =
        {
            ParameterName = Reflection_value
            ParameterValue = { R=0, G=0, B=0, A=1 }
        }
        VectorParameterValues[2] =
        {
            ParameterName = HighLight_Color
            ParameterValue = { R=1, G=1, B=1, A=1 }
        }
        VectorParameterValues[3] =
        {
            ParameterName = Fresnel_color
            ParameterValue = { R=1, G=1, B=1, A=1 }
        }
        VectorParameterValues[4] =
        {
            ParameterName = Fresnel_Power
            ParameterValue = { R=0, G=0, B=0, A=1 }
        }
        VectorParameterValues[5] =
        {
            ParameterName = EMI_Power
            ParameterValue = { R=0, G=0, B=0, A=1 }
        }
        VectorParameterValues[6] =
        {
            ParameterName = EMI_Power_B
            ParameterValue = { R=0, G=0, B=0, A=1 }
        }
        VectorParameterValues[7] =
        {
            ParameterName = ConstanBiasScale
            ParameterValue = { R=-0.2, G=10, B=1, A=1 }
        }
        VectorParameterValues[8] =
        {
            ParameterName = FX_ADD_Tile
            ParameterValue = { R=10, G=10, B=1, A=1 }
        }
    }
    Parent = Material3'Executioner_Basic_local_reflect_FX'
    FlattenedTexture = None
    MobileBaseTexture = None
    MobileNormalTexture = None
    bUseMobileSpecular = false
    MobileSpecularPower = 16
    MobileSpecularMask = MSM_Constant (0)
    MobileMaskTexture = None
