Found 32768 game files (1222 skipped)
Loading package: 00049075.upk Ver: 573/1 Engine: 4205 Names: 43 Exports: 5 Imports: 10 Game: 801A
Loading SkeletalMesh3 GoatWeaponNPC from package 00049075.upk
WARNING: ObjectProperty "USkeletalMesh3::PlaySoundSet" was not found
Loading package: 00049076.upk Ver: 573/1 Engine: 4205 Names: 176 Exports: 153 Imports: 49 Game: 801A
Loading SkeletalMeshSocket SkeletalMeshSocket_146 from package 00049075.upk
Loading SkeletalMeshSocket SkeletalMeshSocket_147 from package 00049075.upk
Loading SkeletalMeshSocket SkeletalMeshSocket_148 from package 00049075.upk
Loading MaterialInstanceConstant col1 from package 00049076.upk
Loading package: 00047841.upk Ver: 573/1 Engine: 4205 Names: 31 Exports: 4 Imports: 2 Game: 801A
Loading package: 00002640.upk Ver: 573/1 Engine: 4205 Names: 291 Exports: 507 Imports: 3 Game: 801A
Loading package: 00012963.upk Ver: 573/1 Engine: 4205 Names: 1349 Exports: 1323 Imports: 10 Game: 801A
Loading package: 00047839.upk Ver: 573/1 Engine: 4205 Names: 198 Exports: 227 Imports: 55 Game: 801A
Loading Texture2D 990299_Autoscale_col1_N from package 00047841.upk
Loading Texture2D 990299_Autoscale_col1_M from package 00047841.upk
Loading Texture2D 990299_Autoscale_col1_D from package 00047841.upk
Loading Texture2D 990299_Autoscale_col1_S from package 00047841.upk
Loading TextureCube MatelW5 from package 00002640.upk
Loading Texture2D Unique_Stone_001 from package 00012963.upk
Loading Texture2D 990299_Autoscale_col1_FX from package 00047839.upk
Loading Material3 Basic_FX from package 00047839.upk
Loading package: 00002620.upk Ver: 573/1 Engine: 4205 Names: 576 Exports: 7687 Imports: 96 Game: 801A
Loading Texture2D CubemapFace0 from package 00002640.upk
Loading Texture2D CubemapFace1 from package 00002640.upk
Loading Texture2D CubemapFace2 from package 00002640.upk
Loading Texture2D CubemapFace3 from package 00002640.upk
Loading Texture2D CubemapFace4 from package 00002640.upk
Loading Texture2D CubemapFace5 from package 00002640.upk
Loading Texture2D check_n from package 00002620.upk
Loading Texture2D check from package 00002620.upk
Loading Texture2D Smoke_Pattern_001 from package 00012963.upk
Loading Texture2D Gradient_Line_003 from package 00012963.upk
Loading Texture2D Gradient_Wipe_BurnOut_Mask_TEST from package 00012963.upk
Loading Texture2D Gradient_Wipe_BurnOut_Mask from package 00012963.upk
Loaded in 0.17 sec, 3231 allocs, 1.41 MBytes serialized in 264794 calls.

Object info:
============
ClassName: SkeletalMesh3 ObjectName: GoatWeaponNPC

    LODInfo[1] =
    {
        LODInfo[0] =
        {
            DisplayFactor = 0
            LODHysteresis = 0.02
            LODMaterialMap[0] = {}
            bEnableShadowCasting[1] = { true }
        }
    }
    Sockets[3] =
    {
        Sockets[0] = SkeletalMeshSocket'GoatWeaponNPC.SkeletalMeshSocket_146'
        Sockets[1] = SkeletalMeshSocket'GoatWeaponNPC.SkeletalMeshSocket_147'
        Sockets[2] = SkeletalMeshSocket'GoatWeaponNPC.SkeletalMeshSocket_148'
    }
    bHasVertexColors = false
    EnableTwistBoneFixers = true
    EnableClavicleFixer = true
    Materials[1] = { MaterialInstanceConstant'col1' }


    Lods[1] =
    {
        Lods[0] =
        {
            Sections[1] =
            {
                Sections[0] = { Material=MaterialInstanceConstant'col1', FirstIndex=0, NumFaces=2526 }
            }
            NumVerts = 2310
            IndexCount = 7578
            NumTexCoords = 1
        }
    }
    LodCount = 1
    MeshOrigin = { X=-0, Y=-0, Z=-0 }
    MeshScale = { X=1, Y=1, Z=1 }
    RotOrigin = { Yaw=0, Pitch=0, Roll=0 }
    BoneCount = 2

Object info:
============
ClassName: SkeletalMeshSocket ObjectName: SkeletalMeshSocket_146

    SocketName = FX_Add
    BoneName = Bip01
    RelativeLocation = { X=0, Y=0, Z=0 }
    RelativeRotation = { Yaw=0, Pitch=0, Roll=0 }
    RelativeScale = { X=1, Y=1, Z=1 }

Object info:
============
ClassName: SkeletalMeshSocket ObjectName: SkeletalMeshSocket_147

    SocketName = FX_Add1
    BoneName = Bip01
    RelativeLocation = { X=0, Y=0, Z=52 }
    RelativeRotation = { Yaw=0, Pitch=0, Roll=0 }
    RelativeScale = { X=1, Y=1, Z=1 }

Object info:
============
ClassName: SkeletalMeshSocket ObjectName: SkeletalMeshSocket_148

    SocketName = Fx_Add2
    BoneName = Bip01
    RelativeLocation = { X=0, Y=0, Z=-52.25 }
    RelativeRotation = { Yaw=0, Pitch=0, Roll=0 }
    RelativeScale = { X=1, Y=1, Z=1 }
