Found 32768 game files (1766 skipped)
Loading package: 00046980.upk Ver: 573/1 Engine: 4205 Names: 59 Exports: 1 Imports: 16 Game: 801A
Loading MaterialInstanceConstant col1_OP from package 00046980.upk
Loading package: 00046872.upk Ver: 573/1 Engine: 4205 Names: 32 Exports: 4 Imports: 2 Game: 801A
Loading package: 00002640.upk Ver: 573/1 Engine: 4205 Names: 291 Exports: 507 Imports: 3 Game: 801A
Loading package: 00002620.upk Ver: 573/1 Engine: 4205 Names: 576 Exports: 7687 Imports: 96 Game: 801A
Loading Texture2D 10117_LynM_col1_N from package 00046872.upk
Loading Texture2D 10117_LynM_col1_D from package 00046872.upk
Loading Texture2D 10117_LynM_col1_S from package 00046872.upk
Loading TextureCube lenscube from package 00002640.upk
Loading Material3 Blend_OP from package 00002620.upk
Loading package: 00012963.upk Ver: 573/1 Engine: 4205 Names: 1386 Exports: 1362 Imports: 10 Game: 801A
Loading Texture2D CubemapFace0 from package 00002640.upk
Loading Texture2D CubemapFace1 from package 00002640.upk
Loading Texture2D CubemapFace2 from package 00002640.upk
Loading Texture2D CubemapFace3 from package 00002640.upk
Loading Texture2D CubemapFace4 from package 00002640.upk
Loading Texture2D CubemapFace5 from package 00002640.upk
Loading Texture2D check_n from package 00002620.upk
Loading Texture2D check from package 00002620.upk
Loading Texture2D Smoke_Pattern_001 from package 00012963.upk
Loading Texture2D Gradient_Line_003 from package 00012963.upk
Loaded in 0.094 sec, 2739 allocs, 2.24 MBytes serialized in 182956 calls.

Object info:
============
ClassName: MaterialInstanceConstant ObjectName: col1_OP

    ScalarParameterValues[4] =
    {
        ScalarParameterValues[0] = { ParameterName=Opacity, ParameterValue=0.25 }
        ScalarParameterValues[1] = { ParameterName=Fresnel_Exp, ParameterValue=0.1 }
        ScalarParameterValues[2] = { ParameterName=Specular_value, ParameterValue=5 }
        ScalarParameterValues[3] = { ParameterName=Lens_spec_Power, ParameterValue=1 }
    }
    TextureParameterValues[4] =
    {
        TextureParameterValues[0] = { ParameterName=Normal, ParameterValue=Texture2D'10117_LynM_col1_N' }
        TextureParameterValues[1] = { ParameterName=Diffuse, ParameterValue=Texture2D'10117_LynM_col1_D' }
        TextureParameterValues[2] = { ParameterName=Specular, ParameterValue=Texture2D'10117_LynM_col1_S' }
        TextureParameterValues[3] = { ParameterName=Lens_spec_cube, ParameterValue=TextureCube'lenscube' }
    }
    VectorParameterValues[3] =
    {
        VectorParameterValues[0] =
        {
            ParameterName = Fresnel_color
            ParameterValue = { R=0, G=0, B=0, A=1 }
        }
        VectorParameterValues[1] =
        {
            ParameterName = Fresnel_Power
            ParameterValue = { R=0, G=0, B=0, A=1 }
        }
        VectorParameterValues[2] =
        {
            ParameterName = Mesh_trangition
            ParameterValue = { R=0, G=0, B=0, A=1 }
        }
    }
    Parent = Material3'Blend_OP'
    FlattenedTexture = None
    MobileBaseTexture = None
    MobileNormalTexture = None
    bUseMobileSpecular = false
    MobileSpecularPower = 16
    MobileSpecularMask = MSM_Constant (0)
    MobileMaskTexture = None
