Found 32768 game files (1222 skipped)
Loading package: 00047181.upk Ver: 573/1 Engine: 4205 Names: 80 Exports: 7 Imports: 18 Game: 801A
Loading SkeletalMesh3 060237_Autoscale from package 00047181.upk
WARNING: ObjectProperty "USkeletalMesh3::MeshFactorSet" was not found
WARNING: ObjectProperty "USkeletalMesh3::PhysMaterialOverride" was not found
WARNING: ByteProperty "USkeletalMesh3::ItemPreviewLocType" was not found
Loading package: 00047183.upk Ver: 573/1 Engine: 4205 Names: 104 Exports: 1 Imports: 25 Game: 801A
Loading SkeletalMeshSocket SkeletalMeshSocket_130 from package 00047181.upk
WARNING: ObjectProperty "USkeletalMeshSocket::DependencyParticleSystem" was not found
Loading SkeletalMeshSocket SkeletalMeshSocket_134 from package 00047181.upk
WARNING: ObjectProperty "USkeletalMeshSocket::DependencyParticleSystem" was not found
Loading MaterialInstanceConstant col11 from package 00047183.upk
Loading package: 00047126.upk Ver: 573/1 Engine: 4205 Names: 33 Exports: 5 Imports: 2 Game: 801A
Loading package: 00002640.upk Ver: 573/1 Engine: 4205 Names: 291 Exports: 507 Imports: 3 Game: 801A
Loading package: 00012963.upk Ver: 573/1 Engine: 4205 Names: 1349 Exports: 1323 Imports: 10 Game: 801A
Loading package: 00047125.upk Ver: 573/1 Engine: 4205 Names: 470 Exports: 1024 Imports: 168 Game: 801A
Loading package: 00047138.upk Ver: 573/1 Engine: 4205 Names: 182 Exports: 189 Imports: 50 Game: 801A
Loading Texture2D 060237_Autoscale_col1_N from package 00047126.upk
Loading Texture2D 060237_Autoscale_col1_M from package 00047126.upk
Loading Texture2D 060237_Autoscale_col1_D from package 00047126.upk
Loading Texture2D 060237_Autoscale_col1_S from package 00047126.upk
Loading TextureCube lenscube from package 00002640.upk
Loading Texture2D 060237_Autoscale_col1_E from package 00047126.upk
Loading Texture2D Noise_009 from package 00012963.upk
Loading Texture2D T_wave from package 00012963.upk
Loading Texture2D Staff_FX_mask from package 00047125.upk
Loading Material3 Basic_Fx_Weapon from package 00047138.upk
Loading package: 00002620.upk Ver: 573/1 Engine: 4205 Names: 576 Exports: 7687 Imports: 96 Game: 801A
Loading Texture2D CubemapFace0 from package 00002640.upk
Loading Texture2D CubemapFace1 from package 00002640.upk
Loading Texture2D CubemapFace2 from package 00002640.upk
Loading Texture2D CubemapFace3 from package 00002640.upk
Loading Texture2D CubemapFace4 from package 00002640.upk
Loading Texture2D CubemapFace5 from package 00002640.upk
Loading Texture2D check_n from package 00002620.upk
Loading Texture2D check from package 00002620.upk
Loading Texture2D Smoke_Pattern_001 from package 00012963.upk
Loading Texture2D Gradient_Line_003 from package 00012963.upk
Loading Texture2D Gradient_Wipe_BurnOut_Mask_TEST from package 00012963.upk
Loading Texture2D Gradient_Wipe_BurnOut_Mask from package 00012963.upk
Loaded in 0.2 sec, 3750 allocs, 2.71 MBytes serialized in 295517 calls.

Object info:
============
ClassName: SkeletalMesh3 ObjectName: 060237_Autoscale

    LODInfo[1] =
    {
        LODInfo[0] =
        {
            DisplayFactor = 0
            LODHysteresis = 0.02
            LODMaterialMap[0] = {}
            bEnableShadowCasting[1] = { true }
        }
    }
    Sockets[2] =
    {
        Sockets[0] = SkeletalMeshSocket'060237_Autoscale.SkeletalMeshSocket_130'
        Sockets[1] = SkeletalMeshSocket'060237_Autoscale.SkeletalMeshSocket_134'
    }
    bHasVertexColors = false
    EnableTwistBoneFixers = true
    EnableClavicleFixer = true
    Materials[1] = { MaterialInstanceConstant'col11' }


    Lods[1] =
    {
        Lods[0] =
        {
            Sections[1] =
            {
                Sections[0] = { Material=MaterialInstanceConstant'col11', FirstIndex=0, NumFaces=3446 }
            }
            NumVerts = 2614
            IndexCount = 10338
            NumTexCoords = 1
        }
    }
    LodCount = 1
    MeshOrigin = { X=-0, Y=-0, Z=-0 }
    MeshScale = { X=1, Y=1, Z=1 }
    RotOrigin = { Yaw=0, Pitch=0, Roll=0 }
    BoneCount = 6

Object info:
============
ClassName: SkeletalMeshSocket ObjectName: SkeletalMeshSocket_130

    SocketName = FX_Add
    BoneName = WeaponRoot
    RelativeLocation = { X=0, Y=0, Z=0 }
    RelativeRotation = { Yaw=9102, Pitch=0, Roll=0 }
    RelativeScale = { X=1, Y=1, Z=1 }

Object info:
============
ClassName: SkeletalMeshSocket ObjectName: SkeletalMeshSocket_134

    SocketName = FX_Add_Trail
    BoneName = WeaponRoot
    RelativeLocation = { X=0, Y=0, Z=0 }
    RelativeRotation = { Yaw=0, Pitch=0, Roll=0 }
    RelativeScale = { X=1, Y=1, Z=1 }
