Found 32768 game files (1222 skipped)
Loading package: 00048580.upk Ver: 573/1 Engine: 4205 Names: 141 Exports: 14 Imports: 10 Game: 801A
Loading SkeletalMesh3 AncientMechaGoatMini from package 00048580.upk
WARNING: ObjectProperty "USkeletalMesh3::PlaySoundSet" was not found
Loading package: 00048579.upk Ver: 573/1 Engine: 4205 Names: 175 Exports: 143 Imports: 50 Game: 801A
Loading SkeletalMeshSocket SkeletalMeshSocket_101 from package 00048580.upk
WARNING: ObjectProperty "USkeletalMeshSocket::PreviewSkelMesh" was not found
Loading SkeletalMeshSocket SkeletalMeshSocket_102 from package 00048580.upk
Loading SkeletalMeshSocket SkeletalMeshSocket_103 from package 00048580.upk
Loading SkeletalMeshSocket SkeletalMeshSocket_104 from package 00048580.upk
Loading SkeletalMeshSocket SkeletalMeshSocket_105 from package 00048580.upk
Loading SkeletalMeshSocket SkeletalMeshSocket_106 from package 00048580.upk
Loading SkeletalMeshSocket SkeletalMeshSocket_107 from package 00048580.upk
Loading SkeletalMeshSocket SkeletalMeshSocket_108 from package 00048580.upk
Loading SkeletalMeshSocket SkeletalMeshSocket_109 from package 00048580.upk
Loading SkeletalMeshSocket SkeletalMeshSocket_110 from package 00048580.upk
Loading SkeletalMeshSocket SkeletalMeshSocket_111 from package 00048580.upk
Loading SkeletalMeshSocket SkeletalMeshSocket_201 from package 00048580.upk
Loading SkeletalMeshSocket SkeletalMeshSocket_202 from package 00048580.upk
Loading MaterialInstanceConstant col1 from package 00048579.upk
Loading package: 00048578.upk Ver: 573/1 Engine: 4205 Names: 31 Exports: 5 Imports: 2 Game: 801A
Loading package: 00012963.upk Ver: 573/1 Engine: 4205 Names: 1349 Exports: 1323 Imports: 10 Game: 801A
Loading package: 00002640.upk Ver: 573/1 Engine: 4205 Names: 291 Exports: 507 Imports: 3 Game: 801A
Loading package: 00047626.upk Ver: 573/1 Engine: 4205 Names: 195 Exports: 216 Imports: 56 Game: 801A
Loading Texture2D AncientMechaGoatMini_col1_N from package 00048578.upk
Loading Texture2D AncientMechaGoatMini_col1_M from package 00048578.upk
Loading Texture2D AncientMechaGoatMini_col1_D from package 00048578.upk
Loading Texture2D Smoke_Pattern_001 from package 00012963.upk
Loading Texture2D AncientMechaGoatMini_col1_S from package 00048578.upk
Loading TextureCube lenscube_a from package 00002640.upk
Loading Texture2D AncientMechaGoatMini_col1_E from package 00048578.upk
Loading Texture2D AncientMechaGoat_FX from package 00047626.upk
Loading Material3 Ghost_Basic_FX from package 00048579.upk
Loading package: 00002620.upk Ver: 573/1 Engine: 4205 Names: 576 Exports: 7687 Imports: 96 Game: 801A
Loading Texture2D CubemapFace0 from package 00002640.upk
Loading Texture2D CubemapFace1 from package 00002640.upk
Loading Texture2D CubemapFace2 from package 00002640.upk
Loading Texture2D CubemapFace3 from package 00002640.upk
Loading Texture2D CubemapFace4 from package 00002640.upk
Loading Texture2D CubemapFace5 from package 00002640.upk
Loading Texture2D check_n from package 00002620.upk
Loading Texture2D check from package 00002620.upk
Loading Texture2D Env_Fx_LightningCloud_Lightning from package 00012963.upk
Loading Texture2D Gradient_Line_003 from package 00012963.upk
Loading Texture2D Gradient_Wipe_BurnOut_Mask_TEST from package 00012963.upk
Loading Texture2D Gradient_Wipe_BurnOut_Mask from package 00012963.upk
Loaded in 0.21 sec, 3414 allocs, 4.91 MBytes serialized in 455242 calls.

Object info:
============
ClassName: SkeletalMesh3 ObjectName: AncientMechaGoatMini

    LODInfo[1] =
    {
        LODInfo[0] =
        {
            DisplayFactor = 0
            LODHysteresis = 0.02
            LODMaterialMap[0] = {}
            bEnableShadowCasting[1] = { true }
        }
    }
    Sockets[13] =
    {
        Sockets[0] = SkeletalMeshSocket'AncientMechaGoatMini.SkeletalMeshSocket_101'
        Sockets[1] = SkeletalMeshSocket'AncientMechaGoatMini.SkeletalMeshSocket_102'
        Sockets[2] = SkeletalMeshSocket'AncientMechaGoatMini.SkeletalMeshSocket_103'
        Sockets[3] = SkeletalMeshSocket'AncientMechaGoatMini.SkeletalMeshSocket_104'
        Sockets[4] = SkeletalMeshSocket'AncientMechaGoatMini.SkeletalMeshSocket_105'
        Sockets[5] = SkeletalMeshSocket'AncientMechaGoatMini.SkeletalMeshSocket_106'
        Sockets[6] = SkeletalMeshSocket'AncientMechaGoatMini.SkeletalMeshSocket_107'
        Sockets[7] = SkeletalMeshSocket'AncientMechaGoatMini.SkeletalMeshSocket_108'
        Sockets[8] = SkeletalMeshSocket'AncientMechaGoatMini.SkeletalMeshSocket_109'
        Sockets[9] = SkeletalMeshSocket'AncientMechaGoatMini.SkeletalMeshSocket_110'
        Sockets[10] = SkeletalMeshSocket'AncientMechaGoatMini.SkeletalMeshSocket_111'
        Sockets[11] = SkeletalMeshSocket'AncientMechaGoatMini.SkeletalMeshSocket_201'
        Sockets[12] = SkeletalMeshSocket'AncientMechaGoatMini.SkeletalMeshSocket_202'
    }
    bHasVertexColors = false
    EnableTwistBoneFixers = true
    EnableClavicleFixer = true
    Materials[1] = { MaterialInstanceConstant'col1' }


    Lods[1] =
    {
        Lods[0] =
        {
            Sections[1] =
            {
                Sections[0] = { Material=MaterialInstanceConstant'col1', FirstIndex=0, NumFaces=9974 }
            }
            NumVerts = 7170
            IndexCount = 29922
            NumTexCoords = 1
        }
    }
    LodCount = 1
    MeshOrigin = { X=-0, Y=-0, Z=-0 }
    MeshScale = { X=1, Y=1, Z=1 }
    RotOrigin = { Yaw=0, Pitch=0, Roll=0 }
    BoneCount = 88

Object info:
============
ClassName: SkeletalMeshSocket ObjectName: SkeletalMeshSocket_101

    SocketName = WeaponR
    BoneName = WeaponR
    RelativeLocation = { X=0, Y=0, Z=0 }
    RelativeRotation = { Yaw=0, Pitch=0, Roll=0 }
    RelativeScale = { X=1, Y=1, Z=1 }

Object info:
============
ClassName: SkeletalMeshSocket ObjectName: SkeletalMeshSocket_102

    SocketName = Particle_stone_m
    BoneName = Bip01Spine2
    RelativeLocation = { X=7.3613, Y=-16.5092, Z=-15.0957 }
    RelativeRotation = { Yaw=-19546, Pitch=7965, Roll=7280 }
    RelativeScale = { X=1, Y=1, Z=1 }

Object info:
============
ClassName: SkeletalMeshSocket ObjectName: SkeletalMeshSocket_103

    SocketName = target_high
    BoneName = Bip01Head
    RelativeLocation = { X=0, Y=0, Z=0 }
    RelativeRotation = { Yaw=0, Pitch=0, Roll=0 }
    RelativeScale = { X=1, Y=1, Z=1 }

Object info:
============
ClassName: SkeletalMeshSocket ObjectName: SkeletalMeshSocket_104

    SocketName = Catch_Back
    BoneName = Bip01Spine2
    RelativeLocation = { X=0, Y=23.9295, Z=0 }
    RelativeRotation = { Yaw=0, Pitch=0, Roll=0 }
    RelativeScale = { X=1, Y=1, Z=1 }

Object info:
============
ClassName: SkeletalMeshSocket ObjectName: SkeletalMeshSocket_105

    SocketName = socket_force
    BoneName = Root
    RelativeLocation = { X=44, Y=38.7806, Z=-43 }
    RelativeRotation = { Yaw=0, Pitch=0, Roll=0 }
    RelativeScale = { X=1, Y=1, Z=1 }

Object info:
============
ClassName: SkeletalMeshSocket ObjectName: SkeletalMeshSocket_106

    SocketName = socket_neck
    BoneName = Bip01Neck1
    RelativeLocation = { X=0, Y=0, Z=0 }
    RelativeRotation = { Yaw=0, Pitch=0, Roll=0 }
    RelativeScale = { X=1, Y=1, Z=1 }

Object info:
============
ClassName: SkeletalMeshSocket ObjectName: SkeletalMeshSocket_107

    SocketName = Decap_Socket
    BoneName = Bip01Neck1
    RelativeLocation = { X=5.45522, Y=6.55647, Z=4.71144 }
    RelativeRotation = { Yaw=0, Pitch=0, Roll=0 }
    RelativeScale = { X=1, Y=1, Z=1 }

Object info:
============
ClassName: SkeletalMeshSocket ObjectName: SkeletalMeshSocket_108

    SocketName = Mount_Socket
    BoneName = Bip01Spine1
    RelativeLocation = { X=0, Y=-8.30923, Z=0 }
    RelativeRotation = { Yaw=0, Pitch=0, Roll=-16384 }
    RelativeScale = { X=1, Y=1, Z=1 }

Object info:
============
ClassName: SkeletalMeshSocket ObjectName: SkeletalMeshSocket_109

    SocketName = Mount_Ambar_Socket
    BoneName = Bip01LClavicle
    RelativeLocation = { X=2.56573, Y=-13.8821, Z=-21.2274 }
    RelativeRotation = { Yaw=-285, Pitch=9970, Roll=22850 }
    RelativeScale = { X=1, Y=1, Z=1 }

Object info:
============
ClassName: SkeletalMeshSocket ObjectName: SkeletalMeshSocket_110

    SocketName = Mount_Choke_Socket
    BoneName = Root
    RelativeLocation = { X=7.97719, Y=-4.90856, Z=37.25 }
    RelativeRotation = { Yaw=32768, Pitch=0, Roll=0 }
    RelativeScale = { X=1, Y=1, Z=1 }

Object info:
============
ClassName: SkeletalMeshSocket ObjectName: SkeletalMeshSocket_111

    SocketName = ATTACH_EFFECT
    BoneName = Bip01
    RelativeLocation = { X=10, Y=0, Z=0 }
    RelativeRotation = { Yaw=0, Pitch=0, Roll=0 }
    RelativeScale = { X=1, Y=1, Z=1 }

Object info:
============
ClassName: SkeletalMeshSocket ObjectName: SkeletalMeshSocket_201

    SocketName = Bip01REye_FX
    BoneName = Bip01Head
    RelativeLocation = { X=7, Y=-8, Z=-5 }
    RelativeRotation = { Yaw=0, Pitch=0, Roll=0 }
    RelativeScale = { X=1, Y=1, Z=1 }

Object info:
============
ClassName: SkeletalMeshSocket ObjectName: SkeletalMeshSocket_202

    SocketName = Bip01LEye_FX
    BoneName = Bip01Head
    RelativeLocation = { X=7, Y=-8, Z=5 }
    RelativeRotation = { Yaw=0, Pitch=0, Roll=0 }
    RelativeScale = { X=1, Y=1, Z=1 }
