Found 32768 game files (1222 skipped)
Loading package: 00042291.upk Ver: 573/1 Engine: 4205 Names: 117 Exports: 81 Imports: 15 Game: 801A
Loading SkeletalMesh3 040260_KunN from package 00042291.upk
Loading package: 00042293.upk Ver: 573/1 Engine: 4205 Names: 124 Exports: 3 Imports: 29 Game: 801A
Loading MaterialInstanceConstant col1 from package 00042293.upk
Loading package: 00042292.upk Ver: 573/1 Engine: 4205 Names: 34 Exports: 7 Imports: 2 Game: 801A
Loading package: 00008613.upk Ver: 573/1 Engine: 4205 Names: 95 Exports: 6 Imports: 12 Game: 801A
Loading package: 00002620.upk Ver: 573/1 Engine: 4205 Names: 576 Exports: 7687 Imports: 96 Game: 801A
Loading MaterialInstanceConstant col_acc from package 00042293.upk
Loading package: 00002640.upk Ver: 573/1 Engine: 4205 Names: 291 Exports: 507 Imports: 3 Game: 801A
Loading MaterialInstanceConstant col_OP from package 00042293.upk
Loading Texture2D 040260_KunN_Hair_D from package 00042292.upk
Loading Texture2D 040260_KunN_Hair_N from package 00042292.upk
Loading Texture2D Nothing_A from package 00008613.upk
Loading Material3 Beard_Ac from package 00002620.upk
Loading package: 00012963.upk Ver: 573/1 Engine: 4205 Names: 1349 Exports: 1323 Imports: 10 Game: 801A
Loading Texture2D 040260_KunN_col1_N from package 00042292.upk
Loading Texture2D 040260_KunN_col1_M from package 00042292.upk
Loading Texture2D 040260_KunN_col1_D from package 00042292.upk
Loading Texture2D 040260_KunN_col1_S from package 00042292.upk
Loading TextureCube lenscube_c from package 00002640.upk
Loading Texture2D 040260_KunN_col1_E from package 00042292.upk
Loading Material3 Basic from package 00002620.upk
Loading TextureCube eye1 from package 00002640.upk
Loading Material3 Blend_OP from package 00002620.upk
Loading Texture2D check_n from package 00002620.upk
Loading Texture2D Noise_Glass_000 from package 00012963.upk
Loading Texture2D Smoke_Pattern_001 from package 00012963.upk
Loading Texture2D Gradient_Wipe_BurnOut_Mask_TEST from package 00012963.upk
Loading Texture2D Gradient_Wipe_BurnOut_Mask from package 00012963.upk
Loading Texture2D check from package 00002620.upk
Loading Texture2D Gradient_Line_003 from package 00012963.upk
Loading Texture2D CubemapFace0 from package 00002640.upk
Loading Texture2D CubemapFace1 from package 00002640.upk
Loading Texture2D CubemapFace2 from package 00002640.upk
Loading Texture2D CubemapFace3 from package 00002640.upk
Loading Texture2D CubemapFace4 from package 00002640.upk
Loading Texture2D CubemapFace5 from package 00002640.upk
Loading Texture2D CubemapFace0 from package 00002640.upk
Loading Texture2D CubemapFace1 from package 00002640.upk
Loading Texture2D CubemapFace2 from package 00002640.upk
Loading Texture2D CubemapFace3 from package 00002640.upk
Loading Texture2D CubemapFace4 from package 00002640.upk
Loading Texture2D CubemapFace5 from package 00002640.upk
Loaded in 0.31 sec, 3414 allocs, 3.76 MBytes serialized in 428070 calls.

Object info:
============
ClassName: SkeletalMesh3 ObjectName: 040260_KunN

    LODInfo[1] =
    {
        LODInfo[0] =
        {
            DisplayFactor = 0
            LODHysteresis = 0.02
            LODMaterialMap[0] = {}
            bEnableShadowCasting[3] = { true, true, true }
        }
    }
    Sockets[0] = {}
    bHasVertexColors = false
    EnableTwistBoneFixers = true
    EnableClavicleFixer = true
    Materials[3] =
    {
        Materials[0] = MaterialInstanceConstant'col1'
        Materials[1] = MaterialInstanceConstant'col_acc'
        Materials[2] = MaterialInstanceConstant'col_OP'
    }


    Lods[1] =
    {
        Lods[0] =
        {
            Sections[3] =
            {
                Sections[0] = { Material=MaterialInstanceConstant'col_acc', FirstIndex=0, NumFaces=2465 }
                Sections[1] = { Material=MaterialInstanceConstant'col1', FirstIndex=7395, NumFaces=5503 }
                Sections[2] = { Material=MaterialInstanceConstant'col_OP', FirstIndex=23904, NumFaces=946 }
            }
            NumVerts = 6376
            IndexCount = 26742
            NumTexCoords = 1
        }
    }
    LodCount = 1
    MeshOrigin = { X=-0, Y=-0, Z=-0 }
    MeshScale = { X=1, Y=1, Z=1 }
    RotOrigin = { Yaw=0, Pitch=0, Roll=0 }
    BoneCount = 25
