Found 32768 game files (1222 skipped)
Loading package: 00049720.upk Ver: 573/1 Engine: 4205 Names: 204 Exports: 109 Imports: 20 Game: 801A
Loading SkeletalMesh3 10124_JinM from package 00049720.upk
WARNING: ObjectProperty "USkeletalMesh3::MeshFactorSet" was not found
WARNING: ObjectProperty "USkeletalMesh3::PhysMaterialOverride" was not found
WARNING: ObjectProperty "USkeletalMesh3::PlaySoundSet" was not found
WARNING: FloatProperty "USkeletalMesh3::AddFootOffsetValue" was not found
WARNING: FloatProperty "USkeletalMesh3::AnimNameHeight" was not found
WARNING: FloatProperty "USkeletalMesh3::NormalNameHeight" was not found
WARNING: ArrayProperty "USkeletalMesh3::NameplateMeshScaleRatio" was not found
WARNING: StructProperty "USkeletalMesh3::NameplateHeightRatio" was not found
WARNING: ArrayProperty "USkeletalMesh3::MeshScaleRatio" was not found
WARNING: StructProperty "USkeletalMesh3::HeightRatio" was not found
WARNING: StructProperty "USkeletalMesh3::HandRatio" was not found
WARNING: ByteProperty "USkeletalMesh3::CommonPhysicsUseFlag" was not found
Loading package: 00049707.upk Ver: 573/1 Engine: 4205 Names: 124 Exports: 3 Imports: 27 Game: 801A
Loading MaterialInstanceConstant col1 from package 00049707.upk
Loading package: 00049706.upk Ver: 573/1 Engine: 4205 Names: 33 Exports: 5 Imports: 2 Game: 801A
Loading package: 00002640.upk Ver: 573/1 Engine: 4205 Names: 291 Exports: 507 Imports: 3 Game: 801A
Loading package: 00049703.upk Ver: 573/1 Engine: 4205 Names: 201 Exports: 237 Imports: 54 Game: 801A
Loading MaterialInstanceConstant Op from package 00049707.upk
Loading package: 00002620.upk Ver: 573/1 Engine: 4205 Names: 576 Exports: 7687 Imports: 96 Game: 801A
Loading Texture2D 10124_JinM_col1_N from package 00049706.upk
Loading Texture2D 10124_JinM_col1_M from package 00049706.upk
Loading Texture2D 10124_JinM_col1_D from package 00049706.upk
Loading Texture2D 10124_JinM_col1_S from package 00049706.upk
Loading Texture2D lenscube_NegX from package 00002640.upk
Loading Texture2D 10124_JinM_col1_E from package 00049706.upk
Loading Texture2D 10124_JinM_col1_fx from package 00049707.upk
Loading Material3 Body_Pegasus_Fx from package 00049703.upk
Loading package: 00023713.upk Ver: 573/1 Engine: 4205 Names: 101 Exports: 81 Imports: 4 Game: 801A
Loading package: 00012963.upk Ver: 573/1 Engine: 4205 Names: 1349 Exports: 1323 Imports: 10 Game: 801A
Loading Material3 Blend_OP from package 00002620.upk
Loading Texture2D check_n from package 00002620.upk
Loading Texture2D 10124_JinF_col1_fx from package 00049703.upk
Loading Texture2D BGFX_Dots from package 00023713.upk
Loading Texture2D Smoke_Pattern_001 from package 00012963.upk
Loading Texture2D Gradient_Wipe_BurnOut_Mask_TEST from package 00012963.upk
Loading Texture2D Gradient_Wipe_BurnOut_Mask from package 00012963.upk
Loading Texture2D check from package 00002620.upk
Loading Texture2D Gradient_Line_003 from package 00012963.upk
Loaded in 0.21 sec, 3464 allocs, 7.71 MBytes serialized in 495896 calls.

Object info:
============
ClassName: SkeletalMesh3 ObjectName: 10124_JinM

    LODInfo[2] =
    {
        LODInfo[0] =
        {
            DisplayFactor = 0
            LODHysteresis = 0.02
            LODMaterialMap[0] = {}
            bEnableShadowCasting[2] = { true, true }
        }
        LODInfo[1] =
        {
            DisplayFactor = 0.25
            LODHysteresis = 0.02
            LODMaterialMap[2] = { 0, 1 }
            bEnableShadowCasting[2] = { true, true }
        }
    }
    Sockets[0] = {}
    bHasVertexColors = false
    EnableTwistBoneFixers = true
    EnableClavicleFixer = true
    Materials[2] = { MaterialInstanceConstant'col1', MaterialInstanceConstant'Op' }


    Lods[2] =
    {
        Lods[0] =
        {
            Sections[2] =
            {
                Sections[0] = { Material=MaterialInstanceConstant'col1', FirstIndex=0, NumFaces=8600 }
                Sections[1] = { Material=MaterialInstanceConstant'Op', FirstIndex=25800, NumFaces=66 }
            }
            NumVerts = 5773
            IndexCount = 25998
            NumTexCoords = 1
        }
        Lods[1] =
        {
            Sections[2] =
            {
                Sections[0] = { Material=MaterialInstanceConstant'col1', FirstIndex=0, NumFaces=2119 }
                Sections[1] = { Material=MaterialInstanceConstant'Op', FirstIndex=6357, NumFaces=44 }
            }
            NumVerts = 1921
            IndexCount = 6489
            NumTexCoords = 1
        }
    }
    LodCount = 2
    MeshOrigin = { X=-0, Y=-0, Z=-0 }
    MeshScale = { X=1, Y=1, Z=1 }
    RotOrigin = { Yaw=0, Pitch=0, Roll=0 }
    BoneCount = 83
