Found 32768 game files (1222 skipped)
Loading package: 00044918.upk Ver: 573/1 Engine: 4205 Names: 104 Exports: 1 Imports: 24 Game: 801A
Loading MaterialInstanceConstant col1 from package 00044918.upk
Loading package: 00026584.upk Ver: 573/1 Engine: 4205 Names: 43 Exports: 12 Imports: 2 Game: 801A
Loading package: 00002640.upk Ver: 573/1 Engine: 4205 Names: 291 Exports: 507 Imports: 3 Game: 801A
Loading package: 00012963.upk Ver: 573/1 Engine: 4205 Names: 1349 Exports: 1323 Imports: 10 Game: 801A
Loading package: 00026582.upk Ver: 573/1 Engine: 4205 Names: 204 Exports: 272 Imports: 55 Game: 801A
Loading Texture2D SaintWildboar_N from package 00026584.upk
Loading Texture2D SaintWildboar_M from package 00026584.upk
Loading Texture2D SaintWildboar_D_col3 from package 00026584.upk
Loading Texture2D SaintWildboar_s_col3 from package 00026584.upk
Loading TextureCube Cube_D from package 00002640.upk
Loading Texture2D Env_Fx_Storm from package 00012963.upk
Loading Texture2D Noise_Wave_000 from package 00012963.upk
Loading Texture2D Electric_Damage_02 from package 00012963.upk
Loading Texture2D Electric_tile from package 00012963.upk
Loading Texture2D SaintWildboar_E_col3 from package 00026584.upk
Loading Material3 saintwildboarBasic from package 00026582.upk
Loading package: 00002620.upk Ver: 573/1 Engine: 4205 Names: 576 Exports: 7687 Imports: 96 Game: 801A
Loading Texture2D CubemapFace0 from package 00002640.upk
Loading Texture2D CubemapFace1 from package 00002640.upk
Loading Texture2D CubemapFace2 from package 00002640.upk
Loading Texture2D CubemapFace3 from package 00002640.upk
Loading Texture2D CubemapFace4 from package 00002640.upk
Loading Texture2D CubemapFace5 from package 00002640.upk
Loading Texture2D check_n from package 00002620.upk
Loading Texture2D check from package 00002620.upk
Loading Texture2D Smoke_Pattern_001 from package 00012963.upk
Loading Texture2D Gradient_Line_003 from package 00012963.upk
Loading Texture2D Gradient_Wipe_BurnOut_Mask_TEST from package 00012963.upk
Loading Texture2D Gradient_Wipe_BurnOut_Mask from package 00012963.upk
Loaded in 0.2 sec, 3206 allocs, 3.98 MBytes serialized in 190502 calls.

Object info:
============
ClassName: MaterialInstanceConstant ObjectName: col1

    ScalarParameterValues[10] =
    {
        ScalarParameterValues[0] = { ParameterName=Transmission_value, ParameterValue=5 }
        ScalarParameterValues[1] = { ParameterName=Glossiness1, ParameterValue=1 }
        ScalarParameterValues[2] = { ParameterName=Glossiness2, ParameterValue=20 }
        ScalarParameterValues[3] = { ParameterName=Specular_value, ParameterValue=3 }
        ScalarParameterValues[4] = { ParameterName=HighLight_Value, ParameterValue=1 }
        ScalarParameterValues[5] = { ParameterName=HighLight_glossiness, ParameterValue=15 }
        ScalarParameterValues[6] = { ParameterName=Emissive_value, ParameterValue=3 }
        ScalarParameterValues[7] = { ParameterName=Emissive_value2, ParameterValue=3 }
        ScalarParameterValues[8] = { ParameterName=Fresnel Value, ParameterValue=50 }
        ScalarParameterValues[9] = { ParameterName=Fresnel exponent, ParameterValue=10 }
    }
    TextureParameterValues[10] =
    {
        TextureParameterValues[0] = { ParameterName=Normal, ParameterValue=Texture2D'SaintWildboar_N' }
        TextureParameterValues[1] = { ParameterName=Mask_GB, ParameterValue=Texture2D'SaintWildboar_M' }
        TextureParameterValues[2] = { ParameterName=Diffuse, ParameterValue=Texture2D'SaintWildboar_D_col3' }
        TextureParameterValues[3] = { ParameterName=Specular, ParameterValue=Texture2D'SaintWildboar_s_col3' }
        TextureParameterValues[4] = { ParameterName=rf_cube, ParameterValue=TextureCube'Cube_D' }
        TextureParameterValues[5] = { ParameterName=electronic_mask, ParameterValue=Texture2D'Env_Fx_Storm' }
        TextureParameterValues[6] = { ParameterName=Noise_Texture, ParameterValue=Texture2D'Noise_Wave_000' }
        TextureParameterValues[7] = { ParameterName=electronic_sub, ParameterValue=Texture2D'Electric_Damage_02' }
        TextureParameterValues[8] = { ParameterName=electronic_tile, ParameterValue=Texture2D'Electric_tile' }
        TextureParameterValues[9] = { ParameterName=Emissive, ParameterValue=Texture2D'SaintWildboar_E_col3' }
    }
    VectorParameterValues[12] =
    {
        VectorParameterValues[0] =
        {
            ParameterName = AC_color
            ParameterValue = { R=1, G=1, B=1, A=1 }
        }
        VectorParameterValues[1] =
        {
            ParameterName = Mesh_trangition
            ParameterValue = { R=0, G=0, B=0, A=1 }
        }
        VectorParameterValues[2] =
        {
            ParameterName = AC_specular
            ParameterValue = { R=1, G=1, B=1, A=1 }
        }
        VectorParameterValues[3] =
        {
            ParameterName = Reflection_value
            ParameterValue = { R=2, G=2, B=2, A=1 }
        }
        VectorParameterValues[4] =
        {
            ParameterName = HighLight_Color
            ParameterValue = { R=1, G=1, B=1, A=1 }
        }
        VectorParameterValues[5] =
        {
            ParameterName = lightningColor
            ParameterValue = { R=0, G=0, B=0, A=1 }
        }
        VectorParameterValues[6] =
        {
            ParameterName = Fresnel_color
            ParameterValue = { R=0, G=0, B=0, A=1 }
        }
        VectorParameterValues[7] =
        {
            ParameterName = Fresnel_Power
            ParameterValue = { R=0, G=0, B=0, A=1 }
        }
        VectorParameterValues[8] =
        {
            ParameterName = Burn_Color
            ParameterValue = { R=0, G=0, B=0, A=1 }
        }
        VectorParameterValues[9] =
        {
            ParameterName = Fx_Glow_power
            ParameterValue = { R=0, G=0, B=0, A=1 }
        }
        VectorParameterValues[10] =
        {
            ParameterName = Glow_Trangition
            ParameterValue = { R=0, G=0, B=0, A=1 }
        }
        VectorParameterValues[11] =
        {
            ParameterName = Fx_Glow_color
            ParameterValue = { R=0, G=0, B=0, A=1 }
        }
    }
    Parent = Material3'saintwildboarBasic'
    FlattenedTexture = None
    MobileBaseTexture = None
    MobileNormalTexture = None
    bUseMobileSpecular = false
    MobileSpecularPower = 16
    MobileSpecularMask = MSM_Constant (0)
    MobileMaskTexture = None
