Found 32768 game files (1766 skipped)
Loading package: 00040318.upk Ver: 573/1 Engine: 4205 Names: 213 Exports: 343 Imports: 26 Game: 801A
Loading SkeletalMesh3 FlazardFireIce from package 00040318.upk
WARNING: FloatProperty "USkeletalMesh3::AnimNameHeight" was not found
WARNING: FloatProperty "USkeletalMesh3::NormalNameHeight" was not found
WARNING: FloatProperty "USkeletalMesh3::LowNameHeight" was not found
WARNING: FloatProperty "USkeletalMesh3::PhysicalHitScale" was not found
Loading package: 00040317.upk Ver: 573/1 Engine: 4205 Names: 91 Exports: 1 Imports: 20 Game: 801A
Loading SkeletalMeshSocket SkeletalMeshSocket_179 from package 00040318.upk
Loading SkeletalMeshSocket SkeletalMeshSocket_180 from package 00040318.upk
Loading SkeletalMeshSocket SkeletalMeshSocket_181 from package 00040318.upk
WARNING: BoolProperty "USkeletalMeshSocket::bParticleAttachPosOnly" was not found
Loading SkeletalMeshSocket SkeletalMeshSocket_182 from package 00040318.upk
WARNING: ObjectProperty "USkeletalMeshSocket::PreviewSkelMesh" was not found
Loading SkeletalMeshSocket SkeletalMeshSocket_183 from package 00040318.upk
WARNING: ObjectProperty "USkeletalMeshSocket::PreviewSkelMesh" was not found
Loading SkeletalMeshSocket SkeletalMeshSocket_184 from package 00040318.upk
WARNING: ObjectProperty "USkeletalMeshSocket::PreviewSkelMesh" was not found
Loading SkeletalMeshSocket SkeletalMeshSocket_185 from package 00040318.upk
Loading SkeletalMeshSocket SkeletalMeshSocket_186 from package 00040318.upk
Loading SkeletalMeshSocket SkeletalMeshSocket_187 from package 00040318.upk
Loading SkeletalMeshSocket SkeletalMeshSocket_188 from package 00040318.upk
Loading SkeletalMeshSocket SkeletalMeshSocket_189 from package 00040318.upk
Loading SkeletalMeshSocket SkeletalMeshSocket_190 from package 00040318.upk
Loading SkeletalMeshSocket SkeletalMeshSocket_191 from package 00040318.upk
WARNING: ObjectProperty "USkeletalMeshSocket::DependencyParticleSystem" was not found
Loading SkeletalMeshSocket SkeletalMeshSocket_192 from package 00040318.upk
WARNING: ObjectProperty "USkeletalMeshSocket::DependencyParticleSystem" was not found
Loading SkeletalMeshSocket SkeletalMeshSocket_193 from package 00040318.upk
WARNING: ObjectProperty "USkeletalMeshSocket::DependencyParticleSystem" was not found
Loading SkeletalMeshSocket SkeletalMeshSocket_194 from package 00040318.upk
WARNING: ObjectProperty "USkeletalMeshSocket::DependencyParticleSystem" was not found
Loading SkeletalMeshSocket SkeletalMeshSocket_195 from package 00040318.upk
WARNING: ObjectProperty "USkeletalMeshSocket::DependencyParticleSystem" was not found
Loading SkeletalMeshSocket SkeletalMeshSocket_196 from package 00040318.upk
WARNING: ObjectProperty "USkeletalMeshSocket::DependencyParticleSystem" was not found
Loading MaterialInstanceConstant col1_red from package 00040317.upk
Loading package: 00040316.upk Ver: 573/1 Engine: 4205 Names: 33 Exports: 5 Imports: 2 Game: 801A
Loading package: 00002640.upk Ver: 573/1 Engine: 4205 Names: 291 Exports: 507 Imports: 3 Game: 801A
Loading package: 00002620.upk Ver: 573/1 Engine: 4205 Names: 576 Exports: 7687 Imports: 96 Game: 801A
Loading Texture2D FlazardFireIce_col1_N from package 00040316.upk
Loading Texture2D FlazardFireIce_col1_M from package 00040316.upk
Loading Texture2D FlazardFireIce_col1_D from package 00040316.upk
Loading Texture2D FlazardFireIce_col1_S from package 00040316.upk
Loading TextureCube mirror2 from package 00002640.upk
Loading Texture2D FlazardFireIce_col1_E from package 00040316.upk
Loading Material3 Basic from package 00002620.upk
Loading package: 00012963.upk Ver: 573/1 Engine: 4205 Names: 1386 Exports: 1362 Imports: 10 Game: 801A
Loading Texture2D CubemapFace0 from package 00002640.upk
Loading Texture2D CubemapFace1 from package 00002640.upk
Loading Texture2D CubemapFace2 from package 00002640.upk
Loading Texture2D CubemapFace3 from package 00002640.upk
Loading Texture2D CubemapFace4 from package 00002640.upk
Loading Texture2D CubemapFace5 from package 00002640.upk
Loading Texture2D check_n from package 00002620.upk
Loading Texture2D check from package 00002620.upk
Loading Texture2D Smoke_Pattern_001 from package 00012963.upk
Loading Texture2D Gradient_Line_003 from package 00012963.upk
Loading Texture2D Gradient_Wipe_BurnOut_Mask_TEST from package 00012963.upk
Loading Texture2D Gradient_Wipe_BurnOut_Mask from package 00012963.upk
Loaded in 0.15 sec, 3181 allocs, 4.46 MBytes serialized in 496853 calls.

Object info:
============
ClassName: SkeletalMesh3 ObjectName: FlazardFireIce

    LODInfo[1] =
    {
        LODInfo[0] =
        {
            DisplayFactor = 0
            LODHysteresis = 0.02
            LODMaterialMap[0] = {}
            bEnableShadowCasting[2] = { true, true }
        }
    }
    Sockets[18] =
    {
        Sockets[0] = SkeletalMeshSocket'FlazardFireIce.SkeletalMeshSocket_179'
        Sockets[1] = SkeletalMeshSocket'FlazardFireIce.SkeletalMeshSocket_180'
        Sockets[2] = SkeletalMeshSocket'FlazardFireIce.SkeletalMeshSocket_181'
        Sockets[3] = SkeletalMeshSocket'FlazardFireIce.SkeletalMeshSocket_182'
        Sockets[4] = SkeletalMeshSocket'FlazardFireIce.SkeletalMeshSocket_183'
        Sockets[5] = SkeletalMeshSocket'FlazardFireIce.SkeletalMeshSocket_184'
        Sockets[6] = SkeletalMeshSocket'FlazardFireIce.SkeletalMeshSocket_185'
        Sockets[7] = SkeletalMeshSocket'FlazardFireIce.SkeletalMeshSocket_186'
        Sockets[8] = SkeletalMeshSocket'FlazardFireIce.SkeletalMeshSocket_187'
        Sockets[9] = SkeletalMeshSocket'FlazardFireIce.SkeletalMeshSocket_188'
        Sockets[10] = SkeletalMeshSocket'FlazardFireIce.SkeletalMeshSocket_189'
        Sockets[11] = SkeletalMeshSocket'FlazardFireIce.SkeletalMeshSocket_190'
        Sockets[12] = SkeletalMeshSocket'FlazardFireIce.SkeletalMeshSocket_191'
        Sockets[13] = SkeletalMeshSocket'FlazardFireIce.SkeletalMeshSocket_192'
        Sockets[14] = SkeletalMeshSocket'FlazardFireIce.SkeletalMeshSocket_193'
        Sockets[15] = SkeletalMeshSocket'FlazardFireIce.SkeletalMeshSocket_194'
        Sockets[16] = SkeletalMeshSocket'FlazardFireIce.SkeletalMeshSocket_195'
        Sockets[17] = SkeletalMeshSocket'FlazardFireIce.SkeletalMeshSocket_196'
    }
    bHasVertexColors = false
    EnableTwistBoneFixers = true
    EnableClavicleFixer = true
    Materials[1] = { MaterialInstanceConstant'col1_red' }


    Lods[1] =
    {
        Lods[0] =
        {
            Sections[2] =
            {
                Sections[0] = { Material=MaterialInstanceConstant'col1_red', FirstIndex=0, NumFaces=10064 }
                Sections[1] = { Material=MaterialInstanceConstant'col1_red', FirstIndex=30192, NumFaces=1006 }
            }
            NumVerts = 8012
            IndexCount = 33210
            NumTexCoords = 1
        }
    }
    LodCount = 1
    MeshOrigin = { X=-0, Y=-0, Z=-0 }
    MeshScale = { X=1, Y=1, Z=1 }
    RotOrigin = { Yaw=0, Pitch=0, Roll=0 }
    BoneCount = 90

Object info:
============
ClassName: SkeletalMeshSocket ObjectName: SkeletalMeshSocket_179

    SocketName = target_high
    BoneName = Bip01Head
    RelativeLocation = { X=0, Y=0, Z=8 }
    RelativeRotation = { Yaw=0, Pitch=0, Roll=0 }
    RelativeScale = { X=1, Y=1, Z=1 }

Object info:
============
ClassName: SkeletalMeshSocket ObjectName: SkeletalMeshSocket_180

    SocketName = Catch_Neck
    BoneName = Bip01Neck
    RelativeLocation = { X=0, Y=0, Z=0 }
    RelativeRotation = { Yaw=0, Pitch=0, Roll=0 }
    RelativeScale = { X=1, Y=1, Z=1 }

Object info:
============
ClassName: SkeletalMeshSocket ObjectName: SkeletalMeshSocket_181

    SocketName = ATTACH_EFFECT
    BoneName = Bip01
    RelativeLocation = { X=0, Y=0, Z=0 }
    RelativeRotation = { Yaw=0, Pitch=0, Roll=0 }
    RelativeScale = { X=1, Y=1, Z=1 }

Object info:
============
ClassName: SkeletalMeshSocket ObjectName: SkeletalMeshSocket_182

    SocketName = X_Root_Find_Test
    BoneName = Root
    RelativeLocation = { X=0, Y=0, Z=0 }
    RelativeRotation = { Yaw=0, Pitch=0, Roll=0 }
    RelativeScale = { X=1, Y=1, Z=1 }

Object info:
============
ClassName: SkeletalMeshSocket ObjectName: SkeletalMeshSocket_183

    SocketName = WeaponL
    BoneName = WeaponL
    RelativeLocation = { X=0, Y=0, Z=0 }
    RelativeRotation = { Yaw=0, Pitch=0, Roll=0 }
    RelativeScale = { X=1, Y=1, Z=1 }

Object info:
============
ClassName: SkeletalMeshSocket ObjectName: SkeletalMeshSocket_184

    SocketName = WeaponR
    BoneName = WeaponR
    RelativeLocation = { X=0, Y=0, Z=0 }
    RelativeRotation = { Yaw=0, Pitch=0, Roll=0 }
    RelativeScale = { X=1, Y=1, Z=1 }

Object info:
============
ClassName: SkeletalMeshSocket ObjectName: SkeletalMeshSocket_185

    SocketName = socket_force
    BoneName = Root
    RelativeLocation = { X=55, Y=35, Z=-25 }
    RelativeRotation = { Yaw=0, Pitch=0, Roll=0 }
    RelativeScale = { X=1, Y=1, Z=1 }

Object info:
============
ClassName: SkeletalMeshSocket ObjectName: SkeletalMeshSocket_186

    SocketName = Mount_Socket
    BoneName = Bip01Spine1
    RelativeLocation = { X=1.09655, Y=-12, Z=0 }
    RelativeRotation = { Yaw=0, Pitch=0, Roll=-16384 }
    RelativeScale = { X=1, Y=1, Z=1 }

Object info:
============
ClassName: SkeletalMeshSocket ObjectName: SkeletalMeshSocket_187

    SocketName = Catch_Back
    BoneName = Bip01Spine2
    RelativeLocation = { X=1.39485, Y=20.3504, Z=3.17487 }
    RelativeRotation = { Yaw=0, Pitch=0, Roll=0 }
    RelativeScale = { X=1, Y=1, Z=1 }

Object info:
============
ClassName: SkeletalMeshSocket ObjectName: SkeletalMeshSocket_188

    SocketName = Mount_Ambar_Socket
    BoneName = Bip01LClavicle
    RelativeLocation = { X=-3.95151, Y=-1.9822, Z=-16.392 }
    RelativeRotation = { Yaw=-285, Pitch=9970, Roll=22850 }
    RelativeScale = { X=1, Y=1, Z=1 }

Object info:
============
ClassName: SkeletalMeshSocket ObjectName: SkeletalMeshSocket_189

    SocketName = Mount_Choke_Socket
    BoneName = Root
    RelativeLocation = { X=8.99833, Y=-5.26166, Z=26 }
    RelativeRotation = { Yaw=32768, Pitch=0, Roll=0 }
    RelativeScale = { X=1, Y=1, Z=1 }

Object info:
============
ClassName: SkeletalMeshSocket ObjectName: SkeletalMeshSocket_190

    SocketName = Decap_Socket
    BoneName = Bip01Neck
    RelativeLocation = { X=0.386179, Y=0, Z=4.09782e-008 }
    RelativeRotation = { Yaw=0, Pitch=0, Roll=0 }
    RelativeScale = { X=1, Y=1, Z=1 }

Object info:
============
ClassName: SkeletalMeshSocket ObjectName: SkeletalMeshSocket_191

    SocketName = FX_LArm
    BoneName = Bip01LUpperArm
    RelativeLocation = { X=0, Y=0, Z=20 }
    RelativeRotation = { Yaw=0, Pitch=0, Roll=0 }
    RelativeScale = { X=1, Y=1, Z=1 }

Object info:
============
ClassName: SkeletalMeshSocket ObjectName: SkeletalMeshSocket_192

    SocketName = FX_Rarm
    BoneName = Bip01RUpperArm
    RelativeLocation = { X=0, Y=0, Z=-20 }
    RelativeRotation = { Yaw=0, Pitch=0, Roll=36408 }
    RelativeScale = { X=1, Y=1, Z=1 }

Object info:
============
ClassName: SkeletalMeshSocket ObjectName: SkeletalMeshSocket_193

    SocketName = FX_LFoot
    BoneName = Bip01LFoot
    RelativeLocation = { X=-5, Y=0, Z=0 }
    RelativeRotation = { Yaw=0, Pitch=16384, Roll=0 }
    RelativeScale = { X=1, Y=1, Z=1 }

Object info:
============
ClassName: SkeletalMeshSocket ObjectName: SkeletalMeshSocket_194

    SocketName = FX_RFoot
    BoneName = Bip01RFoot
    RelativeLocation = { X=-5, Y=0, Z=0 }
    RelativeRotation = { Yaw=0, Pitch=-16384, Roll=32768 }
    RelativeScale = { X=1, Y=1, Z=1 }

Object info:
============
ClassName: SkeletalMeshSocket ObjectName: SkeletalMeshSocket_195

    SocketName = FX_RHand
    BoneName = Bip01RHand
    RelativeLocation = { X=0, Y=0, Z=0 }
    RelativeRotation = { Yaw=0, Pitch=-16384, Roll=32768 }
    RelativeScale = { X=1, Y=1, Z=1 }

Object info:
============
ClassName: SkeletalMeshSocket ObjectName: SkeletalMeshSocket_196

    SocketName = FX_LHand
    BoneName = Bip01LHand
    RelativeLocation = { X=0, Y=0, Z=0 }
    RelativeRotation = { Yaw=0, Pitch=16384, Roll=0 }
    RelativeScale = { X=1, Y=1, Z=1 }
