Found 32768 game files (1766 skipped)
Loading package: 00040297.upk Ver: 573/1 Engine: 4205 Names: 128 Exports: 115 Imports: 11 Game: 801A
Loading SkeletalMesh3 HongSeokgeunEvolve from package 00040297.upk
WARNING: ByteProperty "USkeletalMesh3::ItemPreviewLocType" was not found
Loading package: 00040299.upk Ver: 573/1 Engine: 4205 Names: 69 Exports: 1 Imports: 15 Game: 801A
Loading SkeletalMeshSocket SkeletalMeshSocket_138 from package 00040297.upk
Loading SkeletalMeshSocket SkeletalMeshSocket_139 from package 00040297.upk
Loading MaterialInstanceConstant col1 from package 00040299.upk
Loading package: 00040298.upk Ver: 573/1 Engine: 4205 Names: 18 Exports: 1 Imports: 2 Game: 801A
Loading package: 00008613.upk Ver: 573/1 Engine: 4205 Names: 95 Exports: 6 Imports: 12 Game: 801A
Loading package: 00037280.upk Ver: 573/1 Engine: 4205 Names: 144 Exports: 104 Imports: 36 Game: 801A
Loading Texture2D hongsukkun_Col1_D from package 00040298.upk
Loading Texture2D Nothing_A_n from package 00008613.upk
Loading Material3 Pet from package 00037280.upk
Loading package: 00012963.upk Ver: 573/1 Engine: 4205 Names: 1386 Exports: 1362 Imports: 10 Game: 801A
Loading package: 00002620.upk Ver: 573/1 Engine: 4205 Names: 576 Exports: 7687 Imports: 96 Game: 801A
Loading Texture2D Smoke_Pattern_001 from package 00012963.upk
Loading Texture2D Gradient_Line_003 from package 00012963.upk
Loading Texture2D Gradient_Wipe_BurnOut_Mask_TEST from package 00012963.upk
Loading Texture2D Gradient_Wipe_BurnOut_Mask from package 00012963.upk
Loading Texture2D check from package 00002620.upk
Loaded in 0.069 sec, 2689 allocs, 1.14 MBytes serialized in 227249 calls.

Object info:
============
ClassName: SkeletalMesh3 ObjectName: HongSeokgeunEvolve

    LODInfo[1] =
    {
        LODInfo[0] =
        {
            DisplayFactor = 0
            LODHysteresis = 0.02
            LODMaterialMap[0] = {}
            bEnableShadowCasting[1] = { true }
        }
    }
    Sockets[2] =
    {
        Sockets[0] = SkeletalMeshSocket'HongSeokgeunEvolve.SkeletalMeshSocket_138'
        Sockets[1] = SkeletalMeshSocket'HongSeokgeunEvolve.SkeletalMeshSocket_139'
    }
    bHasVertexColors = false
    EnableTwistBoneFixers = true
    EnableClavicleFixer = true
    Materials[1] = { MaterialInstanceConstant'col1' }


    Lods[1] =
    {
        Lods[0] =
        {
            Sections[1] =
            {
                Sections[0] = { Material=MaterialInstanceConstant'col1', FirstIndex=0, NumFaces=1616 }
            }
            NumVerts = 1329
            IndexCount = 4848
            NumTexCoords = 1
        }
    }
    LodCount = 1
    MeshOrigin = { X=-0, Y=-0, Z=-0 }
    MeshScale = { X=1, Y=1, Z=1 }
    RotOrigin = { Yaw=0, Pitch=0, Roll=0 }
    BoneCount = 47

Object info:
============
ClassName: SkeletalMeshSocket ObjectName: SkeletalMeshSocket_138

    SocketName = Trail_R
    BoneName = Bip01RHand
    RelativeLocation = { X=0.335616, Y=0, Z=0 }
    RelativeRotation = { Yaw=0, Pitch=0, Roll=0 }
    RelativeScale = { X=1, Y=1, Z=1 }

Object info:
============
ClassName: SkeletalMeshSocket ObjectName: SkeletalMeshSocket_139

    SocketName = Trail_L
    BoneName = Bip01LHand
    RelativeLocation = { X=0.45184, Y=0, Z=0 }
    RelativeRotation = { Yaw=0, Pitch=0, Roll=0 }
    RelativeScale = { X=1, Y=1, Z=1 }
