Found 32768 game files (1222 skipped)
Loading package: 00045350.upk Ver: 573/1 Engine: 4205 Names: 517 Exports: 464 Imports: 124 Game: 801A
Loading AnimSet 090147_JinM_BackAcc_AnimSet from package 00045350.upk
WARNING: BoolProperty "UAnimSet::bServiced" was not found
WARNING: ArrayProperty "UAnimSet::UseMovementBoneNames" was not found
WARNING: ArrayProperty "UAnimSet::AdjustAniScaleBoneNames" was not found
WARNING: ArrayProperty "UAnimSet::RefSequences" was not found
Loading AnimSequence AnimSequence_0 from package 00045350.upk
WARNING: BoolProperty "UAnimSequence::bServiced" was not found
Loading AnimNotify_Sound AnimNotify_Sound_5 from package 00045350.upk
WARNING: IntProperty "UAnimNotify_Sound::RandomSkipPercent" was not found
Loading AnimSequence AnimSequence_1 from package 00045350.upk
WARNING: BoolProperty "UAnimSequence::bServiced" was not found
Loading AnimNotify_Sound AnimNotify_Sound_40 from package 00045350.upk
WARNING: IntProperty "UAnimNotify_Sound::RandomSkipPercent" was not found
Loading AnimSequence AnimSequence_10 from package 00045350.upk
WARNING: BoolProperty "UAnimSequence::bServiced" was not found
Loading AnimNotify_Sound AnimNotify_Sound_116 from package 00045350.upk
WARNING: IntProperty "UAnimNotify_Sound::RandomSkipPercent" was not found
Loading AnimSequence AnimSequence_11 from package 00045350.upk
WARNING: BoolProperty "UAnimSequence::bServiced" was not found
Loading AnimNotify_Sound AnimNotify_Sound_118 from package 00045350.upk
WARNING: IntProperty "UAnimNotify_Sound::RandomSkipPercent" was not found
Loading AnimSequence AnimSequence_12 from package 00045350.upk
WARNING: BoolProperty "UAnimSequence::bServiced" was not found
Loading AnimNotify_Sound AnimNotify_Sound_124 from package 00045350.upk
WARNING: IntProperty "UAnimNotify_Sound::RandomSkipPercent" was not found
Loading AnimSequence AnimSequence_13 from package 00045350.upk
WARNING: BoolProperty "UAnimSequence::bServiced" was not found
Loading AnimNotify_Sound AnimNotify_Sound_126 from package 00045350.upk
WARNING: IntProperty "UAnimNotify_Sound::RandomSkipPercent" was not found
Loading AnimSequence AnimSequence_14 from package 00045350.upk
WARNING: BoolProperty "UAnimSequence::bServiced" was not found
Loading AnimNotify_Sound AnimNotify_Sound_1 from package 00045350.upk
WARNING: IntProperty "UAnimNotify_Sound::RandomSkipPercent" was not found
Loading AnimSequence AnimSequence_15 from package 00045350.upk
WARNING: BoolProperty "UAnimSequence::bServiced" was not found
Loading AnimNotify_Sound AnimNotify_Sound_4 from package 00045350.upk
WARNING: IntProperty "UAnimNotify_Sound::RandomSkipPercent" was not found
Loading AnimSequence AnimSequence_16 from package 00045350.upk
WARNING: BoolProperty "UAnimSequence::bServiced" was not found
Loading AnimNotify_Sound AnimNotify_Sound_117 from package 00045350.upk
WARNING: IntProperty "UAnimNotify_Sound::RandomSkipPercent" was not found
Loading AnimSequence AnimSequence_17 from package 00045350.upk
WARNING: BoolProperty "UAnimSequence::bServiced" was not found
Loading AnimNotify_Sound AnimNotify_Sound_6 from package 00045350.upk
WARNING: IntProperty "UAnimNotify_Sound::RandomSkipPercent" was not found
Loading AnimSequence AnimSequence_18 from package 00045350.upk
WARNING: BoolProperty "UAnimSequence::bServiced" was not found
Loading AnimNotify_Sound AnimNotify_Sound_8 from package 00045350.upk
WARNING: IntProperty "UAnimNotify_Sound::RandomSkipPercent" was not found
Loading AnimSequence AnimSequence_19 from package 00045350.upk
WARNING: BoolProperty "UAnimSequence::bServiced" was not found
Loading AnimNotify_Sound AnimNotify_Sound_99 from package 00045350.upk
WARNING: IntProperty "UAnimNotify_Sound::RandomSkipPercent" was not found
Loading AnimSequence AnimSequence_2 from package 00045350.upk
WARNING: BoolProperty "UAnimSequence::bServiced" was not found
Loading AnimNotify_Sound AnimNotify_Sound_21 from package 00045350.upk
WARNING: IntProperty "UAnimNotify_Sound::RandomSkipPercent" was not found
Loading AnimSequence AnimSequence_20 from package 00045350.upk
WARNING: BoolProperty "UAnimSequence::bServiced" was not found
Loading AnimNotify_Sound AnimNotify_Sound_101 from package 00045350.upk
WARNING: IntProperty "UAnimNotify_Sound::RandomSkipPercent" was not found
Loading AnimSequence AnimSequence_21 from package 00045350.upk
WARNING: BoolProperty "UAnimSequence::bServiced" was not found
Loading AnimNotify_Sound AnimNotify_Sound_125 from package 00045350.upk
WARNING: IntProperty "UAnimNotify_Sound::RandomSkipPercent" was not found
Loading AnimSequence AnimSequence_22 from package 00045350.upk
WARNING: BoolProperty "UAnimSequence::bServiced" was not found
Loading AnimNotify_Sound AnimNotify_Sound_127 from package 00045350.upk
WARNING: IntProperty "UAnimNotify_Sound::RandomSkipPercent" was not found
Loading AnimSequence AnimSequence_23 from package 00045350.upk
WARNING: BoolProperty "UAnimSequence::bServiced" was not found
Loading AnimNotify_Sound AnimNotify_Sound_63 from package 00045350.upk
WARNING: IntProperty "UAnimNotify_Sound::RandomSkipPercent" was not found
Loading AnimNotify_Sound AnimNotify_Sound_64 from package 00045350.upk
WARNING: IntProperty "UAnimNotify_Sound::RandomSkipPercent" was not found
Loading AnimNotify_Sound AnimNotify_Sound_65 from package 00045350.upk
WARNING: IntProperty "UAnimNotify_Sound::RandomSkipPercent" was not found
Loading AnimNotify_Sound AnimNotify_Sound_66 from package 00045350.upk
WARNING: IntProperty "UAnimNotify_Sound::RandomSkipPercent" was not found
Loading AnimNotify_Sound AnimNotify_Sound_67 from package 00045350.upk
WARNING: IntProperty "UAnimNotify_Sound::RandomSkipPercent" was not found
Loading AnimNotify_Sound AnimNotify_Sound_68 from package 00045350.upk
Loading AnimNotify_Sound AnimNotify_Sound_69 from package 00045350.upk
WARNING: IntProperty "UAnimNotify_Sound::RandomSkipPercent" was not found
Loading AnimSequence AnimSequence_24 from package 00045350.upk
WARNING: BoolProperty "UAnimSequence::bServiced" was not found
Loading AnimNotify_Sound AnimNotify_Sound_30 from package 00045350.upk
WARNING: IntProperty "UAnimNotify_Sound::RandomSkipPercent" was not found
Loading AnimNotify_Sound AnimNotify_Sound_31 from package 00045350.upk
WARNING: IntProperty "UAnimNotify_Sound::RandomSkipPercent" was not found
Loading AnimNotify_Sound AnimNotify_Sound_32 from package 00045350.upk
WARNING: IntProperty "UAnimNotify_Sound::RandomSkipPercent" was not found
Loading AnimNotify_Sound AnimNotify_Sound_33 from package 00045350.upk
WARNING: IntProperty "UAnimNotify_Sound::RandomSkipPercent" was not found
Loading AnimNotify_Sound AnimNotify_Sound_34 from package 00045350.upk
Loading AnimNotify_Sound AnimNotify_Sound_35 from package 00045350.upk
WARNING: IntProperty "UAnimNotify_Sound::RandomSkipPercent" was not found
Loading AnimNotify_Sound AnimNotify_Sound_36 from package 00045350.upk
WARNING: IntProperty "UAnimNotify_Sound::RandomSkipPercent" was not found
Loading AnimSequence AnimSequence_25 from package 00045350.upk
WARNING: BoolProperty "UAnimSequence::bServiced" was not found
Loading AnimNotify_Sound AnimNotify_Sound_86 from package 00045350.upk
WARNING: IntProperty "UAnimNotify_Sound::RandomSkipPercent" was not found
Loading AnimNotify_Sound AnimNotify_Sound_87 from package 00045350.upk
WARNING: IntProperty "UAnimNotify_Sound::RandomSkipPercent" was not found
Loading AnimNotify_Sound AnimNotify_Sound_88 from package 00045350.upk
WARNING: IntProperty "UAnimNotify_Sound::RandomSkipPercent" was not found
Loading AnimNotify_Sound AnimNotify_Sound_89 from package 00045350.upk
WARNING: IntProperty "UAnimNotify_Sound::RandomSkipPercent" was not found
Loading AnimNotify_Sound AnimNotify_Sound_90 from package 00045350.upk
WARNING: IntProperty "UAnimNotify_Sound::RandomSkipPercent" was not found
Loading AnimNotify_Sound AnimNotify_Sound_91 from package 00045350.upk
Loading AnimNotify_Sound AnimNotify_Sound_92 from package 00045350.upk
WARNING: IntProperty "UAnimNotify_Sound::RandomSkipPercent" was not found
Loading AnimSequence AnimSequence_26 from package 00045350.upk
WARNING: BoolProperty "UAnimSequence::bServiced" was not found
Loading AnimNotify_Sound AnimNotify_Sound_103 from package 00045350.upk
WARNING: IntProperty "UAnimNotify_Sound::RandomSkipPercent" was not found
Loading AnimNotify_Sound AnimNotify_Sound_104 from package 00045350.upk
WARNING: IntProperty "UAnimNotify_Sound::RandomSkipPercent" was not found
Loading AnimNotify_Sound AnimNotify_Sound_105 from package 00045350.upk
WARNING: IntProperty "UAnimNotify_Sound::RandomSkipPercent" was not found
Loading AnimNotify_Sound AnimNotify_Sound_106 from package 00045350.upk
WARNING: IntProperty "UAnimNotify_Sound::RandomSkipPercent" was not found
Loading AnimNotify_Sound AnimNotify_Sound_107 from package 00045350.upk
WARNING: IntProperty "UAnimNotify_Sound::RandomSkipPercent" was not found
Loading AnimNotify_Sound AnimNotify_Sound_108 from package 00045350.upk
Loading AnimNotify_Sound AnimNotify_Sound_109 from package 00045350.upk
WARNING: IntProperty "UAnimNotify_Sound::RandomSkipPercent" was not found
Loading AnimSequence AnimSequence_27 from package 00045350.upk
WARNING: BoolProperty "UAnimSequence::bServiced" was not found
Loading AnimNotify_Sound AnimNotify_Sound_70 from package 00045350.upk
WARNING: IntProperty "UAnimNotify_Sound::RandomSkipPercent" was not found
Loading AnimSequence AnimSequence_28 from package 00045350.upk
WARNING: BoolProperty "UAnimSequence::bServiced" was not found
Loading AnimNotify_Sound AnimNotify_Sound_37 from package 00045350.upk
WARNING: IntProperty "UAnimNotify_Sound::RandomSkipPercent" was not found
Loading AnimSequence AnimSequence_29 from package 00045350.upk
WARNING: BoolProperty "UAnimSequence::bServiced" was not found
Loading AnimNotify_Sound AnimNotify_Sound_110 from package 00045350.upk
WARNING: IntProperty "UAnimNotify_Sound::RandomSkipPercent" was not found
Loading AnimSequence AnimSequence_3 from package 00045350.upk
WARNING: BoolProperty "UAnimSequence::bServiced" was not found
Loading AnimNotify_Sound AnimNotify_Sound_56 from package 00045350.upk
WARNING: IntProperty "UAnimNotify_Sound::RandomSkipPercent" was not found
Loading AnimSequence AnimSequence_30 from package 00045350.upk
WARNING: BoolProperty "UAnimSequence::bServiced" was not found
Loading AnimNotify_Sound AnimNotify_Sound_93 from package 00045350.upk
WARNING: IntProperty "UAnimNotify_Sound::RandomSkipPercent" was not found
Loading AnimSequence AnimSequence_31 from package 00045350.upk
WARNING: BoolProperty "UAnimSequence::bServiced" was not found
Loading AnimNotify_Sound AnimNotify_Sound_38 from package 00045350.upk
WARNING: IntProperty "UAnimNotify_Sound::RandomSkipPercent" was not found
Loading AnimNotify_Sound AnimNotify_Sound_39 from package 00045350.upk
WARNING: IntProperty "UAnimNotify_Sound::RandomSkipPercent" was not found
Loading AnimSequence AnimSequence_32 from package 00045350.upk
WARNING: BoolProperty "UAnimSequence::bServiced" was not found
Loading AnimNotify_Sound AnimNotify_Sound_71 from package 00045350.upk
WARNING: IntProperty "UAnimNotify_Sound::RandomSkipPercent" was not found
Loading AnimNotify_Sound AnimNotify_Sound_72 from package 00045350.upk
WARNING: IntProperty "UAnimNotify_Sound::RandomSkipPercent" was not found
Loading AnimSequence AnimSequence_33 from package 00045350.upk
WARNING: BoolProperty "UAnimSequence::bServiced" was not found
Loading AnimNotify_Sound AnimNotify_Sound_111 from package 00045350.upk
WARNING: IntProperty "UAnimNotify_Sound::RandomSkipPercent" was not found
Loading AnimNotify_Sound AnimNotify_Sound_112 from package 00045350.upk
WARNING: IntProperty "UAnimNotify_Sound::RandomSkipPercent" was not found
Loading AnimSequence AnimSequence_34 from package 00045350.upk
WARNING: BoolProperty "UAnimSequence::bServiced" was not found
Loading AnimNotify_Sound AnimNotify_Sound_94 from package 00045350.upk
WARNING: IntProperty "UAnimNotify_Sound::RandomSkipPercent" was not found
Loading AnimNotify_Sound AnimNotify_Sound_95 from package 00045350.upk
WARNING: IntProperty "UAnimNotify_Sound::RandomSkipPercent" was not found
Loading AnimSequence AnimSequence_35 from package 00045350.upk
WARNING: BoolProperty "UAnimSequence::bServiced" was not found
Loading AnimNotify_Sound AnimNotify_Sound_120 from package 00045350.upk
Loading AnimNotify_Sound AnimNotify_Sound_121 from package 00045350.upk
Loading AnimSequence AnimSequence_36 from package 00045350.upk
WARNING: BoolProperty "UAnimSequence::bServiced" was not found
Loading AnimNotify_Sound AnimNotify_Sound_122 from package 00045350.upk
Loading AnimNotify_Sound AnimNotify_Sound_123 from package 00045350.upk
WARNING: IntProperty "UAnimNotify_Sound::RandomSkipPercent" was not found
Loading AnimSequence AnimSequence_37 from package 00045350.upk
WARNING: BoolProperty "UAnimSequence::bServiced" was not found
Loading AnimNotify_Sound AnimNotify_Sound_10 from package 00045350.upk
WARNING: IntProperty "UAnimNotify_Sound::RandomSkipPercent" was not found
Loading AnimNotify_Sound AnimNotify_Sound_11 from package 00045350.upk
WARNING: IntProperty "UAnimNotify_Sound::RandomSkipPercent" was not found
Loading AnimNotify_Sound AnimNotify_Sound_9 from package 00045350.upk
WARNING: IntProperty "UAnimNotify_Sound::RandomSkipPercent" was not found
Loading AnimSequence AnimSequence_38 from package 00045350.upk
WARNING: BoolProperty "UAnimSequence::bServiced" was not found
Loading AnimNotify_Sound AnimNotify_Sound_15 from package 00045350.upk
WARNING: IntProperty "UAnimNotify_Sound::RandomSkipPercent" was not found
Loading AnimSequence AnimSequence_39 from package 00045350.upk
WARNING: BoolProperty "UAnimSequence::bServiced" was not found
Loading AnimNotify_Sound AnimNotify_Sound_16 from package 00045350.upk
WARNING: IntProperty "UAnimNotify_Sound::RandomSkipPercent" was not found
Loading AnimSequence AnimSequence_4 from package 00045350.upk
WARNING: BoolProperty "UAnimSequence::bServiced" was not found
Loading AnimNotify_Sound AnimNotify_Sound_79 from package 00045350.upk
WARNING: IntProperty "UAnimNotify_Sound::RandomSkipPercent" was not found
Loading AnimSequence AnimSequence_40 from package 00045350.upk
WARNING: BoolProperty "UAnimSequence::bUseCustomForceAnim" was not found
WARNING: BoolProperty "UAnimSequence::bServiced" was not found
Loading AnimNotify_Sound AnimNotify_Sound_12 from package 00045350.upk
WARNING: IntProperty "UAnimNotify_Sound::RandomSkipPercent" was not found
Loading AnimSequence AnimSequence_41 from package 00045350.upk
WARNING: BoolProperty "UAnimSequence::bServiced" was not found
Loading AnimNotify_Sound AnimNotify_Sound_13 from package 00045350.upk
Loading AnimNotify_Sound AnimNotify_Sound_14 from package 00045350.upk
Loading AnimSequence AnimSequence_46 from package 00045350.upk
WARNING: BoolProperty "UAnimSequence::bServiced" was not found
Loading AnimNotify_Sound AnimNotify_Sound_57 from package 00045350.upk
Loading AnimNotify_Sound AnimNotify_Sound_58 from package 00045350.upk
WARNING: IntProperty "UAnimNotify_Sound::RandomSkipPercent" was not found
Loading AnimSequence AnimSequence_47 from package 00045350.upk
WARNING: BoolProperty "UAnimSequence::bServiced" was not found
Loading AnimNotify_Sound AnimNotify_Sound_59 from package 00045350.upk
WARNING: IntProperty "UAnimNotify_Sound::RandomSkipPercent" was not found
Loading AnimNotify_Sound AnimNotify_Sound_60 from package 00045350.upk
Loading AnimNotify_Sound AnimNotify_Sound_61 from package 00045350.upk
Loading AnimNotify_Sound AnimNotify_Sound_62 from package 00045350.upk
WARNING: IntProperty "UAnimNotify_Sound::RandomSkipPercent" was not found
Loading AnimSequence AnimSequence_48 from package 00045350.upk
WARNING: BoolProperty "UAnimSequence::bServiced" was not found
Loading AnimNotify_Sound AnimNotify_Sound_82 from package 00045350.upk
WARNING: IntProperty "UAnimNotify_Sound::RandomSkipPercent" was not found
Loading AnimNotify_Sound AnimNotify_Sound_83 from package 00045350.upk
Loading AnimNotify_Sound AnimNotify_Sound_84 from package 00045350.upk
Loading AnimNotify_Sound AnimNotify_Sound_85 from package 00045350.upk
WARNING: IntProperty "UAnimNotify_Sound::RandomSkipPercent" was not found
Loading AnimSequence AnimSequence_49 from package 00045350.upk
WARNING: BoolProperty "UAnimSequence::bServiced" was not found
Loading AnimNotify_Sound AnimNotify_Sound_80 from package 00045350.upk
Loading AnimNotify_Sound AnimNotify_Sound_81 from package 00045350.upk
WARNING: IntProperty "UAnimNotify_Sound::RandomSkipPercent" was not found
Loading AnimSequence AnimSequence_5 from package 00045350.upk
WARNING: BoolProperty "UAnimSequence::bServiced" was not found
Loading AnimNotify_Sound AnimNotify_Sound_102 from package 00045350.upk
WARNING: IntProperty "UAnimNotify_Sound::RandomSkipPercent" was not found
Loading AnimSequence AnimSequence_50 from package 00045350.upk
WARNING: BoolProperty "UAnimSequence::bServiced" was not found
Loading AnimNotify_Sound AnimNotify_Sound_24 from package 00045350.upk
Loading AnimNotify_Sound AnimNotify_Sound_25 from package 00045350.upk
WARNING: IntProperty "UAnimNotify_Sound::RandomSkipPercent" was not found
Loading AnimSequence AnimSequence_51 from package 00045350.upk
WARNING: BoolProperty "UAnimSequence::bServiced" was not found
Loading AnimNotify_Sound AnimNotify_Sound_26 from package 00045350.upk
Loading AnimNotify_Sound AnimNotify_Sound_27 from package 00045350.upk
Loading AnimNotify_Sound AnimNotify_Sound_28 from package 00045350.upk
WARNING: IntProperty "UAnimNotify_Sound::RandomSkipPercent" was not found
Loading AnimNotify_Sound AnimNotify_Sound_29 from package 00045350.upk
WARNING: IntProperty "UAnimNotify_Sound::RandomSkipPercent" was not found
Loading AnimSequence AnimSequence_53 from package 00045350.upk
WARNING: BoolProperty "UAnimSequence::bServiced" was not found
Loading AnimNotify_Sound AnimNotify_Sound_49 from package 00045350.upk
WARNING: IntProperty "UAnimNotify_Sound::RandomSkipPercent" was not found
Loading AnimNotify_Sound AnimNotify_Sound_50 from package 00045350.upk
WARNING: IntProperty "UAnimNotify_Sound::RandomSkipPercent" was not found
Loading AnimNotify_Sound AnimNotify_Sound_51 from package 00045350.upk
WARNING: IntProperty "UAnimNotify_Sound::RandomSkipPercent" was not found
Loading AnimNotify_Sound AnimNotify_Sound_52 from package 00045350.upk
WARNING: IntProperty "UAnimNotify_Sound::RandomSkipPercent" was not found
Loading AnimNotify_Sound AnimNotify_Sound_53 from package 00045350.upk
WARNING: IntProperty "UAnimNotify_Sound::RandomSkipPercent" was not found
Loading AnimNotify_Sound AnimNotify_Sound_54 from package 00045350.upk
Loading AnimNotify_Sound AnimNotify_Sound_55 from package 00045350.upk
WARNING: IntProperty "UAnimNotify_Sound::RandomSkipPercent" was not found
Loading AnimSequence AnimSequence_54 from package 00045350.upk
WARNING: BoolProperty "UAnimSequence::bServiced" was not found
Loading AnimNotify_Sound AnimNotify_Sound_17 from package 00045350.upk
Loading AnimNotify_Sound AnimNotify_Sound_18 from package 00045350.upk
Loading AnimNotify_Sound AnimNotify_Sound_19 from package 00045350.upk
WARNING: IntProperty "UAnimNotify_Sound::RandomSkipPercent" was not found
Loading AnimNotify_Sound AnimNotify_Sound_20 from package 00045350.upk
WARNING: IntProperty "UAnimNotify_Sound::RandomSkipPercent" was not found
Loading AnimSequence AnimSequence_55 from package 00045350.upk
WARNING: BoolProperty "UAnimSequence::bServiced" was not found
Loading AnimNotify_Sound AnimNotify_Sound_42 from package 00045350.upk
WARNING: IntProperty "UAnimNotify_Sound::RandomSkipPercent" was not found
Loading AnimSequence AnimSequence_56 from package 00045350.upk
WARNING: BoolProperty "UAnimSequence::bServiced" was not found
Loading AnimNotify_Sound AnimNotify_Sound_43 from package 00045350.upk
WARNING: IntProperty "UAnimNotify_Sound::RandomSkipPercent" was not found
Loading AnimSequence AnimSequence_57 from package 00045350.upk
WARNING: BoolProperty "UAnimSequence::bServiced" was not found
Loading AnimNotify_Sound AnimNotify_Sound_45 from package 00045350.upk
WARNING: IntProperty "UAnimNotify_Sound::RandomSkipPercent" was not found
Loading AnimSequence AnimSequence_58 from package 00045350.upk
WARNING: BoolProperty "UAnimSequence::bServiced" was not found
Loading AnimNotify_Sound AnimNotify_Sound_46 from package 00045350.upk
WARNING: IntProperty "UAnimNotify_Sound::RandomSkipPercent" was not found
Loading AnimSequence AnimSequence_59 from package 00045350.upk
WARNING: BoolProperty "UAnimSequence::bServiced" was not found
Loading AnimNotify_Sound AnimNotify_Sound_47 from package 00045350.upk
WARNING: IntProperty "UAnimNotify_Sound::RandomSkipPercent" was not found
Loading AnimSequence AnimSequence_6 from package 00045350.upk
WARNING: BoolProperty "UAnimSequence::bServiced" was not found
Loading AnimNotify_Sound AnimNotify_Sound_3 from package 00045350.upk
WARNING: IntProperty "UAnimNotify_Sound::RandomSkipPercent" was not found
Loading AnimSequence AnimSequence_60 from package 00045350.upk
WARNING: BoolProperty "UAnimSequence::bServiced" was not found
Loading AnimNotify_Sound AnimNotify_Sound_75 from package 00045350.upk
WARNING: IntProperty "UAnimNotify_Sound::RandomSkipPercent" was not found
Loading AnimSequence AnimSequence_61 from package 00045350.upk
WARNING: BoolProperty "UAnimSequence::bServiced" was not found
Loading AnimNotify_Sound AnimNotify_Sound_76 from package 00045350.upk
WARNING: IntProperty "UAnimNotify_Sound::RandomSkipPercent" was not found
Loading AnimSequence AnimSequence_62 from package 00045350.upk
WARNING: BoolProperty "UAnimSequence::bServiced" was not found
Loading AnimNotify_Sound AnimNotify_Sound_77 from package 00045350.upk
WARNING: IntProperty "UAnimNotify_Sound::RandomSkipPercent" was not found
Loading AnimSequence AnimSequence_63 from package 00045350.upk
WARNING: BoolProperty "UAnimSequence::bServiced" was not found
Loading AnimNotify_Sound AnimNotify_Sound_113 from package 00045350.upk
WARNING: IntProperty "UAnimNotify_Sound::RandomSkipPercent" was not found
Loading AnimSequence AnimSequence_64 from package 00045350.upk
WARNING: BoolProperty "UAnimSequence::bServiced" was not found
Loading AnimNotify_Sound AnimNotify_Sound_114 from package 00045350.upk
WARNING: IntProperty "UAnimNotify_Sound::RandomSkipPercent" was not found
Loading AnimSequence AnimSequence_65 from package 00045350.upk
WARNING: BoolProperty "UAnimSequence::bServiced" was not found
Loading AnimNotify_Sound AnimNotify_Sound_115 from package 00045350.upk
WARNING: IntProperty "UAnimNotify_Sound::RandomSkipPercent" was not found
Loading AnimSequence AnimSequence_66 from package 00045350.upk
WARNING: BoolProperty "UAnimSequence::bServiced" was not found
Loading AnimNotify_Sound AnimNotify_Sound_96 from package 00045350.upk
WARNING: IntProperty "UAnimNotify_Sound::RandomSkipPercent" was not found
Loading AnimSequence AnimSequence_67 from package 00045350.upk
WARNING: BoolProperty "UAnimSequence::bServiced" was not found
Loading AnimNotify_Sound AnimNotify_Sound_97 from package 00045350.upk
WARNING: IntProperty "UAnimNotify_Sound::RandomSkipPercent" was not found
Loading AnimSequence AnimSequence_68 from package 00045350.upk
WARNING: BoolProperty "UAnimSequence::bServiced" was not found
Loading AnimNotify_Sound AnimNotify_Sound_98 from package 00045350.upk
WARNING: IntProperty "UAnimNotify_Sound::RandomSkipPercent" was not found
Loading AnimSequence AnimSequence_69 from package 00045350.upk
WARNING: BoolProperty "UAnimSequence::bServiced" was not found
Loading AnimNotify_Sound AnimNotify_Sound_2 from package 00045350.upk
WARNING: IntProperty "UAnimNotify_Sound::RandomSkipPercent" was not found
Loading AnimSequence AnimSequence_7 from package 00045350.upk
WARNING: BoolProperty "UAnimSequence::bServiced" was not found
Loading AnimNotify_Sound AnimNotify_Sound_0 from package 00045350.upk
WARNING: IntProperty "UAnimNotify_Sound::RandomSkipPercent" was not found
Loading AnimSequence AnimSequence_70 from package 00045350.upk
WARNING: BoolProperty "UAnimSequence::bServiced" was not found
Loading AnimNotify_Sound AnimNotify_Sound_119 from package 00045350.upk
WARNING: IntProperty "UAnimNotify_Sound::RandomSkipPercent" was not found
Loading AnimSequence AnimSequence_71 from package 00045350.upk
WARNING: BoolProperty "UAnimSequence::bServiced" was not found
Loading AnimNotify_Sound AnimNotify_Sound_74 from package 00045350.upk
WARNING: IntProperty "UAnimNotify_Sound::RandomSkipPercent" was not found
Loading AnimSequence AnimSequence_72 from package 00045350.upk
WARNING: BoolProperty "UAnimSequence::bServiced" was not found
Loading AnimNotify_Sound AnimNotify_Sound_78 from package 00045350.upk
WARNING: IntProperty "UAnimNotify_Sound::RandomSkipPercent" was not found
Loading AnimSequence AnimSequence_73 from package 00045350.upk
WARNING: BoolProperty "UAnimSequence::bServiced" was not found
Loading AnimNotify_Sound AnimNotify_Sound_48 from package 00045350.upk
WARNING: IntProperty "UAnimNotify_Sound::RandomSkipPercent" was not found
Loading AnimSequence AnimSequence_74 from package 00045350.upk
WARNING: BoolProperty "UAnimSequence::bServiced" was not found
Loading AnimNotify_Sound AnimNotify_Sound_44 from package 00045350.upk
WARNING: IntProperty "UAnimNotify_Sound::RandomSkipPercent" was not found
Loading AnimSequence AnimSequence_8 from package 00045350.upk
WARNING: BoolProperty "UAnimSequence::bServiced" was not found
Loading AnimNotify_Sound AnimNotify_Sound_7 from package 00045350.upk
WARNING: IntProperty "UAnimNotify_Sound::RandomSkipPercent" was not found
Loading AnimSequence AnimSequence_9 from package 00045350.upk
WARNING: BoolProperty "UAnimSequence::bServiced" was not found
Loading AnimNotify_Sound AnimNotify_Sound_100 from package 00045350.upk
WARNING: IntProperty "UAnimNotify_Sound::RandomSkipPercent" was not found
Loading SkeletalMesh3 090147_JinM_BackAcc from package 00045350.upk
Loading package: 00045349.upk Ver: 573/1 Engine: 4205 Names: 91 Exports: 1 Imports: 19 Game: 801A
Loading SkeletalMeshSocket SkeletalMeshSocket_140 from package 00045350.upk
Loading SkeletalMeshSocket SkeletalMeshSocket_141 from package 00045350.upk
Loading SkeletalMeshSocket SkeletalMeshSocket_144 from package 00045350.upk
Loading SkeletalMeshSocket SkeletalMeshSocket_50 from package 00045350.upk
Loading SkeletalMeshSocket SkeletalMeshSocket_51 from package 00045350.upk
Loading SkeletalMeshSocket SkeletalMeshSocket_52 from package 00045350.upk
Loading SkeletalMeshSocket SkeletalMeshSocket_53 from package 00045350.upk
Loading SkeletalMeshSocket SkeletalMeshSocket_99 from package 00045350.upk
WARNING: ObjectProperty "USkeletalMeshSocket::DependencyParticleSystem" was not found
WARNING: BoolProperty "USkeletalMeshSocket::bParticleAttachPosOnly" was not found
Loading MaterialInstanceConstant col1 from package 00045349.upk
Loading package: 00045348.upk Ver: 573/1 Engine: 4205 Names: 30 Exports: 4 Imports: 2 Game: 801A
Loading package: 00002640.upk Ver: 573/1 Engine: 4205 Names: 291 Exports: 507 Imports: 3 Game: 801A
Loading package: 00002620.upk Ver: 573/1 Engine: 4205 Names: 576 Exports: 7687 Imports: 96 Game: 801A
Loading Texture2D 090147_JinM_col1_N from package 00045348.upk
Loading Texture2D 090147_JinM_col1_M from package 00045348.upk
Loading Texture2D 090147_JinM_col1_D from package 00045348.upk
Loading Texture2D 090147_JinM_col1_S from package 00045348.upk
Loading TextureCube lenscube_a from package 00002640.upk
Loading Texture2D check from package 00002620.upk
Loading Material3 Body from package 00002620.upk
Loading package: 00012963.upk Ver: 573/1 Engine: 4205 Names: 1349 Exports: 1323 Imports: 10 Game: 801A
Loading Texture2D CubemapFace0 from package 00002640.upk
Loading Texture2D CubemapFace1 from package 00002640.upk
Loading Texture2D CubemapFace2 from package 00002640.upk
Loading Texture2D CubemapFace3 from package 00002640.upk
Loading Texture2D CubemapFace4 from package 00002640.upk
Loading Texture2D CubemapFace5 from package 00002640.upk
Loading Texture2D check_n from package 00002620.upk
Loading Texture2D Noise_Glass_000 from package 00012963.upk
Loading Texture2D Smoke_Pattern_001 from package 00012963.upk
Loading Texture2D Gradient_Wipe_BurnOut_Mask_TEST from package 00012963.upk
Loading Texture2D Gradient_Wipe_BurnOut_Mask from package 00012963.upk
Loading Texture2D Gradient_Line_003 from package 00012963.upk
Error: Command failed: umodel.exe -dump -path="D:/Program Files (x86)/NCSOFT/BnS/contents/bns/CookedPC" -game=bns 00045350
******** 00045350 ********
*** unknown member ACF_ZOnlyRLE of enum AnimationCompressionFormat
*** unknown member ACF_ZOnlyRLE of enum AnimationCompressionFormat
*** unknown member ACF_ZOnlyRLE of enum AnimationCompressionFormat
*** unknown member ACF_ZOnlyRLE of enum AnimationCompressionFormat
*** unknown member ACF_ZOnlyRLE of enum AnimationCompressionFormat
*** unknown member ACF_ZOnlyRLE of enum AnimationCompressionFormat
*** unknown member ACF_ZOnlyRLE of enum AnimationCompressionFormat
*** unknown member ACF_ZOnlyRLE of enum AnimationCompressionFormat
*** unknown member ACF_ZOnlyRLE of enum AnimationCompressionFormat
*** unknown member ACF_ZOnlyRLE of enum AnimationCompressionFormat
*** unknown member ACF_ZOnlyRLE of enum AnimationCompressionFormat
*** unknown member ACF_ZOnlyRLE of enum AnimationCompressionFormat
*** unknown member ACF_ZOnlyRLE of enum AnimationCompressionFormat
*** unknown member ACF_ZOnlyRLE of enum AnimationCompressionFormat
*** unknown member ACF_ZOnlyRLE of enum AnimationCompressionFormat
*** unknown member ACF_ZOnlyRLE of enum AnimationCompressionFormat
*** unknown member ACF_ZOnlyRLE of enum AnimationCompressionFormat
*** unknown member ACF_ZOnlyRLE of enum AnimationCompressionFormat
*** unknown member ACF_ZOnlyRLE of enum AnimationCompressionFormat
*** unknown member ACF_ZOnlyRLE of enum AnimationCompressionFormat
*** unknown member ACF_ZOnlyRLE of enum AnimationCompressionFormat
*** unknown member ACF_ZOnlyRLE of enum AnimationCompressionFormat
*** unknown member ACF_ZOnlyRLE of enum AnimationCompressionFormat
*** unknown member ACF_ZOnlyRLE of enum AnimationCompressionFormat
*** unknown member ACF_ZOnlyRLE of enum AnimationCompressionFormat
*** unknown member ACF_ZOnlyRLE of enum AnimationCompressionFormat
*** unknown member ACF_ZOnlyRLE of enum AnimationCompressionFormat
*** unknown member ACF_ZOnlyRLE of enum AnimationCompressionFormat
*** unknown member ACF_ZOnlyRLE of enum AnimationCompressionFormat
*** unknown member ACF_ZOnlyRLE of enum AnimationCompressionFormat
*** unknown member ACF_ZOnlyRLE of enum AnimationCompressionFormat
*** unknown member ACF_ZOnlyRLE of enum AnimationCompressionFormat
*** unknown member ACF_ZOnlyRLE of enum AnimationCompressionFormat
*** unknown member ACF_ZOnlyRLE of enum AnimationCompressionFormat
*** unknown member ACF_ZOnlyRLE of enum AnimationCompressionFormat
*** unknown member ACF_ZOnlyRLE of enum AnimationCompressionFormat
*** unknown member ACF_ZOnlyRLE of enum AnimationCompressionFormat
*** unknown member ACF_ZOnlyRLE of enum AnimationCompressionFormat
*** unknown member ACF_ZOnlyRLE of enum AnimationCompressionFormat
*** unknown member ACF_ZOnlyRLE of enum AnimationCompressionFormat
*** unknown member ACF_ZOnlyRLE of enum AnimationCompressionFormat
*** unknown member ACF_ZOnlyRLE of enum AnimationCompressionFormat
*** unknown member ACF_ZOnlyRLE of enum AnimationCompressionFormat
*** unknown member ACF_ZOnlyRLE of enum AnimationCompressionFormat
*** unknown member ACF_ZOnlyRLE of enum AnimationCompressionFormat
*** unknown member ACF_ZOnlyRLE of enum AnimationCompressionFormat
*** unknown member ACF_ZOnlyRLE of enum AnimationCompressionFormat
*** unknown member ACF_ZOnlyRLE of enum AnimationCompressionFormat
*** unknown member ACF_ZOnlyRLE of enum AnimationCompressionFormat
*** unknown member ACF_ZOnlyRLE of enum AnimationCompressionFormat
*** unknown member ACF_ZOnlyRLE of enum AnimationCompressionFormat
*** unknown member ACF_ZOnlyRLE of enum AnimationCompressionFormat
*** unknown member ACF_ZOnlyRLE of enum AnimationCompressionFormat
*** unknown member ACF_ZOnlyRLE of enum AnimationCompressionFormat
*** unknown member ACF_ZOnlyRLE of enum AnimationCompressionFormat
*** unknown member ACF_ZOnlyRLE of enum AnimationCompressionFormat
*** unknown member ACF_ZOnlyRLE of enum AnimationCompressionFormat
*** unknown member ACF_ZOnlyRLE of enum AnimationCompressionFormat
*** unknown member ACF_ZOnlyRLE of enum AnimationCompressionFormat
*** unknown member ACF_ZOnlyRLE of enum AnimationCompressionFormat
*** unknown member ACF_ZOnlyRLE of enum AnimationCompressionFormat
*** unknown member ACF_ZOnlyRLE of enum AnimationCompressionFormat
*** unknown member ACF_ZOnlyRLE of enum AnimationCompressionFormat
*** unknown member ACF_ZOnlyRLE of enum AnimationCompressionFormat
*** unknown member ACF_ZOnlyRLE of enum AnimationCompressionFormat
*** unknown member ACF_ZOnlyRLE of enum AnimationCompressionFormat
*** unknown member ACF_ZOnlyRLE of enum AnimationCompressionFormat
*** unknown member ACF_ZOnlyRLE of enum AnimationCompressionFormat
*** unknown member ACF_ZOnlyRLE of enum AnimationCompressionFormat
*** unknown member ACF_ZOnlyRLE of enum AnimationCompressionFormat
*** ERROR: Unknown rotation compression method: 255
UAnimSet::ConvertAnims <- PostLoad:090147_JinM_BackAcc_AnimSet <- UObject::EndLoad <- LoadWholePackage:00045350 <- Main


    at ChildProcess.exithandler (child_process.js:289:12)
    at ChildProcess.emit (events.js:182:13)
    at maybeClose (internal/child_process.js:962:16)
    at Process.ChildProcess._handle.onexit (internal/child_process.js:251:5)