Found 32768 game files (1222 skipped)
Loading package: 00046636.upk Ver: 573/1 Engine: 4205 Names: 113 Exports: 49 Imports: 14 Game: 801A
Loading SkeletalMesh3 040297_JinM from package 00046636.upk
Loading package: 00046685.upk Ver: 573/1 Engine: 4205 Names: 122 Exports: 3 Imports: 26 Game: 801A
Loading MaterialInstanceConstant col1 from package 00046685.upk
Loading package: 00008615.upk Ver: 573/1 Engine: 4205 Names: 29 Exports: 2 Imports: 2 Game: 801A
Loading package: 00008613.upk Ver: 573/1 Engine: 4205 Names: 95 Exports: 6 Imports: 12 Game: 801A
Loading package: 00002620.upk Ver: 573/1 Engine: 4205 Names: 576 Exports: 7687 Imports: 96 Game: 801A
Loading MaterialInstanceConstant Fur from package 00046685.upk
Loading package: 00045958.upk Ver: 573/1 Engine: 4205 Names: 32 Exports: 4 Imports: 2 Game: 801A
Loading package: 00012963.upk Ver: 573/1 Engine: 4205 Names: 1349 Exports: 1323 Imports: 10 Game: 801A
Loading MaterialInstanceConstant col1_1 from package 00046685.upk
Loading package: 00002640.upk Ver: 573/1 Engine: 4205 Names: 291 Exports: 507 Imports: 3 Game: 801A
Loading Texture2D JinM_014_col1_d from package 00008615.upk
Loading Texture2D JinM_014_col1_n from package 00008615.upk
Loading Texture2D Nothing_A from package 00008613.upk
Loading Material3 Beard_Ac from package 00002620.upk
Loading Texture2D 040297_JinF_col1_N from package 00045958.upk
Loading Texture2D 040297_JinF_col1_M from package 00045958.upk
Loading Texture2D 040297_JinF_col1_D from package 00045958.upk
Loading Texture2D 040297_JinF_col1_S from package 00045958.upk
Loading Texture2D Smoke_Pattern_001 from package 00012963.upk
Loading Material3 Fur from package 00002620.upk
Loading TextureCube lenscube_a from package 00002640.upk
Loading Texture2D check from package 00002620.upk
Loading Material3 Body from package 00002620.upk
Loading Texture2D check_n from package 00002620.upk
Loading Texture2D Noise_Glass_000 from package 00012963.upk
Loading Texture2D Gradient_Wipe_BurnOut_Mask_TEST from package 00012963.upk
Loading Texture2D Gradient_Wipe_BurnOut_Mask from package 00012963.upk
Loading Texture2D Gradient_Line_003 from package 00012963.upk
Loading Texture2D CubemapFace0 from package 00002640.upk
Loading Texture2D CubemapFace1 from package 00002640.upk
Loading Texture2D CubemapFace2 from package 00002640.upk
Loading Texture2D CubemapFace3 from package 00002640.upk
Loading Texture2D CubemapFace4 from package 00002640.upk
Loading Texture2D CubemapFace5 from package 00002640.upk
Loaded in 0.18 sec, 3256 allocs, 2.05 MBytes serialized in 288796 calls.

Object info:
============
ClassName: SkeletalMesh3 ObjectName: 040297_JinM

    LODInfo[1] =
    {
        LODInfo[0] =
        {
            DisplayFactor = 0
            LODHysteresis = 0.02
            LODMaterialMap[0] = {}
            bEnableShadowCasting[3] = { true, true, true }
        }
    }
    Sockets[0] = {}
    bHasVertexColors = false
    EnableTwistBoneFixers = true
    EnableClavicleFixer = true
    Materials[3] =
    {
        Materials[0] = MaterialInstanceConstant'col1'
        Materials[1] = MaterialInstanceConstant'Fur'
        Materials[2] = MaterialInstanceConstant'col1_1'
    }


    Lods[1] =
    {
        Lods[0] =
        {
            Sections[3] =
            {
                Sections[0] = { Material=MaterialInstanceConstant'Fur', FirstIndex=0, NumFaces=2154 }
                Sections[1] = { Material=MaterialInstanceConstant'col1_1', FirstIndex=6462, NumFaces=2206 }
                Sections[2] = { Material=MaterialInstanceConstant'col1', FirstIndex=13080, NumFaces=149 }
            }
            NumVerts = 2841
            IndexCount = 13527
            NumTexCoords = 1
        }
    }
    LodCount = 1
    MeshOrigin = { X=-0, Y=-0, Z=-0 }
    MeshScale = { X=1, Y=1, Z=1 }
    RotOrigin = { Yaw=0, Pitch=0, Roll=0 }
    BoneCount = 19
