Found 32768 game files (1222 skipped)
Loading package: 00040314.upk Ver: 573/1 Engine: 4205 Names: 62 Exports: 1 Imports: 4 Game: 801A
Loading SkeletalMesh3 IkSanun from package 00040314.upk
WARNING: ByteProperty "USkeletalMesh3::ItemPreviewLocType" was not found
Loading package: 00040313.upk Ver: 573/1 Engine: 4205 Names: 68 Exports: 1 Imports: 15 Game: 801A
Loading MaterialInstanceConstant MaterialInstanceConstant_0 from package 00040313.upk
Loading package: 00040312.upk Ver: 573/1 Engine: 4205 Names: 21 Exports: 2 Imports: 2 Game: 801A
Loading package: 00008613.upk Ver: 573/1 Engine: 4205 Names: 95 Exports: 6 Imports: 12 Game: 801A
Loading package: 00037280.upk Ver: 573/1 Engine: 4205 Names: 144 Exports: 104 Imports: 36 Game: 801A
Loading Texture2D IkSanun_col1_D from package 00040312.upk
Loading Texture2D Nothing_A_n from package 00008613.upk
Loading Material3 Pet from package 00037280.upk
Loading package: 00012963.upk Ver: 573/1 Engine: 4205 Names: 1349 Exports: 1323 Imports: 10 Game: 801A
Loading package: 00002620.upk Ver: 573/1 Engine: 4205 Names: 576 Exports: 7687 Imports: 96 Game: 801A
Loading Texture2D Smoke_Pattern_001 from package 00012963.upk
Loading Texture2D Gradient_Line_003 from package 00012963.upk
Loading Texture2D Gradient_Wipe_BurnOut_Mask_TEST from package 00012963.upk
Loading Texture2D Gradient_Wipe_BurnOut_Mask from package 00012963.upk
Loading Texture2D check from package 00002620.upk
Loaded in 0.073 sec, 2584 allocs, 1.05 MBytes serialized in 211411 calls.

Object info:
============
ClassName: SkeletalMesh3 ObjectName: IkSanun

    LODInfo[1] =
    {
        LODInfo[0] =
        {
            DisplayFactor = 0
            LODHysteresis = 0.02
            LODMaterialMap[0] = {}
            bEnableShadowCasting[1] = { true }
        }
    }
    Sockets[0] = {}
    bHasVertexColors = false
    EnableTwistBoneFixers = true
    EnableClavicleFixer = true
    Materials[1] = { MaterialInstanceConstant'MaterialInstanceConstant_0' }


    Lods[1] =
    {
        Lods[0] =
        {
            Sections[1] =
            {
                Sections[0] =
                {
                    Material = MaterialInstanceConstant'MaterialInstanceConstant_0'
                    FirstIndex = 0
                    NumFaces = 1352
                }
            }
            NumVerts = 1028
            IndexCount = 4056
            NumTexCoords = 1
        }
    }
    LodCount = 1
    MeshOrigin = { X=-0, Y=-0, Z=-0 }
    MeshScale = { X=1, Y=1, Z=1 }
    RotOrigin = { Yaw=0, Pitch=0, Roll=0 }
    BoneCount = 37
