Found 32768 game files (1222 skipped)
Loading package: 00047067.upk Ver: 573/1 Engine: 4205 Names: 150 Exports: 87 Imports: 14 Game: 801A
Loading SkeletalMesh3 FireMan from package 00047067.upk
WARNING: ByteProperty "USkeletalMesh3::ItemPreviewLocType" was not found
Loading package: 00047065.upk Ver: 573/1 Engine: 4205 Names: 91 Exports: 1 Imports: 19 Game: 801A
Loading SkeletalMeshSocket SkeletalMeshSocket_51 from package 00047067.upk
WARNING: ObjectProperty "USkeletalMeshSocket::DependencyParticleSystem" was not found
Loading SkeletalMeshSocket SkeletalMeshSocket_52 from package 00047067.upk
WARNING: ObjectProperty "USkeletalMeshSocket::DependencyParticleSystem" was not found
Loading SkeletalMeshSocket SkeletalMeshSocket_53 from package 00047067.upk
WARNING: ObjectProperty "USkeletalMeshSocket::DependencyParticleSystem" was not found
Loading SkeletalMeshSocket SkeletalMeshSocket_54 from package 00047067.upk
WARNING: ObjectProperty "USkeletalMeshSocket::DependencyParticleSystem" was not found
Loading SkeletalMeshSocket SkeletalMeshSocket_55 from package 00047067.upk
WARNING: ObjectProperty "USkeletalMeshSocket::DependencyParticleSystem" was not found
Loading SkeletalMeshSocket SkeletalMeshSocket_56 from package 00047067.upk
WARNING: ObjectProperty "USkeletalMeshSocket::DependencyParticleSystem" was not found
Loading MaterialInstanceConstant col1 from package 00047065.upk
Loading package: 00047066.upk Ver: 573/1 Engine: 4205 Names: 32 Exports: 4 Imports: 2 Game: 801A
Loading package: 00002640.upk Ver: 573/1 Engine: 4205 Names: 291 Exports: 507 Imports: 3 Game: 801A
Loading package: 00002620.upk Ver: 573/1 Engine: 4205 Names: 576 Exports: 7687 Imports: 96 Game: 801A
Loading Texture2D FireMan_n from package 00047066.upk
Loading Texture2D FireMan_m from package 00047066.upk
Loading Texture2D FireMan_d from package 00047066.upk
Loading Texture2D FireMan_s from package 00047066.upk
Loading TextureCube lenscube_a from package 00002640.upk
Loading Texture2D check from package 00002620.upk
Loading Material3 Body from package 00002620.upk
Loading package: 00012963.upk Ver: 573/1 Engine: 4205 Names: 1349 Exports: 1323 Imports: 10 Game: 801A
Loading Texture2D CubemapFace0 from package 00002640.upk
Loading Texture2D CubemapFace1 from package 00002640.upk
Loading Texture2D CubemapFace2 from package 00002640.upk
Loading Texture2D CubemapFace3 from package 00002640.upk
Loading Texture2D CubemapFace4 from package 00002640.upk
Loading Texture2D CubemapFace5 from package 00002640.upk
Loading Texture2D check_n from package 00002620.upk
Loading Texture2D Noise_Glass_000 from package 00012963.upk
Loading Texture2D Smoke_Pattern_001 from package 00012963.upk
Loading Texture2D Gradient_Wipe_BurnOut_Mask_TEST from package 00012963.upk
Loading Texture2D Gradient_Wipe_BurnOut_Mask from package 00012963.upk
Loading Texture2D Gradient_Line_003 from package 00012963.upk
Loaded in 0.18 sec, 3050 allocs, 2.39 MBytes serialized in 288602 calls.

Object info:
============
ClassName: SkeletalMesh3 ObjectName: FireMan

    LODInfo[1] =
    {
        LODInfo[0] =
        {
            DisplayFactor = 0
            LODHysteresis = 0.02
            LODMaterialMap[0] = {}
            bEnableShadowCasting[1] = { true }
        }
    }
    Sockets[6] =
    {
        Sockets[0] = SkeletalMeshSocket'FireMan.SkeletalMeshSocket_51'
        Sockets[1] = SkeletalMeshSocket'FireMan.SkeletalMeshSocket_52'
        Sockets[2] = SkeletalMeshSocket'FireMan.SkeletalMeshSocket_53'
        Sockets[3] = SkeletalMeshSocket'FireMan.SkeletalMeshSocket_54'
        Sockets[4] = SkeletalMeshSocket'FireMan.SkeletalMeshSocket_55'
        Sockets[5] = SkeletalMeshSocket'FireMan.SkeletalMeshSocket_56'
    }
    bHasVertexColors = false
    EnableTwistBoneFixers = true
    EnableClavicleFixer = true
    Materials[1] = { MaterialInstanceConstant'col1' }


    Lods[1] =
    {
        Lods[0] =
        {
            Sections[1] =
            {
                Sections[0] = { Material=MaterialInstanceConstant'col1', FirstIndex=0, NumFaces=4412 }
            }
            NumVerts = 2946
            IndexCount = 13236
            NumTexCoords = 1
        }
    }
    LodCount = 1
    MeshOrigin = { X=-0, Y=-0, Z=-0 }
    MeshScale = { X=1, Y=1, Z=1 }
    RotOrigin = { Yaw=0, Pitch=0, Roll=0 }
    BoneCount = 57

Object info:
============
ClassName: SkeletalMeshSocket ObjectName: SkeletalMeshSocket_51

    SocketName = fx_head
    BoneName = Bip01Head
    RelativeLocation = { X=-3.80958, Y=-6.66146e-007, Z=0.0715952 }
    RelativeRotation = { Yaw=-32768, Pitch=-16185, Roll=-32768 }
    RelativeScale = { X=0.7, Y=0.7, Z=0.7 }

Object info:
============
ClassName: SkeletalMeshSocket ObjectName: SkeletalMeshSocket_52

    SocketName = fx_L_Hand
    BoneName = Bip01LHand
    RelativeLocation = { X=0, Y=0, Z=0 }
    RelativeRotation = { Yaw=11020, Pitch=16172, Roll=16384 }
    RelativeScale = { X=0.4, Y=0.4, Z=0.4 }

Object info:
============
ClassName: SkeletalMeshSocket ObjectName: SkeletalMeshSocket_53

    SocketName = fx_R_Hand
    BoneName = Bip01RHand
    RelativeLocation = { X=0, Y=0, Z=0 }
    RelativeRotation = { Yaw=-10969, Pitch=16384, Roll=-5665 }
    RelativeScale = { X=0.4, Y=0.4, Z=0.4 }

Object info:
============
ClassName: SkeletalMeshSocket ObjectName: SkeletalMeshSocket_54

    SocketName = fx_L_Foot
    BoneName = Bip01LFoot
    RelativeLocation = { X=1.51834, Y=-0.915608, Z=0 }
    RelativeRotation = { Yaw=-22044, Pitch=16384, Roll=-16384 }
    RelativeScale = { X=0.5, Y=0.5, Z=0.5 }

Object info:
============
ClassName: SkeletalMeshSocket ObjectName: SkeletalMeshSocket_55

    SocketName = fx_R_Foot
    BoneName = Bip01RFoot
    RelativeLocation = { X=1.17184, Y=-1.27611, Z=0 }
    RelativeRotation = { Yaw=-25020, Pitch=1108, Roll=-16384 }
    RelativeScale = { X=0.5, Y=0.5, Z=0.5 }

Object info:
============
ClassName: SkeletalMeshSocket ObjectName: SkeletalMeshSocket_56

    SocketName = fx_spine
    BoneName = Bip01Spine
    RelativeLocation = { X=-4.9945, Y=0.765594, Z=-6.69304e-008 }
    RelativeRotation = { Yaw=-16384, Pitch=16384, Roll=16384 }
    RelativeScale = { X=0.8, Y=0.8, Z=0.8 }
