Found 32768 game files (1222 skipped)
Loading package: 00044947.upk Ver: 573/1 Engine: 4205 Names: 512 Exports: 566 Imports: 177 Game: 801A
Loading Material3 Weapon_Edge_Sword from package 00044947.upk
WARNING: BoolProperty "UMaterial3::bAcceptRenderDecal" was not found
Loading package: 00012963.upk Ver: 573/1 Engine: 4205 Names: 1349 Exports: 1323 Imports: 10 Game: 801A
Loading package: 00044948.upk Ver: 573/1 Engine: 4205 Names: 33 Exports: 5 Imports: 2 Game: 801A
Loading MaterialInstanceConstant PvE_Aura-bangle_ee_INST from package 00044947.upk
Loading package: 00044986.upk Ver: 573/1 Engine: 4205 Names: 30 Exports: 4 Imports: 2 Game: 801A
Loading package: 00032509.upk Ver: 573/1 Engine: 4205 Names: 315 Exports: 461 Imports: 110 Game: 801A
Loading MaterialInstanceConstant PvE_Axe_ee_INST from package 00044947.upk
Loading package: 00044994.upk Ver: 573/1 Engine: 4205 Names: 30 Exports: 4 Imports: 2 Game: 801A
Loading MaterialInstanceConstant PvE_Dagger_ee_INST from package 00044947.upk
Loading package: 00044998.upk Ver: 573/1 Engine: 4205 Names: 30 Exports: 4 Imports: 2 Game: 801A
Loading MaterialInstanceConstant PvE_Gauntlet_ee_INST from package 00044947.upk
Loading package: 00044982.upk Ver: 573/1 Engine: 4205 Names: 30 Exports: 4 Imports: 2 Game: 801A
Loading MaterialInstanceConstant PvE_Staff_ee_INST from package 00044947.upk
Loading package: 00044990.upk Ver: 573/1 Engine: 4205 Names: 30 Exports: 4 Imports: 2 Game: 801A
Loading MaterialInstanceConstant PvE_sword_ee_INST from package 00044947.upk
Loading MaterialInstanceConstant Weapon_Body_Add_INST_Aura-bangle from package 00044947.upk
Loading package: 00039551.upk Ver: 573/1 Engine: 4205 Names: 524 Exports: 1255 Imports: 196 Game: 801A
Loading MaterialInstanceConstant Weapon_Body_Add_INST_AXE from package 00044947.upk
Loading MaterialInstanceConstant Weapon_Body_Add_INST_Dagger from package 00044947.upk
Loading MaterialInstanceConstant Weapon_Body_Add_INST_Gauntlet from package 00044947.upk
Loading MaterialInstanceConstant Weapon_Body_Add_INST_Staff from package 00044947.upk
Loading MaterialInstanceConstant Weapon_Body_Add_INST_Sword from package 00044947.upk
Loading MaterialInstanceConstant Weapon_Edge_Aura-bangle_INST from package 00044947.upk
Loading MaterialInstanceConstant Weapon_Edge_AXE_INST from package 00044947.upk
Loading package: 00044993.upk Ver: 573/1 Engine: 4205 Names: 384 Exports: 514 Imports: 126 Game: 801A
Loading MaterialInstanceConstant Weapon_Edge_Dagger_INST from package 00044947.upk
Loading MaterialInstanceConstant Weapon_Edge_Gauntlet_INST from package 00044947.upk
Loading package: 00044981.upk Ver: 573/1 Engine: 4205 Names: 351 Exports: 471 Imports: 126 Game: 801A
Loading MaterialInstanceConstant Weapon_Edge_Staff_INST from package 00044947.upk
Loading SkeletalMesh3 010324_Autoscale from package 00044947.upk
WARNING: ObjectProperty "USkeletalMesh3::MeshFactorSet" was not found
WARNING: ObjectProperty "USkeletalMesh3::PhysMaterialOverride" was not found
Loading package: 00044949.upk Ver: 573/1 Engine: 4205 Names: 173 Exports: 155 Imports: 46 Game: 801A
Loading SkeletalMeshSocket SkeletalMeshSocket_59 from package 00044947.upk
WARNING: ObjectProperty "USkeletalMeshSocket::DependencyParticleSystem" was not found
Loading SkeletalMeshSocket SkeletalMeshSocket_63 from package 00044947.upk
WARNING: ObjectProperty "USkeletalMeshSocket::DependencyParticleSystem" was not found
Loading StaticMesh3 010324_Autoscale_FX_MESH002 from package 00044947.upk
Loading package: 00012892.upk Ver: 573/1 Engine: 4205 Names: 1018 Exports: 5834 Imports: 361 Game: 801A
Loading StaticMesh3 010324_Autoscale_FX_MESH003 from package 00044947.upk
Loading Texture2D Noise_006 from package 00012963.upk
Loading Texture2D Ref_Cool from package 00012963.upk
Loading Texture2D Gradient_004 from package 00012963.upk
Loading Texture2D 010324_Autoscale_col1_D from package 00044948.upk
Loading Texture2D Gradient_Line_R from package 00012963.upk
Loading Texture2D 030318_Autoscale_col1_D from package 00044986.upk
Loading Material3 Guntlet_ee from package 00032509.upk
WARNING: BoolProperty "UMaterial3::bAcceptRenderDecal" was not found
Loading package: 00028844.upk Ver: 573/1 Engine: 4205 Names: 33 Exports: 5 Imports: 2 Game: 801A
Loading Texture2D 110224_Autoscale_col1_D from package 00044994.upk
Loading Texture2D 120226_Autoscale_col1_D from package 00044998.upk
Loading Texture2D 020316_Autoscale_col1_D from package 00044982.upk
Loading Texture2D 060231_Autoscale_col1_D from package 00044990.upk
Loading Texture2D 030318_Autoscale_col1_S from package 00044986.upk
Loading TextureCube Illusion_cube_1 from package 00012963.upk
Loading Texture2D 030318_Autoscale_col1_N from package 00044986.upk
Loading Material3 Weapon_Body_Add_Axe from package 00039551.upk
Loading package: 00039620.upk Ver: 573/1 Engine: 4205 Names: 400 Exports: 1000 Imports: 136 Game: 801A
Loading Texture2D 110224_Autoscale_col1_S from package 00044994.upk
Loading Texture2D 110224_Autoscale_col1_N from package 00044994.upk
Loading Texture2D 120226_Autoscale_col1_S from package 00044998.upk
Loading Texture2D 120226_Autoscale_col1_N from package 00044998.upk
Loading Texture2D 020316_Autoscale_col1_S from package 00044982.upk
Loading Texture2D 020316_Autoscale_col1_N from package 00044982.upk
Loading Texture2D 060231_Autoscale_col1_S from package 00044990.upk
Loading Texture2D 060231_Autoscale_col1_N from package 00044990.upk
Loading Texture2D 010324_Autoscale_col1_S from package 00044948.upk
Loading Texture2D 010324_Autoscale_col1_N from package 00044948.upk
Loading Texture2D 110224_Autoscale_col1_FX from package 00044993.upk
Loading Texture2D 020316_Autoscale_col1_FX from package 00044981.upk
Loading MaterialInstanceConstant col1 from package 00044949.upk
Loading package: 00002640.upk Ver: 573/1 Engine: 4205 Names: 291 Exports: 507 Imports: 3 Game: 801A
Loading package: 00002620.upk Ver: 573/1 Engine: 4205 Names: 576 Exports: 7687 Imports: 96 Game: 801A
Loading Material3 001_Mesh_Default_MatM from package 00012892.upk
WARNING: BoolProperty "UMaterial3::bAcceptRenderDecal" was not found
Loading package: 00023713.upk Ver: 573/1 Engine: 4205 Names: 101 Exports: 81 Imports: 4 Game: 801A
Loading Texture2D Unique_Stone_001 from package 00012963.upk
Loading Texture2D Noise_Plazma_002 from package 00012963.upk
Loading Texture2D Gradient_Flow_000 from package 00012963.upk
Loading Texture2D Noise_013 from package 00012963.upk
Loading Texture2D 020205_Autoscale_col1_D from package 00028844.upk
Loading Texture2D CubemapFace0 from package 00012963.upk
Loading Texture2D CubemapFace1 from package 00012963.upk
Loading Texture2D CubemapFace2 from package 00012963.upk
Loading Texture2D CubemapFace3 from package 00012963.upk
Loading Texture2D CubemapFace4 from package 00012963.upk
Loading Texture2D CubemapFace5 from package 00012963.upk
Loading Texture2D Fire_Blending_Pattern_Tex_Big3 from package 00012963.upk
Loading Texture2D Water_001_01_N_Wave3 from package 00012963.upk
Loading Texture2D Noise_Wave_000 from package 00012963.upk
Loading Texture2D Smoke_Pattern_001 from package 00012963.upk
Loading Texture2D Gradient_Line_005 from package 00012963.upk
Loading Texture2D FX_mask_normal from package 00039620.upk
Loading Texture2D Noise_Glass_000 from package 00012963.upk
Loading Texture2D Normal_Stone_001 from package 00012963.upk
WARNING: BoolProperty "UTexture2D::bDisableLoadSwitch" was not found
Loading Texture2D FX_Mask1 from package 00039620.upk
Loading Texture2D 010324_Autoscale_col1_M from package 00044948.upk
Loading TextureCube lenscube from package 00002640.upk
Loading Texture2D check from package 00002620.upk
Loading Texture2D 010324_Autoscale_col1_FX from package 00044948.upk
Loading Material3 Basic_FX_Add from package 00044949.upk
Loading Texture2D Cube000_Tex from package 00023713.upk
Loading Texture2D CubemapFace0 from package 00002640.upk
Loading Texture2D CubemapFace1 from package 00002640.upk
Loading Texture2D CubemapFace2 from package 00002640.upk
Loading Texture2D CubemapFace3 from package 00002640.upk
Loading Texture2D CubemapFace4 from package 00002640.upk
Loading Texture2D CubemapFace5 from package 00002640.upk
Loading Texture2D check_n from package 00002620.upk
Loading Texture2D Gradient_Line_003 from package 00012963.upk
Loading Texture2D Gradient_Wipe_BurnOut_Mask_TEST from package 00012963.upk
Loading Texture2D Gradient_Wipe_BurnOut_Mask from package 00012963.upk
Loaded in 0.73 sec, 8210 allocs, 6.54 MBytes serialized in 443984 calls.

Object info:
============
ClassName: Material3 ObjectName: Weapon_Edge_Sword

    TwoSided = false
    bDisableDepthTest = false
    bIsMasked = false
    ReferencedTextures[5] =
    {
        ReferencedTextures[0] = Texture2D'Noise_006'
        ReferencedTextures[1] = Texture2D'Ref_Cool'
        ReferencedTextures[2] = Texture2D'Gradient_004'
        ReferencedTextures[3] = Texture2D'010324_Autoscale_col1_D'
        ReferencedTextures[4] = Texture2D'Gradient_Line_R'
    }
    BlendMode = BLEND_Additive (3)
    OpacityMaskClipValue = 0.333
    FlattenedTexture = None
    MobileBaseTexture = None
    MobileNormalTexture = None
    bUseMobileSpecular = false
    MobileSpecularPower = 16
    MobileSpecularMask = MSM_Constant (0)
    MobileMaskTexture = None

Object info:
============
ClassName: MaterialInstanceConstant ObjectName: PvE_Aura-bangle_ee_INST

    ScalarParameterValues[1] =
    {
        ScalarParameterValues[0] = { ParameterName=LerpG, ParameterValue=1 }
    }
    TextureParameterValues[1] =
    {
        TextureParameterValues[0] = { ParameterName=Mask_alpha, ParameterValue=Texture2D'030318_Autoscale_col1_D' }
    }
    VectorParameterValues[1] =
    {
        VectorParameterValues[0] =
        {
            ParameterName = Color
            ParameterValue = { R=0.715466, G=0.835528, B=0.932277, A=1 }
        }
    }
    Parent = Material3'Guntlet_ee'
    FlattenedTexture = None
    MobileBaseTexture = None
    MobileNormalTexture = None
    bUseMobileSpecular = false
    MobileSpecularPower = 16
    MobileSpecularMask = MSM_Constant (0)
    MobileMaskTexture = None

Object info:
============
ClassName: MaterialInstanceConstant ObjectName: PvE_Axe_ee_INST

    ScalarParameterValues[1] =
    {
        ScalarParameterValues[0] = { ParameterName=LerpG, ParameterValue=1 }
    }
    TextureParameterValues[1] =
    {
        TextureParameterValues[0] = { ParameterName=Mask_alpha, ParameterValue=Texture2D'110224_Autoscale_col1_D' }
    }
    VectorParameterValues[1] =
    {
        VectorParameterValues[0] =
        {
            ParameterName = Color
            ParameterValue = { R=0.715466, G=0.835528, B=0.932277, A=1 }
        }
    }
    Parent = Material3'Guntlet_ee'
    FlattenedTexture = None
    MobileBaseTexture = None
    MobileNormalTexture = None
    bUseMobileSpecular = false
    MobileSpecularPower = 16
    MobileSpecularMask = MSM_Constant (0)
    MobileMaskTexture = None

Object info:
============
ClassName: MaterialInstanceConstant ObjectName: PvE_Dagger_ee_INST

    ScalarParameterValues[1] =
    {
        ScalarParameterValues[0] = { ParameterName=LerpG, ParameterValue=1 }
    }
    TextureParameterValues[1] =
    {
        TextureParameterValues[0] = { ParameterName=Mask_alpha, ParameterValue=Texture2D'120226_Autoscale_col1_D' }
    }
    VectorParameterValues[1] =
    {
        VectorParameterValues[0] =
        {
            ParameterName = Color
            ParameterValue = { R=0.715466, G=0.835528, B=0.932277, A=1 }
        }
    }
    Parent = Material3'Guntlet_ee'
    FlattenedTexture = None
    MobileBaseTexture = None
    MobileNormalTexture = None
    bUseMobileSpecular = false
    MobileSpecularPower = 16
    MobileSpecularMask = MSM_Constant (0)
    MobileMaskTexture = None

Object info:
============
ClassName: MaterialInstanceConstant ObjectName: PvE_Gauntlet_ee_INST

    ScalarParameterValues[1] =
    {
        ScalarParameterValues[0] = { ParameterName=LerpG, ParameterValue=1 }
    }
    TextureParameterValues[1] =
    {
        TextureParameterValues[0] = { ParameterName=Mask_alpha, ParameterValue=Texture2D'020316_Autoscale_col1_D' }
    }
    VectorParameterValues[1] =
    {
        VectorParameterValues[0] =
        {
            ParameterName = Color
            ParameterValue = { R=0.715466, G=0.835528, B=0.932277, A=1 }
        }
    }
    Parent = Material3'Guntlet_ee'
    FlattenedTexture = None
    MobileBaseTexture = None
    MobileNormalTexture = None
    bUseMobileSpecular = false
    MobileSpecularPower = 16
    MobileSpecularMask = MSM_Constant (0)
    MobileMaskTexture = None

Object info:
============
ClassName: MaterialInstanceConstant ObjectName: PvE_Staff_ee_INST

    ScalarParameterValues[1] =
    {
        ScalarParameterValues[0] = { ParameterName=LerpG, ParameterValue=1 }
    }
    TextureParameterValues[1] =
    {
        TextureParameterValues[0] = { ParameterName=Mask_alpha, ParameterValue=Texture2D'060231_Autoscale_col1_D' }
    }
    VectorParameterValues[1] =
    {
        VectorParameterValues[0] =
        {
            ParameterName = Color
            ParameterValue = { R=0.715466, G=0.835528, B=0.932277, A=1 }
        }
    }
    Parent = Material3'Guntlet_ee'
    FlattenedTexture = None
    MobileBaseTexture = None
    MobileNormalTexture = None
    bUseMobileSpecular = false
    MobileSpecularPower = 16
    MobileSpecularMask = MSM_Constant (0)
    MobileMaskTexture = None

Object info:
============
ClassName: MaterialInstanceConstant ObjectName: PvE_sword_ee_INST

    ScalarParameterValues[1] =
    {
        ScalarParameterValues[0] = { ParameterName=LerpG, ParameterValue=1 }
    }
    TextureParameterValues[1] =
    {
        TextureParameterValues[0] = { ParameterName=Mask_alpha, ParameterValue=Texture2D'010324_Autoscale_col1_D' }
    }
    VectorParameterValues[1] =
    {
        VectorParameterValues[0] =
        {
            ParameterName = Color
            ParameterValue = { R=0.715466, G=0.835528, B=0.932277, A=1 }
        }
    }
    Parent = Material3'Guntlet_ee'
    FlattenedTexture = None
    MobileBaseTexture = None
    MobileNormalTexture = None
    bUseMobileSpecular = false
    MobileSpecularPower = 16
    MobileSpecularMask = MSM_Constant (0)
    MobileMaskTexture = None

Object info:
============
ClassName: MaterialInstanceConstant ObjectName: Weapon_Body_Add_INST_Aura-bangle

    ScalarParameterValues[0] = {}
    TextureParameterValues[3] =
    {
        TextureParameterValues[0] = { ParameterName=Tex_mask_alpha, ParameterValue=Texture2D'030318_Autoscale_col1_S' }
        TextureParameterValues[1] = { ParameterName=CubeMap, ParameterValue=TextureCube'Illusion_cube_1' }
        TextureParameterValues[2] = { ParameterName=Tex_Normal, ParameterValue=Texture2D'030318_Autoscale_col1_N' }
    }
    VectorParameterValues[9] =
    {
        VectorParameterValues[0] =
        {
            ParameterName = Alpha
            ParameterValue = { R=1, G=1, B=1, A=1 }
        }
        VectorParameterValues[1] =
        {
            ParameterName = dissolve
            ParameterValue = { R=6, G=0, B=0, A=1 }
        }
        VectorParameterValues[2] =
        {
            ParameterName = dissolve_color
            ParameterValue = { R=1, G=1, B=1, A=1 }
        }
        VectorParameterValues[3] =
        {
            ParameterName = Fresnel_scale
            ParameterValue = { R=6, G=7, B=0, A=1 }
        }
        VectorParameterValues[4] =
        {
            ParameterName = texture_scale
            ParameterValue = { R=1.5, G=1, B=1, A=1 }
        }
        VectorParameterValues[5] =
        {
            ParameterName = inFresnel_scale
            ParameterValue = { R=1.5, G=1.2, B=0, A=1 }
        }
        VectorParameterValues[6] =
        {
            ParameterName = Color2
            ParameterValue = { R=4, G=3, B=1, A=1 }
        }
        VectorParameterValues[7] =
        {
            ParameterName = Color
            ParameterValue = { R=1, G=1, B=1, A=1 }
        }
        VectorParameterValues[8] =
        {
            ParameterName = All_Color
            ParameterValue = { R=1, G=1, B=1, A=1 }
        }
    }
    Parent = Material3'Weapon_Body_Add_Axe'
    FlattenedTexture = None
    MobileBaseTexture = None
    MobileNormalTexture = None
    bUseMobileSpecular = false
    MobileSpecularPower = 16
    MobileSpecularMask = MSM_Constant (0)
    MobileMaskTexture = None

Object info:
============
ClassName: MaterialInstanceConstant ObjectName: Weapon_Body_Add_INST_AXE

    ScalarParameterValues[0] = {}
    TextureParameterValues[3] =
    {
        TextureParameterValues[0] = { ParameterName=Tex_mask_alpha, ParameterValue=Texture2D'110224_Autoscale_col1_S' }
        TextureParameterValues[1] = { ParameterName=CubeMap, ParameterValue=TextureCube'Illusion_cube_1' }
        TextureParameterValues[2] = { ParameterName=Tex_Normal, ParameterValue=Texture2D'110224_Autoscale_col1_N' }
    }
    VectorParameterValues[9] =
    {
        VectorParameterValues[0] =
        {
            ParameterName = Alpha
            ParameterValue = { R=1, G=1, B=1, A=1 }
        }
        VectorParameterValues[1] =
        {
            ParameterName = dissolve
            ParameterValue = { R=6, G=0, B=0, A=1 }
        }
        VectorParameterValues[2] =
        {
            ParameterName = dissolve_color
            ParameterValue = { R=1, G=1, B=1, A=1 }
        }
        VectorParameterValues[3] =
        {
            ParameterName = Fresnel_scale
            ParameterValue = { R=6, G=7, B=0, A=1 }
        }
        VectorParameterValues[4] =
        {
            ParameterName = texture_scale
            ParameterValue = { R=1.5, G=1, B=1, A=1 }
        }
        VectorParameterValues[5] =
        {
            ParameterName = inFresnel_scale
            ParameterValue = { R=1.5, G=1.2, B=0, A=1 }
        }
        VectorParameterValues[6] =
        {
            ParameterName = Color2
            ParameterValue = { R=4, G=3, B=1, A=1 }
        }
        VectorParameterValues[7] =
        {
            ParameterName = Color
            ParameterValue = { R=1, G=1, B=1, A=1 }
        }
        VectorParameterValues[8] =
        {
            ParameterName = All_Color
            ParameterValue = { R=1, G=1, B=1, A=1 }
        }
    }
    Parent = Material3'Weapon_Body_Add_Axe'
    FlattenedTexture = None
    MobileBaseTexture = None
    MobileNormalTexture = None
    bUseMobileSpecular = false
    MobileSpecularPower = 16
    MobileSpecularMask = MSM_Constant (0)
    MobileMaskTexture = None

Object info:
============
ClassName: MaterialInstanceConstant ObjectName: Weapon_Body_Add_INST_Dagger

    ScalarParameterValues[0] = {}
    TextureParameterValues[3] =
    {
        TextureParameterValues[0] = { ParameterName=Tex_mask_alpha, ParameterValue=Texture2D'120226_Autoscale_col1_S' }
        TextureParameterValues[1] = { ParameterName=CubeMap, ParameterValue=TextureCube'Illusion_cube_1' }
        TextureParameterValues[2] = { ParameterName=Tex_Normal, ParameterValue=Texture2D'120226_Autoscale_col1_N' }
    }
    VectorParameterValues[9] =
    {
        VectorParameterValues[0] =
        {
            ParameterName = Alpha
            ParameterValue = { R=1, G=1, B=1, A=1 }
        }
        VectorParameterValues[1] =
        {
            ParameterName = dissolve
            ParameterValue = { R=6, G=0, B=0, A=1 }
        }
        VectorParameterValues[2] =
        {
            ParameterName = dissolve_color
            ParameterValue = { R=1, G=1, B=1, A=1 }
        }
        VectorParameterValues[3] =
        {
            ParameterName = Fresnel_scale
            ParameterValue = { R=6, G=7, B=0, A=1 }
        }
        VectorParameterValues[4] =
        {
            ParameterName = texture_scale
            ParameterValue = { R=1.5, G=1, B=1, A=1 }
        }
        VectorParameterValues[5] =
        {
            ParameterName = inFresnel_scale
            ParameterValue = { R=1.5, G=1.2, B=0, A=1 }
        }
        VectorParameterValues[6] =
        {
            ParameterName = Color2
            ParameterValue = { R=4, G=3, B=1, A=1 }
        }
        VectorParameterValues[7] =
        {
            ParameterName = Color
            ParameterValue = { R=1, G=1, B=1, A=1 }
        }
        VectorParameterValues[8] =
        {
            ParameterName = All_Color
            ParameterValue = { R=1, G=1, B=1, A=1 }
        }
    }
    Parent = Material3'Weapon_Body_Add_Axe'
    FlattenedTexture = None
    MobileBaseTexture = None
    MobileNormalTexture = None
    bUseMobileSpecular = false
    MobileSpecularPower = 16
    MobileSpecularMask = MSM_Constant (0)
    MobileMaskTexture = None

Object info:
============
ClassName: MaterialInstanceConstant ObjectName: Weapon_Body_Add_INST_Gauntlet

    ScalarParameterValues[0] = {}
    TextureParameterValues[3] =
    {
        TextureParameterValues[0] = { ParameterName=Tex_mask_alpha, ParameterValue=Texture2D'020316_Autoscale_col1_S' }
        TextureParameterValues[1] = { ParameterName=CubeMap, ParameterValue=TextureCube'Illusion_cube_1' }
        TextureParameterValues[2] = { ParameterName=Tex_Normal, ParameterValue=Texture2D'020316_Autoscale_col1_N' }
    }
    VectorParameterValues[9] =
    {
        VectorParameterValues[0] =
        {
            ParameterName = Alpha
            ParameterValue = { R=1, G=1, B=1, A=1 }
        }
        VectorParameterValues[1] =
        {
            ParameterName = dissolve
            ParameterValue = { R=6, G=0, B=0, A=1 }
        }
        VectorParameterValues[2] =
        {
            ParameterName = dissolve_color
            ParameterValue = { R=1, G=1, B=1, A=1 }
        }
        VectorParameterValues[3] =
        {
            ParameterName = Fresnel_scale
            ParameterValue = { R=6, G=7, B=0, A=1 }
        }
        VectorParameterValues[4] =
        {
            ParameterName = texture_scale
            ParameterValue = { R=1.5, G=1, B=1, A=1 }
        }
        VectorParameterValues[5] =
        {
            ParameterName = inFresnel_scale
            ParameterValue = { R=1.5, G=1.2, B=0, A=1 }
        }
        VectorParameterValues[6] =
        {
            ParameterName = Color2
            ParameterValue = { R=4, G=3, B=1, A=1 }
        }
        VectorParameterValues[7] =
        {
            ParameterName = Color
            ParameterValue = { R=1, G=1, B=1, A=1 }
        }
        VectorParameterValues[8] =
        {
            ParameterName = All_Color
            ParameterValue = { R=1, G=1, B=1, A=1 }
        }
    }
    Parent = Material3'Weapon_Body_Add_Axe'
    FlattenedTexture = None
    MobileBaseTexture = None
    MobileNormalTexture = None
    bUseMobileSpecular = false
    MobileSpecularPower = 16
    MobileSpecularMask = MSM_Constant (0)
    MobileMaskTexture = None

Object info:
============
ClassName: MaterialInstanceConstant ObjectName: Weapon_Body_Add_INST_Staff

    ScalarParameterValues[0] = {}
    TextureParameterValues[3] =
    {
        TextureParameterValues[0] = { ParameterName=Tex_mask_alpha, ParameterValue=Texture2D'060231_Autoscale_col1_S' }
        TextureParameterValues[1] = { ParameterName=CubeMap, ParameterValue=TextureCube'Illusion_cube_1' }
        TextureParameterValues[2] = { ParameterName=Tex_Normal, ParameterValue=Texture2D'060231_Autoscale_col1_N' }
    }
    VectorParameterValues[9] =
    {
        VectorParameterValues[0] =
        {
            ParameterName = Alpha
            ParameterValue = { R=1, G=1, B=1, A=1 }
        }
        VectorParameterValues[1] =
        {
            ParameterName = dissolve
            ParameterValue = { R=6, G=0, B=0, A=1 }
        }
        VectorParameterValues[2] =
        {
            ParameterName = dissolve_color
            ParameterValue = { R=1, G=1, B=1, A=1 }
        }
        VectorParameterValues[3] =
        {
            ParameterName = Fresnel_scale
            ParameterValue = { R=6, G=7, B=0, A=1 }
        }
        VectorParameterValues[4] =
        {
            ParameterName = texture_scale
            ParameterValue = { R=1.5, G=1, B=1, A=1 }
        }
        VectorParameterValues[5] =
        {
            ParameterName = inFresnel_scale
            ParameterValue = { R=1.5, G=1.2, B=0, A=1 }
        }
        VectorParameterValues[6] =
        {
            ParameterName = Color2
            ParameterValue = { R=4, G=3, B=1, A=1 }
        }
        VectorParameterValues[7] =
        {
            ParameterName = Color
            ParameterValue = { R=1, G=1, B=1, A=1 }
        }
        VectorParameterValues[8] =
        {
            ParameterName = All_Color
            ParameterValue = { R=1, G=1, B=1, A=1 }
        }
    }
    Parent = Material3'Weapon_Body_Add_Axe'
    FlattenedTexture = None
    MobileBaseTexture = None
    MobileNormalTexture = None
    bUseMobileSpecular = false
    MobileSpecularPower = 16
    MobileSpecularMask = MSM_Constant (0)
    MobileMaskTexture = None

Object info:
============
ClassName: MaterialInstanceConstant ObjectName: Weapon_Body_Add_INST_Sword

    ScalarParameterValues[0] = {}
    TextureParameterValues[3] =
    {
        TextureParameterValues[0] = { ParameterName=Tex_mask_alpha, ParameterValue=Texture2D'010324_Autoscale_col1_S' }
        TextureParameterValues[1] = { ParameterName=CubeMap, ParameterValue=TextureCube'Illusion_cube_1' }
        TextureParameterValues[2] = { ParameterName=Tex_Normal, ParameterValue=Texture2D'010324_Autoscale_col1_N' }
    }
    VectorParameterValues[9] =
    {
        VectorParameterValues[0] =
        {
            ParameterName = Alpha
            ParameterValue = { R=1, G=1, B=1, A=1 }
        }
        VectorParameterValues[1] =
        {
            ParameterName = dissolve
            ParameterValue = { R=6, G=0, B=0, A=1 }
        }
        VectorParameterValues[2] =
        {
            ParameterName = dissolve_color
            ParameterValue = { R=1, G=1, B=1, A=1 }
        }
        VectorParameterValues[3] =
        {
            ParameterName = Fresnel_scale
            ParameterValue = { R=6, G=7, B=0, A=1 }
        }
        VectorParameterValues[4] =
        {
            ParameterName = texture_scale
            ParameterValue = { R=1.5, G=1, B=1, A=1 }
        }
        VectorParameterValues[5] =
        {
            ParameterName = inFresnel_scale
            ParameterValue = { R=1.5, G=1.2, B=0, A=1 }
        }
        VectorParameterValues[6] =
        {
            ParameterName = Color2
            ParameterValue = { R=4, G=3, B=1, A=1 }
        }
        VectorParameterValues[7] =
        {
            ParameterName = Color
            ParameterValue = { R=1, G=1, B=1, A=1 }
        }
        VectorParameterValues[8] =
        {
            ParameterName = All_Color
            ParameterValue = { R=1, G=1, B=1, A=1 }
        }
    }
    Parent = Material3'Weapon_Body_Add_Axe'
    FlattenedTexture = None
    MobileBaseTexture = None
    MobileNormalTexture = None
    bUseMobileSpecular = false
    MobileSpecularPower = 16
    MobileSpecularMask = MSM_Constant (0)
    MobileMaskTexture = None

Object info:
============
ClassName: MaterialInstanceConstant ObjectName: Weapon_Edge_Aura-bangle_INST

    ScalarParameterValues[1] =
    {
        ScalarParameterValues[0] = { ParameterName=Lerp_change, ParameterValue=1 }
    }
    TextureParameterValues[3] =
    {
        TextureParameterValues[0] = { ParameterName=Tex_Panner, ParameterValue=Texture2D'Gradient_Line_R' }
        TextureParameterValues[1] = { ParameterName=Diffuse, ParameterValue=Texture2D'030318_Autoscale_col1_D' }
        TextureParameterValues[2] = { ParameterName=Noise, ParameterValue=Texture2D'Noise_006' }
    }
    VectorParameterValues[3] =
    {
        VectorParameterValues[0] =
        {
            ParameterName = 000
            ParameterValue = { R=0.5, G=1, B=0, A=1 }
        }
        VectorParameterValues[1] =
        {
            ParameterName = PowerExp
            ParameterValue = { R=2, G=1, B=0.334458, A=1 }
        }
        VectorParameterValues[2] =
        {
            ParameterName = Color
            ParameterValue = { R=0.715466, G=0.560499, B=0.334458, A=1 }
        }
    }
    Parent = Material3'Weapon_Edge_Sword'
    FlattenedTexture = None
    MobileBaseTexture = None
    MobileNormalTexture = None
    bUseMobileSpecular = false
    MobileSpecularPower = 16
    MobileSpecularMask = MSM_Constant (0)
    MobileMaskTexture = None

Object info:
============
ClassName: MaterialInstanceConstant ObjectName: Weapon_Edge_AXE_INST

    ScalarParameterValues[1] =
    {
        ScalarParameterValues[0] = { ParameterName=Lerp_change, ParameterValue=1 }
    }
    TextureParameterValues[3] =
    {
        TextureParameterValues[0] = { ParameterName=Tex_Panner, ParameterValue=Texture2D'Gradient_Line_R' }
        TextureParameterValues[1] = { ParameterName=Diffuse, ParameterValue=Texture2D'110224_Autoscale_col1_FX' }
        TextureParameterValues[2] = { ParameterName=Noise, ParameterValue=Texture2D'Noise_006' }
    }
    VectorParameterValues[3] =
    {
        VectorParameterValues[0] =
        {
            ParameterName = 000
            ParameterValue = { R=0.5, G=1, B=0, A=1 }
        }
        VectorParameterValues[1] =
        {
            ParameterName = PowerExp
            ParameterValue = { R=2, G=0.05, B=0.334458, A=1 }
        }
        VectorParameterValues[2] =
        {
            ParameterName = Color
            ParameterValue = { R=0.715466, G=0.560499, B=0.334458, A=1 }
        }
    }
    Parent = Material3'Weapon_Edge_Sword'
    FlattenedTexture = None
    MobileBaseTexture = None
    MobileNormalTexture = None
    bUseMobileSpecular = false
    MobileSpecularPower = 16
    MobileSpecularMask = MSM_Constant (0)
    MobileMaskTexture = None

Object info:
============
ClassName: MaterialInstanceConstant ObjectName: Weapon_Edge_Dagger_INST

    ScalarParameterValues[1] =
    {
        ScalarParameterValues[0] = { ParameterName=Lerp_change, ParameterValue=1 }
    }
    TextureParameterValues[3] =
    {
        TextureParameterValues[0] = { ParameterName=Tex_Panner, ParameterValue=Texture2D'Gradient_Line_R' }
        TextureParameterValues[1] = { ParameterName=Diffuse, ParameterValue=Texture2D'120226_Autoscale_col1_D' }
        TextureParameterValues[2] = { ParameterName=Noise, ParameterValue=Texture2D'Noise_006' }
    }
    VectorParameterValues[3] =
    {
        VectorParameterValues[0] =
        {
            ParameterName = 000
            ParameterValue = { R=0.5, G=1, B=0, A=1 }
        }
        VectorParameterValues[1] =
        {
            ParameterName = PowerExp
            ParameterValue = { R=2, G=0.05, B=0.334458, A=1 }
        }
        VectorParameterValues[2] =
        {
            ParameterName = Color
            ParameterValue = { R=0.715466, G=0.560499, B=0.334458, A=1 }
        }
    }
    Parent = Material3'Weapon_Edge_Sword'
    FlattenedTexture = None
    MobileBaseTexture = None
    MobileNormalTexture = None
    bUseMobileSpecular = false
    MobileSpecularPower = 16
    MobileSpecularMask = MSM_Constant (0)
    MobileMaskTexture = None

Object info:
============
ClassName: MaterialInstanceConstant ObjectName: Weapon_Edge_Gauntlet_INST

    ScalarParameterValues[1] =
    {
        ScalarParameterValues[0] = { ParameterName=Lerp_change, ParameterValue=1 }
    }
    TextureParameterValues[3] =
    {
        TextureParameterValues[0] = { ParameterName=Tex_Panner, ParameterValue=Texture2D'Gradient_Line_R' }
        TextureParameterValues[1] = { ParameterName=Diffuse, ParameterValue=Texture2D'020316_Autoscale_col1_FX' }
        TextureParameterValues[2] = { ParameterName=Noise, ParameterValue=Texture2D'Noise_006' }
    }
    VectorParameterValues[3] =
    {
        VectorParameterValues[0] =
        {
            ParameterName = 000
            ParameterValue = { R=0.5, G=1, B=0, A=1 }
        }
        VectorParameterValues[1] =
        {
            ParameterName = PowerExp
            ParameterValue = { R=2, G=1, B=0.334458, A=1 }
        }
        VectorParameterValues[2] =
        {
            ParameterName = Color
            ParameterValue = { R=0.715466, G=0.560499, B=0.334458, A=1 }
        }
    }
    Parent = Material3'Weapon_Edge_Sword'
    FlattenedTexture = None
    MobileBaseTexture = None
    MobileNormalTexture = None
    bUseMobileSpecular = false
    MobileSpecularPower = 16
    MobileSpecularMask = MSM_Constant (0)
    MobileMaskTexture = None

Object info:
============
ClassName: MaterialInstanceConstant ObjectName: Weapon_Edge_Staff_INST

    ScalarParameterValues[1] =
    {
        ScalarParameterValues[0] = { ParameterName=Lerp_change, ParameterValue=1 }
    }
    TextureParameterValues[3] =
    {
        TextureParameterValues[0] = { ParameterName=Tex_Panner, ParameterValue=Texture2D'Gradient_Line_R' }
        TextureParameterValues[1] = { ParameterName=Diffuse, ParameterValue=Texture2D'060231_Autoscale_col1_D' }
        TextureParameterValues[2] = { ParameterName=Noise, ParameterValue=Texture2D'Noise_006' }
    }
    VectorParameterValues[3] =
    {
        VectorParameterValues[0] =
        {
            ParameterName = 000
            ParameterValue = { R=0.5, G=1, B=0, A=1 }
        }
        VectorParameterValues[1] =
        {
            ParameterName = PowerExp
            ParameterValue = { R=2, G=1, B=0.334458, A=1 }
        }
        VectorParameterValues[2] =
        {
            ParameterName = Color
            ParameterValue = { R=0.715466, G=0.560499, B=0.334458, A=1 }
        }
    }
    Parent = Material3'Weapon_Edge_Sword'
    FlattenedTexture = None
    MobileBaseTexture = None
    MobileNormalTexture = None
    bUseMobileSpecular = false
    MobileSpecularPower = 16
    MobileSpecularMask = MSM_Constant (0)
    MobileMaskTexture = None

Object info:
============
ClassName: SkeletalMesh3 ObjectName: 010324_Autoscale

    LODInfo[1] =
    {
        LODInfo[0] =
        {
            DisplayFactor = 0
            LODHysteresis = 0.02
            LODMaterialMap[0] = {}
            bEnableShadowCasting[1] = { true }
        }
    }
    Sockets[2] =
    {
        Sockets[0] = SkeletalMeshSocket'010324_Autoscale.SkeletalMeshSocket_59'
        Sockets[1] = SkeletalMeshSocket'010324_Autoscale.SkeletalMeshSocket_63'
    }
    bHasVertexColors = false
    EnableTwistBoneFixers = true
    EnableClavicleFixer = true
    Materials[1] = { MaterialInstanceConstant'col1' }


    Lods[1] =
    {
        Lods[0] =
        {
            Sections[1] =
            {
                Sections[0] = { Material=MaterialInstanceConstant'col1', FirstIndex=0, NumFaces=893 }
            }
            NumVerts = 729
            IndexCount = 2679
            NumTexCoords = 1
        }
    }
    LodCount = 1
    MeshOrigin = { X=-0, Y=-0, Z=-0 }
    MeshScale = { X=1, Y=1, Z=1 }
    RotOrigin = { Yaw=0, Pitch=0, Roll=0 }
    BoneCount = 6

Object info:
============
ClassName: SkeletalMeshSocket ObjectName: SkeletalMeshSocket_59

    SocketName = FX_Add
    BoneName = WeaponPivot
    RelativeLocation = { X=0, Y=0, Z=-20 }
    RelativeRotation = { Yaw=0, Pitch=0, Roll=0 }
    RelativeScale = { X=1, Y=1, Z=1 }

Object info:
============
ClassName: SkeletalMeshSocket ObjectName: SkeletalMeshSocket_63

    SocketName = FX_Trail
    BoneName = WeaponPivot
    RelativeLocation = { X=0, Y=0, Z=0.750001 }
    RelativeRotation = { Yaw=0, Pitch=0, Roll=0 }
    RelativeScale = { X=1, Y=1, Z=1 }

Object info:
============
ClassName: StaticMesh3 ObjectName: 010324_Autoscale_FX_MESH002

    BodySetup = None
    UseSimpleLineCollision = false
    UseSimpleBoxCollision = false
    UseSimpleRigidBodyCollision = false
    UseFullPrecisionUVs = false
    Bounds =
    {
        Origin = { X=-2.12425, Y=0, Z=8.2893 }
        BoxExtent = { X=8.42755, Y=1.7254, Z=16.3115 }
        SphereRadius = 16.4544
    }
    CanCompressPositions = false
    CanStripNormalsAndTangents = false
    InternalVersion = 18


    Lods[1] =
    {
        Lods[0] =
        {
            Sections[1] =
            {
                Sections[0] = { Material=Material3'001_Mesh_Default_MatM', FirstIndex=0, NumFaces=242 }
            }
            NumVerts = 398
            IndexCount = 726
            NumTexCoords = 1
        }
    }
    LodCount = 1

Object info:
============
ClassName: StaticMesh3 ObjectName: 010324_Autoscale_FX_MESH003

    BodySetup = None
    UseSimpleLineCollision = false
    UseSimpleBoxCollision = false
    UseSimpleRigidBodyCollision = false
    UseFullPrecisionUVs = false
    Bounds =
    {
        Origin = { X=-1.41035, Y=0.000749946, Z=27.4667 }
        BoxExtent = { X=6.63845, Y=1.20005, Z=25.5737 }
        SphereRadius = 25.6703
    }
    CanCompressPositions = false
    CanStripNormalsAndTangents = false
    InternalVersion = 18


    Lods[1] =
    {
        Lods[0] =
        {
            Sections[1] =
            {
                Sections[0] = { Material=Material3'001_Mesh_Default_MatM', FirstIndex=0, NumFaces=442 }
            }
            NumVerts = 648
            IndexCount = 1326
            NumTexCoords = 1
        }
    }
    LodCount = 1
