Found 32768 game files (1222 skipped)
Loading package: 00049173.upk Ver: 573/1 Engine: 4205 Names: 362 Exports: 394 Imports: 141 Game: 801A
Loading MaterialInstanceConstant W_MeshDeco01 from package 00049173.upk
Loading package: 00049174.upk Ver: 573/1 Engine: 4205 Names: 32 Exports: 4 Imports: 2 Game: 801A
Loading package: 00049167.upk Ver: 573/1 Engine: 4205 Names: 349 Exports: 457 Imports: 138 Game: 801A
Loading MaterialInstanceConstant W_MeshDeco05_outline from package 00049173.upk
Loading MaterialInstanceConstant WaterSwordM from package 00049173.upk
Loading SkeletalMesh3 070057_Autoscale_L from package 00049173.upk
WARNING: ObjectProperty "USkeletalMesh3::MeshFactorSet" was not found
WARNING: ObjectProperty "USkeletalMesh3::PhysMaterialOverride" was not found
WARNING: ByteProperty "USkeletalMesh3::ItemPreviewLocType" was not found
Loading package: 00049175.upk Ver: 573/1 Engine: 4205 Names: 89 Exports: 1 Imports: 19 Game: 801A
Loading SkeletalMesh3 070057_Autoscale_R from package 00049173.upk
WARNING: ObjectProperty "USkeletalMesh3::MeshFactorSet" was not found
WARNING: ObjectProperty "USkeletalMesh3::PhysMaterialOverride" was not found
WARNING: ByteProperty "USkeletalMesh3::ItemPreviewLocType" was not found
Loading SkeletalMeshSocket SkeletalMeshSocket_366 from package 00049173.upk
WARNING: ObjectProperty "USkeletalMeshSocket::DependencyParticleSystem" was not found
WARNING: BoolProperty "USkeletalMeshSocket::bParticleApplyAutoScale" was not found
Loading SkeletalMeshSocket SkeletalMeshSocket_380 from package 00049173.upk
WARNING: ObjectProperty "USkeletalMeshSocket::DependencyParticleSystem" was not found
Loading SkeletalMeshSocket SkeletalMeshSocket_373 from package 00049173.upk
WARNING: ObjectProperty "USkeletalMeshSocket::DependencyParticleSystem" was not found
WARNING: BoolProperty "USkeletalMeshSocket::bParticleApplyAutoScale" was not found
Loading SkeletalMeshSocket SkeletalMeshSocket_387 from package 00049173.upk
WARNING: ObjectProperty "USkeletalMeshSocket::DependencyParticleSystem" was not found
Loading StaticMesh3 070057_MeshDeco01 from package 00049173.upk
Loading package: 00012892.upk Ver: 573/1 Engine: 4205 Names: 1018 Exports: 5834 Imports: 361 Game: 801A
Loading Texture2D 070057_Autoscale_col1_D from package 00049174.upk
Loading MaterialInstanceConstant W_MeshDeco01 from package 00049167.upk
Loading package: 00049168.upk Ver: 573/1 Engine: 4205 Names: 32 Exports: 4 Imports: 2 Game: 801A
Loading package: 00049164.upk Ver: 573/1 Engine: 4205 Names: 472 Exports: 706 Imports: 177 Game: 801A
Loading MaterialInstanceConstant W_MeshDeco05_outline from package 00049167.upk
Loading MaterialInstanceConstant WaterSwordM from package 00049167.upk
Loading MaterialInstanceConstant col1 from package 00049175.upk
Loading package: 00002640.upk Ver: 573/1 Engine: 4205 Names: 291 Exports: 507 Imports: 3 Game: 801A
Loading package: 00002620.upk Ver: 573/1 Engine: 4205 Names: 576 Exports: 7687 Imports: 96 Game: 801A
Loading Material3 001_Mesh_Default_MatM from package 00012892.upk
WARNING: BoolProperty "UMaterial3::bAcceptRenderDecal" was not found
Loading package: 00023713.upk Ver: 573/1 Engine: 4205 Names: 101 Exports: 81 Imports: 4 Game: 801A
Loading Texture2D 020328_Autoscale_col1_D from package 00049168.upk
Loading MaterialInstanceConstant W_MeshDeco01 from package 00049164.upk
Loading package: 00049165.upk Ver: 573/1 Engine: 4205 Names: 32 Exports: 4 Imports: 2 Game: 801A
Loading MaterialInstanceConstant W_MeshDeco05_outline from package 00049164.upk
Loading package: 00048300.upk Ver: 573/1 Engine: 4205 Names: 813 Exports: 8063 Imports: 209 Game: 801A
Loading Material3 WaterSwordM from package 00049164.upk
Loading package: 00012963.upk Ver: 573/1 Engine: 4205 Names: 1349 Exports: 1323 Imports: 10 Game: 801A
Loading Texture2D 070057_Autoscale_col1_N from package 00049174.upk
Loading Texture2D 070057_Autoscale_col1_M from package 00049174.upk
Loading Texture2D 070057_Autoscale_col1_S from package 00049174.upk
Loading TextureCube eye1 from package 00002640.upk
Loading Material3 Basic from package 00002620.upk
Loading Texture2D Cube000_Tex from package 00023713.upk
Loading Texture2D 010335_Autoscale_col1_D from package 00049165.upk
Loading Material3 FX_deco from package 00049164.upk
WARNING: BoolProperty "UMaterial3::bAcceptRenderDecal" was not found
Loading package: 00038770.upk Ver: 573/1 Engine: 4205 Names: 403 Exports: 594 Imports: 140 Game: 801A
Loading Material3 W_MeshDeco05_outline from package 00048300.upk
Loading Texture2D Normal_Noise_003 from package 00012963.upk
WARNING: BoolProperty "UTexture2D::bDisableLoadSwitch" was not found
Loading Texture2D Unique_Stone_001 from package 00012963.upk
Loading Texture2D Noise_005 from package 00012963.upk
Loading Texture2D Gradient_Beam_004 from package 00012963.upk
Loading Texture2D CubemapFace0 from package 00002640.upk
Loading Texture2D CubemapFace1 from package 00002640.upk
Loading Texture2D CubemapFace2 from package 00002640.upk
Loading Texture2D CubemapFace3 from package 00002640.upk
Loading Texture2D CubemapFace4 from package 00002640.upk
Loading Texture2D CubemapFace5 from package 00002640.upk
Loading Texture2D check_n from package 00002620.upk
Loading Texture2D check from package 00002620.upk
Loading Texture2D Smoke_Pattern_001 from package 00012963.upk
Loading Texture2D Gradient_Line_003 from package 00012963.upk
Loading Texture2D Gradient_Wipe_BurnOut_Mask_TEST from package 00012963.upk
Loading Texture2D Gradient_Wipe_BurnOut_Mask from package 00012963.upk
Loading Texture2D Noise_006 from package 00012963.upk
Loading Texture2D Noise_Plazma_002 from package 00012963.upk
Loading Texture2D Gradient_Line_R from package 00012963.upk
Loading Texture2D Ref_Cool from package 00012963.upk
Loading Texture2D Gradient_Flow_000 from package 00012963.upk
Loading Texture2D Noise_013 from package 00012963.upk
Loading Texture2D FX_Mask from package 00038770.upk
Loading Texture2D Noise_Wave_000 from package 00012963.upk
Loaded in 0.36 sec, 6987 allocs, 3.53 MBytes serialized in 671847 calls.

Object info:
============
ClassName: MaterialInstanceConstant ObjectName: W_MeshDeco01

    ScalarParameterValues[1] =
    {
        ScalarParameterValues[0] = { ParameterName=GBMASK, ParameterValue=1 }
    }
    TextureParameterValues[1] =
    {
        TextureParameterValues[0] = { ParameterName=Mask_B, ParameterValue=Texture2D'070057_Autoscale_col1_D' }
    }
    VectorParameterValues[1] =
    {
        VectorParameterValues[0] =
        {
            ParameterName = Color
            ParameterValue = { R=4, G=4.5, B=5, A=1 }
        }
    }
    Parent = MaterialInstanceConstant'W_MeshDeco01'
    FlattenedTexture = None
    MobileBaseTexture = None
    MobileNormalTexture = None
    bUseMobileSpecular = false
    MobileSpecularPower = 16
    MobileSpecularMask = MSM_Constant (0)
    MobileMaskTexture = None

Object info:
============
ClassName: MaterialInstanceConstant ObjectName: W_MeshDeco05_outline

    ScalarParameterValues[0] = {}
    TextureParameterValues[1] =
    {
        TextureParameterValues[0] = { ParameterName=Diffuse, ParameterValue=Texture2D'070057_Autoscale_col1_D' }
    }
    VectorParameterValues[1] =
    {
        VectorParameterValues[0] =
        {
            ParameterName = dissolve_line_color
            ParameterValue = { R=1, G=1, B=1, A=1 }
        }
    }
    Parent = MaterialInstanceConstant'W_MeshDeco05_outline'
    FlattenedTexture = None
    MobileBaseTexture = None
    MobileNormalTexture = None
    bUseMobileSpecular = false
    MobileSpecularPower = 16
    MobileSpecularMask = MSM_Constant (0)
    MobileMaskTexture = None

Object info:
============
ClassName: MaterialInstanceConstant ObjectName: WaterSwordM

    ScalarParameterValues[0] = {}
    TextureParameterValues[1] =
    {
        TextureParameterValues[0] = { ParameterName=FX_Mask, ParameterValue=Texture2D'070057_Autoscale_col1_D' }
    }
    VectorParameterValues[1] =
    {
        VectorParameterValues[0] =
        {
            ParameterName = UVtile
            ParameterValue = { R=4, G=2, B=0, A=1 }
        }
    }
    Parent = MaterialInstanceConstant'WaterSwordM'
    FlattenedTexture = None
    MobileBaseTexture = None
    MobileNormalTexture = None
    bUseMobileSpecular = false
    MobileSpecularPower = 16
    MobileSpecularMask = MSM_Constant (0)
    MobileMaskTexture = None

Object info:
============
ClassName: SkeletalMesh3 ObjectName: 070057_Autoscale_L

    LODInfo[1] =
    {
        LODInfo[0] =
        {
            DisplayFactor = 0
            LODHysteresis = 0.02
            LODMaterialMap[0] = {}
            bEnableShadowCasting[1] = { true }
        }
    }
    Sockets[2] =
    {
        Sockets[0] = SkeletalMeshSocket'070057_Autoscale_L.SkeletalMeshSocket_366'
        Sockets[1] = SkeletalMeshSocket'070057_Autoscale_L.SkeletalMeshSocket_380'
    }
    bHasVertexColors = false
    EnableTwistBoneFixers = true
    EnableClavicleFixer = true
    Materials[1] = { MaterialInstanceConstant'col1' }


    Lods[1] =
    {
        Lods[0] =
        {
            Sections[1] =
            {
                Sections[0] = { Material=MaterialInstanceConstant'col1', FirstIndex=0, NumFaces=2410 }
            }
            NumVerts = 1862
            IndexCount = 7230
            NumTexCoords = 1
        }
    }
    LodCount = 1
    MeshOrigin = { X=-0, Y=-0, Z=-0 }
    MeshScale = { X=1, Y=1, Z=1 }
    RotOrigin = { Yaw=0, Pitch=0, Roll=0 }
    BoneCount = 3

Object info:
============
ClassName: SkeletalMesh3 ObjectName: 070057_Autoscale_R

    LODInfo[1] =
    {
        LODInfo[0] =
        {
            DisplayFactor = 0
            LODHysteresis = 0.02
            LODMaterialMap[0] = {}
            bEnableShadowCasting[1] = { true }
        }
    }
    Sockets[2] =
    {
        Sockets[0] = SkeletalMeshSocket'070057_Autoscale_R.SkeletalMeshSocket_373'
        Sockets[1] = SkeletalMeshSocket'070057_Autoscale_R.SkeletalMeshSocket_387'
    }
    bHasVertexColors = false
    EnableTwistBoneFixers = true
    EnableClavicleFixer = true
    Materials[1] = { MaterialInstanceConstant'col1' }


    Lods[1] =
    {
        Lods[0] =
        {
            Sections[1] =
            {
                Sections[0] = { Material=MaterialInstanceConstant'col1', FirstIndex=0, NumFaces=2410 }
            }
            NumVerts = 1862
            IndexCount = 7230
            NumTexCoords = 1
        }
    }
    LodCount = 1
    MeshOrigin = { X=-0, Y=-0, Z=-0 }
    MeshScale = { X=1, Y=1, Z=1 }
    RotOrigin = { Yaw=0, Pitch=0, Roll=0 }
    BoneCount = 3

Object info:
============
ClassName: SkeletalMeshSocket ObjectName: SkeletalMeshSocket_366

    SocketName = FX_Add
    BoneName = WeaponRoot
    RelativeLocation = { X=0, Y=0, Z=0 }
    RelativeRotation = { Yaw=0, Pitch=0, Roll=0 }
    RelativeScale = { X=1, Y=1, Z=1 }

Object info:
============
ClassName: SkeletalMeshSocket ObjectName: SkeletalMeshSocket_380

    SocketName = FX_Add_Trail
    BoneName = WeaponRoot
    RelativeLocation = { X=0, Y=0, Z=5.75 }
    RelativeRotation = { Yaw=0, Pitch=-16384, Roll=0 }
    RelativeScale = { X=0.7, Y=0.7, Z=0.4 }

Object info:
============
ClassName: SkeletalMeshSocket ObjectName: SkeletalMeshSocket_373

    SocketName = FX_Add
    BoneName = WeaponRoot
    RelativeLocation = { X=0, Y=0, Z=0 }
    RelativeRotation = { Yaw=0, Pitch=0, Roll=0 }
    RelativeScale = { X=1, Y=1, Z=1 }

Object info:
============
ClassName: SkeletalMeshSocket ObjectName: SkeletalMeshSocket_387

    SocketName = FX_Add_Trail
    BoneName = WeaponRoot
    RelativeLocation = { X=0, Y=0, Z=5.75 }
    RelativeRotation = { Yaw=0, Pitch=-16384, Roll=0 }
    RelativeScale = { X=0.7, Y=0.7, Z=0.4 }

Object info:
============
ClassName: StaticMesh3 ObjectName: 070057_MeshDeco01

    BodySetup = None
    UseSimpleLineCollision = false
    UseSimpleBoxCollision = false
    UseSimpleRigidBodyCollision = false
    UseFullPrecisionUVs = false
    Bounds =
    {
        Origin = { X=5.4773, Y=0.0123999, Z=2.5076 }
        BoxExtent = { X=9.839, Y=2.5576, Z=7.9606 }
        SphereRadius = 11.214
    }
    CanCompressPositions = false
    CanStripNormalsAndTangents = false
    InternalVersion = 18


    Lods[1] =
    {
        Lods[0] =
        {
            Sections[1] =
            {
                Sections[0] = { Material=Material3'001_Mesh_Default_MatM', FirstIndex=0, NumFaces=2396 }
            }
            NumVerts = 3706
            IndexCount = 7188
            NumTexCoords = 1
        }
    }
    LodCount = 1
