Found 32768 game files (1766 skipped)
Loading package: 00044026.upk Ver: 573/1 Engine: 4205 Names: 219 Exports: 275 Imports: 14 Game: 801A
Loading SkeletalMesh3 BerserkWolfBoss from package 00044026.upk
WARNING: ObjectProperty "USkeletalMesh3::PlaySoundSet" was not found
WARNING: FloatProperty "USkeletalMesh3::AnimNameHeight" was not found
WARNING: FloatProperty "USkeletalMesh3::NormalNameHeight" was not found
WARNING: FloatProperty "USkeletalMesh3::LowNameHeight" was not found
WARNING: BoolProperty "USkeletalMesh3::bForceCharacterLight" was not found
WARNING: FloatProperty "USkeletalMesh3::ShowEffectDistanceScale" was not found
Loading package: 00044028.upk Ver: 573/1 Engine: 4205 Names: 91 Exports: 1 Imports: 19 Game: 801A
Loading SkeletalMeshSocket SkeletalMeshSocket_249 from package 00044026.upk
Loading SkeletalMeshSocket SkeletalMeshSocket_250 from package 00044026.upk
Loading SkeletalMeshSocket SkeletalMeshSocket_251 from package 00044026.upk
Loading SkeletalMeshSocket SkeletalMeshSocket_252 from package 00044026.upk
Loading SkeletalMeshSocket SkeletalMeshSocket_253 from package 00044026.upk
Loading SkeletalMeshSocket SkeletalMeshSocket_254 from package 00044026.upk
Loading SkeletalMeshSocket SkeletalMeshSocket_255 from package 00044026.upk
Loading SkeletalMeshSocket SkeletalMeshSocket_256 from package 00044026.upk
Loading SkeletalMeshSocket SkeletalMeshSocket_257 from package 00044026.upk
Loading SkeletalMeshSocket SkeletalMeshSocket_258 from package 00044026.upk
Loading MaterialInstanceConstant col1 from package 00044028.upk
Loading package: 00044027.upk Ver: 573/1 Engine: 4205 Names: 33 Exports: 5 Imports: 2 Game: 801A
Loading package: 00002640.upk Ver: 573/1 Engine: 4205 Names: 291 Exports: 507 Imports: 3 Game: 801A
Loading package: 00002620.upk Ver: 573/1 Engine: 4205 Names: 576 Exports: 7687 Imports: 96 Game: 801A
Loading Texture2D BerserkWolfBoss_col1_N from package 00044027.upk
Loading Texture2D BerserkWolfBoss_col1_M from package 00044027.upk
Loading Texture2D BerserkWolfBoss_col1_D from package 00044027.upk
Loading Texture2D BerserkWolfBoss_col1_S from package 00044027.upk
Loading TextureCube Cube_D from package 00002640.upk
Loading Texture2D BerserkWolfBoss_col1_E from package 00044027.upk
Loading Material3 Basic from package 00002620.upk
Loading package: 00012963.upk Ver: 573/1 Engine: 4205 Names: 1386 Exports: 1362 Imports: 10 Game: 801A
Loading Texture2D CubemapFace0 from package 00002640.upk
Loading Texture2D CubemapFace1 from package 00002640.upk
Loading Texture2D CubemapFace2 from package 00002640.upk
Loading Texture2D CubemapFace3 from package 00002640.upk
Loading Texture2D CubemapFace4 from package 00002640.upk
Loading Texture2D CubemapFace5 from package 00002640.upk
Loading Texture2D check_n from package 00002620.upk
Loading Texture2D check from package 00002620.upk
Loading Texture2D Smoke_Pattern_001 from package 00012963.upk
Loading Texture2D Gradient_Line_003 from package 00012963.upk
Loading Texture2D Gradient_Wipe_BurnOut_Mask_TEST from package 00012963.upk
Loading Texture2D Gradient_Wipe_BurnOut_Mask from package 00012963.upk
Loaded in 0.19 sec, 3152 allocs, 4.30 MBytes serialized in 612296 calls.

Object info:
============
ClassName: SkeletalMesh3 ObjectName: BerserkWolfBoss

    LODInfo[1] =
    {
        LODInfo[0] =
        {
            DisplayFactor = 0
            LODHysteresis = 0.02
            LODMaterialMap[0] = {}
            bEnableShadowCasting[2] = { true, true }
        }
    }
    Sockets[10] =
    {
        Sockets[0] = SkeletalMeshSocket'BerserkWolfBoss.SkeletalMeshSocket_249'
        Sockets[1] = SkeletalMeshSocket'BerserkWolfBoss.SkeletalMeshSocket_250'
        Sockets[2] = SkeletalMeshSocket'BerserkWolfBoss.SkeletalMeshSocket_251'
        Sockets[3] = SkeletalMeshSocket'BerserkWolfBoss.SkeletalMeshSocket_252'
        Sockets[4] = SkeletalMeshSocket'BerserkWolfBoss.SkeletalMeshSocket_253'
        Sockets[5] = SkeletalMeshSocket'BerserkWolfBoss.SkeletalMeshSocket_254'
        Sockets[6] = SkeletalMeshSocket'BerserkWolfBoss.SkeletalMeshSocket_255'
        Sockets[7] = SkeletalMeshSocket'BerserkWolfBoss.SkeletalMeshSocket_256'
        Sockets[8] = SkeletalMeshSocket'BerserkWolfBoss.SkeletalMeshSocket_257'
        Sockets[9] = SkeletalMeshSocket'BerserkWolfBoss.SkeletalMeshSocket_258'
    }
    bHasVertexColors = false
    EnableTwistBoneFixers = true
    EnableClavicleFixer = true
    Materials[1] = { MaterialInstanceConstant'col1' }


    Lods[1] =
    {
        Lods[0] =
        {
            Sections[2] =
            {
                Sections[0] = { Material=MaterialInstanceConstant'col1', FirstIndex=0, NumFaces=15153 }
                Sections[1] = { Material=MaterialInstanceConstant'col1', FirstIndex=45459, NumFaces=1011 }
            }
            NumVerts = 11802
            IndexCount = 48492
            NumTexCoords = 1
        }
    }
    LodCount = 1
    MeshOrigin = { X=-0, Y=-0, Z=-0 }
    MeshScale = { X=1, Y=1, Z=1 }
    RotOrigin = { Yaw=0, Pitch=0, Roll=0 }
    BoneCount = 118

Object info:
============
ClassName: SkeletalMeshSocket ObjectName: SkeletalMeshSocket_249

    SocketName = target_high
    BoneName = Bip01Head
    RelativeLocation = { X=45.6921, Y=-15.9584, Z=0 }
    RelativeRotation = { Yaw=0, Pitch=0, Roll=0 }
    RelativeScale = { X=1, Y=1, Z=1 }

Object info:
============
ClassName: SkeletalMeshSocket ObjectName: SkeletalMeshSocket_250

    SocketName = Catch_Back
    BoneName = Bip01Spine2
    RelativeLocation = { X=0, Y=42.5988, Z=0 }
    RelativeRotation = { Yaw=0, Pitch=0, Roll=0 }
    RelativeScale = { X=1, Y=1, Z=1 }

Object info:
============
ClassName: SkeletalMeshSocket ObjectName: SkeletalMeshSocket_251

    SocketName = WeaponR
    BoneName = WeaponR
    RelativeLocation = { X=0, Y=0, Z=0 }
    RelativeRotation = { Yaw=0, Pitch=0, Roll=0 }
    RelativeScale = { X=1, Y=1, Z=1 }

Object info:
============
ClassName: SkeletalMeshSocket ObjectName: SkeletalMeshSocket_252

    SocketName = Mount_Socket
    BoneName = Bip01Spine2
    RelativeLocation = { X=-0.935314, Y=-47.6977, Z=0 }
    RelativeRotation = { Yaw=0, Pitch=0, Roll=-16384 }
    RelativeScale = { X=1, Y=1, Z=1 }

Object info:
============
ClassName: SkeletalMeshSocket ObjectName: SkeletalMeshSocket_253

    SocketName = Catch_Neck
    BoneName = Bip01Spine2
    RelativeLocation = { X=0, Y=0, Z=0 }
    RelativeRotation = { Yaw=0, Pitch=0, Roll=0 }
    RelativeScale = { X=1, Y=1, Z=1 }

Object info:
============
ClassName: SkeletalMeshSocket ObjectName: SkeletalMeshSocket_254

    SocketName = Mount_Ambar_Socket
    BoneName = Bip01LClavicle
    RelativeLocation = { X=126.847, Y=40.183, Z=-55.3412 }
    RelativeRotation = { Yaw=-285, Pitch=9970, Roll=22850 }
    RelativeScale = { X=1, Y=1, Z=1 }

Object info:
============
ClassName: SkeletalMeshSocket ObjectName: SkeletalMeshSocket_255

    SocketName = Mount_Choke_Socket
    BoneName = Root
    RelativeLocation = { X=0, Y=0, Z=47.5 }
    RelativeRotation = { Yaw=32768, Pitch=0, Roll=0 }
    RelativeScale = { X=1, Y=1, Z=1 }

Object info:
============
ClassName: SkeletalMeshSocket ObjectName: SkeletalMeshSocket_256

    SocketName = Decap_Socket
    BoneName = Bip01Neck
    RelativeLocation = { X=17.886, Y=29.119, Z=0 }
    RelativeRotation = { Yaw=0, Pitch=0, Roll=0 }
    RelativeScale = { X=1, Y=1, Z=1 }

Object info:
============
ClassName: SkeletalMeshSocket ObjectName: SkeletalMeshSocket_257

    SocketName = ATTACH_EFFECT
    BoneName = Bip01
    RelativeLocation = { X=10, Y=0, Z=0 }
    RelativeRotation = { Yaw=0, Pitch=0, Roll=0 }
    RelativeScale = { X=1, Y=1, Z=1 }

Object info:
============
ClassName: SkeletalMeshSocket ObjectName: SkeletalMeshSocket_258

    SocketName = socket_force
    BoneName = Root
    RelativeLocation = { X=60, Y=60, Z=5 }
    RelativeRotation = { Yaw=0, Pitch=0, Roll=0 }
    RelativeScale = { X=1, Y=1, Z=1 }
