Found 32768 game files (1222 skipped)
Loading package: 00040473.upk Ver: 573/1 Engine: 4205 Names: 71 Exports: 8 Imports: 14 Game: 801A
Loading SkeletalMesh3 990276_Autoscale from package 00040473.upk
WARNING: ObjectProperty "USkeletalMesh3::PhysMaterialOverride" was not found
Loading package: 00040472.upk Ver: 573/1 Engine: 4205 Names: 104 Exports: 1 Imports: 23 Game: 801A
Loading SkeletalMeshSocket SkeletalMeshSocket_133 from package 00040473.upk
WARNING: ObjectProperty "USkeletalMeshSocket::DependencyParticleSystem" was not found
Loading SkeletalMeshSocket SkeletalMeshSocket_176 from package 00040473.upk
Loading SkeletalMeshSocket SkeletalMeshSocket_177 from package 00040473.upk
Loading MaterialInstanceConstant col1 from package 00040472.upk
Loading package: 00040471.upk Ver: 573/1 Engine: 4205 Names: 33 Exports: 5 Imports: 2 Game: 801A
Loading package: 00002640.upk Ver: 573/1 Engine: 4205 Names: 291 Exports: 507 Imports: 3 Game: 801A
Loading package: 00040417.upk Ver: 573/1 Engine: 4205 Names: 117 Exports: 4 Imports: 25 Game: 801A
Loading package: 00020528.upk Ver: 573/1 Engine: 4205 Names: 173 Exports: 152 Imports: 46 Game: 801A
Loading Texture2D 990270_Autoscale_col1_N from package 00040471.upk
Loading Texture2D 990270_Autoscale_col1_M from package 00040471.upk
Loading Texture2D 990270_Autoscale_col1_D from package 00040471.upk
Loading Texture2D 990270_Autoscale_col1_S from package 00040471.upk
Loading TextureCube lenscube_a from package 00002640.upk
Loading Texture2D 990270_Autoscale_col1_E from package 00040471.upk
Loading Texture2D FX_Add from package 00040417.upk
Loading Material3 Basic_flazard_sword_ice from package 00020528.upk
Loading package: 00002620.upk Ver: 573/1 Engine: 4205 Names: 576 Exports: 7687 Imports: 96 Game: 801A
Loading package: 00012963.upk Ver: 573/1 Engine: 4205 Names: 1349 Exports: 1323 Imports: 10 Game: 801A
Loading Texture2D CubemapFace0 from package 00002640.upk
Loading Texture2D CubemapFace1 from package 00002640.upk
Loading Texture2D CubemapFace2 from package 00002640.upk
Loading Texture2D CubemapFace3 from package 00002640.upk
Loading Texture2D CubemapFace4 from package 00002640.upk
Loading Texture2D CubemapFace5 from package 00002640.upk
Loading Texture2D check_n from package 00002620.upk
Loading Texture2D check from package 00002620.upk
Loading Texture2D Smoke_Pattern_001 from package 00012963.upk
Loading Texture2D Gradient_Line_003 from package 00012963.upk
Loading Texture2D Gradient_Wipe_BurnOut_Mask_TEST from package 00012963.upk
Loading Texture2D Gradient_Wipe_BurnOut_Mask from package 00012963.upk
Loaded in 0.17 sec, 3313 allocs, 1.39 MBytes serialized in 224944 calls.

Object info:
============
ClassName: SkeletalMesh3 ObjectName: 990276_Autoscale

    LODInfo[1] =
    {
        LODInfo[0] =
        {
            DisplayFactor = 0
            LODHysteresis = 0.02
            LODMaterialMap[0] = {}
            bEnableShadowCasting[1] = { true }
        }
    }
    Sockets[3] =
    {
        Sockets[0] = SkeletalMeshSocket'990276_Autoscale.SkeletalMeshSocket_176'
        Sockets[1] = SkeletalMeshSocket'990276_Autoscale.SkeletalMeshSocket_177'
        Sockets[2] = SkeletalMeshSocket'990276_Autoscale.SkeletalMeshSocket_133'
    }
    bHasVertexColors = false
    EnableTwistBoneFixers = true
    EnableClavicleFixer = true
    Materials[1] = { MaterialInstanceConstant'col1' }


    Lods[1] =
    {
        Lods[0] =
        {
            Sections[1] =
            {
                Sections[0] = { Material=MaterialInstanceConstant'col1', FirstIndex=0, NumFaces=1516 }
            }
            NumVerts = 1112
            IndexCount = 4548
            NumTexCoords = 1
        }
    }
    LodCount = 1
    MeshOrigin = { X=-0, Y=-0, Z=-0 }
    MeshScale = { X=1, Y=1, Z=1 }
    RotOrigin = { Yaw=0, Pitch=0, Roll=0 }
    BoneCount = 1

Object info:
============
ClassName: SkeletalMeshSocket ObjectName: SkeletalMeshSocket_133

    SocketName = FX_Add
    BoneName = WeaponRoot
    RelativeLocation = { X=3, Y=0, Z=-10 }
    RelativeRotation = { Yaw=0, Pitch=-546, Roll=32768 }
    RelativeScale = { X=1, Y=1, Z=1 }

Object info:
============
ClassName: SkeletalMeshSocket ObjectName: SkeletalMeshSocket_176

    SocketName = trail_start
    BoneName = WeaponRoot
    RelativeLocation = { X=0, Y=0, Z=0 }
    RelativeRotation = { Yaw=0, Pitch=0, Roll=0 }
    RelativeScale = { X=1, Y=1, Z=1 }

Object info:
============
ClassName: SkeletalMeshSocket ObjectName: SkeletalMeshSocket_177

    SocketName = trail_end
    BoneName = WeaponRoot
    RelativeLocation = { X=-8.27315, Y=0, Z=-127 }
    RelativeRotation = { Yaw=0, Pitch=0, Roll=0 }
    RelativeScale = { X=1, Y=1, Z=1 }
