Found 32768 game files (1222 skipped)
Loading package: 00043036.upk Ver: 573/1 Engine: 4205 Names: 70 Exports: 8 Imports: 12 Game: 801A
Loading SkeletalMesh3 040273_LynM from package 00043036.upk
Loading package: 00043038.upk Ver: 573/1 Engine: 4205 Names: 100 Exports: 2 Imports: 26 Game: 801A
Loading SkeletalMeshSocket SkeletalMeshSocket_156 from package 00043036.upk
WARNING: ObjectProperty "USkeletalMeshSocket::DependencyParticleSystem" was not found
Loading SkeletalMeshSocket SkeletalMeshSocket_157 from package 00043036.upk
WARNING: ObjectProperty "USkeletalMeshSocket::DependencyParticleSystem" was not found
Loading SkeletalMeshSocket SkeletalMeshSocket_158 from package 00043036.upk
WARNING: ObjectProperty "USkeletalMeshSocket::DependencyParticleSystem" was not found
Loading MaterialInstanceConstant col1 from package 00043038.upk
Loading package: 00003373.upk Ver: 573/1 Engine: 4205 Names: 29 Exports: 2 Imports: 2 Game: 801A
Loading package: 00002620.upk Ver: 573/1 Engine: 4205 Names: 576 Exports: 7687 Imports: 96 Game: 801A
Loading MaterialInstanceConstant col1_1 from package 00043038.upk
Loading package: 00043017.upk Ver: 573/1 Engine: 4205 Names: 31 Exports: 4 Imports: 2 Game: 801A
Loading package: 00002640.upk Ver: 573/1 Engine: 4205 Names: 291 Exports: 507 Imports: 3 Game: 801A
Loading Texture2D JinM_002_col1_d from package 00003373.upk
Loading Texture2D JinM_002_col1_n from package 00003373.upk
WARNING: BoolProperty "UTexture2D::bDisableLoadSwitch" was not found
Loading Material3 Beard_Ac from package 00002620.upk
Loading package: 00012963.upk Ver: 573/1 Engine: 4205 Names: 1349 Exports: 1323 Imports: 10 Game: 801A
Loading package: 00008613.upk Ver: 573/1 Engine: 4205 Names: 95 Exports: 6 Imports: 12 Game: 801A
Loading Texture2D 040273_JinM_col1_N from package 00043017.upk
Loading Texture2D 040273_JinM_col1_M from package 00043017.upk
Loading Texture2D 040273_JinM_col1_D from package 00043017.upk
Loading Texture2D 040273_JinM_col1_S from package 00043017.upk
Loading TextureCube lenscube from package 00002640.upk
Loading Texture2D check from package 00002620.upk
Loading Material3 Basic_local_reflect from package 00002620.upk
Loading Texture2D check_n from package 00002620.upk
Loading Texture2D Noise_Glass_000 from package 00012963.upk
Loading Texture2D Smoke_Pattern_001 from package 00012963.upk
Loading Texture2D Gradient_Wipe_BurnOut_Mask_TEST from package 00012963.upk
Loading Texture2D Gradient_Wipe_BurnOut_Mask from package 00012963.upk
Loading Texture2D Gradient_Line_003 from package 00012963.upk
Loading Texture2D Nothing_A from package 00008613.upk
Loading Texture2D CubemapFace0 from package 00002640.upk
Loading Texture2D CubemapFace1 from package 00002640.upk
Loading Texture2D CubemapFace2 from package 00002640.upk
Loading Texture2D CubemapFace3 from package 00002640.upk
Loading Texture2D CubemapFace4 from package 00002640.upk
Loading Texture2D CubemapFace5 from package 00002640.upk
Loaded in 0.18 sec, 3182 allocs, 1.89 MBytes serialized in 256530 calls.

Object info:
============
ClassName: SkeletalMesh3 ObjectName: 040273_LynM

    LODInfo[1] =
    {
        LODInfo[0] =
        {
            DisplayFactor = 0
            LODHysteresis = 0.02
            LODMaterialMap[0] = {}
            bEnableShadowCasting[2] = { true, true }
        }
    }
    Sockets[3] =
    {
        Sockets[0] = SkeletalMeshSocket'040273_LynM.SkeletalMeshSocket_156'
        Sockets[1] = SkeletalMeshSocket'040273_LynM.SkeletalMeshSocket_157'
        Sockets[2] = SkeletalMeshSocket'040273_LynM.SkeletalMeshSocket_158'
    }
    bHasVertexColors = false
    EnableTwistBoneFixers = true
    EnableClavicleFixer = true
    Materials[2] = { MaterialInstanceConstant'col1', MaterialInstanceConstant'col1_1' }


    Lods[1] =
    {
        Lods[0] =
        {
            Sections[2] =
            {
                Sections[0] = { Material=MaterialInstanceConstant'col1', FirstIndex=0, NumFaces=900 }
                Sections[1] = { Material=MaterialInstanceConstant'col1_1', FirstIndex=2700, NumFaces=1986 }
            }
            NumVerts = 2153
            IndexCount = 8658
            NumTexCoords = 1
        }
    }
    LodCount = 1
    MeshOrigin = { X=-0, Y=-0, Z=-0 }
    MeshScale = { X=1, Y=1, Z=1 }
    RotOrigin = { Yaw=0, Pitch=0, Roll=0 }
    BoneCount = 9

Object info:
============
ClassName: SkeletalMeshSocket ObjectName: SkeletalMeshSocket_156

    SocketName = CandleLight
    BoneName = Bip01Head
    RelativeLocation = { X=15.25, Y=5.78, Z=0 }
    RelativeRotation = { Yaw=0, Pitch=0, Roll=0 }
    RelativeScale = { X=1, Y=1, Z=1 }

Object info:
============
ClassName: SkeletalMeshSocket ObjectName: SkeletalMeshSocket_157

    SocketName = CandleLight2
    BoneName = Bip01Head
    RelativeLocation = { X=15.8, Y=3.3, Z=1.35 }
    RelativeRotation = { Yaw=0, Pitch=0, Roll=0 }
    RelativeScale = { X=1, Y=1, Z=1 }

Object info:
============
ClassName: SkeletalMeshSocket ObjectName: SkeletalMeshSocket_158

    SocketName = CandleLight3
    BoneName = Bip01Head
    RelativeLocation = { X=15.8, Y=3.3, Z=-1.4 }
    RelativeRotation = { Yaw=0, Pitch=0, Roll=0 }
    RelativeScale = { X=1, Y=1, Z=1 }
