Found 32768 game files (1222 skipped)
Loading package: 00042841.upk Ver: 573/1 Engine: 4205 Names: 100 Exports: 30 Imports: 15 Game: 801A
Loading SkeletalMesh3 040267_GonF from package 00042841.upk
Loading package: 00042843.upk Ver: 573/1 Engine: 4205 Names: 107 Exports: 2 Imports: 23 Game: 801A
Loading MaterialInstanceConstant col1 from package 00042843.upk
Loading package: 00042838.upk Ver: 573/1 Engine: 4205 Names: 34 Exports: 6 Imports: 2 Game: 801A
Loading package: 00002620.upk Ver: 573/1 Engine: 4205 Names: 576 Exports: 7687 Imports: 96 Game: 801A
Loading MaterialInstanceConstant col1_1 from package 00042843.upk
Loading package: 00002640.upk Ver: 573/1 Engine: 4205 Names: 291 Exports: 507 Imports: 3 Game: 801A
Loading Texture2D 040267_JinF_hair_col1_D from package 00042838.upk
Loading Texture2D 040267_JinF_hair_col1_N from package 00042838.upk
Loading Material3 Beard_Ac from package 00002620.upk
Loading package: 00012963.upk Ver: 573/1 Engine: 4205 Names: 1349 Exports: 1323 Imports: 10 Game: 801A
Loading package: 00008613.upk Ver: 573/1 Engine: 4205 Names: 95 Exports: 6 Imports: 12 Game: 801A
Loading Texture2D Acc_040267_col1_N from package 00042838.upk
Loading Texture2D Acc_040267_col1_M from package 00042838.upk
Loading Texture2D Acc_040267_col1_D from package 00042838.upk
Loading Texture2D Acc_040267_col1_S from package 00042838.upk
Loading TextureCube cube_orb from package 00002640.upk
Loading Texture2D check from package 00002620.upk
Loading Material3 Body from package 00002620.upk
Loading Texture2D check_n from package 00002620.upk
Loading Texture2D Noise_Glass_000 from package 00012963.upk
Loading Texture2D Smoke_Pattern_001 from package 00012963.upk
Loading Texture2D Gradient_Wipe_BurnOut_Mask_TEST from package 00012963.upk
Loading Texture2D Gradient_Wipe_BurnOut_Mask from package 00012963.upk
Loading Texture2D Gradient_Line_003 from package 00012963.upk
Loading Texture2D Nothing_A from package 00008613.upk
Loading Texture2D CubemapFace0 from package 00002640.upk
Loading Texture2D CubemapFace1 from package 00002640.upk
Loading Texture2D CubemapFace2 from package 00002640.upk
Loading Texture2D CubemapFace3 from package 00002640.upk
Loading Texture2D CubemapFace4 from package 00002640.upk
Loading Texture2D CubemapFace5 from package 00002640.upk
Loaded in 0.19 sec, 3184 allocs, 1.64 MBytes serialized in 218800 calls.

Object info:
============
ClassName: SkeletalMesh3 ObjectName: 040267_GonF

    LODInfo[1] =
    {
        LODInfo[0] =
        {
            DisplayFactor = 0
            LODHysteresis = 0.02
            LODMaterialMap[0] = {}
            bEnableShadowCasting[2] = { true, true }
        }
    }
    Sockets[0] = {}
    bHasVertexColors = false
    EnableTwistBoneFixers = true
    EnableClavicleFixer = true
    Materials[2] = { MaterialInstanceConstant'col1', MaterialInstanceConstant'col1_1' }


    Lods[1] =
    {
        Lods[0] =
        {
            Sections[2] =
            {
                Sections[0] = { Material=MaterialInstanceConstant'col1', FirstIndex=0, NumFaces=1034 }
                Sections[1] = { Material=MaterialInstanceConstant'col1_1', FirstIndex=3102, NumFaces=192 }
            }
            NumVerts = 936
            IndexCount = 3678
            NumTexCoords = 1
        }
    }
    LodCount = 1
    MeshOrigin = { X=-0, Y=-0, Z=-0 }
    MeshScale = { X=1, Y=1, Z=1 }
    RotOrigin = { Yaw=0, Pitch=0, Roll=0 }
    BoneCount = 12
