Found 32768 game files (1222 skipped)
Loading package: 00047390.upk Ver: 573/1 Engine: 4205 Names: 157 Exports: 129 Imports: 16 Game: 801A
Loading SkeletalMesh3 DemonFishmanHeavy from package 00047390.upk
WARNING: ObjectProperty "USkeletalMesh3::PlaySoundSet" was not found
WARNING: FloatProperty "USkeletalMesh3::AddFootOffsetValue" was not found
WARNING: FloatProperty "USkeletalMesh3::AnimNameHeight" was not found
WARNING: FloatProperty "USkeletalMesh3::NormalNameHeight" was not found
WARNING: FloatProperty "USkeletalMesh3::LowNameHeight" was not found
Loading package: 00047389.upk Ver: 573/1 Engine: 4205 Names: 90 Exports: 1 Imports: 20 Game: 801A
Loading SkeletalMeshSocket SkeletalMeshSocket_145 from package 00047390.upk
WARNING: ObjectProperty "USkeletalMeshSocket::PreviewSkelMesh" was not found
Loading SkeletalMeshSocket SkeletalMeshSocket_146 from package 00047390.upk
Loading SkeletalMeshSocket SkeletalMeshSocket_147 from package 00047390.upk
Loading SkeletalMeshSocket SkeletalMeshSocket_148 from package 00047390.upk
Loading SkeletalMeshSocket SkeletalMeshSocket_149 from package 00047390.upk
Loading SkeletalMeshSocket SkeletalMeshSocket_150 from package 00047390.upk
Loading SkeletalMeshSocket SkeletalMeshSocket_151 from package 00047390.upk
Loading SkeletalMeshSocket SkeletalMeshSocket_152 from package 00047390.upk
Loading SkeletalMeshSocket SkeletalMeshSocket_153 from package 00047390.upk
Loading SkeletalMeshSocket SkeletalMeshSocket_154 from package 00047390.upk
Loading SkeletalMeshSocket SkeletalMeshSocket_155 from package 00047390.upk
Loading SkeletalMeshSocket SkeletalMeshSocket_156 from package 00047390.upk
WARNING: BoolProperty "USkeletalMeshSocket::bParticleAttachPosOnly" was not found
Loading MaterialInstanceConstant col1 from package 00047389.upk
Loading package: 00047388.upk Ver: 573/1 Engine: 4205 Names: 38 Exports: 9 Imports: 4 Game: 801A
Loading package: 00002640.upk Ver: 573/1 Engine: 4205 Names: 291 Exports: 507 Imports: 3 Game: 801A
Loading package: 00002620.upk Ver: 573/1 Engine: 4205 Names: 576 Exports: 7687 Imports: 96 Game: 801A
Loading Texture2D DemonFishmanHeavy_col1_N from package 00047388.upk
Loading Texture2D DemonFishmanHeavy_col1_M from package 00047388.upk
Loading Texture2D DemonFishmanHeavy_col1_D from package 00047388.upk
Loading Texture2D DemonFishmanHeavy_col1_S from package 00047388.upk
Loading TextureCube MatelR2 from package 00002640.upk
Loading Texture2D DemonFishmanHeavy_col1_E from package 00047388.upk
Loading Material3 Basic from package 00002620.upk
Loading package: 00012963.upk Ver: 573/1 Engine: 4205 Names: 1349 Exports: 1323 Imports: 10 Game: 801A
Loading Texture2D CubemapFace0 from package 00002640.upk
Loading Texture2D CubemapFace1 from package 00002640.upk
Loading Texture2D CubemapFace2 from package 00002640.upk
Loading Texture2D CubemapFace3 from package 00002640.upk
Loading Texture2D CubemapFace4 from package 00002640.upk
Loading Texture2D CubemapFace5 from package 00002640.upk
Loading Texture2D check_n from package 00002620.upk
Loading Texture2D check from package 00002620.upk
Loading Texture2D Smoke_Pattern_001 from package 00012963.upk
Loading Texture2D Gradient_Line_003 from package 00012963.upk
Loading Texture2D Gradient_Wipe_BurnOut_Mask_TEST from package 00012963.upk
Loading Texture2D Gradient_Wipe_BurnOut_Mask from package 00012963.upk
Loaded in 0.19 sec, 3060 allocs, 4.09 MBytes serialized in 518356 calls.

Object info:
============
ClassName: SkeletalMesh3 ObjectName: DemonFishmanHeavy

    LODInfo[1] =
    {
        LODInfo[0] =
        {
            DisplayFactor = 0
            LODHysteresis = 0.02
            LODMaterialMap[0] = {}
            bEnableShadowCasting[1] = { true }
        }
    }
    Sockets[12] =
    {
        Sockets[0] = SkeletalMeshSocket'DemonFishmanHeavy.SkeletalMeshSocket_145'
        Sockets[1] = SkeletalMeshSocket'DemonFishmanHeavy.SkeletalMeshSocket_146'
        Sockets[2] = SkeletalMeshSocket'DemonFishmanHeavy.SkeletalMeshSocket_147'
        Sockets[3] = SkeletalMeshSocket'DemonFishmanHeavy.SkeletalMeshSocket_148'
        Sockets[4] = SkeletalMeshSocket'DemonFishmanHeavy.SkeletalMeshSocket_149'
        Sockets[5] = SkeletalMeshSocket'DemonFishmanHeavy.SkeletalMeshSocket_150'
        Sockets[6] = SkeletalMeshSocket'DemonFishmanHeavy.SkeletalMeshSocket_151'
        Sockets[7] = SkeletalMeshSocket'DemonFishmanHeavy.SkeletalMeshSocket_152'
        Sockets[8] = SkeletalMeshSocket'DemonFishmanHeavy.SkeletalMeshSocket_153'
        Sockets[9] = SkeletalMeshSocket'DemonFishmanHeavy.SkeletalMeshSocket_154'
        Sockets[10] = SkeletalMeshSocket'DemonFishmanHeavy.SkeletalMeshSocket_155'
        Sockets[11] = SkeletalMeshSocket'DemonFishmanHeavy.SkeletalMeshSocket_156'
    }
    bHasVertexColors = false
    EnableTwistBoneFixers = true
    EnableClavicleFixer = true
    Materials[1] = { MaterialInstanceConstant'col1' }


    Lods[1] =
    {
        Lods[0] =
        {
            Sections[1] =
            {
                Sections[0] = { Material=MaterialInstanceConstant'col1', FirstIndex=0, NumFaces=12794 }
            }
            NumVerts = 9535
            IndexCount = 38382
            NumTexCoords = 1
        }
    }
    LodCount = 1
    MeshOrigin = { X=-0, Y=-0, Z=-0 }
    MeshScale = { X=1, Y=1, Z=1 }
    RotOrigin = { Yaw=0, Pitch=0, Roll=0 }
    BoneCount = 50

Object info:
============
ClassName: SkeletalMeshSocket ObjectName: SkeletalMeshSocket_145

    SocketName = WeaponR
    BoneName = WeaponR
    RelativeLocation = { X=0, Y=0, Z=0 }
    RelativeRotation = { Yaw=0, Pitch=0, Roll=0 }
    RelativeScale = { X=1, Y=1, Z=1 }

Object info:
============
ClassName: SkeletalMeshSocket ObjectName: SkeletalMeshSocket_146

    SocketName = tset_trail_
    BoneName = Bip01
    RelativeLocation = { X=0, Y=0, Z=0 }
    RelativeRotation = { Yaw=0, Pitch=0, Roll=0 }
    RelativeScale = { X=1, Y=1, Z=1 }

Object info:
============
ClassName: SkeletalMeshSocket ObjectName: SkeletalMeshSocket_147

    SocketName = Test_Trail_2
    BoneName = Bip01
    RelativeLocation = { X=0, Y=0, Z=0 }
    RelativeRotation = { Yaw=0, Pitch=0, Roll=0 }
    RelativeScale = { X=1, Y=1, Z=1 }

Object info:
============
ClassName: SkeletalMeshSocket ObjectName: SkeletalMeshSocket_148

    SocketName = target_high
    BoneName = Bip01Head
    RelativeLocation = { X=10, Y=-7, Z=0 }
    RelativeRotation = { Yaw=0, Pitch=0, Roll=0 }
    RelativeScale = { X=1, Y=1, Z=1 }

Object info:
============
ClassName: SkeletalMeshSocket ObjectName: SkeletalMeshSocket_149

    SocketName = socket_force
    BoneName = Root
    RelativeLocation = { X=55, Y=35, Z=12 }
    RelativeRotation = { Yaw=0, Pitch=0, Roll=0 }
    RelativeScale = { X=1, Y=1, Z=1 }

Object info:
============
ClassName: SkeletalMeshSocket ObjectName: SkeletalMeshSocket_150

    SocketName = Mount_Socket
    BoneName = Bip01Spine1
    RelativeLocation = { X=5.02712, Y=-15.6462, Z=0 }
    RelativeRotation = { Yaw=0, Pitch=0, Roll=-16384 }
    RelativeScale = { X=1, Y=1, Z=1 }

Object info:
============
ClassName: SkeletalMeshSocket ObjectName: SkeletalMeshSocket_151

    SocketName = Catch_Neck
    BoneName = Bip01Neck1
    RelativeLocation = { X=-3.90525, Y=-14.116, Z=0 }
    RelativeRotation = { Yaw=0, Pitch=0, Roll=0 }
    RelativeScale = { X=1, Y=1, Z=1 }

Object info:
============
ClassName: SkeletalMeshSocket ObjectName: SkeletalMeshSocket_152

    SocketName = Catch_Back
    BoneName = Bip01Spine2
    RelativeLocation = { X=4.13469, Y=20.7626, Z=6.9858 }
    RelativeRotation = { Yaw=0, Pitch=0, Roll=0 }
    RelativeScale = { X=1, Y=1, Z=1 }

Object info:
============
ClassName: SkeletalMeshSocket ObjectName: SkeletalMeshSocket_153

    SocketName = Mount_Ambar_Socket
    BoneName = Bip01LClavicle
    RelativeLocation = { X=1.42858, Y=-7.54266, Z=-20.3005 }
    RelativeRotation = { Yaw=-285, Pitch=9970, Roll=22850 }
    RelativeScale = { X=1, Y=1, Z=1 }

Object info:
============
ClassName: SkeletalMeshSocket ObjectName: SkeletalMeshSocket_154

    SocketName = Mount_Choke_Socket
    BoneName = Root
    RelativeLocation = { X=21.728, Y=-3.47262e-015, Z=0 }
    RelativeRotation = { Yaw=32768, Pitch=0, Roll=0 }
    RelativeScale = { X=1, Y=1, Z=1 }

Object info:
============
ClassName: SkeletalMeshSocket ObjectName: SkeletalMeshSocket_155

    SocketName = Decap_Socket
    BoneName = Bip01Neck1
    RelativeLocation = { X=9.64733, Y=5.92014, Z=7.26633 }
    RelativeRotation = { Yaw=0, Pitch=0, Roll=0 }
    RelativeScale = { X=1, Y=1, Z=1 }

Object info:
============
ClassName: SkeletalMeshSocket ObjectName: SkeletalMeshSocket_156

    SocketName = ATTACH_EFFECT
    BoneName = Bip01
    RelativeLocation = { X=10, Y=0, Z=0 }
    RelativeRotation = { Yaw=0, Pitch=0, Roll=0 }
    RelativeScale = { X=1, Y=1, Z=1 }
