Found 32768 game files (1222 skipped)
Loading package: 00043934.upk Ver: 573/1 Engine: 4205 Names: 23 Exports: 1 Imports: 4 Game: 801A
Loading SkeletalMesh3 FatManSilver_TX from package 00043934.upk
Loading package: 00043933.upk Ver: 573/1 Engine: 4205 Names: 113 Exports: 1 Imports: 24 Game: 801A
Loading MaterialInstanceConstant col1 from package 00043933.upk
Loading package: 00043932.upk Ver: 573/1 Engine: 4205 Names: 32 Exports: 4 Imports: 2 Game: 801A
Loading package: 00002640.upk Ver: 573/1 Engine: 4205 Names: 291 Exports: 507 Imports: 3 Game: 801A
Loading package: 00002620.upk Ver: 573/1 Engine: 4205 Names: 576 Exports: 7687 Imports: 96 Game: 801A
Loading package: 00012963.upk Ver: 573/1 Engine: 4205 Names: 1349 Exports: 1323 Imports: 10 Game: 801A
Loading package: 00043928.upk Ver: 573/1 Engine: 4205 Names: 33 Exports: 5 Imports: 2 Game: 801A
Loading package: 00020664.upk Ver: 573/1 Engine: 4205 Names: 49 Exports: 19 Imports: 2 Game: 801A
Loading package: 00020666.upk Ver: 573/1 Engine: 4205 Names: 201 Exports: 767 Imports: 51 Game: 801A
Loading Texture2D FatManSilver_TX_col1_N from package 00043932.upk
Loading Texture2D FatManSilver_TX_col1_M from package 00043932.upk
Loading Texture2D FatManSilver_TX_col1_D from package 00043932.upk
Loading Texture2D FatManSilver_TX_col1_S from package 00043932.upk
Loading TextureCube MatelR1 from package 00002640.upk
Loading Texture2D check from package 00002620.upk
Loading Texture2D Smoke_Pattern_001 from package 00012963.upk
Loading Texture2D FatManGold_TX_FX from package 00043928.upk
Loading Texture2D FatMan_Em_NRM2 from package 00020664.upk
Loading Material3 Basic_FatManSilver from package 00020666.upk
Loading Texture2D CubemapFace0 from package 00002640.upk
Loading Texture2D CubemapFace1 from package 00002640.upk
Loading Texture2D CubemapFace2 from package 00002640.upk
Loading Texture2D CubemapFace3 from package 00002640.upk
Loading Texture2D CubemapFace4 from package 00002640.upk
Loading Texture2D CubemapFace5 from package 00002640.upk
Loading Texture2D check_n from package 00002620.upk
Loading Texture2D Gradient_Line_003 from package 00012963.upk
Loading Texture2D Gradient_Wipe_BurnOut_Mask_TEST from package 00012963.upk
Loading Texture2D Gradient_Wipe_BurnOut_Mask from package 00012963.upk
Loaded in 0.2 sec, 3263 allocs, 3.61 MBytes serialized in 393514 calls.

Object info:
============
ClassName: SkeletalMesh3 ObjectName: FatManSilver_TX

    LODInfo[1] =
    {
        LODInfo[0] =
        {
            DisplayFactor = 0
            LODHysteresis = 0.02
            LODMaterialMap[0] = {}
            bEnableShadowCasting[1] = { true }
        }
    }
    Sockets[0] = {}
    bHasVertexColors = false
    EnableTwistBoneFixers = true
    EnableClavicleFixer = true
    Materials[1] = { MaterialInstanceConstant'col1' }


    Lods[1] =
    {
        Lods[0] =
        {
            Sections[1] =
            {
                Sections[0] = { Material=MaterialInstanceConstant'col1', FirstIndex=0, NumFaces=8120 }
            }
            NumVerts = 5958
            IndexCount = 24360
            NumTexCoords = 1
        }
    }
    LodCount = 1
    MeshOrigin = { X=-0, Y=-0, Z=-0 }
    MeshScale = { X=1, Y=1, Z=1 }
    RotOrigin = { Yaw=0, Pitch=0, Roll=0 }
    BoneCount = 1
