Found 32768 game files (1222 skipped)
Loading package: 00047085.upk Ver: 573/1 Engine: 4205 Names: 97 Exports: 9 Imports: 14 Game: 801A
Loading SkeletalMesh3 040304_JinM from package 00047085.upk
Loading package: 00009878.upk Ver: 573/1 Engine: 4205 Names: 52 Exports: 1 Imports: 16 Game: 801A
Loading package: 00047087.upk Ver: 573/1 Engine: 4205 Names: 68 Exports: 1 Imports: 17 Game: 801A
Loading MaterialInstanceConstant col1 from package 00009878.upk
Loading package: 00009877.upk Ver: 573/1 Engine: 4205 Names: 29 Exports: 2 Imports: 2 Game: 801A
Loading package: 00002620.upk Ver: 573/1 Engine: 4205 Names: 576 Exports: 7687 Imports: 96 Game: 801A
Loading MaterialInstanceConstant col1_acc from package 00047087.upk
Loading package: 00047086.upk Ver: 573/1 Engine: 4205 Names: 32 Exports: 4 Imports: 2 Game: 801A
Loading package: 00012963.upk Ver: 573/1 Engine: 4205 Names: 1349 Exports: 1323 Imports: 10 Game: 801A
Loading Texture2D GonM_013_col1_D from package 00009877.upk
Loading Texture2D GonM_013_col1_N from package 00009877.upk
Loading Material3 Beard_Ac from package 00002620.upk
Loading package: 00008613.upk Ver: 573/1 Engine: 4205 Names: 95 Exports: 6 Imports: 12 Game: 801A
Loading Texture2D 040304_JinM_col1_N from package 00047086.upk
Loading Texture2D 040304_JinM_col1_M from package 00047086.upk
Loading Texture2D 040304_JinM_col1_D from package 00047086.upk
Loading Texture2D 040304_JinM_col1_S from package 00047086.upk
Loading Texture2D Smoke_Pattern_001 from package 00012963.upk
Loading Material3 Fur from package 00002620.upk
Loading Texture2D check_n from package 00002620.upk
Loading Texture2D Noise_Glass_000 from package 00012963.upk
Loading Texture2D Gradient_Wipe_BurnOut_Mask_TEST from package 00012963.upk
Loading Texture2D Gradient_Wipe_BurnOut_Mask from package 00012963.upk
Loading Texture2D check from package 00002620.upk
Loading Texture2D Gradient_Line_003 from package 00012963.upk
Loading Texture2D Nothing_A from package 00008613.upk
Loaded in 0.14 sec, 2779 allocs, 1.44 MBytes serialized in 194302 calls.

Object info:
============
ClassName: SkeletalMesh3 ObjectName: 040304_JinM

    LODInfo[1] =
    {
        LODInfo[0] =
        {
            DisplayFactor = 0
            LODHysteresis = 0.02
            LODMaterialMap[0] = {}
            bEnableShadowCasting[2] = { true, true }
        }
    }
    Sockets[0] = {}
    bHasVertexColors = false
    EnableTwistBoneFixers = true
    EnableClavicleFixer = true
    Materials[2] = { MaterialInstanceConstant'col1', MaterialInstanceConstant'col1_acc' }


    Lods[1] =
    {
        Lods[0] =
        {
            Sections[2] =
            {
                Sections[0] = { Material=MaterialInstanceConstant'col1', FirstIndex=0, NumFaces=225 }
                Sections[1] = { Material=MaterialInstanceConstant'col1_acc', FirstIndex=675, NumFaces=594 }
            }
            NumVerts = 585
            IndexCount = 2457
            NumTexCoords = 1
        }
    }
    LodCount = 1
    MeshOrigin = { X=-0, Y=-0, Z=-0 }
    MeshScale = { X=1, Y=1, Z=1 }
    RotOrigin = { Yaw=0, Pitch=0, Roll=0 }
    BoneCount = 10
