Found 32768 game files (1222 skipped)
Loading package: 00043773.upk Ver: 573/1 Engine: 4205 Names: 106 Exports: 38 Imports: 17 Game: 801A
Loading SkeletalMesh3 040270_KunN from package 00043773.upk
Loading package: 00043815.upk Ver: 573/1 Engine: 4205 Names: 116 Exports: 3 Imports: 29 Game: 801A
Loading MaterialInstanceConstant col1 from package 00043815.upk
Loading package: 00015824.upk Ver: 573/1 Engine: 4205 Names: 29 Exports: 2 Imports: 2 Game: 801A
Loading package: 00008613.upk Ver: 573/1 Engine: 4205 Names: 95 Exports: 6 Imports: 12 Game: 801A
Loading package: 00002620.upk Ver: 573/1 Engine: 4205 Names: 576 Exports: 7687 Imports: 96 Game: 801A
Loading MaterialInstanceConstant col1_1 from package 00043815.upk
Loading package: 00002640.upk Ver: 573/1 Engine: 4205 Names: 291 Exports: 507 Imports: 3 Game: 801A
Loading package: 00043774.upk Ver: 573/1 Engine: 4205 Names: 40 Exports: 12 Imports: 4 Game: 801A
Loading MaterialInstanceConstant col1_fur from package 00043815.upk
Loading Texture2D KunN_022_col1_D from package 00015824.upk
Loading Texture2D KunN_022_col1_N from package 00015824.upk
WARNING: BoolProperty "UTexture2D::bDisableLoadSwitch" was not found
Loading Texture2D Nothing_A from package 00008613.upk
Loading Material3 Beard_Ac from package 00002620.upk
Loading package: 00012963.upk Ver: 573/1 Engine: 4205 Names: 1349 Exports: 1323 Imports: 10 Game: 801A
Loading Texture2D check from package 00002620.upk
Loading TextureCube lenscube_c from package 00002640.upk
Loading Texture2D 040270_KunN_col1_S from package 00043774.upk
Loading Texture2D 040270_KunN_col1_N from package 00043774.upk
Loading Texture2D 040270_KunN_col1_M from package 00043774.upk
Loading Texture2D 040270_KunN_col1_D from package 00043774.upk
Loading Material3 body_kUN from package 00002620.upk
Loading Texture2D Fur_Tape1_N from package 00043774.upk
Loading Texture2D Fur_Tape1_D from package 00043774.upk
Loading Material3 Beard_Fur from package 00002620.upk
Loading Texture2D check_n from package 00002620.upk
Loading Texture2D Noise_Glass_000 from package 00012963.upk
Loading Texture2D Smoke_Pattern_001 from package 00012963.upk
Loading Texture2D Gradient_Wipe_BurnOut_Mask_TEST from package 00012963.upk
Loading Texture2D Gradient_Wipe_BurnOut_Mask from package 00012963.upk
Loading Texture2D Gradient_Line_003 from package 00012963.upk
Loading Texture2D CubemapFace0 from package 00002640.upk
Loading Texture2D CubemapFace1 from package 00002640.upk
Loading Texture2D CubemapFace2 from package 00002640.upk
Loading Texture2D CubemapFace3 from package 00002640.upk
Loading Texture2D CubemapFace4 from package 00002640.upk
Loading Texture2D CubemapFace5 from package 00002640.upk
Loaded in 0.23 sec, 3324 allocs, 3.11 MBytes serialized in 247486 calls.

Object info:
============
ClassName: SkeletalMesh3 ObjectName: 040270_KunN

    LODInfo[1] =
    {
        LODInfo[0] =
        {
            DisplayFactor = 0
            LODHysteresis = 0.02
            LODMaterialMap[0] = {}
            bEnableShadowCasting[3] = { true, true, true }
        }
    }
    Sockets[0] = {}
    bHasVertexColors = false
    EnableTwistBoneFixers = true
    EnableClavicleFixer = true
    Materials[3] =
    {
        Materials[0] = MaterialInstanceConstant'col1'
        Materials[1] = MaterialInstanceConstant'col1_1'
        Materials[2] = MaterialInstanceConstant'col1_fur'
    }


    Lods[1] =
    {
        Lods[0] =
        {
            Sections[3] =
            {
                Sections[0] = { Material=MaterialInstanceConstant'col1_fur', FirstIndex=0, NumFaces=300 }
                Sections[1] = { Material=MaterialInstanceConstant'col1_1', FirstIndex=900, NumFaces=258 }
                Sections[2] = { Material=MaterialInstanceConstant'col1', FirstIndex=1674, NumFaces=1275 }
            }
            NumVerts = 1813
            IndexCount = 5499
            NumTexCoords = 1
        }
    }
    LodCount = 1
    MeshOrigin = { X=-0, Y=-0, Z=-0 }
    MeshScale = { X=1, Y=1, Z=1 }
    RotOrigin = { Yaw=0, Pitch=0, Roll=0 }
    BoneCount = 14
