Found 32768 game files (1222 skipped)
Loading package: 00045139.upk Ver: 573/1 Engine: 4205 Names: 106 Exports: 2 Imports: 26 Game: 801A
Loading MaterialInstanceConstant col1 from package 00045139.upk
Loading package: 00045138.upk Ver: 573/1 Engine: 4205 Names: 37 Exports: 8 Imports: 2 Game: 801A
Loading package: 00045118.upk Ver: 573/1 Engine: 4205 Names: 39 Exports: 10 Imports: 2 Game: 801A
Loading package: 00002640.upk Ver: 573/1 Engine: 4205 Names: 291 Exports: 507 Imports: 3 Game: 801A
Loading package: 00002620.upk Ver: 573/1 Engine: 4205 Names: 576 Exports: 7687 Imports: 96 Game: 801A
Loading MaterialInstanceConstant col1_op from package 00045139.upk
Loading package: 00028999.upk Ver: 573/1 Engine: 4205 Names: 55 Exports: 17 Imports: 3 Game: 801A
Loading Texture2D 10105_LynM_Col1_N from package 00045138.upk
Loading Texture2D 10105_JinM_Col1_M from package 00045118.upk
Loading Texture2D 10105_LynM_Col1_D from package 00045138.upk
Loading Texture2D 10105_LynM_Col1_S from package 00045138.upk
Loading TextureCube Cube_D from package 00002640.upk
Loading Texture2D 10105_JinM_Col1_E from package 00045118.upk
Loading Material3 Body from package 00002620.upk
Loading package: 00012963.upk Ver: 573/1 Engine: 4205 Names: 1349 Exports: 1323 Imports: 10 Game: 801A
Loading TextureCube Cubecube from package 00028999.upk
Loading Material3 Blend_OP from package 00002620.upk
Loading Texture2D CubemapFace0 from package 00002640.upk
Loading Texture2D CubemapFace1 from package 00002640.upk
Loading Texture2D CubemapFace2 from package 00002640.upk
Loading Texture2D CubemapFace3 from package 00002640.upk
Loading Texture2D CubemapFace4 from package 00002640.upk
Loading Texture2D CubemapFace5 from package 00002640.upk
Loading Texture2D check_n from package 00002620.upk
Loading Texture2D Noise_Glass_000 from package 00012963.upk
Loading Texture2D Smoke_Pattern_001 from package 00012963.upk
Loading Texture2D Gradient_Wipe_BurnOut_Mask_TEST from package 00012963.upk
Loading Texture2D Gradient_Wipe_BurnOut_Mask from package 00012963.upk
Loading Texture2D check from package 00002620.upk
Loading Texture2D Gradient_Line_003 from package 00012963.upk
Loading Texture2D CubemapFace0 from package 00028999.upk
Loading Texture2D CubemapFace1 from package 00028999.upk
Loading Texture2D CubemapFace2 from package 00028999.upk
Loading Texture2D CubemapFace3 from package 00028999.upk
Loading Texture2D CubemapFace4 from package 00028999.upk
Loading Texture2D CubemapFace5 from package 00028999.upk
Loaded in 0.2 sec, 3148 allocs, 3.29 MBytes serialized in 186142 calls.

Object info:
============
ClassName: MaterialInstanceConstant ObjectName: col1

    ScalarParameterValues[13] =
    {
        ScalarParameterValues[0] = { ParameterName=Transmission_value, ParameterValue=0 }
        ScalarParameterValues[1] = { ParameterName=Skin_glossiness, ParameterValue=3.5 }
        ScalarParameterValues[2] = { ParameterName=Wear_glossiness1, ParameterValue=10 }
        ScalarParameterValues[3] = { ParameterName=Wear_glossiness2, ParameterValue=1 }
        ScalarParameterValues[4] = { ParameterName=Skin_Spec_value, ParameterValue=1 }
        ScalarParameterValues[5] = { ParameterName=HighLight_Value, ParameterValue=3 }
        ScalarParameterValues[6] = { ParameterName=HighLight_glossiness, ParameterValue=50 }
        ScalarParameterValues[7] = { ParameterName=Emissive_value, ParameterValue=2 }
        ScalarParameterValues[8] = { ParameterName=Emissive_value2, ParameterValue=0 }
        ScalarParameterValues[9] = { ParameterName=Fresnel Value, ParameterValue=7 }
        ScalarParameterValues[10] = { ParameterName=Fresnel exponent, ParameterValue=1.5 }
        ScalarParameterValues[11] = { ParameterName=Specular_value, ParameterValue=4 }
        ScalarParameterValues[12] = { ParameterName=Skin_Spec_value_X, ParameterValue=1 }
    }
    TextureParameterValues[6] =
    {
        TextureParameterValues[0] = { ParameterName=Body_normal, ParameterValue=Texture2D'10105_LynM_Col1_N' }
        TextureParameterValues[1] = { ParameterName=Body_mask_RGB, ParameterValue=Texture2D'10105_JinM_Col1_M' }
        TextureParameterValues[2] = { ParameterName=Body_diffuse, ParameterValue=Texture2D'10105_LynM_Col1_D' }
        TextureParameterValues[3] = { ParameterName=Body_specular, ParameterValue=Texture2D'10105_LynM_Col1_S' }
        TextureParameterValues[4] = { ParameterName=rf_cube, ParameterValue=TextureCube'Cube_D' }
        TextureParameterValues[5] = { ParameterName=Emissive, ParameterValue=Texture2D'10105_JinM_Col1_E' }
    }
    VectorParameterValues[10] =
    {
        VectorParameterValues[0] =
        {
            ParameterName = Mesh_trangition
            ParameterValue = { R=0, G=0, B=0, A=1 }
        }
        VectorParameterValues[1] =
        {
            ParameterName = Skin_Specular
            ParameterValue = { R=1, G=1, B=1, A=1 }
        }
        VectorParameterValues[2] =
        {
            ParameterName = Reflection_value
            ParameterValue = { R=2, G=2, B=2, A=1 }
        }
        VectorParameterValues[3] =
        {
            ParameterName = HighLight_Color
            ParameterValue = { R=1, G=1, B=1, A=1 }
        }
        VectorParameterValues[4] =
        {
            ParameterName = Fresnel_color
            ParameterValue = { R=0, G=0, B=0, A=1 }
        }
        VectorParameterValues[5] =
        {
            ParameterName = Fresnel_Power
            ParameterValue = { R=0, G=0, B=0, A=1 }
        }
        VectorParameterValues[6] =
        {
            ParameterName = skin_color
            ParameterValue = { R=1, G=1, B=1, A=1 }
        }
        VectorParameterValues[7] =
        {
            ParameterName = Burn_Color
            ParameterValue = { R=0, G=0, B=0, A=1 }
        }
        VectorParameterValues[8] =
        {
            ParameterName = AC_color
            ParameterValue = { R=1, G=1, B=1, A=1 }
        }
        VectorParameterValues[9] =
        {
            ParameterName = AC_specular
            ParameterValue = { R=1, G=1, B=1, A=1 }
        }
    }
    Parent = Material3'Body'
    FlattenedTexture = None
    MobileBaseTexture = None
    MobileNormalTexture = None
    bUseMobileSpecular = false
    MobileSpecularPower = 16
    MobileSpecularMask = MSM_Constant (0)
    MobileMaskTexture = None

Object info:
============
ClassName: MaterialInstanceConstant ObjectName: col1_op

    ScalarParameterValues[4] =
    {
        ScalarParameterValues[0] = { ParameterName=Opacity, ParameterValue=0.6 }
        ScalarParameterValues[1] = { ParameterName=Fresnel_Exp, ParameterValue=2 }
        ScalarParameterValues[2] = { ParameterName=Specular_value, ParameterValue=1 }
        ScalarParameterValues[3] = { ParameterName=Lens_spec_Power, ParameterValue=10 }
    }
    TextureParameterValues[4] =
    {
        TextureParameterValues[0] = { ParameterName=Normal, ParameterValue=Texture2D'10105_LynM_Col1_N' }
        TextureParameterValues[1] = { ParameterName=Diffuse, ParameterValue=Texture2D'10105_LynM_Col1_D' }
        TextureParameterValues[2] = { ParameterName=Specular, ParameterValue=Texture2D'10105_LynM_Col1_S' }
        TextureParameterValues[3] = { ParameterName=Lens_spec_cube, ParameterValue=TextureCube'Cubecube' }
    }
    VectorParameterValues[3] =
    {
        VectorParameterValues[0] =
        {
            ParameterName = Fresnel_color
            ParameterValue = { R=0, G=0, B=0, A=1 }
        }
        VectorParameterValues[1] =
        {
            ParameterName = Fresnel_Power
            ParameterValue = { R=0, G=0, B=0, A=1 }
        }
        VectorParameterValues[2] =
        {
            ParameterName = Mesh_trangition
            ParameterValue = { R=0, G=0, B=0, A=1 }
        }
    }
    Parent = Material3'Blend_OP'
    FlattenedTexture = None
    MobileBaseTexture = None
    MobileNormalTexture = None
    bUseMobileSpecular = false
    MobileSpecularPower = 16
    MobileSpecularMask = MSM_Constant (0)
    MobileMaskTexture = None
