Found 32768 game files (1222 skipped)
Loading package: 00045882.upk Ver: 573/1 Engine: 4205 Names: 62 Exports: 6 Imports: 11 Game: 801A
Loading SkeletalMesh3 040292_KunN from package 00045882.upk
Loading package: 00045884.upk Ver: 573/1 Engine: 4205 Names: 111 Exports: 2 Imports: 26 Game: 801A
Loading MaterialInstanceConstant col1 from package 00045884.upk
Loading package: 00009888.upk Ver: 573/1 Engine: 4205 Names: 29 Exports: 2 Imports: 2 Game: 801A
Loading package: 00008613.upk Ver: 573/1 Engine: 4205 Names: 95 Exports: 6 Imports: 12 Game: 801A
Loading package: 00002620.upk Ver: 573/1 Engine: 4205 Names: 576 Exports: 7687 Imports: 96 Game: 801A
Loading MaterialInstanceConstant col2 from package 00045884.upk
Loading package: 00045883.upk Ver: 573/1 Engine: 4205 Names: 30 Exports: 4 Imports: 2 Game: 801A
Loading package: 00002640.upk Ver: 573/1 Engine: 4205 Names: 291 Exports: 507 Imports: 3 Game: 801A
Loading Texture2D LynF_006_col1_d from package 00009888.upk
Loading Texture2D LynF_006_col1_N from package 00009888.upk
WARNING: BoolProperty "UTexture2D::bDisableLoadSwitch" was not found
Loading Texture2D Nothing_A from package 00008613.upk
Loading Material3 Beard_Ac from package 00002620.upk
Loading package: 00012963.upk Ver: 573/1 Engine: 4205 Names: 1349 Exports: 1323 Imports: 10 Game: 801A
Loading Texture2D Acc_040292_KunN_col1_N from package 00045883.upk
Loading Texture2D Acc_040292_KunN_col1_M from package 00045883.upk
Loading Texture2D Acc_040292_KunN_col1_D from package 00045883.upk
Loading Texture2D Acc_040292_KunN_col1_S from package 00045883.upk
Loading TextureCube MatelR1 from package 00002640.upk
Loading Texture2D check from package 00002620.upk
Loading Material3 Body from package 00002620.upk
Loading Texture2D check_n from package 00002620.upk
Loading Texture2D Noise_Glass_000 from package 00012963.upk
Loading Texture2D Smoke_Pattern_001 from package 00012963.upk
Loading Texture2D Gradient_Wipe_BurnOut_Mask_TEST from package 00012963.upk
Loading Texture2D Gradient_Wipe_BurnOut_Mask from package 00012963.upk
Loading Texture2D Gradient_Line_003 from package 00012963.upk
Loading Texture2D CubemapFace0 from package 00002640.upk
Loading Texture2D CubemapFace1 from package 00002640.upk
Loading Texture2D CubemapFace2 from package 00002640.upk
Loading Texture2D CubemapFace3 from package 00002640.upk
Loading Texture2D CubemapFace4 from package 00002640.upk
Loading Texture2D CubemapFace5 from package 00002640.upk
Loaded in 0.19 sec, 3168 allocs, 1.92 MBytes serialized in 241667 calls.

Object info:
============
ClassName: SkeletalMesh3 ObjectName: 040292_KunN

    LODInfo[1] =
    {
        LODInfo[0] =
        {
            DisplayFactor = 0
            LODHysteresis = 0.02
            LODMaterialMap[0] = {}
            bEnableShadowCasting[2] = { true, true }
        }
    }
    Sockets[0] = {}
    bHasVertexColors = false
    EnableTwistBoneFixers = true
    EnableClavicleFixer = true
    Materials[2] = { MaterialInstanceConstant'col1', MaterialInstanceConstant'col2' }


    Lods[1] =
    {
        Lods[0] =
        {
            Sections[2] =
            {
                Sections[0] = { Material=MaterialInstanceConstant'col2', FirstIndex=0, NumFaces=2260 }
                Sections[1] = { Material=MaterialInstanceConstant'col1', FirstIndex=6780, NumFaces=248 }
            }
            NumVerts = 1655
            IndexCount = 7524
            NumTexCoords = 1
        }
    }
    LodCount = 1
    MeshOrigin = { X=-0, Y=-0, Z=-0 }
    MeshScale = { X=1, Y=1, Z=1 }
    RotOrigin = { Yaw=0, Pitch=0, Roll=0 }
    BoneCount = 9
