Found 32768 game files (1222 skipped)
Loading package: 00046908.upk Ver: 573/1 Engine: 4205 Names: 226 Exports: 136 Imports: 23 Game: 801A
Loading SkeletalMesh3 10118_GonM from package 00046908.upk
WARNING: FloatProperty "USkeletalMesh3::AutoScale" was not found
WARNING: FloatProperty "USkeletalMesh3::EffectScale" was not found
WARNING: ObjectProperty "USkeletalMesh3::MeshFactorSet" was not found
WARNING: ObjectProperty "USkeletalMesh3::PhysMaterialOverride" was not found
WARNING: ObjectProperty "USkeletalMesh3::PlaySoundSet" was not found
WARNING: FloatProperty "USkeletalMesh3::AddFootOffsetValue" was not found
WARNING: FloatProperty "USkeletalMesh3::AnimNameHeight" was not found
WARNING: FloatProperty "USkeletalMesh3::NormalNameHeight" was not found
WARNING: ArrayProperty "USkeletalMesh3::NameplateMeshScaleRatio" was not found
WARNING: StructProperty "USkeletalMesh3::NameplateHeightRatio" was not found
WARNING: ArrayProperty "USkeletalMesh3::MeshScaleRatio" was not found
WARNING: StructProperty "USkeletalMesh3::HeightRatio" was not found
WARNING: StructProperty "USkeletalMesh3::HandRatio" was not found
WARNING: ByteProperty "USkeletalMesh3::CommonPhysicsUseFlag" was not found
WARNING: FloatProperty "USkeletalMesh3::PhysicalHitScale" was not found
Loading package: 00046910.upk Ver: 573/1 Engine: 4205 Names: 115 Exports: 2 Imports: 34 Game: 801A
Loading SkeletalMeshSocket SkeletalMeshSocket_888 from package 00046908.upk
Loading SkeletalMeshSocket SkeletalMeshSocket_916 from package 00046908.upk
Loading MaterialInstanceConstant col1 from package 00046910.upk
Loading package: 00046909.upk Ver: 573/1 Engine: 4205 Names: 30 Exports: 4 Imports: 2 Game: 801A
Loading package: 00002640.upk Ver: 573/1 Engine: 4205 Names: 291 Exports: 507 Imports: 3 Game: 801A
Loading package: 00046901.upk Ver: 573/1 Engine: 4205 Names: 37 Exports: 10 Imports: 4 Game: 801A
Loading package: 00046904.upk Ver: 573/1 Engine: 4205 Names: 643 Exports: 945 Imports: 157 Game: 801A
Loading package: 00012963.upk Ver: 573/1 Engine: 4205 Names: 1349 Exports: 1323 Imports: 10 Game: 801A
Loading MaterialInstanceConstant col1_1 from package 00046910.upk
Loading package: 00002620.upk Ver: 573/1 Engine: 4205 Names: 576 Exports: 7687 Imports: 96 Game: 801A
Loading Texture2D 10118_GonM_col1_N from package 00046909.upk
Loading Texture2D 10118_GonM_col1_M from package 00046909.upk
Loading Texture2D 10118_GonM_col1_D from package 00046909.upk
Loading Texture2D 10118_GonM_col1_S from package 00046909.upk
Loading TextureCube Cube_D from package 00002640.upk
Loading Texture2D 10118_jinM_col1_E from package 00046901.upk
Loading Texture2D 10118_M_FX from package 00046904.upk
Loading Texture2D Smoke_Pattern_000 from package 00012963.upk
Loading Material3 Body_FX1 from package 00046904.upk
Loading Texture2D 10118_jinM_col1_N_ac from package 00046901.upk
Loading Texture2D 10118_jinM_col1_M_ac from package 00046901.upk
Loading Texture2D 10118_jinM_col1_D_ac from package 00046901.upk
Loading Texture2D 10118_jinM_col1_S_ac from package 00046901.upk
Loading Texture2D check from package 00002620.upk
Loading Texture2D Noise_017 from package 00012963.upk
Loading Texture2D 10118_M_ac_FX from package 00046904.upk
Loading Material3 Body_FX2 from package 00046904.upk
Loading Texture2D CubemapFace0 from package 00002640.upk
Loading Texture2D CubemapFace1 from package 00002640.upk
Loading Texture2D CubemapFace2 from package 00002640.upk
Loading Texture2D CubemapFace3 from package 00002640.upk
Loading Texture2D CubemapFace4 from package 00002640.upk
Loading Texture2D CubemapFace5 from package 00002640.upk
Loading Texture2D check_n from package 00002620.upk
Loading Texture2D 10118_FX from package 00046904.upk
Loading Texture2D Smoke_Pattern_001 from package 00012963.upk
Loading Texture2D Noise_Glass_000 from package 00012963.upk
Loading Texture2D Gradient_Wipe_BurnOut_Mask_TEST from package 00012963.upk
Loading Texture2D Gradient_Wipe_BurnOut_Mask from package 00012963.upk
Loading Texture2D Gradient_Line_003 from package 00012963.upk
Loading Texture2D 10118_ac_FX from package 00046904.upk
Loaded in 0.39 sec, 4204 allocs, 5.02 MBytes serialized in 588093 calls.

Object info:
============
ClassName: SkeletalMesh3 ObjectName: 10118_GonM

    LODInfo[2] =
    {
        LODInfo[0] =
        {
            DisplayFactor = 0
            LODHysteresis = 0.02
            LODMaterialMap[0] = {}
            bEnableShadowCasting[2] = { true, true }
        }
        LODInfo[1] =
        {
            DisplayFactor = 0.25
            LODHysteresis = 0.02
            LODMaterialMap[2] = { 0, 1 }
            bEnableShadowCasting[2] = { true, true }
        }
    }
    Sockets[2] =
    {
        Sockets[0] = SkeletalMeshSocket'10118_GonM.SkeletalMeshSocket_888'
        Sockets[1] = SkeletalMeshSocket'10118_GonM.SkeletalMeshSocket_916'
    }
    bHasVertexColors = false
    EnableTwistBoneFixers = true
    EnableClavicleFixer = true
    Materials[2] = { MaterialInstanceConstant'col1', MaterialInstanceConstant'col1_1' }


    Lods[2] =
    {
        Lods[0] =
        {
            Sections[2] =
            {
                Sections[0] = { Material=MaterialInstanceConstant'col1', FirstIndex=0, NumFaces=9780 }
                Sections[1] = { Material=MaterialInstanceConstant'col1_1', FirstIndex=29340, NumFaces=925 }
            }
            NumVerts = 7279
            IndexCount = 32115
            NumTexCoords = 1
        }
        Lods[1] =
        {
            Sections[2] =
            {
                Sections[0] = { Material=MaterialInstanceConstant'col1', FirstIndex=0, NumFaces=2182 }
                Sections[1] = { Material=MaterialInstanceConstant'col1_1', FirstIndex=6546, NumFaces=267 }
            }
            NumVerts = 2264
            IndexCount = 7347
            NumTexCoords = 1
        }
    }
    LodCount = 2
    MeshOrigin = { X=-0, Y=-0, Z=-0 }
    MeshScale = { X=1, Y=1, Z=1 }
    RotOrigin = { Yaw=0, Pitch=0, Roll=0 }
    BoneCount = 94

Object info:
============
ClassName: SkeletalMeshSocket ObjectName: SkeletalMeshSocket_888

    SocketName = FX_Add
    BoneName = Bone_RThigh_Scale
    RelativeLocation = { X=7.10707, Y=-0.229388, Z=9.12338 }
    RelativeRotation = { Yaw=0, Pitch=0, Roll=0 }
    RelativeScale = { X=1, Y=1, Z=1 }

Object info:
============
ClassName: SkeletalMeshSocket ObjectName: SkeletalMeshSocket_916

    SocketName = Fx_Add2
    BoneName = BoneShoulderTwistL01
    RelativeLocation = { X=-5, Y=8, Z=0 }
    RelativeRotation = { Yaw=16384, Pitch=0, Roll=0 }
    RelativeScale = { X=1, Y=1, Z=1 }
