Found 32768 game files (1222 skipped)
Loading package: 00045088.upk Ver: 573/1 Engine: 4205 Names: 185 Exports: 132 Imports: 16 Game: 801A
Loading SkeletalMesh3 RuneMechaAdamantine from package 00045088.upk
WARNING: ObjectProperty "USkeletalMesh3::PlaySoundSet" was not found
WARNING: FloatProperty "USkeletalMesh3::AnimNameHeight" was not found
WARNING: FloatProperty "USkeletalMesh3::NormalNameHeight" was not found
WARNING: FloatProperty "USkeletalMesh3::LowNameHeight" was not found
Loading package: 00044900.upk Ver: 573/1 Engine: 4205 Names: 177 Exports: 154 Imports: 50 Game: 801A
Loading SkeletalMeshSocket SkeletalMeshSocket_50 from package 00045088.upk
Loading SkeletalMeshSocket SkeletalMeshSocket_51 from package 00045088.upk
WARNING: ObjectProperty "USkeletalMeshSocket::PreviewSkelMesh" was not found
Loading SkeletalMeshSocket SkeletalMeshSocket_52 from package 00045088.upk
Loading SkeletalMeshSocket SkeletalMeshSocket_53 from package 00045088.upk
Loading SkeletalMeshSocket SkeletalMeshSocket_54 from package 00045088.upk
Loading SkeletalMeshSocket SkeletalMeshSocket_55 from package 00045088.upk
Loading SkeletalMeshSocket SkeletalMeshSocket_56 from package 00045088.upk
WARNING: BoolProperty "USkeletalMeshSocket::bParticleAttachPosOnly" was not found
Loading SkeletalMeshSocket SkeletalMeshSocket_57 from package 00045088.upk
Loading SkeletalMeshSocket SkeletalMeshSocket_58 from package 00045088.upk
Loading SkeletalMeshSocket SkeletalMeshSocket_59 from package 00045088.upk
Loading SkeletalMeshSocket SkeletalMeshSocket_60 from package 00045088.upk
Loading SkeletalMeshSocket SkeletalMeshSocket_61 from package 00045088.upk
Loading SkeletalMeshSocket SkeletalMeshSocket_62 from package 00045088.upk
Loading SkeletalMeshSocket SkeletalMeshSocket_63 from package 00045088.upk
Loading SkeletalMeshSocket SkeletalMeshSocket_64 from package 00045088.upk
Loading MaterialInstanceConstant col1 from package 00044900.upk
Loading package: 00044901.upk Ver: 573/1 Engine: 4205 Names: 29 Exports: 5 Imports: 2 Game: 801A
Loading package: 00002640.upk Ver: 573/1 Engine: 4205 Names: 291 Exports: 507 Imports: 3 Game: 801A
Loading package: 00029165.upk Ver: 573/1 Engine: 4205 Names: 41 Exports: 13 Imports: 2 Game: 801A
Loading package: 00029164.upk Ver: 573/1 Engine: 4205 Names: 174 Exports: 154 Imports: 47 Game: 801A
Loading Texture2D RunMechaAdamantine_col1_N from package 00044901.upk
Loading Texture2D RunMechaAdamantine_col1_M from package 00044901.upk
Loading Texture2D RunMechaAdamantine_col1_D from package 00044901.upk
Loading Texture2D RunMechaAdamantine_col1_S from package 00044901.upk
Loading TextureCube Cube_Suicide2 from package 00002640.upk
Loading Texture2D RunMechaAdamantine_col1_E from package 00044901.upk
Loading Texture2D FX_Mask from package 00029165.upk
Loading Material3 RuneMechaYacha_Basic from package 00029164.upk
Loading package: 00002620.upk Ver: 573/1 Engine: 4205 Names: 576 Exports: 7687 Imports: 96 Game: 801A
Loading package: 00012963.upk Ver: 573/1 Engine: 4205 Names: 1349 Exports: 1323 Imports: 10 Game: 801A
Loading Texture2D CubemapFace0 from package 00002640.upk
Loading Texture2D CubemapFace1 from package 00002640.upk
Loading Texture2D CubemapFace2 from package 00002640.upk
Loading Texture2D CubemapFace3 from package 00002640.upk
Loading Texture2D CubemapFace4 from package 00002640.upk
Loading Texture2D CubemapFace5 from package 00002640.upk
Loading Texture2D check_n from package 00002620.upk
Loading Texture2D check from package 00002620.upk
Loading Texture2D Smoke_Pattern_001 from package 00012963.upk
Loading Texture2D Gradient_Line_003 from package 00012963.upk
Loading Texture2D Gradient_Wipe_BurnOut_Mask_TEST from package 00012963.upk
Loading Texture2D Gradient_Wipe_BurnOut_Mask from package 00012963.upk
Loaded in 0.19 sec, 3450 allocs, 2.72 MBytes serialized in 440268 calls.

Object info:
============
ClassName: SkeletalMesh3 ObjectName: RuneMechaAdamantine

    LODInfo[1] =
    {
        LODInfo[0] =
        {
            DisplayFactor = 0
            LODHysteresis = 0.02
            LODMaterialMap[0] = {}
            bEnableShadowCasting[1] = { true }
        }
    }
    Sockets[15] =
    {
        Sockets[0] = SkeletalMeshSocket'RuneMechaAdamantine.SkeletalMeshSocket_50'
        Sockets[1] = SkeletalMeshSocket'RuneMechaAdamantine.SkeletalMeshSocket_51'
        Sockets[2] = SkeletalMeshSocket'RuneMechaAdamantine.SkeletalMeshSocket_52'
        Sockets[3] = SkeletalMeshSocket'RuneMechaAdamantine.SkeletalMeshSocket_53'
        Sockets[4] = SkeletalMeshSocket'RuneMechaAdamantine.SkeletalMeshSocket_54'
        Sockets[5] = SkeletalMeshSocket'RuneMechaAdamantine.SkeletalMeshSocket_55'
        Sockets[6] = SkeletalMeshSocket'RuneMechaAdamantine.SkeletalMeshSocket_56'
        Sockets[7] = SkeletalMeshSocket'RuneMechaAdamantine.SkeletalMeshSocket_57'
        Sockets[8] = SkeletalMeshSocket'RuneMechaAdamantine.SkeletalMeshSocket_58'
        Sockets[9] = SkeletalMeshSocket'RuneMechaAdamantine.SkeletalMeshSocket_59'
        Sockets[10] = SkeletalMeshSocket'RuneMechaAdamantine.SkeletalMeshSocket_60'
        Sockets[11] = SkeletalMeshSocket'RuneMechaAdamantine.SkeletalMeshSocket_61'
        Sockets[12] = SkeletalMeshSocket'RuneMechaAdamantine.SkeletalMeshSocket_62'
        Sockets[13] = SkeletalMeshSocket'RuneMechaAdamantine.SkeletalMeshSocket_63'
        Sockets[14] = SkeletalMeshSocket'RuneMechaAdamantine.SkeletalMeshSocket_64'
    }
    bHasVertexColors = false
    EnableTwistBoneFixers = true
    EnableClavicleFixer = true
    Materials[1] = { MaterialInstanceConstant'col1' }


    Lods[1] =
    {
        Lods[0] =
        {
            Sections[1] =
            {
                Sections[0] = { Material=MaterialInstanceConstant'col1', FirstIndex=0, NumFaces=9394 }
            }
            NumVerts = 6535
            IndexCount = 28182
            NumTexCoords = 1
        }
    }
    LodCount = 1
    MeshOrigin = { X=-0, Y=-0, Z=-0 }
    MeshScale = { X=1, Y=1, Z=1 }
    RotOrigin = { Yaw=0, Pitch=0, Roll=0 }
    BoneCount = 78

Object info:
============
ClassName: SkeletalMeshSocket ObjectName: SkeletalMeshSocket_50

    SocketName = WeaponL
    BoneName = WeaponL
    RelativeLocation = { X=0, Y=0, Z=0 }
    RelativeRotation = { Yaw=0, Pitch=0, Roll=0 }
    RelativeScale = { X=1, Y=1, Z=1 }

Object info:
============
ClassName: SkeletalMeshSocket ObjectName: SkeletalMeshSocket_51

    SocketName = WeaponR
    BoneName = WeaponR
    RelativeLocation = { X=0, Y=0, Z=0 }
    RelativeRotation = { Yaw=0, Pitch=0, Roll=0 }
    RelativeScale = { X=1, Y=1, Z=1 }

Object info:
============
ClassName: SkeletalMeshSocket ObjectName: SkeletalMeshSocket_52

    SocketName = target_high
    BoneName = Bip01Head
    RelativeLocation = { X=0, Y=0, Z=0 }
    RelativeRotation = { Yaw=0, Pitch=0, Roll=0 }
    RelativeScale = { X=1, Y=1, Z=1 }

Object info:
============
ClassName: SkeletalMeshSocket ObjectName: SkeletalMeshSocket_53

    SocketName = Catch_Neck
    BoneName = Bip01Neck
    RelativeLocation = { X=0, Y=0, Z=0 }
    RelativeRotation = { Yaw=0, Pitch=0, Roll=0 }
    RelativeScale = { X=1, Y=1, Z=1 }

Object info:
============
ClassName: SkeletalMeshSocket ObjectName: SkeletalMeshSocket_54

    SocketName = socket_force
    BoneName = Root
    RelativeLocation = { X=40, Y=33, Z=7 }
    RelativeRotation = { Yaw=0, Pitch=0, Roll=0 }
    RelativeScale = { X=1, Y=1, Z=1 }

Object info:
============
ClassName: SkeletalMeshSocket ObjectName: SkeletalMeshSocket_55

    SocketName = Mount_Socket
    BoneName = Root
    RelativeLocation = { X=-28.7433, Y=3.51992e-015, Z=38.25 }
    RelativeRotation = { Yaw=32768, Pitch=0, Roll=0 }
    RelativeScale = { X=1, Y=1, Z=1 }

Object info:
============
ClassName: SkeletalMeshSocket ObjectName: SkeletalMeshSocket_56

    SocketName = ATTACH_EFFECT
    BoneName = Bip01
    RelativeLocation = { X=0, Y=0, Z=0 }
    RelativeRotation = { Yaw=0, Pitch=0, Roll=0 }
    RelativeScale = { X=1, Y=1, Z=1 }

Object info:
============
ClassName: SkeletalMeshSocket ObjectName: SkeletalMeshSocket_57

    SocketName = Mount_Ambar_Socket
    BoneName = Bip01LClavicle
    RelativeLocation = { X=7.02622, Y=-11.5276, Z=-14.5674 }
    RelativeRotation = { Yaw=-3459, Pitch=13306, Roll=20227 }
    RelativeScale = { X=1, Y=1, Z=1 }

Object info:
============
ClassName: SkeletalMeshSocket ObjectName: SkeletalMeshSocket_58

    SocketName = Mount_Choke_Socket
    BoneName = Root
    RelativeLocation = { X=7.90871, Y=4.99021, Z=41 }
    RelativeRotation = { Yaw=32768, Pitch=0, Roll=0 }
    RelativeScale = { X=1, Y=1, Z=1 }

Object info:
============
ClassName: SkeletalMeshSocket ObjectName: SkeletalMeshSocket_59

    SocketName = Decap_Socket
    BoneName = Bip01Neck
    RelativeLocation = { X=12.8468, Y=12.4673, Z=0 }
    RelativeRotation = { Yaw=0, Pitch=0, Roll=0 }
    RelativeScale = { X=1, Y=1, Z=1 }

Object info:
============
ClassName: SkeletalMeshSocket ObjectName: SkeletalMeshSocket_60

    SocketName = Weaponstart
    BoneName = WeaponR
    RelativeLocation = { X=0, Y=0, Z=176.988 }
    RelativeRotation = { Yaw=0, Pitch=0, Roll=0 }
    RelativeScale = { X=1, Y=1, Z=1 }

Object info:
============
ClassName: SkeletalMeshSocket ObjectName: SkeletalMeshSocket_61

    SocketName = WeaponEnd
    BoneName = WeaponR
    RelativeLocation = { X=0, Y=0, Z=90.1268 }
    RelativeRotation = { Yaw=0, Pitch=0, Roll=0 }
    RelativeScale = { X=1, Y=1, Z=1 }

Object info:
============
ClassName: SkeletalMeshSocket ObjectName: SkeletalMeshSocket_62

    SocketName = Catch_Back
    BoneName = Bip01Spine
    RelativeLocation = { X=9.44028, Y=27.037, Z=5.12727 }
    RelativeRotation = { Yaw=14269, Pitch=-14519, Roll=-14287 }
    RelativeScale = { X=1, Y=1, Z=1 }

Object info:
============
ClassName: SkeletalMeshSocket ObjectName: SkeletalMeshSocket_63

    SocketName = weaponKnife
    BoneName = WeaponR
    RelativeLocation = { X=0, Y=0, Z=100 }
    RelativeRotation = { Yaw=0, Pitch=0, Roll=0 }
    RelativeScale = { X=1, Y=1, Z=1 }

Object info:
============
ClassName: SkeletalMeshSocket ObjectName: SkeletalMeshSocket_64

    SocketName = weaponKnifeL
    BoneName = WeaponL
    RelativeLocation = { X=0, Y=0, Z=100 }
    RelativeRotation = { Yaw=0, Pitch=0, Roll=0 }
    RelativeScale = { X=1, Y=1, Z=1 }
