Found 32768 game files (1766 skipped)
Loading package: 00047139.upk Ver: 573/1 Engine: 4205 Names: 481 Exports: 1183 Imports: 178 Game: 801A
Loading Material3 Sword_ee from package 00047139.upk
WARNING: BoolProperty "UMaterial3::bAcceptRenderDecal" was not found
Loading package: 00012963.upk Ver: 573/1 Engine: 4205 Names: 1386 Exports: 1362 Imports: 10 Game: 801A
Loading package: 00047140.upk Ver: 573/1 Engine: 4205 Names: 33 Exports: 5 Imports: 2 Game: 801A
Loading MaterialInstanceConstant Sword_Deco_INST from package 00047139.upk
Loading package: 00039551.upk Ver: 573/1 Engine: 4205 Names: 524 Exports: 1255 Imports: 196 Game: 801A
Loading SkeletalMesh3 010330_Autoscale from package 00047139.upk
WARNING: ObjectProperty "USkeletalMesh3::MeshFactorSet" was not found
WARNING: ObjectProperty "USkeletalMesh3::PhysMaterialOverride" was not found
Loading package: 00047138.upk Ver: 573/1 Engine: 4205 Names: 182 Exports: 189 Imports: 50 Game: 801A
Loading SkeletalMeshSocket SkeletalMeshSocket_62 from package 00047139.upk
WARNING: ObjectProperty "USkeletalMeshSocket::DependencyParticleSystem" was not found
Loading StaticMesh3 sword_deco02 from package 00047139.upk
Loading package: 00012892.upk Ver: 573/1 Engine: 4205 Names: 1108 Exports: 6240 Imports: 380 Game: 801A
Loading StaticMesh3 sword_deco01 from package 00047139.upk
Loading StaticMesh3 sword_deco03 from package 00047139.upk
Loading Texture2D FX_Mask from package 00047139.upk
Loading Texture2D Gradient_Color_RedToOrange_000 from package 00012963.upk
Loading Texture2D Gradient_Color_Rainbow_004 from package 00012963.upk
Loading Texture2D Noise_006 from package 00012963.upk
Loading Texture2D Ref_Cool from package 00012963.upk
Loading Texture2D Unique_Stone_001 from package 00012963.upk
Loading Texture2D Noise_Plazma_002 from package 00012963.upk
Loading Texture2D Gradient_Line_R from package 00012963.upk
Loading Texture2D Noise_013 from package 00012963.upk
Loading Texture2D 010330_Autoscale_Col1_D from package 00047140.upk
Loading Texture2D Smoke_Pattern_001 from package 00012963.upk
Loading Material3 Weapon_Deco_Parent from package 00039551.upk
WARNING: BoolProperty "UMaterial3::bAcceptRenderDecal" was not found
Loading package: 00002620.upk Ver: 573/1 Engine: 4205 Names: 576 Exports: 7687 Imports: 96 Game: 801A
Loading MaterialInstanceConstant col1 from package 00047138.upk
Loading package: 00002640.upk Ver: 573/1 Engine: 4205 Names: 291 Exports: 507 Imports: 3 Game: 801A
Loading Material3 001_Mesh_Default_MatM from package 00012892.upk
WARNING: BoolProperty "UMaterial3::bAcceptRenderDecal" was not found
Loading package: 00023713.upk Ver: 573/1 Engine: 4205 Names: 101 Exports: 81 Imports: 4 Game: 801A
Loading Texture2D check from package 00002620.upk
Loading Texture2D Gradient_Line_003 from package 00012963.upk
Loading Texture2D Noise_005 from package 00012963.upk
Loading Texture2D Noise_Wave_000 from package 00012963.upk
Loading Texture2D 010330_Autoscale_Col1_N from package 00047140.upk
Loading Texture2D 010330_Autoscale_Col1_M from package 00047140.upk
Loading Texture2D 010330_Autoscale_Col1_S from package 00047140.upk
Loading TextureCube cube_orb from package 00002640.upk
Loading Texture2D 010330_Autoscale_Col1_E from package 00047140.upk
Loading Material3 Basic from package 00002620.upk
Loading Texture2D Cube000_Tex from package 00023713.upk
Loading Texture2D CubemapFace0 from package 00002640.upk
Loading Texture2D CubemapFace1 from package 00002640.upk
Loading Texture2D CubemapFace2 from package 00002640.upk
Loading Texture2D CubemapFace3 from package 00002640.upk
Loading Texture2D CubemapFace4 from package 00002640.upk
Loading Texture2D CubemapFace5 from package 00002640.upk
Loading Texture2D check_n from package 00002620.upk
Loading Texture2D Gradient_Wipe_BurnOut_Mask_TEST from package 00012963.upk
Loading Texture2D Gradient_Wipe_BurnOut_Mask from package 00012963.upk
Loaded in 0.22 sec, 5652 allocs, 2.86 MBytes serialized in 501401 calls.

Object info:
============
ClassName: Material3 ObjectName: Sword_ee

    TwoSided = false
    bDisableDepthTest = false
    bIsMasked = false
    ReferencedTextures[10] =
    {
        ReferencedTextures[0] = Texture2D'Gradient_Color_RedToOrange_000'
        ReferencedTextures[1] = Texture2D'Gradient_Color_Rainbow_004'
        ReferencedTextures[2] = Texture2D'Noise_006'
        ReferencedTextures[3] = Texture2D'Ref_Cool'
        ReferencedTextures[4] = Texture2D'Unique_Stone_001'
        ReferencedTextures[5] = Texture2D'Noise_Plazma_002'
        ReferencedTextures[6] = Texture2D'Gradient_Line_R'
        ReferencedTextures[7] = Texture2D'Noise_013'
        ReferencedTextures[8] = Texture2D'010330_Autoscale_Col1_D'
        ReferencedTextures[9] = Texture2D'FX_Mask'
    }
    BlendMode = BLEND_Additive (3)
    OpacityMaskClipValue = 0.333
    FlattenedTexture = None
    MobileBaseTexture = None
    MobileNormalTexture = None
    bUseMobileSpecular = false
    MobileSpecularPower = 16
    MobileSpecularMask = MSM_Constant (0)
    MobileMaskTexture = None

Object info:
============
ClassName: MaterialInstanceConstant ObjectName: Sword_Deco_INST

    ScalarParameterValues[1] =
    {
        ScalarParameterValues[0] = { ParameterName=Change, ParameterValue=0 }
    }
    TextureParameterValues[3] =
    {
        TextureParameterValues[0] = { ParameterName=Txture_B, ParameterValue=Texture2D'FX_Mask' }
        TextureParameterValues[1] = { ParameterName=sample2, ParameterValue=Texture2D'Smoke_Pattern_001' }
        TextureParameterValues[2] = { ParameterName=Sample1, ParameterValue=Texture2D'Unique_Stone_001' }
    }
    VectorParameterValues[8] =
    {
        VectorParameterValues[0] =
        {
            ParameterName = Tex_RGB
            ParameterValue = { R=1, G=0, B=0, A=1 }
        }
        VectorParameterValues[1] =
        {
            ParameterName = Power
            ParameterValue = { R=5, G=1, B=0, A=1 }
        }
        VectorParameterValues[2] =
        {
            ParameterName = dissolve_line_color
            ParameterValue = { R=0.6, G=0.2, B=0, A=1 }
        }
        VectorParameterValues[3] =
        {
            ParameterName = Fx_Glow_power_L
            ParameterValue = { R=1, G=0, B=0, A=1 }
        }
        VectorParameterValues[4] =
        {
            ParameterName = Glow_Trangition_L
            ParameterValue = { R=6, G=0, B=0, A=1 }
        }
        VectorParameterValues[5] =
        {
            ParameterName = Fx_Glow_color_L
            ParameterValue = { R=6, G=2, B=0, A=1 }
        }
        VectorParameterValues[6] =
        {
            ParameterName = Color2
            ParameterValue = { R=1.16667, G=0.7, B=0.166667, A=1 }
        }
        VectorParameterValues[7] =
        {
            ParameterName = Color
            ParameterValue = { R=4.66667, G=1.4, B=0.166667, A=1 }
        }
    }
    Parent = Material3'Weapon_Deco_Parent'
    FlattenedTexture = None
    MobileBaseTexture = None
    MobileNormalTexture = None
    bUseMobileSpecular = false
    MobileSpecularPower = 16
    MobileSpecularMask = MSM_Constant (0)
    MobileMaskTexture = None

Object info:
============
ClassName: SkeletalMesh3 ObjectName: 010330_Autoscale

    LODInfo[1] =
    {
        LODInfo[0] =
        {
            DisplayFactor = 0
            LODHysteresis = 0.02
            LODMaterialMap[0] = {}
            bEnableShadowCasting[1] = { true }
        }
    }
    Sockets[1] = { SkeletalMeshSocket'010330_Autoscale.SkeletalMeshSocket_62' }
    bHasVertexColors = false
    EnableTwistBoneFixers = true
    EnableClavicleFixer = true
    Materials[1] = { MaterialInstanceConstant'col1' }


    Lods[1] =
    {
        Lods[0] =
        {
            Sections[1] =
            {
                Sections[0] = { Material=MaterialInstanceConstant'col1', FirstIndex=0, NumFaces=3003 }
            }
            NumVerts = 2431
            IndexCount = 9009
            NumTexCoords = 1
        }
    }
    LodCount = 1
    MeshOrigin = { X=-0, Y=-0, Z=-0 }
    MeshScale = { X=1, Y=1, Z=1 }
    RotOrigin = { Yaw=0, Pitch=0, Roll=0 }
    BoneCount = 3

Object info:
============
ClassName: SkeletalMeshSocket ObjectName: SkeletalMeshSocket_62

    SocketName = FX_Add
    BoneName = WeaponPivot
    RelativeLocation = { X=0, Y=0, Z=-20 }
    RelativeRotation = { Yaw=0, Pitch=0, Roll=0 }
    RelativeScale = { X=1, Y=1, Z=1 }

Object info:
============
ClassName: StaticMesh3 ObjectName: sword_deco02

    BodySetup = None
    UseSimpleLineCollision = false
    UseSimpleBoxCollision = false
    UseSimpleRigidBodyCollision = false
    UseFullPrecisionUVs = false
    Bounds =
    {
        Origin = { X=1.28055, Y=0, Z=9.7117 }
        BoxExtent = { X=6.30115, Y=1.618, Z=5.5527 }
        SphereRadius = 7.70777
    }
    CanCompressPositions = false
    CanStripNormalsAndTangents = false
    InternalVersion = 18


    Lods[1] =
    {
        Lods[0] =
        {
            Sections[1] =
            {
                Sections[0] = { Material=Material3'001_Mesh_Default_MatM', FirstIndex=0, NumFaces=2010 }
            }
            NumVerts = 3284
            IndexCount = 6030
            NumTexCoords = 1
        }
    }
    LodCount = 1

Object info:
============
ClassName: StaticMesh3 ObjectName: sword_deco01

    BodySetup = None
    UseSimpleLineCollision = false
    UseSimpleBoxCollision = false
    UseSimpleRigidBodyCollision = false
    UseFullPrecisionUVs = false
    Bounds =
    {
        Origin = { X=0.0313001, Y=0, Z=30.5022 }
        BoxExtent = { X=2.3523, Y=0.896, Z=19.7872 }
        SphereRadius = 19.9265
    }
    CanCompressPositions = false
    CanStripNormalsAndTangents = false
    InternalVersion = 18


    Lods[1] =
    {
        Lods[0] =
        {
            Sections[1] =
            {
                Sections[0] = { Material=Material3'001_Mesh_Default_MatM', FirstIndex=0, NumFaces=240 }
            }
            NumVerts = 356
            IndexCount = 720
            NumTexCoords = 1
        }
    }
    LodCount = 1

Object info:
============
ClassName: StaticMesh3 ObjectName: sword_deco03

    BodySetup = None
    UseSimpleLineCollision = false
    UseSimpleBoxCollision = false
    UseSimpleRigidBodyCollision = false
    UseFullPrecisionUVs = false
    Bounds =
    {
        Origin = { X=0.11375, Y=0, Z=4.12415 }
        BoxExtent = { X=2.55035, Y=0.8252, Z=7.40145 }
        SphereRadius = 7.46128
    }
    CanCompressPositions = false
    CanStripNormalsAndTangents = false
    InternalVersion = 18


    Lods[1] =
    {
        Lods[0] =
        {
            Sections[1] =
            {
                Sections[0] = { Material=Material3'001_Mesh_Default_MatM', FirstIndex=0, NumFaces=400 }
            }
            NumVerts = 568
            IndexCount = 1200
            NumTexCoords = 1
        }
    }
    LodCount = 1

Object info:
============
ClassName: Texture2D ObjectName: FX_Mask

    SizeX = 512
    SizeY = 256
    Format = PF_DXT1 (5)
    AddressX = TA_Wrap (0)
    AddressY = TA_Wrap (0)
    TextureFileCacheName = None
    MipTailBaseIdx = 9
    bForcePVRTC4 = false
    UnpackMin[4] = { 0, 0, 0, 0 }
    UnpackMax[4] = { 1, 1, 1, 1 }
