Found 32768 game files (1222 skipped)
Loading package: 00044567.upk Ver: 573/1 Engine: 4205 Names: 168 Exports: 120 Imports: 20 Game: 801A
Loading SkeletalMesh3 SeorakZombieA from package 00044567.upk
WARNING: ObjectProperty "USkeletalMesh3::PlaySoundSet" was not found
WARNING: FloatProperty "USkeletalMesh3::AnimNameHeight" was not found
WARNING: FloatProperty "USkeletalMesh3::NormalNameHeight" was not found
WARNING: FloatProperty "USkeletalMesh3::LowNameHeight" was not found
Loading package: 00044566.upk Ver: 573/1 Engine: 4205 Names: 95 Exports: 2 Imports: 23 Game: 801A
Loading SkeletalMeshSocket SkeletalMeshSocket_50 from package 00044567.upk
Loading SkeletalMeshSocket SkeletalMeshSocket_51 from package 00044567.upk
WARNING: ObjectProperty "USkeletalMeshSocket::PreviewSkelMesh" was not found
Loading SkeletalMeshSocket SkeletalMeshSocket_52 from package 00044567.upk
Loading SkeletalMeshSocket SkeletalMeshSocket_53 from package 00044567.upk
Loading SkeletalMeshSocket SkeletalMeshSocket_54 from package 00044567.upk
Loading SkeletalMeshSocket SkeletalMeshSocket_55 from package 00044567.upk
Loading SkeletalMeshSocket SkeletalMeshSocket_56 from package 00044567.upk
WARNING: BoolProperty "USkeletalMeshSocket::bParticleAttachPosOnly" was not found
Loading SkeletalMeshSocket SkeletalMeshSocket_57 from package 00044567.upk
Loading SkeletalMeshSocket SkeletalMeshSocket_58 from package 00044567.upk
Loading SkeletalMeshSocket SkeletalMeshSocket_59 from package 00044567.upk
Loading MaterialInstanceConstant col1 from package 00044566.upk
Loading package: 00044565.upk Ver: 573/1 Engine: 4205 Names: 41 Exports: 20 Imports: 4 Game: 801A
Loading package: 00002640.upk Ver: 573/1 Engine: 4205 Names: 291 Exports: 507 Imports: 3 Game: 801A
Loading package: 00002620.upk Ver: 573/1 Engine: 4205 Names: 576 Exports: 7687 Imports: 96 Game: 801A
Loading Texture2D SeorakZombieA_col1_N from package 00044565.upk
Loading Texture2D SeorakZombieA_col1_M from package 00044565.upk
Loading Texture2D SeorakZombieA_col1_D from package 00044565.upk
Loading Texture2D SeorakZombieA_col1_S from package 00044565.upk
Loading TextureCube cube_orb from package 00002640.upk
Loading Texture2D SeorakZombieA_col1_E from package 00044565.upk
Loading Material3 Body from package 00002620.upk
Loading package: 00012963.upk Ver: 573/1 Engine: 4205 Names: 1349 Exports: 1323 Imports: 10 Game: 801A
Loading Texture2D CubemapFace0 from package 00002640.upk
Loading Texture2D CubemapFace1 from package 00002640.upk
Loading Texture2D CubemapFace2 from package 00002640.upk
Loading Texture2D CubemapFace3 from package 00002640.upk
Loading Texture2D CubemapFace4 from package 00002640.upk
Loading Texture2D CubemapFace5 from package 00002640.upk
Loading Texture2D check_n from package 00002620.upk
Loading Texture2D Noise_Glass_000 from package 00012963.upk
Loading Texture2D Smoke_Pattern_001 from package 00012963.upk
Loading Texture2D Gradient_Wipe_BurnOut_Mask_TEST from package 00012963.upk
Loading Texture2D Gradient_Wipe_BurnOut_Mask from package 00012963.upk
Loading Texture2D check from package 00002620.upk
Loading Texture2D Gradient_Line_003 from package 00012963.upk
Loaded in 0.18 sec, 3123 allocs, 4.17 MBytes serialized in 338418 calls.

Object info:
============
ClassName: SkeletalMesh3 ObjectName: SeorakZombieA

    LODInfo[1] =
    {
        LODInfo[0] =
        {
            DisplayFactor = 0
            LODHysteresis = 0.02
            LODMaterialMap[0] = {}
            bEnableShadowCasting[1] = { true }
        }
    }
    Sockets[10] =
    {
        Sockets[0] = SkeletalMeshSocket'SeorakZombieA.SkeletalMeshSocket_50'
        Sockets[1] = SkeletalMeshSocket'SeorakZombieA.SkeletalMeshSocket_51'
        Sockets[2] = SkeletalMeshSocket'SeorakZombieA.SkeletalMeshSocket_52'
        Sockets[3] = SkeletalMeshSocket'SeorakZombieA.SkeletalMeshSocket_53'
        Sockets[4] = SkeletalMeshSocket'SeorakZombieA.SkeletalMeshSocket_54'
        Sockets[5] = SkeletalMeshSocket'SeorakZombieA.SkeletalMeshSocket_55'
        Sockets[6] = SkeletalMeshSocket'SeorakZombieA.SkeletalMeshSocket_56'
        Sockets[7] = SkeletalMeshSocket'SeorakZombieA.SkeletalMeshSocket_57'
        Sockets[8] = SkeletalMeshSocket'SeorakZombieA.SkeletalMeshSocket_58'
        Sockets[9] = SkeletalMeshSocket'SeorakZombieA.SkeletalMeshSocket_59'
    }
    bHasVertexColors = false
    EnableTwistBoneFixers = true
    EnableClavicleFixer = true
    Materials[1] = { MaterialInstanceConstant'col1' }


    Lods[1] =
    {
        Lods[0] =
        {
            Sections[1] =
            {
                Sections[0] = { Material=MaterialInstanceConstant'col1', FirstIndex=0, NumFaces=6271 }
            }
            NumVerts = 3888
            IndexCount = 18813
            NumTexCoords = 1
        }
    }
    LodCount = 1
    MeshOrigin = { X=-0, Y=-0, Z=-0 }
    MeshScale = { X=1, Y=1, Z=1 }
    RotOrigin = { Yaw=0, Pitch=0, Roll=0 }
    BoneCount = 57

Object info:
============
ClassName: SkeletalMeshSocket ObjectName: SkeletalMeshSocket_50

    SocketName = WeaponL
    BoneName = WeaponL
    RelativeLocation = { X=0, Y=0, Z=0 }
    RelativeRotation = { Yaw=0, Pitch=0, Roll=0 }
    RelativeScale = { X=1, Y=1, Z=1 }

Object info:
============
ClassName: SkeletalMeshSocket ObjectName: SkeletalMeshSocket_51

    SocketName = WeaponR
    BoneName = WeaponR
    RelativeLocation = { X=0, Y=0, Z=0 }
    RelativeRotation = { Yaw=0, Pitch=0, Roll=0 }
    RelativeScale = { X=1, Y=1, Z=1 }

Object info:
============
ClassName: SkeletalMeshSocket ObjectName: SkeletalMeshSocket_52

    SocketName = target_high
    BoneName = Bip01Head
    RelativeLocation = { X=0, Y=0, Z=0 }
    RelativeRotation = { Yaw=0, Pitch=0, Roll=0 }
    RelativeScale = { X=1, Y=1, Z=1 }

Object info:
============
ClassName: SkeletalMeshSocket ObjectName: SkeletalMeshSocket_53

    SocketName = Catch_Neck
    BoneName = Bip01Neck
    RelativeLocation = { X=0, Y=0, Z=0 }
    RelativeRotation = { Yaw=0, Pitch=0, Roll=0 }
    RelativeScale = { X=1, Y=1, Z=1 }

Object info:
============
ClassName: SkeletalMeshSocket ObjectName: SkeletalMeshSocket_54

    SocketName = socket_force
    BoneName = Root
    RelativeLocation = { X=33, Y=40, Z=0 }
    RelativeRotation = { Yaw=0, Pitch=0, Roll=0 }
    RelativeScale = { X=1, Y=1, Z=1 }

Object info:
============
ClassName: SkeletalMeshSocket ObjectName: SkeletalMeshSocket_55

    SocketName = Mount_Socket
    BoneName = Root
    RelativeLocation = { X=0, Y=0, Z=0 }
    RelativeRotation = { Yaw=32768, Pitch=0, Roll=0 }
    RelativeScale = { X=1, Y=1, Z=1 }

Object info:
============
ClassName: SkeletalMeshSocket ObjectName: SkeletalMeshSocket_56

    SocketName = ATTACH_EFFECT
    BoneName = Bip01
    RelativeLocation = { X=0, Y=0, Z=0 }
    RelativeRotation = { Yaw=0, Pitch=0, Roll=0 }
    RelativeScale = { X=1, Y=1, Z=1 }

Object info:
============
ClassName: SkeletalMeshSocket ObjectName: SkeletalMeshSocket_57

    SocketName = Mount_Ambar_Socket
    BoneName = Bip01LClavicle
    RelativeLocation = { X=-14.0393, Y=1.73046, Z=-9.07423 }
    RelativeRotation = { Yaw=-285, Pitch=9970, Roll=22850 }
    RelativeScale = { X=1, Y=1, Z=1 }

Object info:
============
ClassName: SkeletalMeshSocket ObjectName: SkeletalMeshSocket_58

    SocketName = Mount_Choke_Socket
    BoneName = Root
    RelativeLocation = { X=-1.69592, Y=3.91374e-016, Z=0 }
    RelativeRotation = { Yaw=32768, Pitch=0, Roll=0 }
    RelativeScale = { X=1, Y=1, Z=1 }

Object info:
============
ClassName: SkeletalMeshSocket ObjectName: SkeletalMeshSocket_59

    SocketName = Decap_Socket
    BoneName = Bip01Neck
    RelativeLocation = { X=4.34934, Y=-0.548438, Z=0 }
    RelativeRotation = { Yaw=0, Pitch=0, Roll=0 }
    RelativeScale = { X=1, Y=1, Z=1 }
