Found 32768 game files (1766 skipped)
Loading package: 00045530.upk Ver: 573/1 Engine: 4205 Names: 102 Exports: 65 Imports: 5 Game: 801A
Loading Texture2D ArenaOnAir_combo from package 00045530.upk
Loading Texture2D ArenaOnAir_combo_Global from package 00045530.upk
Loading Texture2D ArenaOnAir_Effect_Airborne_Critical_01 from package 00045530.upk
Loading Texture2D ArenaOnAir_Effect_Airborne_Critical_01_global from package 00045530.upk
Loading Texture2D ArenaOnAir_Effect_Airborne_Critical_02 from package 00045530.upk
Loading Texture2D ArenaOnAir_Effect_Airborne_Critical_02_global from package 00045530.upk
Loading Texture2D ArenaOnAir_Effect_Down from package 00045530.upk
Loading Texture2D ArenaOnAir_Effect_Down_Critical_01 from package 00045530.upk
Loading Texture2D ArenaOnAir_Effect_Down_Critical_01_Eng from package 00045530.upk
Loading Texture2D ArenaOnAir_Effect_Down_Critical_02 from package 00045530.upk
Loading Texture2D ArenaOnAir_Effect_Down_Critical_02_Eng from package 00045530.upk
Loading Texture2D ArenaOnAir_Effect_Down_global from package 00045530.upk
Loading Texture2D ArenaOnAir_Effect_Groggy from package 00045530.upk
Loading Texture2D ArenaOnAir_Effect_Groggy_global from package 00045530.upk
Loading Texture2D ArenaOnAir_Effect_Kneel_Critical_01 from package 00045530.upk
Loading Texture2D ArenaOnAir_Effect_Kneel_Critical_01_Eng from package 00045530.upk
Loading Texture2D ArenaOnAir_Effect_Kneel_Critical_02 from package 00045530.upk
Loading Texture2D ArenaOnAir_Effect_Kneel_Critical_02_Eng from package 00045530.upk
Loading Texture2D ArenaOnAir_Effect_Knockback from package 00045530.upk
Loading Texture2D ArenaOnAir_Effect_KnockBack_Critical_01 from package 00045530.upk
Loading Texture2D ArenaOnAir_Effect_KnockBack_Critical_01_Eng from package 00045530.upk
Loading Texture2D ArenaOnAir_Effect_KnockBack_Critical_02 from package 00045530.upk
Loading Texture2D ArenaOnAir_Effect_KnockBack_Critical_02_Eng from package 00045530.upk
Loading Texture2D ArenaOnAir_Effect_knockback_global from package 00045530.upk
Loading Texture2D ArenaOnAir_Effect_Stun_Critical_01 from package 00045530.upk
Loading Texture2D ArenaOnAir_Effect_Stun_Critical_01_Eng from package 00045530.upk
Loading Texture2D ArenaOnAir_Effect_Stun_Critical_02 from package 00045530.upk
Loading Texture2D ArenaOnAir_Effect_Stun_Critical_02_Eng from package 00045530.upk
Loading Texture2D ArenaOnAir_Effect_swoon from package 00045530.upk
Loading Texture2D ArenaOnAir_Effect_swoon_global from package 00045530.upk
Loading Texture2D ArenaOnAir_Effect_Syncope from package 00045530.upk
Loading Texture2D ArenaOnAir_Effect_Syncope_global from package 00045530.upk
Loaded in 0.066 sec, 286 allocs, 3.45 MBytes serialized in 5012 calls.

Object info:
============
ClassName: Texture2D ObjectName: ArenaOnAir_combo

    SizeX = 512
    SizeY = 64
    Format = PF_A8R8G8B8 (2)
    AddressX = TA_Clamp (1)
    AddressY = TA_Clamp (1)
    TextureFileCacheName = None
    MipTailBaseIdx = 0
    bForcePVRTC4 = false
    UnpackMin[4] = { 0, 0, 0, 0 }
    UnpackMax[4] = { 1, 1, 1, 1 }

Object info:
============
ClassName: Texture2D ObjectName: ArenaOnAir_combo_Global

    SizeX = 512
    SizeY = 64
    Format = PF_A8R8G8B8 (2)
    AddressX = TA_Clamp (1)
    AddressY = TA_Clamp (1)
    TextureFileCacheName = None
    MipTailBaseIdx = 0
    bForcePVRTC4 = false
    UnpackMin[4] = { 0, 0, 0, 0 }
    UnpackMax[4] = { 1, 1, 1, 1 }

Object info:
============
ClassName: Texture2D ObjectName: ArenaOnAir_Effect_Airborne_Critical_01

    SizeX = 512
    SizeY = 256
    Format = PF_A8R8G8B8 (2)
    AddressX = TA_Clamp (1)
    AddressY = TA_Clamp (1)
    TextureFileCacheName = None
    MipTailBaseIdx = 0
    bForcePVRTC4 = false
    UnpackMin[4] = { 0, 0, 0, 0 }
    UnpackMax[4] = { 1, 1, 1, 1 }

Object info:
============
ClassName: Texture2D ObjectName: ArenaOnAir_Effect_Airborne_Critical_01_global

    SizeX = 512
    SizeY = 256
    Format = PF_A8R8G8B8 (2)
    AddressX = TA_Clamp (1)
    AddressY = TA_Clamp (1)
    TextureFileCacheName = None
    MipTailBaseIdx = 0
    bForcePVRTC4 = false
    UnpackMin[4] = { 0, 0, 0, 0 }
    UnpackMax[4] = { 1, 1, 1, 1 }

Object info:
============
ClassName: Texture2D ObjectName: ArenaOnAir_Effect_Airborne_Critical_02

    SizeX = 512
    SizeY = 256
    Format = PF_A8R8G8B8 (2)
    AddressX = TA_Clamp (1)
    AddressY = TA_Clamp (1)
    TextureFileCacheName = None
    MipTailBaseIdx = 0
    bForcePVRTC4 = false
    UnpackMin[4] = { 0, 0, 0, 0 }
    UnpackMax[4] = { 1, 1, 1, 1 }

Object info:
============
ClassName: Texture2D ObjectName: ArenaOnAir_Effect_Airborne_Critical_02_global

    SizeX = 512
    SizeY = 256
    Format = PF_A8R8G8B8 (2)
    AddressX = TA_Clamp (1)
    AddressY = TA_Clamp (1)
    TextureFileCacheName = None
    MipTailBaseIdx = 0
    bForcePVRTC4 = false
    UnpackMin[4] = { 0, 0, 0, 0 }
    UnpackMax[4] = { 1, 1, 1, 1 }

Object info:
============
ClassName: Texture2D ObjectName: ArenaOnAir_Effect_Down

    SizeX = 256
    SizeY = 256
    Format = PF_A8R8G8B8 (2)
    AddressX = TA_Clamp (1)
    AddressY = TA_Clamp (1)
    TextureFileCacheName = None
    MipTailBaseIdx = 0
    bForcePVRTC4 = false
    UnpackMin[4] = { 0, 0, 0, 0 }
    UnpackMax[4] = { 1, 1, 1, 1 }

Object info:
============
ClassName: Texture2D ObjectName: ArenaOnAir_Effect_Down_Critical_01

    SizeX = 512
    SizeY = 256
    Format = PF_A8R8G8B8 (2)
    AddressX = TA_Clamp (1)
    AddressY = TA_Clamp (1)
    TextureFileCacheName = None
    MipTailBaseIdx = 0
    bForcePVRTC4 = false
    UnpackMin[4] = { 0, 0, 0, 0 }
    UnpackMax[4] = { 1, 1, 1, 1 }

Object info:
============
ClassName: Texture2D ObjectName: ArenaOnAir_Effect_Down_Critical_01_Eng

    SizeX = 512
    SizeY = 256
    Format = PF_A8R8G8B8 (2)
    AddressX = TA_Clamp (1)
    AddressY = TA_Clamp (1)
    TextureFileCacheName = None
    MipTailBaseIdx = 0
    bForcePVRTC4 = false
    UnpackMin[4] = { 0, 0, 0, 0 }
    UnpackMax[4] = { 1, 1, 1, 1 }

Object info:
============
ClassName: Texture2D ObjectName: ArenaOnAir_Effect_Down_Critical_02

    SizeX = 512
    SizeY = 256
    Format = PF_A8R8G8B8 (2)
    AddressX = TA_Clamp (1)
    AddressY = TA_Clamp (1)
    TextureFileCacheName = None
    MipTailBaseIdx = 0
    bForcePVRTC4 = false
    UnpackMin[4] = { 0, 0, 0, 0 }
    UnpackMax[4] = { 1, 1, 1, 1 }

Object info:
============
ClassName: Texture2D ObjectName: ArenaOnAir_Effect_Down_Critical_02_Eng

    SizeX = 512
    SizeY = 256
    Format = PF_A8R8G8B8 (2)
    AddressX = TA_Clamp (1)
    AddressY = TA_Clamp (1)
    TextureFileCacheName = None
    MipTailBaseIdx = 0
    bForcePVRTC4 = false
    UnpackMin[4] = { 0, 0, 0, 0 }
    UnpackMax[4] = { 1, 1, 1, 1 }

Object info:
============
ClassName: Texture2D ObjectName: ArenaOnAir_Effect_Down_global

    SizeX = 512
    SizeY = 256
    Format = PF_A8R8G8B8 (2)
    AddressX = TA_Clamp (1)
    AddressY = TA_Clamp (1)
    TextureFileCacheName = None
    MipTailBaseIdx = 0
    bForcePVRTC4 = false
    UnpackMin[4] = { 0, 0, 0, 0 }
    UnpackMax[4] = { 1, 1, 1, 1 }

Object info:
============
ClassName: Texture2D ObjectName: ArenaOnAir_Effect_Groggy

    SizeX = 256
    SizeY = 256
    Format = PF_A8R8G8B8 (2)
    AddressX = TA_Clamp (1)
    AddressY = TA_Clamp (1)
    TextureFileCacheName = None
    MipTailBaseIdx = 0
    bForcePVRTC4 = false
    UnpackMin[4] = { 0, 0, 0, 0 }
    UnpackMax[4] = { 1, 1, 1, 1 }

Object info:
============
ClassName: Texture2D ObjectName: ArenaOnAir_Effect_Groggy_global

    SizeX = 512
    SizeY = 256
    Format = PF_A8R8G8B8 (2)
    AddressX = TA_Clamp (1)
    AddressY = TA_Clamp (1)
    TextureFileCacheName = None
    MipTailBaseIdx = 0
    bForcePVRTC4 = false
    UnpackMin[4] = { 0, 0, 0, 0 }
    UnpackMax[4] = { 1, 1, 1, 1 }

Object info:
============
ClassName: Texture2D ObjectName: ArenaOnAir_Effect_Kneel_Critical_01

    SizeX = 512
    SizeY = 256
    Format = PF_A8R8G8B8 (2)
    AddressX = TA_Clamp (1)
    AddressY = TA_Clamp (1)
    TextureFileCacheName = None
    MipTailBaseIdx = 0
    bForcePVRTC4 = false
    UnpackMin[4] = { 0, 0, 0, 0 }
    UnpackMax[4] = { 1, 1, 1, 1 }

Object info:
============
ClassName: Texture2D ObjectName: ArenaOnAir_Effect_Kneel_Critical_01_Eng

    SizeX = 512
    SizeY = 256
    Format = PF_A8R8G8B8 (2)
    AddressX = TA_Clamp (1)
    AddressY = TA_Clamp (1)
    TextureFileCacheName = None
    MipTailBaseIdx = 0
    bForcePVRTC4 = false
    UnpackMin[4] = { 0, 0, 0, 0 }
    UnpackMax[4] = { 1, 1, 1, 1 }

Object info:
============
ClassName: Texture2D ObjectName: ArenaOnAir_Effect_Kneel_Critical_02

    SizeX = 512
    SizeY = 256
    Format = PF_A8R8G8B8 (2)
    AddressX = TA_Clamp (1)
    AddressY = TA_Clamp (1)
    TextureFileCacheName = None
    MipTailBaseIdx = 0
    bForcePVRTC4 = false
    UnpackMin[4] = { 0, 0, 0, 0 }
    UnpackMax[4] = { 1, 1, 1, 1 }

Object info:
============
ClassName: Texture2D ObjectName: ArenaOnAir_Effect_Kneel_Critical_02_Eng

    SizeX = 512
    SizeY = 256
    Format = PF_A8R8G8B8 (2)
    AddressX = TA_Clamp (1)
    AddressY = TA_Clamp (1)
    TextureFileCacheName = None
    MipTailBaseIdx = 0
    bForcePVRTC4 = false
    UnpackMin[4] = { 0, 0, 0, 0 }
    UnpackMax[4] = { 1, 1, 1, 1 }

Object info:
============
ClassName: Texture2D ObjectName: ArenaOnAir_Effect_Knockback

    SizeX = 256
    SizeY = 256
    Format = PF_A8R8G8B8 (2)
    AddressX = TA_Clamp (1)
    AddressY = TA_Clamp (1)
    TextureFileCacheName = None
    MipTailBaseIdx = 0
    bForcePVRTC4 = false
    UnpackMin[4] = { 0, 0, 0, 0 }
    UnpackMax[4] = { 1, 1, 1, 1 }

Object info:
============
ClassName: Texture2D ObjectName: ArenaOnAir_Effect_KnockBack_Critical_01

    SizeX = 512
    SizeY = 256
    Format = PF_A8R8G8B8 (2)
    AddressX = TA_Clamp (1)
    AddressY = TA_Clamp (1)
    TextureFileCacheName = None
    MipTailBaseIdx = 0
    bForcePVRTC4 = false
    UnpackMin[4] = { 0, 0, 0, 0 }
    UnpackMax[4] = { 1, 1, 1, 1 }

Object info:
============
ClassName: Texture2D ObjectName: ArenaOnAir_Effect_KnockBack_Critical_01_Eng

    SizeX = 512
    SizeY = 256
    Format = PF_A8R8G8B8 (2)
    AddressX = TA_Clamp (1)
    AddressY = TA_Clamp (1)
    TextureFileCacheName = None
    MipTailBaseIdx = 0
    bForcePVRTC4 = false
    UnpackMin[4] = { 0, 0, 0, 0 }
    UnpackMax[4] = { 1, 1, 1, 1 }

Object info:
============
ClassName: Texture2D ObjectName: ArenaOnAir_Effect_KnockBack_Critical_02

    SizeX = 512
    SizeY = 256
    Format = PF_A8R8G8B8 (2)
    AddressX = TA_Clamp (1)
    AddressY = TA_Clamp (1)
    TextureFileCacheName = None
    MipTailBaseIdx = 0
    bForcePVRTC4 = false
    UnpackMin[4] = { 0, 0, 0, 0 }
    UnpackMax[4] = { 1, 1, 1, 1 }

Object info:
============
ClassName: Texture2D ObjectName: ArenaOnAir_Effect_KnockBack_Critical_02_Eng

    SizeX = 512
    SizeY = 256
    Format = PF_A8R8G8B8 (2)
    AddressX = TA_Clamp (1)
    AddressY = TA_Clamp (1)
    TextureFileCacheName = None
    MipTailBaseIdx = 0
    bForcePVRTC4 = false
    UnpackMin[4] = { 0, 0, 0, 0 }
    UnpackMax[4] = { 1, 1, 1, 1 }

Object info:
============
ClassName: Texture2D ObjectName: ArenaOnAir_Effect_knockback_global

    SizeX = 512
    SizeY = 256
    Format = PF_A8R8G8B8 (2)
    AddressX = TA_Clamp (1)
    AddressY = TA_Clamp (1)
    TextureFileCacheName = None
    MipTailBaseIdx = 0
    bForcePVRTC4 = false
    UnpackMin[4] = { 0, 0, 0, 0 }
    UnpackMax[4] = { 1, 1, 1, 1 }

Object info:
============
ClassName: Texture2D ObjectName: ArenaOnAir_Effect_Stun_Critical_01

    SizeX = 512
    SizeY = 256
    Format = PF_A8R8G8B8 (2)
    AddressX = TA_Clamp (1)
    AddressY = TA_Clamp (1)
    TextureFileCacheName = None
    MipTailBaseIdx = 0
    bForcePVRTC4 = false
    UnpackMin[4] = { 0, 0, 0, 0 }
    UnpackMax[4] = { 1, 1, 1, 1 }

Object info:
============
ClassName: Texture2D ObjectName: ArenaOnAir_Effect_Stun_Critical_01_Eng

    SizeX = 512
    SizeY = 256
    Format = PF_A8R8G8B8 (2)
    AddressX = TA_Clamp (1)
    AddressY = TA_Clamp (1)
    TextureFileCacheName = None
    MipTailBaseIdx = 0
    bForcePVRTC4 = false
    UnpackMin[4] = { 0, 0, 0, 0 }
    UnpackMax[4] = { 1, 1, 1, 1 }

Object info:
============
ClassName: Texture2D ObjectName: ArenaOnAir_Effect_Stun_Critical_02

    SizeX = 512
    SizeY = 256
    Format = PF_A8R8G8B8 (2)
    AddressX = TA_Clamp (1)
    AddressY = TA_Clamp (1)
    TextureFileCacheName = None
    MipTailBaseIdx = 0
    bForcePVRTC4 = false
    UnpackMin[4] = { 0, 0, 0, 0 }
    UnpackMax[4] = { 1, 1, 1, 1 }

Object info:
============
ClassName: Texture2D ObjectName: ArenaOnAir_Effect_Stun_Critical_02_Eng

    SizeX = 512
    SizeY = 256
    Format = PF_A8R8G8B8 (2)
    AddressX = TA_Clamp (1)
    AddressY = TA_Clamp (1)
    TextureFileCacheName = None
    MipTailBaseIdx = 0
    bForcePVRTC4 = false
    UnpackMin[4] = { 0, 0, 0, 0 }
    UnpackMax[4] = { 1, 1, 1, 1 }

Object info:
============
ClassName: Texture2D ObjectName: ArenaOnAir_Effect_swoon

    SizeX = 256
    SizeY = 256
    Format = PF_A8R8G8B8 (2)
    AddressX = TA_Clamp (1)
    AddressY = TA_Clamp (1)
    TextureFileCacheName = None
    MipTailBaseIdx = 0
    bForcePVRTC4 = false
    UnpackMin[4] = { 0, 0, 0, 0 }
    UnpackMax[4] = { 1, 1, 1, 1 }

Object info:
============
ClassName: Texture2D ObjectName: ArenaOnAir_Effect_swoon_global

    SizeX = 512
    SizeY = 256
    Format = PF_A8R8G8B8 (2)
    AddressX = TA_Clamp (1)
    AddressY = TA_Clamp (1)
    TextureFileCacheName = None
    MipTailBaseIdx = 0
    bForcePVRTC4 = false
    UnpackMin[4] = { 0, 0, 0, 0 }
    UnpackMax[4] = { 1, 1, 1, 1 }

Object info:
============
ClassName: Texture2D ObjectName: ArenaOnAir_Effect_Syncope

    SizeX = 256
    SizeY = 256
    Format = PF_A8R8G8B8 (2)
    AddressX = TA_Clamp (1)
    AddressY = TA_Clamp (1)
    TextureFileCacheName = None
    MipTailBaseIdx = 0
    bForcePVRTC4 = false
    UnpackMin[4] = { 0, 0, 0, 0 }
    UnpackMax[4] = { 1, 1, 1, 1 }

Object info:
============
ClassName: Texture2D ObjectName: ArenaOnAir_Effect_Syncope_global

    SizeX = 512
    SizeY = 256
    Format = PF_A8R8G8B8 (2)
    AddressX = TA_Clamp (1)
    AddressY = TA_Clamp (1)
    TextureFileCacheName = None
    MipTailBaseIdx = 0
    bForcePVRTC4 = false
    UnpackMin[4] = { 0, 0, 0, 0 }
    UnpackMax[4] = { 1, 1, 1, 1 }
