Found 32768 game files (1222 skipped)
Loading package: 00048100.upk Ver: 573/1 Engine: 4205 Names: 136 Exports: 147 Imports: 11 Game: 801A
Loading SkeletalMesh3 PegasusEvolve from package 00048100.upk
WARNING: ByteProperty "USkeletalMesh3::ItemPreviewLocType" was not found
Loading package: 00048101.upk Ver: 573/1 Engine: 4205 Names: 88 Exports: 1 Imports: 19 Game: 801A
Loading SkeletalMeshSocket SkeletalMeshSocket_53 from package 00048100.upk
Loading SkeletalMeshSocket SkeletalMeshSocket_54 from package 00048100.upk
Loading MaterialInstanceConstant col1 from package 00048101.upk
Loading package: 00048096.upk Ver: 573/1 Engine: 4205 Names: 32 Exports: 4 Imports: 2 Game: 801A
Loading package: 00002640.upk Ver: 573/1 Engine: 4205 Names: 291 Exports: 507 Imports: 3 Game: 801A
Loading package: 00002620.upk Ver: 573/1 Engine: 4205 Names: 576 Exports: 7687 Imports: 96 Game: 801A
Loading Texture2D Pegasus_col1_N from package 00048096.upk
Loading Texture2D Pegasus_col1_M from package 00048096.upk
Loading Texture2D Pegasus_col1_D from package 00048096.upk
Loading Texture2D Pegasus_col1_S from package 00048096.upk
Loading TextureCube Cube_D from package 00002640.upk
Loading Texture2D check from package 00002620.upk
Loading Material3 Basic_view_reflect from package 00002620.upk
Loading package: 00012963.upk Ver: 573/1 Engine: 4205 Names: 1349 Exports: 1323 Imports: 10 Game: 801A
Loading Texture2D CubemapFace0 from package 00002640.upk
Loading Texture2D CubemapFace1 from package 00002640.upk
Loading Texture2D CubemapFace2 from package 00002640.upk
Loading Texture2D CubemapFace3 from package 00002640.upk
Loading Texture2D CubemapFace4 from package 00002640.upk
Loading Texture2D CubemapFace5 from package 00002640.upk
Loading Texture2D check_n from package 00002620.upk
Loading Texture2D Noise_Glass_000 from package 00012963.upk
Loading Texture2D Smoke_Pattern_001 from package 00012963.upk
Loading Texture2D Gradient_Wipe_BurnOut_Mask_TEST from package 00012963.upk
Loading Texture2D Gradient_Wipe_BurnOut_Mask from package 00012963.upk
Loading Texture2D Gradient_Line_003 from package 00012963.upk
Loaded in 0.16 sec, 2996 allocs, 1.62 MBytes serialized in 299330 calls.

Object info:
============
ClassName: SkeletalMesh3 ObjectName: PegasusEvolve

    LODInfo[1] =
    {
        LODInfo[0] =
        {
            DisplayFactor = 0
            LODHysteresis = 0.02
            LODMaterialMap[0] = {}
            bEnableShadowCasting[1] = { true }
        }
    }
    Sockets[2] =
    {
        Sockets[0] = SkeletalMeshSocket'PegasusEvolve.SkeletalMeshSocket_53'
        Sockets[1] = SkeletalMeshSocket'PegasusEvolve.SkeletalMeshSocket_54'
    }
    bHasVertexColors = false
    EnableTwistBoneFixers = true
    EnableClavicleFixer = true
    Materials[1] = { MaterialInstanceConstant'col1' }


    Lods[1] =
    {
        Lods[0] =
        {
            Sections[1] =
            {
                Sections[0] = { Material=MaterialInstanceConstant'col1', FirstIndex=0, NumFaces=4432 }
            }
            NumVerts = 3171
            IndexCount = 13296
            NumTexCoords = 1
        }
    }
    LodCount = 1
    MeshOrigin = { X=-0, Y=-0, Z=-0 }
    MeshScale = { X=1, Y=1, Z=1 }
    RotOrigin = { Yaw=0, Pitch=0, Roll=0 }
    BoneCount = 56

Object info:
============
ClassName: SkeletalMeshSocket ObjectName: SkeletalMeshSocket_53

    SocketName = fX_1
    BoneName = Bone18(mirrored)
    RelativeLocation = { X=5.11663, Y=0, Z=0 }
    RelativeRotation = { Yaw=0, Pitch=0, Roll=0 }
    RelativeScale = { X=1, Y=1, Z=1 }

Object info:
============
ClassName: SkeletalMeshSocket ObjectName: SkeletalMeshSocket_54

    SocketName = fX_2
    BoneName = Bone18
    RelativeLocation = { X=6.09727, Y=0, Z=0 }
    RelativeRotation = { Yaw=0, Pitch=0, Roll=0 }
    RelativeScale = { X=1, Y=1, Z=1 }
