Found 32768 game files (1222 skipped)
Loading package: 00044891.upk Ver: 573/1 Engine: 4205 Names: 313 Exports: 300 Imports: 89 Game: 801A
Loading SkeletalMesh3 WolfStone from package 00044891.upk
WARNING: ObjectProperty "USkeletalMesh3::PlaySoundSet" was not found
WARNING: FloatProperty "USkeletalMesh3::AnimNameHeight" was not found
WARNING: FloatProperty "USkeletalMesh3::NormalNameHeight" was not found
WARNING: FloatProperty "USkeletalMesh3::LowNameHeight" was not found
Loading package: 00044892.upk Ver: 573/1 Engine: 4205 Names: 91 Exports: 1 Imports: 20 Game: 801A
Loading SkeletalMeshSocket SkeletalMeshSocket_100 from package 00044891.upk
Loading SkeletalMeshSocket SkeletalMeshSocket_101 from package 00044891.upk
Loading SkeletalMeshSocket SkeletalMeshSocket_102 from package 00044891.upk
Loading SkeletalMeshSocket SkeletalMeshSocket_103 from package 00044891.upk
Loading SkeletalMeshSocket SkeletalMeshSocket_104 from package 00044891.upk
Loading SkeletalMeshSocket SkeletalMeshSocket_105 from package 00044891.upk
Loading SkeletalMeshSocket SkeletalMeshSocket_106 from package 00044891.upk
Loading SkeletalMeshSocket SkeletalMeshSocket_107 from package 00044891.upk
WARNING: ObjectProperty "USkeletalMeshSocket::DependencyParticleSystem" was not found
Loading SkeletalMeshSocket SkeletalMeshSocket_108 from package 00044891.upk
WARNING: ObjectProperty "USkeletalMeshSocket::DependencyParticleSystem" was not found
Loading SkeletalMeshSocket SkeletalMeshSocket_50 from package 00044891.upk
WARNING: ObjectProperty "USkeletalMeshSocket::DependencyParticleSystem" was not found
Loading SkeletalMeshSocket SkeletalMeshSocket_99 from package 00044891.upk
Loading MaterialInstanceConstant col1 from package 00044892.upk
Loading package: 00044893.upk Ver: 573/1 Engine: 4205 Names: 39 Exports: 10 Imports: 4 Game: 801A
Loading package: 00002640.upk Ver: 573/1 Engine: 4205 Names: 291 Exports: 507 Imports: 3 Game: 801A
Loading package: 00002620.upk Ver: 573/1 Engine: 4205 Names: 576 Exports: 7687 Imports: 96 Game: 801A
Loading Texture2D WolfStone_col1_N from package 00044893.upk
Loading Texture2D WolfStone_col1_M from package 00044893.upk
Loading Texture2D WolfStone_col1_D from package 00044893.upk
Loading Texture2D WolfStone_col1_S from package 00044893.upk
Loading TextureCube MatelR3 from package 00002640.upk
Loading Texture2D WolfStone_col1_E from package 00044893.upk
WARNING: ByteProperty "UTexture2D::ManualLoadSwitchSettings" was not found
Loading Material3 Basic from package 00002620.upk
Loading package: 00012963.upk Ver: 573/1 Engine: 4205 Names: 1349 Exports: 1323 Imports: 10 Game: 801A
Loading Texture2D CubemapFace0 from package 00002640.upk
Loading Texture2D CubemapFace1 from package 00002640.upk
Loading Texture2D CubemapFace2 from package 00002640.upk
Loading Texture2D CubemapFace3 from package 00002640.upk
Loading Texture2D CubemapFace4 from package 00002640.upk
Loading Texture2D CubemapFace5 from package 00002640.upk
Loading Texture2D check_n from package 00002620.upk
Loading Texture2D check from package 00002620.upk
Loading Texture2D Smoke_Pattern_001 from package 00012963.upk
Loading Texture2D Gradient_Line_003 from package 00012963.upk
Loading Texture2D Gradient_Wipe_BurnOut_Mask_TEST from package 00012963.upk
Loading Texture2D Gradient_Wipe_BurnOut_Mask from package 00012963.upk
Loaded in 0.2 sec, 3210 allocs, 3.16 MBytes serialized in 469149 calls.

Object info:
============
ClassName: SkeletalMesh3 ObjectName: WolfStone

    LODInfo[1] =
    {
        LODInfo[0] =
        {
            DisplayFactor = 0
            LODHysteresis = 0.02
            LODMaterialMap[0] = {}
            bEnableShadowCasting[1] = { true }
        }
    }
    Sockets[11] =
    {
        Sockets[0] = SkeletalMeshSocket'WolfStone.SkeletalMeshSocket_99'
        Sockets[1] = SkeletalMeshSocket'WolfStone.SkeletalMeshSocket_100'
        Sockets[2] = SkeletalMeshSocket'WolfStone.SkeletalMeshSocket_101'
        Sockets[3] = SkeletalMeshSocket'WolfStone.SkeletalMeshSocket_102'
        Sockets[4] = SkeletalMeshSocket'WolfStone.SkeletalMeshSocket_103'
        Sockets[5] = SkeletalMeshSocket'WolfStone.SkeletalMeshSocket_104'
        Sockets[6] = SkeletalMeshSocket'WolfStone.SkeletalMeshSocket_105'
        Sockets[7] = SkeletalMeshSocket'WolfStone.SkeletalMeshSocket_106'
        Sockets[8] = SkeletalMeshSocket'WolfStone.SkeletalMeshSocket_107'
        Sockets[9] = SkeletalMeshSocket'WolfStone.SkeletalMeshSocket_50'
        Sockets[10] = SkeletalMeshSocket'WolfStone.SkeletalMeshSocket_108'
    }
    bHasVertexColors = false
    EnableTwistBoneFixers = true
    EnableClavicleFixer = true
    Materials[1] = { MaterialInstanceConstant'col1' }


    Lods[1] =
    {
        Lods[0] =
        {
            Sections[1] =
            {
                Sections[0] = { Material=MaterialInstanceConstant'col1', FirstIndex=0, NumFaces=11466 }
            }
            NumVerts = 7751
            IndexCount = 34398
            NumTexCoords = 1
        }
    }
    LodCount = 1
    MeshOrigin = { X=-0, Y=-0, Z=-0 }
    MeshScale = { X=1, Y=1, Z=1 }
    RotOrigin = { Yaw=0, Pitch=0, Roll=0 }
    BoneCount = 37

Object info:
============
ClassName: SkeletalMeshSocket ObjectName: SkeletalMeshSocket_100

    SocketName = socket_force
    BoneName = Root
    RelativeLocation = { X=15.0501, Y=35, Z=1.25 }
    RelativeRotation = { Yaw=0, Pitch=0, Roll=0 }
    RelativeScale = { X=1, Y=1, Z=1 }

Object info:
============
ClassName: SkeletalMeshSocket ObjectName: SkeletalMeshSocket_101

    SocketName = Catch_Neck
    BoneName = Bip01Neck
    RelativeLocation = { X=0, Y=0, Z=0 }
    RelativeRotation = { Yaw=0, Pitch=0, Roll=0 }
    RelativeScale = { X=1, Y=1, Z=1 }

Object info:
============
ClassName: SkeletalMeshSocket ObjectName: SkeletalMeshSocket_102

    SocketName = Catch_Back
    BoneName = Bip01Spine2
    RelativeLocation = { X=-10.7093, Y=-23.4687, Z=-6.00069 }
    RelativeRotation = { Yaw=0, Pitch=0, Roll=0 }
    RelativeScale = { X=1, Y=1, Z=1 }

Object info:
============
ClassName: SkeletalMeshSocket ObjectName: SkeletalMeshSocket_103

    SocketName = Decap_Socket
    BoneName = Bip01Neck
    RelativeLocation = { X=2.01375, Y=18.7754, Z=8.37237 }
    RelativeRotation = { Yaw=0, Pitch=0, Roll=0 }
    RelativeScale = { X=1, Y=1, Z=1 }

Object info:
============
ClassName: SkeletalMeshSocket ObjectName: SkeletalMeshSocket_104

    SocketName = Mount_Socket
    BoneName = Bip01Spine2
    RelativeLocation = { X=0, Y=-1.89056, Z=-17.8028 }
    RelativeRotation = { Yaw=0, Pitch=0, Roll=30947 }
    RelativeScale = { X=1, Y=1, Z=1 }

Object info:
============
ClassName: SkeletalMeshSocket ObjectName: SkeletalMeshSocket_105

    SocketName = Mount_Choke_Socket
    BoneName = Root
    RelativeLocation = { X=-3.16983, Y=3.88178e-016, Z=19.25 }
    RelativeRotation = { Yaw=32768, Pitch=0, Roll=0 }
    RelativeScale = { X=1, Y=1, Z=1 }

Object info:
============
ClassName: SkeletalMeshSocket ObjectName: SkeletalMeshSocket_106

    SocketName = Mount_Ambar_Socket
    BoneName = Bip01LClavicle
    RelativeLocation = { X=17.1978, Y=2, Z=-20.0816 }
    RelativeRotation = { Yaw=14563, Pitch=14563, Roll=25486 }
    RelativeScale = { X=1, Y=1, Z=1 }

Object info:
============
ClassName: SkeletalMeshSocket ObjectName: SkeletalMeshSocket_107

    SocketName = ATTACH_EFFECT
    BoneName = Bip01
    RelativeLocation = { X=0, Y=0, Z=0 }
    RelativeRotation = { Yaw=0, Pitch=0, Roll=0 }
    RelativeScale = { X=1, Y=1, Z=1 }

Object info:
============
ClassName: SkeletalMeshSocket ObjectName: SkeletalMeshSocket_108

    SocketName = FX_elecBig
    BoneName = Bip01
    RelativeLocation = { X=5, Y=0, Z=35 }
    RelativeRotation = { Yaw=0, Pitch=0, Roll=0 }
    RelativeScale = { X=0.3, Y=0.3, Z=0.3 }

Object info:
============
ClassName: SkeletalMeshSocket ObjectName: SkeletalMeshSocket_50

    SocketName = FX_elec01
    BoneName = Bip01Neck
    RelativeLocation = { X=0, Y=0, Z=0 }
    RelativeRotation = { Yaw=0, Pitch=0, Roll=0 }
    RelativeScale = { X=1, Y=1, Z=1 }

Object info:
============
ClassName: SkeletalMeshSocket ObjectName: SkeletalMeshSocket_99

    SocketName = target_high
    BoneName = Bip01Head
    RelativeLocation = { X=15, Y=0, Z=0 }
    RelativeRotation = { Yaw=0, Pitch=0, Roll=0 }
    RelativeScale = { X=1, Y=1, Z=1 }
