Found 32768 game files (1766 skipped)
Loading package: 00046061.upk Ver: 573/1 Engine: 4205 Names: 248 Exports: 388 Imports: 16 Game: 801A
Loading SkeletalMesh3 TriHeadDragon from package 00046061.upk
WARNING: ObjectProperty "USkeletalMesh3::PlaySoundSet" was not found
WARNING: FloatProperty "USkeletalMesh3::AnimNameHeight" was not found
WARNING: FloatProperty "USkeletalMesh3::NormalNameHeight" was not found
WARNING: FloatProperty "USkeletalMesh3::LowNameHeight" was not found
WARNING: BoolProperty "USkeletalMesh3::bForceCharacterLight" was not found
Loading package: 00046060.upk Ver: 573/1 Engine: 4205 Names: 108 Exports: 1 Imports: 24 Game: 801A
Loading SkeletalMeshSocket SkeletalMeshSocket_103 from package 00046061.upk
Loading SkeletalMeshSocket SkeletalMeshSocket_106 from package 00046061.upk
Loading SkeletalMeshSocket SkeletalMeshSocket_107 from package 00046061.upk
Loading SkeletalMeshSocket SkeletalMeshSocket_108 from package 00046061.upk
Loading SkeletalMeshSocket SkeletalMeshSocket_109 from package 00046061.upk
Loading SkeletalMeshSocket SkeletalMeshSocket_110 from package 00046061.upk
Loading SkeletalMeshSocket SkeletalMeshSocket_111 from package 00046061.upk
Loading SkeletalMeshSocket SkeletalMeshSocket_112 from package 00046061.upk
Loading SkeletalMeshSocket SkeletalMeshSocket_113 from package 00046061.upk
Loading SkeletalMeshSocket SkeletalMeshSocket_114 from package 00046061.upk
Loading SkeletalMeshSocket SkeletalMeshSocket_115 from package 00046061.upk
Loading SkeletalMeshSocket SkeletalMeshSocket_116 from package 00046061.upk
Loading SkeletalMeshSocket SkeletalMeshSocket_117 from package 00046061.upk
Loading SkeletalMeshSocket SkeletalMeshSocket_118 from package 00046061.upk
Loading SkeletalMeshSocket SkeletalMeshSocket_119 from package 00046061.upk
Loading SkeletalMeshSocket SkeletalMeshSocket_187 from package 00046061.upk
Loading SkeletalMeshSocket SkeletalMeshSocket_188 from package 00046061.upk
Loading SkeletalMeshSocket SkeletalMeshSocket_189 from package 00046061.upk
Loading SkeletalMeshSocket SkeletalMeshSocket_190 from package 00046061.upk
Loading SkeletalMeshSocket SkeletalMeshSocket_191 from package 00046061.upk
Loading SkeletalMeshSocket SkeletalMeshSocket_192 from package 00046061.upk
Loading SkeletalMeshSocket SkeletalMeshSocket_193 from package 00046061.upk
Loading SkeletalMeshSocket SkeletalMeshSocket_194 from package 00046061.upk
Loading MaterialInstanceConstant col1 from package 00046060.upk
Loading package: 00046059.upk Ver: 573/1 Engine: 4205 Names: 41 Exports: 14 Imports: 4 Game: 801A
Loading package: 00002640.upk Ver: 573/1 Engine: 4205 Names: 291 Exports: 507 Imports: 3 Game: 801A
Loading package: 00002620.upk Ver: 573/1 Engine: 4205 Names: 576 Exports: 7687 Imports: 96 Game: 801A
Loading package: 00012963.upk Ver: 573/1 Engine: 4205 Names: 1386 Exports: 1362 Imports: 10 Game: 801A
Loading package: 00047018.upk Ver: 573/1 Engine: 4205 Names: 191 Exports: 275 Imports: 54 Game: 801A
Loading Texture2D TriHeadDragon_col1_N from package 00046059.upk
Loading Texture2D TriHeadDragon_col1_M from package 00046059.upk
Loading Texture2D TriHeadDragon_col1_D from package 00046059.upk
Loading Texture2D TriHeadDragon_col1_S from package 00046059.upk
Loading TextureCube cube_orb from package 00002640.upk
Loading Texture2D TriHeadDragon_col1_E from package 00046059.upk
Loading Texture2D FX_Mask from package 00046059.upk
Loading Texture2D check from package 00002620.upk
Loading Texture2D Noise_020 from package 00012963.upk
Loading Material3 Basic_TriHeadDragon from package 00047018.upk
Loading Texture2D CubemapFace0 from package 00002640.upk
Loading Texture2D CubemapFace1 from package 00002640.upk
Loading Texture2D CubemapFace2 from package 00002640.upk
Loading Texture2D CubemapFace3 from package 00002640.upk
Loading Texture2D CubemapFace4 from package 00002640.upk
Loading Texture2D CubemapFace5 from package 00002640.upk
Loading Texture2D check_n from package 00002620.upk
Loading Texture2D Smoke_Pattern_001 from package 00012963.upk
Loading Texture2D Gradient_Line_003 from package 00012963.upk
Loading Texture2D Gradient_Wipe_BurnOut_Mask_TEST from package 00012963.upk
Loading Texture2D Gradient_Wipe_BurnOut_Mask from package 00012963.upk
Loaded in 0.19 sec, 3509 allocs, 5.23 MBytes serialized in 561426 calls.

Object info:
============
ClassName: SkeletalMesh3 ObjectName: TriHeadDragon

    LODInfo[1] =
    {
        LODInfo[0] =
        {
            DisplayFactor = 0
            LODHysteresis = 0.02
            LODMaterialMap[0] = {}
            bEnableShadowCasting[2] = { true, true }
        }
    }
    Sockets[23] =
    {
        Sockets[0] = SkeletalMeshSocket'TriHeadDragon.SkeletalMeshSocket_106'
        Sockets[1] = SkeletalMeshSocket'TriHeadDragon.SkeletalMeshSocket_107'
        Sockets[2] = SkeletalMeshSocket'TriHeadDragon.SkeletalMeshSocket_108'
        Sockets[3] = SkeletalMeshSocket'TriHeadDragon.SkeletalMeshSocket_109'
        Sockets[4] = SkeletalMeshSocket'TriHeadDragon.SkeletalMeshSocket_110'
        Sockets[5] = SkeletalMeshSocket'TriHeadDragon.SkeletalMeshSocket_111'
        Sockets[6] = SkeletalMeshSocket'TriHeadDragon.SkeletalMeshSocket_112'
        Sockets[7] = SkeletalMeshSocket'TriHeadDragon.SkeletalMeshSocket_113'
        Sockets[8] = SkeletalMeshSocket'TriHeadDragon.SkeletalMeshSocket_114'
        Sockets[9] = SkeletalMeshSocket'TriHeadDragon.SkeletalMeshSocket_115'
        Sockets[10] = SkeletalMeshSocket'TriHeadDragon.SkeletalMeshSocket_116'
        Sockets[11] = SkeletalMeshSocket'TriHeadDragon.SkeletalMeshSocket_117'
        Sockets[12] = SkeletalMeshSocket'TriHeadDragon.SkeletalMeshSocket_118'
        Sockets[13] = SkeletalMeshSocket'TriHeadDragon.SkeletalMeshSocket_119'
        Sockets[14] = SkeletalMeshSocket'TriHeadDragon.SkeletalMeshSocket_103'
        Sockets[15] = SkeletalMeshSocket'TriHeadDragon.SkeletalMeshSocket_187'
        Sockets[16] = SkeletalMeshSocket'TriHeadDragon.SkeletalMeshSocket_188'
        Sockets[17] = SkeletalMeshSocket'TriHeadDragon.SkeletalMeshSocket_189'
        Sockets[18] = SkeletalMeshSocket'TriHeadDragon.SkeletalMeshSocket_190'
        Sockets[19] = SkeletalMeshSocket'TriHeadDragon.SkeletalMeshSocket_191'
        Sockets[20] = SkeletalMeshSocket'TriHeadDragon.SkeletalMeshSocket_192'
        Sockets[21] = SkeletalMeshSocket'TriHeadDragon.SkeletalMeshSocket_193'
        Sockets[22] = SkeletalMeshSocket'TriHeadDragon.SkeletalMeshSocket_194'
    }
    bHasVertexColors = false
    EnableTwistBoneFixers = true
    EnableClavicleFixer = true
    Materials[1] = { MaterialInstanceConstant'col1' }


    Lods[1] =
    {
        Lods[0] =
        {
            Sections[2] =
            {
                Sections[0] = { Material=MaterialInstanceConstant'col1', FirstIndex=0, NumFaces=7041 }
                Sections[1] = { Material=MaterialInstanceConstant'col1', FirstIndex=21123, NumFaces=4744 }
            }
            NumVerts = 9743
            IndexCount = 35355
            NumTexCoords = 1
        }
    }
    LodCount = 1
    MeshOrigin = { X=-0, Y=-0, Z=-0 }
    MeshScale = { X=1, Y=1, Z=1 }
    RotOrigin = { Yaw=0, Pitch=0, Roll=0 }
    BoneCount = 122

Object info:
============
ClassName: SkeletalMeshSocket ObjectName: SkeletalMeshSocket_103

    SocketName = target_high
    BoneName = Bip01Head
    RelativeLocation = { X=5, Y=0, Z=0 }
    RelativeRotation = { Yaw=0, Pitch=0, Roll=0 }
    RelativeScale = { X=1, Y=1, Z=1 }

Object info:
============
ClassName: SkeletalMeshSocket ObjectName: SkeletalMeshSocket_106

    SocketName = FX_LFinger31
    BoneName = Bip01LFinger31
    RelativeLocation = { X=16.2497, Y=-2.0074, Z=0 }
    RelativeRotation = { Yaw=0, Pitch=0, Roll=0 }
    RelativeScale = { X=1, Y=1, Z=1 }

Object info:
============
ClassName: SkeletalMeshSocket ObjectName: SkeletalMeshSocket_107

    SocketName = FX_LFinger21
    BoneName = Bip01LFinger21
    RelativeLocation = { X=17.0435, Y=0, Z=0 }
    RelativeRotation = { Yaw=0, Pitch=0, Roll=0 }
    RelativeScale = { X=1, Y=1, Z=1 }

Object info:
============
ClassName: SkeletalMeshSocket ObjectName: SkeletalMeshSocket_108

    SocketName = FX_LFinger11
    BoneName = Bip01LFinger11
    RelativeLocation = { X=18.0475, Y=0, Z=0 }
    RelativeRotation = { Yaw=0, Pitch=0, Roll=0 }
    RelativeScale = { X=1, Y=1, Z=1 }

Object info:
============
ClassName: SkeletalMeshSocket ObjectName: SkeletalMeshSocket_109

    SocketName = FX_RFinger31
    BoneName = Bip01RFinger31
    RelativeLocation = { X=20.689, Y=0, Z=0 }
    RelativeRotation = { Yaw=0, Pitch=0, Roll=0 }
    RelativeScale = { X=1, Y=1, Z=1 }

Object info:
============
ClassName: SkeletalMeshSocket ObjectName: SkeletalMeshSocket_110

    SocketName = FX_RFinger21
    BoneName = Bip01RFinger21
    RelativeLocation = { X=20.9813, Y=0, Z=0 }
    RelativeRotation = { Yaw=0, Pitch=0, Roll=0 }
    RelativeScale = { X=1, Y=1, Z=1 }

Object info:
============
ClassName: SkeletalMeshSocket ObjectName: SkeletalMeshSocket_111

    SocketName = FX_RFinger11
    BoneName = Bip01RFinger11
    RelativeLocation = { X=21.3305, Y=0, Z=0 }
    RelativeRotation = { Yaw=0, Pitch=0, Roll=0 }
    RelativeScale = { X=1, Y=1, Z=1 }

Object info:
============
ClassName: SkeletalMeshSocket ObjectName: SkeletalMeshSocket_112

    SocketName = FX_trail_01
    BoneName = Bip01Tail4
    RelativeLocation = { X=0, Y=0, Z=52.5 }
    RelativeRotation = { Yaw=0, Pitch=0, Roll=0 }
    RelativeScale = { X=1, Y=1, Z=1 }

Object info:
============
ClassName: SkeletalMeshSocket ObjectName: SkeletalMeshSocket_113

    SocketName = FX_trail_02
    BoneName = Bip01Tail5_L
    RelativeLocation = { X=106.181, Y=0, Z=1.08528 }
    RelativeRotation = { Yaw=0, Pitch=0, Roll=0 }
    RelativeScale = { X=1, Y=1, Z=1 }

Object info:
============
ClassName: SkeletalMeshSocket ObjectName: SkeletalMeshSocket_114

    SocketName = FX_trail_03
    BoneName = Bip01Tail5_R
    RelativeLocation = { X=103, Y=0.403353, Z=0 }
    RelativeRotation = { Yaw=0, Pitch=0, Roll=0 }
    RelativeScale = { X=1, Y=1, Z=1 }

Object info:
============
ClassName: SkeletalMeshSocket ObjectName: SkeletalMeshSocket_115

    SocketName = FX_trail_04
    BoneName = Bip01Tail4
    RelativeLocation = { X=0, Y=0, Z=-60.5 }
    RelativeRotation = { Yaw=0, Pitch=0, Roll=0 }
    RelativeScale = { X=1, Y=1, Z=1 }

Object info:
============
ClassName: SkeletalMeshSocket ObjectName: SkeletalMeshSocket_116

    SocketName = FX_trail_05
    BoneName = Bip01Tail5_R
    RelativeLocation = { X=195.101, Y=0, Z=-10.4261 }
    RelativeRotation = { Yaw=0, Pitch=0, Roll=0 }
    RelativeScale = { X=1, Y=1, Z=1 }

Object info:
============
ClassName: SkeletalMeshSocket ObjectName: SkeletalMeshSocket_117

    SocketName = FX_mouseR
    BoneName = Bone_Jaw_R
    RelativeLocation = { X=15.3918, Y=-8.4871, Z=0 }
    RelativeRotation = { Yaw=-3394, Pitch=0, Roll=0 }
    RelativeScale = { X=1, Y=1, Z=1 }

Object info:
============
ClassName: SkeletalMeshSocket ObjectName: SkeletalMeshSocket_118

    SocketName = FX_mouse
    BoneName = Bone_jaw
    RelativeLocation = { X=16.5754, Y=-9.51364, Z=0 }
    RelativeRotation = { Yaw=-8492, Pitch=1028, Roll=16975 }
    RelativeScale = { X=1, Y=1, Z=1 }

Object info:
============
ClassName: SkeletalMeshSocket ObjectName: SkeletalMeshSocket_119

    SocketName = FX_mouseL
    BoneName = Bone_Jaw_L
    RelativeLocation = { X=13.9383, Y=-7.74149, Z=0 }
    RelativeRotation = { Yaw=-3104, Pitch=0, Roll=0 }
    RelativeScale = { X=1, Y=1, Z=1 }

Object info:
============
ClassName: SkeletalMeshSocket ObjectName: SkeletalMeshSocket_187

    SocketName = socket_force
    BoneName = Root
    RelativeLocation = { X=120, Y=38, Z=0 }
    RelativeRotation = { Yaw=0, Pitch=0, Roll=0 }
    RelativeScale = { X=1, Y=1, Z=1 }

Object info:
============
ClassName: SkeletalMeshSocket ObjectName: SkeletalMeshSocket_188

    SocketName = Catch_Neck
    BoneName = Bip01Neck
    RelativeLocation = { X=0, Y=0, Z=0 }
    RelativeRotation = { Yaw=0, Pitch=0, Roll=0 }
    RelativeScale = { X=1, Y=1, Z=1 }

Object info:
============
ClassName: SkeletalMeshSocket ObjectName: SkeletalMeshSocket_189

    SocketName = Catch_Back
    BoneName = Bip01Spine2
    RelativeLocation = { X=1.15307, Y=-13.0209, Z=-20.9636 }
    RelativeRotation = { Yaw=-9102, Pitch=2730, Roll=15473 }
    RelativeScale = { X=1, Y=1, Z=1 }

Object info:
============
ClassName: SkeletalMeshSocket ObjectName: SkeletalMeshSocket_190

    SocketName = Decap_Socket
    BoneName = Bip01Neck1
    RelativeLocation = { X=0, Y=0, Z=0 }
    RelativeRotation = { Yaw=0, Pitch=0, Roll=0 }
    RelativeScale = { X=1, Y=1, Z=1 }

Object info:
============
ClassName: SkeletalMeshSocket ObjectName: SkeletalMeshSocket_191

    SocketName = Mount_Socket
    BoneName = Bip01Spine
    RelativeLocation = { X=21.3892, Y=2.05488, Z=17.4561 }
    RelativeRotation = { Yaw=0, Pitch=0, Roll=3640 }
    RelativeScale = { X=1, Y=1, Z=1 }

Object info:
============
ClassName: SkeletalMeshSocket ObjectName: SkeletalMeshSocket_192

    SocketName = Mount_Ambar_Socket
    BoneName = Bip01LClavicle
    RelativeLocation = { X=21.6141, Y=4.24165, Z=-10.9525 }
    RelativeRotation = { Yaw=-16614, Pitch=14524, Roll=1302 }
    RelativeScale = { X=1, Y=1, Z=1 }

Object info:
============
ClassName: SkeletalMeshSocket ObjectName: SkeletalMeshSocket_193

    SocketName = Mount_Choke_Socket
    BoneName = Root
    RelativeLocation = { X=-17.0753, Y=-1.00353, Z=38.738 }
    RelativeRotation = { Yaw=35134, Pitch=-728, Roll=2366 }
    RelativeScale = { X=1, Y=1, Z=1 }

Object info:
============
ClassName: SkeletalMeshSocket ObjectName: SkeletalMeshSocket_194

    SocketName = ATTACH_EFFECT
    BoneName = Bip01
    RelativeLocation = { X=0, Y=0, Z=0 }
    RelativeRotation = { Yaw=0, Pitch=0, Roll=0 }
    RelativeScale = { X=1, Y=1, Z=1 }
