Found 32768 game files (1222 skipped)
Loading package: 00040979.upk Ver: 573/1 Engine: 4205 Names: 164 Exports: 130 Imports: 15 Game: 801A
Loading SkeletalMesh3 090134_GonM from package 00040979.upk
WARNING: FloatProperty "USkeletalMesh3::AutoScale" was not found
WARNING: FloatProperty "USkeletalMesh3::EffectScale" was not found
WARNING: FloatProperty "USkeletalMesh3::AddFootOffsetValue" was not found
WARNING: FloatProperty "USkeletalMesh3::AnimNameHeight" was not found
WARNING: FloatProperty "USkeletalMesh3::NormalNameHeight" was not found
WARNING: ArrayProperty "USkeletalMesh3::NameplateMeshScaleRatio" was not found
WARNING: StructProperty "USkeletalMesh3::NameplateHeightRatio" was not found
WARNING: ArrayProperty "USkeletalMesh3::MeshScaleRatio" was not found
WARNING: StructProperty "USkeletalMesh3::HeightRatio" was not found
WARNING: StructProperty "USkeletalMesh3::HandRatio" was not found
Loading package: 00040978.upk Ver: 573/1 Engine: 4205 Names: 93 Exports: 1 Imports: 21 Game: 801A
Loading SkeletalMeshSocket SkeletalMeshSocket_111 from package 00040979.upk
Loading SkeletalMeshSocket SkeletalMeshSocket_112 from package 00040979.upk
Loading SkeletalMeshSocket SkeletalMeshSocket_113 from package 00040979.upk
Loading SkeletalMeshSocket SkeletalMeshSocket_114 from package 00040979.upk
Loading SkeletalMeshSocket SkeletalMeshSocket_115 from package 00040979.upk
Loading SkeletalMeshSocket SkeletalMeshSocket_116 from package 00040979.upk
WARNING: BoolProperty "USkeletalMeshSocket::bParticleAttachPosOnly" was not found
Loading SkeletalMeshSocket SkeletalMeshSocket_117 from package 00040979.upk
WARNING: ObjectProperty "USkeletalMeshSocket::PreviewSkelMesh" was not found
Loading SkeletalMeshSocket SkeletalMeshSocket_118 from package 00040979.upk
Loading SkeletalMeshSocket SkeletalMeshSocket_119 from package 00040979.upk
Loading SkeletalMeshSocket SkeletalMeshSocket_120 from package 00040979.upk
Loading SkeletalMeshSocket SkeletalMeshSocket_121 from package 00040979.upk
Loading SkeletalMeshSocket SkeletalMeshSocket_123 from package 00040979.upk
Loading SkeletalMeshSocket SkeletalMeshSocket_124 from package 00040979.upk
WARNING: BoolProperty "USkeletalMeshSocket::UseCustomizeScaleZ" was not found
Loading MaterialInstanceConstant col1 from package 00040978.upk
Loading package: 00040948.upk Ver: 573/1 Engine: 4205 Names: 32 Exports: 4 Imports: 2 Game: 801A
Loading package: 00002640.upk Ver: 573/1 Engine: 4205 Names: 291 Exports: 507 Imports: 3 Game: 801A
Loading package: 00031544.upk Ver: 573/1 Engine: 4205 Names: 34 Exports: 5 Imports: 2 Game: 801A
Loading package: 00002620.upk Ver: 573/1 Engine: 4205 Names: 576 Exports: 7687 Imports: 96 Game: 801A
Loading Texture2D 60136_GonM_col1_N from package 00040948.upk
Loading Texture2D 60136_GonM_col1_M from package 00040948.upk
Loading Texture2D 60136_GonM_col1_D from package 00040948.upk
Loading Texture2D 60136_GonM_col1_S from package 00040948.upk
Loading TextureCube lenscube_a from package 00002640.upk
Loading Texture2D 60136_JinM_col1_E from package 00031544.upk
Loading Material3 Body from package 00002620.upk
Loading package: 00012963.upk Ver: 573/1 Engine: 4205 Names: 1349 Exports: 1323 Imports: 10 Game: 801A
Loading Texture2D CubemapFace0 from package 00002640.upk
Loading Texture2D CubemapFace1 from package 00002640.upk
Loading Texture2D CubemapFace2 from package 00002640.upk
Loading Texture2D CubemapFace3 from package 00002640.upk
Loading Texture2D CubemapFace4 from package 00002640.upk
Loading Texture2D CubemapFace5 from package 00002640.upk
Loading Texture2D check_n from package 00002620.upk
Loading Texture2D Noise_Glass_000 from package 00012963.upk
Loading Texture2D Smoke_Pattern_001 from package 00012963.upk
Loading Texture2D Gradient_Wipe_BurnOut_Mask_TEST from package 00012963.upk
Loading Texture2D Gradient_Wipe_BurnOut_Mask from package 00012963.upk
Loading Texture2D check from package 00002620.upk
Loading Texture2D Gradient_Line_003 from package 00012963.upk
Loaded in 0.18 sec, 3151 allocs, 2.71 MBytes serialized in 281219 calls.

Object info:
============
ClassName: SkeletalMesh3 ObjectName: 090134_GonM

    LODInfo[1] =
    {
        LODInfo[0] =
        {
            DisplayFactor = 0
            LODHysteresis = 0.02
            LODMaterialMap[0] = {}
            bEnableShadowCasting[1] = { true }
        }
    }
    Sockets[13] =
    {
        Sockets[0] = SkeletalMeshSocket'090134_GonM.SkeletalMeshSocket_111'
        Sockets[1] = SkeletalMeshSocket'090134_GonM.SkeletalMeshSocket_112'
        Sockets[2] = SkeletalMeshSocket'090134_GonM.SkeletalMeshSocket_113'
        Sockets[3] = SkeletalMeshSocket'090134_GonM.SkeletalMeshSocket_114'
        Sockets[4] = SkeletalMeshSocket'090134_GonM.SkeletalMeshSocket_115'
        Sockets[5] = SkeletalMeshSocket'090134_GonM.SkeletalMeshSocket_116'
        Sockets[6] = SkeletalMeshSocket'090134_GonM.SkeletalMeshSocket_117'
        Sockets[7] = SkeletalMeshSocket'090134_GonM.SkeletalMeshSocket_118'
        Sockets[8] = SkeletalMeshSocket'090134_GonM.SkeletalMeshSocket_119'
        Sockets[9] = SkeletalMeshSocket'090134_GonM.SkeletalMeshSocket_120'
        Sockets[10] = SkeletalMeshSocket'090134_GonM.SkeletalMeshSocket_121'
        Sockets[11] = SkeletalMeshSocket'090134_GonM.SkeletalMeshSocket_123'
        Sockets[12] = SkeletalMeshSocket'090134_GonM.SkeletalMeshSocket_124'
    }
    bHasVertexColors = false
    EnableTwistBoneFixers = true
    EnableClavicleFixer = true
    Materials[1] = { MaterialInstanceConstant'col1' }


    Lods[1] =
    {
        Lods[0] =
        {
            Sections[1] =
            {
                Sections[0] = { Material=MaterialInstanceConstant'col1', FirstIndex=0, NumFaces=3196 }
            }
            NumVerts = 2352
            IndexCount = 9588
            NumTexCoords = 1
        }
    }
    LodCount = 1
    MeshOrigin = { X=-0, Y=-0, Z=-0 }
    MeshScale = { X=1, Y=1, Z=1 }
    RotOrigin = { Yaw=0, Pitch=0, Roll=0 }
    BoneCount = 34

Object info:
============
ClassName: SkeletalMeshSocket ObjectName: SkeletalMeshSocket_111

    SocketName = target_high
    BoneName = Bip01Head
    RelativeLocation = { X=0, Y=0, Z=0 }
    RelativeRotation = { Yaw=0, Pitch=0, Roll=0 }
    RelativeScale = { X=1, Y=1, Z=1 }

Object info:
============
ClassName: SkeletalMeshSocket ObjectName: SkeletalMeshSocket_112

    SocketName = Catch_Back
    BoneName = Bip01Spine2
    RelativeLocation = { X=4.06538, Y=12.2269, Z=0 }
    RelativeRotation = { Yaw=0, Pitch=0, Roll=0 }
    RelativeScale = { X=1, Y=1, Z=1 }

Object info:
============
ClassName: SkeletalMeshSocket ObjectName: SkeletalMeshSocket_113

    SocketName = Catch_Neck
    BoneName = Bip01Neck
    RelativeLocation = { X=0, Y=0, Z=0 }
    RelativeRotation = { Yaw=0, Pitch=0, Roll=0 }
    RelativeScale = { X=1, Y=1, Z=1 }

Object info:
============
ClassName: SkeletalMeshSocket ObjectName: SkeletalMeshSocket_114

    SocketName = socket_force
    BoneName = Root
    RelativeLocation = { X=49, Y=41, Z=0 }
    RelativeRotation = { Yaw=0, Pitch=0, Roll=0 }
    RelativeScale = { X=1, Y=1, Z=1 }

Object info:
============
ClassName: SkeletalMeshSocket ObjectName: SkeletalMeshSocket_115

    SocketName = Mount_Socket
    BoneName = Root
    RelativeLocation = { X=0, Y=0, Z=0 }
    RelativeRotation = { Yaw=32768, Pitch=0, Roll=0 }
    RelativeScale = { X=1, Y=1, Z=1 }

Object info:
============
ClassName: SkeletalMeshSocket ObjectName: SkeletalMeshSocket_116

    SocketName = ATTACH_EFFECT
    BoneName = Bip01
    RelativeLocation = { X=0, Y=0, Z=0 }
    RelativeRotation = { Yaw=0, Pitch=0, Roll=0 }
    RelativeScale = { X=1, Y=1, Z=1 }

Object info:
============
ClassName: SkeletalMeshSocket ObjectName: SkeletalMeshSocket_117

    SocketName = X_Root_Find_Test
    BoneName = Root
    RelativeLocation = { X=0, Y=0, Z=0 }
    RelativeRotation = { Yaw=0, Pitch=0, Roll=0 }
    RelativeScale = { X=1, Y=1, Z=1 }

Object info:
============
ClassName: SkeletalMeshSocket ObjectName: SkeletalMeshSocket_118

    SocketName = Mount_Ambar_Socket
    BoneName = Bip01LClavicle
    RelativeLocation = { X=-10, Y=-2, Z=-12 }
    RelativeRotation = { Yaw=-285, Pitch=9970, Roll=22850 }
    RelativeScale = { X=1, Y=1, Z=1 }

Object info:
============
ClassName: SkeletalMeshSocket ObjectName: SkeletalMeshSocket_119

    SocketName = Mount_Choke_Socket
    BoneName = Root
    RelativeLocation = { X=1.5, Y=0, Z=0 }
    RelativeRotation = { Yaw=32768, Pitch=0, Roll=0 }
    RelativeScale = { X=1, Y=1, Z=1 }

Object info:
============
ClassName: SkeletalMeshSocket ObjectName: SkeletalMeshSocket_120

    SocketName = Decap_Socket
    BoneName = Bip01Neck
    RelativeLocation = { X=0, Y=0, Z=0 }
    RelativeRotation = { Yaw=0, Pitch=0, Roll=0 }
    RelativeScale = { X=1, Y=1, Z=1 }

Object info:
============
ClassName: SkeletalMeshSocket ObjectName: SkeletalMeshSocket_121

    SocketName = Socket_Caster
    BoneName = Root
    RelativeLocation = { X=0, Y=0, Z=0 }
    RelativeRotation = { Yaw=32768, Pitch=0, Roll=0 }
    RelativeScale = { X=1, Y=1, Z=1 }

Object info:
============
ClassName: SkeletalMeshSocket ObjectName: SkeletalMeshSocket_123

    SocketName = Pet_Socket_1
    BoneName = Root
    RelativeLocation = { X=-2, Y=50, Z=100 }
    RelativeRotation = { Yaw=0, Pitch=0, Roll=0 }
    RelativeScale = { X=1, Y=1, Z=1 }

Object info:
============
ClassName: SkeletalMeshSocket ObjectName: SkeletalMeshSocket_124

    SocketName = Pet_Socket_2
    BoneName = Root
    RelativeLocation = { X=-2, Y=-40, Z=115 }
    RelativeRotation = { Yaw=0, Pitch=0, Roll=0 }
    RelativeScale = { X=1, Y=1, Z=1 }
