Found 32768 game files (1766 skipped)
Loading package: 00047144.upk Ver: 573/1 Engine: 4205 Names: 150 Exports: 130 Imports: 16 Game: 801A
Loading SkeletalMesh3 DemonFishmanA from package 00047144.upk
WARNING: ObjectProperty "USkeletalMesh3::PlaySoundSet" was not found
WARNING: FloatProperty "USkeletalMesh3::AddFootOffsetValue" was not found
WARNING: FloatProperty "USkeletalMesh3::AnimNameHeight" was not found
WARNING: FloatProperty "USkeletalMesh3::NormalNameHeight" was not found
WARNING: FloatProperty "USkeletalMesh3::LowNameHeight" was not found
Loading package: 00047143.upk Ver: 573/1 Engine: 4205 Names: 85 Exports: 1 Imports: 21 Game: 801A
Loading SkeletalMeshSocket SkeletalMeshSocket_148 from package 00047144.upk
WARNING: ObjectProperty "USkeletalMeshSocket::PreviewSkelMesh" was not found
Loading SkeletalMeshSocket SkeletalMeshSocket_149 from package 00047144.upk
Loading SkeletalMeshSocket SkeletalMeshSocket_150 from package 00047144.upk
Loading SkeletalMeshSocket SkeletalMeshSocket_151 from package 00047144.upk
Loading SkeletalMeshSocket SkeletalMeshSocket_152 from package 00047144.upk
Loading SkeletalMeshSocket SkeletalMeshSocket_153 from package 00047144.upk
Loading SkeletalMeshSocket SkeletalMeshSocket_154 from package 00047144.upk
Loading SkeletalMeshSocket SkeletalMeshSocket_155 from package 00047144.upk
Loading SkeletalMeshSocket SkeletalMeshSocket_156 from package 00047144.upk
Loading MaterialInstanceConstant col1 from package 00047143.upk
Loading package: 00047142.upk Ver: 573/1 Engine: 4205 Names: 35 Exports: 8 Imports: 2 Game: 801A
Loading package: 00002640.upk Ver: 573/1 Engine: 4205 Names: 291 Exports: 507 Imports: 3 Game: 801A
Loading package: 00002620.upk Ver: 573/1 Engine: 4205 Names: 576 Exports: 7687 Imports: 96 Game: 801A
Loading Texture2D DemonFishmanA_col1_N from package 00047142.upk
Loading Texture2D DemonFishmanA_col1_M from package 00047142.upk
Loading Texture2D DemonFishmanA_col1_D from package 00047142.upk
Loading Texture2D DemonFishmanA_col1_S from package 00047142.upk
Loading TextureCube cube_orb from package 00002640.upk
Loading Texture2D DemonFishmanA_col1_E from package 00047142.upk
Loading Material3 Basic_view_reflect from package 00002620.upk
Loading package: 00012963.upk Ver: 573/1 Engine: 4205 Names: 1386 Exports: 1362 Imports: 10 Game: 801A
Loading Texture2D CubemapFace0 from package 00002640.upk
Loading Texture2D CubemapFace1 from package 00002640.upk
Loading Texture2D CubemapFace2 from package 00002640.upk
Loading Texture2D CubemapFace3 from package 00002640.upk
Loading Texture2D CubemapFace4 from package 00002640.upk
Loading Texture2D CubemapFace5 from package 00002640.upk
Loading Texture2D check_n from package 00002620.upk
Loading Texture2D Noise_Glass_000 from package 00012963.upk
Loading Texture2D Smoke_Pattern_001 from package 00012963.upk
Loading Texture2D Gradient_Wipe_BurnOut_Mask_TEST from package 00012963.upk
Loading Texture2D Gradient_Wipe_BurnOut_Mask from package 00012963.upk
Loading Texture2D check from package 00002620.upk
Loading Texture2D Gradient_Line_003 from package 00012963.upk
Loaded in 0.14 sec, 3128 allocs, 2.85 MBytes serialized in 303339 calls.

Object info:
============
ClassName: SkeletalMesh3 ObjectName: DemonFishmanA

    LODInfo[1] =
    {
        LODInfo[0] =
        {
            DisplayFactor = 0
            LODHysteresis = 0.02
            LODMaterialMap[0] = {}
            bEnableShadowCasting[1] = { true }
        }
    }
    Sockets[9] =
    {
        Sockets[0] = SkeletalMeshSocket'DemonFishmanA.SkeletalMeshSocket_148'
        Sockets[1] = SkeletalMeshSocket'DemonFishmanA.SkeletalMeshSocket_149'
        Sockets[2] = SkeletalMeshSocket'DemonFishmanA.SkeletalMeshSocket_150'
        Sockets[3] = SkeletalMeshSocket'DemonFishmanA.SkeletalMeshSocket_151'
        Sockets[4] = SkeletalMeshSocket'DemonFishmanA.SkeletalMeshSocket_152'
        Sockets[5] = SkeletalMeshSocket'DemonFishmanA.SkeletalMeshSocket_153'
        Sockets[6] = SkeletalMeshSocket'DemonFishmanA.SkeletalMeshSocket_154'
        Sockets[7] = SkeletalMeshSocket'DemonFishmanA.SkeletalMeshSocket_155'
        Sockets[8] = SkeletalMeshSocket'DemonFishmanA.SkeletalMeshSocket_156'
    }
    bHasVertexColors = false
    EnableTwistBoneFixers = true
    EnableClavicleFixer = true
    Materials[1] = { MaterialInstanceConstant'col1' }


    Lods[1] =
    {
        Lods[0] =
        {
            Sections[1] =
            {
                Sections[0] = { Material=MaterialInstanceConstant'col1', FirstIndex=0, NumFaces=4540 }
            }
            NumVerts = 3126
            IndexCount = 13620
            NumTexCoords = 1
        }
    }
    LodCount = 1
    MeshOrigin = { X=-0, Y=-0, Z=-0 }
    MeshScale = { X=1, Y=1, Z=1 }
    RotOrigin = { Yaw=0, Pitch=0, Roll=0 }
    BoneCount = 47

Object info:
============
ClassName: SkeletalMeshSocket ObjectName: SkeletalMeshSocket_148

    SocketName = WeaponR
    BoneName = WeaponR
    RelativeLocation = { X=0, Y=0, Z=0 }
    RelativeRotation = { Yaw=0, Pitch=0, Roll=0 }
    RelativeScale = { X=1, Y=1, Z=1 }

Object info:
============
ClassName: SkeletalMeshSocket ObjectName: SkeletalMeshSocket_149

    SocketName = target_high
    BoneName = Bip01Head
    RelativeLocation = { X=0, Y=0, Z=10 }
    RelativeRotation = { Yaw=0, Pitch=0, Roll=0 }
    RelativeScale = { X=1, Y=1, Z=1 }

Object info:
============
ClassName: SkeletalMeshSocket ObjectName: SkeletalMeshSocket_150

    SocketName = socket_force
    BoneName = Root
    RelativeLocation = { X=44, Y=33, Z=20 }
    RelativeRotation = { Yaw=0, Pitch=0, Roll=0 }
    RelativeScale = { X=1, Y=1, Z=1 }

Object info:
============
ClassName: SkeletalMeshSocket ObjectName: SkeletalMeshSocket_151

    SocketName = Catch_Neck
    BoneName = Bip01Neck
    RelativeLocation = { X=0, Y=0, Z=0 }
    RelativeRotation = { Yaw=0, Pitch=0, Roll=0 }
    RelativeScale = { X=1, Y=1, Z=1 }

Object info:
============
ClassName: SkeletalMeshSocket ObjectName: SkeletalMeshSocket_152

    SocketName = Mount_Ambar_Socket
    BoneName = Bip01LClavicle
    RelativeLocation = { X=-10.9242, Y=-1.1465, Z=-11.3306 }
    RelativeRotation = { Yaw=-285, Pitch=9970, Roll=22850 }
    RelativeScale = { X=1, Y=1, Z=1 }

Object info:
============
ClassName: SkeletalMeshSocket ObjectName: SkeletalMeshSocket_153

    SocketName = Mount_Choke_Socket
    BoneName = Root
    RelativeLocation = { X=11.3404, Y=-8.73011, Z=0 }
    RelativeRotation = { Yaw=32768, Pitch=0, Roll=0 }
    RelativeScale = { X=1, Y=1, Z=1 }

Object info:
============
ClassName: SkeletalMeshSocket ObjectName: SkeletalMeshSocket_154

    SocketName = Mount_Socket
    BoneName = Root
    RelativeLocation = { X=-7.22141, Y=8.84338e-016, Z=0 }
    RelativeRotation = { Yaw=32768, Pitch=0, Roll=0 }
    RelativeScale = { X=1, Y=1, Z=1 }

Object info:
============
ClassName: SkeletalMeshSocket ObjectName: SkeletalMeshSocket_155

    SocketName = Decap_Socket
    BoneName = Bip01Neck
    RelativeLocation = { X=0, Y=0, Z=0 }
    RelativeRotation = { Yaw=0, Pitch=0, Roll=0 }
    RelativeScale = { X=1, Y=1, Z=1 }

Object info:
============
ClassName: SkeletalMeshSocket ObjectName: SkeletalMeshSocket_156

    SocketName = ATTACH_EFFECT
    BoneName = Bip01
    RelativeLocation = { X=10, Y=0, Z=0 }
    RelativeRotation = { Yaw=0, Pitch=0, Roll=0 }
    RelativeScale = { X=1, Y=1, Z=1 }
