Found 32768 game files (1222 skipped)
Loading package: 00044183.upk Ver: 573/1 Engine: 4205 Names: 24 Exports: 1 Imports: 5 Game: 801A
Loading SkeletalMesh3 SpiderGochi from package 00044183.upk
Loading package: 00044359.upk Ver: 573/1 Engine: 4205 Names: 116 Exports: 3 Imports: 28 Game: 801A
Loading MaterialInstanceConstant col1 from package 00044359.upk
Loading package: 00044184.upk Ver: 573/1 Engine: 4205 Names: 35 Exports: 8 Imports: 2 Game: 801A
Loading package: 00002640.upk Ver: 573/1 Engine: 4205 Names: 291 Exports: 507 Imports: 3 Game: 801A
Loading package: 00002620.upk Ver: 573/1 Engine: 4205 Names: 576 Exports: 7687 Imports: 96 Game: 801A
Loading MaterialInstanceConstant col1_2 from package 00044359.upk
Loading Texture2D Egg_N from package 00044184.upk
Loading Texture2D Egg_M from package 00044184.upk
Loading Texture2D Egg_D from package 00044184.upk
Loading Texture2D Egg_S from package 00044184.upk
Loading TextureCube cube_orb from package 00002640.upk
Loading Material3 Basic from package 00002620.upk
Loading package: 00012963.upk Ver: 573/1 Engine: 4205 Names: 1349 Exports: 1323 Imports: 10 Game: 801A
Loading Texture2D Spiderweb_001_N from package 00044184.upk
Loading Texture2D Spiderweb_001_D from package 00044184.upk
Loading Texture2D Spiderweb_001_S from package 00044184.upk
Loading Texture2D Cube_A_UP from package 00002640.upk
Loading Material3 Blend_OP from package 00002620.upk
Loading Texture2D CubemapFace0 from package 00002640.upk
Loading Texture2D CubemapFace1 from package 00002640.upk
Loading Texture2D CubemapFace2 from package 00002640.upk
Loading Texture2D CubemapFace3 from package 00002640.upk
Loading Texture2D CubemapFace4 from package 00002640.upk
Loading Texture2D CubemapFace5 from package 00002640.upk
Loading Texture2D check_n from package 00002620.upk
Loading Texture2D check from package 00002620.upk
Loading Texture2D Smoke_Pattern_001 from package 00012963.upk
Loading Texture2D Gradient_Line_003 from package 00012963.upk
Loading Texture2D Gradient_Wipe_BurnOut_Mask_TEST from package 00012963.upk
Loading Texture2D Gradient_Wipe_BurnOut_Mask from package 00012963.upk
Loaded in 0.2 sec, 3022 allocs, 3.31 MBytes serialized in 192543 calls.

Object info:
============
ClassName: SkeletalMesh3 ObjectName: SpiderGochi

    LODInfo[1] =
    {
        LODInfo[0] =
        {
            DisplayFactor = 0
            LODHysteresis = 0.02
            LODMaterialMap[0] = {}
            bEnableShadowCasting[2] = { true, true }
        }
    }
    Sockets[0] = {}
    bHasVertexColors = false
    EnableTwistBoneFixers = true
    EnableClavicleFixer = true
    Materials[2] = { MaterialInstanceConstant'col1', MaterialInstanceConstant'col1_2' }


    Lods[1] =
    {
        Lods[0] =
        {
            Sections[2] =
            {
                Sections[0] = { Material=MaterialInstanceConstant'col1', FirstIndex=0, NumFaces=158 }
                Sections[1] = { Material=MaterialInstanceConstant'col1_2', FirstIndex=474, NumFaces=166 }
            }
            NumVerts = 231
            IndexCount = 972
            NumTexCoords = 1
        }
    }
    LodCount = 1
    MeshOrigin = { X=-0, Y=-0, Z=-0 }
    MeshScale = { X=1, Y=1, Z=1 }
    RotOrigin = { Yaw=0, Pitch=0, Roll=0 }
    BoneCount = 1
