Found 32768 game files (1222 skipped)
Loading package: 00046900.upk Ver: 573/1 Engine: 4205 Names: 225 Exports: 147 Imports: 21 Game: 801A
Loading SkeletalMesh3 10118_JinM from package 00046900.upk
WARNING: ObjectProperty "USkeletalMesh3::MeshFactorSet" was not found
WARNING: ObjectProperty "USkeletalMesh3::PhysMaterialOverride" was not found
WARNING: ObjectProperty "USkeletalMesh3::PlaySoundSet" was not found
WARNING: FloatProperty "USkeletalMesh3::AddFootOffsetValue" was not found
WARNING: FloatProperty "USkeletalMesh3::AnimNameHeight" was not found
WARNING: FloatProperty "USkeletalMesh3::NormalNameHeight" was not found
WARNING: ArrayProperty "USkeletalMesh3::NameplateMeshScaleRatio" was not found
WARNING: StructProperty "USkeletalMesh3::NameplateHeightRatio" was not found
WARNING: ArrayProperty "USkeletalMesh3::MeshScaleRatio" was not found
WARNING: StructProperty "USkeletalMesh3::HeightRatio" was not found
WARNING: StructProperty "USkeletalMesh3::HandRatio" was not found
WARNING: ByteProperty "USkeletalMesh3::CommonPhysicsUseFlag" was not found
Loading package: 00046902.upk Ver: 573/1 Engine: 4205 Names: 114 Exports: 2 Imports: 33 Game: 801A
Loading SkeletalMeshSocket SkeletalMeshSocket_568 from package 00046900.upk
Loading SkeletalMeshSocket SkeletalMeshSocket_611 from package 00046900.upk
Loading MaterialInstanceConstant col1 from package 00046902.upk
Loading package: 00046901.upk Ver: 573/1 Engine: 4205 Names: 37 Exports: 10 Imports: 4 Game: 801A
Loading package: 00002640.upk Ver: 573/1 Engine: 4205 Names: 291 Exports: 507 Imports: 3 Game: 801A
Loading package: 00046904.upk Ver: 573/1 Engine: 4205 Names: 643 Exports: 945 Imports: 157 Game: 801A
Loading package: 00012963.upk Ver: 573/1 Engine: 4205 Names: 1349 Exports: 1323 Imports: 10 Game: 801A
Loading MaterialInstanceConstant col1_1 from package 00046902.upk
Loading package: 00002620.upk Ver: 573/1 Engine: 4205 Names: 576 Exports: 7687 Imports: 96 Game: 801A
Loading Texture2D 10118_jinM_col1_N from package 00046901.upk
Loading Texture2D 10118_jinM_col1_M from package 00046901.upk
Loading Texture2D 10118_jinM_col1_D from package 00046901.upk
Loading Texture2D 10118_jinM_col1_S from package 00046901.upk
Loading TextureCube Cube_D from package 00002640.upk
Loading Texture2D 10118_jinM_col1_E from package 00046901.upk
Loading Texture2D 10118_M_FX from package 00046904.upk
Loading Texture2D Smoke_Pattern_000 from package 00012963.upk
Loading Material3 Body_FX1 from package 00046904.upk
Loading Texture2D 10118_jinM_col1_N_ac from package 00046901.upk
Loading Texture2D 10118_jinM_col1_M_ac from package 00046901.upk
Loading Texture2D 10118_jinM_col1_D_ac from package 00046901.upk
Loading Texture2D 10118_jinM_col1_S_ac from package 00046901.upk
Loading Texture2D check from package 00002620.upk
Loading Texture2D Noise_017 from package 00012963.upk
Loading Texture2D 10118_M_ac_FX from package 00046904.upk
Loading Material3 Body_FX2 from package 00046904.upk
Loading Texture2D CubemapFace0 from package 00002640.upk
Loading Texture2D CubemapFace1 from package 00002640.upk
Loading Texture2D CubemapFace2 from package 00002640.upk
Loading Texture2D CubemapFace3 from package 00002640.upk
Loading Texture2D CubemapFace4 from package 00002640.upk
Loading Texture2D CubemapFace5 from package 00002640.upk
Loading Texture2D check_n from package 00002620.upk
Loading Texture2D 10118_FX from package 00046904.upk
Loading Texture2D Smoke_Pattern_001 from package 00012963.upk
Loading Texture2D Noise_Glass_000 from package 00012963.upk
Loading Texture2D Gradient_Wipe_BurnOut_Mask_TEST from package 00012963.upk
Loading Texture2D Gradient_Wipe_BurnOut_Mask from package 00012963.upk
Loading Texture2D Gradient_Line_003 from package 00012963.upk
Loading Texture2D 10118_ac_FX from package 00046904.upk
Loaded in 0.35 sec, 4163 allocs, 5.00 MBytes serialized in 580971 calls.

Object info:
============
ClassName: SkeletalMesh3 ObjectName: 10118_JinM

    LODInfo[2] =
    {
        LODInfo[0] =
        {
            DisplayFactor = 0
            LODHysteresis = 0.02
            LODMaterialMap[0] = {}
            bEnableShadowCasting[2] = { true, true }
        }
        LODInfo[1] =
        {
            DisplayFactor = 0.25
            LODHysteresis = 0.02
            LODMaterialMap[2] = { 0, 1 }
            bEnableShadowCasting[2] = { true, true }
        }
    }
    Sockets[2] =
    {
        Sockets[0] = SkeletalMeshSocket'10118_JinM.SkeletalMeshSocket_568'
        Sockets[1] = SkeletalMeshSocket'10118_JinM.SkeletalMeshSocket_611'
    }
    bHasVertexColors = false
    EnableTwistBoneFixers = true
    EnableClavicleFixer = true
    Materials[2] = { MaterialInstanceConstant'col1', MaterialInstanceConstant'col1_1' }


    Lods[2] =
    {
        Lods[0] =
        {
            Sections[2] =
            {
                Sections[0] = { Material=MaterialInstanceConstant'col1', FirstIndex=0, NumFaces=9657 }
                Sections[1] = { Material=MaterialInstanceConstant'col1_1', FirstIndex=28971, NumFaces=895 }
            }
            NumVerts = 7185
            IndexCount = 31656
            NumTexCoords = 1
        }
        Lods[1] =
        {
            Sections[2] =
            {
                Sections[0] = { Material=MaterialInstanceConstant'col1', FirstIndex=0, NumFaces=2057 }
                Sections[1] = { Material=MaterialInstanceConstant'col1_1', FirstIndex=6171, NumFaces=267 }
            }
            NumVerts = 2181
            IndexCount = 6972
            NumTexCoords = 1
        }
    }
    LodCount = 2
    MeshOrigin = { X=-0, Y=-0, Z=-0 }
    MeshScale = { X=1, Y=1, Z=1 }
    RotOrigin = { Yaw=0, Pitch=0, Roll=0 }
    BoneCount = 97

Object info:
============
ClassName: SkeletalMeshSocket ObjectName: SkeletalMeshSocket_568

    SocketName = FX_Add
    BoneName = Bone_RThigh_Scale
    RelativeLocation = { X=7.31474, Y=-0.514626, Z=6.06579 }
    RelativeRotation = { Yaw=0, Pitch=0, Roll=0 }
    RelativeScale = { X=1, Y=1, Z=1 }

Object info:
============
ClassName: SkeletalMeshSocket ObjectName: SkeletalMeshSocket_611

    SocketName = Fx_Add2
    BoneName = BoneShoulderTwistL01
    RelativeLocation = { X=-1, Y=4, Z=0 }
    RelativeRotation = { Yaw=16384, Pitch=0, Roll=0 }
    RelativeScale = { X=1, Y=1, Z=1 }
