Found 32768 game files (1222 skipped)
Loading package: 00042314.upk Ver: 573/1 Engine: 4205 Names: 227 Exports: 3 Imports: 7 Game: 801A
Loading AnimSet 090136_KunN_Animset from package 00042314.upk
WARNING: BoolProperty "UAnimSet::bServiced" was not found
WARNING: ArrayProperty "UAnimSet::AdjustAniScaleBoneNames" was not found
Loading AnimSequence AnimSequence_1 from package 00042314.upk
WARNING: BoolProperty "UAnimSequence::bServiced" was not found
Loading SkeletalMesh3 090136_KunN from package 00042314.upk
WARNING: BoolProperty "USkeletalMesh3::bUseAutoAnimset" was not found
Loading package: 00042316.upk Ver: 573/1 Engine: 4205 Names: 102 Exports: 2 Imports: 22 Game: 801A
Loading MaterialInstanceConstant col1 from package 00042316.upk
Loading package: 00042315.upk Ver: 573/1 Engine: 4205 Names: 33 Exports: 4 Imports: 2 Game: 801A
Loading package: 00002640.upk Ver: 573/1 Engine: 4205 Names: 291 Exports: 507 Imports: 3 Game: 801A
Loading package: 00002620.upk Ver: 573/1 Engine: 4205 Names: 576 Exports: 7687 Imports: 96 Game: 801A
Loading MaterialInstanceConstant Op from package 00042316.upk
Loading Texture2D 090136_KunN_col1_N from package 00042315.upk
Loading Texture2D 090136_KunN_col1_M from package 00042315.upk
Loading Texture2D 090136_KunN_col1_D from package 00042315.upk
Loading Texture2D 090136_KunN_col1_S from package 00042315.upk
Loading TextureCube lenscube from package 00002640.upk
Loading Texture2D check from package 00002620.upk
Loading Material3 Body from package 00002620.upk
Loading package: 00012963.upk Ver: 573/1 Engine: 4205 Names: 1349 Exports: 1323 Imports: 10 Game: 801A
Loading Material3 Blend_OP from package 00002620.upk
Loading Texture2D CubemapFace0 from package 00002640.upk
Loading Texture2D CubemapFace1 from package 00002640.upk
Loading Texture2D CubemapFace2 from package 00002640.upk
Loading Texture2D CubemapFace3 from package 00002640.upk
Loading Texture2D CubemapFace4 from package 00002640.upk
Loading Texture2D CubemapFace5 from package 00002640.upk
Loading Texture2D check_n from package 00002620.upk
Loading Texture2D Noise_Glass_000 from package 00012963.upk
Loading Texture2D Smoke_Pattern_001 from package 00012963.upk
Loading Texture2D Gradient_Wipe_BurnOut_Mask_TEST from package 00012963.upk
Loading Texture2D Gradient_Wipe_BurnOut_Mask from package 00012963.upk
Loading Texture2D Gradient_Line_003 from package 00012963.upk
Error: Command failed: umodel.exe -dump -path="D:/Program Files (x86)/NCSOFT/BnS/contents/bns/CookedPC" -game=bns 00042314
******** 00042314 ********
*** unknown member ACF_ZOnlyRLE of enum AnimationCompressionFormat
*** ERROR: Unknown rotation compression method: 255
UAnimSet::ConvertAnims <- PostLoad:090136_KunN_Animset <- UObject::EndLoad <- LoadWholePackage:00042314 <- Main


    at ChildProcess.exithandler (child_process.js:289:12)
    at ChildProcess.emit (events.js:182:13)
    at maybeClose (internal/child_process.js:962:16)
    at Process.ChildProcess._handle.onexit (internal/child_process.js:251:5)