Found 32768 game files (1766 skipped)
Loading package: 00051720.upk Ver: 573/1 Engine: 4205 Names: 89 Exports: 40 Imports: 19 Game: 801A
Loading SkeletalMesh3 030339_col1_T0_Autoscale from package 00051720.upk
WARNING: ObjectProperty "USkeletalMesh3::MeshFactorSet" was not found
WARNING: ObjectProperty "USkeletalMesh3::PhysMaterialOverride" was not found
WARNING: ByteProperty "USkeletalMesh3::ItemPreviewLocType" was not found
WARNING: FloatProperty "USkeletalMesh3::ItemPreviewLocLowerOffset" was not found
Loading package: 00051722.upk Ver: 573/1 Engine: 4205 Names: 102 Exports: 1 Imports: 24 Game: 801A
Loading SkeletalMesh3 030339_col1_T1_Autoscale from package 00051720.upk
WARNING: ObjectProperty "USkeletalMesh3::MeshFactorSet" was not found
WARNING: ObjectProperty "USkeletalMesh3::PhysMaterialOverride" was not found
WARNING: ByteProperty "USkeletalMesh3::ItemPreviewLocType" was not found
WARNING: FloatProperty "USkeletalMesh3::ItemPreviewLocLowerOffset" was not found
Loading SkeletalMesh3 030339_col1_T2_Autoscale from package 00051720.upk
WARNING: ObjectProperty "USkeletalMesh3::MeshFactorSet" was not found
WARNING: ObjectProperty "USkeletalMesh3::PhysMaterialOverride" was not found
WARNING: ByteProperty "USkeletalMesh3::ItemPreviewLocType" was not found
WARNING: FloatProperty "USkeletalMesh3::ItemPreviewLocLowerOffset" was not found
Loading SkeletalMesh3 030339_col1_T3_Autoscale from package 00051720.upk
WARNING: ObjectProperty "USkeletalMesh3::MeshFactorSet" was not found
WARNING: ObjectProperty "USkeletalMesh3::PhysMaterialOverride" was not found
WARNING: ByteProperty "USkeletalMesh3::ItemPreviewLocType" was not found
WARNING: FloatProperty "USkeletalMesh3::ItemPreviewLocLowerOffset" was not found
Loading SkeletalMesh3 030339_col1_T4_Autoscale from package 00051720.upk
WARNING: ObjectProperty "USkeletalMesh3::MeshFactorSet" was not found
WARNING: ObjectProperty "USkeletalMesh3::PhysMaterialOverride" was not found
WARNING: ByteProperty "USkeletalMesh3::ItemPreviewLocType" was not found
WARNING: FloatProperty "USkeletalMesh3::ItemPreviewLocLowerOffset" was not found
Loading SkeletalMeshSocket SkeletalMeshSocket_939 from package 00051720.upk
WARNING: ObjectProperty "USkeletalMeshSocket::DependencyParticleSystem" was not found
Loading SkeletalMeshSocket SkeletalMeshSocket_943 from package 00051720.upk
WARNING: ObjectProperty "USkeletalMeshSocket::DependencyParticleSystem" was not found
Loading SkeletalMeshSocket SkeletalMeshSocket_947 from package 00051720.upk
WARNING: ObjectProperty "USkeletalMeshSocket::DependencyParticleSystem" was not found
Loading SkeletalMeshSocket SkeletalMeshSocket_957 from package 00051720.upk
WARNING: ObjectProperty "USkeletalMeshSocket::DependencyParticleSystem" was not found
Loading SkeletalMeshSocket SkeletalMeshSocket_961 from package 00051720.upk
WARNING: ObjectProperty "USkeletalMeshSocket::DependencyParticleSystem" was not found
Loading SkeletalMeshSocket SkeletalMeshSocket_965 from package 00051720.upk
WARNING: ObjectProperty "USkeletalMeshSocket::DependencyParticleSystem" was not found
Loading SkeletalMeshSocket SkeletalMeshSocket_975 from package 00051720.upk
WARNING: ObjectProperty "USkeletalMeshSocket::DependencyParticleSystem" was not found
Loading SkeletalMeshSocket SkeletalMeshSocket_979 from package 00051720.upk
WARNING: ObjectProperty "USkeletalMeshSocket::DependencyParticleSystem" was not found
Loading SkeletalMeshSocket SkeletalMeshSocket_983 from package 00051720.upk
WARNING: ObjectProperty "USkeletalMeshSocket::DependencyParticleSystem" was not found
Loading SkeletalMeshSocket SkeletalMeshSocket_1001 from package 00051720.upk
WARNING: ObjectProperty "USkeletalMeshSocket::DependencyParticleSystem" was not found
Loading SkeletalMeshSocket SkeletalMeshSocket_993 from package 00051720.upk
WARNING: ObjectProperty "USkeletalMeshSocket::DependencyParticleSystem" was not found
Loading SkeletalMeshSocket SkeletalMeshSocket_997 from package 00051720.upk
WARNING: ObjectProperty "USkeletalMeshSocket::DependencyParticleSystem" was not found
Loading SkeletalMeshSocket SkeletalMeshSocket_1011 from package 00051720.upk
WARNING: ObjectProperty "USkeletalMeshSocket::DependencyParticleSystem" was not found
Loading SkeletalMeshSocket SkeletalMeshSocket_1015 from package 00051720.upk
WARNING: ObjectProperty "USkeletalMeshSocket::DependencyParticleSystem" was not found
Loading SkeletalMeshSocket SkeletalMeshSocket_1019 from package 00051720.upk
WARNING: ObjectProperty "USkeletalMeshSocket::DependencyParticleSystem" was not found
Loading MaterialInstanceConstant col3 from package 00051722.upk
Loading package: 00051476.upk Ver: 573/1 Engine: 4205 Names: 32 Exports: 4 Imports: 2 Game: 801A
Loading package: 00002640.upk Ver: 573/1 Engine: 4205 Names: 291 Exports: 507 Imports: 3 Game: 801A
Loading package: 00012963.upk Ver: 573/1 Engine: 4205 Names: 1386 Exports: 1362 Imports: 10 Game: 801A
Loading package: 00051475.upk Ver: 573/1 Engine: 4205 Names: 553 Exports: 1329 Imports: 207 Game: 801A
Loading package: 00050832.upk Ver: 573/1 Engine: 4205 Names: 627 Exports: 1430 Imports: 218 Game: 801A
Loading Texture2D 030339_Autoscale_col1_N from package 00051476.upk
Loading Texture2D 030339_Autoscale_col1_M from package 00051476.upk
Loading Texture2D 030339_Autoscale_col1_D from package 00051476.upk
Loading Texture2D 030339_Autoscale_col1_S from package 00051476.upk
Loading TextureCube lenscube_a from package 00002640.upk
Loading Texture2D Noise_017 from package 00012963.upk
Loading Texture2D 030339_FX_Mask from package 00051475.upk
Loading Texture2D Noise_Plazma_000 from package 00012963.upk
Loading Material3 Basic_SwordFX from package 00050832.upk
Loading package: 00002620.upk Ver: 573/1 Engine: 4205 Names: 576 Exports: 7687 Imports: 96 Game: 801A
Loading Texture2D CubemapFace0 from package 00002640.upk
Loading Texture2D CubemapFace1 from package 00002640.upk
Loading Texture2D CubemapFace2 from package 00002640.upk
Loading Texture2D CubemapFace3 from package 00002640.upk
Loading Texture2D CubemapFace4 from package 00002640.upk
Loading Texture2D CubemapFace5 from package 00002640.upk
Loading Texture2D check_n from package 00002620.upk
Loading Texture2D check from package 00002620.upk
Loading Texture2D Smoke_Pattern_001 from package 00012963.upk
Loading Texture2D Gradient_Line_003 from package 00012963.upk
Loading Texture2D Gradient_Wipe_BurnOut_Mask_TEST from package 00012963.upk
Loading Texture2D Gradient_Wipe_BurnOut_Mask from package 00012963.upk
Loaded in 0.17 sec, 4414 allocs, 2.09 MBytes serialized in 408480 calls.

Object info:
============
ClassName: SkeletalMesh3 ObjectName: 030339_col1_T0_Autoscale

    LODInfo[1] =
    {
        LODInfo[0] =
        {
            DisplayFactor = 0
            LODHysteresis = 0.02
            LODMaterialMap[0] = {}
            bEnableShadowCasting[1] = { true }
        }
    }
    Sockets[3] =
    {
        Sockets[0] = SkeletalMeshSocket'030339_col1_T0_Autoscale.SkeletalMeshSocket_939'
        Sockets[1] = SkeletalMeshSocket'030339_col1_T0_Autoscale.SkeletalMeshSocket_943'
        Sockets[2] = SkeletalMeshSocket'030339_col1_T0_Autoscale.SkeletalMeshSocket_947'
    }
    bHasVertexColors = false
    EnableTwistBoneFixers = true
    EnableClavicleFixer = true
    Materials[1] = { MaterialInstanceConstant'col3' }


    Lods[1] =
    {
        Lods[0] =
        {
            Sections[1] =
            {
                Sections[0] = { Material=MaterialInstanceConstant'col3', FirstIndex=0, NumFaces=1082 }
            }
            NumVerts = 1085
            IndexCount = 3246
            NumTexCoords = 1
        }
    }
    LodCount = 1
    MeshOrigin = { X=-0, Y=-0, Z=-0 }
    MeshScale = { X=1, Y=1, Z=1 }
    RotOrigin = { Yaw=0, Pitch=0, Roll=0 }
    BoneCount = 2

Object info:
============
ClassName: SkeletalMesh3 ObjectName: 030339_col1_T1_Autoscale

    LODInfo[1] =
    {
        LODInfo[0] =
        {
            DisplayFactor = 0
            LODHysteresis = 0.02
            LODMaterialMap[0] = {}
            bEnableShadowCasting[1] = { true }
        }
    }
    Sockets[3] =
    {
        Sockets[0] = SkeletalMeshSocket'030339_col1_T1_Autoscale.SkeletalMeshSocket_957'
        Sockets[1] = SkeletalMeshSocket'030339_col1_T1_Autoscale.SkeletalMeshSocket_961'
        Sockets[2] = SkeletalMeshSocket'030339_col1_T1_Autoscale.SkeletalMeshSocket_965'
    }
    bHasVertexColors = false
    EnableTwistBoneFixers = true
    EnableClavicleFixer = true
    Materials[1] = { MaterialInstanceConstant'col3' }


    Lods[1] =
    {
        Lods[0] =
        {
            Sections[1] =
            {
                Sections[0] = { Material=MaterialInstanceConstant'col3', FirstIndex=0, NumFaces=1082 }
            }
            NumVerts = 1085
            IndexCount = 3246
            NumTexCoords = 1
        }
    }
    LodCount = 1
    MeshOrigin = { X=-0, Y=-0, Z=-0 }
    MeshScale = { X=1, Y=1, Z=1 }
    RotOrigin = { Yaw=0, Pitch=0, Roll=0 }
    BoneCount = 2

Object info:
============
ClassName: SkeletalMesh3 ObjectName: 030339_col1_T2_Autoscale

    LODInfo[1] =
    {
        LODInfo[0] =
        {
            DisplayFactor = 0
            LODHysteresis = 0.02
            LODMaterialMap[0] = {}
            bEnableShadowCasting[1] = { true }
        }
    }
    Sockets[3] =
    {
        Sockets[0] = SkeletalMeshSocket'030339_col1_T2_Autoscale.SkeletalMeshSocket_975'
        Sockets[1] = SkeletalMeshSocket'030339_col1_T2_Autoscale.SkeletalMeshSocket_979'
        Sockets[2] = SkeletalMeshSocket'030339_col1_T2_Autoscale.SkeletalMeshSocket_983'
    }
    bHasVertexColors = false
    EnableTwistBoneFixers = true
    EnableClavicleFixer = true
    Materials[1] = { MaterialInstanceConstant'col3' }


    Lods[1] =
    {
        Lods[0] =
        {
            Sections[1] =
            {
                Sections[0] = { Material=MaterialInstanceConstant'col3', FirstIndex=0, NumFaces=1082 }
            }
            NumVerts = 1085
            IndexCount = 3246
            NumTexCoords = 1
        }
    }
    LodCount = 1
    MeshOrigin = { X=-0, Y=-0, Z=-0 }
    MeshScale = { X=1, Y=1, Z=1 }
    RotOrigin = { Yaw=0, Pitch=0, Roll=0 }
    BoneCount = 2

Object info:
============
ClassName: SkeletalMesh3 ObjectName: 030339_col1_T3_Autoscale

    LODInfo[1] =
    {
        LODInfo[0] =
        {
            DisplayFactor = 0
            LODHysteresis = 0.02
            LODMaterialMap[0] = {}
            bEnableShadowCasting[1] = { true }
        }
    }
    Sockets[3] =
    {
        Sockets[0] = SkeletalMeshSocket'030339_col1_T3_Autoscale.SkeletalMeshSocket_993'
        Sockets[1] = SkeletalMeshSocket'030339_col1_T3_Autoscale.SkeletalMeshSocket_997'
        Sockets[2] = SkeletalMeshSocket'030339_col1_T3_Autoscale.SkeletalMeshSocket_1001'
    }
    bHasVertexColors = false
    EnableTwistBoneFixers = true
    EnableClavicleFixer = true
    Materials[1] = { MaterialInstanceConstant'col3' }


    Lods[1] =
    {
        Lods[0] =
        {
            Sections[1] =
            {
                Sections[0] = { Material=MaterialInstanceConstant'col3', FirstIndex=0, NumFaces=1082 }
            }
            NumVerts = 1085
            IndexCount = 3246
            NumTexCoords = 1
        }
    }
    LodCount = 1
    MeshOrigin = { X=-0, Y=-0, Z=-0 }
    MeshScale = { X=1, Y=1, Z=1 }
    RotOrigin = { Yaw=0, Pitch=0, Roll=0 }
    BoneCount = 2

Object info:
============
ClassName: SkeletalMesh3 ObjectName: 030339_col1_T4_Autoscale

    LODInfo[1] =
    {
        LODInfo[0] =
        {
            DisplayFactor = 0
            LODHysteresis = 0.02
            LODMaterialMap[0] = {}
            bEnableShadowCasting[1] = { true }
        }
    }
    Sockets[3] =
    {
        Sockets[0] = SkeletalMeshSocket'030339_col1_T4_Autoscale.SkeletalMeshSocket_1011'
        Sockets[1] = SkeletalMeshSocket'030339_col1_T4_Autoscale.SkeletalMeshSocket_1015'
        Sockets[2] = SkeletalMeshSocket'030339_col1_T4_Autoscale.SkeletalMeshSocket_1019'
    }
    bHasVertexColors = false
    EnableTwistBoneFixers = true
    EnableClavicleFixer = true
    Materials[1] = { MaterialInstanceConstant'col3' }


    Lods[1] =
    {
        Lods[0] =
        {
            Sections[1] =
            {
                Sections[0] = { Material=MaterialInstanceConstant'col3', FirstIndex=0, NumFaces=1082 }
            }
            NumVerts = 1085
            IndexCount = 3246
            NumTexCoords = 1
        }
    }
    LodCount = 1
    MeshOrigin = { X=-0, Y=-0, Z=-0 }
    MeshScale = { X=1, Y=1, Z=1 }
    RotOrigin = { Yaw=0, Pitch=0, Roll=0 }
    BoneCount = 2

Object info:
============
ClassName: SkeletalMeshSocket ObjectName: SkeletalMeshSocket_939

    SocketName = FX_Add
    BoneName = WeaponRoot
    RelativeLocation = { X=0, Y=0, Z=0 }
    RelativeRotation = { Yaw=0, Pitch=0, Roll=0 }
    RelativeScale = { X=1, Y=1, Z=1 }

Object info:
============
ClassName: SkeletalMeshSocket ObjectName: SkeletalMeshSocket_943

    SocketName = FX_Add_Trail
    BoneName = WeaponRoot
    RelativeLocation = { X=1.76656, Y=2.75569, Z=1.01962 }
    RelativeRotation = { Yaw=0, Pitch=21845, Roll=0 }
    RelativeScale = { X=0.6, Y=0.6, Z=0.3 }

Object info:
============
ClassName: SkeletalMeshSocket ObjectName: SkeletalMeshSocket_947

    SocketName = FX_Add02
    BoneName = WeaponRoot
    RelativeLocation = { X=0.010697, Y=1.78483, Z=-0.75 }
    RelativeRotation = { Yaw=14563, Pitch=0, Roll=0 }
    RelativeScale = { X=0.15, Y=0.15, Z=0.17 }

Object info:
============
ClassName: SkeletalMeshSocket ObjectName: SkeletalMeshSocket_957

    SocketName = FX_Add
    BoneName = WeaponRoot
    RelativeLocation = { X=0, Y=0, Z=0 }
    RelativeRotation = { Yaw=0, Pitch=0, Roll=0 }
    RelativeScale = { X=1, Y=1, Z=1 }

Object info:
============
ClassName: SkeletalMeshSocket ObjectName: SkeletalMeshSocket_961

    SocketName = FX_Add_Trail
    BoneName = WeaponRoot
    RelativeLocation = { X=1.76656, Y=2.75569, Z=1.01962 }
    RelativeRotation = { Yaw=0, Pitch=21845, Roll=0 }
    RelativeScale = { X=0.6, Y=0.6, Z=0.3 }

Object info:
============
ClassName: SkeletalMeshSocket ObjectName: SkeletalMeshSocket_965

    SocketName = FX_Add02
    BoneName = WeaponRoot
    RelativeLocation = { X=0.010697, Y=1.78483, Z=-0.75 }
    RelativeRotation = { Yaw=14563, Pitch=0, Roll=0 }
    RelativeScale = { X=0.15, Y=0.15, Z=0.17 }

Object info:
============
ClassName: SkeletalMeshSocket ObjectName: SkeletalMeshSocket_975

    SocketName = FX_Add
    BoneName = WeaponRoot
    RelativeLocation = { X=0, Y=0, Z=0 }
    RelativeRotation = { Yaw=0, Pitch=0, Roll=0 }
    RelativeScale = { X=1, Y=1, Z=1 }

Object info:
============
ClassName: SkeletalMeshSocket ObjectName: SkeletalMeshSocket_979

    SocketName = FX_Add_Trail
    BoneName = WeaponRoot
    RelativeLocation = { X=1.76656, Y=2.75569, Z=1.01962 }
    RelativeRotation = { Yaw=0, Pitch=21845, Roll=0 }
    RelativeScale = { X=0.6, Y=0.6, Z=0.3 }

Object info:
============
ClassName: SkeletalMeshSocket ObjectName: SkeletalMeshSocket_983

    SocketName = FX_Add02
    BoneName = WeaponRoot
    RelativeLocation = { X=0.010697, Y=1.78483, Z=-0.75 }
    RelativeRotation = { Yaw=14563, Pitch=0, Roll=0 }
    RelativeScale = { X=0.15, Y=0.15, Z=0.17 }

Object info:
============
ClassName: SkeletalMeshSocket ObjectName: SkeletalMeshSocket_1001

    SocketName = FX_Add
    BoneName = WeaponRoot
    RelativeLocation = { X=0, Y=0, Z=0 }
    RelativeRotation = { Yaw=0, Pitch=0, Roll=0 }
    RelativeScale = { X=1, Y=1, Z=1 }

Object info:
============
ClassName: SkeletalMeshSocket ObjectName: SkeletalMeshSocket_993

    SocketName = FX_Add02
    BoneName = WeaponRoot
    RelativeLocation = { X=0.010697, Y=1.78483, Z=-0.75 }
    RelativeRotation = { Yaw=14563, Pitch=0, Roll=0 }
    RelativeScale = { X=0.15, Y=0.15, Z=0.17 }

Object info:
============
ClassName: SkeletalMeshSocket ObjectName: SkeletalMeshSocket_997

    SocketName = FX_Add_Trail
    BoneName = WeaponRoot
    RelativeLocation = { X=1.76656, Y=2.75569, Z=1.01962 }
    RelativeRotation = { Yaw=0, Pitch=21845, Roll=0 }
    RelativeScale = { X=0.6, Y=0.6, Z=0.3 }

Object info:
============
ClassName: SkeletalMeshSocket ObjectName: SkeletalMeshSocket_1011

    SocketName = FX_Add
    BoneName = WeaponRoot
    RelativeLocation = { X=0, Y=0, Z=0 }
    RelativeRotation = { Yaw=0, Pitch=0, Roll=0 }
    RelativeScale = { X=1, Y=1, Z=1 }

Object info:
============
ClassName: SkeletalMeshSocket ObjectName: SkeletalMeshSocket_1015

    SocketName = FX_Add_Trail
    BoneName = WeaponRoot
    RelativeLocation = { X=1.76656, Y=2.75569, Z=1.01962 }
    RelativeRotation = { Yaw=0, Pitch=21845, Roll=0 }
    RelativeScale = { X=0.6, Y=0.6, Z=0.3 }

Object info:
============
ClassName: SkeletalMeshSocket ObjectName: SkeletalMeshSocket_1019

    SocketName = FX_Add02
    BoneName = WeaponRoot
    RelativeLocation = { X=0.010697, Y=1.78483, Z=-0.75 }
    RelativeRotation = { Yaw=14563, Pitch=0, Roll=0 }
    RelativeScale = { X=0.15, Y=0.15, Z=0.17 }
