Found 32768 game files (1222 skipped)
Loading package: 00051937.upk Ver: 573/1 Engine: 4205 Names: 54 Exports: 37 Imports: 2 Game: 801A
Loading Texture2D GameUI_ItemGrowth2_Awaken from package 00051937.upk
Loading Texture2D GameUI_ItemGrowth2_change from package 00051937.upk
Loading Texture2D GameUI_ItemGrowth2_EquipGem from package 00051937.upk
Loading Texture2D GameUI_ItemGrowth2_MaxLevel from package 00051937.upk
Loading Texture2D GameUI_ItemGrowth2_Purification from package 00051937.upk
Loading Texture2D GameUI_ItemGrowth2_Transform from package 00051937.upk
Loading Texture2D GameUI_ItemGrowthExp_Max from package 00051937.upk
Loading Texture2D GameUI_ItemGrowthExp_Min from package 00051937.upk
Loading Texture2D GameUI_ItemGrowthLevel_1 from package 00051937.upk
Loading Texture2D GameUI_ItemGrowthLevel_10 from package 00051937.upk
Loading Texture2D GameUI_ItemGrowthLevel_2 from package 00051937.upk
Loading Texture2D GameUI_ItemGrowthLevel_3 from package 00051937.upk
Loading Texture2D GameUI_ItemGrowthLevel_4 from package 00051937.upk
Loading Texture2D GameUI_ItemGrowthLevel_5 from package 00051937.upk
Loading Texture2D GameUI_ItemGrowthLevel_6 from package 00051937.upk
Loading Texture2D GameUI_ItemGrowthLevel_7 from package 00051937.upk
Loading Texture2D GameUI_ItemGrowthLevel_8 from package 00051937.upk
Loading Texture2D GameUI_ItemGrowthLevel_9 from package 00051937.upk
Loading Texture2D GameUI_ItemGrowthResult2_LevelUp from package 00051937.upk
Loading Texture2D GameUI_ItemGrowthResult2_MaxLevel from package 00051937.upk
Loading Texture2D GameUI_ItemGrowthResult2_PurificationSuccess from package 00051937.upk
Loading Texture2D GameUI_ItemGrowthResult_AppearanceChangeSuccess from package 00051937.upk
Loading Texture2D GameUI_ItemGrowthResult_AppearanceRemoveSuccess from package 00051937.upk
Loading Texture2D GameUI_ItemGrowthResult_AppearanceseparateSuccess from package 00051937.upk
Loading Texture2D GameUI_ItemGrowthResult_AttachEquipGemMax from package 00051937.upk
Loading Texture2D GameUI_ItemGrowthResult_AwakenEnable from package 00051937.upk
Loading Texture2D GameUI_ItemGrowthResult_AwakenSuccess from package 00051937.upk
Loading Texture2D GameUI_ItemGrowthResult_Bad from package 00051937.upk
Loading Texture2D GameUI_ItemGrowthResult_ChangeSuccess from package 00051937.upk
Loading Texture2D GameUI_ItemGrowthResult_Fail from package 00051937.upk
Loading Texture2D GameUI_ItemGrowthResult_Good from package 00051937.upk
Loading Texture2D GameUI_ItemGrowthResult_Great from package 00051937.upk
Loading Texture2D GameUI_ItemGrowthResult_MaxLevel from package 00051937.upk
Loading Texture2D GameUI_ItemGrowthResult_Normal from package 00051937.upk
Loading Texture2D GameUI_ItemGrowthResult_SealSuccess from package 00051937.upk
Loading Texture2D GameUI_ItemGrowthResult_TransformFail from package 00051937.upk
Loading Texture2D GameUI_ItemGrowthResult_TransformSuccess from package 00051937.upk
Loaded in 0.043 sec, 269 allocs, 0.79 MBytes serialized in 4665 calls.

Object info:
============
ClassName: Texture2D ObjectName: GameUI_ItemGrowth2_Awaken

    SizeX = 64
    SizeY = 64
    Format = PF_A8R8G8B8 (2)
    AddressX = TA_Clamp (1)
    AddressY = TA_Clamp (1)
    TextureFileCacheName = None
    MipTailBaseIdx = 0
    bForcePVRTC4 = false
    UnpackMin[4] = { 0, 0, 0, 0 }
    UnpackMax[4] = { 1, 1, 1, 1 }

Object info:
============
ClassName: Texture2D ObjectName: GameUI_ItemGrowth2_change

    SizeX = 64
    SizeY = 64
    Format = PF_A8R8G8B8 (2)
    AddressX = TA_Clamp (1)
    AddressY = TA_Clamp (1)
    TextureFileCacheName = None
    MipTailBaseIdx = 0
    bForcePVRTC4 = false
    UnpackMin[4] = { 0, 0, 0, 0 }
    UnpackMax[4] = { 1, 1, 1, 1 }

Object info:
============
ClassName: Texture2D ObjectName: GameUI_ItemGrowth2_EquipGem

    SizeX = 64
    SizeY = 64
    Format = PF_A8R8G8B8 (2)
    AddressX = TA_Clamp (1)
    AddressY = TA_Clamp (1)
    TextureFileCacheName = None
    MipTailBaseIdx = 0
    bForcePVRTC4 = false
    UnpackMin[4] = { 0, 0, 0, 0 }
    UnpackMax[4] = { 1, 1, 1, 1 }

Object info:
============
ClassName: Texture2D ObjectName: GameUI_ItemGrowth2_MaxLevel

    SizeX = 64
    SizeY = 64
    Format = PF_A8R8G8B8 (2)
    AddressX = TA_Clamp (1)
    AddressY = TA_Clamp (1)
    TextureFileCacheName = None
    MipTailBaseIdx = 0
    bForcePVRTC4 = false
    UnpackMin[4] = { 0, 0, 0, 0 }
    UnpackMax[4] = { 1, 1, 1, 1 }

Object info:
============
ClassName: Texture2D ObjectName: GameUI_ItemGrowth2_Purification

    SizeX = 64
    SizeY = 64
    Format = PF_A8R8G8B8 (2)
    AddressX = TA_Clamp (1)
    AddressY = TA_Clamp (1)
    TextureFileCacheName = None
    MipTailBaseIdx = 0
    bForcePVRTC4 = false
    UnpackMin[4] = { 0, 0, 0, 0 }
    UnpackMax[4] = { 1, 1, 1, 1 }

Object info:
============
ClassName: Texture2D ObjectName: GameUI_ItemGrowth2_Transform

    SizeX = 64
    SizeY = 64
    Format = PF_A8R8G8B8 (2)
    AddressX = TA_Clamp (1)
    AddressY = TA_Clamp (1)
    TextureFileCacheName = None
    MipTailBaseIdx = 0
    bForcePVRTC4 = false
    UnpackMin[4] = { 0, 0, 0, 0 }
    UnpackMax[4] = { 1, 1, 1, 1 }

Object info:
============
ClassName: Texture2D ObjectName: GameUI_ItemGrowthExp_Max

    SizeX = 64
    SizeY = 64
    Format = PF_A8R8G8B8 (2)
    AddressX = TA_Clamp (1)
    AddressY = TA_Clamp (1)
    TextureFileCacheName = None
    MipTailBaseIdx = 0
    bForcePVRTC4 = false
    UnpackMin[4] = { 0, 0, 0, 0 }
    UnpackMax[4] = { 1, 1, 1, 1 }

Object info:
============
ClassName: Texture2D ObjectName: GameUI_ItemGrowthExp_Min

    SizeX = 64
    SizeY = 64
    Format = PF_A8R8G8B8 (2)
    AddressX = TA_Clamp (1)
    AddressY = TA_Clamp (1)
    TextureFileCacheName = None
    MipTailBaseIdx = 0
    bForcePVRTC4 = false
    UnpackMin[4] = { 0, 0, 0, 0 }
    UnpackMax[4] = { 1, 1, 1, 1 }

Object info:
============
ClassName: Texture2D ObjectName: GameUI_ItemGrowthLevel_1

    SizeX = 32
    SizeY = 32
    Format = PF_A8R8G8B8 (2)
    AddressX = TA_Clamp (1)
    AddressY = TA_Clamp (1)
    TextureFileCacheName = None
    MipTailBaseIdx = 0
    bForcePVRTC4 = false
    UnpackMin[4] = { 0, 0, 0, 0 }
    UnpackMax[4] = { 1, 1, 1, 1 }

Object info:
============
ClassName: Texture2D ObjectName: GameUI_ItemGrowthLevel_10

    SizeX = 32
    SizeY = 32
    Format = PF_A8R8G8B8 (2)
    AddressX = TA_Clamp (1)
    AddressY = TA_Clamp (1)
    TextureFileCacheName = None
    MipTailBaseIdx = 0
    bForcePVRTC4 = false
    UnpackMin[4] = { 0, 0, 0, 0 }
    UnpackMax[4] = { 1, 1, 1, 1 }

Object info:
============
ClassName: Texture2D ObjectName: GameUI_ItemGrowthLevel_2

    SizeX = 32
    SizeY = 32
    Format = PF_A8R8G8B8 (2)
    AddressX = TA_Clamp (1)
    AddressY = TA_Clamp (1)
    TextureFileCacheName = None
    MipTailBaseIdx = 0
    bForcePVRTC4 = false
    UnpackMin[4] = { 0, 0, 0, 0 }
    UnpackMax[4] = { 1, 1, 1, 1 }

Object info:
============
ClassName: Texture2D ObjectName: GameUI_ItemGrowthLevel_3

    SizeX = 32
    SizeY = 32
    Format = PF_A8R8G8B8 (2)
    AddressX = TA_Clamp (1)
    AddressY = TA_Clamp (1)
    TextureFileCacheName = None
    MipTailBaseIdx = 0
    bForcePVRTC4 = false
    UnpackMin[4] = { 0, 0, 0, 0 }
    UnpackMax[4] = { 1, 1, 1, 1 }

Object info:
============
ClassName: Texture2D ObjectName: GameUI_ItemGrowthLevel_4

    SizeX = 32
    SizeY = 32
    Format = PF_A8R8G8B8 (2)
    AddressX = TA_Clamp (1)
    AddressY = TA_Clamp (1)
    TextureFileCacheName = None
    MipTailBaseIdx = 0
    bForcePVRTC4 = false
    UnpackMin[4] = { 0, 0, 0, 0 }
    UnpackMax[4] = { 1, 1, 1, 1 }

Object info:
============
ClassName: Texture2D ObjectName: GameUI_ItemGrowthLevel_5

    SizeX = 32
    SizeY = 32
    Format = PF_A8R8G8B8 (2)
    AddressX = TA_Clamp (1)
    AddressY = TA_Clamp (1)
    TextureFileCacheName = None
    MipTailBaseIdx = 0
    bForcePVRTC4 = false
    UnpackMin[4] = { 0, 0, 0, 0 }
    UnpackMax[4] = { 1, 1, 1, 1 }

Object info:
============
ClassName: Texture2D ObjectName: GameUI_ItemGrowthLevel_6

    SizeX = 32
    SizeY = 32
    Format = PF_A8R8G8B8 (2)
    AddressX = TA_Clamp (1)
    AddressY = TA_Clamp (1)
    TextureFileCacheName = None
    MipTailBaseIdx = 0
    bForcePVRTC4 = false
    UnpackMin[4] = { 0, 0, 0, 0 }
    UnpackMax[4] = { 1, 1, 1, 1 }

Object info:
============
ClassName: Texture2D ObjectName: GameUI_ItemGrowthLevel_7

    SizeX = 32
    SizeY = 32
    Format = PF_A8R8G8B8 (2)
    AddressX = TA_Clamp (1)
    AddressY = TA_Clamp (1)
    TextureFileCacheName = None
    MipTailBaseIdx = 0
    bForcePVRTC4 = false
    UnpackMin[4] = { 0, 0, 0, 0 }
    UnpackMax[4] = { 1, 1, 1, 1 }

Object info:
============
ClassName: Texture2D ObjectName: GameUI_ItemGrowthLevel_8

    SizeX = 32
    SizeY = 32
    Format = PF_A8R8G8B8 (2)
    AddressX = TA_Clamp (1)
    AddressY = TA_Clamp (1)
    TextureFileCacheName = None
    MipTailBaseIdx = 0
    bForcePVRTC4 = false
    UnpackMin[4] = { 0, 0, 0, 0 }
    UnpackMax[4] = { 1, 1, 1, 1 }

Object info:
============
ClassName: Texture2D ObjectName: GameUI_ItemGrowthLevel_9

    SizeX = 32
    SizeY = 32
    Format = PF_A8R8G8B8 (2)
    AddressX = TA_Clamp (1)
    AddressY = TA_Clamp (1)
    TextureFileCacheName = None
    MipTailBaseIdx = 0
    bForcePVRTC4 = false
    UnpackMin[4] = { 0, 0, 0, 0 }
    UnpackMax[4] = { 1, 1, 1, 1 }

Object info:
============
ClassName: Texture2D ObjectName: GameUI_ItemGrowthResult2_LevelUp

    SizeX = 512
    SizeY = 128
    Format = PF_A8R8G8B8 (2)
    AddressX = TA_Clamp (1)
    AddressY = TA_Clamp (1)
    TextureFileCacheName = None
    MipTailBaseIdx = 0
    bForcePVRTC4 = false
    UnpackMin[4] = { 0, 0, 0, 0 }
    UnpackMax[4] = { 1, 1, 1, 1 }

Object info:
============
ClassName: Texture2D ObjectName: GameUI_ItemGrowthResult2_MaxLevel

    SizeX = 512
    SizeY = 128
    Format = PF_A8R8G8B8 (2)
    AddressX = TA_Clamp (1)
    AddressY = TA_Clamp (1)
    TextureFileCacheName = None
    MipTailBaseIdx = 0
    bForcePVRTC4 = false
    UnpackMin[4] = { 0, 0, 0, 0 }
    UnpackMax[4] = { 1, 1, 1, 1 }

Object info:
============
ClassName: Texture2D ObjectName: GameUI_ItemGrowthResult2_PurificationSuccess

    SizeX = 512
    SizeY = 128
    Format = PF_A8R8G8B8 (2)
    AddressX = TA_Clamp (1)
    AddressY = TA_Clamp (1)
    TextureFileCacheName = None
    MipTailBaseIdx = 0
    bForcePVRTC4 = false
    UnpackMin[4] = { 0, 0, 0, 0 }
    UnpackMax[4] = { 1, 1, 1, 1 }

Object info:
============
ClassName: Texture2D ObjectName: GameUI_ItemGrowthResult_AppearanceChangeSuccess

    SizeX = 512
    SizeY = 128
    Format = PF_A8R8G8B8 (2)
    AddressX = TA_Clamp (1)
    AddressY = TA_Clamp (1)
    TextureFileCacheName = None
    MipTailBaseIdx = 0
    bForcePVRTC4 = false
    UnpackMin[4] = { 0, 0, 0, 0 }
    UnpackMax[4] = { 1, 1, 1, 1 }

Object info:
============
ClassName: Texture2D ObjectName: GameUI_ItemGrowthResult_AppearanceRemoveSuccess

    SizeX = 512
    SizeY = 128
    Format = PF_A8R8G8B8 (2)
    AddressX = TA_Clamp (1)
    AddressY = TA_Clamp (1)
    TextureFileCacheName = None
    MipTailBaseIdx = 0
    bForcePVRTC4 = false
    UnpackMin[4] = { 0, 0, 0, 0 }
    UnpackMax[4] = { 1, 1, 1, 1 }

Object info:
============
ClassName: Texture2D ObjectName: GameUI_ItemGrowthResult_AppearanceseparateSuccess

    SizeX = 512
    SizeY = 128
    Format = PF_A8R8G8B8 (2)
    AddressX = TA_Clamp (1)
    AddressY = TA_Clamp (1)
    TextureFileCacheName = None
    MipTailBaseIdx = 0
    bForcePVRTC4 = false
    UnpackMin[4] = { 0, 0, 0, 0 }
    UnpackMax[4] = { 1, 1, 1, 1 }

Object info:
============
ClassName: Texture2D ObjectName: GameUI_ItemGrowthResult_AttachEquipGemMax

    SizeX = 512
    SizeY = 128
    Format = PF_A8R8G8B8 (2)
    AddressX = TA_Clamp (1)
    AddressY = TA_Clamp (1)
    TextureFileCacheName = None
    MipTailBaseIdx = 0
    bForcePVRTC4 = false
    UnpackMin[4] = { 0, 0, 0, 0 }
    UnpackMax[4] = { 1, 1, 1, 1 }

Object info:
============
ClassName: Texture2D ObjectName: GameUI_ItemGrowthResult_AwakenEnable

    SizeX = 512
    SizeY = 128
    Format = PF_A8R8G8B8 (2)
    AddressX = TA_Clamp (1)
    AddressY = TA_Clamp (1)
    TextureFileCacheName = None
    MipTailBaseIdx = 0
    bForcePVRTC4 = false
    UnpackMin[4] = { 0, 0, 0, 0 }
    UnpackMax[4] = { 1, 1, 1, 1 }

Object info:
============
ClassName: Texture2D ObjectName: GameUI_ItemGrowthResult_AwakenSuccess

    SizeX = 512
    SizeY = 128
    Format = PF_A8R8G8B8 (2)
    AddressX = TA_Clamp (1)
    AddressY = TA_Clamp (1)
    TextureFileCacheName = None
    MipTailBaseIdx = 0
    bForcePVRTC4 = false
    UnpackMin[4] = { 0, 0, 0, 0 }
    UnpackMax[4] = { 1, 1, 1, 1 }

Object info:
============
ClassName: Texture2D ObjectName: GameUI_ItemGrowthResult_Bad

    SizeX = 512
    SizeY = 128
    Format = PF_A8R8G8B8 (2)
    AddressX = TA_Clamp (1)
    AddressY = TA_Clamp (1)
    TextureFileCacheName = None
    MipTailBaseIdx = 0
    bForcePVRTC4 = false
    UnpackMin[4] = { 0, 0, 0, 0 }
    UnpackMax[4] = { 1, 1, 1, 1 }

Object info:
============
ClassName: Texture2D ObjectName: GameUI_ItemGrowthResult_ChangeSuccess

    SizeX = 512
    SizeY = 128
    Format = PF_A8R8G8B8 (2)
    AddressX = TA_Clamp (1)
    AddressY = TA_Clamp (1)
    TextureFileCacheName = None
    MipTailBaseIdx = 0
    bForcePVRTC4 = false
    UnpackMin[4] = { 0, 0, 0, 0 }
    UnpackMax[4] = { 1, 1, 1, 1 }

Object info:
============
ClassName: Texture2D ObjectName: GameUI_ItemGrowthResult_Fail

    SizeX = 512
    SizeY = 128
    Format = PF_A8R8G8B8 (2)
    AddressX = TA_Clamp (1)
    AddressY = TA_Clamp (1)
    TextureFileCacheName = None
    MipTailBaseIdx = 0
    bForcePVRTC4 = false
    UnpackMin[4] = { 0, 0, 0, 0 }
    UnpackMax[4] = { 1, 1, 1, 1 }

Object info:
============
ClassName: Texture2D ObjectName: GameUI_ItemGrowthResult_Good

    SizeX = 512
    SizeY = 128
    Format = PF_A8R8G8B8 (2)
    AddressX = TA_Clamp (1)
    AddressY = TA_Clamp (1)
    TextureFileCacheName = None
    MipTailBaseIdx = 0
    bForcePVRTC4 = false
    UnpackMin[4] = { 0, 0, 0, 0 }
    UnpackMax[4] = { 1, 1, 1, 1 }

Object info:
============
ClassName: Texture2D ObjectName: GameUI_ItemGrowthResult_Great

    SizeX = 512
    SizeY = 128
    Format = PF_A8R8G8B8 (2)
    AddressX = TA_Clamp (1)
    AddressY = TA_Clamp (1)
    TextureFileCacheName = None
    MipTailBaseIdx = 0
    bForcePVRTC4 = false
    UnpackMin[4] = { 0, 0, 0, 0 }
    UnpackMax[4] = { 1, 1, 1, 1 }

Object info:
============
ClassName: Texture2D ObjectName: GameUI_ItemGrowthResult_MaxLevel

    SizeX = 512
    SizeY = 128
    Format = PF_A8R8G8B8 (2)
    AddressX = TA_Clamp (1)
    AddressY = TA_Clamp (1)
    TextureFileCacheName = None
    MipTailBaseIdx = 0
    bForcePVRTC4 = false
    UnpackMin[4] = { 0, 0, 0, 0 }
    UnpackMax[4] = { 1, 1, 1, 1 }

Object info:
============
ClassName: Texture2D ObjectName: GameUI_ItemGrowthResult_Normal

    SizeX = 512
    SizeY = 128
    Format = PF_A8R8G8B8 (2)
    AddressX = TA_Clamp (1)
    AddressY = TA_Clamp (1)
    TextureFileCacheName = None
    MipTailBaseIdx = 0
    bForcePVRTC4 = false
    UnpackMin[4] = { 0, 0, 0, 0 }
    UnpackMax[4] = { 1, 1, 1, 1 }

Object info:
============
ClassName: Texture2D ObjectName: GameUI_ItemGrowthResult_SealSuccess

    SizeX = 512
    SizeY = 128
    Format = PF_A8R8G8B8 (2)
    AddressX = TA_Clamp (1)
    AddressY = TA_Clamp (1)
    TextureFileCacheName = None
    MipTailBaseIdx = 0
    bForcePVRTC4 = false
    UnpackMin[4] = { 0, 0, 0, 0 }
    UnpackMax[4] = { 1, 1, 1, 1 }

Object info:
============
ClassName: Texture2D ObjectName: GameUI_ItemGrowthResult_TransformFail

    SizeX = 512
    SizeY = 128
    Format = PF_A8R8G8B8 (2)
    AddressX = TA_Clamp (1)
    AddressY = TA_Clamp (1)
    TextureFileCacheName = None
    MipTailBaseIdx = 0
    bForcePVRTC4 = false
    UnpackMin[4] = { 0, 0, 0, 0 }
    UnpackMax[4] = { 1, 1, 1, 1 }

Object info:
============
ClassName: Texture2D ObjectName: GameUI_ItemGrowthResult_TransformSuccess

    SizeX = 512
    SizeY = 128
    Format = PF_A8R8G8B8 (2)
    AddressX = TA_Clamp (1)
    AddressY = TA_Clamp (1)
    TextureFileCacheName = None
    MipTailBaseIdx = 0
    bForcePVRTC4 = false
    UnpackMin[4] = { 0, 0, 0, 0 }
    UnpackMax[4] = { 1, 1, 1, 1 }
