Found 32768 game files (1766 skipped)
Loading package: 00053735.upk Ver: 573/1 Engine: 4205 Names: 24 Exports: 1 Imports: 2 Game: 801A
Loading SkeletalMesh3 Item_0089 from package 00053735.upk
WARNING: FloatProperty "USkeletalMesh3::AnimNameHeight" was not found
WARNING: FloatProperty "USkeletalMesh3::NormalNameHeight" was not found
Loaded in 0.006 sec, 68 allocs, 0.07 MBytes serialized in 20666 calls.

Object info:
============
ClassName: SkeletalMesh3 ObjectName: Item_0089

    LODInfo[1] =
    {
        LODInfo[0] =
        {
            DisplayFactor = 0
            LODHysteresis = 0.02
            LODMaterialMap[0] = {}
            bEnableShadowCasting[1] = { true }
        }
    }
    Sockets[0] = {}
    bHasVertexColors = false
    EnableTwistBoneFixers = true
    EnableClavicleFixer = true
    Materials[1] = { None }


    Lods[1] =
    {
        Lods[0] =
        {
            Sections[1] =
            {
                Sections[0] = { Material=None, FirstIndex=0, NumFaces=816 }
            }
            NumVerts = 635
            IndexCount = 2448
            NumTexCoords = 1
        }
    }
    LodCount = 1
    MeshOrigin = { X=-0, Y=-0, Z=-0 }
    MeshScale = { X=1, Y=1, Z=1 }
    RotOrigin = { Yaw=0, Pitch=0, Roll=0 }
    BoneCount = 2
