Found 32768 game files (1222 skipped)
Loading package: 00052517.upk Ver: 573/1 Engine: 4205 Names: 974 Exports: 18740 Imports: 422 Game: 801A
Loading Material3 Top_tex_MAT from package 00052517.upk
Loading package: 00012963.upk Ver: 573/1 Engine: 4205 Names: 1349 Exports: 1323 Imports: 10 Game: 801A
Loading Texture2D Smoke_Cloud_003 from package 00012963.upk
Loading Texture2D LensFlare_Nike_Tex from package 00012963.upk
Loaded in 0.056 sec, 2403 allocs, 1.48 MBytes serialized in 371567 calls.

Object info:
============
ClassName: Material3 ObjectName: Top_tex_MAT

    TwoSided = true
    bDisableDepthTest = false
    bIsMasked = false
    ReferencedTextures[2] = { Texture2D'Smoke_Cloud_003', Texture2D'LensFlare_Nike_Tex' }
    BlendMode = BLEND_Additive (3)
    OpacityMaskClipValue = 0.333
    FlattenedTexture = None
    MobileBaseTexture = None
    MobileNormalTexture = None
    bUseMobileSpecular = false
    MobileSpecularPower = 16
    MobileSpecularMask = MSM_Constant (0)
    MobileMaskTexture = None
