Found 32768 game files (1222 skipped)
Loading package: 00051091.upk Ver: 573/1 Engine: 4205 Names: 69 Exports: 8 Imports: 12 Game: 801A
Loading SkeletalMesh3 990318_Autoscale from package 00051091.upk
WARNING: ObjectProperty "USkeletalMesh3::PhysMaterialOverride" was not found
Loading package: 00051090.upk Ver: 573/1 Engine: 4205 Names: 91 Exports: 1 Imports: 20 Game: 801A
Loading SkeletalMeshSocket SkeletalMeshSocket_108 from package 00051091.upk
Loading SkeletalMeshSocket SkeletalMeshSocket_109 from package 00051091.upk
Loading SkeletalMeshSocket SkeletalMeshSocket_110 from package 00051091.upk
Loading MaterialInstanceConstant col1 from package 00051090.upk
Loading package: 00051089.upk Ver: 573/1 Engine: 4205 Names: 35 Exports: 7 Imports: 2 Game: 801A
Loading package: 00002640.upk Ver: 573/1 Engine: 4205 Names: 291 Exports: 507 Imports: 3 Game: 801A
Loading package: 00002620.upk Ver: 573/1 Engine: 4205 Names: 576 Exports: 7687 Imports: 96 Game: 801A
Loading Texture2D 990318_Autoscale_col1_N from package 00051089.upk
Loading Texture2D 990318_Autoscale_col1_M from package 00051089.upk
Loading Texture2D 990318_Autoscale_col1_D from package 00051089.upk
Loading Texture2D 990318_Autoscale_col1_S from package 00051089.upk
Loading TextureCube lenscube_a from package 00002640.upk
Loading Texture2D 990318_Autoscale_col1_E from package 00051089.upk
Loading Material3 Basic from package 00002620.upk
Loading package: 00012963.upk Ver: 573/1 Engine: 4205 Names: 1349 Exports: 1323 Imports: 10 Game: 801A
Loading Texture2D CubemapFace0 from package 00002640.upk
Loading Texture2D CubemapFace1 from package 00002640.upk
Loading Texture2D CubemapFace2 from package 00002640.upk
Loading Texture2D CubemapFace3 from package 00002640.upk
Loading Texture2D CubemapFace4 from package 00002640.upk
Loading Texture2D CubemapFace5 from package 00002640.upk
Loading Texture2D check_n from package 00002620.upk
Loading Texture2D check from package 00002620.upk
Loading Texture2D Smoke_Pattern_001 from package 00012963.upk
Loading Texture2D Gradient_Line_003 from package 00012963.upk
Loading Texture2D Gradient_Wipe_BurnOut_Mask_TEST from package 00012963.upk
Loading Texture2D Gradient_Wipe_BurnOut_Mask from package 00012963.upk
Loaded in 0.17 sec, 2980 allocs, 1.87 MBytes serialized in 248987 calls.

Object info:
============
ClassName: SkeletalMesh3 ObjectName: 990318_Autoscale

    LODInfo[1] =
    {
        LODInfo[0] =
        {
            DisplayFactor = 0
            LODHysteresis = 0.02
            LODMaterialMap[0] = {}
            bEnableShadowCasting[1] = { true }
        }
    }
    Sockets[3] =
    {
        Sockets[0] = SkeletalMeshSocket'990318_Autoscale.SkeletalMeshSocket_108'
        Sockets[1] = SkeletalMeshSocket'990318_Autoscale.SkeletalMeshSocket_109'
        Sockets[2] = SkeletalMeshSocket'990318_Autoscale.SkeletalMeshSocket_110'
    }
    bHasVertexColors = false
    EnableTwistBoneFixers = true
    EnableClavicleFixer = true
    Materials[1] = { MaterialInstanceConstant'col1' }


    Lods[1] =
    {
        Lods[0] =
        {
            Sections[1] =
            {
                Sections[0] = { Material=MaterialInstanceConstant'col1', FirstIndex=0, NumFaces=1946 }
            }
            NumVerts = 2171
            IndexCount = 5838
            NumTexCoords = 1
        }
    }
    LodCount = 1
    MeshOrigin = { X=-0, Y=-0, Z=-0 }
    MeshScale = { X=1, Y=1, Z=1 }
    RotOrigin = { Yaw=0, Pitch=0, Roll=0 }
    BoneCount = 1

Object info:
============
ClassName: SkeletalMeshSocket ObjectName: SkeletalMeshSocket_108

    SocketName = trail_start
    BoneName = WeaponRoot
    RelativeLocation = { X=0, Y=0, Z=27.5 }
    RelativeRotation = { Yaw=0, Pitch=0, Roll=0 }
    RelativeScale = { X=1, Y=1, Z=1 }

Object info:
============
ClassName: SkeletalMeshSocket ObjectName: SkeletalMeshSocket_109

    SocketName = trail_end
    BoneName = WeaponRoot
    RelativeLocation = { X=0, Y=0, Z=102.5 }
    RelativeRotation = { Yaw=0, Pitch=0, Roll=0 }
    RelativeScale = { X=1, Y=1, Z=1 }

Object info:
============
ClassName: SkeletalMeshSocket ObjectName: SkeletalMeshSocket_110

    SocketName = Sword_effect
    BoneName = WeaponRoot
    RelativeLocation = { X=0.267106, Y=0, Z=37 }
    RelativeRotation = { Yaw=0, Pitch=0, Roll=0 }
    RelativeScale = { X=1, Y=1, Z=1 }
