Found 32768 game files (1766 skipped)
Loading package: 00050383.upk Ver: 573/1 Engine: 4205 Names: 190 Exports: 156 Imports: 51 Game: 801A
Loading Material3 Basic_FX from package 00050383.upk
Loading package: 00002620.upk Ver: 573/1 Engine: 4205 Names: 576 Exports: 7687 Imports: 96 Game: 801A
Loading package: 00050384.upk Ver: 573/1 Engine: 4205 Names: 761 Exports: 1444 Imports: 162 Game: 801A
Loading package: 00012963.upk Ver: 573/1 Engine: 4205 Names: 1386 Exports: 1362 Imports: 10 Game: 801A
Loading MaterialInstanceConstant col1 from package 00050383.upk
Loading package: 00050382.upk Ver: 573/1 Engine: 4205 Names: 32 Exports: 5 Imports: 2 Game: 801A
Loading package: 00002640.upk Ver: 573/1 Engine: 4205 Names: 291 Exports: 507 Imports: 3 Game: 801A
Loading Texture2D check_n from package 00002620.upk
Loading Texture2D 090162_JinM_col1_fx from package 00050384.upk
Loading Texture2D Noise_Bubble_000 from package 00012963.upk
Loading Texture2D Noise_Wave_000 from package 00012963.upk
Loading Texture2D Smoke_Pattern_001 from package 00012963.upk
Loading Texture2D Gradient_Wipe_BurnOut_Mask_TEST from package 00012963.upk
Loading Texture2D Gradient_Wipe_BurnOut_Mask from package 00012963.upk
Loading Texture2D check from package 00002620.upk
Loading Texture2D Gradient_Line_003 from package 00012963.upk
Loading Texture2D 090162_JinM_col1_N from package 00050382.upk
Loading Texture2D 090162_JinM_col1_M from package 00050382.upk
Loading Texture2D 090162_JinM_col1_D from package 00050382.upk
Loading Texture2D 090162_JinM_col1_S from package 00050382.upk
Loading TextureCube Cube_Suicide2 from package 00002640.upk
Loading Texture2D 090162_JinM_col1_E from package 00050382.upk
Loading Texture2D CubemapFace0 from package 00002640.upk
Loading Texture2D CubemapFace1 from package 00002640.upk
Loading Texture2D CubemapFace2 from package 00002640.upk
Loading Texture2D CubemapFace3 from package 00002640.upk
Loading Texture2D CubemapFace4 from package 00002640.upk
Loading Texture2D CubemapFace5 from package 00002640.upk
Loaded in 0.21 sec, 3864 allocs, 3.58 MBytes serialized in 217781 calls.

Object info:
============
ClassName: Material3 ObjectName: Basic_FX

    TwoSided = true
    bDisableDepthTest = false
    bIsMasked = true
    ReferencedTextures[9] =
    {
        ReferencedTextures[0] = Texture2D'check_n'
        ReferencedTextures[1] = Texture2D'090162_JinM_col1_fx'
        ReferencedTextures[2] = Texture2D'Noise_Bubble_000'
        ReferencedTextures[3] = Texture2D'Noise_Wave_000'
        ReferencedTextures[4] = Texture2D'Smoke_Pattern_001'
        ReferencedTextures[5] = Texture2D'Gradient_Wipe_BurnOut_Mask_TEST'
        ReferencedTextures[6] = Texture2D'Gradient_Wipe_BurnOut_Mask'
        ReferencedTextures[7] = Texture2D'check'
        ReferencedTextures[8] = Texture2D'Gradient_Line_003'
    }
    BlendMode = BLEND_Masked (1)
    OpacityMaskClipValue = 0.333
    FlattenedTexture = None
    MobileBaseTexture = None
    MobileNormalTexture = None
    bUseMobileSpecular = false
    MobileSpecularPower = 16
    MobileSpecularMask = MSM_Constant (0)
    MobileMaskTexture = None

Object info:
============
ClassName: MaterialInstanceConstant ObjectName: col1

    ScalarParameterValues[10] =
    {
        ScalarParameterValues[0] = { ParameterName=Transmission_value, ParameterValue=0.5 }
        ScalarParameterValues[1] = { ParameterName=Glossiness1, ParameterValue=3 }
        ScalarParameterValues[2] = { ParameterName=Glossiness2, ParameterValue=30 }
        ScalarParameterValues[3] = { ParameterName=Specular_value, ParameterValue=1 }
        ScalarParameterValues[4] = { ParameterName=HighLight_Value, ParameterValue=5 }
        ScalarParameterValues[5] = { ParameterName=HighLight_glossiness, ParameterValue=100 }
        ScalarParameterValues[6] = { ParameterName=Emissive_value, ParameterValue=1 }
        ScalarParameterValues[7] = { ParameterName=Emissive_value2, ParameterValue=0 }
        ScalarParameterValues[8] = { ParameterName=Fresnel Value, ParameterValue=1 }
        ScalarParameterValues[9] = { ParameterName=Fresnel exponent, ParameterValue=30 }
    }
    TextureParameterValues[8] =
    {
        TextureParameterValues[0] = { ParameterName=Normal, ParameterValue=Texture2D'090162_JinM_col1_N' }
        TextureParameterValues[1] = { ParameterName=Mask_GB, ParameterValue=Texture2D'090162_JinM_col1_M' }
        TextureParameterValues[2] = { ParameterName=Diffuse, ParameterValue=Texture2D'090162_JinM_col1_D' }
        TextureParameterValues[3] = { ParameterName=Specular, ParameterValue=Texture2D'090162_JinM_col1_S' }
        TextureParameterValues[4] = { ParameterName=rf_cube, ParameterValue=TextureCube'Cube_Suicide2' }
        TextureParameterValues[5] = { ParameterName=Emissive, ParameterValue=Texture2D'090162_JinM_col1_E' }
        TextureParameterValues[6] = { ParameterName=Noise, ParameterValue=Texture2D'Noise_Bubble_000' }
        TextureParameterValues[7] = { ParameterName=FX_Tex, ParameterValue=Texture2D'090162_JinM_col1_fx' }
    }
    VectorParameterValues[13] =
    {
        VectorParameterValues[0] =
        {
            ParameterName = AC_color
            ParameterValue = { R=1, G=1, B=1, A=1 }
        }
        VectorParameterValues[1] =
        {
            ParameterName = Mesh_trangition
            ParameterValue = { R=0, G=0, B=0, A=1 }
        }
        VectorParameterValues[2] =
        {
            ParameterName = AC_specular
            ParameterValue = { R=1, G=1, B=1, A=1 }
        }
        VectorParameterValues[3] =
        {
            ParameterName = Reflection_value
            ParameterValue = { R=0.9743, G=0.827726, B=0.523443, A=1 }
        }
        VectorParameterValues[4] =
        {
            ParameterName = HighLight_Color
            ParameterValue = { R=1, G=1, B=1, A=1 }
        }
        VectorParameterValues[5] =
        {
            ParameterName = Fresnel_color
            ParameterValue = { R=0, G=0, B=0, A=1 }
        }
        VectorParameterValues[6] =
        {
            ParameterName = Fresnel_Power
            ParameterValue = { R=0, G=0, B=0, A=1 }
        }
        VectorParameterValues[7] =
        {
            ParameterName = Burn_Color
            ParameterValue = { R=0, G=0, B=0, A=1 }
        }
        VectorParameterValues[8] =
        {
            ParameterName = UV
            ParameterValue = { R=7, G=7, B=0, A=1 }
        }
        VectorParameterValues[9] =
        {
            ParameterName = fx_customcolor3
            ParameterValue = { R=12, G=5, B=5, A=1 }
        }
        VectorParameterValues[10] =
        {
            ParameterName = Multi_Wing
            ParameterValue = { R=0, G=0, B=0, A=1 }
        }
        VectorParameterValues[11] =
        {
            ParameterName = fx_customcolor
            ParameterValue = { R=12, G=5, B=5, A=1 }
        }
        VectorParameterValues[12] =
        {
            ParameterName = fx_customcolor2
            ParameterValue = { R=20, G=8.5, B=8.5, A=1 }
        }
    }
    Parent = Material3'Basic_FX'
    FlattenedTexture = None
    MobileBaseTexture = None
    MobileNormalTexture = None
    bUseMobileSpecular = false
    MobileSpecularPower = 16
    MobileSpecularMask = MSM_Constant (0)
    MobileMaskTexture = None
