Found 32768 game files (1766 skipped)
Loading package: 00051133.upk Ver: 573/1 Engine: 4205 Names: 179 Exports: 247 Imports: 14 Game: 801A
Loading SkeletalMesh3 RuneMechaTombSoldier from package 00051133.upk
WARNING: ObjectProperty "USkeletalMesh3::PlaySoundSet" was not found
WARNING: FloatProperty "USkeletalMesh3::AnimNameHeight" was not found
WARNING: FloatProperty "USkeletalMesh3::NormalNameHeight" was not found
WARNING: FloatProperty "USkeletalMesh3::LowNameHeight" was not found
Loading package: 00051132.upk Ver: 573/1 Engine: 4205 Names: 179 Exports: 155 Imports: 47 Game: 801A
Loading SkeletalMeshSocket SkeletalMeshSocket_121 from package 00051133.upk
Loading SkeletalMeshSocket SkeletalMeshSocket_122 from package 00051133.upk
Loading SkeletalMeshSocket SkeletalMeshSocket_125 from package 00051133.upk
WARNING: BoolProperty "USkeletalMeshSocket::bParticleAttachPosOnly" was not found
Loading SkeletalMeshSocket SkeletalMeshSocket_126 from package 00051133.upk
Loading SkeletalMeshSocket SkeletalMeshSocket_128 from package 00051133.upk
Loading SkeletalMeshSocket SkeletalMeshSocket_131 from package 00051133.upk
Loading MaterialInstanceConstant col1 from package 00051132.upk
Loading package: 00051131.upk Ver: 573/1 Engine: 4205 Names: 36 Exports: 8 Imports: 2 Game: 801A
Loading package: 00002640.upk Ver: 573/1 Engine: 4205 Names: 291 Exports: 507 Imports: 3 Game: 801A
Loading Texture2D RuneMechaTombSoldier_col1_N from package 00051131.upk
Loading Texture2D RuneMechaTombSoldier_col1_M from package 00051131.upk
Loading Texture2D RuneMechaTombSoldier_col1_D from package 00051131.upk
Loading Texture2D RuneMechaTombSoldier_col1_S from package 00051131.upk
Loading TextureCube lenscube_a from package 00002640.upk
Loading Texture2D RuneMechaTombSoldier_col1_E from package 00051131.upk
Loading Texture2D RuneMechaTombSoldier_col1_fx from package 00051132.upk
Loading Material3 Basic_FX from package 00051132.upk
Loading package: 00002620.upk Ver: 573/1 Engine: 4205 Names: 576 Exports: 7687 Imports: 96 Game: 801A
Loading package: 00012963.upk Ver: 573/1 Engine: 4205 Names: 1386 Exports: 1362 Imports: 10 Game: 801A
Loading Texture2D CubemapFace0 from package 00002640.upk
Loading Texture2D CubemapFace1 from package 00002640.upk
Loading Texture2D CubemapFace2 from package 00002640.upk
Loading Texture2D CubemapFace3 from package 00002640.upk
Loading Texture2D CubemapFace4 from package 00002640.upk
Loading Texture2D CubemapFace5 from package 00002640.upk
Loading Texture2D check_n from package 00002620.upk
Loading Texture2D check from package 00002620.upk
Loading Texture2D Smoke_Pattern_001 from package 00012963.upk
Loading Texture2D Gradient_Line_003 from package 00012963.upk
Loading Texture2D Gradient_Wipe_BurnOut_Mask_TEST from package 00012963.upk
Loading Texture2D Gradient_Wipe_BurnOut_Mask from package 00012963.upk
Loaded in 0.17 sec, 3249 allocs, 3.79 MBytes serialized in 539763 calls.

Object info:
============
ClassName: SkeletalMesh3 ObjectName: RuneMechaTombSoldier

    LODInfo[1] =
    {
        LODInfo[0] =
        {
            DisplayFactor = 0
            LODHysteresis = 0.02
            LODMaterialMap[0] = {}
            bEnableShadowCasting[1] = { true }
        }
    }
    Sockets[6] =
    {
        Sockets[0] = SkeletalMeshSocket'RuneMechaTombSoldier.SkeletalMeshSocket_121'
        Sockets[1] = SkeletalMeshSocket'RuneMechaTombSoldier.SkeletalMeshSocket_122'
        Sockets[2] = SkeletalMeshSocket'RuneMechaTombSoldier.SkeletalMeshSocket_125'
        Sockets[3] = SkeletalMeshSocket'RuneMechaTombSoldier.SkeletalMeshSocket_126'
        Sockets[4] = SkeletalMeshSocket'RuneMechaTombSoldier.SkeletalMeshSocket_128'
        Sockets[5] = SkeletalMeshSocket'RuneMechaTombSoldier.SkeletalMeshSocket_131'
    }
    bHasVertexColors = false
    EnableTwistBoneFixers = true
    EnableClavicleFixer = true
    Materials[1] = { MaterialInstanceConstant'col1' }


    Lods[1] =
    {
        Lods[0] =
        {
            Sections[1] =
            {
                Sections[0] = { Material=MaterialInstanceConstant'col1', FirstIndex=0, NumFaces=14294 }
            }
            NumVerts = 9975
            IndexCount = 42882
            NumTexCoords = 1
        }
    }
    LodCount = 1
    MeshOrigin = { X=-0, Y=-0, Z=-0 }
    MeshScale = { X=1, Y=1, Z=1 }
    RotOrigin = { Yaw=0, Pitch=0, Roll=0 }
    BoneCount = 83

Object info:
============
ClassName: SkeletalMeshSocket ObjectName: SkeletalMeshSocket_121

    SocketName = target_high
    BoneName = Bip01Head
    RelativeLocation = { X=0, Y=0, Z=0 }
    RelativeRotation = { Yaw=0, Pitch=0, Roll=0 }
    RelativeScale = { X=1, Y=1, Z=1 }

Object info:
============
ClassName: SkeletalMeshSocket ObjectName: SkeletalMeshSocket_122

    SocketName = Catch_Neck
    BoneName = Bip01Neck
    RelativeLocation = { X=0, Y=0, Z=0 }
    RelativeRotation = { Yaw=0, Pitch=0, Roll=0 }
    RelativeScale = { X=1, Y=1, Z=1 }

Object info:
============
ClassName: SkeletalMeshSocket ObjectName: SkeletalMeshSocket_125

    SocketName = ATTACH_EFFECT
    BoneName = Bip01
    RelativeLocation = { X=0, Y=0, Z=0 }
    RelativeRotation = { Yaw=0, Pitch=0, Roll=0 }
    RelativeScale = { X=1, Y=1, Z=1 }

Object info:
============
ClassName: SkeletalMeshSocket ObjectName: SkeletalMeshSocket_126

    SocketName = Mount_Ambar_Socket
    BoneName = Bip01LClavicle
    RelativeLocation = { X=7.02622, Y=-11.5276, Z=-14.5674 }
    RelativeRotation = { Yaw=-3459, Pitch=13306, Roll=20227 }
    RelativeScale = { X=1, Y=1, Z=1 }

Object info:
============
ClassName: SkeletalMeshSocket ObjectName: SkeletalMeshSocket_128

    SocketName = Decap_Socket
    BoneName = Bip01Neck
    RelativeLocation = { X=12.8468, Y=12.4673, Z=0 }
    RelativeRotation = { Yaw=0, Pitch=0, Roll=0 }
    RelativeScale = { X=1, Y=1, Z=1 }

Object info:
============
ClassName: SkeletalMeshSocket ObjectName: SkeletalMeshSocket_131

    SocketName = Catch_Back
    BoneName = Bip01Spine
    RelativeLocation = { X=9.44028, Y=27.037, Z=5.12727 }
    RelativeRotation = { Yaw=14269, Pitch=-14519, Roll=-14287 }
    RelativeScale = { X=1, Y=1, Z=1 }
