Found 32768 game files (1222 skipped)
Loading package: 00059691.upk Ver: 573/1 Engine: 4205 Names: 29 Exports: 2 Imports: 2 Game: 801A
Loading Texture2D 060055_JinF_Hair_D from package 00059691.upk
Loading Texture2D 060055_JinF_Hair_N from package 00059691.upk
Loaded in 0.046 sec, 123 allocs, 2.69 MBytes serialized in 708 calls.

Object info:
============
ClassName: Texture2D ObjectName: 060055_JinF_Hair_D

    SizeX = 2048
    SizeY = 1024
    Format = PF_DXT5 (7)
    AddressX = TA_Wrap (0)
    AddressY = TA_Wrap (0)
    TextureFileCacheName = None
    MipTailBaseIdx = 11
    bForcePVRTC4 = false
    UnpackMin[4] = { 0, 0, 0, 0 }
    UnpackMax[4] = { 1, 1, 1, 1 }

Object info:
============
ClassName: Texture2D ObjectName: 060055_JinF_Hair_N

    SizeX = 2048
    SizeY = 1024
    Format = PF_DXT1 (5)
    AddressX = TA_Wrap (0)
    AddressY = TA_Wrap (0)
    TextureFileCacheName = None
    MipTailBaseIdx = 11
    bForcePVRTC4 = false
    UnpackMin[4] = { -1, -1, -1, 0 }
    UnpackMax[4] = { 1, 1, 1, 1 }
