Found 32768 game files (1222 skipped)
Loading package: 00055579.upk Ver: 573/1 Engine: 4205 Names: 357 Exports: 840 Imports: 127 Game: 801A
Loading SkeletalMesh3 120264_1_Autoscale from package 00055579.upk
WARNING: ObjectProperty "USkeletalMesh3::MeshFactorSet" was not found
WARNING: ObjectProperty "USkeletalMesh3::PhysMaterialOverride" was not found
WARNING: ByteProperty "USkeletalMesh3::ItemPreviewLocType" was not found
Loading package: 00055581.upk Ver: 573/1 Engine: 4205 Names: 101 Exports: 1 Imports: 24 Game: 801A
Loading SkeletalMesh3 120264_2_Autoscale from package 00055579.upk
WARNING: ObjectProperty "USkeletalMesh3::MeshFactorSet" was not found
WARNING: ByteProperty "USkeletalMesh3::ItemPreviewLocType" was not found
Loading SkeletalMeshSocket SkeletalMeshSocket_173 from package 00055579.upk
WARNING: ObjectProperty "USkeletalMeshSocket::DependencyParticleSystem" was not found
Loading MaterialInstanceConstant col1 from package 00055581.upk
Loading package: 00055580.upk Ver: 573/1 Engine: 4205 Names: 32 Exports: 5 Imports: 2 Game: 801A
Loading package: 00050895.upk Ver: 573/1 Engine: 4205 Names: 153 Exports: 3 Imports: 21 Game: 801A
Loading package: 00002640.upk Ver: 573/1 Engine: 4205 Names: 291 Exports: 507 Imports: 3 Game: 801A
Loading package: 00055998.upk Ver: 573/1 Engine: 4205 Names: 113 Exports: 3 Imports: 25 Game: 801A
Loading package: 00012963.upk Ver: 573/1 Engine: 4205 Names: 1349 Exports: 1323 Imports: 10 Game: 801A
Loading package: 00055978.upk Ver: 573/1 Engine: 4205 Names: 194 Exports: 261 Imports: 54 Game: 801A
Loading Texture2D 120264_Autoscale_col1_N from package 00055580.upk
Loading Texture2D 120264_Autoscale_col1_M from package 00055580.upk
Loading Texture2D 120264_Autoscale_col1_D from package 00055580.upk
Loading Texture2D Smoke_Pattern_4channel_02 from package 00050895.upk
Loading Texture2D 120264_Autoscale_col1_S from package 00055580.upk
Loading TextureCube lenscube from package 00002640.upk
Loading Texture2D 120264_Autoscale_col1_FX from package 00055998.upk
Loading Texture2D FX_Glow_Trangition from package 00012963.upk
Loading Texture2D 120264_Autoscale_col1_E from package 00055580.upk
Loading Material3 Basic_view_reflect_FX from package 00055978.upk
Loading package: 00002620.upk Ver: 573/1 Engine: 4205 Names: 576 Exports: 7687 Imports: 96 Game: 801A
Loading Texture2D CubemapFace0 from package 00002640.upk
Loading Texture2D CubemapFace1 from package 00002640.upk
Loading Texture2D CubemapFace2 from package 00002640.upk
Loading Texture2D CubemapFace3 from package 00002640.upk
Loading Texture2D CubemapFace4 from package 00002640.upk
Loading Texture2D CubemapFace5 from package 00002640.upk
Loading Texture2D check_n from package 00002620.upk
Loading Texture2D check from package 00002620.upk
Loading Texture2D Smoke_Pattern_001 from package 00012963.upk
Loading Texture2D Gradient_Line_003 from package 00012963.upk
Loaded in 0.29 sec, 3816 allocs, 2.65 MBytes serialized in 316834 calls.

Object info:
============
ClassName: SkeletalMesh3 ObjectName: 120264_1_Autoscale

    LODInfo[1] =
    {
        LODInfo[0] =
        {
            DisplayFactor = 0
            LODHysteresis = 0.02
            LODMaterialMap[0] = {}
            bEnableShadowCasting[1] = { true }
        }
    }
    Sockets[1] = { SkeletalMeshSocket'120264_1_Autoscale.SkeletalMeshSocket_173' }
    bHasVertexColors = false
    EnableTwistBoneFixers = true
    EnableClavicleFixer = true
    Materials[1] = { MaterialInstanceConstant'col1' }


    Lods[1] =
    {
        Lods[0] =
        {
            Sections[1] =
            {
                Sections[0] = { Material=MaterialInstanceConstant'col1', FirstIndex=0, NumFaces=1148 }
            }
            NumVerts = 861
            IndexCount = 3444
            NumTexCoords = 1
        }
    }
    LodCount = 1
    MeshOrigin = { X=-0, Y=-0, Z=-0 }
    MeshScale = { X=1, Y=1, Z=1 }
    RotOrigin = { Yaw=0, Pitch=0, Roll=0 }
    BoneCount = 3

Object info:
============
ClassName: SkeletalMesh3 ObjectName: 120264_2_Autoscale

    LODInfo[1] =
    {
        LODInfo[0] =
        {
            DisplayFactor = 0
            LODHysteresis = 0.02
            LODMaterialMap[0] = {}
            bEnableShadowCasting[1] = { true }
        }
    }
    Sockets[0] = {}
    bHasVertexColors = false
    EnableTwistBoneFixers = true
    EnableClavicleFixer = true
    Materials[1] = { MaterialInstanceConstant'col1' }


    Lods[1] =
    {
        Lods[0] =
        {
            Sections[1] =
            {
                Sections[0] = { Material=MaterialInstanceConstant'col1', FirstIndex=0, NumFaces=3160 }
            }
            NumVerts = 2456
            IndexCount = 9480
            NumTexCoords = 1
        }
    }
    LodCount = 1
    MeshOrigin = { X=-0, Y=-0, Z=-0 }
    MeshScale = { X=1, Y=1, Z=1 }
    RotOrigin = { Yaw=0, Pitch=0, Roll=0 }
    BoneCount = 1

Object info:
============
ClassName: SkeletalMeshSocket ObjectName: SkeletalMeshSocket_173

    SocketName = FX_Add
    BoneName = WeaponRoot
    RelativeLocation = { X=0, Y=-0.30736, Z=8.5 }
    RelativeRotation = { Yaw=0, Pitch=0, Roll=0 }
    RelativeScale = { X=1, Y=1, Z=1 }
