Found 32768 game files (1766 skipped)
Loading package: 00053493.upk Ver: 573/1 Engine: 4205 Names: 220 Exports: 141 Imports: 20 Game: 801A
Loading SkeletalMesh3 10156_jinM from package 00053493.upk
WARNING: ObjectProperty "USkeletalMesh3::MeshFactorSet" was not found
WARNING: ObjectProperty "USkeletalMesh3::PhysMaterialOverride" was not found
WARNING: ObjectProperty "USkeletalMesh3::PlaySoundSet" was not found
WARNING: FloatProperty "USkeletalMesh3::AddFootOffsetValue" was not found
WARNING: FloatProperty "USkeletalMesh3::AnimNameHeight" was not found
WARNING: FloatProperty "USkeletalMesh3::NormalNameHeight" was not found
WARNING: ArrayProperty "USkeletalMesh3::NameplateMeshScaleRatio" was not found
WARNING: StructProperty "USkeletalMesh3::NameplateHeightRatio" was not found
WARNING: ArrayProperty "USkeletalMesh3::MeshScaleRatio" was not found
WARNING: StructProperty "USkeletalMesh3::HeightRatio" was not found
WARNING: StructProperty "USkeletalMesh3::HandRatio" was not found
WARNING: ByteProperty "USkeletalMesh3::CommonPhysicsUseFlag" was not found
Loading package: 00053495.upk Ver: 573/1 Engine: 4205 Names: 98 Exports: 2 Imports: 25 Game: 801A
Loading MaterialInstanceConstant col1 from package 00053495.upk
Loading package: 00053494.upk Ver: 573/1 Engine: 4205 Names: 40 Exports: 13 Imports: 4 Game: 801A
Loading package: 00002640.upk Ver: 573/1 Engine: 4205 Names: 291 Exports: 507 Imports: 3 Game: 801A
Loading package: 00002620.upk Ver: 573/1 Engine: 4205 Names: 576 Exports: 7687 Imports: 96 Game: 801A
Loading MaterialInstanceConstant col1_Acc from package 00053495.upk
Loading Texture2D 10156_JinM_Col1_N from package 00053494.upk
Loading Texture2D 10156_JinM_Col1_M from package 00053494.upk
Loading Texture2D 10156_JinM_Col1_D from package 00053494.upk
Loading Texture2D 10156_JinM_Col1_S from package 00053494.upk
Loading TextureCube cube_orb from package 00002640.upk
Loading Texture2D 10156_JinM_Col1_E from package 00053494.upk
Loading Material3 Body from package 00002620.upk
Loading package: 00012963.upk Ver: 573/1 Engine: 4205 Names: 1386 Exports: 1362 Imports: 10 Game: 801A
Loading Texture2D 10156_JinM_Col1_acc_N from package 00053494.upk
Loading Texture2D 10156_JinM_Col1_acc_M from package 00053494.upk
Loading Texture2D 10156_JinM_Col1_acc_D from package 00053494.upk
Loading Texture2D 10156_JinM_Col1_acc_S from package 00053494.upk
Loading Texture2D check from package 00002620.upk
Loading Texture2D CubemapFace0 from package 00002640.upk
Loading Texture2D CubemapFace1 from package 00002640.upk
Loading Texture2D CubemapFace2 from package 00002640.upk
Loading Texture2D CubemapFace3 from package 00002640.upk
Loading Texture2D CubemapFace4 from package 00002640.upk
Loading Texture2D CubemapFace5 from package 00002640.upk
Loading Texture2D check_n from package 00002620.upk
Loading Texture2D Noise_Glass_000 from package 00012963.upk
Loading Texture2D Smoke_Pattern_001 from package 00012963.upk
Loading Texture2D Gradient_Wipe_BurnOut_Mask_TEST from package 00012963.upk
Loading Texture2D Gradient_Wipe_BurnOut_Mask from package 00012963.upk
Loading Texture2D Gradient_Line_003 from package 00012963.upk
Loaded in 0.29 sec, 3341 allocs, 4.61 MBytes serialized in 813295 calls.

Object info:
============
ClassName: SkeletalMesh3 ObjectName: 10156_jinM

    LODInfo[2] =
    {
        LODInfo[0] =
        {
            DisplayFactor = 0
            LODHysteresis = 0.02
            LODMaterialMap[0] = {}
            bEnableShadowCasting[2] = { true, true }
        }
        LODInfo[1] =
        {
            DisplayFactor = 0.25
            LODHysteresis = 0.02
            LODMaterialMap[2] = { 0, 1 }
            bEnableShadowCasting[2] = { true, true }
        }
    }
    Sockets[0] = {}
    bHasVertexColors = false
    EnableTwistBoneFixers = true
    EnableClavicleFixer = true
    Materials[2] = { MaterialInstanceConstant'col1', MaterialInstanceConstant'col1_Acc' }


    Lods[2] =
    {
        Lods[0] =
        {
            Sections[2] =
            {
                Sections[0] = { Material=MaterialInstanceConstant'col1', FirstIndex=0, NumFaces=10731 }
                Sections[1] = { Material=MaterialInstanceConstant'col1_Acc', FirstIndex=32193, NumFaces=3411 }
            }
            NumVerts = 10928
            IndexCount = 42426
            NumTexCoords = 1
        }
        Lods[1] =
        {
            Sections[2] =
            {
                Sections[0] = { Material=MaterialInstanceConstant'col1_Acc', FirstIndex=0, NumFaces=1868 }
                Sections[1] = { Material=MaterialInstanceConstant'col1', FirstIndex=5604, NumFaces=3824 }
            }
            NumVerts = 5314
            IndexCount = 17076
            NumTexCoords = 1
        }
    }
    LodCount = 2
    MeshOrigin = { X=-0, Y=-0, Z=-0 }
    MeshScale = { X=1, Y=1, Z=1 }
    RotOrigin = { Yaw=0, Pitch=0, Roll=0 }
    BoneCount = 99
