Found 32768 game files (1766 skipped)
Loading package: 00053976.upk Ver: 573/1 Engine: 4205 Names: 24 Exports: 1 Imports: 5 Game: 801A
Loading SkeletalMesh3 item_0098 from package 00053976.upk
Loading package: 00053975.upk Ver: 573/1 Engine: 4205 Names: 186 Exports: 2 Imports: 34 Game: 801A
Loading MaterialInstanceConstant col1 from package 00053975.upk
Loading package: 00053974.upk Ver: 573/1 Engine: 4205 Names: 36 Exports: 7 Imports: 4 Game: 801A
Loading package: 00002640.upk Ver: 573/1 Engine: 4205 Names: 291 Exports: 507 Imports: 3 Game: 801A
Loading package: 00002620.upk Ver: 573/1 Engine: 4205 Names: 576 Exports: 7687 Imports: 96 Game: 801A
Loading MaterialInstanceConstant Col1_Acc from package 00053975.upk
check for Parent_normal in 00053976
check for Parent_normal in 00053975
check for Parent_normal in 00053974
check for Parent_normal in 00002640
check for Parent_normal in 00002620
WARNING: Import(Parent_normal.Parent_normal) was not found
check for Parent_emissive in 00053976
check for Parent_emissive in 00053975
check for Parent_emissive in 00053974
check for Parent_emissive in 00002640
check for Parent_emissive in 00002620
WARNING: Import(Parent_normal.Parent_emissive) was not found
check for Water_cube4 in 00053976
check for Water_cube4 in 00053975
check for Water_cube4 in 00053974
check for Water_cube4 in 00002640
check for Water_cube4 in 00002620
WARNING: Import(CubeMap_001.Water_cube4) was not found
check for Parent_Cubemap in 00053976
check for Parent_Cubemap in 00053975
check for Parent_Cubemap in 00053974
check for Parent_Cubemap in 00002640
check for Parent_Cubemap in 00002620
WARNING: Import(Parent_normal.Parent_Cubemap) was not found
check for Parent_diffuse in 00053976
check for Parent_diffuse in 00053975
check for Parent_diffuse in 00053974
check for Parent_diffuse in 00002640
check for Parent_diffuse in 00002620
WARNING: Import(Parent_normal.Parent_diffuse) was not found
check for RGB_Mask in 00053976
check for RGB_Mask in 00053975
check for RGB_Mask in 00053974
check for RGB_Mask in 00002640
check for RGB_Mask in 00002620
WARNING: Import(Parent_normal.RGB_Mask) was not found
check for Parent_simple in 00053976
check for Parent_simple in 00053975
check for Parent_simple in 00053974
check for Parent_simple in 00002640
check for Parent_simple in 00002620
WARNING: Import(Parent_normal.Parent_simple) was not found
WARNING: BoolProperty "UMaterialInstanceConstant::bAcceptRenderDecal" was not found
Loading Texture2D Item_0098_Col1_N from package 00053974.upk
Loading Texture2D Item_0098_Col1_M from package 00053974.upk
Loading Texture2D item_0098_Col1_D1 from package 00053974.upk
Loading Texture2D Item_0098_Col1_S from package 00053974.upk
Loading TextureCube cube_orb from package 00002640.upk
Loading Texture2D check from package 00002620.upk
Loading Material3 Basic from package 00002620.upk
Loading package: 00012963.upk Ver: 573/1 Engine: 4205 Names: 1386 Exports: 1362 Imports: 10 Game: 801A
Loading Texture2D item_0098_Col1_N1 from package 00053974.upk
Loading Texture2D Item_0098_Acc_Col1_D from package 00053974.upk
Loading Texture2D CubemapFace0 from package 00002640.upk
Loading Texture2D CubemapFace1 from package 00002640.upk
Loading Texture2D CubemapFace2 from package 00002640.upk
Loading Texture2D CubemapFace3 from package 00002640.upk
Loading Texture2D CubemapFace4 from package 00002640.upk
Loading Texture2D CubemapFace5 from package 00002640.upk
Loading Texture2D check_n from package 00002620.upk
Loading Texture2D Smoke_Pattern_001 from package 00012963.upk
Loading Texture2D Gradient_Line_003 from package 00012963.upk
Loading Texture2D Gradient_Wipe_BurnOut_Mask_TEST from package 00012963.upk
Loading Texture2D Gradient_Wipe_BurnOut_Mask from package 00012963.upk
Loaded in 0.14 sec, 3085 allocs, 1.64 MBytes serialized in 220363 calls.

Object info:
============
ClassName: SkeletalMesh3 ObjectName: item_0098

    LODInfo[1] =
    {
        LODInfo[0] =
        {
            DisplayFactor = 0
            LODHysteresis = 0.02
            LODMaterialMap[0] = {}
            bEnableShadowCasting[2] = { true, true }
        }
    }
    Sockets[0] = {}
    bHasVertexColors = false
    EnableTwistBoneFixers = true
    EnableClavicleFixer = true
    Materials[2] = { MaterialInstanceConstant'col1', MaterialInstanceConstant'Col1_Acc' }


    Lods[1] =
    {
        Lods[0] =
        {
            Sections[2] =
            {
                Sections[0] = { Material=MaterialInstanceConstant'col1', FirstIndex=0, NumFaces=884 }
                Sections[1] = { Material=MaterialInstanceConstant'Col1_Acc', FirstIndex=2652, NumFaces=464 }
            }
            NumVerts = 1051
            IndexCount = 4044
            NumTexCoords = 1
        }
    }
    LodCount = 1
    MeshOrigin = { X=-0, Y=-0, Z=-0 }
    MeshScale = { X=1, Y=1, Z=1 }
    RotOrigin = { Yaw=0, Pitch=0, Roll=0 }
    BoneCount = 1
