Found 32768 game files (1222 skipped)
Loading package: 00051026.upk Ver: 573/1 Engine: 4205 Names: 67 Exports: 10 Imports: 12 Game: 801A
Loading SkeletalMesh3 990309_Autoscale from package 00051026.upk
WARNING: ObjectProperty "USkeletalMesh3::PhysMaterialOverride" was not found
Loading package: 00051025.upk Ver: 573/1 Engine: 4205 Names: 89 Exports: 1 Imports: 19 Game: 801A
Loading SkeletalMeshSocket SkeletalMeshSocket_143 from package 00051026.upk
Loading SkeletalMeshSocket SkeletalMeshSocket_144 from package 00051026.upk
Loading SkeletalMeshSocket SkeletalMeshSocket_145 from package 00051026.upk
Loading SkeletalMeshSocket SkeletalMeshSocket_146 from package 00051026.upk
Loading SkeletalMeshSocket SkeletalMeshSocket_147 from package 00051026.upk
Loading MaterialInstanceConstant col1 from package 00051025.upk
Loading package: 00051024.upk Ver: 573/1 Engine: 4205 Names: 32 Exports: 4 Imports: 2 Game: 801A
Loading package: 00002640.upk Ver: 573/1 Engine: 4205 Names: 291 Exports: 507 Imports: 3 Game: 801A
Loading package: 00002620.upk Ver: 573/1 Engine: 4205 Names: 576 Exports: 7687 Imports: 96 Game: 801A
Loading Texture2D 990309_Autoscale_col1_N from package 00051024.upk
Loading Texture2D 990309_Autoscale_col1_M from package 00051024.upk
Loading Texture2D 990309_Autoscale_col1_D from package 00051024.upk
Loading Texture2D 990309_Autoscale_col1_S from package 00051024.upk
Loading TextureCube lenscube from package 00002640.upk
Loading Texture2D check from package 00002620.upk
Loading Material3 Basic from package 00002620.upk
Loading package: 00012963.upk Ver: 573/1 Engine: 4205 Names: 1349 Exports: 1323 Imports: 10 Game: 801A
Loading Texture2D CubemapFace0 from package 00002640.upk
Loading Texture2D CubemapFace1 from package 00002640.upk
Loading Texture2D CubemapFace2 from package 00002640.upk
Loading Texture2D CubemapFace3 from package 00002640.upk
Loading Texture2D CubemapFace4 from package 00002640.upk
Loading Texture2D CubemapFace5 from package 00002640.upk
Loading Texture2D check_n from package 00002620.upk
Loading Texture2D Smoke_Pattern_001 from package 00012963.upk
Loading Texture2D Gradient_Line_003 from package 00012963.upk
Loading Texture2D Gradient_Wipe_BurnOut_Mask_TEST from package 00012963.upk
Loading Texture2D Gradient_Wipe_BurnOut_Mask from package 00012963.upk
Loaded in 0.16 sec, 2940 allocs, 2.60 MBytes serialized in 230584 calls.

Object info:
============
ClassName: SkeletalMesh3 ObjectName: 990309_Autoscale

    LODInfo[1] =
    {
        LODInfo[0] =
        {
            DisplayFactor = 0
            LODHysteresis = 0.02
            LODMaterialMap[0] = {}
            bEnableShadowCasting[1] = { true }
        }
    }
    Sockets[5] =
    {
        Sockets[0] = SkeletalMeshSocket'990309_Autoscale.SkeletalMeshSocket_143'
        Sockets[1] = SkeletalMeshSocket'990309_Autoscale.SkeletalMeshSocket_144'
        Sockets[2] = SkeletalMeshSocket'990309_Autoscale.SkeletalMeshSocket_145'
        Sockets[3] = SkeletalMeshSocket'990309_Autoscale.SkeletalMeshSocket_146'
        Sockets[4] = SkeletalMeshSocket'990309_Autoscale.SkeletalMeshSocket_147'
    }
    bHasVertexColors = false
    EnableTwistBoneFixers = true
    EnableClavicleFixer = true
    Materials[1] = { MaterialInstanceConstant'col1' }


    Lods[1] =
    {
        Lods[0] =
        {
            Sections[1] =
            {
                Sections[0] = { Material=MaterialInstanceConstant'col1', FirstIndex=0, NumFaces=2034 }
            }
            NumVerts = 1405
            IndexCount = 6102
            NumTexCoords = 1
        }
    }
    LodCount = 1
    MeshOrigin = { X=-0, Y=-0, Z=-0 }
    MeshScale = { X=1, Y=1, Z=1 }
    RotOrigin = { Yaw=0, Pitch=0, Roll=0 }
    BoneCount = 1

Object info:
============
ClassName: SkeletalMeshSocket ObjectName: SkeletalMeshSocket_143

    SocketName = trail_start
    BoneName = WeaponRoot
    RelativeLocation = { X=-2.75256, Y=0, Z=17.25 }
    RelativeRotation = { Yaw=0, Pitch=0, Roll=0 }
    RelativeScale = { X=1, Y=1, Z=1 }

Object info:
============
ClassName: SkeletalMeshSocket ObjectName: SkeletalMeshSocket_144

    SocketName = trail_end
    BoneName = WeaponRoot
    RelativeLocation = { X=11.2756, Y=-0.232224, Z=86.5 }
    RelativeRotation = { Yaw=0, Pitch=0, Roll=0 }
    RelativeScale = { X=1, Y=1, Z=1 }

Object info:
============
ClassName: SkeletalMeshSocket ObjectName: SkeletalMeshSocket_145

    SocketName = FX_up
    BoneName = WeaponRoot
    RelativeLocation = { X=0, Y=0, Z=-20.25 }
    RelativeRotation = { Yaw=0, Pitch=0, Roll=0 }
    RelativeScale = { X=1, Y=1, Z=1 }

Object info:
============
ClassName: SkeletalMeshSocket ObjectName: SkeletalMeshSocket_146

    SocketName = FX_down
    BoneName = WeaponRoot
    RelativeLocation = { X=-2.24608, Y=0, Z=30.75 }
    RelativeRotation = { Yaw=0, Pitch=0, Roll=0 }
    RelativeScale = { X=1, Y=1, Z=1 }

Object info:
============
ClassName: SkeletalMeshSocket ObjectName: SkeletalMeshSocket_147

    SocketName = fX
    BoneName = WeaponRoot
    RelativeLocation = { X=0, Y=0, Z=22.5 }
    RelativeRotation = { Yaw=0, Pitch=0, Roll=0 }
    RelativeScale = { X=1, Y=1, Z=1 }
