Found 32768 game files (1222 skipped)
Loading package: 00054872.upk Ver: 573/1 Engine: 4205 Names: 219 Exports: 123 Imports: 23 Game: 801A
Loading SkeletalMesh3 65013_JinM from package 00054872.upk
WARNING: ObjectProperty "USkeletalMesh3::MeshFactorSet" was not found
WARNING: ObjectProperty "USkeletalMesh3::PhysMaterialOverride" was not found
WARNING: ObjectProperty "USkeletalMesh3::PlaySoundSet" was not found
WARNING: FloatProperty "USkeletalMesh3::AddFootOffsetValue" was not found
WARNING: FloatProperty "USkeletalMesh3::AnimNameHeight" was not found
WARNING: FloatProperty "USkeletalMesh3::NormalNameHeight" was not found
WARNING: ArrayProperty "USkeletalMesh3::NameplateMeshScaleRatio" was not found
WARNING: StructProperty "USkeletalMesh3::NameplateHeightRatio" was not found
WARNING: ArrayProperty "USkeletalMesh3::MeshScaleRatio" was not found
WARNING: StructProperty "USkeletalMesh3::HeightRatio" was not found
WARNING: StructProperty "USkeletalMesh3::HandRatio" was not found
WARNING: ByteProperty "USkeletalMesh3::CommonPhysicsUseFlag" was not found
Loading package: 00054873.upk Ver: 573/1 Engine: 4205 Names: 94 Exports: 1 Imports: 22 Game: 801A
Loading package: 00008334.upk Ver: 573/1 Engine: 4205 Names: 454 Exports: 329 Imports: 103 Game: 801A
Loading SkeletalMeshSocket SkeletalMeshSocket_1049 from package 00054872.upk
WARNING: ObjectProperty "USkeletalMeshSocket::DependencyParticleSystem" was not found
Loading SkeletalMeshSocket SkeletalMeshSocket_1093 from package 00054872.upk
WARNING: ObjectProperty "USkeletalMeshSocket::DependencyParticleSystem" was not found
Loading MaterialInstanceConstant col1 from package 00054873.upk
Loading package: 00054874.upk Ver: 573/1 Engine: 4205 Names: 32 Exports: 4 Imports: 2 Game: 801A
Loading package: 00002640.upk Ver: 573/1 Engine: 4205 Names: 291 Exports: 507 Imports: 3 Game: 801A
Loading package: 00052824.upk Ver: 573/1 Engine: 4205 Names: 29 Exports: 5 Imports: 2 Game: 801A
Loading package: 00002620.upk Ver: 573/1 Engine: 4205 Names: 576 Exports: 7687 Imports: 96 Game: 801A
Loading MaterialInstanceConstant JinSuYoun_mat2_INST from package 00008334.upk
Loading Texture2D 65013_JinM_col1_N from package 00054874.upk
Loading Texture2D 65013_JinM_col1_M from package 00054874.upk
Loading Texture2D 65013_JinM_col1_D from package 00054874.upk
Loading Texture2D 65013_JinM_col1_S from package 00054874.upk
Loading TextureCube cube_orb from package 00002640.upk
Loading Texture2D 65013_JinF_col1_E from package 00052824.upk
Loading Material3 Body from package 00002620.upk
Loading package: 00012963.upk Ver: 573/1 Engine: 4205 Names: 1349 Exports: 1323 Imports: 10 Game: 801A
Loading Material3 JinSuYoun_mat2 from package 00008334.upk
Loading Texture2D CubemapFace0 from package 00002640.upk
Loading Texture2D CubemapFace1 from package 00002640.upk
Loading Texture2D CubemapFace2 from package 00002640.upk
Loading Texture2D CubemapFace3 from package 00002640.upk
Loading Texture2D CubemapFace4 from package 00002640.upk
Loading Texture2D CubemapFace5 from package 00002640.upk
Loading Texture2D check_n from package 00002620.upk
Loading Texture2D Noise_Glass_000 from package 00012963.upk
Loading Texture2D Smoke_Pattern_001 from package 00012963.upk
Loading Texture2D Gradient_Wipe_BurnOut_Mask_TEST from package 00012963.upk
Loading Texture2D Gradient_Wipe_BurnOut_Mask from package 00012963.upk
Loading Texture2D check from package 00002620.upk
Loading Texture2D Gradient_Line_003 from package 00012963.upk
Loading Texture2D JinSuYoun_Alpha_Tex from package 00008334.upk
Loading Texture2D Smoke_Cloud_006 from package 00012963.upk
Loading Texture2D Smoke_Cloud_005 from package 00012963.upk
Loading Texture2D Aura_Tail_002 from package 00012963.upk
Loading Texture2D JinSuYoun_Alpha_Tex3 from package 00008334.upk
Loaded in 0.28 sec, 3812 allocs, 4.31 MBytes serialized in 673193 calls.

Object info:
============
ClassName: SkeletalMesh3 ObjectName: 65013_JinM

    LODInfo[2] =
    {
        LODInfo[0] =
        {
            DisplayFactor = 0
            LODHysteresis = 0.02
            LODMaterialMap[0] = {}
            bEnableShadowCasting[2] = { true, true }
        }
        LODInfo[1] =
        {
            DisplayFactor = 0.25
            LODHysteresis = 0.02
            LODMaterialMap[2] = { 0, 1 }
            bEnableShadowCasting[2] = { true, true }
        }
    }
    Sockets[2] =
    {
        Sockets[0] = SkeletalMeshSocket'65013_JinM.SkeletalMeshSocket_1049'
        Sockets[1] = SkeletalMeshSocket'65013_JinM.SkeletalMeshSocket_1093'
    }
    bHasVertexColors = false
    EnableTwistBoneFixers = true
    EnableClavicleFixer = true
    Materials[2] = { MaterialInstanceConstant'col1', MaterialInstanceConstant'JinSuYoun_mat2_INST' }


    Lods[2] =
    {
        Lods[0] =
        {
            Sections[2] =
            {
                Sections[0] = { Material=MaterialInstanceConstant'col1', FirstIndex=0, NumFaces=11985 }
                Sections[1] =
                {
                    Material = MaterialInstanceConstant'JinSuYoun_mat2_INST'
                    FirstIndex = 35955
                    NumFaces = 128
                }
            }
            NumVerts = 9982
            IndexCount = 36339
            NumTexCoords = 1
        }
        Lods[1] =
        {
            Sections[2] =
            {
                Sections[0] = { Material=MaterialInstanceConstant'col1', FirstIndex=0, NumFaces=3278 }
                Sections[1] =
                {
                    Material = MaterialInstanceConstant'JinSuYoun_mat2_INST'
                    FirstIndex = 9834
                    NumFaces = 80
                }
            }
            NumVerts = 2951
            IndexCount = 10074
            NumTexCoords = 1
        }
    }
    LodCount = 2
    MeshOrigin = { X=-0, Y=-0, Z=-0 }
    MeshScale = { X=1, Y=1, Z=1 }
    RotOrigin = { Yaw=0, Pitch=0, Roll=0 }
    BoneCount = 86

Object info:
============
ClassName: SkeletalMeshSocket ObjectName: SkeletalMeshSocket_1049

    SocketName = Particle01
    BoneName = Bone_LCalf_Scale
    RelativeLocation = { X=1.75804, Y=7.34942, Z=0.11354 }
    RelativeRotation = { Yaw=-12604, Pitch=0, Roll=-14365 }
    RelativeScale = { X=1, Y=1, Z=1 }

Object info:
============
ClassName: SkeletalMeshSocket ObjectName: SkeletalMeshSocket_1093

    SocketName = Particle02
    BoneName = Bone_RCalf_Scale
    RelativeLocation = { X=5.07294, Y=7.0203, Z=0 }
    RelativeRotation = { Yaw=-8122, Pitch=-4922, Roll=-20895 }
    RelativeScale = { X=1, Y=1, Z=1 }
