Found 32768 game files (1766 skipped)
Loading package: 00052280.upk Ver: 573/1 Engine: 4205 Names: 172 Exports: 157 Imports: 46 Game: 801A
Loading Material3 Basic_FX from package 00052280.upk
Loading package: 00002620.upk Ver: 573/1 Engine: 4205 Names: 576 Exports: 7687 Imports: 96 Game: 801A
Loading package: 00012963.upk Ver: 573/1 Engine: 4205 Names: 1386 Exports: 1362 Imports: 10 Game: 801A
Loading MaterialInstanceConstant col1 from package 00052280.upk
Loading package: 00052281.upk Ver: 573/1 Engine: 4205 Names: 32 Exports: 5 Imports: 2 Game: 801A
Loading package: 00002640.upk Ver: 573/1 Engine: 4205 Names: 291 Exports: 507 Imports: 3 Game: 801A
Loading Texture2D check_n from package 00002620.upk
Loading Texture2D check from package 00002620.upk
Loading Texture2D Smoke_Pattern_001 from package 00012963.upk
Loading Texture2D Gradient_Line_003 from package 00012963.upk
Loading Texture2D Gradient_Wipe_BurnOut_Mask_TEST from package 00012963.upk
Loading Texture2D Gradient_Wipe_BurnOut_Mask from package 00012963.upk
Loading Texture2D 990196_PirateGhostBoss_col1_N from package 00052281.upk
Loading Texture2D 990196_PirateGhostBoss_col1_M from package 00052281.upk
Loading Texture2D 990196_PirateGhostBoss_col1_D from package 00052281.upk
Loading Texture2D 990196_PirateGhostBoss_col1_S from package 00052281.upk
Loading TextureCube eye2 from package 00002640.upk
Loading Texture2D 990196_PirateGhostBoss_Hand_FX2 from package 00052281.upk
Loading Texture2D CubemapFace0 from package 00002640.upk
Loading Texture2D CubemapFace1 from package 00002640.upk
Loading Texture2D CubemapFace2 from package 00002640.upk
Loading Texture2D CubemapFace3 from package 00002640.upk
Loading Texture2D CubemapFace4 from package 00002640.upk
Loading Texture2D CubemapFace5 from package 00002640.upk
Loaded in 0.12 sec, 2963 allocs, 2.81 MBytes serialized in 187524 calls.

Object info:
============
ClassName: Material3 ObjectName: Basic_FX

    TwoSided = true
    bDisableDepthTest = false
    bIsMasked = true
    ReferencedTextures[6] =
    {
        ReferencedTextures[0] = Texture2D'check_n'
        ReferencedTextures[1] = Texture2D'check'
        ReferencedTextures[2] = Texture2D'Smoke_Pattern_001'
        ReferencedTextures[3] = Texture2D'Gradient_Line_003'
        ReferencedTextures[4] = Texture2D'Gradient_Wipe_BurnOut_Mask_TEST'
        ReferencedTextures[5] = Texture2D'Gradient_Wipe_BurnOut_Mask'
    }
    BlendMode = BLEND_Masked (1)
    OpacityMaskClipValue = 0.333
    FlattenedTexture = None
    MobileBaseTexture = None
    MobileNormalTexture = None
    bUseMobileSpecular = false
    MobileSpecularPower = 16
    MobileSpecularMask = MSM_Constant (0)
    MobileMaskTexture = None

Object info:
============
ClassName: MaterialInstanceConstant ObjectName: col1

    ScalarParameterValues[10] =
    {
        ScalarParameterValues[0] = { ParameterName=Transmission_value, ParameterValue=2 }
        ScalarParameterValues[1] = { ParameterName=Glossiness1, ParameterValue=8 }
        ScalarParameterValues[2] = { ParameterName=Glossiness2, ParameterValue=15 }
        ScalarParameterValues[3] = { ParameterName=Specular_value, ParameterValue=4.5 }
        ScalarParameterValues[4] = { ParameterName=HighLight_Value, ParameterValue=3 }
        ScalarParameterValues[5] = { ParameterName=HighLight_glossiness, ParameterValue=100 }
        ScalarParameterValues[6] = { ParameterName=Emissive_value, ParameterValue=4 }
        ScalarParameterValues[7] = { ParameterName=Emissive_value2, ParameterValue=0 }
        ScalarParameterValues[8] = { ParameterName=Fresnel Value, ParameterValue=10 }
        ScalarParameterValues[9] = { ParameterName=Fresnel exponent, ParameterValue=30 }
    }
    TextureParameterValues[7] =
    {
        TextureParameterValues[0] = { ParameterName=Normal, ParameterValue=Texture2D'990196_PirateGhostBoss_col1_N' }
        TextureParameterValues[1] = { ParameterName=Mask_GB, ParameterValue=Texture2D'990196_PirateGhostBoss_col1_M' }
        TextureParameterValues[2] = { ParameterName=Diffuse, ParameterValue=Texture2D'990196_PirateGhostBoss_col1_D' }
        TextureParameterValues[3] = { ParameterName=Specular, ParameterValue=Texture2D'990196_PirateGhostBoss_col1_S' }
        TextureParameterValues[4] = { ParameterName=rf_cube, ParameterValue=TextureCube'eye2' }
        TextureParameterValues[5] = { ParameterName=Emissive, ParameterValue=None }
        TextureParameterValues[6] = { ParameterName=FX_Add, ParameterValue=Texture2D'990196_PirateGhostBoss_Hand_FX2' }
    }
    VectorParameterValues[12] =
    {
        VectorParameterValues[0] =
        {
            ParameterName = AC_color
            ParameterValue = { R=1, G=1, B=1, A=1 }
        }
        VectorParameterValues[1] =
        {
            ParameterName = Mesh_trangition
            ParameterValue = { R=0, G=0, B=0, A=1 }
        }
        VectorParameterValues[2] =
        {
            ParameterName = AC_specular
            ParameterValue = { R=1, G=1, B=1, A=1 }
        }
        VectorParameterValues[3] =
        {
            ParameterName = Reflection_value
            ParameterValue = { R=2, G=2, B=2, A=1 }
        }
        VectorParameterValues[4] =
        {
            ParameterName = HighLight_Color
            ParameterValue = { R=0.573159, G=0.201096, B=0.133209, A=1 }
        }
        VectorParameterValues[5] =
        {
            ParameterName = Fresnel_color
            ParameterValue = { R=0, G=0, B=0, A=1 }
        }
        VectorParameterValues[6] =
        {
            ParameterName = Fresnel_Power
            ParameterValue = { R=0, G=0, B=0, A=1 }
        }
        VectorParameterValues[7] =
        {
            ParameterName = Burn_Color
            ParameterValue = { R=0, G=0, B=0, A=1 }
        }
        VectorParameterValues[8] =
        {
            ParameterName = Fx_Glow_power_L
            ParameterValue = { R=0, G=0, B=0, A=1 }
        }
        VectorParameterValues[9] =
        {
            ParameterName = Glow_Trangition_L
            ParameterValue = { R=0, G=0, B=0, A=1 }
        }
        VectorParameterValues[10] =
        {
            ParameterName = FX_RGB_L
            ParameterValue = { R=1, G=0, B=0, A=1 }
        }
        VectorParameterValues[11] =
        {
            ParameterName = Fx_Glow_color_L
            ParameterValue = { R=0, G=0, B=0, A=1 }
        }
    }
    Parent = Material3'Basic_FX'
    FlattenedTexture = None
    MobileBaseTexture = None
    MobileNormalTexture = None
    bUseMobileSpecular = false
    MobileSpecularPower = 16
    MobileSpecularMask = MSM_Constant (0)
    MobileMaskTexture = None
