Found 32768 game files (1222 skipped)
Loading package: 00057088.upk Ver: 573/1 Engine: 4205 Names: 28 Exports: 6 Imports: 4 Game: 801A
Loading Texture2D 00341_JinF_col1_S from package 00057088.upk
Loading Texture2D 040341_JinF_col1_D from package 00057088.upk
Loading Texture2D 040341_JinF_col1_M from package 00057088.upk
Loaded in 0.04 sec, 145 allocs, 1.01 MBytes serialized in 868 calls.

Object info:
============
ClassName: Texture2D ObjectName: 00341_JinF_col1_S

    SizeX = 1024
    SizeY = 1024
    Format = PF_DXT1 (5)
    AddressX = TA_Wrap (0)
    AddressY = TA_Wrap (0)
    TextureFileCacheName = None
    MipTailBaseIdx = 10
    bForcePVRTC4 = false
    UnpackMin[4] = { 0, 0, 0, 0 }
    UnpackMax[4] = { 1, 1, 1, 1 }

Object info:
============
ClassName: Texture2D ObjectName: 040341_JinF_col1_D

    SizeX = 1024
    SizeY = 1024
    Format = PF_DXT5 (7)
    AddressX = TA_Wrap (0)
    AddressY = TA_Wrap (0)
    TextureFileCacheName = None
    MipTailBaseIdx = 10
    bForcePVRTC4 = false
    UnpackMin[4] = { 0, 0, 0, 0 }
    UnpackMax[4] = { 1, 1, 1, 1 }

Object info:
============
ClassName: Texture2D ObjectName: 040341_JinF_col1_M

    SizeX = 1024
    SizeY = 1024
    Format = PF_DXT1 (5)
    AddressX = TA_Wrap (0)
    AddressY = TA_Wrap (0)
    TextureFileCacheName = None
    MipTailBaseIdx = 10
    bForcePVRTC4 = false
    UnpackMin[4] = { 0, 0, 0, 0 }
    UnpackMax[4] = { 1, 1, 1, 1 }
