Found 32768 game files (1222 skipped)
Loading package: 00051724.upk Ver: 573/1 Engine: 4205 Names: 124 Exports: 32 Imports: 24 Game: 801A
Loading SkeletalMesh3 070124_Autoscale_L from package 00051724.upk
WARNING: ObjectProperty "USkeletalMesh3::MeshFactorSet" was not found
WARNING: ObjectProperty "USkeletalMesh3::PhysMaterialOverride" was not found
WARNING: ByteProperty "USkeletalMesh3::ItemPreviewLocType" was not found
Loading package: 00051726.upk Ver: 573/1 Engine: 4205 Names: 102 Exports: 1 Imports: 24 Game: 801A
Loading SkeletalMesh3 070124_Autoscale_R from package 00051724.upk
WARNING: ObjectProperty "USkeletalMesh3::MeshFactorSet" was not found
WARNING: ObjectProperty "USkeletalMesh3::PhysMaterialOverride" was not found
WARNING: ByteProperty "USkeletalMesh3::ItemPreviewLocType" was not found
Loading SkeletalMeshSocket SkeletalMeshSocket_1229 from package 00051724.upk
WARNING: ObjectProperty "USkeletalMeshSocket::DependencyParticleSystem" was not found
WARNING: BoolProperty "USkeletalMeshSocket::bParticleApplyAutoScale" was not found
Loading SkeletalMeshSocket SkeletalMeshSocket_1237 from package 00051724.upk
WARNING: ObjectProperty "USkeletalMeshSocket::DependencyParticleSystem" was not found
WARNING: BoolProperty "USkeletalMeshSocket::bParticleApplyAutoScale" was not found
Loading SkeletalMeshSocket SkeletalMeshSocket_1240 from package 00051724.upk
WARNING: ObjectProperty "USkeletalMeshSocket::DependencyParticleSystem" was not found
WARNING: BoolProperty "USkeletalMeshSocket::bParticleApplyAutoScale" was not found
Loading SkeletalMeshSocket SkeletalMeshSocket_1214 from package 00051724.upk
WARNING: ObjectProperty "USkeletalMeshSocket::DependencyParticleSystem" was not found
WARNING: BoolProperty "USkeletalMeshSocket::bParticleApplyAutoScale" was not found
Loading SkeletalMeshSocket SkeletalMeshSocket_1217 from package 00051724.upk
WARNING: ObjectProperty "USkeletalMeshSocket::DependencyParticleSystem" was not found
WARNING: BoolProperty "USkeletalMeshSocket::bParticleApplyAutoScale" was not found
Loading SkeletalMeshSocket SkeletalMeshSocket_1220 from package 00051724.upk
WARNING: ObjectProperty "USkeletalMeshSocket::DependencyParticleSystem" was not found
WARNING: BoolProperty "USkeletalMeshSocket::bParticleApplyAutoScale" was not found
Loading MaterialInstanceConstant col3 from package 00051726.upk
Loading package: 00051472.upk Ver: 573/1 Engine: 4205 Names: 32 Exports: 4 Imports: 2 Game: 801A
Loading package: 00002640.upk Ver: 573/1 Engine: 4205 Names: 291 Exports: 507 Imports: 3 Game: 801A
Loading package: 00012963.upk Ver: 573/1 Engine: 4205 Names: 1349 Exports: 1323 Imports: 10 Game: 801A
Loading package: 00051470.upk Ver: 573/1 Engine: 4205 Names: 478 Exports: 1155 Imports: 175 Game: 801A
Loading package: 00050832.upk Ver: 573/1 Engine: 4205 Names: 627 Exports: 1430 Imports: 218 Game: 801A
Loading Texture2D 070124_Autoscale_col1_N from package 00051472.upk
Loading Texture2D 070124_Autoscale_col1_M from package 00051472.upk
Loading Texture2D 070124_Autoscale_col1_D from package 00051472.upk
Loading Texture2D 070124_Autoscale_col1_S from package 00051472.upk
Loading TextureCube lenscube_a from package 00002640.upk
Loading Texture2D Noise_017 from package 00012963.upk
Loading Texture2D 070124_FX_Mask from package 00051470.upk
Loading Texture2D Noise_Plazma_000 from package 00012963.upk
Loading Material3 Basic_SwordFX from package 00050832.upk
Loading package: 00002620.upk Ver: 573/1 Engine: 4205 Names: 576 Exports: 7687 Imports: 96 Game: 801A
Loading Texture2D CubemapFace0 from package 00002640.upk
Loading Texture2D CubemapFace1 from package 00002640.upk
Loading Texture2D CubemapFace2 from package 00002640.upk
Loading Texture2D CubemapFace3 from package 00002640.upk
Loading Texture2D CubemapFace4 from package 00002640.upk
Loading Texture2D CubemapFace5 from package 00002640.upk
Loading Texture2D check_n from package 00002620.upk
Loading Texture2D check from package 00002620.upk
Loading Texture2D Smoke_Pattern_001 from package 00012963.upk
Loading Texture2D Gradient_Line_003 from package 00012963.upk
Loading Texture2D Gradient_Wipe_BurnOut_Mask_TEST from package 00012963.upk
Loading Texture2D Gradient_Wipe_BurnOut_Mask from package 00012963.upk
Loaded in 0.22 sec, 4252 allocs, 2.50 MBytes serialized in 356321 calls.

Object info:
============
ClassName: SkeletalMesh3 ObjectName: 070124_Autoscale_L

    LODInfo[1] =
    {
        LODInfo[0] =
        {
            DisplayFactor = 0
            LODHysteresis = 0.02
            LODMaterialMap[0] = {}
            bEnableShadowCasting[1] = { true }
        }
    }
    Sockets[3] =
    {
        Sockets[0] = SkeletalMeshSocket'070124_Autoscale_L.SkeletalMeshSocket_1229'
        Sockets[1] = SkeletalMeshSocket'070124_Autoscale_L.SkeletalMeshSocket_1237'
        Sockets[2] = SkeletalMeshSocket'070124_Autoscale_L.SkeletalMeshSocket_1240'
    }
    bHasVertexColors = false
    EnableTwistBoneFixers = true
    EnableClavicleFixer = true
    Materials[1] = { MaterialInstanceConstant'col3' }


    Lods[1] =
    {
        Lods[0] =
        {
            Sections[1] =
            {
                Sections[0] = { Material=MaterialInstanceConstant'col3', FirstIndex=0, NumFaces=1886 }
            }
            NumVerts = 1835
            IndexCount = 5658
            NumTexCoords = 1
        }
    }
    LodCount = 1
    MeshOrigin = { X=-0, Y=-0, Z=-0 }
    MeshScale = { X=1, Y=1, Z=1 }
    RotOrigin = { Yaw=0, Pitch=0, Roll=0 }
    BoneCount = 5

Object info:
============
ClassName: SkeletalMesh3 ObjectName: 070124_Autoscale_R

    LODInfo[1] =
    {
        LODInfo[0] =
        {
            DisplayFactor = 0
            LODHysteresis = 0.02
            LODMaterialMap[0] = {}
            bEnableShadowCasting[1] = { true }
        }
    }
    Sockets[3] =
    {
        Sockets[0] = SkeletalMeshSocket'070124_Autoscale_R.SkeletalMeshSocket_1214'
        Sockets[1] = SkeletalMeshSocket'070124_Autoscale_R.SkeletalMeshSocket_1217'
        Sockets[2] = SkeletalMeshSocket'070124_Autoscale_R.SkeletalMeshSocket_1220'
    }
    bHasVertexColors = false
    EnableTwistBoneFixers = true
    EnableClavicleFixer = true
    Materials[1] = { MaterialInstanceConstant'col3' }


    Lods[1] =
    {
        Lods[0] =
        {
            Sections[1] =
            {
                Sections[0] = { Material=MaterialInstanceConstant'col3', FirstIndex=0, NumFaces=1886 }
            }
            NumVerts = 1835
            IndexCount = 5658
            NumTexCoords = 1
        }
    }
    LodCount = 1
    MeshOrigin = { X=-0, Y=-0, Z=-0 }
    MeshScale = { X=1, Y=1, Z=1 }
    RotOrigin = { Yaw=0, Pitch=0, Roll=0 }
    BoneCount = 5

Object info:
============
ClassName: SkeletalMeshSocket ObjectName: SkeletalMeshSocket_1229

    SocketName = FX_Add
    BoneName = WeaponRoot
    RelativeLocation = { X=0, Y=0, Z=0 }
    RelativeRotation = { Yaw=0, Pitch=0, Roll=0 }
    RelativeScale = { X=1, Y=1, Z=1 }

Object info:
============
ClassName: SkeletalMeshSocket ObjectName: SkeletalMeshSocket_1237

    SocketName = FX_Add_Trail
    BoneName = WeaponRoot
    RelativeLocation = { X=15, Y=0, Z=3 }
    RelativeRotation = { Yaw=0, Pitch=15473, Roll=0 }
    RelativeScale = { X=1, Y=1, Z=0.5 }

Object info:
============
ClassName: SkeletalMeshSocket ObjectName: SkeletalMeshSocket_1240

    SocketName = FX_Add02
    BoneName = WeaponRoot
    RelativeLocation = { X=9.66238, Y=0, Z=7.90719 }
    RelativeRotation = { Yaw=-16384, Pitch=0, Roll=14563 }
    RelativeScale = { X=0.2, Y=0.3, Z=0.4 }

Object info:
============
ClassName: SkeletalMeshSocket ObjectName: SkeletalMeshSocket_1214

    SocketName = FX_Add
    BoneName = WeaponRoot
    RelativeLocation = { X=0, Y=0, Z=0 }
    RelativeRotation = { Yaw=0, Pitch=0, Roll=0 }
    RelativeScale = { X=1, Y=1, Z=1 }

Object info:
============
ClassName: SkeletalMeshSocket ObjectName: SkeletalMeshSocket_1217

    SocketName = FX_Add_Trail
    BoneName = WeaponRoot
    RelativeLocation = { X=15, Y=0, Z=3 }
    RelativeRotation = { Yaw=0, Pitch=15473, Roll=0 }
    RelativeScale = { X=1, Y=1, Z=0.5 }

Object info:
============
ClassName: SkeletalMeshSocket ObjectName: SkeletalMeshSocket_1220

    SocketName = FX_Add02
    BoneName = WeaponRoot
    RelativeLocation = { X=9.66238, Y=0, Z=7.90719 }
    RelativeRotation = { Yaw=-16384, Pitch=0, Roll=14563 }
    RelativeScale = { X=0.2, Y=0.3, Z=0.4 }
