Found 32768 game files (1222 skipped)
Loading package: 00053177.upk Ver: 573/1 Engine: 4205 Names: 123 Exports: 79 Imports: 16 Game: 801A
Loading SkeletalMesh3 1018_JinM from package 00053177.upk
Loading package: 00053159.upk Ver: 573/1 Engine: 4205 Names: 145 Exports: 2 Imports: 27 Game: 801A
Loading SkeletalMeshSocket SkeletalMeshSocket_798 from package 00053177.upk
Loading SkeletalMeshSocket SkeletalMeshSocket_799 from package 00053177.upk
Loading MaterialInstanceConstant col1 from package 00053159.upk
Loading package: 00044691.upk Ver: 573/1 Engine: 4205 Names: 34 Exports: 6 Imports: 2 Game: 801A
Loading package: 00008613.upk Ver: 573/1 Engine: 4205 Names: 95 Exports: 6 Imports: 12 Game: 801A
Loading package: 00002620.upk Ver: 573/1 Engine: 4205 Names: 576 Exports: 7687 Imports: 96 Game: 801A
Loading MaterialInstanceConstant Col_Hair_Acc from package 00053159.upk
Loading package: 00053205.upk Ver: 573/1 Engine: 4205 Names: 30 Exports: 4 Imports: 2 Game: 801A
Loading package: 00002640.upk Ver: 573/1 Engine: 4205 Names: 291 Exports: 507 Imports: 3 Game: 801A
Loading package: 00025178.upk Ver: 573/1 Engine: 4205 Names: 76 Exports: 46 Imports: 2 Game: 801A
Loading Texture2D 040279_JinM_hair_col1_D from package 00044691.upk
Loading Texture2D 040279_JinM_hair_col1_N from package 00044691.upk
Loading Texture2D Nothing_A from package 00008613.upk
Loading Material3 Beard_Ac from package 00002620.upk
Loading package: 00012963.upk Ver: 573/1 Engine: 4205 Names: 1349 Exports: 1323 Imports: 10 Game: 801A
Loading Texture2D 1018_JinM_col1_N from package 00053205.upk
Loading TextureCube lenscube_a from package 00002640.upk
Loading Texture2D check from package 00002620.upk
Loading Texture2D 1018_JinM_col1_S from package 00053205.upk
Loading Texture2D 1018_JinM_col1_M from package 00053205.upk
Loading Texture2D 1018_JinM_col1_D from package 00053205.upk
Loading Texture2D Mask_Default from package 00025178.upk
Loading Material3 Custom_B from package 00002620.upk
Loading Texture2D check_n from package 00002620.upk
Loading Texture2D Noise_Glass_000 from package 00012963.upk
Loading Texture2D Smoke_Pattern_001 from package 00012963.upk
Loading Texture2D Gradient_Wipe_BurnOut_Mask_TEST from package 00012963.upk
Loading Texture2D Gradient_Wipe_BurnOut_Mask from package 00012963.upk
Loading Texture2D Gradient_Line_003 from package 00012963.upk
Loading Texture2D CubemapFace0 from package 00002640.upk
Loading Texture2D CubemapFace1 from package 00002640.upk
Loading Texture2D CubemapFace2 from package 00002640.upk
Loading Texture2D CubemapFace3 from package 00002640.upk
Loading Texture2D CubemapFace4 from package 00002640.upk
Loading Texture2D CubemapFace5 from package 00002640.upk
Loaded in 0.2 sec, 3394 allocs, 1.97 MBytes serialized in 302734 calls.

Object info:
============
ClassName: SkeletalMesh3 ObjectName: 1018_JinM

    LODInfo[1] =
    {
        LODInfo[0] =
        {
            DisplayFactor = 0
            LODHysteresis = 0.02
            LODMaterialMap[0] = {}
            bEnableShadowCasting[2] = { true, true }
        }
    }
    Sockets[2] =
    {
        Sockets[0] = SkeletalMeshSocket'1018_JinM.SkeletalMeshSocket_798'
        Sockets[1] = SkeletalMeshSocket'1018_JinM.SkeletalMeshSocket_799'
    }
    bHasVertexColors = false
    EnableTwistBoneFixers = true
    EnableClavicleFixer = true
    Materials[2] = { MaterialInstanceConstant'col1', MaterialInstanceConstant'Col_Hair_Acc' }


    Lods[1] =
    {
        Lods[0] =
        {
            Sections[2] =
            {
                Sections[0] = { Material=MaterialInstanceConstant'col1', FirstIndex=0, NumFaces=1755 }
                Sections[1] = { Material=MaterialInstanceConstant'Col_Hair_Acc', FirstIndex=5265, NumFaces=2524 }
            }
            NumVerts = 3245
            IndexCount = 12837
            NumTexCoords = 1
        }
    }
    LodCount = 1
    MeshOrigin = { X=-0, Y=-0, Z=-0 }
    MeshScale = { X=1, Y=1, Z=1 }
    RotOrigin = { Yaw=0, Pitch=0, Roll=0 }
    BoneCount = 21

Object info:
============
ClassName: SkeletalMeshSocket ObjectName: SkeletalMeshSocket_798

    SocketName = FX_Add_R
    BoneName = Bone_A04_Head_R01_Root
    RelativeLocation = { X=0, Y=0, Z=0 }
    RelativeRotation = { Yaw=0, Pitch=0, Roll=0 }
    RelativeScale = { X=0.0001, Y=0.0001, Z=0.0001 }

Object info:
============
ClassName: SkeletalMeshSocket ObjectName: SkeletalMeshSocket_799

    SocketName = FX_Add_L
    BoneName = Bone_A04_Head_L01_Root
    RelativeLocation = { X=0, Y=0, Z=0 }
    RelativeRotation = { Yaw=0, Pitch=0, Roll=0 }
    RelativeScale = { X=0.0001, Y=0.0001, Z=0.0001 }
