Found 32768 game files (1222 skipped)
Loading package: 00057140.upk Ver: 573/1 Engine: 4205 Names: 206 Exports: 402 Imports: 66 Game: 801A
Loading Material3 Basic_FX from package 00057140.upk
Loading package: 00002620.upk Ver: 573/1 Engine: 4205 Names: 576 Exports: 7687 Imports: 96 Game: 801A
Loading package: 00012963.upk Ver: 573/1 Engine: 4205 Names: 1349 Exports: 1323 Imports: 10 Game: 801A
Loading Material3 Basic_Wing from package 00057140.upk
Loading package: 00057139.upk Ver: 573/1 Engine: 4205 Names: 37 Exports: 9 Imports: 2 Game: 801A
Loading MaterialInstanceConstant Basic_Body from package 00057140.upk
Loading package: 00057135.upk Ver: 573/1 Engine: 4205 Names: 35 Exports: 7 Imports: 2 Game: 801A
Loading MaterialInstanceConstant col1 from package 00057140.upk
Loading package: 00055363.upk Ver: 573/1 Engine: 4205 Names: 33 Exports: 5 Imports: 2 Game: 801A
Loading package: 00002640.upk Ver: 573/1 Engine: 4205 Names: 291 Exports: 507 Imports: 3 Game: 801A
Loading MaterialInstanceConstant col2 from package 00057140.upk
Loading Texture2D check_n from package 00002620.upk
Loading Texture2D check from package 00002620.upk
Loading Texture2D Smoke_Pattern_001 from package 00012963.upk
Loading Texture2D Gradient_Line_003 from package 00012963.upk
Loading Texture2D Gradient_Wipe_BurnOut_Mask_TEST from package 00012963.upk
Loading Texture2D Gradient_Wipe_BurnOut_Mask from package 00012963.upk
Loading Texture2D 990968_DemonGoldenBat_col2_N from package 00057139.upk
Loading Texture2D Noise_005 from package 00012963.upk
Loading Texture2D Noise_Wave_000 from package 00012963.upk
Loading Texture2D Gradient_003 from package 00012963.upk
Loading Texture2D 990968_DemonGoldenBat_col2_D from package 00057139.upk
Loading Texture2D 990968_DemonGoldenBat_col2_S from package 00057139.upk
Loading Texture2D DemonGoldenBat_col2_N from package 00057135.upk
Loading Texture2D DemonGoldenBat_col2_D from package 00057135.upk
Loading Texture2D DemonGoldenBat_col2_S from package 00057135.upk
Loading Texture2D 990968_DemonGoldenBat_col1_N from package 00057139.upk
Loading Texture2D 990968_DemonGoldenBat_col1_M from package 00057139.upk
Loading Texture2D 990968_DemonGoldenBat_col1_D from package 00057139.upk
Loading Texture2D 990964_GhostMaskMonsterC_Col1_FX from package 00055363.upk
Loading Texture2D 990968_DemonGoldenBat_col1_S from package 00057139.upk
Loading TextureCube Cube_Suicide2 from package 00002640.upk
Loading Texture2D 990968_DemonGoldenBat_col1_E from package 00057139.upk
Loading Texture2D Smoke_Dusts_002 from package 00012963.upk
Loading Texture2D 990968_DemonGoldenBat_col1_FX from package 00057139.upk
Loading Texture2D Noise_Distortion_000 from package 00012963.upk
Loading Texture2D CubemapFace0 from package 00002640.upk
Loading Texture2D CubemapFace1 from package 00002640.upk
Loading Texture2D CubemapFace2 from package 00002640.upk
Loading Texture2D CubemapFace3 from package 00002640.upk
Loading Texture2D CubemapFace4 from package 00002640.upk
Loading Texture2D CubemapFace5 from package 00002640.upk
Loaded in 0.27 sec, 3460 allocs, 3.98 MBytes serialized in 196101 calls.

Object info:
============
ClassName: Material3 ObjectName: Basic_FX

    TwoSided = true
    bDisableDepthTest = false
    bIsMasked = true
    ReferencedTextures[6] =
    {
        ReferencedTextures[0] = Texture2D'check_n'
        ReferencedTextures[1] = Texture2D'check'
        ReferencedTextures[2] = Texture2D'Smoke_Pattern_001'
        ReferencedTextures[3] = Texture2D'Gradient_Line_003'
        ReferencedTextures[4] = Texture2D'Gradient_Wipe_BurnOut_Mask_TEST'
        ReferencedTextures[5] = Texture2D'Gradient_Wipe_BurnOut_Mask'
    }
    BlendMode = BLEND_Masked (1)
    OpacityMaskClipValue = 0.333
    FlattenedTexture = None
    MobileBaseTexture = None
    MobileNormalTexture = None
    bUseMobileSpecular = false
    MobileSpecularPower = 16
    MobileSpecularMask = MSM_Constant (0)
    MobileMaskTexture = None

Object info:
============
ClassName: Material3 ObjectName: Basic_Wing

    TwoSided = true
    bDisableDepthTest = false
    bIsMasked = true
    ReferencedTextures[8] =
    {
        ReferencedTextures[0] = Texture2D'990968_DemonGoldenBat_col2_N'
        ReferencedTextures[1] = Texture2D'Noise_005'
        ReferencedTextures[2] = Texture2D'Noise_Wave_000'
        ReferencedTextures[3] = Texture2D'Smoke_Pattern_001'
        ReferencedTextures[4] = Texture2D'Gradient_003'
        ReferencedTextures[5] = Texture2D'990968_DemonGoldenBat_col2_D'
        ReferencedTextures[6] = Texture2D'990968_DemonGoldenBat_col2_S'
        ReferencedTextures[7] = Texture2D'Gradient_Line_003'
    }
    BlendMode = BLEND_Masked (1)
    OpacityMaskClipValue = 0.333
    FlattenedTexture = None
    MobileBaseTexture = None
    MobileNormalTexture = None
    bUseMobileSpecular = false
    MobileSpecularPower = 16
    MobileSpecularMask = MSM_Constant (0)
    MobileMaskTexture = None

Object info:
============
ClassName: MaterialInstanceConstant ObjectName: Basic_Body

    ScalarParameterValues[2] =
    {
        ScalarParameterValues[0] = { ParameterName=Glossiness1, ParameterValue=8 }
        ScalarParameterValues[1] = { ParameterName=Specular_value, ParameterValue=2 }
    }
    TextureParameterValues[3] =
    {
        TextureParameterValues[0] = { ParameterName=Normal, ParameterValue=Texture2D'DemonGoldenBat_col2_N' }
        TextureParameterValues[1] = { ParameterName=Diffuse, ParameterValue=Texture2D'DemonGoldenBat_col2_D' }
        TextureParameterValues[2] = { ParameterName=Specular, ParameterValue=Texture2D'DemonGoldenBat_col2_S' }
    }
    VectorParameterValues[6] =
    {
        VectorParameterValues[0] =
        {
            ParameterName = Alpha
            ParameterValue = { R=0, G=0, B=0, A=1 }
        }
        VectorParameterValues[1] =
        {
            ParameterName = AC_specular
            ParameterValue = { R=1, G=1, B=1, A=1 }
        }
        VectorParameterValues[2] =
        {
            ParameterName = dissolve
            ParameterValue = { R=0, G=0, B=0, A=1 }
        }
        VectorParameterValues[3] =
        {
            ParameterName = dissolve_color
            ParameterValue = { R=1, G=1.2, B=0.6, A=1 }
        }
        VectorParameterValues[4] =
        {
            ParameterName = Main_Color
            ParameterValue = { R=1, G=1, B=1, A=1 }
        }
        VectorParameterValues[5] =
        {
            ParameterName = AC_color
            ParameterValue = { R=1, G=1, B=1, A=1 }
        }
    }
    Parent = Material3'Basic_Wing'
    FlattenedTexture = None
    MobileBaseTexture = None
    MobileNormalTexture = None
    bUseMobileSpecular = false
    MobileSpecularPower = 16
    MobileSpecularMask = MSM_Constant (0)
    MobileMaskTexture = None

Object info:
============
ClassName: MaterialInstanceConstant ObjectName: col1

    ScalarParameterValues[10] =
    {
        ScalarParameterValues[0] = { ParameterName=Transmission_value, ParameterValue=0.5 }
        ScalarParameterValues[1] = { ParameterName=Glossiness1, ParameterValue=10 }
        ScalarParameterValues[2] = { ParameterName=Glossiness2, ParameterValue=50 }
        ScalarParameterValues[3] = { ParameterName=Specular_value, ParameterValue=2 }
        ScalarParameterValues[4] = { ParameterName=HighLight_Value, ParameterValue=5 }
        ScalarParameterValues[5] = { ParameterName=HighLight_glossiness, ParameterValue=80 }
        ScalarParameterValues[6] = { ParameterName=Emissive_value, ParameterValue=5 }
        ScalarParameterValues[7] = { ParameterName=Emissive_value2, ParameterValue=1 }
        ScalarParameterValues[8] = { ParameterName=Fresnel Value, ParameterValue=50 }
        ScalarParameterValues[9] = { ParameterName=Fresnel exponent, ParameterValue=3 }
    }
    TextureParameterValues[9] =
    {
        TextureParameterValues[0] = { ParameterName=Normal, ParameterValue=Texture2D'990968_DemonGoldenBat_col1_N' }
        TextureParameterValues[1] = { ParameterName=Mask_GB, ParameterValue=Texture2D'990968_DemonGoldenBat_col1_M' }
        TextureParameterValues[2] = { ParameterName=Diffuse, ParameterValue=Texture2D'990968_DemonGoldenBat_col1_D' }
        TextureParameterValues[3] =
        {
            ParameterName = FX_Mask
            ParameterValue = Texture2D'990964_GhostMaskMonsterC_Col1_FX'
        }
        TextureParameterValues[4] = { ParameterName=Specular, ParameterValue=Texture2D'990968_DemonGoldenBat_col1_S' }
        TextureParameterValues[5] = { ParameterName=rf_cube, ParameterValue=TextureCube'Cube_Suicide2' }
        TextureParameterValues[6] = { ParameterName=Emissive, ParameterValue=Texture2D'990968_DemonGoldenBat_col1_E' }
        TextureParameterValues[7] = { ParameterName=FX_Noise, ParameterValue=Texture2D'Smoke_Dusts_002' }
        TextureParameterValues[8] =
        {
            ParameterName = FX_Add_Wing
            ParameterValue = Texture2D'990968_DemonGoldenBat_col1_FX'
        }
    }
    VectorParameterValues[17] =
    {
        VectorParameterValues[0] =
        {
            ParameterName = AC_color
            ParameterValue = { R=1, G=1, B=1, A=1 }
        }
        VectorParameterValues[1] =
        {
            ParameterName = dissolve_acc
            ParameterValue = { R=1, G=0, B=0, A=1 }
        }
        VectorParameterValues[2] =
        {
            ParameterName = Mesh_trangition
            ParameterValue = { R=0, G=0, B=0, A=1 }
        }
        VectorParameterValues[3] =
        {
            ParameterName = AC_specular
            ParameterValue = { R=1, G=1, B=1, A=1 }
        }
        VectorParameterValues[4] =
        {
            ParameterName = Reflection_value
            ParameterValue = { R=0.991393, G=0.835528, B=0.632043, A=1 }
        }
        VectorParameterValues[5] =
        {
            ParameterName = HighLight_Color
            ParameterValue = { R=0.932277, G=0.592438, B=0.47044, A=1 }
        }
        VectorParameterValues[6] =
        {
            ParameterName = dissolve_color
            ParameterValue = { R=0, G=0, B=0, A=1 }
        }
        VectorParameterValues[7] =
        {
            ParameterName = Fresnel_color
            ParameterValue = { R=0, G=0, B=0, A=1 }
        }
        VectorParameterValues[8] =
        {
            ParameterName = Fresnel_Power
            ParameterValue = { R=0, G=0, B=0, A=1 }
        }
        VectorParameterValues[9] =
        {
            ParameterName = Burn_Color
            ParameterValue = { R=0, G=0, B=0, A=1 }
        }
        VectorParameterValues[10] =
        {
            ParameterName = FX_Core
            ParameterValue = { R=1, G=1, B=0, A=1 }
        }
        VectorParameterValues[11] =
        {
            ParameterName = Fx_Glow_power_W
            ParameterValue = { R=0, G=0, B=0, A=1 }
        }
        VectorParameterValues[12] =
        {
            ParameterName = Glow_Trangition_W
            ParameterValue = { R=0, G=0, B=0, A=1 }
        }
        VectorParameterValues[13] =
        {
            ParameterName = FX_RGB_W
            ParameterValue = { R=0, G=0, B=0, A=1 }
        }
        VectorParameterValues[14] =
        {
            ParameterName = Fx_Glow_color_W
            ParameterValue = { R=0, G=0, B=0, A=1 }
        }
        VectorParameterValues[15] =
        {
            ParameterName = FX_RGB_F_W
            ParameterValue = { R=0, G=0, B=0, A=2 }
        }
        VectorParameterValues[16] =
        {
            ParameterName = FX_SP_Change
            ParameterValue = { R=0, G=0, B=0, A=1 }
        }
    }
    Parent = Material3'Basic_FX'
    FlattenedTexture = None
    MobileBaseTexture = None
    MobileNormalTexture = None
    bUseMobileSpecular = false
    MobileSpecularPower = 16
    MobileSpecularMask = MSM_Constant (0)
    MobileMaskTexture = None

Object info:
============
ClassName: MaterialInstanceConstant ObjectName: col2

    ScalarParameterValues[10] =
    {
        ScalarParameterValues[0] = { ParameterName=Transmission_value, ParameterValue=0.5 }
        ScalarParameterValues[1] = { ParameterName=Glossiness1, ParameterValue=10 }
        ScalarParameterValues[2] = { ParameterName=Glossiness2, ParameterValue=50 }
        ScalarParameterValues[3] = { ParameterName=Specular_value, ParameterValue=2 }
        ScalarParameterValues[4] = { ParameterName=HighLight_Value, ParameterValue=5 }
        ScalarParameterValues[5] = { ParameterName=HighLight_glossiness, ParameterValue=80 }
        ScalarParameterValues[6] = { ParameterName=Emissive_value, ParameterValue=5 }
        ScalarParameterValues[7] = { ParameterName=Emissive_value2, ParameterValue=1 }
        ScalarParameterValues[8] = { ParameterName=Fresnel Value, ParameterValue=50 }
        ScalarParameterValues[9] = { ParameterName=Fresnel exponent, ParameterValue=3 }
    }
    TextureParameterValues[9] =
    {
        TextureParameterValues[0] = { ParameterName=Normal, ParameterValue=Texture2D'990968_DemonGoldenBat_col1_N' }
        TextureParameterValues[1] = { ParameterName=Mask_GB, ParameterValue=Texture2D'990968_DemonGoldenBat_col1_M' }
        TextureParameterValues[2] = { ParameterName=Diffuse, ParameterValue=Texture2D'990968_DemonGoldenBat_col1_D' }
        TextureParameterValues[3] =
        {
            ParameterName = FX_Mask
            ParameterValue = Texture2D'990964_GhostMaskMonsterC_Col1_FX'
        }
        TextureParameterValues[4] = { ParameterName=Specular, ParameterValue=Texture2D'990968_DemonGoldenBat_col1_S' }
        TextureParameterValues[5] = { ParameterName=rf_cube, ParameterValue=TextureCube'Cube_Suicide2' }
        TextureParameterValues[6] = { ParameterName=Emissive, ParameterValue=Texture2D'990968_DemonGoldenBat_col1_E' }
        TextureParameterValues[7] = { ParameterName=FX_Noise, ParameterValue=Texture2D'Noise_Distortion_000' }
        TextureParameterValues[8] =
        {
            ParameterName = FX_Add_Wing
            ParameterValue = Texture2D'990968_DemonGoldenBat_col1_FX'
        }
    }
    VectorParameterValues[17] =
    {
        VectorParameterValues[0] =
        {
            ParameterName = AC_color
            ParameterValue = { R=1, G=1, B=1, A=1 }
        }
        VectorParameterValues[1] =
        {
            ParameterName = dissolve_acc
            ParameterValue = { R=-1, G=0, B=0, A=1 }
        }
        VectorParameterValues[2] =
        {
            ParameterName = Mesh_trangition
            ParameterValue = { R=0, G=0, B=0, A=1 }
        }
        VectorParameterValues[3] =
        {
            ParameterName = AC_specular
            ParameterValue = { R=1, G=1, B=1, A=1 }
        }
        VectorParameterValues[4] =
        {
            ParameterName = Reflection_value
            ParameterValue = { R=0.991393, G=0.835528, B=0.632043, A=1 }
        }
        VectorParameterValues[5] =
        {
            ParameterName = HighLight_Color
            ParameterValue = { R=0.932277, G=0.592438, B=0.47044, A=1 }
        }
        VectorParameterValues[6] =
        {
            ParameterName = dissolve_color
            ParameterValue = { R=0, G=0, B=0, A=1 }
        }
        VectorParameterValues[7] =
        {
            ParameterName = Fresnel_color
            ParameterValue = { R=0, G=0, B=0, A=1 }
        }
        VectorParameterValues[8] =
        {
            ParameterName = Fresnel_Power
            ParameterValue = { R=0, G=0, B=0, A=1 }
        }
        VectorParameterValues[9] =
        {
            ParameterName = Burn_Color
            ParameterValue = { R=0, G=0, B=0, A=1 }
        }
        VectorParameterValues[10] =
        {
            ParameterName = FX_Core
            ParameterValue = { R=1, G=1, B=0, A=1 }
        }
        VectorParameterValues[11] =
        {
            ParameterName = Fx_Glow_power_W
            ParameterValue = { R=0, G=0, B=0, A=1 }
        }
        VectorParameterValues[12] =
        {
            ParameterName = Glow_Trangition_W
            ParameterValue = { R=0, G=0, B=0, A=1 }
        }
        VectorParameterValues[13] =
        {
            ParameterName = FX_RGB_W
            ParameterValue = { R=0, G=0, B=0, A=1 }
        }
        VectorParameterValues[14] =
        {
            ParameterName = Fx_Glow_color_W
            ParameterValue = { R=0, G=0, B=0, A=1 }
        }
        VectorParameterValues[15] =
        {
            ParameterName = FX_RGB_F_W
            ParameterValue = { R=0, G=0, B=0, A=1 }
        }
        VectorParameterValues[16] =
        {
            ParameterName = FX_SP_Change
            ParameterValue = { R=0, G=0, B=0, A=1 }
        }
    }
    Parent = Material3'Basic_FX'
    FlattenedTexture = None
    MobileBaseTexture = None
    MobileNormalTexture = None
    bUseMobileSpecular = false
    MobileSpecularPower = 16
    MobileSpecularMask = MSM_Constant (0)
    MobileMaskTexture = None
