Found 32768 game files (1222 skipped)
Loading package: 00057142.upk Ver: 573/1 Engine: 4205 Names: 46 Exports: 8 Imports: 8 Game: 801A
Loading SkeletalMesh3 990329_Autoscale from package 00057142.upk
WARNING: ObjectProperty "USkeletalMesh3::PhysMaterialOverride" was not found
Loading package: 00057143.upk Ver: 573/1 Engine: 4205 Names: 185 Exports: 169 Imports: 53 Game: 801A
Loading SkeletalMeshSocket SkeletalMeshSocket_108 from package 00057142.upk
Loading SkeletalMeshSocket SkeletalMeshSocket_109 from package 00057142.upk
Loading SkeletalMeshSocket SkeletalMeshSocket_110 from package 00057142.upk
Loading SkeletalMeshSocket SkeletalMeshSocket_111 from package 00057142.upk
Loading SkeletalMeshSocket SkeletalMeshSocket_53 from package 00057142.upk
Loading SkeletalMeshSocket SkeletalMeshSocket_54 from package 00057142.upk
Loading SkeletalMeshSocket SkeletalMeshSocket_55 from package 00057142.upk
Loading MaterialInstanceConstant col1 from package 00057143.upk
Loading package: 00057144.upk Ver: 573/1 Engine: 4205 Names: 32 Exports: 4 Imports: 2 Game: 801A
Loading package: 00002640.upk Ver: 573/1 Engine: 4205 Names: 291 Exports: 507 Imports: 3 Game: 801A
Loading package: 00002620.upk Ver: 573/1 Engine: 4205 Names: 576 Exports: 7687 Imports: 96 Game: 801A
Loading Texture2D 990329_Autoscale_col1_N from package 00057144.upk
Loading Texture2D 990329_Autoscale_col1_M from package 00057144.upk
Loading Texture2D 990329_Autoscale_col1_D from package 00057144.upk
Loading Texture2D 990329_Autoscale_col1_S from package 00057144.upk
Loading TextureCube lenscube from package 00002640.upk
Loading Texture2D check from package 00002620.upk
Loading Texture2D 990329_Autoscale_col1_fx from package 00057143.upk
Loading Material3 Basic_FX from package 00057143.upk
Loading package: 00012963.upk Ver: 573/1 Engine: 4205 Names: 1349 Exports: 1323 Imports: 10 Game: 801A
Loading Texture2D CubemapFace0 from package 00002640.upk
Loading Texture2D CubemapFace1 from package 00002640.upk
Loading Texture2D CubemapFace2 from package 00002640.upk
Loading Texture2D CubemapFace3 from package 00002640.upk
Loading Texture2D CubemapFace4 from package 00002640.upk
Loading Texture2D CubemapFace5 from package 00002640.upk
Loading Texture2D check_n from package 00002620.upk
Loading Texture2D Smoke_Pattern_001 from package 00012963.upk
Loading Texture2D Gradient_Line_003 from package 00012963.upk
Loading Texture2D Gradient_Wipe_BurnOut_Mask_TEST from package 00012963.upk
Loading Texture2D Gradient_Wipe_BurnOut_Mask from package 00012963.upk
Loaded in 0.2 sec, 3049 allocs, 3.33 MBytes serialized in 271955 calls.

Object info:
============
ClassName: SkeletalMesh3 ObjectName: 990329_Autoscale

    LODInfo[1] =
    {
        LODInfo[0] =
        {
            DisplayFactor = 0
            LODHysteresis = 0.02
            LODMaterialMap[0] = {}
            bEnableShadowCasting[1] = { true }
        }
    }
    Sockets[7] =
    {
        Sockets[0] = SkeletalMeshSocket'990329_Autoscale.SkeletalMeshSocket_108'
        Sockets[1] = SkeletalMeshSocket'990329_Autoscale.SkeletalMeshSocket_109'
        Sockets[2] = SkeletalMeshSocket'990329_Autoscale.SkeletalMeshSocket_110'
        Sockets[3] = SkeletalMeshSocket'990329_Autoscale.SkeletalMeshSocket_111'
        Sockets[4] = SkeletalMeshSocket'990329_Autoscale.SkeletalMeshSocket_53'
        Sockets[5] = SkeletalMeshSocket'990329_Autoscale.SkeletalMeshSocket_54'
        Sockets[6] = SkeletalMeshSocket'990329_Autoscale.SkeletalMeshSocket_55'
    }
    bHasVertexColors = false
    EnableTwistBoneFixers = true
    EnableClavicleFixer = true
    Materials[1] = { MaterialInstanceConstant'col1' }


    Lods[1] =
    {
        Lods[0] =
        {
            Sections[1] =
            {
                Sections[0] = { Material=MaterialInstanceConstant'col1', FirstIndex=0, NumFaces=3468 }
            }
            NumVerts = 2570
            IndexCount = 10404
            NumTexCoords = 1
        }
    }
    LodCount = 1
    MeshOrigin = { X=-0, Y=-0, Z=-0 }
    MeshScale = { X=1, Y=1, Z=1 }
    RotOrigin = { Yaw=0, Pitch=0, Roll=0 }
    BoneCount = 1

Object info:
============
ClassName: SkeletalMeshSocket ObjectName: SkeletalMeshSocket_108

    SocketName = FX_Trail01
    BoneName = WeaponRoot
    RelativeLocation = { X=0, Y=0, Z=81.75 }
    RelativeRotation = { Yaw=0, Pitch=0, Roll=0 }
    RelativeScale = { X=1, Y=1, Z=1 }

Object info:
============
ClassName: SkeletalMeshSocket ObjectName: SkeletalMeshSocket_109

    SocketName = FX_Trail02
    BoneName = WeaponRoot
    RelativeLocation = { X=0, Y=-39.2577, Z=42 }
    RelativeRotation = { Yaw=0, Pitch=0, Roll=0 }
    RelativeScale = { X=1, Y=1, Z=1 }

Object info:
============
ClassName: SkeletalMeshSocket ObjectName: SkeletalMeshSocket_110

    SocketName = FX_Trail03
    BoneName = WeaponRoot
    RelativeLocation = { X=0, Y=39.2577, Z=42 }
    RelativeRotation = { Yaw=0, Pitch=0, Roll=0 }
    RelativeScale = { X=1, Y=1, Z=1 }

Object info:
============
ClassName: SkeletalMeshSocket ObjectName: SkeletalMeshSocket_111

    SocketName = fx_trail_center
    BoneName = WeaponRoot
    RelativeLocation = { X=0, Y=0, Z=40 }
    RelativeRotation = { Yaw=0, Pitch=16384, Roll=0 }
    RelativeScale = { X=1, Y=1, Z=1 }

Object info:
============
ClassName: SkeletalMeshSocket ObjectName: SkeletalMeshSocket_53

    SocketName = FX_Trail04
    BoneName = WeaponRoot
    RelativeLocation = { X=1.75889, Y=-33.2462, Z=65.75 }
    RelativeRotation = { Yaw=0, Pitch=0, Roll=0 }
    RelativeScale = { X=1, Y=1, Z=1 }

Object info:
============
ClassName: SkeletalMeshSocket ObjectName: SkeletalMeshSocket_54

    SocketName = FX_Trail05
    BoneName = WeaponRoot
    RelativeLocation = { X=1.5, Y=-34.5078, Z=21.75 }
    RelativeRotation = { Yaw=0, Pitch=0, Roll=0 }
    RelativeScale = { X=1, Y=1, Z=1 }

Object info:
============
ClassName: SkeletalMeshSocket ObjectName: SkeletalMeshSocket_55

    SocketName = fx_trail_bottom
    BoneName = WeaponRoot
    RelativeLocation = { X=1.25049, Y=0, Z=1.25 }
    RelativeRotation = { Yaw=0, Pitch=0, Roll=0 }
    RelativeScale = { X=1, Y=1, Z=1 }
