Found 32768 game files (1222 skipped)
Loading package: 00056673.upk Ver: 573/1 Engine: 4205 Names: 21 Exports: 1 Imports: 2 Game: 801A
Loading SkeletalMesh3 990330_Autoscale from package 00056673.upk
Loaded in 0.008 sec, 65 allocs, 0.10 MBytes serialized in 27984 calls.

Object info:
============
ClassName: SkeletalMesh3 ObjectName: 990330_Autoscale

    LODInfo[1] =
    {
        LODInfo[0] =
        {
            DisplayFactor = 0
            LODHysteresis = 0.02
            LODMaterialMap[0] = {}
            bEnableShadowCasting[1] = { true }
        }
    }
    Sockets[0] = {}
    bHasVertexColors = false
    EnableTwistBoneFixers = true
    EnableClavicleFixer = true
    Materials[1] = { None }


    Lods[1] =
    {
        Lods[0] =
        {
            Sections[1] =
            {
                Sections[0] = { Material=None, FirstIndex=0, NumFaces=1042 }
            }
            NumVerts = 882
            IndexCount = 3126
            NumTexCoords = 1
        }
    }
    LodCount = 1
    MeshOrigin = { X=-0, Y=-0, Z=-0 }
    MeshScale = { X=1, Y=1, Z=1 }
    RotOrigin = { Yaw=0, Pitch=0, Roll=0 }
    BoneCount = 1
