Found 32768 game files (1222 skipped)
Loading package: 00050620.upk Ver: 573/1 Engine: 4205 Names: 304 Exports: 506 Imports: 108 Game: 801A
Loading MaterialInstanceConstant W_MeshDeco03_inst from package 00050620.upk
Loading package: 00050618.upk Ver: 573/1 Engine: 4205 Names: 33 Exports: 5 Imports: 2 Game: 801A
Loading package: 00048300.upk Ver: 573/1 Engine: 4205 Names: 813 Exports: 8063 Imports: 209 Game: 801A
Loading MaterialInstanceConstant W_MeshDeco05_outline_INST from package 00050620.upk
Loading SkeletalMesh3 110242_Autoscale from package 00050620.upk
WARNING: ObjectProperty "USkeletalMesh3::MeshFactorSet" was not found
WARNING: ObjectProperty "USkeletalMesh3::PhysMaterialOverride" was not found
WARNING: ByteProperty "USkeletalMesh3::ItemPreviewLocType" was not found
Loading package: 00050619.upk Ver: 573/1 Engine: 4205 Names: 100 Exports: 1 Imports: 23 Game: 801A
Loading SkeletalMeshSocket SkeletalMeshSocket_322 from package 00050620.upk
WARNING: ObjectProperty "USkeletalMeshSocket::DependencyParticleSystem" was not found
Loading SkeletalMeshSocket SkeletalMeshSocket_326 from package 00050620.upk
WARNING: ObjectProperty "USkeletalMeshSocket::DependencyParticleSystem" was not found
Loading StaticMesh3 110242_MeshDeco from package 00050620.upk
Loading package: 00012892.upk Ver: 573/1 Engine: 4205 Names: 1018 Exports: 5834 Imports: 361 Game: 801A
Loading StaticMesh3 110242_MeshDeco01 from package 00050620.upk
Loading StaticMesh3 110242_MeshDeco02 from package 00050620.upk
Loading Texture2D 110242_Autoscale_col1_D from package 00050618.upk
Loading Material3 W_MeshDeco03 from package 00048300.upk
Loading package: 00012963.upk Ver: 573/1 Engine: 4205 Names: 1349 Exports: 1323 Imports: 10 Game: 801A
Loading package: 00002620.upk Ver: 573/1 Engine: 4205 Names: 576 Exports: 7687 Imports: 96 Game: 801A
Loading Material3 W_MeshDeco05_outline from package 00048300.upk
Loading MaterialInstanceConstant col1 from package 00050619.upk
Loading package: 00002640.upk Ver: 573/1 Engine: 4205 Names: 291 Exports: 507 Imports: 3 Game: 801A
Loading package: 00051099.upk Ver: 573/1 Engine: 4205 Names: 434 Exports: 531 Imports: 148 Game: 801A
Loading Material3 001_Mesh_Default_MatM from package 00012892.upk
WARNING: BoolProperty "UMaterial3::bAcceptRenderDecal" was not found
Loading package: 00023713.upk Ver: 573/1 Engine: 4205 Names: 101 Exports: 81 Imports: 4 Game: 801A
Loading Texture2D Noise_005 from package 00012963.upk
Loading Texture2D Noise_006 from package 00012963.upk
Loading Texture2D Noise_Wave_000 from package 00012963.upk
Loading Texture2D Unique_Stone_001 from package 00012963.upk
Loading Texture2D check from package 00002620.upk
Loading Texture2D 110242_Autoscale_col1_N from package 00050618.upk
Loading Texture2D 110242_Autoscale_col1_M from package 00050618.upk
Loading Texture2D 110242_Autoscale_col1_S from package 00050618.upk
Loading TextureCube lenscube_a from package 00002640.upk
Loading Texture2D 110242_Autoscale_col1_E from package 00050618.upk
Loading Texture2D T_Liquid_SM_NanoBlack_Mask_01 from package 00012963.upk
Loading Texture2D waterfalls_D01 from package 00012963.upk
Loading Material3 Basic_FX from package 00051099.upk
Loading Texture2D Cube000_Tex from package 00023713.upk
Loading Texture2D CubemapFace0 from package 00002640.upk
Loading Texture2D CubemapFace1 from package 00002640.upk
Loading Texture2D CubemapFace2 from package 00002640.upk
Loading Texture2D CubemapFace3 from package 00002640.upk
Loading Texture2D CubemapFace4 from package 00002640.upk
Loading Texture2D CubemapFace5 from package 00002640.upk
Loading Texture2D check_n from package 00002620.upk
Loading Texture2D Smoke_Pattern_001 from package 00012963.upk
Loading Texture2D Gradient_Line_003 from package 00012963.upk
Loading Texture2D Gradient_Wipe_BurnOut_Mask_TEST from package 00012963.upk
Loading Texture2D Gradient_Wipe_BurnOut_Mask from package 00012963.upk
Loaded in 0.24 sec, 5851 allocs, 2.99 MBytes serialized in 587060 calls.

Object info:
============
ClassName: MaterialInstanceConstant ObjectName: W_MeshDeco03_inst

    ScalarParameterValues[1] =
    {
        ScalarParameterValues[0] = { ParameterName=RGB_Alpha_Lerp, ParameterValue=1 }
    }
    TextureParameterValues[1] =
    {
        TextureParameterValues[0] = { ParameterName=FX_Mask, ParameterValue=Texture2D'110242_Autoscale_col1_D' }
    }
    VectorParameterValues[2] =
    {
        VectorParameterValues[0] =
        {
            ParameterName = Tex_Mask_switch
            ParameterValue = { R=0, G=0, B=1, A=1 }
        }
        VectorParameterValues[1] =
        {
            ParameterName = FX_BaseColor
            ParameterValue = { R=1, G=1, B=1, A=1 }
        }
    }
    Parent = Material3'W_MeshDeco03'
    FlattenedTexture = None
    MobileBaseTexture = None
    MobileNormalTexture = None
    bUseMobileSpecular = false
    MobileSpecularPower = 16
    MobileSpecularMask = MSM_Constant (0)
    MobileMaskTexture = None

Object info:
============
ClassName: MaterialInstanceConstant ObjectName: W_MeshDeco05_outline_INST

    ScalarParameterValues[0] = {}
    TextureParameterValues[1] =
    {
        TextureParameterValues[0] = { ParameterName=Diffuse, ParameterValue=Texture2D'110242_Autoscale_col1_D' }
    }
    VectorParameterValues[1] =
    {
        VectorParameterValues[0] =
        {
            ParameterName = dissolve_line_color
            ParameterValue = { R=1, G=1, B=1, A=1 }
        }
    }
    Parent = Material3'W_MeshDeco05_outline'
    FlattenedTexture = None
    MobileBaseTexture = None
    MobileNormalTexture = None
    bUseMobileSpecular = false
    MobileSpecularPower = 16
    MobileSpecularMask = MSM_Constant (0)
    MobileMaskTexture = None

Object info:
============
ClassName: SkeletalMesh3 ObjectName: 110242_Autoscale

    LODInfo[1] =
    {
        LODInfo[0] =
        {
            DisplayFactor = 0
            LODHysteresis = 0.02
            LODMaterialMap[0] = {}
            bEnableShadowCasting[1] = { true }
        }
    }
    Sockets[2] =
    {
        Sockets[0] = SkeletalMeshSocket'110242_Autoscale.SkeletalMeshSocket_322'
        Sockets[1] = SkeletalMeshSocket'110242_Autoscale.SkeletalMeshSocket_326'
    }
    bHasVertexColors = false
    EnableTwistBoneFixers = true
    EnableClavicleFixer = true
    Materials[1] = { MaterialInstanceConstant'col1' }


    Lods[1] =
    {
        Lods[0] =
        {
            Sections[1] =
            {
                Sections[0] = { Material=MaterialInstanceConstant'col1', FirstIndex=0, NumFaces=2386 }
            }
            NumVerts = 1909
            IndexCount = 7158
            NumTexCoords = 1
        }
    }
    LodCount = 1
    MeshOrigin = { X=-0, Y=-0, Z=-0 }
    MeshScale = { X=1, Y=1, Z=1 }
    RotOrigin = { Yaw=0, Pitch=0, Roll=0 }
    BoneCount = 1

Object info:
============
ClassName: SkeletalMeshSocket ObjectName: SkeletalMeshSocket_322

    SocketName = FX_Add
    BoneName = WeaponRoot
    RelativeLocation = { X=0, Y=0, Z=0 }
    RelativeRotation = { Yaw=0, Pitch=0, Roll=0 }
    RelativeScale = { X=1, Y=1, Z=1 }

Object info:
============
ClassName: SkeletalMeshSocket ObjectName: SkeletalMeshSocket_326

    SocketName = FX_Add01
    BoneName = WeaponRoot
    RelativeLocation = { X=0, Y=0, Z=0 }
    RelativeRotation = { Yaw=0, Pitch=0, Roll=0 }
    RelativeScale = { X=1, Y=1, Z=1 }

Object info:
============
ClassName: StaticMesh3 ObjectName: 110242_MeshDeco

    BodySetup = None
    UseSimpleLineCollision = false
    UseSimpleBoxCollision = false
    UseSimpleRigidBodyCollision = false
    UseFullPrecisionUVs = false
    Bounds =
    {
        Origin = { X=2.4216, Y=0, Z=21.5794 }
        BoxExtent = { X=17.9402, Y=0.4984, Z=16.7769 }
        SphereRadius = 18.6115
    }
    CanCompressPositions = false
    CanStripNormalsAndTangents = false
    InternalVersion = 18


    Lods[1] =
    {
        Lods[0] =
        {
            Sections[1] =
            {
                Sections[0] = { Material=Material3'001_Mesh_Default_MatM', FirstIndex=0, NumFaces=324 }
            }
            NumVerts = 462
            IndexCount = 972
            NumTexCoords = 1
        }
    }
    LodCount = 1

Object info:
============
ClassName: StaticMesh3 ObjectName: 110242_MeshDeco01

    BodySetup = None
    UseSimpleLineCollision = false
    UseSimpleBoxCollision = false
    UseSimpleRigidBodyCollision = false
    UseFullPrecisionUVs = false
    Bounds =
    {
        Origin = { X=0.965, Y=0, Z=-5.3326 }
        BoxExtent = { X=12.7852, Y=3.5, Z=35.1283 }
        SphereRadius = 35.8923
    }
    CanCompressPositions = false
    CanStripNormalsAndTangents = false
    InternalVersion = 18


    Lods[1] =
    {
        Lods[0] =
        {
            Sections[1] =
            {
                Sections[0] = { Material=Material3'001_Mesh_Default_MatM', FirstIndex=0, NumFaces=2062 }
            }
            NumVerts = 3386
            IndexCount = 6186
            NumTexCoords = 1
        }
    }
    LodCount = 1

Object info:
============
ClassName: StaticMesh3 ObjectName: 110242_MeshDeco02

    BodySetup = None
    UseSimpleLineCollision = false
    UseSimpleBoxCollision = false
    UseSimpleRigidBodyCollision = false
    UseFullPrecisionUVs = false
    Bounds =
    {
        Origin = { X=16.0339, Y=0, Z=21.1285 }
        BoxExtent = { X=8.4563, Y=0, Z=20.0371 }
        SphereRadius = 21.2287
    }
    CanCompressPositions = false
    CanStripNormalsAndTangents = false
    InternalVersion = 18


    Lods[1] =
    {
        Lods[0] =
        {
            Sections[1] =
            {
                Sections[0] = { Material=Material3'001_Mesh_Default_MatM', FirstIndex=0, NumFaces=18 }
            }
            NumVerts = 44
            IndexCount = 54
            NumTexCoords = 1
        }
    }
    LodCount = 1
