Found 32768 game files (1766 skipped)
Loading package: 00050593.upk Ver: 573/1 Engine: 4205 Names: 65 Exports: 5 Imports: 11 Game: 801A
Loading SkeletalMesh3 040317_LynM from package 00050593.upk
Loading package: 00050594.upk Ver: 573/1 Engine: 4205 Names: 52 Exports: 1 Imports: 16 Game: 801A
Loading package: 00050427.upk Ver: 573/1 Engine: 4205 Names: 117 Exports: 3 Imports: 30 Game: 801A
Loading MaterialInstanceConstant col1 from package 00050594.upk
Loading package: 00004041.upk Ver: 573/1 Engine: 4205 Names: 29 Exports: 2 Imports: 2 Game: 801A
Loading package: 00002620.upk Ver: 573/1 Engine: 4205 Names: 576 Exports: 7687 Imports: 96 Game: 801A
Loading MaterialInstanceConstant col1_acc from package 00050427.upk
Loading package: 00050426.upk Ver: 573/1 Engine: 4205 Names: 31 Exports: 4 Imports: 2 Game: 801A
Loading package: 00002640.upk Ver: 573/1 Engine: 4205 Names: 291 Exports: 507 Imports: 3 Game: 801A
Loading MaterialInstanceConstant col1_fur from package 00050427.upk
Loading package: 00035640.upk Ver: 573/1 Engine: 4205 Names: 36 Exports: 6 Imports: 2 Game: 801A
Loading Texture2D LynM_001_col1_D from package 00004041.upk
Loading Texture2D LynM_001_col1_n from package 00004041.upk
Loading Material3 Beard_Ac from package 00002620.upk
Loading package: 00012963.upk Ver: 573/1 Engine: 4205 Names: 1386 Exports: 1362 Imports: 10 Game: 801A
Loading package: 00008613.upk Ver: 573/1 Engine: 4205 Names: 95 Exports: 6 Imports: 12 Game: 801A
Loading Texture2D 040317_JinM_col1_N from package 00050426.upk
Loading Texture2D 040317_JinM_col1_M from package 00050426.upk
Loading Texture2D 040317_JinM_col1_D from package 00050426.upk
Loading Texture2D 040317_JinM_col1_S from package 00050426.upk
Loading TextureCube cube_cst from package 00002640.upk
Loading Texture2D check from package 00002620.upk
Loading Material3 Body from package 00002620.upk
Loading Texture2D Fur_Tape1_N from package 00035640.upk
Loading Texture2D Fur_Tape1_D from package 00035640.upk
Loading Material3 Beard_Fur from package 00002620.upk
Loading Texture2D check_n from package 00002620.upk
Loading Texture2D Noise_Glass_000 from package 00012963.upk
Loading Texture2D Smoke_Pattern_001 from package 00012963.upk
Loading Texture2D Gradient_Wipe_BurnOut_Mask_TEST from package 00012963.upk
Loading Texture2D Gradient_Wipe_BurnOut_Mask from package 00012963.upk
Loading Texture2D Gradient_Line_003 from package 00012963.upk
Loading Texture2D Nothing_A from package 00008613.upk
Loading Texture2D CubemapFace0 from package 00002640.upk
Loading Texture2D CubemapFace1 from package 00002640.upk
Loading Texture2D CubemapFace2 from package 00002640.upk
Loading Texture2D CubemapFace3 from package 00002640.upk
Loading Texture2D CubemapFace4 from package 00002640.upk
Loading Texture2D CubemapFace5 from package 00002640.upk
Loaded in 0.16 sec, 3374 allocs, 1.88 MBytes serialized in 290097 calls.

Object info:
============
ClassName: SkeletalMesh3 ObjectName: 040317_LynM

    LODInfo[1] =
    {
        LODInfo[0] =
        {
            DisplayFactor = 0
            LODHysteresis = 0.02
            LODMaterialMap[0] = {}
            bEnableShadowCasting[3] = { true, true, true }
        }
    }
    Sockets[0] = {}
    bHasVertexColors = false
    EnableTwistBoneFixers = true
    EnableClavicleFixer = true
    Materials[3] =
    {
        Materials[0] = MaterialInstanceConstant'col1'
        Materials[1] = MaterialInstanceConstant'col1_acc'
        Materials[2] = MaterialInstanceConstant'col1_fur'
    }


    Lods[1] =
    {
        Lods[0] =
        {
            Sections[3] =
            {
                Sections[0] = { Material=MaterialInstanceConstant'col1', FirstIndex=0, NumFaces=666 }
                Sections[1] = { Material=MaterialInstanceConstant'col1_acc', FirstIndex=1998, NumFaces=772 }
                Sections[2] = { Material=MaterialInstanceConstant'col1_fur', FirstIndex=4314, NumFaces=1216 }
            }
            NumVerts = 3450
            IndexCount = 7962
            NumTexCoords = 1
        }
    }
    LodCount = 1
    MeshOrigin = { X=-0, Y=-0, Z=-0 }
    MeshScale = { X=1, Y=1, Z=1 }
    RotOrigin = { Yaw=0, Pitch=0, Roll=0 }
    BoneCount = 9
