Found 32768 game files (1222 skipped)
Loading package: 00054598.upk Ver: 573/1 Engine: 4205 Names: 114 Exports: 17 Imports: 14 Game: 801A
Loading SkeletalMesh3 010134_LynM from package 00054598.upk
WARNING: FloatProperty "USkeletalMesh3::AddFootOffsetValue" was not found
WARNING: FloatProperty "USkeletalMesh3::AnimNameHeight" was not found
WARNING: FloatProperty "USkeletalMesh3::NormalNameHeight" was not found
WARNING: ArrayProperty "USkeletalMesh3::NameplateMeshScaleRatio" was not found
WARNING: StructProperty "USkeletalMesh3::NameplateHeightRatio" was not found
WARNING: ArrayProperty "USkeletalMesh3::MeshScaleRatio" was not found
WARNING: StructProperty "USkeletalMesh3::HeightRatio" was not found
WARNING: StructProperty "USkeletalMesh3::HandRatio" was not found
Loading package: 00054600.upk Ver: 573/1 Engine: 4205 Names: 144 Exports: 2 Imports: 25 Game: 801A
Loading package: 00054439.upk Ver: 573/1 Engine: 4205 Names: 144 Exports: 2 Imports: 25 Game: 801A
Loading MaterialInstanceConstant col1 from package 00054600.upk
Loading package: 00054438.upk Ver: 573/1 Engine: 4205 Names: 31 Exports: 4 Imports: 2 Game: 801A
Loading package: 00002640.upk Ver: 573/1 Engine: 4205 Names: 291 Exports: 507 Imports: 3 Game: 801A
Loading package: 00002620.upk Ver: 573/1 Engine: 4205 Names: 576 Exports: 7687 Imports: 96 Game: 801A
Loading package: 00025178.upk Ver: 573/1 Engine: 4205 Names: 76 Exports: 46 Imports: 2 Game: 801A
Loading MaterialInstanceConstant col1-1 from package 00054439.upk
Loading Texture2D 010134_JinM_col1_N from package 00054438.upk
Loading TextureCube lenscube from package 00002640.upk
Loading Texture2D check from package 00002620.upk
Loading Texture2D 010134_JinM_col1_S from package 00054438.upk
Loading Texture2D 010134_JinM_col1_M from package 00054438.upk
Loading Texture2D 010134_JinM_col1_D from package 00054438.upk
Loading Texture2D Mask_Default from package 00025178.upk
Loading Material3 Custom_B from package 00002620.upk
Loading package: 00012963.upk Ver: 573/1 Engine: 4205 Names: 1349 Exports: 1323 Imports: 10 Game: 801A
Loading TextureCube cube_orb from package 00002640.upk
Loading Material3 Blend_OP from package 00002620.upk
Loading Texture2D CubemapFace0 from package 00002640.upk
Loading Texture2D CubemapFace1 from package 00002640.upk
Loading Texture2D CubemapFace2 from package 00002640.upk
Loading Texture2D CubemapFace3 from package 00002640.upk
Loading Texture2D CubemapFace4 from package 00002640.upk
Loading Texture2D CubemapFace5 from package 00002640.upk
Loading Texture2D check_n from package 00002620.upk
Loading Texture2D Noise_Glass_000 from package 00012963.upk
Loading Texture2D Smoke_Pattern_001 from package 00012963.upk
Loading Texture2D Gradient_Wipe_BurnOut_Mask_TEST from package 00012963.upk
Loading Texture2D Gradient_Wipe_BurnOut_Mask from package 00012963.upk
Loading Texture2D Gradient_Line_003 from package 00012963.upk
Loading Texture2D CubemapFace0 from package 00002640.upk
Loading Texture2D CubemapFace1 from package 00002640.upk
Loading Texture2D CubemapFace2 from package 00002640.upk
Loading Texture2D CubemapFace3 from package 00002640.upk
Loading Texture2D CubemapFace4 from package 00002640.upk
Loading Texture2D CubemapFace5 from package 00002640.upk
Loaded in 0.22 sec, 3475 allocs, 1.71 MBytes serialized in 205946 calls.

Object info:
============
ClassName: SkeletalMesh3 ObjectName: 010134_LynM

    LODInfo[1] =
    {
        LODInfo[0] =
        {
            DisplayFactor = 0
            LODHysteresis = 0.02
            LODMaterialMap[0] = {}
            bEnableShadowCasting[2] = { true, true }
        }
    }
    Sockets[0] = {}
    bHasVertexColors = false
    EnableTwistBoneFixers = true
    EnableClavicleFixer = true
    Materials[2] = { MaterialInstanceConstant'col1', MaterialInstanceConstant'col1-1' }


    Lods[1] =
    {
        Lods[0] =
        {
            Sections[2] =
            {
                Sections[0] = { Material=MaterialInstanceConstant'col1', FirstIndex=0, NumFaces=570 }
                Sections[1] = { Material=MaterialInstanceConstant'col1-1', FirstIndex=1710, NumFaces=72 }
            }
            NumVerts = 490
            IndexCount = 1926
            NumTexCoords = 1
        }
    }
    LodCount = 1
    MeshOrigin = { X=-0, Y=-0, Z=-0 }
    MeshScale = { X=1, Y=1, Z=1 }
    RotOrigin = { Yaw=0, Pitch=0, Roll=0 }
    BoneCount = 11
