Found 32768 game files (1766 skipped)
Loading package: 00052934.upk Ver: 573/1 Engine: 4205 Names: 28 Exports: 3 Imports: 2 Game: 801A
Loading Texture2D Ice_001_005_N from package 00052934.upk
Loading Texture2D Ice_001_005A_D from package 00052934.upk
Loading Texture2D Ice_001_005A_S from package 00052934.upk
Loaded in 0.058 sec, 151 allocs, 1.52 MBytes serialized in 836 calls.

Object info:
============
ClassName: Texture2D ObjectName: Ice_001_005_N

    SizeX = 1024
    SizeY = 1024
    Format = PF_DXT1 (5)
    AddressX = TA_Wrap (0)
    AddressY = TA_Wrap (0)
    TextureFileCacheName = None
    MipTailBaseIdx = 10
    bForcePVRTC4 = false
    UnpackMin[4] = { -1, -1, -1, 0 }
    UnpackMax[4] = { 1, 1, 1, 1 }

Object info:
============
ClassName: Texture2D ObjectName: Ice_001_005A_D

    SizeX = 1024
    SizeY = 1024
    Format = PF_DXT1 (5)
    AddressX = TA_Wrap (0)
    AddressY = TA_Wrap (0)
    TextureFileCacheName = None
    MipTailBaseIdx = 10
    bForcePVRTC4 = false
    UnpackMin[4] = { 0, 0, 0, 0 }
    UnpackMax[4] = { 1, 1, 1, 1 }

Object info:
============
ClassName: Texture2D ObjectName: Ice_001_005A_S

    SizeX = 1024
    SizeY = 1024
    Format = PF_DXT1 (5)
    AddressX = TA_Wrap (0)
    AddressY = TA_Wrap (0)
    TextureFileCacheName = None
    MipTailBaseIdx = 10
    bForcePVRTC4 = false
    UnpackMin[4] = { 0, 0, 0, 0 }
    UnpackMax[4] = { 1, 1, 1, 1 }
