Found 32768 game files (1222 skipped)
Loading package: 00054570.upk Ver: 573/1 Engine: 4205 Names: 179 Exports: 89 Imports: 14 Game: 801A
Loading SkeletalMesh3 090174_GonF from package 00054570.upk
Loading package: 00054572.upk Ver: 573/1 Engine: 4205 Names: 107 Exports: 2 Imports: 25 Game: 801A
Loading MaterialInstanceConstant col1 from package 00054572.upk
Loading package: 00054346.upk Ver: 573/1 Engine: 4205 Names: 37 Exports: 8 Imports: 4 Game: 801A
Loading package: 00002640.upk Ver: 573/1 Engine: 4205 Names: 291 Exports: 507 Imports: 3 Game: 801A
Loading package: 00002620.upk Ver: 573/1 Engine: 4205 Names: 576 Exports: 7687 Imports: 96 Game: 801A
Loading MaterialInstanceConstant fur_mat from package 00054572.upk
Loading Texture2D 090174_JinF_Col1_N from package 00054346.upk
Loading Texture2D 090174_JinF_Col1_M from package 00054346.upk
Loading Texture2D 090174_JinF_Col1_D from package 00054346.upk
Loading Texture2D 090174_JinF_Col1_S from package 00054346.upk
Loading Texture2D lenscube_NegX from package 00002640.upk
Loading Texture2D check from package 00002620.upk
Loading Material3 Body from package 00002620.upk
Loading package: 00012963.upk Ver: 573/1 Engine: 4205 Names: 1349 Exports: 1323 Imports: 10 Game: 801A
Loading Texture2D fur_N from package 00054346.upk
Loading Texture2D fur_D from package 00054346.upk
Loading Texture2D fur_S from package 00054346.upk
Loading TextureCube Cube_D from package 00002640.upk
Loading Material3 Basic from package 00002620.upk
Loading Texture2D check_n from package 00002620.upk
Loading Texture2D Noise_Glass_000 from package 00012963.upk
Loading Texture2D Smoke_Pattern_001 from package 00012963.upk
Loading Texture2D Gradient_Wipe_BurnOut_Mask_TEST from package 00012963.upk
Loading Texture2D Gradient_Wipe_BurnOut_Mask from package 00012963.upk
Loading Texture2D Gradient_Line_003 from package 00012963.upk
Loading Texture2D CubemapFace0 from package 00002640.upk
Loading Texture2D CubemapFace1 from package 00002640.upk
Loading Texture2D CubemapFace2 from package 00002640.upk
Loading Texture2D CubemapFace3 from package 00002640.upk
Loading Texture2D CubemapFace4 from package 00002640.upk
Loading Texture2D CubemapFace5 from package 00002640.upk
Loaded in 0.3 sec, 3189 allocs, 2.44 MBytes serialized in 390250 calls.

Object info:
============
ClassName: SkeletalMesh3 ObjectName: 090174_GonF

    LODInfo[1] =
    {
        LODInfo[0] =
        {
            DisplayFactor = 0
            LODHysteresis = 0.02
            LODMaterialMap[0] = {}
            bEnableShadowCasting[2] = { true, true }
        }
    }
    Sockets[0] = {}
    bHasVertexColors = false
    EnableTwistBoneFixers = true
    EnableClavicleFixer = true
    Materials[2] = { MaterialInstanceConstant'col1', MaterialInstanceConstant'fur_mat' }


    Lods[1] =
    {
        Lods[0] =
        {
            Sections[2] =
            {
                Sections[0] = { Material=MaterialInstanceConstant'fur_mat', FirstIndex=0, NumFaces=4311 }
                Sections[1] = { Material=MaterialInstanceConstant'col1', FirstIndex=12933, NumFaces=1278 }
            }
            NumVerts = 5451
            IndexCount = 16767
            NumTexCoords = 1
        }
    }
    LodCount = 1
    MeshOrigin = { X=-0, Y=-0, Z=-0 }
    MeshScale = { X=1, Y=1, Z=1 }
    RotOrigin = { Yaw=0, Pitch=0, Roll=0 }
    BoneCount = 88
