Found 32768 game files (1222 skipped)
Loading package: 00050940.upk Ver: 573/1 Engine: 4205 Names: 257 Exports: 465 Imports: 10 Game: 801A
Loading SkeletalMesh3 990257_AncientMechaChulMoo from package 00050940.upk
Loading package: 00050939.upk Ver: 573/1 Engine: 4205 Names: 261 Exports: 742 Imports: 64 Game: 801A
Loading MaterialInstanceConstant col1 from package 00050939.upk
Loading package: 00050938.upk Ver: 573/1 Engine: 4205 Names: 31 Exports: 7 Imports: 2 Game: 801A
Loading package: 00002640.upk Ver: 573/1 Engine: 4205 Names: 291 Exports: 507 Imports: 3 Game: 801A
Loading Texture2D 990257_AncientMechaChulMoo_col1_N from package 00050938.upk
Loading Texture2D 990257_AncientMechaChulMoo_col1_M from package 00050938.upk
Loading Texture2D 990257_AncientMechaChulMoo_col1_D from package 00050938.upk
Loading Texture2D Emissive_Texchange from package 00050939.upk
Loading Texture2D Tex_mix from package 00050939.upk
Loading Texture2D 990257_AncientMechaChulMoo_col1_S from package 00050938.upk
Loading TextureCube lenscube_a from package 00002640.upk
Loading Texture2D Acc_Mask from package 00050939.upk
Loading Material3 Basic_AncientMechaChulMoo from package 00050939.upk
Loading package: 00002620.upk Ver: 573/1 Engine: 4205 Names: 576 Exports: 7687 Imports: 96 Game: 801A
Loading package: 00050895.upk Ver: 573/1 Engine: 4205 Names: 153 Exports: 3 Imports: 21 Game: 801A
Loading package: 00012963.upk Ver: 573/1 Engine: 4205 Names: 1349 Exports: 1323 Imports: 10 Game: 801A
Loading Texture2D CubemapFace0 from package 00002640.upk
Loading Texture2D CubemapFace1 from package 00002640.upk
Loading Texture2D CubemapFace2 from package 00002640.upk
Loading Texture2D CubemapFace3 from package 00002640.upk
Loading Texture2D CubemapFace4 from package 00002640.upk
Loading Texture2D CubemapFace5 from package 00002640.upk
Loading Texture2D check_n from package 00002620.upk
Loading Texture2D check from package 00002620.upk
Loading Texture2D Smoke_Pattern_4channel_02 from package 00050895.upk
Loading Texture2D Gradient_Line_003 from package 00012963.upk
Loading Texture2D Gradient_Wipe_BurnOut_Mask_TEST from package 00012963.upk
Loading Texture2D Gradient_Wipe_BurnOut_Mask from package 00012963.upk
Loaded in 0.22 sec, 3555 allocs, 4.48 MBytes serialized in 437121 calls.

Object info:
============
ClassName: SkeletalMesh3 ObjectName: 990257_AncientMechaChulMoo

    LODInfo[1] =
    {
        LODInfo[0] =
        {
            DisplayFactor = 0
            LODHysteresis = 0.02
            LODMaterialMap[0] = {}
            bEnableShadowCasting[2] = { true, true }
        }
    }
    Sockets[0] = {}
    bHasVertexColors = false
    EnableTwistBoneFixers = true
    EnableClavicleFixer = true
    Materials[1] = { MaterialInstanceConstant'col1' }


    Lods[1] =
    {
        Lods[0] =
        {
            Sections[2] =
            {
                Sections[0] = { Material=MaterialInstanceConstant'col1', FirstIndex=0, NumFaces=5698 }
                Sections[1] = { Material=MaterialInstanceConstant'col1', FirstIndex=17094, NumFaces=1556 }
            }
            NumVerts = 6456
            IndexCount = 21762
            NumTexCoords = 1
        }
    }
    LodCount = 1
    MeshOrigin = { X=-0, Y=-0, Z=-0 }
    MeshScale = { X=1, Y=1, Z=1 }
    RotOrigin = { Yaw=0, Pitch=0, Roll=0 }
    BoneCount = 179
