Found 32768 game files (1222 skipped)
Loading package: 00057177.upk Ver: 573/1 Engine: 4205 Names: 207 Exports: 178 Imports: 24 Game: 801A
Loading SkeletalMesh3 AnthroDeerBase from package 00057177.upk
WARNING: ObjectProperty "USkeletalMesh3::PlaySoundSet" was not found
WARNING: BoolProperty "USkeletalMesh3::bUseAutoAnimset" was not found
WARNING: FloatProperty "USkeletalMesh3::AnimNameHeight" was not found
WARNING: FloatProperty "USkeletalMesh3::NormalNameHeight" was not found
WARNING: FloatProperty "USkeletalMesh3::LowNameHeight" was not found
WARNING: BoolProperty "USkeletalMesh3::bForceCharacterLight" was not found
Loading package: 00057178.upk Ver: 573/1 Engine: 4205 Names: 99 Exports: 2 Imports: 21 Game: 801A
Loading package: 00057643.upk Ver: 573/1 Engine: 4205 Names: 89 Exports: 1 Imports: 19 Game: 801A
Loading SkeletalMeshSocket SkeletalMeshSocket_281 from package 00057177.upk
Loading SkeletalMeshSocket SkeletalMeshSocket_419 from package 00057177.upk
WARNING: ObjectProperty "USkeletalMeshSocket::PreviewSkelMesh" was not found
Loading SkeletalMeshSocket SkeletalMeshSocket_420 from package 00057177.upk
Loading SkeletalMeshSocket SkeletalMeshSocket_421 from package 00057177.upk
Loading SkeletalMeshSocket SkeletalMeshSocket_422 from package 00057177.upk
Loading SkeletalMeshSocket SkeletalMeshSocket_423 from package 00057177.upk
Loading SkeletalMeshSocket SkeletalMeshSocket_424 from package 00057177.upk
Loading SkeletalMeshSocket SkeletalMeshSocket_425 from package 00057177.upk
Loading SkeletalMeshSocket SkeletalMeshSocket_426 from package 00057177.upk
Loading SkeletalMeshSocket SkeletalMeshSocket_427 from package 00057177.upk
Loading SkeletalMeshSocket SkeletalMeshSocket_428 from package 00057177.upk
WARNING: ObjectProperty "USkeletalMeshSocket::PreviewSkelMesh" was not found
Loading MaterialInstanceConstant col1 from package 00057178.upk
Loading package: 00057179.upk Ver: 573/1 Engine: 4205 Names: 31 Exports: 4 Imports: 2 Game: 801A
Loading package: 00002640.upk Ver: 573/1 Engine: 4205 Names: 291 Exports: 507 Imports: 3 Game: 801A
Loading package: 00002620.upk Ver: 573/1 Engine: 4205 Names: 576 Exports: 7687 Imports: 96 Game: 801A
Loading MaterialInstanceConstant Fur from package 00057178.upk
Loading MaterialInstanceConstant col1 from package 00057643.upk
Loading package: 00057642.upk Ver: 573/1 Engine: 4205 Names: 31 Exports: 4 Imports: 2 Game: 801A
Loading Texture2D Human_AntrhodeerBase_col1_N from package 00057179.upk
Loading Texture2D Human_AntrhodeerBase_col1_M from package 00057179.upk
Loading Texture2D Human_AntrhodeerBase_col1_D from package 00057179.upk
Loading Texture2D Human_AntrhodeerBase_col1_S from package 00057179.upk
Loading TextureCube lenscube from package 00002640.upk
Loading Material3 Basic from package 00002620.upk
Loading package: 00012963.upk Ver: 573/1 Engine: 4205 Names: 1349 Exports: 1323 Imports: 10 Game: 801A
Loading Texture2D check from package 00002620.upk
Loading Material3 Fur_Ac from package 00002620.upk
Loading Texture2D 990966_AnthroDeerBase_col1_N from package 00057642.upk
Loading Texture2D 990966_AnthroDeerBase_col1_M from package 00057642.upk
Loading Texture2D 990966_AnthroDeerBase_col1_D from package 00057642.upk
Loading Texture2D 990966_AnthroDeerBase_col1_S from package 00057642.upk
Loading Texture2D CubemapFace0 from package 00002640.upk
Loading Texture2D CubemapFace1 from package 00002640.upk
Loading Texture2D CubemapFace2 from package 00002640.upk
Loading Texture2D CubemapFace3 from package 00002640.upk
Loading Texture2D CubemapFace4 from package 00002640.upk
Loading Texture2D CubemapFace5 from package 00002640.upk
Loading Texture2D check_n from package 00002620.upk
Loading Texture2D Smoke_Pattern_001 from package 00012963.upk
Loading Texture2D Gradient_Line_003 from package 00012963.upk
Loading Texture2D Gradient_Wipe_BurnOut_Mask_TEST from package 00012963.upk
Loading Texture2D Gradient_Wipe_BurnOut_Mask from package 00012963.upk
Loading Texture2D Noise_Glass_000 from package 00012963.upk
Loaded in 0.39 sec, 3419 allocs, 9.30 MBytes serialized in 515763 calls.

Object info:
============
ClassName: SkeletalMesh3 ObjectName: AnthroDeerBase

    LODInfo[1] =
    {
        LODInfo[0] =
        {
            DisplayFactor = 0
            LODHysteresis = 0.02
            LODMaterialMap[0] = {}
            bEnableShadowCasting[3] = { true, true, true }
        }
    }
    Sockets[11] =
    {
        Sockets[0] = SkeletalMeshSocket'AnthroDeerBase.SkeletalMeshSocket_419'
        Sockets[1] = SkeletalMeshSocket'AnthroDeerBase.SkeletalMeshSocket_420'
        Sockets[2] = SkeletalMeshSocket'AnthroDeerBase.SkeletalMeshSocket_421'
        Sockets[3] = SkeletalMeshSocket'AnthroDeerBase.SkeletalMeshSocket_422'
        Sockets[4] = SkeletalMeshSocket'AnthroDeerBase.SkeletalMeshSocket_423'
        Sockets[5] = SkeletalMeshSocket'AnthroDeerBase.SkeletalMeshSocket_424'
        Sockets[6] = SkeletalMeshSocket'AnthroDeerBase.SkeletalMeshSocket_425'
        Sockets[7] = SkeletalMeshSocket'AnthroDeerBase.SkeletalMeshSocket_426'
        Sockets[8] = SkeletalMeshSocket'AnthroDeerBase.SkeletalMeshSocket_427'
        Sockets[9] = SkeletalMeshSocket'AnthroDeerBase.SkeletalMeshSocket_428'
        Sockets[10] = SkeletalMeshSocket'AnthroDeerBase.SkeletalMeshSocket_281'
    }
    bHasVertexColors = false
    EnableTwistBoneFixers = true
    EnableClavicleFixer = true
    Materials[3] =
    {
        Materials[0] = MaterialInstanceConstant'col1'
        Materials[1] = MaterialInstanceConstant'Fur'
        Materials[2] = MaterialInstanceConstant'col1'
    }


    Lods[1] =
    {
        Lods[0] =
        {
            Sections[3] =
            {
                Sections[0] = { Material=MaterialInstanceConstant'Fur', FirstIndex=0, NumFaces=4343 }
                Sections[1] = { Material=MaterialInstanceConstant'col1', FirstIndex=13029, NumFaces=6410 }
                Sections[2] = { Material=MaterialInstanceConstant'col1', FirstIndex=32259, NumFaces=614 }
            }
            NumVerts = 8690
            IndexCount = 34101
            NumTexCoords = 1
        }
    }
    LodCount = 1
    MeshOrigin = { X=-0, Y=-0, Z=-0 }
    MeshScale = { X=1, Y=1, Z=1 }
    RotOrigin = { Yaw=0, Pitch=0, Roll=0 }
    BoneCount = 86

Object info:
============
ClassName: SkeletalMeshSocket ObjectName: SkeletalMeshSocket_281

    SocketName = Catch_Back
    BoneName = Bip01Spine
    RelativeLocation = { X=3.44361, Y=11.8805, Z=-1.47881 }
    RelativeRotation = { Yaw=0, Pitch=0, Roll=0 }
    RelativeScale = { X=1, Y=1, Z=1 }

Object info:
============
ClassName: SkeletalMeshSocket ObjectName: SkeletalMeshSocket_419

    SocketName = WeaponR
    BoneName = WeaponR
    RelativeLocation = { X=0, Y=0, Z=0 }
    RelativeRotation = { Yaw=0, Pitch=0, Roll=0 }
    RelativeScale = { X=1, Y=1, Z=1 }

Object info:
============
ClassName: SkeletalMeshSocket ObjectName: SkeletalMeshSocket_420

    SocketName = target_high
    BoneName = Bip01Head
    RelativeLocation = { X=2.87247, Y=0, Z=0 }
    RelativeRotation = { Yaw=0, Pitch=0, Roll=0 }
    RelativeScale = { X=1, Y=1, Z=1 }

Object info:
============
ClassName: SkeletalMeshSocket ObjectName: SkeletalMeshSocket_421

    SocketName = socket_force
    BoneName = Root
    RelativeLocation = { X=65.6734, Y=21.5005, Z=8 }
    RelativeRotation = { Yaw=0, Pitch=0, Roll=0 }
    RelativeScale = { X=1, Y=1, Z=1 }

Object info:
============
ClassName: SkeletalMeshSocket ObjectName: SkeletalMeshSocket_422

    SocketName = Catch_Neck
    BoneName = Bip01Neck
    RelativeLocation = { X=-2.54985, Y=-12.6166, Z=0 }
    RelativeRotation = { Yaw=0, Pitch=0, Roll=0 }
    RelativeScale = { X=1, Y=1, Z=1 }

Object info:
============
ClassName: SkeletalMeshSocket ObjectName: SkeletalMeshSocket_423

    SocketName = Mount_Ambar_Socket
    BoneName = Bip01LClavicle
    RelativeLocation = { X=-9.20562, Y=-14.6223, Z=-2.56845 }
    RelativeRotation = { Yaw=-285, Pitch=9970, Roll=22850 }
    RelativeScale = { X=1, Y=1, Z=1 }

Object info:
============
ClassName: SkeletalMeshSocket ObjectName: SkeletalMeshSocket_424

    SocketName = Mount_Choke_Socket
    BoneName = Root
    RelativeLocation = { X=13.9772, Y=1.22193e-006, Z=0 }
    RelativeRotation = { Yaw=32768, Pitch=0, Roll=0 }
    RelativeScale = { X=1, Y=1, Z=1 }

Object info:
============
ClassName: SkeletalMeshSocket ObjectName: SkeletalMeshSocket_425

    SocketName = Decap_Socket
    BoneName = Bip01Neck1
    RelativeLocation = { X=0.667983, Y=-7.26444, Z=0 }
    RelativeRotation = { Yaw=0, Pitch=0, Roll=0 }
    RelativeScale = { X=1, Y=1, Z=1 }

Object info:
============
ClassName: SkeletalMeshSocket ObjectName: SkeletalMeshSocket_426

    SocketName = Mount_Socket
    BoneName = Root
    RelativeLocation = { X=-20.4768, Y=-1.15882e-006, Z=11.25 }
    RelativeRotation = { Yaw=32768, Pitch=0, Roll=0 }
    RelativeScale = { X=1, Y=1, Z=1 }

Object info:
============
ClassName: SkeletalMeshSocket ObjectName: SkeletalMeshSocket_427

    SocketName = ATTACH_EFFECT
    BoneName = Bip01
    RelativeLocation = { X=10, Y=0, Z=0 }
    RelativeRotation = { Yaw=0, Pitch=0, Roll=0 }
    RelativeScale = { X=1, Y=1, Z=1 }

Object info:
============
ClassName: SkeletalMeshSocket ObjectName: SkeletalMeshSocket_428

    SocketName = WeaponL
    BoneName = WeaponL
    RelativeLocation = { X=0, Y=0, Z=0 }
    RelativeRotation = { Yaw=0, Pitch=0, Roll=0 }
    RelativeScale = { X=1, Y=1, Z=1 }
