Found 32768 game files (1766 skipped)
Loading package: 00056919.upk Ver: 573/1 Engine: 4205 Names: 225 Exports: 150 Imports: 23 Game: 801A
Loading SkeletalMesh3 10175_GonF from package 00056919.upk
WARNING: FloatProperty "USkeletalMesh3::AutoScale" was not found
WARNING: FloatProperty "USkeletalMesh3::EffectScale" was not found
WARNING: ObjectProperty "USkeletalMesh3::MeshFactorSet" was not found
WARNING: ObjectProperty "USkeletalMesh3::PhysMaterialOverride" was not found
WARNING: ObjectProperty "USkeletalMesh3::PlaySoundSet" was not found
WARNING: FloatProperty "USkeletalMesh3::AddFootOffsetValue" was not found
WARNING: FloatProperty "USkeletalMesh3::AnimNameHeight" was not found
WARNING: FloatProperty "USkeletalMesh3::NormalNameHeight" was not found
WARNING: ArrayProperty "USkeletalMesh3::NameplateMeshScaleRatio" was not found
WARNING: StructProperty "USkeletalMesh3::NameplateHeightRatio" was not found
WARNING: ArrayProperty "USkeletalMesh3::MeshScaleRatio" was not found
WARNING: StructProperty "USkeletalMesh3::HeightRatio" was not found
WARNING: StructProperty "USkeletalMesh3::HandRatio" was not found
WARNING: ByteProperty "USkeletalMesh3::CommonPhysicsUseFlag" was not found
WARNING: FloatProperty "USkeletalMesh3::PhysicalHitScale" was not found
Loading package: 00056920.upk Ver: 573/1 Engine: 4205 Names: 122 Exports: 1 Imports: 24 Game: 801A
Loading SkeletalMeshSocket SkeletalMeshSocket_764 from package 00056919.upk
WARNING: ObjectProperty "USkeletalMeshSocket::DependencyParticleSystem" was not found
Loading MaterialInstanceConstant col1 from package 00056920.upk
Loading package: 00056921.upk Ver: 573/1 Engine: 4205 Names: 30 Exports: 5 Imports: 2 Game: 801A
Loading package: 00002640.upk Ver: 573/1 Engine: 4205 Names: 291 Exports: 507 Imports: 3 Game: 801A
Loading package: 00056714.upk Ver: 573/1 Engine: 4205 Names: 213 Exports: 386 Imports: 51 Game: 801A
Loading Texture2D 10175_GonF_col1_N from package 00056921.upk
Loading Texture2D 10175_GonF_col1_M from package 00056921.upk
Loading Texture2D 10175_GonF_col1_D from package 00056921.upk
Loading Texture2D 10175_GonF_col1_S from package 00056921.upk
Loading TextureCube lenscube from package 00002640.upk
Loading Texture2D 10175_GonF_col1_E from package 00056921.upk
Loading Texture2D 10175_JinF_col1_Noise from package 00056714.upk
Loading Texture2D 10175_JinF_col1_FX from package 00056714.upk
Loading Material3 body_FX from package 00056714.upk
Loading package: 00002620.upk Ver: 573/1 Engine: 4205 Names: 576 Exports: 7687 Imports: 96 Game: 801A
Loading package: 00012963.upk Ver: 573/1 Engine: 4205 Names: 1386 Exports: 1362 Imports: 10 Game: 801A
Loading Texture2D CubemapFace0 from package 00002640.upk
Loading Texture2D CubemapFace1 from package 00002640.upk
Loading Texture2D CubemapFace2 from package 00002640.upk
Loading Texture2D CubemapFace3 from package 00002640.upk
Loading Texture2D CubemapFace4 from package 00002640.upk
Loading Texture2D CubemapFace5 from package 00002640.upk
Loading Texture2D check_n from package 00002620.upk
Loading Texture2D check from package 00002620.upk
Loading Texture2D Smoke_Pattern_001 from package 00012963.upk
Loading Texture2D Noise_Glass_000 from package 00012963.upk
Loading Texture2D Gradient_Wipe_BurnOut_Mask_TEST from package 00012963.upk
Loading Texture2D Gradient_Wipe_BurnOut_Mask from package 00012963.upk
Loading Texture2D Gradient_Line_003 from package 00012963.upk
Loaded in 0.27 sec, 3521 allocs, 5.03 MBytes serialized in 589298 calls.

Object info:
============
ClassName: SkeletalMesh3 ObjectName: 10175_GonF

    LODInfo[2] =
    {
        LODInfo[0] =
        {
            DisplayFactor = 0
            LODHysteresis = 0.02
            LODMaterialMap[0] = {}
            bEnableShadowCasting[1] = { true }
        }
        LODInfo[1] =
        {
            DisplayFactor = 0.25
            LODHysteresis = 0.02
            LODMaterialMap[1] = { 0 }
            bEnableShadowCasting[1] = { true }
        }
    }
    Sockets[1] = { SkeletalMeshSocket'10175_GonF.SkeletalMeshSocket_764' }
    bHasVertexColors = false
    EnableTwistBoneFixers = true
    EnableClavicleFixer = true
    Materials[1] = { MaterialInstanceConstant'col1' }


    Lods[2] =
    {
        Lods[0] =
        {
            Sections[1] =
            {
                Sections[0] = { Material=MaterialInstanceConstant'col1', FirstIndex=0, NumFaces=10450 }
            }
            NumVerts = 7446
            IndexCount = 31350
            NumTexCoords = 1
        }
        Lods[1] =
        {
            Sections[1] =
            {
                Sections[0] = { Material=MaterialInstanceConstant'col1', FirstIndex=0, NumFaces=3251 }
            }
            NumVerts = 2826
            IndexCount = 9753
            NumTexCoords = 1
        }
    }
    LodCount = 2
    MeshOrigin = { X=-0, Y=-0, Z=-0 }
    MeshScale = { X=1, Y=1, Z=1 }
    RotOrigin = { Yaw=0, Pitch=0, Roll=0 }
    BoneCount = 94

Object info:
============
ClassName: SkeletalMeshSocket ObjectName: SkeletalMeshSocket_764

    SocketName = FX_Add
    BoneName = BoneShoulderTwistR01
    RelativeLocation = { X=16.7255, Y=1.46219e-006, Z=0.543446 }
    RelativeRotation = { Yaw=16384, Pitch=0, Roll=18204 }
    RelativeScale = { X=1.2, Y=1.2, Z=1.2 }
