Found 32768 game files (1222 skipped)
Loading package: 00052017.upk Ver: 573/1 Engine: 4205 Names: 168 Exports: 130 Imports: 16 Game: 801A
Loading SkeletalMesh3 PirateGhostEliteC from package 00052017.upk
WARNING: ObjectProperty "USkeletalMesh3::PlaySoundSet" was not found
WARNING: FloatProperty "USkeletalMesh3::AnimNameHeight" was not found
WARNING: FloatProperty "USkeletalMesh3::NormalNameHeight" was not found
WARNING: FloatProperty "USkeletalMesh3::LowNameHeight" was not found
WARNING: FloatProperty "USkeletalMesh3::PhysicalHitScale" was not found
Loading package: 00052016.upk Ver: 573/1 Engine: 4205 Names: 89 Exports: 1 Imports: 19 Game: 801A
Loading SkeletalMeshSocket SkeletalMeshSocket_209 from package 00052017.upk
Loading SkeletalMeshSocket SkeletalMeshSocket_210 from package 00052017.upk
Loading SkeletalMeshSocket SkeletalMeshSocket_211 from package 00052017.upk
Loading SkeletalMeshSocket SkeletalMeshSocket_212 from package 00052017.upk
Loading SkeletalMeshSocket SkeletalMeshSocket_213 from package 00052017.upk
WARNING: BoolProperty "USkeletalMeshSocket::bParticleAttachPosOnly" was not found
Loading SkeletalMeshSocket SkeletalMeshSocket_214 from package 00052017.upk
Loading SkeletalMeshSocket SkeletalMeshSocket_215 from package 00052017.upk
Loading SkeletalMeshSocket SkeletalMeshSocket_216 from package 00052017.upk
Loading SkeletalMeshSocket SkeletalMeshSocket_217 from package 00052017.upk
Loading SkeletalMeshSocket SkeletalMeshSocket_218 from package 00052017.upk
Loading SkeletalMeshSocket SkeletalMeshSocket_219 from package 00052017.upk
WARNING: ObjectProperty "USkeletalMeshSocket::PreviewSkelMesh" was not found
Loading SkeletalMeshSocket SkeletalMeshSocket_220 from package 00052017.upk
Loading SkeletalMeshSocket SkeletalMeshSocket_221 from package 00052017.upk
Loading MaterialInstanceConstant col1 from package 00052016.upk
Loading package: 00052015.upk Ver: 573/1 Engine: 4205 Names: 35 Exports: 7 Imports: 2 Game: 801A
Loading package: 00002640.upk Ver: 573/1 Engine: 4205 Names: 291 Exports: 507 Imports: 3 Game: 801A
Loading package: 00002620.upk Ver: 573/1 Engine: 4205 Names: 576 Exports: 7687 Imports: 96 Game: 801A
Loading Texture2D PirateGhostEliteC_Col1_N from package 00052015.upk
Loading Texture2D PirateGhostEliteC_Col1_M from package 00052015.upk
Loading Texture2D PirateGhostEliteC_Col1_D from package 00052015.upk
Loading Texture2D PirateGhostEliteC_Col1_S from package 00052015.upk
Loading TextureCube lenscube from package 00002640.upk
Loading Texture2D check from package 00002620.upk
Loading Material3 Basic from package 00002620.upk
Loading package: 00012963.upk Ver: 573/1 Engine: 4205 Names: 1349 Exports: 1323 Imports: 10 Game: 801A
Loading Texture2D CubemapFace0 from package 00002640.upk
Loading Texture2D CubemapFace1 from package 00002640.upk
Loading Texture2D CubemapFace2 from package 00002640.upk
Loading Texture2D CubemapFace3 from package 00002640.upk
Loading Texture2D CubemapFace4 from package 00002640.upk
Loading Texture2D CubemapFace5 from package 00002640.upk
Loading Texture2D check_n from package 00002620.upk
Loading Texture2D Smoke_Pattern_001 from package 00012963.upk
Loading Texture2D Gradient_Line_003 from package 00012963.upk
Loading Texture2D Gradient_Wipe_BurnOut_Mask_TEST from package 00012963.upk
Loading Texture2D Gradient_Wipe_BurnOut_Mask from package 00012963.upk
Loaded in 0.19 sec, 3054 allocs, 3.71 MBytes serialized in 534386 calls.

Object info:
============
ClassName: SkeletalMesh3 ObjectName: PirateGhostEliteC

    LODInfo[1] =
    {
        LODInfo[0] =
        {
            DisplayFactor = 0
            LODHysteresis = 0.02
            LODMaterialMap[0] = {}
            bEnableShadowCasting[1] = { true }
        }
    }
    Sockets[13] =
    {
        Sockets[0] = SkeletalMeshSocket'PirateGhostEliteC.SkeletalMeshSocket_209'
        Sockets[1] = SkeletalMeshSocket'PirateGhostEliteC.SkeletalMeshSocket_210'
        Sockets[2] = SkeletalMeshSocket'PirateGhostEliteC.SkeletalMeshSocket_211'
        Sockets[3] = SkeletalMeshSocket'PirateGhostEliteC.SkeletalMeshSocket_212'
        Sockets[4] = SkeletalMeshSocket'PirateGhostEliteC.SkeletalMeshSocket_213'
        Sockets[5] = SkeletalMeshSocket'PirateGhostEliteC.SkeletalMeshSocket_214'
        Sockets[6] = SkeletalMeshSocket'PirateGhostEliteC.SkeletalMeshSocket_215'
        Sockets[7] = SkeletalMeshSocket'PirateGhostEliteC.SkeletalMeshSocket_216'
        Sockets[8] = SkeletalMeshSocket'PirateGhostEliteC.SkeletalMeshSocket_217'
        Sockets[9] = SkeletalMeshSocket'PirateGhostEliteC.SkeletalMeshSocket_218'
        Sockets[10] = SkeletalMeshSocket'PirateGhostEliteC.SkeletalMeshSocket_219'
        Sockets[11] = SkeletalMeshSocket'PirateGhostEliteC.SkeletalMeshSocket_220'
        Sockets[12] = SkeletalMeshSocket'PirateGhostEliteC.SkeletalMeshSocket_221'
    }
    bHasVertexColors = false
    EnableTwistBoneFixers = true
    EnableClavicleFixer = true
    Materials[1] = { MaterialInstanceConstant'col1' }


    Lods[1] =
    {
        Lods[0] =
        {
            Sections[1] =
            {
                Sections[0] = { Material=MaterialInstanceConstant'col1', FirstIndex=0, NumFaces=12745 }
            }
            NumVerts = 9269
            IndexCount = 38235
            NumTexCoords = 1
        }
    }
    LodCount = 1
    MeshOrigin = { X=-0, Y=-0, Z=-0 }
    MeshScale = { X=1, Y=1, Z=1 }
    RotOrigin = { Yaw=0, Pitch=0, Roll=0 }
    BoneCount = 61

Object info:
============
ClassName: SkeletalMeshSocket ObjectName: SkeletalMeshSocket_209

    SocketName = target_high
    BoneName = Bip01Head
    RelativeLocation = { X=0, Y=0, Z=0 }
    RelativeRotation = { Yaw=0, Pitch=0, Roll=0 }
    RelativeScale = { X=1, Y=1, Z=1 }

Object info:
============
ClassName: SkeletalMeshSocket ObjectName: SkeletalMeshSocket_210

    SocketName = Catch_Neck
    BoneName = Bip01Neck
    RelativeLocation = { X=0, Y=0, Z=0 }
    RelativeRotation = { Yaw=0, Pitch=0, Roll=0 }
    RelativeScale = { X=1, Y=1, Z=1 }

Object info:
============
ClassName: SkeletalMeshSocket ObjectName: SkeletalMeshSocket_211

    SocketName = socket_force
    BoneName = Root
    RelativeLocation = { X=40, Y=33, Z=7 }
    RelativeRotation = { Yaw=0, Pitch=0, Roll=0 }
    RelativeScale = { X=1, Y=1, Z=1 }

Object info:
============
ClassName: SkeletalMeshSocket ObjectName: SkeletalMeshSocket_212

    SocketName = Mount_Socket
    BoneName = Root
    RelativeLocation = { X=0, Y=0, Z=0 }
    RelativeRotation = { Yaw=32768, Pitch=0, Roll=0 }
    RelativeScale = { X=1, Y=1, Z=1 }

Object info:
============
ClassName: SkeletalMeshSocket ObjectName: SkeletalMeshSocket_213

    SocketName = ATTACH_EFFECT
    BoneName = Bip01
    RelativeLocation = { X=0, Y=0, Z=0 }
    RelativeRotation = { Yaw=0, Pitch=0, Roll=0 }
    RelativeScale = { X=1, Y=1, Z=1 }

Object info:
============
ClassName: SkeletalMeshSocket ObjectName: SkeletalMeshSocket_214

    SocketName = Mount_Ambar_Socket
    BoneName = Bip01LClavicle
    RelativeLocation = { X=-10, Y=-2, Z=-12 }
    RelativeRotation = { Yaw=-285, Pitch=9970, Roll=22850 }
    RelativeScale = { X=1, Y=1, Z=1 }

Object info:
============
ClassName: SkeletalMeshSocket ObjectName: SkeletalMeshSocket_215

    SocketName = Mount_Choke_Socket
    BoneName = Root
    RelativeLocation = { X=1.5, Y=0, Z=0 }
    RelativeRotation = { Yaw=32768, Pitch=0, Roll=0 }
    RelativeScale = { X=1, Y=1, Z=1 }

Object info:
============
ClassName: SkeletalMeshSocket ObjectName: SkeletalMeshSocket_216

    SocketName = Decap_Socket
    BoneName = Bip01Neck
    RelativeLocation = { X=0, Y=0, Z=0 }
    RelativeRotation = { Yaw=0, Pitch=0, Roll=0 }
    RelativeScale = { X=1, Y=1, Z=1 }

Object info:
============
ClassName: SkeletalMeshSocket ObjectName: SkeletalMeshSocket_217

    SocketName = Catch_Back
    BoneName = Bip01Spine2
    RelativeLocation = { X=-1.25021, Y=4.11166, Z=0 }
    RelativeRotation = { Yaw=0, Pitch=0, Roll=0 }
    RelativeScale = { X=1, Y=1, Z=1 }

Object info:
============
ClassName: SkeletalMeshSocket ObjectName: SkeletalMeshSocket_218

    SocketName = WeaponL
    BoneName = WeaponL
    RelativeLocation = { X=0, Y=0, Z=0 }
    RelativeRotation = { Yaw=0, Pitch=0, Roll=0 }
    RelativeScale = { X=1, Y=1, Z=1 }

Object info:
============
ClassName: SkeletalMeshSocket ObjectName: SkeletalMeshSocket_219

    SocketName = WeaponR
    BoneName = WeaponR
    RelativeLocation = { X=0, Y=0, Z=0 }
    RelativeRotation = { Yaw=0, Pitch=0, Roll=0 }
    RelativeScale = { X=1, Y=1, Z=1 }

Object info:
============
ClassName: SkeletalMeshSocket ObjectName: SkeletalMeshSocket_220

    SocketName = SW_L_A
    BoneName = Bone_Weapon
    RelativeLocation = { X=0, Y=0, Z=0 }
    RelativeRotation = { Yaw=0, Pitch=0, Roll=0 }
    RelativeScale = { X=1, Y=1, Z=1 }

Object info:
============
ClassName: SkeletalMeshSocket ObjectName: SkeletalMeshSocket_221

    SocketName = RF_R
    BoneName = Bone_Back
    RelativeLocation = { X=0, Y=0, Z=0 }
    RelativeRotation = { Yaw=0, Pitch=0, Roll=0 }
    RelativeScale = { X=1, Y=1, Z=1 }
