Found 32768 game files (1222 skipped)
Loading package: 00058303.upk Ver: 573/1 Engine: 4205 Names: 430 Exports: 1098 Imports: 160 Game: 801A
Loading MaterialInstanceConstant 060279_Staff_EE_MI from package 00058303.upk
Loading package: 00058304.upk Ver: 573/1 Engine: 4205 Names: 33 Exports: 5 Imports: 2 Game: 801A
Loading package: 00058037.upk Ver: 573/1 Engine: 4205 Names: 548 Exports: 1797 Imports: 205 Game: 801A
Loading MaterialInstanceConstant 060279_Staff_Mesh from package 00058303.upk
Loading package: 00012963.upk Ver: 573/1 Engine: 4205 Names: 1349 Exports: 1323 Imports: 10 Game: 801A
Loading package: 00048300.upk Ver: 573/1 Engine: 4205 Names: 813 Exports: 8063 Imports: 209 Game: 801A
Loading SkeletalMesh3 060279_Autoscale from package 00058303.upk
WARNING: ObjectProperty "USkeletalMesh3::MeshFactorSet" was not found
WARNING: ObjectProperty "USkeletalMesh3::PhysMaterialOverride" was not found
WARNING: ByteProperty "USkeletalMesh3::ItemPreviewLocType" was not found
Loading package: 00058305.upk Ver: 573/1 Engine: 4205 Names: 96 Exports: 1 Imports: 23 Game: 801A
Loading SkeletalMeshSocket SkeletalMeshSocket_725 from package 00058303.upk
WARNING: ObjectProperty "USkeletalMeshSocket::DependencyParticleSystem" was not found
Loading StaticMesh3 060279_Mesh001 from package 00058303.upk
Loading package: 00012892.upk Ver: 573/1 Engine: 4205 Names: 1018 Exports: 5834 Imports: 361 Game: 801A
Loading StaticMesh3 060279_Mesh002 from package 00058303.upk
Loading Texture2D 060279_Autoscale_col1_S from package 00058304.upk
Loading Texture2D 060279_Autoscale_col1_D from package 00058304.upk
Loading Material3 010372_Sword_EE from package 00058037.upk
WARNING: BoolProperty "UMaterial3::bAcceptRenderDecal" was not found
Loading package: 00048513.upk Ver: 573/1 Engine: 4205 Names: 32 Exports: 4 Imports: 2 Game: 801A
Loading Texture2D Smoke_Pattern_001 from package 00012963.upk
Loading Texture2D Unique_Stone_001 from package 00012963.upk
Loading Material3 W_Meshdeco08 from package 00048300.upk
WARNING: BoolProperty "UMaterial3::bAcceptRenderDecal" was not found
Loading package: 00002620.upk Ver: 573/1 Engine: 4205 Names: 576 Exports: 7687 Imports: 96 Game: 801A
Loading MaterialInstanceConstant col1 from package 00058305.upk
Loading package: 00002640.upk Ver: 573/1 Engine: 4205 Names: 291 Exports: 507 Imports: 3 Game: 801A
Loading package: 00044949.upk Ver: 573/1 Engine: 4205 Names: 173 Exports: 155 Imports: 46 Game: 801A
Loading Material3 001_Mesh_Default_MatM from package 00012892.upk
WARNING: BoolProperty "UMaterial3::bAcceptRenderDecal" was not found
Loading package: 00023713.upk Ver: 573/1 Engine: 4205 Names: 101 Exports: 81 Imports: 4 Game: 801A
Loading Texture2D Gradient_Color_RedToOrange_000 from package 00012963.upk
Loading Texture2D Gradient_Color_Rainbow_004 from package 00012963.upk
Loading Texture2D Noise_006 from package 00012963.upk
Loading Texture2D Ref_Cool from package 00012963.upk
Loading Texture2D Noise_Plazma_002 from package 00012963.upk
Loading Texture2D Gradient_Line_R from package 00012963.upk
Loading Texture2D Noise_013 from package 00012963.upk
Loading Texture2D 010337_Autoscale_col1_D from package 00048513.upk
Loading Texture2D 010337_Autoscale_col1_S from package 00048513.upk
Loading Texture2D check from package 00002620.upk
Loading Texture2D Gradient_Line_003 from package 00012963.upk
Loading Texture2D Noise_005 from package 00012963.upk
Loading Texture2D Noise_Wave_000 from package 00012963.upk
Loading Texture2D 060279_Autoscale_col1_N from package 00058304.upk
Loading Texture2D 060279_Autoscale_col1_M from package 00058304.upk
Loading TextureCube lenscube from package 00002640.upk
Loading Texture2D 060279_Autoscale_col1_FX from package 00058304.upk
Loading Material3 Basic_FX_Add from package 00044949.upk
Loading package: 00044948.upk Ver: 573/1 Engine: 4205 Names: 33 Exports: 5 Imports: 2 Game: 801A
Loading Texture2D Cube000_Tex from package 00023713.upk
Loading Texture2D CubemapFace0 from package 00002640.upk
Loading Texture2D CubemapFace1 from package 00002640.upk
Loading Texture2D CubemapFace2 from package 00002640.upk
Loading Texture2D CubemapFace3 from package 00002640.upk
Loading Texture2D CubemapFace4 from package 00002640.upk
Loading Texture2D CubemapFace5 from package 00002640.upk
Loading Texture2D check_n from package 00002620.upk
Loading Texture2D Gradient_Wipe_BurnOut_Mask_TEST from package 00012963.upk
Loading Texture2D Gradient_Wipe_BurnOut_Mask from package 00012963.upk
Loading Texture2D 010324_Autoscale_col1_FX from package 00044948.upk
Loaded in 0.36 sec, 6548 allocs, 4.55 MBytes serialized in 695899 calls.

Object info:
============
ClassName: MaterialInstanceConstant ObjectName: 060279_Staff_EE_MI

    ScalarParameterValues[0] = {}
    TextureParameterValues[2] =
    {
        TextureParameterValues[0] = { ParameterName=FX_Mask, ParameterValue=Texture2D'060279_Autoscale_col1_S' }
        TextureParameterValues[1] = { ParameterName=D_Alpha, ParameterValue=Texture2D'060279_Autoscale_col1_D' }
    }
    VectorParameterValues[1] =
    {
        VectorParameterValues[0] =
        {
            ParameterName = Value
            ParameterValue = { R=2, G=2, B=0, A=1 }
        }
    }
    Parent = Material3'010372_Sword_EE'
    FlattenedTexture = None
    MobileBaseTexture = None
    MobileNormalTexture = None
    bUseMobileSpecular = false
    MobileSpecularPower = 16
    MobileSpecularMask = MSM_Constant (0)
    MobileMaskTexture = None

Object info:
============
ClassName: MaterialInstanceConstant ObjectName: 060279_Staff_Mesh

    ScalarParameterValues[1] =
    {
        ScalarParameterValues[0] = { ParameterName=Change, ParameterValue=1 }
    }
    TextureParameterValues[3] =
    {
        TextureParameterValues[0] = { ParameterName=FX_Mask, ParameterValue=Texture2D'060279_Autoscale_col1_D' }
        TextureParameterValues[1] = { ParameterName=sample2, ParameterValue=Texture2D'Smoke_Pattern_001' }
        TextureParameterValues[2] = { ParameterName=Sample1, ParameterValue=Texture2D'Unique_Stone_001' }
    }
    VectorParameterValues[8] =
    {
        VectorParameterValues[0] =
        {
            ParameterName = Tex_Mask_switch
            ParameterValue = { R=1, G=0, B=0, A=1 }
        }
        VectorParameterValues[1] =
        {
            ParameterName = Power
            ParameterValue = { R=5, G=1, B=0, A=1 }
        }
        VectorParameterValues[2] =
        {
            ParameterName = dissolve_line_color
            ParameterValue = { R=0.6, G=0.2, B=0, A=1 }
        }
        VectorParameterValues[3] =
        {
            ParameterName = Fx_Glow_power_L
            ParameterValue = { R=1, G=0, B=0, A=1 }
        }
        VectorParameterValues[4] =
        {
            ParameterName = Glow_Trangition_L
            ParameterValue = { R=6, G=0, B=0, A=1 }
        }
        VectorParameterValues[5] =
        {
            ParameterName = Fx_Glow_color_L
            ParameterValue = { R=6, G=2, B=0, A=1 }
        }
        VectorParameterValues[6] =
        {
            ParameterName = Color2
            ParameterValue = { R=1.16667, G=0.7, B=0.166667, A=1 }
        }
        VectorParameterValues[7] =
        {
            ParameterName = Color
            ParameterValue = { R=1.6, G=1.4, B=0.16, A=1 }
        }
    }
    Parent = Material3'W_Meshdeco08'
    FlattenedTexture = None
    MobileBaseTexture = None
    MobileNormalTexture = None
    bUseMobileSpecular = false
    MobileSpecularPower = 16
    MobileSpecularMask = MSM_Constant (0)
    MobileMaskTexture = None

Object info:
============
ClassName: SkeletalMesh3 ObjectName: 060279_Autoscale

    LODInfo[1] =
    {
        LODInfo[0] =
        {
            DisplayFactor = 0
            LODHysteresis = 0.02
            LODMaterialMap[0] = {}
            bEnableShadowCasting[1] = { true }
        }
    }
    Sockets[1] = { SkeletalMeshSocket'060279_Autoscale.SkeletalMeshSocket_725' }
    bHasVertexColors = false
    EnableTwistBoneFixers = true
    EnableClavicleFixer = true
    Materials[1] = { MaterialInstanceConstant'col1' }


    Lods[1] =
    {
        Lods[0] =
        {
            Sections[1] =
            {
                Sections[0] = { Material=MaterialInstanceConstant'col1', FirstIndex=0, NumFaces=3983 }
            }
            NumVerts = 2967
            IndexCount = 11949
            NumTexCoords = 1
        }
    }
    LodCount = 1
    MeshOrigin = { X=-0, Y=-0, Z=-0 }
    MeshScale = { X=1, Y=1, Z=1 }
    RotOrigin = { Yaw=0, Pitch=0, Roll=0 }
    BoneCount = 7

Object info:
============
ClassName: SkeletalMeshSocket ObjectName: SkeletalMeshSocket_725

    SocketName = FX_Add
    BoneName = WeaponRoot
    RelativeLocation = { X=0, Y=0, Z=0 }
    RelativeRotation = { Yaw=0, Pitch=0, Roll=0 }
    RelativeScale = { X=1, Y=1, Z=1 }

Object info:
============
ClassName: StaticMesh3 ObjectName: 060279_Mesh001

    BodySetup = None
    UseSimpleLineCollision = false
    UseSimpleBoxCollision = false
    UseSimpleRigidBodyCollision = false
    UseFullPrecisionUVs = false
    Bounds =
    {
        Origin = { X=-3.14105, Y=-4.81575, Z=8.45495 }
        BoxExtent = { X=7.15915, Y=9.79575, Z=34.991 }
        SphereRadius = 35.4753
    }
    CanCompressPositions = false
    CanStripNormalsAndTangents = false
    InternalVersion = 18


    Lods[1] =
    {
        Lods[0] =
        {
            Sections[1] =
            {
                Sections[0] = { Material=Material3'001_Mesh_Default_MatM', FirstIndex=0, NumFaces=2790 }
            }
            NumVerts = 4084
            IndexCount = 8370
            NumTexCoords = 1
        }
    }
    LodCount = 1

Object info:
============
ClassName: StaticMesh3 ObjectName: 060279_Mesh002

    BodySetup = None
    UseSimpleLineCollision = false
    UseSimpleBoxCollision = false
    UseSimpleRigidBodyCollision = false
    UseFullPrecisionUVs = false
    Bounds =
    {
        Origin = { X=0.15385, Y=-0.0342, Z=-0.188501 }
        BoxExtent = { X=1.26975, Y=2.7287, Z=24.2012 }
        SphereRadius = 24.2099
    }
    CanCompressPositions = false
    CanStripNormalsAndTangents = false
    InternalVersion = 18


    Lods[1] =
    {
        Lods[0] =
        {
            Sections[1] =
            {
                Sections[0] = { Material=Material3'001_Mesh_Default_MatM', FirstIndex=0, NumFaces=1048 }
            }
            NumVerts = 1524
            IndexCount = 3144
            NumTexCoords = 1
        }
    }
    LodCount = 1
