Found 32768 game files (1766 skipped)
Loading package: 00056398.upk Ver: 573/1 Engine: 4205 Names: 136 Exports: 48 Imports: 17 Game: 801A
Loading SkeletalMesh3 040347_LynM from package 00056398.upk
WARNING: FloatProperty "USkeletalMesh3::AutoScale" was not found
WARNING: FloatProperty "USkeletalMesh3::EffectScale" was not found
WARNING: FloatProperty "USkeletalMesh3::AddFootOffsetValue" was not found
WARNING: FloatProperty "USkeletalMesh3::AnimNameHeight" was not found
WARNING: FloatProperty "USkeletalMesh3::NormalNameHeight" was not found
WARNING: FloatProperty "USkeletalMesh3::LowNameHeight" was not found
WARNING: ArrayProperty "USkeletalMesh3::NameplateMeshScaleRatio" was not found
WARNING: StructProperty "USkeletalMesh3::NameplateHeightRatio" was not found
WARNING: ArrayProperty "USkeletalMesh3::MeshScaleRatio" was not found
WARNING: StructProperty "USkeletalMesh3::HeightRatio" was not found
WARNING: StructProperty "USkeletalMesh3::HandRatio" was not found
Loading package: 00004043.upk Ver: 573/1 Engine: 4205 Names: 52 Exports: 1 Imports: 16 Game: 801A
Loading package: 00056153.upk Ver: 573/1 Engine: 4205 Names: 149 Exports: 2 Imports: 29 Game: 801A
Loading SkeletalMeshSocket SkeletalMeshSocket_279 from package 00056398.upk
Loading SkeletalMeshSocket SkeletalMeshSocket_280 from package 00056398.upk
Loading SkeletalMeshSocket SkeletalMeshSocket_281 from package 00056398.upk
Loading SkeletalMeshSocket SkeletalMeshSocket_282 from package 00056398.upk
Loading SkeletalMeshSocket SkeletalMeshSocket_283 from package 00056398.upk
Loading SkeletalMeshSocket SkeletalMeshSocket_284 from package 00056398.upk
WARNING: BoolProperty "USkeletalMeshSocket::bParticleAttachPosOnly" was not found
Loading SkeletalMeshSocket SkeletalMeshSocket_285 from package 00056398.upk
WARNING: ObjectProperty "USkeletalMeshSocket::PreviewSkelMesh" was not found
Loading SkeletalMeshSocket SkeletalMeshSocket_286 from package 00056398.upk
Loading SkeletalMeshSocket SkeletalMeshSocket_287 from package 00056398.upk
Loading SkeletalMeshSocket SkeletalMeshSocket_288 from package 00056398.upk
Loading SkeletalMeshSocket SkeletalMeshSocket_289 from package 00056398.upk
Loading SkeletalMeshSocket SkeletalMeshSocket_290 from package 00056398.upk
Loading SkeletalMeshSocket SkeletalMeshSocket_291 from package 00056398.upk
Loading SkeletalMeshSocket SkeletalMeshSocket_292 from package 00056398.upk
Loading SkeletalMeshSocket SkeletalMeshSocket_293 from package 00056398.upk
Loading SkeletalMeshSocket SkeletalMeshSocket_294 from package 00056398.upk
Loading SkeletalMeshSocket SkeletalMeshSocket_295 from package 00056398.upk
Loading SkeletalMeshSocket SkeletalMeshSocket_296 from package 00056398.upk
Loading SkeletalMeshSocket SkeletalMeshSocket_297 from package 00056398.upk
Loading SkeletalMeshSocket SkeletalMeshSocket_298 from package 00056398.upk
Loading SkeletalMeshSocket SkeletalMeshSocket_299 from package 00056398.upk
Loading SkeletalMeshSocket SkeletalMeshSocket_300 from package 00056398.upk
Loading SkeletalMeshSocket SkeletalMeshSocket_301 from package 00056398.upk
Loading SkeletalMeshSocket SkeletalMeshSocket_302 from package 00056398.upk
Loading SkeletalMeshSocket SkeletalMeshSocket_303 from package 00056398.upk
Loading SkeletalMeshSocket SkeletalMeshSocket_304 from package 00056398.upk
Loading SkeletalMeshSocket SkeletalMeshSocket_305 from package 00056398.upk
WARNING: BoolProperty "USkeletalMeshSocket::UseCustomizeScaleZ" was not found
Loading SkeletalMeshSocket SkeletalMeshSocket_306 from package 00056398.upk
Loading SkeletalMeshSocket SkeletalMeshSocket_307 from package 00056398.upk
WARNING: ObjectProperty "USkeletalMeshSocket::PreviewSkelMesh" was not found
Loading SkeletalMeshSocket SkeletalMeshSocket_308 from package 00056398.upk
Loading SkeletalMeshSocket SkeletalMeshSocket_309 from package 00056398.upk
Loading MaterialInstanceConstant col1 from package 00004043.upk
Loading package: 00004041.upk Ver: 573/1 Engine: 4205 Names: 29 Exports: 2 Imports: 2 Game: 801A
Loading package: 00002620.upk Ver: 573/1 Engine: 4205 Names: 576 Exports: 7687 Imports: 96 Game: 801A
Loading MaterialInstanceConstant Col_Hair_Acc from package 00056153.upk
Loading package: 00056152.upk Ver: 573/1 Engine: 4205 Names: 26 Exports: 4 Imports: 2 Game: 801A
Loading package: 00002640.upk Ver: 573/1 Engine: 4205 Names: 291 Exports: 507 Imports: 3 Game: 801A
Loading package: 00025178.upk Ver: 573/1 Engine: 4205 Names: 76 Exports: 46 Imports: 2 Game: 801A
Loading Texture2D LynM_001_col1_D from package 00004041.upk
Loading Texture2D LynM_001_col1_n from package 00004041.upk
Loading Material3 Beard_Ac from package 00002620.upk
Loading package: 00012963.upk Ver: 573/1 Engine: 4205 Names: 1386 Exports: 1362 Imports: 10 Game: 801A
Loading package: 00008613.upk Ver: 573/1 Engine: 4205 Names: 95 Exports: 6 Imports: 12 Game: 801A
Loading Texture2D 040347_JinM_Col1_n from package 00056152.upk
Loading TextureCube lenscube from package 00002640.upk
Loading Texture2D check from package 00002620.upk
Loading Texture2D 040347_JinM_Col1_s from package 00056152.upk
Loading Texture2D 040347_JinM_Col1_M from package 00056152.upk
Loading Texture2D 040347_JinM_Col1_D from package 00056152.upk
Loading Texture2D Mask_ck from package 00025178.upk
Loading Material3 Custom_B from package 00002620.upk
Loading Texture2D check_n from package 00002620.upk
Loading Texture2D Noise_Glass_000 from package 00012963.upk
Loading Texture2D Smoke_Pattern_001 from package 00012963.upk
Loading Texture2D Gradient_Wipe_BurnOut_Mask_TEST from package 00012963.upk
Loading Texture2D Gradient_Wipe_BurnOut_Mask from package 00012963.upk
Loading Texture2D Gradient_Line_003 from package 00012963.upk
Loading Texture2D Nothing_A from package 00008613.upk
Loading Texture2D CubemapFace0 from package 00002640.upk
Loading Texture2D CubemapFace1 from package 00002640.upk
Loading Texture2D CubemapFace2 from package 00002640.upk
Loading Texture2D CubemapFace3 from package 00002640.upk
Loading Texture2D CubemapFace4 from package 00002640.upk
Loading Texture2D CubemapFace5 from package 00002640.upk
Loading Texture2D Mask_Default from package 00025178.upk
Loaded in 0.17 sec, 3575 allocs, 1.82 MBytes serialized in 225284 calls.

Object info:
============
ClassName: SkeletalMesh3 ObjectName: 040347_LynM

    LODInfo[1] =
    {
        LODInfo[0] =
        {
            DisplayFactor = 0
            LODHysteresis = 0.02
            LODMaterialMap[0] = {}
            bEnableShadowCasting[2] = { true, true }
        }
    }
    Sockets[31] =
    {
        Sockets[0] = SkeletalMeshSocket'040347_LynM.SkeletalMeshSocket_279'
        Sockets[1] = SkeletalMeshSocket'040347_LynM.SkeletalMeshSocket_280'
        Sockets[2] = SkeletalMeshSocket'040347_LynM.SkeletalMeshSocket_281'
        Sockets[3] = SkeletalMeshSocket'040347_LynM.SkeletalMeshSocket_282'
        Sockets[4] = SkeletalMeshSocket'040347_LynM.SkeletalMeshSocket_283'
        Sockets[5] = SkeletalMeshSocket'040347_LynM.SkeletalMeshSocket_284'
        Sockets[6] = SkeletalMeshSocket'040347_LynM.SkeletalMeshSocket_285'
        Sockets[7] = SkeletalMeshSocket'040347_LynM.SkeletalMeshSocket_286'
        Sockets[8] = SkeletalMeshSocket'040347_LynM.SkeletalMeshSocket_287'
        Sockets[9] = SkeletalMeshSocket'040347_LynM.SkeletalMeshSocket_288'
        Sockets[10] = SkeletalMeshSocket'040347_LynM.SkeletalMeshSocket_289'
        Sockets[11] = SkeletalMeshSocket'040347_LynM.SkeletalMeshSocket_290'
        Sockets[12] = SkeletalMeshSocket'040347_LynM.SkeletalMeshSocket_291'
        Sockets[13] = SkeletalMeshSocket'040347_LynM.SkeletalMeshSocket_292'
        Sockets[14] = SkeletalMeshSocket'040347_LynM.SkeletalMeshSocket_293'
        Sockets[15] = SkeletalMeshSocket'040347_LynM.SkeletalMeshSocket_294'
        Sockets[16] = SkeletalMeshSocket'040347_LynM.SkeletalMeshSocket_295'
        Sockets[17] = SkeletalMeshSocket'040347_LynM.SkeletalMeshSocket_296'
        Sockets[18] = SkeletalMeshSocket'040347_LynM.SkeletalMeshSocket_297'
        Sockets[19] = SkeletalMeshSocket'040347_LynM.SkeletalMeshSocket_298'
        Sockets[20] = SkeletalMeshSocket'040347_LynM.SkeletalMeshSocket_299'
        Sockets[21] = SkeletalMeshSocket'040347_LynM.SkeletalMeshSocket_300'
        Sockets[22] = SkeletalMeshSocket'040347_LynM.SkeletalMeshSocket_301'
        Sockets[23] = SkeletalMeshSocket'040347_LynM.SkeletalMeshSocket_302'
        Sockets[24] = SkeletalMeshSocket'040347_LynM.SkeletalMeshSocket_303'
        Sockets[25] = SkeletalMeshSocket'040347_LynM.SkeletalMeshSocket_304'
        Sockets[26] = SkeletalMeshSocket'040347_LynM.SkeletalMeshSocket_305'
        Sockets[27] = SkeletalMeshSocket'040347_LynM.SkeletalMeshSocket_306'
        Sockets[28] = SkeletalMeshSocket'040347_LynM.SkeletalMeshSocket_307'
        Sockets[29] = SkeletalMeshSocket'040347_LynM.SkeletalMeshSocket_308'
        Sockets[30] = SkeletalMeshSocket'040347_LynM.SkeletalMeshSocket_309'
    }
    bHasVertexColors = false
    EnableTwistBoneFixers = true
    EnableClavicleFixer = true
    Materials[2] = { MaterialInstanceConstant'col1', MaterialInstanceConstant'Col_Hair_Acc' }


    Lods[1] =
    {
        Lods[0] =
        {
            Sections[2] =
            {
                Sections[0] = { Material=MaterialInstanceConstant'col1', FirstIndex=0, NumFaces=621 }
                Sections[1] = { Material=MaterialInstanceConstant'Col_Hair_Acc', FirstIndex=1863, NumFaces=539 }
            }
            NumVerts = 1045
            IndexCount = 3480
            NumTexCoords = 1
        }
    }
    LodCount = 1
    MeshOrigin = { X=-0, Y=-0, Z=-0 }
    MeshScale = { X=1, Y=1, Z=1 }
    RotOrigin = { Yaw=0, Pitch=0, Roll=0 }
    BoneCount = 9

Object info:
============
ClassName: SkeletalMeshSocket ObjectName: SkeletalMeshSocket_279

    SocketName = target_high
    BoneName = Bip01Head
    RelativeLocation = { X=0, Y=0, Z=0 }
    RelativeRotation = { Yaw=0, Pitch=0, Roll=0 }
    RelativeScale = { X=1, Y=1, Z=1 }

Object info:
============
ClassName: SkeletalMeshSocket ObjectName: SkeletalMeshSocket_280

    SocketName = Catch_Neck
    BoneName = Bip01Neck
    RelativeLocation = { X=0, Y=0, Z=0 }
    RelativeRotation = { Yaw=0, Pitch=0, Roll=0 }
    RelativeScale = { X=1, Y=1, Z=1 }

Object info:
============
ClassName: SkeletalMeshSocket ObjectName: SkeletalMeshSocket_281

    SocketName = Socket_Caster
    BoneName = Root
    RelativeLocation = { X=0, Y=0, Z=0 }
    RelativeRotation = { Yaw=32768, Pitch=0, Roll=0 }
    RelativeScale = { X=1, Y=1, Z=1 }

Object info:
============
ClassName: SkeletalMeshSocket ObjectName: SkeletalMeshSocket_282

    SocketName = socket_force
    BoneName = Root
    RelativeLocation = { X=30, Y=24, Z=13 }
    RelativeRotation = { Yaw=0, Pitch=0, Roll=0 }
    RelativeScale = { X=1, Y=1, Z=1 }

Object info:
============
ClassName: SkeletalMeshSocket ObjectName: SkeletalMeshSocket_283

    SocketName = Mount_Socket
    BoneName = Root
    RelativeLocation = { X=9, Y=0, Z=-3.25 }
    RelativeRotation = { Yaw=32768, Pitch=0, Roll=0 }
    RelativeScale = { X=1, Y=1, Z=1 }

Object info:
============
ClassName: SkeletalMeshSocket ObjectName: SkeletalMeshSocket_284

    SocketName = ATTACH_EFFECT
    BoneName = Bip01
    RelativeLocation = { X=0, Y=0, Z=0 }
    RelativeRotation = { Yaw=0, Pitch=0, Roll=0 }
    RelativeScale = { X=1, Y=1, Z=1 }

Object info:
============
ClassName: SkeletalMeshSocket ObjectName: SkeletalMeshSocket_285

    SocketName = X_Root_Find_Test
    BoneName = Root
    RelativeLocation = { X=0, Y=0, Z=0 }
    RelativeRotation = { Yaw=0, Pitch=0, Roll=0 }
    RelativeScale = { X=1, Y=1, Z=1 }

Object info:
============
ClassName: SkeletalMeshSocket ObjectName: SkeletalMeshSocket_286

    SocketName = Mount_Choke_Socket
    BoneName = Root
    RelativeLocation = { X=1.5, Y=0, Z=0 }
    RelativeRotation = { Yaw=32768, Pitch=0, Roll=0 }
    RelativeScale = { X=1, Y=1, Z=1 }

Object info:
============
ClassName: SkeletalMeshSocket ObjectName: SkeletalMeshSocket_287

    SocketName = Decap_Socket
    BoneName = Bip01Neck
    RelativeLocation = { X=0, Y=0, Z=0 }
    RelativeRotation = { Yaw=0, Pitch=0, Roll=0 }
    RelativeScale = { X=1, Y=1, Z=1 }

Object info:
============
ClassName: SkeletalMeshSocket ObjectName: SkeletalMeshSocket_288

    SocketName = Socket_GiantCaster
    BoneName = Root
    RelativeLocation = { X=-5, Y=-5, Z=110 }
    RelativeRotation = { Yaw=24576, Pitch=4187, Roll=-910 }
    RelativeScale = { X=1, Y=1, Z=1 }

Object info:
============
ClassName: SkeletalMeshSocket ObjectName: SkeletalMeshSocket_289

    SocketName = Soul_a_1
    BoneName = Root
    RelativeLocation = { X=0, Y=0, Z=30 }
    RelativeRotation = { Yaw=0, Pitch=0, Roll=0 }
    RelativeScale = { X=1, Y=1, Z=1 }

Object info:
============
ClassName: SkeletalMeshSocket ObjectName: SkeletalMeshSocket_290

    SocketName = Soul_c_1
    BoneName = Root
    RelativeLocation = { X=3, Y=3, Z=22 }
    RelativeRotation = { Yaw=0, Pitch=0, Roll=0 }
    RelativeScale = { X=1, Y=1, Z=1 }

Object info:
============
ClassName: SkeletalMeshSocket ObjectName: SkeletalMeshSocket_291

    SocketName = Soul_c_2
    BoneName = Root
    RelativeLocation = { X=3, Y=-3, Z=25 }
    RelativeRotation = { Yaw=0, Pitch=0, Roll=0 }
    RelativeScale = { X=1, Y=1, Z=1 }

Object info:
============
ClassName: SkeletalMeshSocket ObjectName: SkeletalMeshSocket_292

    SocketName = Soul_c_3
    BoneName = Root
    RelativeLocation = { X=-3, Y=3, Z=25 }
    RelativeRotation = { Yaw=0, Pitch=0, Roll=0 }
    RelativeScale = { X=1, Y=1, Z=1 }

Object info:
============
ClassName: SkeletalMeshSocket ObjectName: SkeletalMeshSocket_293

    SocketName = Soul_c_4
    BoneName = Root
    RelativeLocation = { X=-3, Y=-3, Z=22 }
    RelativeRotation = { Yaw=0, Pitch=0, Roll=0 }
    RelativeScale = { X=1, Y=1, Z=1 }

Object info:
============
ClassName: SkeletalMeshSocket ObjectName: SkeletalMeshSocket_294

    SocketName = LC_Socket_1
    BoneName = Root
    RelativeLocation = { X=5, Y=30, Z=37 }
    RelativeRotation = { Yaw=0, Pitch=0, Roll=0 }
    RelativeScale = { X=1, Y=1, Z=1 }

Object info:
============
ClassName: SkeletalMeshSocket ObjectName: SkeletalMeshSocket_295

    SocketName = LC_Socket_2
    BoneName = Root
    RelativeLocation = { X=-10, Y=30, Z=25 }
    RelativeRotation = { Yaw=0, Pitch=0, Roll=0 }
    RelativeScale = { X=1, Y=1, Z=1 }

Object info:
============
ClassName: SkeletalMeshSocket ObjectName: SkeletalMeshSocket_296

    SocketName = LC_Socket_3
    BoneName = Root
    RelativeLocation = { X=-8, Y=-30, Z=37 }
    RelativeRotation = { Yaw=0, Pitch=0, Roll=0 }
    RelativeScale = { X=1, Y=1, Z=1 }

Object info:
============
ClassName: SkeletalMeshSocket ObjectName: SkeletalMeshSocket_297

    SocketName = LC_Socket_4
    BoneName = Root
    RelativeLocation = { X=7, Y=-30, Z=25 }
    RelativeRotation = { Yaw=0, Pitch=0, Roll=0 }
    RelativeScale = { X=1, Y=1, Z=1 }

Object info:
============
ClassName: SkeletalMeshSocket ObjectName: SkeletalMeshSocket_298

    SocketName = Wind_Bit_1
    BoneName = Root
    RelativeLocation = { X=13, Y=20, Z=40 }
    RelativeRotation = { Yaw=0, Pitch=0, Roll=0 }
    RelativeScale = { X=1, Y=1, Z=1 }

Object info:
============
ClassName: SkeletalMeshSocket ObjectName: SkeletalMeshSocket_299

    SocketName = Wind_Bit_2
    BoneName = Root
    RelativeLocation = { X=0, Y=35, Z=30 }
    RelativeRotation = { Yaw=0, Pitch=0, Roll=0 }
    RelativeScale = { X=1, Y=1, Z=1 }

Object info:
============
ClassName: SkeletalMeshSocket ObjectName: SkeletalMeshSocket_300

    SocketName = Wind_Bit_3
    BoneName = Root
    RelativeLocation = { X=-10, Y=25, Z=19 }
    RelativeRotation = { Yaw=0, Pitch=0, Roll=0 }
    RelativeScale = { X=1, Y=1, Z=1 }

Object info:
============
ClassName: SkeletalMeshSocket ObjectName: SkeletalMeshSocket_301

    SocketName = Lightning_Bit_1
    BoneName = Root
    RelativeLocation = { X=13, Y=-20, Z=30 }
    RelativeRotation = { Yaw=0, Pitch=0, Roll=0 }
    RelativeScale = { X=1, Y=1, Z=1 }

Object info:
============
ClassName: SkeletalMeshSocket ObjectName: SkeletalMeshSocket_302

    SocketName = Lightning_Bit_2
    BoneName = Root
    RelativeLocation = { X=0, Y=-35, Z=20 }
    RelativeRotation = { Yaw=0, Pitch=0, Roll=0 }
    RelativeScale = { X=1, Y=1, Z=1 }

Object info:
============
ClassName: SkeletalMeshSocket ObjectName: SkeletalMeshSocket_303

    SocketName = Lightning_Bit_3
    BoneName = Root
    RelativeLocation = { X=-10, Y=-25, Z=10 }
    RelativeRotation = { Yaw=0, Pitch=0, Roll=0 }
    RelativeScale = { X=1, Y=1, Z=1 }

Object info:
============
ClassName: SkeletalMeshSocket ObjectName: SkeletalMeshSocket_304

    SocketName = Pet_Socket_1
    BoneName = Root
    RelativeLocation = { X=0, Y=0, Z=0 }
    RelativeRotation = { Yaw=16384, Pitch=32768, Roll=-16384 }
    RelativeScale = { X=0.45, Y=0.45, Z=0.45 }

Object info:
============
ClassName: SkeletalMeshSocket ObjectName: SkeletalMeshSocket_305

    SocketName = Pet_Socket_2
    BoneName = Root
    RelativeLocation = { X=-2, Y=-30, Z=52 }
    RelativeRotation = { Yaw=0, Pitch=0, Roll=0 }
    RelativeScale = { X=1, Y=1, Z=1 }

Object info:
============
ClassName: SkeletalMeshSocket ObjectName: SkeletalMeshSocket_306

    SocketName = Wing
    BoneName = Bip01Spine2
    RelativeLocation = { X=3.5, Y=9.5, Z=0 }
    RelativeRotation = { Yaw=16384, Pitch=32768, Roll=-16384 }
    RelativeScale = { X=0.45, Y=0.45, Z=0.45 }

Object info:
============
ClassName: SkeletalMeshSocket ObjectName: SkeletalMeshSocket_307

    SocketName = circle
    BoneName = Bip01Spine1
    RelativeLocation = { X=5.53285, Y=5, Z=0 }
    RelativeRotation = { Yaw=16384, Pitch=32768, Roll=-16384 }
    RelativeScale = { X=0.55, Y=0.55, Z=0.55 }

Object info:
============
ClassName: SkeletalMeshSocket ObjectName: SkeletalMeshSocket_308

    SocketName = BackAcc
    BoneName = Bip01Spine1
    RelativeLocation = { X=3, Y=4, Z=0 }
    RelativeRotation = { Yaw=16384, Pitch=32768, Roll=-16384 }
    RelativeScale = { X=0.55, Y=0.55, Z=0.55 }

Object info:
============
ClassName: SkeletalMeshSocket ObjectName: SkeletalMeshSocket_309

    SocketName = BackAcc_01
    BoneName = Bip01Spine1
    RelativeLocation = { X=6.5, Y=4, Z=0 }
    RelativeRotation = { Yaw=16384, Pitch=32768, Roll=-16384 }
    RelativeScale = { X=0.7, Y=0.7, Z=0.7 }
