Found 32768 game files (1766 skipped)
Loading package: 00054977.upk Ver: 573/1 Engine: 4205 Names: 249 Exports: 547 Imports: 18 Game: 801A
Loading SkeletalMesh3 PekingOperaWarrior from package 00054977.upk
WARNING: ObjectProperty "USkeletalMesh3::PlaySoundSet" was not found
WARNING: FloatProperty "USkeletalMesh3::AnimNameHeight" was not found
WARNING: FloatProperty "USkeletalMesh3::NormalNameHeight" was not found
WARNING: FloatProperty "USkeletalMesh3::LowNameHeight" was not found
WARNING: FloatProperty "USkeletalMesh3::PhysicalHitScale" was not found
Loading package: 00054979.upk Ver: 573/1 Engine: 4205 Names: 196 Exports: 158 Imports: 60 Game: 801A
Loading SkeletalMeshSocket SkeletalMeshSocket_108 from package 00054977.upk
Loading SkeletalMeshSocket SkeletalMeshSocket_189 from package 00054977.upk
Loading SkeletalMeshSocket SkeletalMeshSocket_197 from package 00054977.upk
Loading SkeletalMeshSocket SkeletalMeshSocket_203 from package 00054977.upk
Loading SkeletalMeshSocket SkeletalMeshSocket_218 from package 00054977.upk
Loading SkeletalMeshSocket SkeletalMeshSocket_269 from package 00054977.upk
Loading SkeletalMeshSocket SkeletalMeshSocket_270 from package 00054977.upk
Loading SkeletalMeshSocket SkeletalMeshSocket_271 from package 00054977.upk
Loading SkeletalMeshSocket SkeletalMeshSocket_272 from package 00054977.upk
Loading SkeletalMeshSocket SkeletalMeshSocket_273 from package 00054977.upk
WARNING: BoolProperty "USkeletalMeshSocket::bParticleAttachPosOnly" was not found
Loading SkeletalMeshSocket SkeletalMeshSocket_276 from package 00054977.upk
Loading SkeletalMeshSocket SkeletalMeshSocket_277 from package 00054977.upk
Loading SkeletalMeshSocket SkeletalMeshSocket_52 from package 00054977.upk
Loading SkeletalMeshSocket SkeletalMeshSocket_53 from package 00054977.upk
Loading MaterialInstanceConstant col1 from package 00054979.upk
Loading package: 00054978.upk Ver: 573/1 Engine: 4205 Names: 31 Exports: 5 Imports: 2 Game: 801A
Loading package: 00002640.upk Ver: 573/1 Engine: 4205 Names: 291 Exports: 507 Imports: 3 Game: 801A
Loading package: 00002620.upk Ver: 573/1 Engine: 4205 Names: 576 Exports: 7687 Imports: 96 Game: 801A
Loading MaterialInstanceConstant col1_Acc1 from package 00054979.upk
Loading package: 00055090.upk Ver: 573/1 Engine: 4205 Names: 28 Exports: 4 Imports: 2 Game: 801A
Loading MaterialInstanceConstant col1_Acc2 from package 00054979.upk
Loading package: 00055135.upk Ver: 573/1 Engine: 4205 Names: 31 Exports: 5 Imports: 2 Game: 801A
Loading Texture2D PekingOperaWarrior_col1_N from package 00054978.upk
Loading Texture2D PekingOperaWarrior_col1_M from package 00054978.upk
Loading Texture2D PekingOperaWarrior_col1_D from package 00054978.upk
Loading Texture2D PekingOperaWarrior_col1_S from package 00054978.upk
Loading TextureCube lenscube from package 00002640.upk
Loading Texture2D PekingOperaWarrior_col1_E from package 00054978.upk
Loading Material3 Basic from package 00002620.upk
Loading package: 00012963.upk Ver: 573/1 Engine: 4205 Names: 1386 Exports: 1362 Imports: 10 Game: 801A
Loading Texture2D 990210_Autoscale_col1_N from package 00055090.upk
Loading Texture2D 990210_Autoscale_col1_M from package 00055090.upk
Loading Texture2D 990210_Autoscale_col1_D from package 00055090.upk
Loading Texture2D 990210_Autoscale_col1_S from package 00055090.upk
Loading Texture2D 990210_Autoscale_col1_fx from package 00054979.upk
Loading Material3 Basic_FX from package 00054979.upk
Loading Texture2D 990175_PekingOperaWarrior_col1_N from package 00055135.upk
Loading Texture2D 990175_PekingOperaWarrior_col1_M from package 00055135.upk
Loading Texture2D 990175_PekingOperaWarrior_col1_D from package 00055135.upk
Loading Texture2D 990175_PekingOperaWarrior_col1_S from package 00055135.upk
Loading TextureCube lenscube_c from package 00002640.upk
Loading Texture2D 990175_PekingOperaWarrior_col1_E from package 00055135.upk
Loading Texture2D CubemapFace0 from package 00002640.upk
Loading Texture2D CubemapFace1 from package 00002640.upk
Loading Texture2D CubemapFace2 from package 00002640.upk
Loading Texture2D CubemapFace3 from package 00002640.upk
Loading Texture2D CubemapFace4 from package 00002640.upk
Loading Texture2D CubemapFace5 from package 00002640.upk
Loading Texture2D check_n from package 00002620.upk
Loading Texture2D check from package 00002620.upk
Loading Texture2D Smoke_Pattern_001 from package 00012963.upk
Loading Texture2D Gradient_Line_003 from package 00012963.upk
Loading Texture2D Gradient_Wipe_BurnOut_Mask_TEST from package 00012963.upk
Loading Texture2D Gradient_Wipe_BurnOut_Mask from package 00012963.upk
Loading Texture2D CubemapFace0 from package 00002640.upk
Loading Texture2D CubemapFace1 from package 00002640.upk
Loading Texture2D CubemapFace2 from package 00002640.upk
Loading Texture2D CubemapFace3 from package 00002640.upk
Loading Texture2D CubemapFace4 from package 00002640.upk
Loading Texture2D CubemapFace5 from package 00002640.upk
Loaded in 0.61 sec, 3930 allocs, 14.71 MBytes serialized in 604108 calls.

Object info:
============
ClassName: SkeletalMesh3 ObjectName: PekingOperaWarrior

    LODInfo[1] =
    {
        LODInfo[0] =
        {
            DisplayFactor = 0
            LODHysteresis = 0.02
            LODMaterialMap[0] = {}
            bEnableShadowCasting[4] = { true, true, true, true }
        }
    }
    Sockets[14] =
    {
        Sockets[0] = SkeletalMeshSocket'PekingOperaWarrior.SkeletalMeshSocket_269'
        Sockets[1] = SkeletalMeshSocket'PekingOperaWarrior.SkeletalMeshSocket_270'
        Sockets[2] = SkeletalMeshSocket'PekingOperaWarrior.SkeletalMeshSocket_271'
        Sockets[3] = SkeletalMeshSocket'PekingOperaWarrior.SkeletalMeshSocket_272'
        Sockets[4] = SkeletalMeshSocket'PekingOperaWarrior.SkeletalMeshSocket_273'
        Sockets[5] = SkeletalMeshSocket'PekingOperaWarrior.SkeletalMeshSocket_276'
        Sockets[6] = SkeletalMeshSocket'PekingOperaWarrior.SkeletalMeshSocket_277'
        Sockets[7] = SkeletalMeshSocket'PekingOperaWarrior.SkeletalMeshSocket_189'
        Sockets[8] = SkeletalMeshSocket'PekingOperaWarrior.SkeletalMeshSocket_197'
        Sockets[9] = SkeletalMeshSocket'PekingOperaWarrior.SkeletalMeshSocket_203'
        Sockets[10] = SkeletalMeshSocket'PekingOperaWarrior.SkeletalMeshSocket_218'
        Sockets[11] = SkeletalMeshSocket'PekingOperaWarrior.SkeletalMeshSocket_52'
        Sockets[12] = SkeletalMeshSocket'PekingOperaWarrior.SkeletalMeshSocket_53'
        Sockets[13] = SkeletalMeshSocket'PekingOperaWarrior.SkeletalMeshSocket_108'
    }
    bHasVertexColors = false
    EnableTwistBoneFixers = true
    EnableClavicleFixer = true
    Materials[3] =
    {
        Materials[0] = MaterialInstanceConstant'col1'
        Materials[1] = MaterialInstanceConstant'col1_Acc1'
        Materials[2] = MaterialInstanceConstant'col1_Acc2'
    }


    Lods[1] =
    {
        Lods[0] =
        {
            Sections[4] =
            {
                Sections[0] = { Material=MaterialInstanceConstant'col1_Acc2', FirstIndex=0, NumFaces=2168 }
                Sections[1] = { Material=MaterialInstanceConstant'col1_Acc1', FirstIndex=6504, NumFaces=2258 }
                Sections[2] = { Material=MaterialInstanceConstant'col1', FirstIndex=13278, NumFaces=9020 }
                Sections[3] = { Material=MaterialInstanceConstant'col1', FirstIndex=40338, NumFaces=1457 }
            }
            NumVerts = 11608
            IndexCount = 44709
            NumTexCoords = 1
        }
    }
    LodCount = 1
    MeshOrigin = { X=-0, Y=-0, Z=-0 }
    MeshScale = { X=1, Y=1, Z=1 }
    RotOrigin = { Yaw=0, Pitch=0, Roll=0 }
    BoneCount = 139

Object info:
============
ClassName: SkeletalMeshSocket ObjectName: SkeletalMeshSocket_108

    SocketName = FX_Trail03
    BoneName = Bone_blade
    RelativeLocation = { X=103.129, Y=0, Z=0 }
    RelativeRotation = { Yaw=0, Pitch=0, Roll=0 }
    RelativeScale = { X=1, Y=1, Z=1 }

Object info:
============
ClassName: SkeletalMeshSocket ObjectName: SkeletalMeshSocket_189

    SocketName = WeaponR
    BoneName = WeaponR
    RelativeLocation = { X=0, Y=0, Z=0 }
    RelativeRotation = { Yaw=0, Pitch=0, Roll=0 }
    RelativeScale = { X=1, Y=1, Z=1 }

Object info:
============
ClassName: SkeletalMeshSocket ObjectName: SkeletalMeshSocket_197

    SocketName = Socket_Caster
    BoneName = Root
    RelativeLocation = { X=0, Y=0, Z=0 }
    RelativeRotation = { Yaw=32768, Pitch=0, Roll=0 }
    RelativeScale = { X=1, Y=1, Z=1 }

Object info:
============
ClassName: SkeletalMeshSocket ObjectName: SkeletalMeshSocket_203

    SocketName = Socket_Rosary
    BoneName = Bip01LForeArm
    RelativeLocation = { X=10, Y=0, Z=0 }
    RelativeRotation = { Yaw=0, Pitch=0, Roll=0 }
    RelativeScale = { X=1, Y=1, Z=1 }

Object info:
============
ClassName: SkeletalMeshSocket ObjectName: SkeletalMeshSocket_218

    SocketName = WeaponL
    BoneName = Bip01LHand
    RelativeLocation = { X=0, Y=0, Z=0 }
    RelativeRotation = { Yaw=0, Pitch=0, Roll=0 }
    RelativeScale = { X=1, Y=1, Z=1 }

Object info:
============
ClassName: SkeletalMeshSocket ObjectName: SkeletalMeshSocket_269

    SocketName = target_high
    BoneName = Bip01Head
    RelativeLocation = { X=0, Y=0, Z=0 }
    RelativeRotation = { Yaw=0, Pitch=0, Roll=0 }
    RelativeScale = { X=1, Y=1, Z=1 }

Object info:
============
ClassName: SkeletalMeshSocket ObjectName: SkeletalMeshSocket_270

    SocketName = Catch_Neck
    BoneName = Bip01Neck
    RelativeLocation = { X=0, Y=0, Z=0 }
    RelativeRotation = { Yaw=0, Pitch=0, Roll=0 }
    RelativeScale = { X=1, Y=1, Z=1 }

Object info:
============
ClassName: SkeletalMeshSocket ObjectName: SkeletalMeshSocket_271

    SocketName = socket_force
    BoneName = Root
    RelativeLocation = { X=40, Y=33, Z=7 }
    RelativeRotation = { Yaw=0, Pitch=0, Roll=0 }
    RelativeScale = { X=1, Y=1, Z=1 }

Object info:
============
ClassName: SkeletalMeshSocket ObjectName: SkeletalMeshSocket_272

    SocketName = Mount_Socket
    BoneName = Root
    RelativeLocation = { X=-28.7433, Y=3.51992e-015, Z=38.25 }
    RelativeRotation = { Yaw=32768, Pitch=0, Roll=0 }
    RelativeScale = { X=1, Y=1, Z=1 }

Object info:
============
ClassName: SkeletalMeshSocket ObjectName: SkeletalMeshSocket_273

    SocketName = ATTACH_EFFECT
    BoneName = Bip01
    RelativeLocation = { X=0, Y=0, Z=0 }
    RelativeRotation = { Yaw=0, Pitch=0, Roll=0 }
    RelativeScale = { X=1, Y=1, Z=1 }

Object info:
============
ClassName: SkeletalMeshSocket ObjectName: SkeletalMeshSocket_276

    SocketName = Decap_Socket
    BoneName = Bip01Neck
    RelativeLocation = { X=12.8468, Y=12.4673, Z=0 }
    RelativeRotation = { Yaw=0, Pitch=0, Roll=0 }
    RelativeScale = { X=1, Y=1, Z=1 }

Object info:
============
ClassName: SkeletalMeshSocket ObjectName: SkeletalMeshSocket_277

    SocketName = Catch_Back
    BoneName = Bip01Spine
    RelativeLocation = { X=9.44028, Y=27.037, Z=5.12727 }
    RelativeRotation = { Yaw=14269, Pitch=-14519, Roll=-14287 }
    RelativeScale = { X=1, Y=1, Z=1 }

Object info:
============
ClassName: SkeletalMeshSocket ObjectName: SkeletalMeshSocket_52

    SocketName = FX_Trail01
    BoneName = Bone_blade
    RelativeLocation = { X=140.766, Y=-27.7653, Z=0 }
    RelativeRotation = { Yaw=0, Pitch=0, Roll=0 }
    RelativeScale = { X=1, Y=1, Z=1 }

Object info:
============
ClassName: SkeletalMeshSocket ObjectName: SkeletalMeshSocket_53

    SocketName = FX_Trail02
    BoneName = Bone_blade
    RelativeLocation = { X=29.4656, Y=0, Z=0 }
    RelativeRotation = { Yaw=0, Pitch=0, Roll=0 }
    RelativeScale = { X=1, Y=1, Z=1 }
