Found 32768 game files (1222 skipped)
Loading package: 00051314.upk Ver: 573/1 Engine: 4205 Names: 165 Exports: 132 Imports: 11 Game: 801A
Loading SkeletalMesh3 990256_RuneMechaTombSoldier from package 00051314.upk
Loading package: 00051313.upk Ver: 573/1 Engine: 4205 Names: 179 Exports: 155 Imports: 47 Game: 801A
Loading SkeletalMesh3 990256_RuneMechaTombSoldier_Bullet from package 00051314.upk
Loading SkeletalMeshSocket SkeletalMeshSocket_106 from package 00051314.upk
Loading SkeletalMeshSocket SkeletalMeshSocket_107 from package 00051314.upk
Loading MaterialInstanceConstant col1 from package 00051313.upk
Loading package: 00051312.upk Ver: 573/1 Engine: 4205 Names: 33 Exports: 5 Imports: 2 Game: 801A
Loading package: 00002640.upk Ver: 573/1 Engine: 4205 Names: 291 Exports: 507 Imports: 3 Game: 801A
Loading Texture2D 990256_RuneMechaTombSoldier_col1_N from package 00051312.upk
Loading Texture2D 990256_RuneMechaTombSoldier_col1_M from package 00051312.upk
Loading Texture2D 990256_RuneMechaTombSoldier_col1_D from package 00051312.upk
Loading Texture2D 990256_RuneMechaTombSoldier_col1_S from package 00051312.upk
Loading TextureCube lenscube_a from package 00002640.upk
Loading Texture2D 990256_RuneMechaTombSoldier_col1_E from package 00051312.upk
Loading Texture2D 990256_RuneMechaTombSoldier_col1_FX from package 00051313.upk
Loading Material3 Basic_FX from package 00051313.upk
Loading package: 00002620.upk Ver: 573/1 Engine: 4205 Names: 576 Exports: 7687 Imports: 96 Game: 801A
Loading package: 00012963.upk Ver: 573/1 Engine: 4205 Names: 1349 Exports: 1323 Imports: 10 Game: 801A
Loading Texture2D CubemapFace0 from package 00002640.upk
Loading Texture2D CubemapFace1 from package 00002640.upk
Loading Texture2D CubemapFace2 from package 00002640.upk
Loading Texture2D CubemapFace3 from package 00002640.upk
Loading Texture2D CubemapFace4 from package 00002640.upk
Loading Texture2D CubemapFace5 from package 00002640.upk
Loading Texture2D check_n from package 00002620.upk
Loading Texture2D check from package 00002620.upk
Loading Texture2D Smoke_Pattern_001 from package 00012963.upk
Loading Texture2D Gradient_Line_003 from package 00012963.upk
Loading Texture2D Gradient_Wipe_BurnOut_Mask_TEST from package 00012963.upk
Loading Texture2D Gradient_Wipe_BurnOut_Mask from package 00012963.upk
Loaded in 0.2 sec, 3217 allocs, 3.37 MBytes serialized in 413402 calls.

Object info:
============
ClassName: SkeletalMesh3 ObjectName: 990256_RuneMechaTombSoldier

    LODInfo[1] =
    {
        LODInfo[0] =
        {
            DisplayFactor = 0
            LODHysteresis = 0.02
            LODMaterialMap[0] = {}
            bEnableShadowCasting[1] = { true }
        }
    }
    Sockets[2] =
    {
        Sockets[0] = SkeletalMeshSocket'990256_RuneMechaTombSoldier.SkeletalMeshSocket_106'
        Sockets[1] = SkeletalMeshSocket'990256_RuneMechaTombSoldier.SkeletalMeshSocket_107'
    }
    bHasVertexColors = false
    EnableTwistBoneFixers = true
    EnableClavicleFixer = true
    Materials[1] = { MaterialInstanceConstant'col1' }


    Lods[1] =
    {
        Lods[0] =
        {
            Sections[1] =
            {
                Sections[0] = { Material=MaterialInstanceConstant'col1', FirstIndex=0, NumFaces=6658 }
            }
            NumVerts = 6836
            IndexCount = 19974
            NumTexCoords = 1
        }
    }
    LodCount = 1
    MeshOrigin = { X=-0, Y=-0, Z=-0 }
    MeshScale = { X=1, Y=1, Z=1 }
    RotOrigin = { Yaw=0, Pitch=0, Roll=0 }
    BoneCount = 83

Object info:
============
ClassName: SkeletalMesh3 ObjectName: 990256_RuneMechaTombSoldier_Bullet

    LODInfo[1] =
    {
        LODInfo[0] =
        {
            DisplayFactor = 0
            LODHysteresis = 0.02
            LODMaterialMap[0] = {}
            bEnableShadowCasting[1] = { true }
        }
    }
    Sockets[0] = {}
    bHasVertexColors = false
    EnableTwistBoneFixers = true
    EnableClavicleFixer = true
    Materials[1] = { MaterialInstanceConstant'col1' }


    Lods[1] =
    {
        Lods[0] =
        {
            Sections[1] =
            {
                Sections[0] = { Material=MaterialInstanceConstant'col1', FirstIndex=0, NumFaces=376 }
            }
            NumVerts = 356
            IndexCount = 1128
            NumTexCoords = 1
        }
    }
    LodCount = 1
    MeshOrigin = { X=-0, Y=-0, Z=-0 }
    MeshScale = { X=1, Y=1, Z=1 }
    RotOrigin = { Yaw=0, Pitch=0, Roll=0 }
    BoneCount = 2

Object info:
============
ClassName: SkeletalMeshSocket ObjectName: SkeletalMeshSocket_106

    SocketName = fx_r_shot
    BoneName = Bone_Gun_Top_R_Cover_00
    RelativeLocation = { X=2.99646, Y=8.00088, Z=0 }
    RelativeRotation = { Yaw=-2804, Pitch=0, Roll=0 }
    RelativeScale = { X=1, Y=1, Z=1 }

Object info:
============
ClassName: SkeletalMeshSocket ObjectName: SkeletalMeshSocket_107

    SocketName = fx_l_shot
    BoneName = Bone_Gun_Top_L_Cover_00
    RelativeLocation = { X=2.99646, Y=-8.00088, Z=0 }
    RelativeRotation = { Yaw=2803, Pitch=0, Roll=0 }
    RelativeScale = { X=1, Y=1, Z=1 }
