Found 32768 game files (1222 skipped)
Loading package: 00052823.upk Ver: 573/1 Engine: 4205 Names: 234 Exports: 131 Imports: 24 Game: 801A
Loading SkeletalMesh3 65013_JinF from package 00052823.upk
WARNING: FloatProperty "USkeletalMesh3::AutoScale" was not found
WARNING: FloatProperty "USkeletalMesh3::EffectScale" was not found
WARNING: ObjectProperty "USkeletalMesh3::MeshFactorSet" was not found
WARNING: ObjectProperty "USkeletalMesh3::PhysMaterialOverride" was not found
WARNING: ObjectProperty "USkeletalMesh3::PlaySoundSet" was not found
WARNING: FloatProperty "USkeletalMesh3::AddFootOffsetValue" was not found
WARNING: FloatProperty "USkeletalMesh3::AnimNameHeight" was not found
WARNING: FloatProperty "USkeletalMesh3::NormalNameHeight" was not found
WARNING: ArrayProperty "USkeletalMesh3::NameplateMeshScaleRatio" was not found
WARNING: StructProperty "USkeletalMesh3::NameplateHeightRatio" was not found
WARNING: ArrayProperty "USkeletalMesh3::MeshScaleRatio" was not found
WARNING: StructProperty "USkeletalMesh3::HeightRatio" was not found
WARNING: StructProperty "USkeletalMesh3::HandRatio" was not found
WARNING: ByteProperty "USkeletalMesh3::CommonPhysicsUseFlag" was not found
Loading package: 00052825.upk Ver: 573/1 Engine: 4205 Names: 93 Exports: 1 Imports: 21 Game: 801A
Loading package: 00008334.upk Ver: 573/1 Engine: 4205 Names: 454 Exports: 329 Imports: 103 Game: 801A
Loading SkeletalMeshSocket SkeletalMeshSocket_315 from package 00052823.upk
WARNING: ObjectProperty "USkeletalMeshSocket::DependencyParticleSystem" was not found
Loading SkeletalMeshSocket SkeletalMeshSocket_359 from package 00052823.upk
WARNING: ObjectProperty "USkeletalMeshSocket::DependencyParticleSystem" was not found
Loading MaterialInstanceConstant col1 from package 00052825.upk
Loading package: 00052824.upk Ver: 573/1 Engine: 4205 Names: 29 Exports: 5 Imports: 2 Game: 801A
Loading package: 00002640.upk Ver: 573/1 Engine: 4205 Names: 291 Exports: 507 Imports: 3 Game: 801A
Loading package: 00002620.upk Ver: 573/1 Engine: 4205 Names: 576 Exports: 7687 Imports: 96 Game: 801A
Loading MaterialInstanceConstant JinSuYoun_mat2_INST from package 00008334.upk
Loading Texture2D 65013_JinF_col1_N from package 00052824.upk
Loading Texture2D 65013_JinF_col1_M from package 00052824.upk
Loading Texture2D 65013_JinF_col1_D from package 00052824.upk
Loading Texture2D 65013_JinF_col1_S from package 00052824.upk
Loading TextureCube cube_orb from package 00002640.upk
Loading Texture2D 65013_JinF_col1_E from package 00052824.upk
Loading Material3 Body from package 00002620.upk
Loading package: 00012963.upk Ver: 573/1 Engine: 4205 Names: 1349 Exports: 1323 Imports: 10 Game: 801A
Loading Material3 JinSuYoun_mat2 from package 00008334.upk
Loading Texture2D CubemapFace0 from package 00002640.upk
Loading Texture2D CubemapFace1 from package 00002640.upk
Loading Texture2D CubemapFace2 from package 00002640.upk
Loading Texture2D CubemapFace3 from package 00002640.upk
Loading Texture2D CubemapFace4 from package 00002640.upk
Loading Texture2D CubemapFace5 from package 00002640.upk
Loading Texture2D check_n from package 00002620.upk
Loading Texture2D Noise_Glass_000 from package 00012963.upk
Loading Texture2D Smoke_Pattern_001 from package 00012963.upk
Loading Texture2D Gradient_Wipe_BurnOut_Mask_TEST from package 00012963.upk
Loading Texture2D Gradient_Wipe_BurnOut_Mask from package 00012963.upk
Loading Texture2D check from package 00002620.upk
Loading Texture2D Gradient_Line_003 from package 00012963.upk
Loading Texture2D JinSuYoun_Alpha_Tex from package 00008334.upk
Loading Texture2D Smoke_Cloud_006 from package 00012963.upk
Loading Texture2D Smoke_Cloud_005 from package 00012963.upk
Loading Texture2D Aura_Tail_002 from package 00012963.upk
Loading Texture2D JinSuYoun_Alpha_Tex3 from package 00008334.upk
Loaded in 0.26 sec, 3793 allocs, 5.20 MBytes serialized in 706424 calls.

Object info:
============
ClassName: SkeletalMesh3 ObjectName: 65013_JinF

    LODInfo[2] =
    {
        LODInfo[0] =
        {
            DisplayFactor = 0
            LODHysteresis = 0.02
            LODMaterialMap[0] = {}
            bEnableShadowCasting[2] = { true, true }
        }
        LODInfo[1] =
        {
            DisplayFactor = 0.25
            LODHysteresis = 0.02
            LODMaterialMap[2] = { 0, 1 }
            bEnableShadowCasting[2] = { true, true }
        }
    }
    Sockets[2] =
    {
        Sockets[0] = SkeletalMeshSocket'65013_JinF.SkeletalMeshSocket_315'
        Sockets[1] = SkeletalMeshSocket'65013_JinF.SkeletalMeshSocket_359'
    }
    bHasVertexColors = false
    EnableTwistBoneFixers = true
    EnableClavicleFixer = true
    Materials[2] = { MaterialInstanceConstant'col1', MaterialInstanceConstant'JinSuYoun_mat2_INST' }


    Lods[2] =
    {
        Lods[0] =
        {
            Sections[2] =
            {
                Sections[0] = { Material=MaterialInstanceConstant'col1', FirstIndex=0, NumFaces=11251 }
                Sections[1] =
                {
                    Material = MaterialInstanceConstant'JinSuYoun_mat2_INST'
                    FirstIndex = 33753
                    NumFaces = 104
                }
            }
            NumVerts = 9751
            IndexCount = 34065
            NumTexCoords = 1
        }
        Lods[1] =
        {
            Sections[2] =
            {
                Sections[0] = { Material=MaterialInstanceConstant'col1', FirstIndex=0, NumFaces=3449 }
                Sections[1] =
                {
                    Material = MaterialInstanceConstant'JinSuYoun_mat2_INST'
                    FirstIndex = 10347
                    NumFaces = 42
                }
            }
            NumVerts = 3714
            IndexCount = 10473
            NumTexCoords = 1
        }
    }
    LodCount = 2
    MeshOrigin = { X=-0, Y=-0, Z=-0 }
    MeshScale = { X=1, Y=1, Z=1 }
    RotOrigin = { Yaw=0, Pitch=0, Roll=0 }
    BoneCount = 95

Object info:
============
ClassName: SkeletalMeshSocket ObjectName: SkeletalMeshSocket_315

    SocketName = Particle01
    BoneName = Bone_LCalf_Scale
    RelativeLocation = { X=3.96487, Y=1.35339, Z=0 }
    RelativeRotation = { Yaw=-12338, Pitch=0, Roll=-16384 }
    RelativeScale = { X=1, Y=1, Z=1 }

Object info:
============
ClassName: SkeletalMeshSocket ObjectName: SkeletalMeshSocket_359

    SocketName = Particle02
    BoneName = Bone_RCalf_Scale
    RelativeLocation = { X=3.4294, Y=0.701113, Z=0 }
    RelativeRotation = { Yaw=-8435, Pitch=0, Roll=-16384 }
    RelativeScale = { X=1, Y=1, Z=1 }
