Found 32768 game files (1766 skipped)
Loading package: 00059321.upk Ver: 573/1 Engine: 4205 Names: 67 Exports: 5 Imports: 11 Game: 801A
Loading SkeletalMesh3 040363_JinF from package 00059321.upk
Loading package: 00059323.upk Ver: 573/1 Engine: 4205 Names: 114 Exports: 3 Imports: 30 Game: 801A
Loading MaterialInstanceConstant col1 from package 00059323.upk
Loading package: 00015199.upk Ver: 573/1 Engine: 4205 Names: 32 Exports: 4 Imports: 2 Game: 801A
Loading package: 00002640.upk Ver: 573/1 Engine: 4205 Names: 291 Exports: 507 Imports: 3 Game: 801A
Loading package: 00002620.upk Ver: 573/1 Engine: 4205 Names: 576 Exports: 7687 Imports: 96 Game: 801A
Loading MaterialInstanceConstant Col_Hair_Acc from package 00059323.upk
Loading package: 00059201.upk Ver: 573/1 Engine: 4205 Names: 33 Exports: 5 Imports: 2 Game: 801A
Loading Texture2D 040049_JinF_D_Col1 from package 00015199.upk
Loading Texture2D 040049_JinF_s_Col1 from package 00015199.upk
Loading Texture2D 040049_JinF_N_Col1 from package 00015199.upk
Loading Texture2D 040049_JinF_m_Col1 from package 00015199.upk
Loading TextureCube Cube_D from package 00002640.upk
Loading Texture2D check from package 00002620.upk
Loading Material3 Hair_Ac from package 00002620.upk
Loading package: 00012963.upk Ver: 573/1 Engine: 4205 Names: 1386 Exports: 1362 Imports: 10 Game: 801A
Loading Texture2D 040363_JinM_col1_N from package 00059201.upk
Loading Texture2D 040363_JinM_col1_M from package 00059201.upk
Loading Texture2D 040363_JinM_col1_D from package 00059201.upk
Loading Texture2D 040363_JinM_col1_S from package 00059201.upk
Loading TextureCube lenscube from package 00002640.upk
Loading Texture2D 040363_JinM_col1_E from package 00059201.upk
Loading Material3 Basic from package 00002620.upk
Loading Texture2D CubemapFace0 from package 00002640.upk
Loading Texture2D CubemapFace1 from package 00002640.upk
Loading Texture2D CubemapFace2 from package 00002640.upk
Loading Texture2D CubemapFace3 from package 00002640.upk
Loading Texture2D CubemapFace4 from package 00002640.upk
Loading Texture2D CubemapFace5 from package 00002640.upk
Loading Texture2D check_n from package 00002620.upk
Loading Texture2D Noise_Glass_000 from package 00012963.upk
Loading Texture2D Smoke_Pattern_000 from package 00012963.upk
Loading Texture2D Smoke_Pattern_001 from package 00012963.upk
Loading Texture2D Gradient_Wipe_BurnOut_Mask_TEST from package 00012963.upk
Loading Texture2D Gradient_Wipe_BurnOut_Mask from package 00012963.upk
Loading Texture2D Gradient_Line_003 from package 00012963.upk
Loading Texture2D CubemapFace0 from package 00002640.upk
Loading Texture2D CubemapFace1 from package 00002640.upk
Loading Texture2D CubemapFace2 from package 00002640.upk
Loading Texture2D CubemapFace3 from package 00002640.upk
Loading Texture2D CubemapFace4 from package 00002640.upk
Loading Texture2D CubemapFace5 from package 00002640.upk
Loaded in 0.33 sec, 3384 allocs, 1.97 MBytes serialized in 244782 calls.

Object info:
============
ClassName: SkeletalMesh3 ObjectName: 040363_JinF

    LODInfo[1] =
    {
        LODInfo[0] =
        {
            DisplayFactor = 0
            LODHysteresis = 0.02
            LODMaterialMap[0] = {}
            bEnableShadowCasting[2] = { true, true }
        }
    }
    Sockets[0] = {}
    bHasVertexColors = false
    EnableTwistBoneFixers = true
    EnableClavicleFixer = true
    Materials[2] = { MaterialInstanceConstant'col1', MaterialInstanceConstant'Col_Hair_Acc' }


    Lods[1] =
    {
        Lods[0] =
        {
            Sections[2] =
            {
                Sections[0] = { Material=MaterialInstanceConstant'Col_Hair_Acc', FirstIndex=0, NumFaces=1272 }
                Sections[1] = { Material=MaterialInstanceConstant'col1', FirstIndex=3816, NumFaces=767 }
            }
            NumVerts = 1757
            IndexCount = 6117
            NumTexCoords = 1
        }
    }
    LodCount = 1
    MeshOrigin = { X=-0, Y=-0, Z=-0 }
    MeshScale = { X=1, Y=1, Z=1 }
    RotOrigin = { Yaw=0, Pitch=0, Roll=0 }
    BoneCount = 9
