Found 32768 game files (1222 skipped)
Loading package: 00057468.upk Ver: 573/1 Engine: 4205 Names: 118 Exports: 1 Imports: 20 Game: 801A
Loading MaterialInstanceConstant col1 from package 00057468.upk
Loading package: 00057467.upk Ver: 573/1 Engine: 4205 Names: 31 Exports: 5 Imports: 2 Game: 801A
Loading package: 00057463.upk Ver: 573/1 Engine: 4205 Names: 33 Exports: 5 Imports: 2 Game: 801A
Loading package: 00002640.upk Ver: 573/1 Engine: 4205 Names: 291 Exports: 507 Imports: 3 Game: 801A
Loading package: 00002620.upk Ver: 573/1 Engine: 4205 Names: 576 Exports: 7687 Imports: 96 Game: 801A
Loading package: 00048300.upk Ver: 573/1 Engine: 4205 Names: 813 Exports: 8063 Imports: 209 Game: 801A
Loading Texture2D Girl_Evolve_col1_N from package 00057467.upk
Loading Texture2D Girl_col1_M from package 00057463.upk
Loading Texture2D Girl_Evolve_col1_D from package 00057467.upk
Loading Texture2D Girl_Evolve_col1_S from package 00057467.upk
Loading TextureCube lenscube from package 00002640.upk
Loading Texture2D Girl_Evolve_col1_E2 from package 00057467.upk
Loading Texture2D check from package 00002620.upk
Loading Material3 body_FX from package 00048300.upk
Loading package: 00012963.upk Ver: 573/1 Engine: 4205 Names: 1349 Exports: 1323 Imports: 10 Game: 801A
Loading Texture2D CubemapFace0 from package 00002640.upk
Loading Texture2D CubemapFace1 from package 00002640.upk
Loading Texture2D CubemapFace2 from package 00002640.upk
Loading Texture2D CubemapFace3 from package 00002640.upk
Loading Texture2D CubemapFace4 from package 00002640.upk
Loading Texture2D CubemapFace5 from package 00002640.upk
Loading Texture2D check_n from package 00002620.upk
Loading Texture2D FX_Glow_Trangition from package 00012963.upk
Loading Texture2D Smoke_Pattern_001 from package 00012963.upk
Loaded in 0.15 sec, 3693 allocs, 2.79 MBytes serialized in 333215 calls.

Object info:
============
ClassName: MaterialInstanceConstant ObjectName: col1

    ScalarParameterValues[13] =
    {
        ScalarParameterValues[0] = { ParameterName=Transmission_value, ParameterValue=0 }
        ScalarParameterValues[1] = { ParameterName=Skin_glossiness, ParameterValue=3.5 }
        ScalarParameterValues[2] = { ParameterName=Wear_glossiness1, ParameterValue=5 }
        ScalarParameterValues[3] = { ParameterName=Wear_glossiness2, ParameterValue=50 }
        ScalarParameterValues[4] = { ParameterName=Skin_Spec_value, ParameterValue=1 }
        ScalarParameterValues[5] = { ParameterName=HighLight_Value, ParameterValue=5 }
        ScalarParameterValues[6] = { ParameterName=HighLight_glossiness, ParameterValue=200 }
        ScalarParameterValues[7] = { ParameterName=Emissive_value, ParameterValue=2 }
        ScalarParameterValues[8] = { ParameterName=Emissive_value2, ParameterValue=1 }
        ScalarParameterValues[9] = { ParameterName=Fresnel Value, ParameterValue=1 }
        ScalarParameterValues[10] = { ParameterName=Fresnel exponent, ParameterValue=30 }
        ScalarParameterValues[11] = { ParameterName=Specular_value, ParameterValue=2.5 }
        ScalarParameterValues[12] = { ParameterName=Skin_Spec_value_X, ParameterValue=1 }
    }
    TextureParameterValues[8] =
    {
        TextureParameterValues[0] = { ParameterName=Body_normal, ParameterValue=Texture2D'Girl_Evolve_col1_N' }
        TextureParameterValues[1] = { ParameterName=Body_mask_RGB, ParameterValue=Texture2D'Girl_col1_M' }
        TextureParameterValues[2] = { ParameterName=Body_diffuse, ParameterValue=Texture2D'Girl_Evolve_col1_D' }
        TextureParameterValues[3] = { ParameterName=Body_specular, ParameterValue=Texture2D'Girl_Evolve_col1_S' }
        TextureParameterValues[4] = { ParameterName=rf_cube, ParameterValue=TextureCube'lenscube' }
        TextureParameterValues[5] = { ParameterName=Emissive, ParameterValue=Texture2D'Girl_Evolve_col1_E2' }
        TextureParameterValues[6] = { ParameterName=Noise, ParameterValue=Texture2D'check' }
        TextureParameterValues[7] = { ParameterName=FX_ADD_Cloth, ParameterValue=Texture2D'check' }
    }
    VectorParameterValues[32] =
    {
        VectorParameterValues[0] =
        {
            ParameterName = Mesh_trangition
            ParameterValue = { R=0, G=0, B=0, A=1 }
        }
        VectorParameterValues[1] =
        {
            ParameterName = Skin_Specular
            ParameterValue = { R=1, G=1, B=1, A=1 }
        }
        VectorParameterValues[2] =
        {
            ParameterName = Reflection_value
            ParameterValue = { R=0.409826, G=0.47044, B=0.505432, A=1 }
        }
        VectorParameterValues[3] =
        {
            ParameterName = HighLight_Color
            ParameterValue = { R=0.940601, G=0.263175, B=0.275833, A=1 }
        }
        VectorParameterValues[4] =
        {
            ParameterName = Fresnel_color
            ParameterValue = { R=0, G=0, B=0, A=1 }
        }
        VectorParameterValues[5] =
        {
            ParameterName = Fresnel_Power
            ParameterValue = { R=0, G=0, B=0, A=1 }
        }
        VectorParameterValues[6] =
        {
            ParameterName = skin_color
            ParameterValue = { R=1, G=1, B=1, A=1 }
        }
        VectorParameterValues[7] =
        {
            ParameterName = Burn_Color
            ParameterValue = { R=0, G=0, B=0, A=1 }
        }
        VectorParameterValues[8] =
        {
            ParameterName = AC_color
            ParameterValue = { R=1, G=1, B=1, A=1 }
        }
        VectorParameterValues[9] =
        {
            ParameterName = AC_specular
            ParameterValue = { R=1, G=1, B=1, A=1 }
        }
        VectorParameterValues[10] =
        {
            ParameterName = FX_Add_Cloth_ColorR
            ParameterValue = { R=0, G=0, B=0, A=1 }
        }
        VectorParameterValues[11] =
        {
            ParameterName = FX_Add_Cloth_UVR1
            ParameterValue = { R=0, G=0, B=0, A=1 }
        }
        VectorParameterValues[12] =
        {
            ParameterName = FX_Add_Cloth_R_Noise1
            ParameterValue = { R=0, G=0, B=0, A=1 }
        }
        VectorParameterValues[13] =
        {
            ParameterName = FX_Add_Cloth_UVR2
            ParameterValue = { R=0, G=0, B=0, A=1 }
        }
        VectorParameterValues[14] =
        {
            ParameterName = FX_Add_Cloth_R_Noise2
            ParameterValue = { R=0, G=0, B=0, A=1 }
        }
        VectorParameterValues[15] =
        {
            ParameterName = FX_Multi_Cloth
            ParameterValue = { R=0, G=0, B=0, A=1 }
        }
        VectorParameterValues[16] =
        {
            ParameterName = FX_Add_Cloth_UVG1
            ParameterValue = { R=0, G=0, B=0, A=1 }
        }
        VectorParameterValues[17] =
        {
            ParameterName = FX_Add_Cloth_ColorG
            ParameterValue = { R=0, G=0, B=0, A=1 }
        }
        VectorParameterValues[18] =
        {
            ParameterName = FX_Add_Cloth_UVG2
            ParameterValue = { R=0, G=0, B=0, A=1 }
        }
        VectorParameterValues[19] =
        {
            ParameterName = FX_Add_Cloth_G_Noise1
            ParameterValue = { R=0, G=0, B=0, A=1 }
        }
        VectorParameterValues[20] =
        {
            ParameterName = FX_Add_Cloth_G_Noise2
            ParameterValue = { R=0, G=0, B=0, A=1 }
        }
        VectorParameterValues[21] =
        {
            ParameterName = FX_Add_Cloth_UVB1
            ParameterValue = { R=0, G=0, B=0, A=1 }
        }
        VectorParameterValues[22] =
        {
            ParameterName = FX_Add_Cloth_ColorB
            ParameterValue = { R=0, G=0, B=0, A=1 }
        }
        VectorParameterValues[23] =
        {
            ParameterName = FX_Add_Cloth_UVB2
            ParameterValue = { R=0, G=0, B=0, A=1 }
        }
        VectorParameterValues[24] =
        {
            ParameterName = FX_Add_Cloth_B_Noise1
            ParameterValue = { R=0, G=0, B=0, A=1 }
        }
        VectorParameterValues[25] =
        {
            ParameterName = FX_Add_Cloth_B_Noise2
            ParameterValue = { R=0, G=0, B=0, A=1 }
        }
        VectorParameterValues[26] =
        {
            ParameterName = FX_PointGlow_Cloth_RGB
            ParameterValue = { R=0, G=0, B=0, A=1 }
        }
        VectorParameterValues[27] =
        {
            ParameterName = FX_Add_Cloth_PointGlowUV
            ParameterValue = { R=0, G=0, B=0, A=1 }
        }
        VectorParameterValues[28] =
        {
            ParameterName = FX_PointGlow_Cloth_RGB_Noise1
            ParameterValue = { R=0, G=0, B=0, A=1 }
        }
        VectorParameterValues[29] =
        {
            ParameterName = FX_PointGlow_Cloth_Color
            ParameterValue = { R=0, G=0, B=0, A=1 }
        }
        VectorParameterValues[30] =
        {
            ParameterName = FX_PointGlow_Cloth_RGB_Noise2
            ParameterValue = { R=0, G=0, B=0, A=1 }
        }
        VectorParameterValues[31] =
        {
            ParameterName = Subtract
            ParameterValue = { R=-1, G=-1, B=-1, A=1 }
        }
    }
    Parent = Material3'body_FX'
    FlattenedTexture = None
    MobileBaseTexture = None
    MobileNormalTexture = None
    bUseMobileSpecular = false
    MobileSpecularPower = 16
    MobileSpecularMask = MSM_Constant (0)
    MobileMaskTexture = None
