Found 32768 game files (1766 skipped)
Loading package: 00056307.upk Ver: 573/1 Engine: 4205 Names: 100 Exports: 13 Imports: 14 Game: 801A
Loading SkeletalMesh3 040350_LynM from package 00056307.upk
Loading package: 00056719.upk Ver: 573/1 Engine: 4205 Names: 112 Exports: 3 Imports: 27 Game: 801A
Loading MaterialInstanceConstant col1 from package 00056719.upk
Loading package: 00008774.upk Ver: 573/1 Engine: 4205 Names: 29 Exports: 2 Imports: 2 Game: 801A
Loading package: 00002620.upk Ver: 573/1 Engine: 4205 Names: 576 Exports: 7687 Imports: 96 Game: 801A
Loading MaterialInstanceConstant col1_1 from package 00056719.upk
Loading package: 00056288.upk Ver: 573/1 Engine: 4205 Names: 31 Exports: 4 Imports: 2 Game: 801A
Loading package: 00002640.upk Ver: 573/1 Engine: 4205 Names: 291 Exports: 507 Imports: 3 Game: 801A
Loading MaterialInstanceConstant col1_2 from package 00056719.upk
Loading package: 00012963.upk Ver: 573/1 Engine: 4205 Names: 1386 Exports: 1362 Imports: 10 Game: 801A
Loading Texture2D JinM_015_col1_d from package 00008774.upk
Loading Texture2D JinM_015_col1_n from package 00008774.upk
Loading Material3 Beard_Ac from package 00002620.upk
Loading package: 00008613.upk Ver: 573/1 Engine: 4205 Names: 95 Exports: 6 Imports: 12 Game: 801A
Loading Texture2D 040350_JinM_col1_N from package 00056288.upk
Loading Texture2D 040350_JinM_col1_M from package 00056288.upk
Loading Texture2D 040350_JinM_col1_D from package 00056288.upk
Loading Texture2D 040350_JinM_col1_S from package 00056288.upk
Loading TextureCube lenscube from package 00002640.upk
Loading Texture2D check from package 00002620.upk
Loading Material3 Basic from package 00002620.upk
Loading Texture2D Smoke_Pattern_001 from package 00012963.upk
Loading Material3 Fur from package 00002620.upk
Loading Texture2D check_n from package 00002620.upk
Loading Texture2D Noise_Glass_000 from package 00012963.upk
Loading Texture2D Gradient_Wipe_BurnOut_Mask_TEST from package 00012963.upk
Loading Texture2D Gradient_Wipe_BurnOut_Mask from package 00012963.upk
Loading Texture2D Gradient_Line_003 from package 00012963.upk
Loading Texture2D Nothing_A from package 00008613.upk
Loading Texture2D CubemapFace0 from package 00002640.upk
Loading Texture2D CubemapFace1 from package 00002640.upk
Loading Texture2D CubemapFace2 from package 00002640.upk
Loading Texture2D CubemapFace3 from package 00002640.upk
Loading Texture2D CubemapFace4 from package 00002640.upk
Loading Texture2D CubemapFace5 from package 00002640.upk
Loaded in 0.16 sec, 3290 allocs, 4.05 MBytes serialized in 251567 calls.

Object info:
============
ClassName: SkeletalMesh3 ObjectName: 040350_LynM

    LODInfo[1] =
    {
        LODInfo[0] =
        {
            DisplayFactor = 0
            LODHysteresis = 0.02
            LODMaterialMap[0] = {}
            bEnableShadowCasting[3] = { true, true, true }
        }
    }
    Sockets[0] = {}
    bHasVertexColors = false
    EnableTwistBoneFixers = true
    EnableClavicleFixer = true
    Materials[3] =
    {
        Materials[0] = MaterialInstanceConstant'col1'
        Materials[1] = MaterialInstanceConstant'col1_1'
        Materials[2] = MaterialInstanceConstant'col1_2'
    }


    Lods[1] =
    {
        Lods[0] =
        {
            Sections[3] =
            {
                Sections[0] = { Material=MaterialInstanceConstant'col1_1', FirstIndex=0, NumFaces=868 }
                Sections[1] = { Material=MaterialInstanceConstant'col1_2', FirstIndex=2604, NumFaces=1020 }
                Sections[2] = { Material=MaterialInstanceConstant'col1', FirstIndex=5664, NumFaces=940 }
            }
            NumVerts = 1821
            IndexCount = 8484
            NumTexCoords = 1
        }
    }
    LodCount = 1
    MeshOrigin = { X=-0, Y=-0, Z=-0 }
    MeshScale = { X=1, Y=1, Z=1 }
    RotOrigin = { Yaw=0, Pitch=0, Roll=0 }
    BoneCount = 12
