Found 32768 game files (1222 skipped)
Loading package: 00055691.upk Ver: 573/1 Engine: 4205 Names: 31 Exports: 4 Imports: 2 Game: 801A
Loading Texture2D 070139_Autoscale_Col1_D from package 00055691.upk
Loading Texture2D 070139_Autoscale_Col1_M from package 00055691.upk
Loading Texture2D 070139_Autoscale_Col1_N from package 00055691.upk
Loading Texture2D 070139_Autoscale_Col1_S from package 00055691.upk
Loaded in 0.035 sec, 177 allocs, 0.40 MBytes serialized in 998 calls.

Object info:
============
ClassName: Texture2D ObjectName: 070139_Autoscale_Col1_D

    SizeX = 512
    SizeY = 256
    Format = PF_DXT5 (7)
    AddressX = TA_Wrap (0)
    AddressY = TA_Wrap (0)
    TextureFileCacheName = None
    MipTailBaseIdx = 9
    bForcePVRTC4 = false
    UnpackMin[4] = { 0, 0, 0, 0 }
    UnpackMax[4] = { 1, 1, 1, 1 }

Object info:
============
ClassName: Texture2D ObjectName: 070139_Autoscale_Col1_M

    SizeX = 512
    SizeY = 256
    Format = PF_DXT1 (5)
    AddressX = TA_Wrap (0)
    AddressY = TA_Wrap (0)
    TextureFileCacheName = None
    MipTailBaseIdx = 9
    bForcePVRTC4 = false
    UnpackMin[4] = { 0, 0, 0, 0 }
    UnpackMax[4] = { 1, 1, 1, 1 }

Object info:
============
ClassName: Texture2D ObjectName: 070139_Autoscale_Col1_N

    SizeX = 512
    SizeY = 256
    Format = PF_DXT1 (5)
    AddressX = TA_Wrap (0)
    AddressY = TA_Wrap (0)
    TextureFileCacheName = None
    MipTailBaseIdx = 9
    bForcePVRTC4 = false
    UnpackMin[4] = { -1, -1, -1, 0 }
    UnpackMax[4] = { 1, 1, 1, 1 }

Object info:
============
ClassName: Texture2D ObjectName: 070139_Autoscale_Col1_S

    SizeX = 512
    SizeY = 256
    Format = PF_DXT5 (7)
    AddressX = TA_Wrap (0)
    AddressY = TA_Wrap (0)
    TextureFileCacheName = None
    MipTailBaseIdx = 9
    bForcePVRTC4 = false
    UnpackMin[4] = { 0, 0, 0, 0 }
    UnpackMax[4] = { 1, 1, 1, 1 }
