Found 32768 game files (1222 skipped)
Loading package: 00054449.upk Ver: 573/1 Engine: 4205 Names: 124 Exports: 85 Imports: 16 Game: 801A
Loading SkeletalMesh3 GigantoDragonTailSmall from package 00054449.upk
WARNING: ObjectProperty "USkeletalMesh3::PlaySoundSet" was not found
Loading package: 00053100.upk Ver: 573/1 Engine: 4205 Names: 107 Exports: 3 Imports: 32 Game: 801A
Loading SkeletalMeshSocket SkeletalMeshSocket_104 from package 00054449.upk
Loading SkeletalMeshSocket SkeletalMeshSocket_105 from package 00054449.upk
Loading MaterialInstanceConstant col1_1 from package 00053100.upk
Loading package: 00052714.upk Ver: 573/1 Engine: 4205 Names: 37 Exports: 18 Imports: 2 Game: 801A
Loading package: 00012963.upk Ver: 573/1 Engine: 4205 Names: 1349 Exports: 1323 Imports: 10 Game: 801A
Loading package: 00002640.upk Ver: 573/1 Engine: 4205 Names: 291 Exports: 507 Imports: 3 Game: 801A
Loading package: 00010374.upk Ver: 573/1 Engine: 4205 Names: 40 Exports: 10 Imports: 2 Game: 801A
Loading package: 00010375.upk Ver: 573/1 Engine: 4205 Names: 173 Exports: 173 Imports: 45 Game: 801A
Loading Texture2D GigantoDragon_col1_N_2 from package 00052714.upk
Loading Texture2D GigantoDragon_col1_M_2 from package 00052714.upk
Loading Texture2D GigantoDragon_col1_D_2 from package 00052714.upk
Loading Texture2D Smoke_Pattern_001 from package 00012963.upk
Loading Texture2D GigantoDragon_col1_S_2 from package 00052714.upk
Loading TextureCube MatelR1 from package 00002640.upk
Loading Texture2D GigantoDragon_col1_E_2 from package 00052714.upk
Loading Texture2D DesertDragon_FX_Line from package 00010374.upk
Loading Material3 Basic_DesertDragon from package 00010375.upk
Loading package: 00002620.upk Ver: 573/1 Engine: 4205 Names: 576 Exports: 7687 Imports: 96 Game: 801A
Loading Texture2D CubemapFace0 from package 00002640.upk
Loading Texture2D CubemapFace1 from package 00002640.upk
Loading Texture2D CubemapFace2 from package 00002640.upk
Loading Texture2D CubemapFace3 from package 00002640.upk
Loading Texture2D CubemapFace4 from package 00002640.upk
Loading Texture2D CubemapFace5 from package 00002640.upk
Loading Texture2D check_n from package 00002620.upk
Loading Texture2D check from package 00002620.upk
Loading Texture2D Gradient_Line_003 from package 00012963.upk
Loading Texture2D Gradient_Wipe_BurnOut_Mask_TEST from package 00012963.upk
Loading Texture2D Gradient_Wipe_BurnOut_Mask from package 00012963.upk
Loaded in 0.24 sec, 3302 allocs, 6.92 MBytes serialized in 643066 calls.

Object info:
============
ClassName: SkeletalMesh3 ObjectName: GigantoDragonTailSmall

    LODInfo[1] =
    {
        LODInfo[0] =
        {
            DisplayFactor = 0
            LODHysteresis = 0.02
            LODMaterialMap[0] = {}
            bEnableShadowCasting[1] = { true }
        }
    }
    Sockets[2] =
    {
        Sockets[0] = SkeletalMeshSocket'GigantoDragonTailSmall.SkeletalMeshSocket_104'
        Sockets[1] = SkeletalMeshSocket'GigantoDragonTailSmall.SkeletalMeshSocket_105'
    }
    bHasVertexColors = false
    EnableTwistBoneFixers = true
    EnableClavicleFixer = true
    Materials[1] = { MaterialInstanceConstant'col1_1' }


    Lods[1] =
    {
        Lods[0] =
        {
            Sections[1] =
            {
                Sections[0] = { Material=MaterialInstanceConstant'col1_1', FirstIndex=0, NumFaces=15261 }
            }
            NumVerts = 12146
            IndexCount = 45783
            NumTexCoords = 1
        }
    }
    LodCount = 1
    MeshOrigin = { X=-0, Y=-0, Z=-0 }
    MeshScale = { X=1, Y=1, Z=1 }
    RotOrigin = { Yaw=0, Pitch=0, Roll=0 }
    BoneCount = 35

Object info:
============
ClassName: SkeletalMeshSocket ObjectName: SkeletalMeshSocket_104

    SocketName = FX_Add_02
    BoneName = BipT_CToe02
    RelativeLocation = { X=920.873, Y=24.224, Z=0 }
    RelativeRotation = { Yaw=0, Pitch=0, Roll=0 }
    RelativeScale = { X=1, Y=1, Z=1 }

Object info:
============
ClassName: SkeletalMeshSocket ObjectName: SkeletalMeshSocket_105

    SocketName = FX_Add_01
    BoneName = BipT_Foot
    RelativeLocation = { X=0, Y=0, Z=0 }
    RelativeRotation = { Yaw=0, Pitch=0, Roll=0 }
    RelativeScale = { X=1, Y=1, Z=1 }
