Found 32768 game files (1222 skipped)
Loading package: 00057174.upk Ver: 573/1 Engine: 4205 Names: 219 Exports: 126 Imports: 20 Game: 801A
Loading SkeletalMesh3 AnthroCatBase from package 00057174.upk
WARNING: ObjectProperty "USkeletalMesh3::PhysMaterialOverride" was not found
WARNING: ObjectProperty "USkeletalMesh3::PlaySoundSet" was not found
WARNING: FloatProperty "USkeletalMesh3::AddFootOffsetValue" was not found
WARNING: FloatProperty "USkeletalMesh3::AnimNameHeight" was not found
WARNING: FloatProperty "USkeletalMesh3::NormalNameHeight" was not found
WARNING: ArrayProperty "USkeletalMesh3::NameplateMeshScaleRatio" was not found
WARNING: StructProperty "USkeletalMesh3::NameplateHeightRatio" was not found
WARNING: ArrayProperty "USkeletalMesh3::MeshScaleRatio" was not found
WARNING: StructProperty "USkeletalMesh3::HeightRatio" was not found
WARNING: StructProperty "USkeletalMesh3::HandRatio" was not found
WARNING: FloatProperty "USkeletalMesh3::PhysicalHitScale" was not found
Loading package: 00057175.upk Ver: 573/1 Engine: 4205 Names: 135 Exports: 4 Imports: 33 Game: 801A
Loading SkeletalMeshSocket SkeletalMeshSocket_193 from package 00057174.upk
Loading SkeletalMeshSocket SkeletalMeshSocket_194 from package 00057174.upk
Loading SkeletalMeshSocket SkeletalMeshSocket_200 from package 00057174.upk
Loading SkeletalMeshSocket SkeletalMeshSocket_207 from package 00057174.upk
Loading SkeletalMeshSocket SkeletalMeshSocket_208 from package 00057174.upk
Loading SkeletalMeshSocket SkeletalMeshSocket_209 from package 00057174.upk
Loading SkeletalMeshSocket SkeletalMeshSocket_210 from package 00057174.upk
WARNING: BoolProperty "USkeletalMeshSocket::bParticleAttachPosOnly" was not found
Loading SkeletalMeshSocket SkeletalMeshSocket_212 from package 00057174.upk
Loading SkeletalMeshSocket SkeletalMeshSocket_213 from package 00057174.upk
Loading SkeletalMeshSocket SkeletalMeshSocket_214 from package 00057174.upk
Loading SkeletalMeshSocket SkeletalMeshSocket_215 from package 00057174.upk
Loading SkeletalMeshSocket SkeletalMeshSocket_221 from package 00057174.upk
Loading SkeletalMeshSocket SkeletalMeshSocket_238 from package 00057174.upk
Loading MaterialInstanceConstant col1 from package 00057175.upk
Loading package: 00057176.upk Ver: 573/1 Engine: 4205 Names: 37 Exports: 9 Imports: 2 Game: 801A
Loading package: 00002640.upk Ver: 573/1 Engine: 4205 Names: 291 Exports: 507 Imports: 3 Game: 801A
Loading package: 00002620.upk Ver: 573/1 Engine: 4205 Names: 576 Exports: 7687 Imports: 96 Game: 801A
Loading MaterialInstanceConstant col1_fur from package 00057175.upk
Loading package: 00012963.upk Ver: 573/1 Engine: 4205 Names: 1349 Exports: 1323 Imports: 10 Game: 801A
Loading MaterialInstanceConstant col1_Op from package 00057175.upk
Loading package: 00028999.upk Ver: 573/1 Engine: 4205 Names: 55 Exports: 17 Imports: 3 Game: 801A
Loading MaterialInstanceConstant col1_hair from package 00057175.upk
Loading Texture2D AnthroCatBase_col1_N from package 00057176.upk
Loading Texture2D AnthroCatBase_col1_M from package 00057176.upk
Loading Texture2D AnthroCatBase_col1_D from package 00057176.upk
Loading Texture2D AnthroCatBase_col1_S from package 00057176.upk
Loading TextureCube Cube_crr from package 00002640.upk
Loading Texture2D AnthroCatBase_col1_E from package 00057176.upk
Loading Material3 Body from package 00002620.upk
Loading Texture2D Smoke_Pattern_001 from package 00012963.upk
Loading Material3 Fur from package 00002620.upk
Loading TextureCube Cubecube from package 00028999.upk
Loading Material3 Blend_OP from package 00002620.upk
Loading Texture2D AnthroCatBase_col1_D_hair from package 00057176.upk
Loading Texture2D AnthroCatBase_col1_S_hair from package 00057176.upk
Loading Texture2D AnthroCatBase_col1_N_hair from package 00057176.upk
Loading Texture2D AnthroCatBase_col1_M_hair from package 00057176.upk
Loading Texture2D check from package 00002620.upk
Loading Material3 Hair_Ac from package 00002620.upk
Loading Texture2D CubemapFace0 from package 00002640.upk
Loading Texture2D CubemapFace1 from package 00002640.upk
Loading Texture2D CubemapFace2 from package 00002640.upk
Loading Texture2D CubemapFace3 from package 00002640.upk
Loading Texture2D CubemapFace4 from package 00002640.upk
Loading Texture2D CubemapFace5 from package 00002640.upk
Loading Texture2D check_n from package 00002620.upk
Loading Texture2D Noise_Glass_000 from package 00012963.upk
Loading Texture2D Gradient_Wipe_BurnOut_Mask_TEST from package 00012963.upk
Loading Texture2D Gradient_Wipe_BurnOut_Mask from package 00012963.upk
Loading Texture2D Gradient_Line_003 from package 00012963.upk
Loading Texture2D CubemapFace0 from package 00028999.upk
Loading Texture2D CubemapFace1 from package 00028999.upk
Loading Texture2D CubemapFace2 from package 00028999.upk
Loading Texture2D CubemapFace3 from package 00028999.upk
Loading Texture2D CubemapFace4 from package 00028999.upk
Loading Texture2D CubemapFace5 from package 00028999.upk
Loading Texture2D Smoke_Pattern_000 from package 00012963.upk
Loaded in 0.42 sec, 3573 allocs, 4.58 MBytes serialized in 630962 calls.

Object info:
============
ClassName: SkeletalMesh3 ObjectName: AnthroCatBase

    LODInfo[1] =
    {
        LODInfo[0] =
        {
            DisplayFactor = 0
            LODHysteresis = 0.02
            LODMaterialMap[0] = {}
            bEnableShadowCasting[4] = { true, true, true, true }
        }
    }
    Sockets[13] =
    {
        Sockets[0] = SkeletalMeshSocket'AnthroCatBase.SkeletalMeshSocket_193'
        Sockets[1] = SkeletalMeshSocket'AnthroCatBase.SkeletalMeshSocket_194'
        Sockets[2] = SkeletalMeshSocket'AnthroCatBase.SkeletalMeshSocket_200'
        Sockets[3] = SkeletalMeshSocket'AnthroCatBase.SkeletalMeshSocket_207'
        Sockets[4] = SkeletalMeshSocket'AnthroCatBase.SkeletalMeshSocket_208'
        Sockets[5] = SkeletalMeshSocket'AnthroCatBase.SkeletalMeshSocket_209'
        Sockets[6] = SkeletalMeshSocket'AnthroCatBase.SkeletalMeshSocket_210'
        Sockets[7] = SkeletalMeshSocket'AnthroCatBase.SkeletalMeshSocket_212'
        Sockets[8] = SkeletalMeshSocket'AnthroCatBase.SkeletalMeshSocket_213'
        Sockets[9] = SkeletalMeshSocket'AnthroCatBase.SkeletalMeshSocket_214'
        Sockets[10] = SkeletalMeshSocket'AnthroCatBase.SkeletalMeshSocket_215'
        Sockets[11] = SkeletalMeshSocket'AnthroCatBase.SkeletalMeshSocket_221'
        Sockets[12] = SkeletalMeshSocket'AnthroCatBase.SkeletalMeshSocket_238'
    }
    bHasVertexColors = false
    EnableTwistBoneFixers = true
    EnableClavicleFixer = true
    Materials[4] =
    {
        Materials[0] = MaterialInstanceConstant'col1'
        Materials[1] = MaterialInstanceConstant'col1_fur'
        Materials[2] = MaterialInstanceConstant'col1_Op'
        Materials[3] = MaterialInstanceConstant'col1_hair'
    }


    Lods[1] =
    {
        Lods[0] =
        {
            Sections[4] =
            {
                Sections[0] = { Material=MaterialInstanceConstant'col1_hair', FirstIndex=0, NumFaces=3499 }
                Sections[1] = { Material=MaterialInstanceConstant'col1', FirstIndex=10497, NumFaces=6353 }
                Sections[2] = { Material=MaterialInstanceConstant'col1_fur', FirstIndex=29556, NumFaces=5428 }
                Sections[3] = { Material=MaterialInstanceConstant'col1_Op', FirstIndex=45840, NumFaces=1492 }
            }
            NumVerts = 12342
            IndexCount = 50316
            NumTexCoords = 1
        }
    }
    LodCount = 1
    MeshOrigin = { X=-0, Y=-0, Z=-0 }
    MeshScale = { X=1, Y=1, Z=1 }
    RotOrigin = { Yaw=0, Pitch=0, Roll=0 }
    BoneCount = 104

Object info:
============
ClassName: SkeletalMeshSocket ObjectName: SkeletalMeshSocket_193

    SocketName = WeaponL
    BoneName = WeaponL
    RelativeLocation = { X=0, Y=0, Z=0 }
    RelativeRotation = { Yaw=0, Pitch=0, Roll=0 }
    RelativeScale = { X=1, Y=1, Z=1 }

Object info:
============
ClassName: SkeletalMeshSocket ObjectName: SkeletalMeshSocket_194

    SocketName = WeaponR
    BoneName = WeaponR
    RelativeLocation = { X=0, Y=0, Z=0 }
    RelativeRotation = { Yaw=0, Pitch=0, Roll=0 }
    RelativeScale = { X=1, Y=1, Z=1 }

Object info:
============
ClassName: SkeletalMeshSocket ObjectName: SkeletalMeshSocket_200

    SocketName = target_high
    BoneName = Bip01Head
    RelativeLocation = { X=0, Y=0, Z=0 }
    RelativeRotation = { Yaw=0, Pitch=0, Roll=0 }
    RelativeScale = { X=1, Y=1, Z=1 }

Object info:
============
ClassName: SkeletalMeshSocket ObjectName: SkeletalMeshSocket_207

    SocketName = Catch_Neck
    BoneName = Bip01Neck
    RelativeLocation = { X=0, Y=0, Z=0 }
    RelativeRotation = { Yaw=0, Pitch=0, Roll=0 }
    RelativeScale = { X=1, Y=1, Z=1 }

Object info:
============
ClassName: SkeletalMeshSocket ObjectName: SkeletalMeshSocket_208

    SocketName = socket_force
    BoneName = Root
    RelativeLocation = { X=40, Y=33, Z=7 }
    RelativeRotation = { Yaw=0, Pitch=0, Roll=0 }
    RelativeScale = { X=1, Y=1, Z=1 }

Object info:
============
ClassName: SkeletalMeshSocket ObjectName: SkeletalMeshSocket_209

    SocketName = Mount_Socket
    BoneName = Root
    RelativeLocation = { X=0, Y=0, Z=0 }
    RelativeRotation = { Yaw=32768, Pitch=0, Roll=0 }
    RelativeScale = { X=1, Y=1, Z=1 }

Object info:
============
ClassName: SkeletalMeshSocket ObjectName: SkeletalMeshSocket_210

    SocketName = ATTACH_EFFECT
    BoneName = Bip01
    RelativeLocation = { X=0, Y=0, Z=0 }
    RelativeRotation = { Yaw=0, Pitch=0, Roll=0 }
    RelativeScale = { X=1, Y=1, Z=1 }

Object info:
============
ClassName: SkeletalMeshSocket ObjectName: SkeletalMeshSocket_212

    SocketName = Mount_Ambar_Socket
    BoneName = Bip01LClavicle
    RelativeLocation = { X=-10, Y=-2, Z=-12 }
    RelativeRotation = { Yaw=-285, Pitch=9970, Roll=22850 }
    RelativeScale = { X=1, Y=1, Z=1 }

Object info:
============
ClassName: SkeletalMeshSocket ObjectName: SkeletalMeshSocket_213

    SocketName = Mount_Choke_Socket
    BoneName = Root
    RelativeLocation = { X=1.5, Y=0, Z=0 }
    RelativeRotation = { Yaw=32768, Pitch=0, Roll=0 }
    RelativeScale = { X=1, Y=1, Z=1 }

Object info:
============
ClassName: SkeletalMeshSocket ObjectName: SkeletalMeshSocket_214

    SocketName = Decap_Socket
    BoneName = Bip01Neck
    RelativeLocation = { X=0, Y=0, Z=0 }
    RelativeRotation = { Yaw=0, Pitch=0, Roll=0 }
    RelativeScale = { X=1, Y=1, Z=1 }

Object info:
============
ClassName: SkeletalMeshSocket ObjectName: SkeletalMeshSocket_215

    SocketName = Socket_Caster
    BoneName = Root
    RelativeLocation = { X=0, Y=0, Z=0 }
    RelativeRotation = { Yaw=32768, Pitch=0, Roll=0 }
    RelativeScale = { X=1, Y=1, Z=1 }

Object info:
============
ClassName: SkeletalMeshSocket ObjectName: SkeletalMeshSocket_221

    SocketName = Socket_Rosary
    BoneName = Bip01LForeArm
    RelativeLocation = { X=10, Y=0, Z=0 }
    RelativeRotation = { Yaw=0, Pitch=0, Roll=0 }
    RelativeScale = { X=1, Y=1, Z=1 }

Object info:
============
ClassName: SkeletalMeshSocket ObjectName: SkeletalMeshSocket_238

    SocketName = Catch_Back
    BoneName = Bip01Spine2
    RelativeLocation = { X=0, Y=0, Z=0 }
    RelativeRotation = { Yaw=0, Pitch=0, Roll=0 }
    RelativeScale = { X=1, Y=1, Z=1 }
