Found 32768 game files (1222 skipped)
Loading package: 00056697.upk Ver: 573/1 Engine: 4205 Names: 96 Exports: 9 Imports: 13 Game: 801A
Loading SkeletalMesh3 010137_JinM from package 00056697.upk
Loading package: 00056698.upk Ver: 573/1 Engine: 4205 Names: 98 Exports: 4 Imports: 24 Game: 801A
Loading MaterialInstanceConstant col1 from package 00056698.upk
Loading package: 00056699.upk Ver: 573/1 Engine: 4205 Names: 32 Exports: 4 Imports: 2 Game: 801A
Loading package: 00002640.upk Ver: 573/1 Engine: 4205 Names: 291 Exports: 507 Imports: 3 Game: 801A
Loading package: 00002620.upk Ver: 573/1 Engine: 4205 Names: 576 Exports: 7687 Imports: 96 Game: 801A
Loading MaterialInstanceConstant col1_Lens from package 00056698.upk
Loading Texture2D 010137_JinM_col1_N from package 00056699.upk
Loading Texture2D 010137_JinM_col1_M from package 00056699.upk
Loading Texture2D 010137_JinM_col1_D from package 00056699.upk
Loading Texture2D 010137_JinM_col1_S from package 00056699.upk
Loading TextureCube lenscube from package 00002640.upk
Loading Texture2D check from package 00002620.upk
Loading Material3 Basic from package 00002620.upk
Loading package: 00012963.upk Ver: 573/1 Engine: 4205 Names: 1349 Exports: 1323 Imports: 10 Game: 801A
Loading TextureCube cube_orb from package 00002640.upk
Loading Material3 Blend_OP from package 00002620.upk
Loading Texture2D CubemapFace0 from package 00002640.upk
Loading Texture2D CubemapFace1 from package 00002640.upk
Loading Texture2D CubemapFace2 from package 00002640.upk
Loading Texture2D CubemapFace3 from package 00002640.upk
Loading Texture2D CubemapFace4 from package 00002640.upk
Loading Texture2D CubemapFace5 from package 00002640.upk
Loading Texture2D check_n from package 00002620.upk
Loading Texture2D Smoke_Pattern_001 from package 00012963.upk
Loading Texture2D Gradient_Line_003 from package 00012963.upk
Loading Texture2D Gradient_Wipe_BurnOut_Mask_TEST from package 00012963.upk
Loading Texture2D Gradient_Wipe_BurnOut_Mask from package 00012963.upk
Loading Texture2D CubemapFace0 from package 00002640.upk
Loading Texture2D CubemapFace1 from package 00002640.upk
Loading Texture2D CubemapFace2 from package 00002640.upk
Loading Texture2D CubemapFace3 from package 00002640.upk
Loading Texture2D CubemapFace4 from package 00002640.upk
Loading Texture2D CubemapFace5 from package 00002640.upk
Loaded in 0.22 sec, 3124 allocs, 1.38 MBytes serialized in 198893 calls.

Object info:
============
ClassName: SkeletalMesh3 ObjectName: 010137_JinM

    LODInfo[1] =
    {
        LODInfo[0] =
        {
            DisplayFactor = 0
            LODHysteresis = 0.02
            LODMaterialMap[0] = {}
            bEnableShadowCasting[2] = { true, true }
        }
    }
    Sockets[0] = {}
    bHasVertexColors = false
    EnableTwistBoneFixers = true
    EnableClavicleFixer = true
    Materials[2] = { MaterialInstanceConstant'col1', MaterialInstanceConstant'col1_Lens' }


    Lods[1] =
    {
        Lods[0] =
        {
            Sections[2] =
            {
                Sections[0] = { Material=MaterialInstanceConstant'col1', FirstIndex=0, NumFaces=564 }
                Sections[1] = { Material=MaterialInstanceConstant'col1_Lens', FirstIndex=1692, NumFaces=20 }
            }
            NumVerts = 381
            IndexCount = 1752
            NumTexCoords = 1
        }
    }
    LodCount = 1
    MeshOrigin = { X=-0, Y=-0, Z=-0 }
    MeshScale = { X=1, Y=1, Z=1 }
    RotOrigin = { Yaw=0, Pitch=0, Roll=0 }
    BoneCount = 11
