Found 32768 game files (1222 skipped)
Loading package: 00055105.upk Ver: 573/1 Engine: 4205 Names: 110 Exports: 37 Imports: 18 Game: 801A
Loading SkeletalMesh3 060264_AutoScale from package 00055105.upk
WARNING: ObjectProperty "USkeletalMesh3::MeshFactorSet" was not found
WARNING: ObjectProperty "USkeletalMesh3::PhysMaterialOverride" was not found
WARNING: ByteProperty "USkeletalMesh3::ItemPreviewLocType" was not found
Loading package: 00055107.upk Ver: 573/1 Engine: 4205 Names: 107 Exports: 2 Imports: 21 Game: 801A
Loading MaterialInstanceConstant col1 from package 00055107.upk
Loading package: 00055106.upk Ver: 573/1 Engine: 4205 Names: 32 Exports: 4 Imports: 2 Game: 801A
Loading package: 00002640.upk Ver: 573/1 Engine: 4205 Names: 291 Exports: 507 Imports: 3 Game: 801A
Loading package: 00002620.upk Ver: 573/1 Engine: 4205 Names: 576 Exports: 7687 Imports: 96 Game: 801A
Loading MaterialInstanceConstant Fur from package 00055107.upk
Loading Texture2D 060264_AutoScale_col1_N from package 00055106.upk
Loading Texture2D 060264_AutoScale_col1_M from package 00055106.upk
Loading Texture2D 060264_AutoScale_col1_D from package 00055106.upk
Loading Texture2D 060264_AutoScale_col1_S from package 00055106.upk
Loading TextureCube lenscube_a from package 00002640.upk
Loading Texture2D check from package 00002620.upk
Loading Material3 Basic from package 00002620.upk
Loading package: 00012963.upk Ver: 573/1 Engine: 4205 Names: 1349 Exports: 1323 Imports: 10 Game: 801A
Loading Material3 Fur_Ac from package 00002620.upk
Loading Texture2D CubemapFace0 from package 00002640.upk
Loading Texture2D CubemapFace1 from package 00002640.upk
Loading Texture2D CubemapFace2 from package 00002640.upk
Loading Texture2D CubemapFace3 from package 00002640.upk
Loading Texture2D CubemapFace4 from package 00002640.upk
Loading Texture2D CubemapFace5 from package 00002640.upk
Loading Texture2D check_n from package 00002620.upk
Loading Texture2D Smoke_Pattern_001 from package 00012963.upk
Loading Texture2D Gradient_Line_003 from package 00012963.upk
Loading Texture2D Gradient_Wipe_BurnOut_Mask_TEST from package 00012963.upk
Loading Texture2D Gradient_Wipe_BurnOut_Mask from package 00012963.upk
Loading Texture2D Noise_Glass_000 from package 00012963.upk
Loaded in 0.17 sec, 3030 allocs, 2.11 MBytes serialized in 252426 calls.

Object info:
============
ClassName: SkeletalMesh3 ObjectName: 060264_AutoScale

    LODInfo[1] =
    {
        LODInfo[0] =
        {
            DisplayFactor = 0
            LODHysteresis = 0.02
            LODMaterialMap[0] = {}
            bEnableShadowCasting[2] = { true, true }
        }
    }
    Sockets[0] = {}
    bHasVertexColors = false
    EnableTwistBoneFixers = true
    EnableClavicleFixer = true
    Materials[2] = { MaterialInstanceConstant'col1', MaterialInstanceConstant'Fur' }


    Lods[1] =
    {
        Lods[0] =
        {
            Sections[2] =
            {
                Sections[0] = { Material=MaterialInstanceConstant'Fur', FirstIndex=0, NumFaces=1499 }
                Sections[1] = { Material=MaterialInstanceConstant'col1', FirstIndex=4497, NumFaces=1012 }
            }
            NumVerts = 2035
            IndexCount = 7533
            NumTexCoords = 1
        }
    }
    LodCount = 1
    MeshOrigin = { X=-0, Y=-0, Z=-0 }
    MeshScale = { X=1, Y=1, Z=1 }
    RotOrigin = { Yaw=0, Pitch=0, Roll=0 }
    BoneCount = 10
