Found 32768 game files (1222 skipped)
Loading package: 00059025.upk Ver: 573/1 Engine: 4205 Names: 112 Exports: 16 Imports: 23 Game: 801A
Loading SkeletalMesh3 130056_Autoscale from package 00059025.upk
WARNING: ObjectProperty "USkeletalMesh3::MeshFactorSet" was not found
WARNING: ObjectProperty "USkeletalMesh3::PhysMaterialOverride" was not found
Loading package: 00058437.upk Ver: 573/1 Engine: 4205 Names: 96 Exports: 1 Imports: 23 Game: 801A
Loading SkeletalMeshSocket SkeletalMeshSocket_933 from package 00059025.upk
WARNING: ObjectProperty "USkeletalMeshSocket::DependencyParticleSystem" was not found
Loading SkeletalMeshSocket SkeletalMeshSocket_937 from package 00059025.upk
WARNING: ObjectProperty "USkeletalMeshSocket::DependencyParticleSystem" was not found
Loading SkeletalMeshSocket SkeletalMeshSocket_941 from package 00059025.upk
WARNING: ObjectProperty "USkeletalMeshSocket::DependencyParticleSystem" was not found
Loading MaterialInstanceConstant col1 from package 00058437.upk
Loading package: 00058438.upk Ver: 573/1 Engine: 4205 Names: 33 Exports: 5 Imports: 2 Game: 801A
Loading package: 00002640.upk Ver: 573/1 Engine: 4205 Names: 291 Exports: 507 Imports: 3 Game: 801A
Loading package: 00002620.upk Ver: 573/1 Engine: 4205 Names: 576 Exports: 7687 Imports: 96 Game: 801A
Loading package: 00044949.upk Ver: 573/1 Engine: 4205 Names: 173 Exports: 155 Imports: 46 Game: 801A
Loading Texture2D 130056_Autoscale_col1_N from package 00058438.upk
Loading Texture2D 130056_Autoscale_col1_M from package 00058438.upk
Loading Texture2D 130056_Autoscale_col1_D from package 00058438.upk
Loading Texture2D 130056_Autoscale_col1_S from package 00058438.upk
Loading TextureCube lenscube from package 00002640.upk
Loading Texture2D check from package 00002620.upk
Loading Texture2D 130056_Autoscale_col1_FX from package 00058438.upk
Loading Material3 Basic_FX_Add from package 00044949.upk
Loading package: 00012963.upk Ver: 573/1 Engine: 4205 Names: 1349 Exports: 1323 Imports: 10 Game: 801A
Loading package: 00044948.upk Ver: 573/1 Engine: 4205 Names: 33 Exports: 5 Imports: 2 Game: 801A
Loading Texture2D CubemapFace0 from package 00002640.upk
Loading Texture2D CubemapFace1 from package 00002640.upk
Loading Texture2D CubemapFace2 from package 00002640.upk
Loading Texture2D CubemapFace3 from package 00002640.upk
Loading Texture2D CubemapFace4 from package 00002640.upk
Loading Texture2D CubemapFace5 from package 00002640.upk
Loading Texture2D check_n from package 00002620.upk
Loading Texture2D Smoke_Pattern_001 from package 00012963.upk
Loading Texture2D Gradient_Line_003 from package 00012963.upk
Loading Texture2D Gradient_Wipe_BurnOut_Mask_TEST from package 00012963.upk
Loading Texture2D Gradient_Wipe_BurnOut_Mask from package 00012963.upk
Loading Texture2D 010324_Autoscale_col1_FX from package 00044948.upk
Loaded in 0.18 sec, 3275 allocs, 2.46 MBytes serialized in 283267 calls.

Object info:
============
ClassName: SkeletalMesh3 ObjectName: 130056_Autoscale

    LODInfo[1] =
    {
        LODInfo[0] =
        {
            DisplayFactor = 0
            LODHysteresis = 0.02
            LODMaterialMap[0] = {}
            bEnableShadowCasting[1] = { true }
        }
    }
    Sockets[3] =
    {
        Sockets[0] = SkeletalMeshSocket'130056_Autoscale.SkeletalMeshSocket_933'
        Sockets[1] = SkeletalMeshSocket'130056_Autoscale.SkeletalMeshSocket_937'
        Sockets[2] = SkeletalMeshSocket'130056_Autoscale.SkeletalMeshSocket_941'
    }
    bHasVertexColors = false
    EnableTwistBoneFixers = true
    EnableClavicleFixer = true
    Materials[1] = { MaterialInstanceConstant'col1' }


    Lods[1] =
    {
        Lods[0] =
        {
            Sections[1] =
            {
                Sections[0] = { Material=MaterialInstanceConstant'col1', FirstIndex=0, NumFaces=3962 }
            }
            NumVerts = 2869
            IndexCount = 11886
            NumTexCoords = 1
        }
    }
    LodCount = 1
    MeshOrigin = { X=-0, Y=-0, Z=-0 }
    MeshScale = { X=1, Y=1, Z=1 }
    RotOrigin = { Yaw=0, Pitch=0, Roll=0 }
    BoneCount = 5

Object info:
============
ClassName: SkeletalMeshSocket ObjectName: SkeletalMeshSocket_933

    SocketName = FX_Add
    BoneName = WeaponRoot
    RelativeLocation = { X=0, Y=0, Z=0 }
    RelativeRotation = { Yaw=0, Pitch=0, Roll=0 }
    RelativeScale = { X=1, Y=1, Z=1 }

Object info:
============
ClassName: SkeletalMeshSocket ObjectName: SkeletalMeshSocket_937

    SocketName = FX_Add_Trail
    BoneName = WeaponRoot
    RelativeLocation = { X=0, Y=0, Z=30 }
    RelativeRotation = { Yaw=0, Pitch=0, Roll=0 }
    RelativeScale = { X=1.4, Y=1.4, Z=2 }

Object info:
============
ClassName: SkeletalMeshSocket ObjectName: SkeletalMeshSocket_941

    SocketName = FX_Add02
    BoneName = WeaponRoot
    RelativeLocation = { X=0, Y=0, Z=0 }
    RelativeRotation = { Yaw=0, Pitch=-3640, Roll=0 }
    RelativeScale = { X=1.6, Y=1.6, Z=1.6 }
