Found 32768 game files (1222 skipped)
Loading package: 00055746.upk Ver: 573/1 Engine: 4205 Names: 387 Exports: 933 Imports: 146 Game: 801A
Loading SkeletalMesh3 060270_Autoscale from package 00055746.upk
WARNING: ObjectProperty "USkeletalMesh3::MeshFactorSet" was not found
WARNING: ObjectProperty "USkeletalMesh3::PhysMaterialOverride" was not found
WARNING: ByteProperty "USkeletalMesh3::ItemPreviewLocType" was not found
Loading package: 00055747.upk Ver: 573/1 Engine: 4205 Names: 106 Exports: 1 Imports: 28 Game: 801A
Loading SkeletalMeshSocket SkeletalMeshSocket_476 from package 00055746.upk
WARNING: ObjectProperty "USkeletalMeshSocket::DependencyParticleSystem" was not found
Loading StaticMesh3 060270_Autoscale_FX_MESH001 from package 00055746.upk
Loading package: 00012892.upk Ver: 573/1 Engine: 4205 Names: 1018 Exports: 5834 Imports: 361 Game: 801A
Loading StaticMesh3 060270_Autoscale_FX_MESH002 from package 00055746.upk
Loading StaticMesh3 060270_Autoscale_FX_MESH003 from package 00055746.upk
Loading StaticMesh3 060270_Autoscale_FX_MESH004 from package 00055746.upk
Loading MaterialInstanceConstant col1 from package 00055747.upk
Loading package: 00055748.upk Ver: 573/1 Engine: 4205 Names: 34 Exports: 6 Imports: 2 Game: 801A
Loading package: 00002640.upk Ver: 573/1 Engine: 4205 Names: 291 Exports: 507 Imports: 3 Game: 801A
Loading package: 00012963.upk Ver: 573/1 Engine: 4205 Names: 1349 Exports: 1323 Imports: 10 Game: 801A
Loading package: 00055735.upk Ver: 573/1 Engine: 4205 Names: 185 Exports: 179 Imports: 53 Game: 801A
Loading Material3 001_Mesh_Default_MatM from package 00012892.upk
WARNING: BoolProperty "UMaterial3::bAcceptRenderDecal" was not found
Loading package: 00023713.upk Ver: 573/1 Engine: 4205 Names: 101 Exports: 81 Imports: 4 Game: 801A
Loading Texture2D 060270_Autoscale_col1_N from package 00055748.upk
Loading Texture2D 060270_Autoscale_col1_M from package 00055748.upk
Loading Texture2D 060270_Autoscale_col1_D from package 00055748.upk
Loading Texture2D 060270_Autoscale_col1_S from package 00055748.upk
Loading TextureCube lenscube_a from package 00002640.upk
Loading Texture2D 060270_Autoscale_col1_E from package 00055748.upk
Loading Texture2D Noise_020 from package 00012963.upk
Loading Texture2D Smoke_Dusts_002 from package 00012963.upk
Loading Texture2D 060270_Autoscale_col1_D_02 from package 00055748.upk
Loading Material3 Basic from package 00055735.upk
Loading package: 00002620.upk Ver: 573/1 Engine: 4205 Names: 576 Exports: 7687 Imports: 96 Game: 801A
Loading package: 00055736.upk Ver: 573/1 Engine: 4205 Names: 32 Exports: 6 Imports: 2 Game: 801A
Loading Texture2D Cube000_Tex from package 00023713.upk
Loading Texture2D CubemapFace0 from package 00002640.upk
Loading Texture2D CubemapFace1 from package 00002640.upk
Loading Texture2D CubemapFace2 from package 00002640.upk
Loading Texture2D CubemapFace3 from package 00002640.upk
Loading Texture2D CubemapFace4 from package 00002640.upk
Loading Texture2D CubemapFace5 from package 00002640.upk
Loading Texture2D check_n from package 00002620.upk
Loading Texture2D Noise_Plazma_002 from package 00012963.upk
Loading Texture2D Noise_018 from package 00012963.upk
Loading Texture2D 010363_Autoscale_col1_D_02 from package 00055736.upk
Loading Texture2D check from package 00002620.upk
Loading Texture2D Smoke_Pattern_001 from package 00012963.upk
Loading Texture2D Gradient_Line_003 from package 00012963.upk
Loading Texture2D Gradient_Wipe_BurnOut_Mask_TEST from package 00012963.upk
Loading Texture2D Gradient_Wipe_BurnOut_Mask from package 00012963.upk
Loaded in 0.31 sec, 4954 allocs, 3.30 MBytes serialized in 437560 calls.

Object info:
============
ClassName: SkeletalMesh3 ObjectName: 060270_Autoscale

    LODInfo[1] =
    {
        LODInfo[0] =
        {
            DisplayFactor = 0
            LODHysteresis = 0.02
            LODMaterialMap[0] = {}
            bEnableShadowCasting[1] = { true }
        }
    }
    Sockets[1] = { SkeletalMeshSocket'060270_Autoscale.SkeletalMeshSocket_476' }
    bHasVertexColors = false
    EnableTwistBoneFixers = true
    EnableClavicleFixer = true
    Materials[1] = { MaterialInstanceConstant'col1' }


    Lods[1] =
    {
        Lods[0] =
        {
            Sections[1] =
            {
                Sections[0] = { Material=MaterialInstanceConstant'col1', FirstIndex=0, NumFaces=2198 }
            }
            NumVerts = 1989
            IndexCount = 6594
            NumTexCoords = 1
        }
    }
    LodCount = 1
    MeshOrigin = { X=-0, Y=-0, Z=-0 }
    MeshScale = { X=1, Y=1, Z=1 }
    RotOrigin = { Yaw=0, Pitch=0, Roll=0 }
    BoneCount = 4

Object info:
============
ClassName: SkeletalMeshSocket ObjectName: SkeletalMeshSocket_476

    SocketName = FX_Add
    BoneName = WeaponRoot
    RelativeLocation = { X=0, Y=0, Z=0 }
    RelativeRotation = { Yaw=0, Pitch=0, Roll=0 }
    RelativeScale = { X=1, Y=1, Z=1 }

Object info:
============
ClassName: StaticMesh3 ObjectName: 060270_Autoscale_FX_MESH001

    BodySetup = None
    UseSimpleLineCollision = false
    UseSimpleBoxCollision = false
    UseSimpleRigidBodyCollision = false
    UseFullPrecisionUVs = false
    Bounds =
    {
        Origin = { X=-0.90825, Y=0.16325, Z=23.715 }
        BoxExtent = { X=6.77715, Y=7.16495, Z=20.1796 }
        SphereRadius = 21.3239
    }
    CanCompressPositions = false
    CanStripNormalsAndTangents = false
    InternalVersion = 18


    Lods[1] =
    {
        Lods[0] =
        {
            Sections[1] =
            {
                Sections[0] = { Material=Material3'001_Mesh_Default_MatM', FirstIndex=0, NumFaces=1374 }
            }
            NumVerts = 2568
            IndexCount = 4122
            NumTexCoords = 1
        }
    }
    LodCount = 1

Object info:
============
ClassName: StaticMesh3 ObjectName: 060270_Autoscale_FX_MESH002

    BodySetup = None
    UseSimpleLineCollision = false
    UseSimpleBoxCollision = false
    UseSimpleRigidBodyCollision = false
    UseFullPrecisionUVs = false
    Bounds =
    {
        Origin = { X=1.647, Y=2.93025, Z=6.6859 }
        BoxExtent = { X=3.4472, Y=4.46615, Z=33.4957 }
        SphereRadius = 33.6642
    }
    CanCompressPositions = false
    CanStripNormalsAndTangents = false
    InternalVersion = 18


    Lods[1] =
    {
        Lods[0] =
        {
            Sections[1] =
            {
                Sections[0] = { Material=Material3'001_Mesh_Default_MatM', FirstIndex=0, NumFaces=506 }
            }
            NumVerts = 798
            IndexCount = 1518
            NumTexCoords = 1
        }
    }
    LodCount = 1

Object info:
============
ClassName: StaticMesh3 ObjectName: 060270_Autoscale_FX_MESH003

    BodySetup = None
    UseSimpleLineCollision = false
    UseSimpleBoxCollision = false
    UseSimpleRigidBodyCollision = false
    UseFullPrecisionUVs = false
    Bounds =
    {
        Origin = { X=-0.3563, Y=0.07865, Z=34.1224 }
        BoxExtent = { X=2.7676, Y=2.81265, Z=3.02885 }
        SphereRadius = 3.02885
    }
    CanCompressPositions = false
    CanStripNormalsAndTangents = false
    InternalVersion = 18


    Lods[1] =
    {
        Lods[0] =
        {
            Sections[1] =
            {
                Sections[0] = { Material=Material3'001_Mesh_Default_MatM', FirstIndex=0, NumFaces=80 }
            }
            NumVerts = 104
            IndexCount = 240
            NumTexCoords = 1
        }
    }
    LodCount = 1

Object info:
============
ClassName: StaticMesh3 ObjectName: 060270_Autoscale_FX_MESH004

    BodySetup = None
    UseSimpleLineCollision = false
    UseSimpleBoxCollision = false
    UseSimpleRigidBodyCollision = false
    UseFullPrecisionUVs = false
    Bounds =
    {
        Origin = { X=-0.07335, Y=0.23575, Z=6.6859 }
        BoxExtent = { X=1.72685, Y=1.77165, Z=33.4957 }
        SphereRadius = 33.4966
    }
    CanCompressPositions = false
    CanStripNormalsAndTangents = false
    InternalVersion = 18


    Lods[1] =
    {
        Lods[0] =
        {
            Sections[1] =
            {
                Sections[0] = { Material=Material3'001_Mesh_Default_MatM', FirstIndex=0, NumFaces=320 }
            }
            NumVerts = 396
            IndexCount = 960
            NumTexCoords = 1
        }
    }
    LodCount = 1
