Found 32768 game files (1766 skipped)
Loading package: 00050691.upk Ver: 573/1 Engine: 4205 Names: 143 Exports: 88 Imports: 13 Game: 801A
Loading SkeletalMesh3 SandFanaticNamed from package 00050691.upk
WARNING: FloatProperty "USkeletalMesh3::AnimNameHeight" was not found
WARNING: FloatProperty "USkeletalMesh3::NormalNameHeight" was not found
WARNING: FloatProperty "USkeletalMesh3::LowNameHeight" was not found
Loading package: 00050690.upk Ver: 573/1 Engine: 4205 Names: 91 Exports: 1 Imports: 20 Game: 801A
Loading SkeletalMeshSocket SkeletalMeshSocket_86 from package 00050691.upk
WARNING: ObjectProperty "USkeletalMeshSocket::PreviewSkelMesh" was not found
Loading SkeletalMeshSocket SkeletalMeshSocket_87 from package 00050691.upk
Loading SkeletalMeshSocket SkeletalMeshSocket_88 from package 00050691.upk
WARNING: BoolProperty "USkeletalMeshSocket::bParticleAttachPosOnly" was not found
Loading SkeletalMeshSocket SkeletalMeshSocket_89 from package 00050691.upk
Loading SkeletalMeshSocket SkeletalMeshSocket_90 from package 00050691.upk
Loading SkeletalMeshSocket SkeletalMeshSocket_91 from package 00050691.upk
Loading SkeletalMeshSocket SkeletalMeshSocket_92 from package 00050691.upk
Loading SkeletalMeshSocket SkeletalMeshSocket_93 from package 00050691.upk
Loading SkeletalMeshSocket SkeletalMeshSocket_94 from package 00050691.upk
Loading SkeletalMeshSocket SkeletalMeshSocket_95 from package 00050691.upk
Loading SkeletalMeshSocket SkeletalMeshSocket_96 from package 00050691.upk
Loading MaterialInstanceConstant col1 from package 00050690.upk
Loading package: 00050689.upk Ver: 573/1 Engine: 4205 Names: 33 Exports: 5 Imports: 2 Game: 801A
Loading package: 00002640.upk Ver: 573/1 Engine: 4205 Names: 291 Exports: 507 Imports: 3 Game: 801A
Loading package: 00002620.upk Ver: 573/1 Engine: 4205 Names: 576 Exports: 7687 Imports: 96 Game: 801A
Loading Texture2D SandFanaticNamed_col1_N from package 00050689.upk
Loading Texture2D SandFanaticNamed_col1_M from package 00050689.upk
Loading Texture2D SandFanaticNamed_Col1_D from package 00050689.upk
Loading Texture2D SandFanaticNamed_col1_S from package 00050689.upk
Loading TextureCube lenscube from package 00002640.upk
Loading Texture2D SandFanaticNamed_col1_E from package 00050689.upk
Loading Material3 Basic from package 00002620.upk
Loading package: 00012963.upk Ver: 573/1 Engine: 4205 Names: 1386 Exports: 1362 Imports: 10 Game: 801A
Loading Texture2D CubemapFace0 from package 00002640.upk
Loading Texture2D CubemapFace1 from package 00002640.upk
Loading Texture2D CubemapFace2 from package 00002640.upk
Loading Texture2D CubemapFace3 from package 00002640.upk
Loading Texture2D CubemapFace4 from package 00002640.upk
Loading Texture2D CubemapFace5 from package 00002640.upk
Loading Texture2D check_n from package 00002620.upk
Loading Texture2D check from package 00002620.upk
Loading Texture2D Smoke_Pattern_001 from package 00012963.upk
Loading Texture2D Gradient_Line_003 from package 00012963.upk
Loading Texture2D Gradient_Wipe_BurnOut_Mask_TEST from package 00012963.upk
Loading Texture2D Gradient_Wipe_BurnOut_Mask from package 00012963.upk
Loaded in 0.16 sec, 3092 allocs, 4.15 MBytes serialized in 566960 calls.

Object info:
============
ClassName: SkeletalMesh3 ObjectName: SandFanaticNamed

    LODInfo[1] =
    {
        LODInfo[0] =
        {
            DisplayFactor = 0
            LODHysteresis = 0.02
            LODMaterialMap[0] = {}
            bEnableShadowCasting[1] = { true }
        }
    }
    Sockets[11] =
    {
        Sockets[0] = SkeletalMeshSocket'SandFanaticNamed.SkeletalMeshSocket_86'
        Sockets[1] = SkeletalMeshSocket'SandFanaticNamed.SkeletalMeshSocket_87'
        Sockets[2] = SkeletalMeshSocket'SandFanaticNamed.SkeletalMeshSocket_88'
        Sockets[3] = SkeletalMeshSocket'SandFanaticNamed.SkeletalMeshSocket_89'
        Sockets[4] = SkeletalMeshSocket'SandFanaticNamed.SkeletalMeshSocket_90'
        Sockets[5] = SkeletalMeshSocket'SandFanaticNamed.SkeletalMeshSocket_91'
        Sockets[6] = SkeletalMeshSocket'SandFanaticNamed.SkeletalMeshSocket_92'
        Sockets[7] = SkeletalMeshSocket'SandFanaticNamed.SkeletalMeshSocket_93'
        Sockets[8] = SkeletalMeshSocket'SandFanaticNamed.SkeletalMeshSocket_94'
        Sockets[9] = SkeletalMeshSocket'SandFanaticNamed.SkeletalMeshSocket_95'
        Sockets[10] = SkeletalMeshSocket'SandFanaticNamed.SkeletalMeshSocket_96'
    }
    bHasVertexColors = false
    EnableTwistBoneFixers = true
    EnableClavicleFixer = true
    Materials[1] = { MaterialInstanceConstant'col1' }


    Lods[1] =
    {
        Lods[0] =
        {
            Sections[1] =
            {
                Sections[0] = { Material=MaterialInstanceConstant'col1', FirstIndex=0, NumFaces=15238 }
            }
            NumVerts = 10382
            IndexCount = 45714
            NumTexCoords = 1
        }
    }
    LodCount = 1
    MeshOrigin = { X=-0, Y=-0, Z=-0 }
    MeshScale = { X=1, Y=1, Z=1 }
    RotOrigin = { Yaw=0, Pitch=0, Roll=0 }
    BoneCount = 48

Object info:
============
ClassName: SkeletalMeshSocket ObjectName: SkeletalMeshSocket_86

    SocketName = WeaponR
    BoneName = WeaponR
    RelativeLocation = { X=0, Y=0, Z=0 }
    RelativeRotation = { Yaw=0, Pitch=0, Roll=0 }
    RelativeScale = { X=1, Y=1, Z=1 }

Object info:
============
ClassName: SkeletalMeshSocket ObjectName: SkeletalMeshSocket_87

    SocketName = target_high
    BoneName = Bip01Head
    RelativeLocation = { X=3, Y=-5, Z=0 }
    RelativeRotation = { Yaw=0, Pitch=0, Roll=0 }
    RelativeScale = { X=1, Y=1, Z=1 }

Object info:
============
ClassName: SkeletalMeshSocket ObjectName: SkeletalMeshSocket_88

    SocketName = ATTACH_EFFECT
    BoneName = Bip01
    RelativeLocation = { X=10.1418, Y=0, Z=0 }
    RelativeRotation = { Yaw=0, Pitch=0, Roll=0 }
    RelativeScale = { X=1, Y=1, Z=1 }

Object info:
============
ClassName: SkeletalMeshSocket ObjectName: SkeletalMeshSocket_89

    SocketName = Mount_Socket
    BoneName = Bip01Spine1
    RelativeLocation = { X=0, Y=0, Z=0 }
    RelativeRotation = { Yaw=0, Pitch=0, Roll=-16384 }
    RelativeScale = { X=1, Y=1, Z=1 }

Object info:
============
ClassName: SkeletalMeshSocket ObjectName: SkeletalMeshSocket_90

    SocketName = socket_force
    BoneName = Root
    RelativeLocation = { X=55.7625, Y=33, Z=-10 }
    RelativeRotation = { Yaw=0, Pitch=0, Roll=0 }
    RelativeScale = { X=1, Y=1, Z=1 }

Object info:
============
ClassName: SkeletalMeshSocket ObjectName: SkeletalMeshSocket_91

    SocketName = Catch_Neck
    BoneName = Bip01Neck
    RelativeLocation = { X=0, Y=0, Z=0 }
    RelativeRotation = { Yaw=0, Pitch=0, Roll=0 }
    RelativeScale = { X=1, Y=1, Z=1 }

Object info:
============
ClassName: SkeletalMeshSocket ObjectName: SkeletalMeshSocket_92

    SocketName = Catch_Back
    BoneName = Bip01Spine2
    RelativeLocation = { X=0, Y=10.9257, Z=0 }
    RelativeRotation = { Yaw=0, Pitch=0, Roll=0 }
    RelativeScale = { X=1, Y=1, Z=1 }

Object info:
============
ClassName: SkeletalMeshSocket ObjectName: SkeletalMeshSocket_93

    SocketName = Decap_Socket
    BoneName = Bip01Neck
    RelativeLocation = { X=5.41757, Y=5.69433, Z=-1.34381 }
    RelativeRotation = { Yaw=0, Pitch=0, Roll=0 }
    RelativeScale = { X=1, Y=1, Z=1 }

Object info:
============
ClassName: SkeletalMeshSocket ObjectName: SkeletalMeshSocket_94

    SocketName = WeaponL
    BoneName = WeaponL
    RelativeLocation = { X=0, Y=0, Z=0 }
    RelativeRotation = { Yaw=0, Pitch=0, Roll=0 }
    RelativeScale = { X=1, Y=1, Z=1 }

Object info:
============
ClassName: SkeletalMeshSocket ObjectName: SkeletalMeshSocket_95

    SocketName = Mount_Ambar_Socket
    BoneName = Bip01LClavicle
    RelativeLocation = { X=-10, Y=-2, Z=-12 }
    RelativeRotation = { Yaw=-285, Pitch=9970, Roll=22850 }
    RelativeScale = { X=1, Y=1, Z=1 }

Object info:
============
ClassName: SkeletalMeshSocket ObjectName: SkeletalMeshSocket_96

    SocketName = Mount_Choke_Socket
    BoneName = Root
    RelativeLocation = { X=3.70032, Y=-4.53143e-016, Z=11.5 }
    RelativeRotation = { Yaw=32768, Pitch=0, Roll=0 }
    RelativeScale = { X=1, Y=1, Z=1 }
