Found 32768 game files (1766 skipped)
Loading package: 00050999.upk Ver: 573/1 Engine: 4205 Names: 99 Exports: 17 Imports: 14 Game: 801A
Loading SkeletalMesh3 040320_GonF from package 00050999.upk
Loading package: 00051001.upk Ver: 573/1 Engine: 4205 Names: 122 Exports: 3 Imports: 29 Game: 801A
Loading MaterialInstanceConstant col1 from package 00051001.upk
Loading package: 00051000.upk Ver: 573/1 Engine: 4205 Names: 34 Exports: 6 Imports: 2 Game: 801A
Loading package: 00008613.upk Ver: 573/1 Engine: 4205 Names: 95 Exports: 6 Imports: 12 Game: 801A
Loading package: 00002620.upk Ver: 573/1 Engine: 4205 Names: 576 Exports: 7687 Imports: 96 Game: 801A
Loading MaterialInstanceConstant col1_Acc from package 00051001.upk
Loading package: 00002640.upk Ver: 573/1 Engine: 4205 Names: 291 Exports: 507 Imports: 3 Game: 801A
Loading MaterialInstanceConstant Op from package 00051001.upk
Loading package: 00026887.upk Ver: 573/1 Engine: 4205 Names: 54 Exports: 17 Imports: 3 Game: 801A
Loading Texture2D KunN_018_col1_D from package 00051000.upk
Loading Texture2D KunN_018_col1_N from package 00051000.upk
Loading Texture2D Nothing_A from package 00008613.upk
Loading Material3 Beard_Ac from package 00002620.upk
Loading package: 00012963.upk Ver: 573/1 Engine: 4205 Names: 1386 Exports: 1362 Imports: 10 Game: 801A
Loading Texture2D 040320_JinF_col1_N from package 00051000.upk
Loading Texture2D 040320_JinF_col1_M from package 00051000.upk
Loading Texture2D 040320_JinF_col1_D from package 00051000.upk
Loading Texture2D 040320_JinF_col1_S from package 00051000.upk
Loading TextureCube cube_cst from package 00002640.upk
Loading Texture2D check from package 00002620.upk
Loading Material3 Body from package 00002620.upk
Loading TextureCube Cube from package 00026887.upk
Loading Material3 Blend_OP from package 00002620.upk
Loading Texture2D check_n from package 00002620.upk
Loading Texture2D Noise_Glass_000 from package 00012963.upk
Loading Texture2D Smoke_Pattern_001 from package 00012963.upk
Loading Texture2D Gradient_Wipe_BurnOut_Mask_TEST from package 00012963.upk
Loading Texture2D Gradient_Wipe_BurnOut_Mask from package 00012963.upk
Loading Texture2D Gradient_Line_003 from package 00012963.upk
Loading Texture2D CubemapFace0 from package 00002640.upk
Loading Texture2D CubemapFace1 from package 00002640.upk
Loading Texture2D CubemapFace2 from package 00002640.upk
Loading Texture2D CubemapFace3 from package 00002640.upk
Loading Texture2D CubemapFace4 from package 00002640.upk
Loading Texture2D CubemapFace5 from package 00002640.upk
Loading Texture2D CubemapFace0 from package 00026887.upk
Loading Texture2D CubemapFace1 from package 00026887.upk
Loading Texture2D CubemapFace2 from package 00026887.upk
Loading Texture2D CubemapFace3 from package 00026887.upk
Loading Texture2D CubemapFace4 from package 00026887.upk
Loading Texture2D CubemapFace5 from package 00026887.upk
Loaded in 0.34 sec, 3452 allocs, 1.82 MBytes serialized in 225213 calls.

Object info:
============
ClassName: SkeletalMesh3 ObjectName: 040320_GonF

    LODInfo[1] =
    {
        LODInfo[0] =
        {
            DisplayFactor = 0
            LODHysteresis = 0.02
            LODMaterialMap[0] = {}
            bEnableShadowCasting[3] = { true, true, true }
        }
    }
    Sockets[0] = {}
    bHasVertexColors = false
    EnableTwistBoneFixers = true
    EnableClavicleFixer = true
    Materials[3] =
    {
        Materials[0] = MaterialInstanceConstant'col1'
        Materials[1] = MaterialInstanceConstant'col1_Acc'
        Materials[2] = MaterialInstanceConstant'Op'
    }


    Lods[1] =
    {
        Lods[0] =
        {
            Sections[3] =
            {
                Sections[0] = { Material=MaterialInstanceConstant'col1_Acc', FirstIndex=0, NumFaces=565 }
                Sections[1] = { Material=MaterialInstanceConstant'Op', FirstIndex=1695, NumFaces=56 }
                Sections[2] = { Material=MaterialInstanceConstant'col1', FirstIndex=1863, NumFaces=955 }
            }
            NumVerts = 1049
            IndexCount = 4728
            NumTexCoords = 1
        }
    }
    LodCount = 1
    MeshOrigin = { X=-0, Y=-0, Z=-0 }
    MeshScale = { X=1, Y=1, Z=1 }
    RotOrigin = { Yaw=0, Pitch=0, Roll=0 }
    BoneCount = 12
