Found 32768 game files (1222 skipped)
Loading package: 00055408.upk Ver: 573/1 Engine: 4205 Names: 121 Exports: 97 Imports: 16 Game: 801A
Loading SkeletalMesh3 040341_LynM from package 00055408.upk
Loading package: 00055410.upk Ver: 573/1 Engine: 4205 Names: 52 Exports: 1 Imports: 16 Game: 801A
Loading package: 00055317.upk Ver: 573/1 Engine: 4205 Names: 151 Exports: 5 Imports: 33 Game: 801A
Loading MaterialInstanceConstant col1 from package 00055410.upk
Loading package: 00002794.upk Ver: 573/1 Engine: 4205 Names: 29 Exports: 2 Imports: 2 Game: 801A
Loading package: 00002620.upk Ver: 573/1 Engine: 4205 Names: 576 Exports: 7687 Imports: 96 Game: 801A
Loading MaterialInstanceConstant Col_Hair_Acc from package 00055317.upk
Loading package: 00055318.upk Ver: 573/1 Engine: 4205 Names: 36 Exports: 6 Imports: 2 Game: 801A
Loading package: 00002640.upk Ver: 573/1 Engine: 4205 Names: 291 Exports: 507 Imports: 3 Game: 801A
Loading package: 00025178.upk Ver: 573/1 Engine: 4205 Names: 76 Exports: 46 Imports: 2 Game: 801A
Loading MaterialInstanceConstant col1_fur from package 00055317.upk
Loading MaterialInstanceConstant col1_fur_02 from package 00055317.upk
Loading Texture2D GonM_003_col1_d from package 00002794.upk
Loading Texture2D GonM_003_col1_N from package 00002794.upk
Loading Material3 Beard_Ac from package 00002620.upk
Loading package: 00012963.upk Ver: 573/1 Engine: 4205 Names: 1349 Exports: 1323 Imports: 10 Game: 801A
Loading package: 00008613.upk Ver: 573/1 Engine: 4205 Names: 95 Exports: 6 Imports: 12 Game: 801A
Loading Texture2D 040341_JinM_col1_N from package 00055318.upk
Loading TextureCube cube_orb2 from package 00002640.upk
Loading Texture2D check from package 00002620.upk
Loading Texture2D 040341_JinM_col1_S from package 00055318.upk
Loading Texture2D 040341_JinM_col1_M from package 00055318.upk
Loading Texture2D 040341_JinM_col1_D from package 00055318.upk
Loading Texture2D Mask_Default from package 00025178.upk
Loading Material3 Custom_B from package 00002620.upk
Loading Texture2D Fur_Tape1_N from package 00055318.upk
Loading Texture2D Fur_Tape1_D from package 00055318.upk
Loading Material3 Beard_Fur from package 00002620.upk
Loading Texture2D check_n from package 00002620.upk
Loading Texture2D Noise_Glass_000 from package 00012963.upk
Loading Texture2D Smoke_Pattern_001 from package 00012963.upk
Loading Texture2D Gradient_Wipe_BurnOut_Mask_TEST from package 00012963.upk
Loading Texture2D Gradient_Wipe_BurnOut_Mask from package 00012963.upk
Loading Texture2D Gradient_Line_003 from package 00012963.upk
Loading Texture2D Nothing_A from package 00008613.upk
Loading Texture2D CubemapFace0 from package 00002640.upk
Loading Texture2D CubemapFace1 from package 00002640.upk
Loading Texture2D CubemapFace2 from package 00002640.upk
Loading Texture2D CubemapFace3 from package 00002640.upk
Loading Texture2D CubemapFace4 from package 00002640.upk
Loading Texture2D CubemapFace5 from package 00002640.upk
Loaded in 0.22 sec, 3506 allocs, 2.30 MBytes serialized in 386601 calls.

Object info:
============
ClassName: SkeletalMesh3 ObjectName: 040341_LynM

    LODInfo[1] =
    {
        LODInfo[0] =
        {
            DisplayFactor = 0
            LODHysteresis = 0.02
            LODMaterialMap[0] = {}
            bEnableShadowCasting[5] = { true, true, true, true, true }
        }
    }
    Sockets[0] = {}
    bHasVertexColors = false
    EnableTwistBoneFixers = true
    EnableClavicleFixer = true
    Materials[5] =
    {
        Materials[0] = MaterialInstanceConstant'col1'
        Materials[1] = MaterialInstanceConstant'Col_Hair_Acc'
        Materials[2] = MaterialInstanceConstant'col1_fur'
        Materials[3] = MaterialInstanceConstant'col1_fur_02'
        Materials[4] = MaterialInstanceConstant'col1'
    }


    Lods[1] =
    {
        Lods[0] =
        {
            Sections[5] =
            {
                Sections[0] = { Material=MaterialInstanceConstant'col1', FirstIndex=0, NumFaces=476 }
                Sections[1] = { Material=MaterialInstanceConstant'Col_Hair_Acc', FirstIndex=1428, NumFaces=2530 }
                Sections[2] = { Material=MaterialInstanceConstant'col1_fur', FirstIndex=9018, NumFaces=960 }
                Sections[3] = { Material=MaterialInstanceConstant'col1_fur_02', FirstIndex=11898, NumFaces=480 }
                Sections[4] = { Material=MaterialInstanceConstant'col1', FirstIndex=13338, NumFaces=84 }
            }
            NumVerts = 5559
            IndexCount = 13590
            NumTexCoords = 1
        }
    }
    LodCount = 1
    MeshOrigin = { X=-0, Y=-0, Z=-0 }
    MeshScale = { X=1, Y=1, Z=1 }
    RotOrigin = { Yaw=0, Pitch=0, Roll=0 }
    BoneCount = 27
