Found 32768 game files (1766 skipped)
Loading package: 00055078.upk Ver: 573/1 Engine: 4205 Names: 223 Exports: 111 Imports: 23 Game: 801A
Loading SkeletalMesh3 65013_GonM from package 00055078.upk
WARNING: FloatProperty "USkeletalMesh3::AutoScale" was not found
WARNING: FloatProperty "USkeletalMesh3::EffectScale" was not found
WARNING: ObjectProperty "USkeletalMesh3::MeshFactorSet" was not found
WARNING: ObjectProperty "USkeletalMesh3::PhysMaterialOverride" was not found
WARNING: ObjectProperty "USkeletalMesh3::PlaySoundSet" was not found
WARNING: FloatProperty "USkeletalMesh3::AddFootOffsetValue" was not found
WARNING: FloatProperty "USkeletalMesh3::AnimNameHeight" was not found
WARNING: FloatProperty "USkeletalMesh3::NormalNameHeight" was not found
WARNING: ArrayProperty "USkeletalMesh3::NameplateMeshScaleRatio" was not found
WARNING: StructProperty "USkeletalMesh3::NameplateHeightRatio" was not found
WARNING: ArrayProperty "USkeletalMesh3::MeshScaleRatio" was not found
WARNING: StructProperty "USkeletalMesh3::HeightRatio" was not found
WARNING: StructProperty "USkeletalMesh3::HandRatio" was not found
WARNING: ByteProperty "USkeletalMesh3::CommonPhysicsUseFlag" was not found
WARNING: FloatProperty "USkeletalMesh3::PhysicalHitScale" was not found
Loading package: 00055080.upk Ver: 573/1 Engine: 4205 Names: 94 Exports: 1 Imports: 22 Game: 801A
Loading package: 00008334.upk Ver: 573/1 Engine: 4205 Names: 454 Exports: 329 Imports: 103 Game: 801A
Loading SkeletalMeshSocket SkeletalMeshSocket_1522 from package 00055078.upk
WARNING: ObjectProperty "USkeletalMeshSocket::DependencyParticleSystem" was not found
Loading SkeletalMeshSocket SkeletalMeshSocket_1551 from package 00055078.upk
WARNING: ObjectProperty "USkeletalMeshSocket::DependencyParticleSystem" was not found
Loading MaterialInstanceConstant col1 from package 00055080.upk
Loading package: 00055079.upk Ver: 573/1 Engine: 4205 Names: 30 Exports: 4 Imports: 2 Game: 801A
Loading package: 00002640.upk Ver: 573/1 Engine: 4205 Names: 291 Exports: 507 Imports: 3 Game: 801A
Loading package: 00052824.upk Ver: 573/1 Engine: 4205 Names: 29 Exports: 5 Imports: 2 Game: 801A
Loading package: 00002620.upk Ver: 573/1 Engine: 4205 Names: 576 Exports: 7687 Imports: 96 Game: 801A
Loading MaterialInstanceConstant JinSuYoun_mat2_INST from package 00008334.upk
Loading Texture2D 65013_GonM_col1_N from package 00055079.upk
Loading Texture2D 65013_GonM_col1_M from package 00055079.upk
Loading Texture2D 65013_GonM_col1_D from package 00055079.upk
Loading Texture2D 65013_GonM_col1_S from package 00055079.upk
Loading TextureCube cube_orb from package 00002640.upk
Loading Texture2D 65013_JinF_col1_E from package 00052824.upk
Loading Material3 Body from package 00002620.upk
Loading package: 00012963.upk Ver: 573/1 Engine: 4205 Names: 1386 Exports: 1362 Imports: 10 Game: 801A
Loading Material3 JinSuYoun_mat2 from package 00008334.upk
Loading Texture2D CubemapFace0 from package 00002640.upk
Loading Texture2D CubemapFace1 from package 00002640.upk
Loading Texture2D CubemapFace2 from package 00002640.upk
Loading Texture2D CubemapFace3 from package 00002640.upk
Loading Texture2D CubemapFace4 from package 00002640.upk
Loading Texture2D CubemapFace5 from package 00002640.upk
Loading Texture2D check_n from package 00002620.upk
Loading Texture2D Noise_Glass_000 from package 00012963.upk
Loading Texture2D Smoke_Pattern_001 from package 00012963.upk
Loading Texture2D Gradient_Wipe_BurnOut_Mask_TEST from package 00012963.upk
Loading Texture2D Gradient_Wipe_BurnOut_Mask from package 00012963.upk
Loading Texture2D check from package 00002620.upk
Loading Texture2D Gradient_Line_003 from package 00012963.upk
Loading Texture2D JinSuYoun_Alpha_Tex from package 00008334.upk
Loading Texture2D Smoke_Cloud_006 from package 00012963.upk
Loading Texture2D Smoke_Cloud_005 from package 00012963.upk
Loading Texture2D Aura_Tail_002 from package 00012963.upk
Loading Texture2D JinSuYoun_Alpha_Tex3 from package 00008334.upk
Loaded in 0.23 sec, 3851 allocs, 4.41 MBytes serialized in 712618 calls.

Object info:
============
ClassName: SkeletalMesh3 ObjectName: 65013_GonM

    LODInfo[2] =
    {
        LODInfo[0] =
        {
            DisplayFactor = 0
            LODHysteresis = 0.02
            LODMaterialMap[0] = {}
            bEnableShadowCasting[2] = { true, true }
        }
        LODInfo[1] =
        {
            DisplayFactor = 0.25
            LODHysteresis = 0.02
            LODMaterialMap[2] = { 0, 1 }
            bEnableShadowCasting[2] = { true, true }
        }
    }
    Sockets[2] =
    {
        Sockets[0] = SkeletalMeshSocket'65013_GonM.SkeletalMeshSocket_1522'
        Sockets[1] = SkeletalMeshSocket'65013_GonM.SkeletalMeshSocket_1551'
    }
    bHasVertexColors = false
    EnableTwistBoneFixers = true
    EnableClavicleFixer = true
    Materials[2] = { MaterialInstanceConstant'col1', MaterialInstanceConstant'JinSuYoun_mat2_INST' }


    Lods[2] =
    {
        Lods[0] =
        {
            Sections[2] =
            {
                Sections[0] = { Material=MaterialInstanceConstant'col1', FirstIndex=0, NumFaces=12978 }
                Sections[1] =
                {
                    Material = MaterialInstanceConstant'JinSuYoun_mat2_INST'
                    FirstIndex = 38934
                    NumFaces = 236
                }
            }
            NumVerts = 10660
            IndexCount = 39642
            NumTexCoords = 1
        }
        Lods[1] =
        {
            Sections[2] =
            {
                Sections[0] = { Material=MaterialInstanceConstant'col1', FirstIndex=0, NumFaces=3087 }
                Sections[1] =
                {
                    Material = MaterialInstanceConstant'JinSuYoun_mat2_INST'
                    FirstIndex = 9261
                    NumFaces = 82
                }
            }
            NumVerts = 2880
            IndexCount = 9507
            NumTexCoords = 1
        }
    }
    LodCount = 2
    MeshOrigin = { X=-0, Y=-0, Z=-0 }
    MeshScale = { X=1, Y=1, Z=1 }
    RotOrigin = { Yaw=0, Pitch=0, Roll=0 }
    BoneCount = 87

Object info:
============
ClassName: SkeletalMeshSocket ObjectName: SkeletalMeshSocket_1522

    SocketName = Particle01
    BoneName = Bip01LCalf
    RelativeLocation = { X=2.51233, Y=7.37664, Z=-4.954 }
    RelativeRotation = { Yaw=-7645, Pitch=2439, Roll=-13694 }
    RelativeScale = { X=1.2, Y=1.2, Z=1.2 }

Object info:
============
ClassName: SkeletalMeshSocket ObjectName: SkeletalMeshSocket_1551

    SocketName = Particle02
    BoneName = Bip01RCalf
    RelativeLocation = { X=0.40219, Y=0, Z=0.169183 }
    RelativeRotation = { Yaw=-6623, Pitch=-247, Roll=-16738 }
    RelativeScale = { X=1.2, Y=1.2, Z=1.2 }
