Found 32768 game files (1766 skipped)
Loading package: 00056016.upk Ver: 573/1 Engine: 4205 Names: 126 Exports: 67 Imports: 30 Game: 801A
Loading SkeletalMesh3 030356_col_T0_Autoscale from package 00056016.upk
WARNING: ObjectProperty "USkeletalMesh3::MeshFactorSet" was not found
WARNING: ObjectProperty "USkeletalMesh3::PhysMaterialOverride" was not found
WARNING: ByteProperty "USkeletalMesh3::ItemPreviewLocType" was not found
WARNING: FloatProperty "USkeletalMesh3::ItemPreviewLocLowerOffset" was not found
Loading package: 00055564.upk Ver: 573/1 Engine: 4205 Names: 103 Exports: 1 Imports: 24 Game: 801A
Loading SkeletalMesh3 030356_col_T1_Autoscale from package 00056016.upk
WARNING: ObjectProperty "USkeletalMesh3::MeshFactorSet" was not found
WARNING: ObjectProperty "USkeletalMesh3::PhysMaterialOverride" was not found
WARNING: ByteProperty "USkeletalMesh3::ItemPreviewLocType" was not found
WARNING: FloatProperty "USkeletalMesh3::ItemPreviewLocLowerOffset" was not found
Loading SkeletalMesh3 030356_col_T2_Autoscale from package 00056016.upk
WARNING: ObjectProperty "USkeletalMesh3::MeshFactorSet" was not found
WARNING: ObjectProperty "USkeletalMesh3::PhysMaterialOverride" was not found
WARNING: ByteProperty "USkeletalMesh3::ItemPreviewLocType" was not found
WARNING: FloatProperty "USkeletalMesh3::ItemPreviewLocLowerOffset" was not found
Loading SkeletalMesh3 030356_col_T3_Autoscale from package 00056016.upk
WARNING: ObjectProperty "USkeletalMesh3::MeshFactorSet" was not found
WARNING: ObjectProperty "USkeletalMesh3::PhysMaterialOverride" was not found
WARNING: ByteProperty "USkeletalMesh3::ItemPreviewLocType" was not found
WARNING: FloatProperty "USkeletalMesh3::ItemPreviewLocLowerOffset" was not found
Loading SkeletalMesh3 030356_col_T4_Autoscale from package 00056016.upk
WARNING: ObjectProperty "USkeletalMesh3::MeshFactorSet" was not found
WARNING: ObjectProperty "USkeletalMesh3::PhysMaterialOverride" was not found
WARNING: ByteProperty "USkeletalMesh3::ItemPreviewLocType" was not found
WARNING: FloatProperty "USkeletalMesh3::ItemPreviewLocLowerOffset" was not found
Loading package: 00055981.upk Ver: 573/1 Engine: 4205 Names: 105 Exports: 2 Imports: 26 Game: 801A
Loading SkeletalMeshSocket SkeletalMeshSocket_416 from package 00056016.upk
WARNING: ObjectProperty "USkeletalMeshSocket::DependencyParticleSystem" was not found
Loading SkeletalMeshSocket SkeletalMeshSocket_533 from package 00056016.upk
WARNING: ObjectProperty "USkeletalMeshSocket::DependencyParticleSystem" was not found
Loading MaterialInstanceConstant col1 from package 00055564.upk
Loading package: 00055563.upk Ver: 573/1 Engine: 4205 Names: 32 Exports: 5 Imports: 2 Game: 801A
Loading package: 00050895.upk Ver: 573/1 Engine: 4205 Names: 153 Exports: 3 Imports: 21 Game: 801A
Loading package: 00002640.upk Ver: 573/1 Engine: 4205 Names: 291 Exports: 507 Imports: 3 Game: 801A
Loading package: 00055982.upk Ver: 573/1 Engine: 4205 Names: 113 Exports: 3 Imports: 25 Game: 801A
Loading package: 00012963.upk Ver: 573/1 Engine: 4205 Names: 1386 Exports: 1362 Imports: 10 Game: 801A
Loading package: 00055978.upk Ver: 573/1 Engine: 4205 Names: 194 Exports: 261 Imports: 54 Game: 801A
Loading MaterialInstanceConstant col1 from package 00055981.upk
Loading Texture2D 030356_Autoscale_col1_N from package 00055563.upk
Loading Texture2D 030356_Autoscale_col1_M from package 00055563.upk
Loading Texture2D 030356_Autoscale_col1_D from package 00055563.upk
Loading Texture2D Smoke_Pattern_4channel_02 from package 00050895.upk
Loading Texture2D 030356_Autoscale_col1_S from package 00055563.upk
Loading TextureCube lenscube from package 00002640.upk
Loading Texture2D 030356_Autoscale_col1_FX from package 00055982.upk
Loading Texture2D FX_Glow_Trangition from package 00012963.upk
Loading Texture2D 030356_Autoscale_col1_E from package 00055563.upk
Loading Material3 Basic_view_reflect_FX from package 00055978.upk
Loading package: 00002620.upk Ver: 573/1 Engine: 4205 Names: 576 Exports: 7687 Imports: 96 Game: 801A
Loading Texture2D CubemapFace0 from package 00002640.upk
Loading Texture2D CubemapFace1 from package 00002640.upk
Loading Texture2D CubemapFace2 from package 00002640.upk
Loading Texture2D CubemapFace3 from package 00002640.upk
Loading Texture2D CubemapFace4 from package 00002640.upk
Loading Texture2D CubemapFace5 from package 00002640.upk
Loading Texture2D check_n from package 00002620.upk
Loading Texture2D check from package 00002620.upk
Loading Texture2D Smoke_Pattern_001 from package 00012963.upk
Loading Texture2D Gradient_Line_003 from package 00012963.upk
Loaded in 0.18 sec, 3826 allocs, 3.83 MBytes serialized in 607983 calls.

Object info:
============
ClassName: SkeletalMesh3 ObjectName: 030356_col_T0_Autoscale

    LODInfo[1] =
    {
        LODInfo[0] =
        {
            DisplayFactor = 0
            LODHysteresis = 0.02
            LODMaterialMap[0] = {}
            bEnableShadowCasting[1] = { true }
        }
    }
    Sockets[0] = {}
    bHasVertexColors = false
    EnableTwistBoneFixers = true
    EnableClavicleFixer = true
    Materials[1] = { MaterialInstanceConstant'col1' }


    Lods[1] =
    {
        Lods[0] =
        {
            Sections[1] =
            {
                Sections[0] = { Material=MaterialInstanceConstant'col1', FirstIndex=0, NumFaces=3330 }
            }
            NumVerts = 2520
            IndexCount = 9990
            NumTexCoords = 1
        }
    }
    LodCount = 1
    MeshOrigin = { X=-0, Y=-0, Z=-0 }
    MeshScale = { X=1, Y=1, Z=1 }
    RotOrigin = { Yaw=0, Pitch=0, Roll=0 }
    BoneCount = 4

Object info:
============
ClassName: SkeletalMesh3 ObjectName: 030356_col_T1_Autoscale

    LODInfo[1] =
    {
        LODInfo[0] =
        {
            DisplayFactor = 0
            LODHysteresis = 0.02
            LODMaterialMap[0] = {}
            bEnableShadowCasting[1] = { true }
        }
    }
    Sockets[1] = { SkeletalMeshSocket'030356_col_T1_Autoscale.SkeletalMeshSocket_416' }
    bHasVertexColors = false
    EnableTwistBoneFixers = true
    EnableClavicleFixer = true
    Materials[1] = { MaterialInstanceConstant'col1' }


    Lods[1] =
    {
        Lods[0] =
        {
            Sections[1] =
            {
                Sections[0] = { Material=MaterialInstanceConstant'col1', FirstIndex=0, NumFaces=3330 }
            }
            NumVerts = 2520
            IndexCount = 9990
            NumTexCoords = 1
        }
    }
    LodCount = 1
    MeshOrigin = { X=-0, Y=-0, Z=-0 }
    MeshScale = { X=1, Y=1, Z=1 }
    RotOrigin = { Yaw=0, Pitch=0, Roll=0 }
    BoneCount = 4

Object info:
============
ClassName: SkeletalMesh3 ObjectName: 030356_col_T2_Autoscale

    LODInfo[1] =
    {
        LODInfo[0] =
        {
            DisplayFactor = 0
            LODHysteresis = 0.02
            LODMaterialMap[0] = {}
            bEnableShadowCasting[1] = { true }
        }
    }
    Sockets[0] = {}
    bHasVertexColors = false
    EnableTwistBoneFixers = true
    EnableClavicleFixer = true
    Materials[1] = { MaterialInstanceConstant'col1' }


    Lods[1] =
    {
        Lods[0] =
        {
            Sections[1] =
            {
                Sections[0] = { Material=MaterialInstanceConstant'col1', FirstIndex=0, NumFaces=3330 }
            }
            NumVerts = 2520
            IndexCount = 9990
            NumTexCoords = 1
        }
    }
    LodCount = 1
    MeshOrigin = { X=-0, Y=-0, Z=-0 }
    MeshScale = { X=1, Y=1, Z=1 }
    RotOrigin = { Yaw=0, Pitch=0, Roll=0 }
    BoneCount = 4

Object info:
============
ClassName: SkeletalMesh3 ObjectName: 030356_col_T3_Autoscale

    LODInfo[1] =
    {
        LODInfo[0] =
        {
            DisplayFactor = 0
            LODHysteresis = 0.02
            LODMaterialMap[0] = {}
            bEnableShadowCasting[1] = { true }
        }
    }
    Sockets[0] = {}
    bHasVertexColors = false
    EnableTwistBoneFixers = true
    EnableClavicleFixer = true
    Materials[1] = { MaterialInstanceConstant'col1' }


    Lods[1] =
    {
        Lods[0] =
        {
            Sections[1] =
            {
                Sections[0] = { Material=MaterialInstanceConstant'col1', FirstIndex=0, NumFaces=3330 }
            }
            NumVerts = 2520
            IndexCount = 9990
            NumTexCoords = 1
        }
    }
    LodCount = 1
    MeshOrigin = { X=-0, Y=-0, Z=-0 }
    MeshScale = { X=1, Y=1, Z=1 }
    RotOrigin = { Yaw=0, Pitch=0, Roll=0 }
    BoneCount = 4

Object info:
============
ClassName: SkeletalMesh3 ObjectName: 030356_col_T4_Autoscale

    LODInfo[1] =
    {
        LODInfo[0] =
        {
            DisplayFactor = 0
            LODHysteresis = 0.02
            LODMaterialMap[0] = {}
            bEnableShadowCasting[1] = { true }
        }
    }
    Sockets[1] = { SkeletalMeshSocket'030356_col_T4_Autoscale.SkeletalMeshSocket_533' }
    bHasVertexColors = false
    EnableTwistBoneFixers = true
    EnableClavicleFixer = true
    Materials[1] = { MaterialInstanceConstant'col1' }


    Lods[1] =
    {
        Lods[0] =
        {
            Sections[1] =
            {
                Sections[0] = { Material=MaterialInstanceConstant'col1', FirstIndex=0, NumFaces=3330 }
            }
            NumVerts = 2520
            IndexCount = 9990
            NumTexCoords = 1
        }
    }
    LodCount = 1
    MeshOrigin = { X=-0, Y=-0, Z=-0 }
    MeshScale = { X=1, Y=1, Z=1 }
    RotOrigin = { Yaw=0, Pitch=0, Roll=0 }
    BoneCount = 4

Object info:
============
ClassName: SkeletalMeshSocket ObjectName: SkeletalMeshSocket_416

    SocketName = FX_Add
    BoneName = WeaponRoot
    RelativeLocation = { X=-1.5, Y=3, Z=-0.7 }
    RelativeRotation = { Yaw=0, Pitch=0, Roll=0 }
    RelativeScale = { X=1, Y=1, Z=1 }

Object info:
============
ClassName: SkeletalMeshSocket ObjectName: SkeletalMeshSocket_533

    SocketName = FX_Add
    BoneName = WeaponRoot
    RelativeLocation = { X=-1, Y=3.5, Z=-0.5 }
    RelativeRotation = { Yaw=0, Pitch=0, Roll=0 }
    RelativeScale = { X=1, Y=1, Z=1 }
