Found 32768 game files (1766 skipped)
Loading package: 00054307.upk Ver: 573/1 Engine: 4205 Names: 143 Exports: 157 Imports: 12 Game: 801A
Loading SkeletalMesh3 020041_LynM from package 00054307.upk
Loading package: 00053113.upk Ver: 573/1 Engine: 4205 Names: 68 Exports: 1 Imports: 17 Game: 801A
Loading MaterialInstanceConstant col3 from package 00053113.upk
Loading package: 00051236.upk Ver: 573/1 Engine: 4205 Names: 40 Exports: 12 Imports: 4 Game: 801A
Loading package: 00002620.upk Ver: 573/1 Engine: 4205 Names: 576 Exports: 7687 Imports: 96 Game: 801A
Loading Texture2D 020041_LynM_col1_N from package 00051236.upk
Loading Texture2D 020041_LynM_col1_M from package 00051236.upk
Loading Texture2D 020041_LynM_col3_D from package 00051236.upk
Loading Texture2D 020041_LynM_col3_S from package 00051236.upk
Loading Material3 Fur from package 00002620.upk
Loading package: 00012963.upk Ver: 573/1 Engine: 4205 Names: 1386 Exports: 1362 Imports: 10 Game: 801A
Loading Texture2D check from package 00002620.upk
Loading Texture2D check_n from package 00002620.upk
Loading Texture2D Noise_Glass_000 from package 00012963.upk
Loading Texture2D Smoke_Pattern_001 from package 00012963.upk
Loading Texture2D Gradient_Wipe_BurnOut_Mask_TEST from package 00012963.upk
Loading Texture2D Gradient_Wipe_BurnOut_Mask from package 00012963.upk
Loading Texture2D Gradient_Line_003 from package 00012963.upk
Loaded in 0.11 sec, 2603 allocs, 3.91 MBytes serialized in 341125 calls.

Object info:
============
ClassName: SkeletalMesh3 ObjectName: 020041_LynM

    LODInfo[1] =
    {
        LODInfo[0] =
        {
            DisplayFactor = 0
            LODHysteresis = 0.02
            LODMaterialMap[0] = {}
            bEnableShadowCasting[1] = { true }
        }
    }
    Sockets[0] = {}
    bHasVertexColors = false
    EnableTwistBoneFixers = true
    EnableClavicleFixer = true
    Materials[1] = { MaterialInstanceConstant'col3' }


    Lods[1] =
    {
        Lods[0] =
        {
            Sections[1] =
            {
                Sections[0] = { Material=MaterialInstanceConstant'col3', FirstIndex=0, NumFaces=6451 }
            }
            NumVerts = 4175
            IndexCount = 19353
            NumTexCoords = 1
        }
    }
    LodCount = 1
    MeshOrigin = { X=-0, Y=-0, Z=-0 }
    MeshScale = { X=1, Y=1, Z=1 }
    RotOrigin = { Yaw=0, Pitch=0, Roll=0 }
    BoneCount = 39
