Found 32768 game files (1222 skipped)
Loading package: 00052967.upk Ver: 573/1 Engine: 4205 Names: 158 Exports: 2 Imports: 34 Game: 801A
Loading MaterialInstanceConstant col1 from package 00052967.upk
Loading package: 00052966.upk Ver: 573/1 Engine: 4205 Names: 30 Exports: 4 Imports: 2 Game: 801A
Loading package: 00002640.upk Ver: 573/1 Engine: 4205 Names: 291 Exports: 507 Imports: 3 Game: 801A
Loading package: 00002620.upk Ver: 573/1 Engine: 4205 Names: 576 Exports: 7687 Imports: 96 Game: 801A
Loading package: 00025178.upk Ver: 573/1 Engine: 4205 Names: 76 Exports: 46 Imports: 2 Game: 801A
Loading MaterialInstanceConstant col1_1 from package 00052967.upk
Loading package: 00048974.upk Ver: 573/1 Engine: 4205 Names: 36 Exports: 8 Imports: 2 Game: 801A
Loading package: 00048973.upk Ver: 573/1 Engine: 4205 Names: 119 Exports: 3 Imports: 28 Game: 801A
Loading package: 00048421.upk Ver: 573/1 Engine: 4205 Names: 212 Exports: 297 Imports: 57 Game: 801A
Loading Texture2D 0016_JinM_col1_N from package 00052966.upk
Loading TextureCube lenscube_a from package 00002640.upk
Loading Texture2D check from package 00002620.upk
Loading Texture2D 0016_JinM_col1_S from package 00052966.upk
Loading Texture2D 0016_JinM_col1_M from package 00052966.upk
Loading Texture2D 0016_JinM_col1_D from package 00052966.upk
Loading Texture2D Mask_ck1 from package 00025178.upk
Loading Material3 Custom_B from package 00002620.upk
Loading package: 00012963.upk Ver: 573/1 Engine: 4205 Names: 1349 Exports: 1323 Imports: 10 Game: 801A
Loading Texture2D 10128_JinM_col1_Acc_N from package 00048974.upk
Loading Texture2D 10128_JinM_col1_Acc_M from package 00048974.upk
Loading Texture2D 10128_JinM_col1_Acc_D from package 00048974.upk
Loading Texture2D 10128_JinM_col1_Acc_S from package 00048974.upk
Loading TextureCube Cube_D from package 00002640.upk
Loading Texture2D 10128_JinM_col1_Acc_FX from package 00048973.upk
Loading Material3 Body_Rose_Fx from package 00048421.upk
Loading package: 00012850.upk Ver: 573/1 Engine: 4205 Names: 1924 Exports: 31631 Imports: 705 Game: 801A
Loading Texture2D CubemapFace0 from package 00002640.upk
Loading Texture2D CubemapFace1 from package 00002640.upk
Loading Texture2D CubemapFace2 from package 00002640.upk
Loading Texture2D CubemapFace3 from package 00002640.upk
Loading Texture2D CubemapFace4 from package 00002640.upk
Loading Texture2D CubemapFace5 from package 00002640.upk
Loading Texture2D Mask_Default from package 00025178.upk
Loading Texture2D check_n from package 00002620.upk
Loading Texture2D Noise_Glass_000 from package 00012963.upk
Loading Texture2D Smoke_Pattern_001 from package 00012963.upk
Loading Texture2D Gradient_Wipe_BurnOut_Mask_TEST from package 00012963.upk
Loading Texture2D Gradient_Wipe_BurnOut_Mask from package 00012963.upk
Loading Texture2D Gradient_Line_003 from package 00012963.upk
Loading Texture2D CubemapFace0 from package 00002640.upk
Loading Texture2D CubemapFace1 from package 00002640.upk
Loading Texture2D CubemapFace2 from package 00002640.upk
Loading Texture2D CubemapFace3 from package 00002640.upk
Loading Texture2D CubemapFace4 from package 00002640.upk
Loading Texture2D CubemapFace5 from package 00002640.upk
Loading Texture2D FX_Fatman_Invincible_PC_N from package 00012850.upk
Loaded in 0.36 sec, 5742 allocs, 7.31 MBytes serialized in 777074 calls.

Object info:
============
ClassName: MaterialInstanceConstant ObjectName: col1

    ScalarParameterValues[24] =
    {
        ScalarParameterValues[0] = { ParameterName=Transmission_value, ParameterValue=0 }
        ScalarParameterValues[1] = { ParameterName=Skin_glossiness, ParameterValue=80 }
        ScalarParameterValues[2] = { ParameterName=Skin_Spec_value, ParameterValue=2 }
        ScalarParameterValues[3] = { ParameterName=HighLight_Value, ParameterValue=0 }
        ScalarParameterValues[4] = { ParameterName=HighLight_glossiness, ParameterValue=100 }
        ScalarParameterValues[5] = { ParameterName=Emissive_value, ParameterValue=2 }
        ScalarParameterValues[6] = { ParameterName=Emissive_value2, ParameterValue=0 }
        ScalarParameterValues[7] = { ParameterName=Fresnel Value, ParameterValue=1 }
        ScalarParameterValues[8] = { ParameterName=Fresnel exponent, ParameterValue=30 }
        ScalarParameterValues[9] = { ParameterName=Skin_Spec_value_X, ParameterValue=1 }
        ScalarParameterValues[10] = { ParameterName=Top_M, ParameterValue=0 }
        ScalarParameterValues[11] = { ParameterName=Under_M, ParameterValue=0 }
        ScalarParameterValues[12] = { ParameterName=Wear_SP, ParameterValue=2 }
        ScalarParameterValues[13] = { ParameterName=Top_SP, ParameterValue=4 }
        ScalarParameterValues[14] = { ParameterName=Under_SP, ParameterValue=5 }
        ScalarParameterValues[15] = { ParameterName=Ac1_SP, ParameterValue=5 }
        ScalarParameterValues[16] = { ParameterName=Point_SP, ParameterValue=3 }
        ScalarParameterValues[17] = { ParameterName=Ac2_SP, ParameterValue=4 }
        ScalarParameterValues[18] = { ParameterName=Ac3_SP, ParameterValue=5 }
        ScalarParameterValues[19] = { ParameterName=long, ParameterValue=1 }
        ScalarParameterValues[20] = { ParameterName=Pattern_Fresnel exponent, ParameterValue=5 }
        ScalarParameterValues[21] = { ParameterName=Pattern_Fresnel Value, ParameterValue=1 }
        ScalarParameterValues[22] = { ParameterName=over_exponent, ParameterValue=5 }
        ScalarParameterValues[23] = { ParameterName=Wear_Spec_value, ParameterValue=1 }
    }
    TextureParameterValues[8] =
    {
        TextureParameterValues[0] = { ParameterName=N, ParameterValue=Texture2D'0016_JinM_col1_N' }
        TextureParameterValues[1] = { ParameterName=rf_cube, ParameterValue=TextureCube'lenscube_a' }
        TextureParameterValues[2] = { ParameterName=Emissive, ParameterValue=Texture2D'check' }
        TextureParameterValues[3] = { ParameterName=S, ParameterValue=Texture2D'0016_JinM_col1_S' }
        TextureParameterValues[4] = { ParameterName=M, ParameterValue=Texture2D'0016_JinM_col1_M' }
        TextureParameterValues[5] = { ParameterName=D, ParameterValue=Texture2D'0016_JinM_col1_D' }
        TextureParameterValues[6] = { ParameterName=Top_Pattern, ParameterValue=Texture2D'Mask_ck1' }
        TextureParameterValues[7] = { ParameterName=Under_Pattern, ParameterValue=Texture2D'Mask_ck1' }
    }
    VectorParameterValues[31] =
    {
        VectorParameterValues[0] =
        {
            ParameterName = Mesh_trangition
            ParameterValue = { R=0.812242, G=0.812242, B=0.812242, A=1 }
        }
        VectorParameterValues[1] =
        {
            ParameterName = Skin_Specular
            ParameterValue = { R=1, G=1, B=1, A=1 }
        }
        VectorParameterValues[2] =
        {
            ParameterName = Reflection_value
            ParameterValue = { R=0.804559, G=0.804559, B=0.804559, A=1 }
        }
        VectorParameterValues[3] =
        {
            ParameterName = HighLight_Color
            ParameterValue = { R=1, G=1, B=1, A=1 }
        }
        VectorParameterValues[4] =
        {
            ParameterName = Fresnel_color
            ParameterValue = { R=0.436813, G=0.436813, B=0.436813, A=1 }
        }
        VectorParameterValues[5] =
        {
            ParameterName = Fresnel_Power
            ParameterValue = { R=0, G=0, B=0, A=1 }
        }
        VectorParameterValues[6] =
        {
            ParameterName = skin_color
            ParameterValue = { R=1, G=1, B=1, A=1 }
        }
        VectorParameterValues[7] =
        {
            ParameterName = Burn_Color
            ParameterValue = { R=0.151058, G=0.151058, B=0.151058, A=1 }
        }
        VectorParameterValues[8] =
        {
            ParameterName = Top_S
            ParameterValue = { R=0.88318, G=0.012664, B=0.016988, A=1 }
        }
        VectorParameterValues[9] =
        {
            ParameterName = Top_L
            ParameterValue = { R=0.517401, G=0.010398, B=0.030257, A=1 }
        }
        VectorParameterValues[10] =
        {
            ParameterName = Top_D
            ParameterValue = { R=0.288816, G=0.009696, B=0.000992, A=1 }
        }
        VectorParameterValues[11] =
        {
            ParameterName = Under_S
            ParameterValue = { R=0.007751, G=0.005028, B=0.004116, A=1 }
        }
        VectorParameterValues[12] =
        {
            ParameterName = Under_L
            ParameterValue = { R=0.005522, G=0.00456, B=0.00456, A=1 }
        }
        VectorParameterValues[13] =
        {
            ParameterName = Under_D
            ParameterValue = { R=0.002586, G=0.002586, B=0.002586, A=1 }
        }
        VectorParameterValues[14] =
        {
            ParameterName = Ac1_S
            ParameterValue = { R=0.708298, G=0.547994, B=0.499505, A=1 }
        }
        VectorParameterValues[15] =
        {
            ParameterName = Ac1_L
            ParameterValue = { R=0.031551, G=0.010398, B=0.007751, A=1 }
        }
        VectorParameterValues[16] =
        {
            ParameterName = Ac1_D
            ParameterValue = { R=0.063815, G=0.020951, B=0.011126, A=1 }
        }
        VectorParameterValues[17] =
        {
            ParameterName = Point_S
            ParameterValue = { R=0.022013, G=0.009021, B=0.003303, A=1 }
        }
        VectorParameterValues[18] =
        {
            ParameterName = Point_L
            ParameterValue = { R=0.022013, G=0.007751, B=0.000992, A=1 }
        }
        VectorParameterValues[19] =
        {
            ParameterName = Point_D
            ParameterValue = { R=0.011881, G=0.003303, B=0, A=1 }
        }
        VectorParameterValues[20] =
        {
            ParameterName = Ac2_S
            ParameterValue = { R=0.096266, G=0.025371, B=0.001202, A=1 }
        }
        VectorParameterValues[21] =
        {
            ParameterName = Ac2_L
            ParameterValue = { R=0.032876, G=0.014311, B=0.002932, A=1 }
        }
        VectorParameterValues[22] =
        {
            ParameterName = Ac2_D
            ParameterValue = { R=0.001963, G=0.001963, B=0.001963, A=1 }
        }
        VectorParameterValues[23] =
        {
            ParameterName = Ac3_S
            ParameterValue = { R=0.91575, G=0.729919, B=0.722673, A=1 }
        }
        VectorParameterValues[24] =
        {
            ParameterName = Ac3_L
            ParameterValue = { R=0.9743, G=0.875138, B=0.766744, A=1 }
        }
        VectorParameterValues[25] =
        {
            ParameterName = Ac3_D
            ParameterValue = { R=0.625345, G=0.715466, B=0.965815, A=1 }
        }
        VectorParameterValues[26] =
        {
            ParameterName = Pattern_Size
            ParameterValue = { R=3.5, G=3.5, B=4, A=4 }
        }
        VectorParameterValues[27] =
        {
            ParameterName = Top_over
            ParameterValue = { R=0, G=0, B=0, A=1 }
        }
        VectorParameterValues[28] =
        {
            ParameterName = Under_over
            ParameterValue = { R=0, G=0, B=0, A=1 }
        }
        VectorParameterValues[29] =
        {
            ParameterName = FOOT_over
            ParameterValue = { R=0, G=0, B=0, A=1 }
        }
        VectorParameterValues[30] =
        {
            ParameterName = Point_over
            ParameterValue = { R=0, G=0, B=0, A=1 }
        }
    }
    Parent = Material3'Custom_B'
    FlattenedTexture = None
    MobileBaseTexture = None
    MobileNormalTexture = None
    bUseMobileSpecular = false
    MobileSpecularPower = 16
    MobileSpecularMask = MSM_Constant (0)
    MobileMaskTexture = None

Object info:
============
ClassName: MaterialInstanceConstant ObjectName: col1_1

    ScalarParameterValues[16] =
    {
        ScalarParameterValues[0] = { ParameterName=Transmission_value, ParameterValue=0 }
        ScalarParameterValues[1] = { ParameterName=Skin_glossiness, ParameterValue=3.5 }
        ScalarParameterValues[2] = { ParameterName=Wear_glossiness1, ParameterValue=10 }
        ScalarParameterValues[3] = { ParameterName=Wear_glossiness2, ParameterValue=60 }
        ScalarParameterValues[4] = { ParameterName=Skin_Spec_value_X, ParameterValue=1 }
        ScalarParameterValues[5] = { ParameterName=Skin_Spec_value, ParameterValue=1 }
        ScalarParameterValues[6] = { ParameterName=Specular_value, ParameterValue=2.5 }
        ScalarParameterValues[7] = { ParameterName=HighLight_Value, ParameterValue=1 }
        ScalarParameterValues[8] = { ParameterName=HighLight_glossiness, ParameterValue=20 }
        ScalarParameterValues[9] = { ParameterName=Emissive_value, ParameterValue=2 }
        ScalarParameterValues[10] = { ParameterName=Emissive_value2, ParameterValue=0 }
        ScalarParameterValues[11] = { ParameterName=panner_time, ParameterValue=-0.051 }
        ScalarParameterValues[12] = { ParameterName=HighLight_Value_FX, ParameterValue=1 }
        ScalarParameterValues[13] = { ParameterName=HighLight_glossiness_FX, ParameterValue=3.5 }
        ScalarParameterValues[14] = { ParameterName=Fresnel Value, ParameterValue=1 }
        ScalarParameterValues[15] = { ParameterName=Fresnel exponent, ParameterValue=1 }
    }
    TextureParameterValues[7] =
    {
        TextureParameterValues[0] = { ParameterName=Body_normal, ParameterValue=Texture2D'10128_JinM_col1_Acc_N' }
        TextureParameterValues[1] = { ParameterName=Body_mask_RGB, ParameterValue=Texture2D'10128_JinM_col1_Acc_M' }
        TextureParameterValues[2] = { ParameterName=Body_diffuse, ParameterValue=Texture2D'10128_JinM_col1_Acc_D' }
        TextureParameterValues[3] = { ParameterName=Body_specular, ParameterValue=Texture2D'10128_JinM_col1_Acc_S' }
        TextureParameterValues[4] = { ParameterName=rf_cube, ParameterValue=TextureCube'Cube_D' }
        TextureParameterValues[5] = { ParameterName=Emissive, ParameterValue=Texture2D'check' }
        TextureParameterValues[6] = { ParameterName=FX_Tex, ParameterValue=Texture2D'10128_JinM_col1_Acc_FX' }
    }
    VectorParameterValues[13] =
    {
        VectorParameterValues[0] =
        {
            ParameterName = AC_color
            ParameterValue = { R=1, G=1, B=1, A=1 }
        }
        VectorParameterValues[1] =
        {
            ParameterName = Mesh_trangition
            ParameterValue = { R=0, G=0, B=0, A=1 }
        }
        VectorParameterValues[2] =
        {
            ParameterName = Skin_Specular
            ParameterValue = { R=1, G=1, B=1, A=1 }
        }
        VectorParameterValues[3] =
        {
            ParameterName = AC_specular
            ParameterValue = { R=1, G=1, B=1, A=1 }
        }
        VectorParameterValues[4] =
        {
            ParameterName = Reflection_value
            ParameterValue = { R=2, G=2, B=2, A=1 }
        }
        VectorParameterValues[5] =
        {
            ParameterName = HighLight_Color
            ParameterValue = { R=1, G=1, B=1, A=1 }
        }
        VectorParameterValues[6] =
        {
            ParameterName = Fresnel_color
            ParameterValue = { R=0, G=0, B=0, A=1 }
        }
        VectorParameterValues[7] =
        {
            ParameterName = Fresnel_Power
            ParameterValue = { R=0, G=0, B=0, A=1 }
        }
        VectorParameterValues[8] =
        {
            ParameterName = Burn_Color
            ParameterValue = { R=0, G=0, B=0, A=1 }
        }
        VectorParameterValues[9] =
        {
            ParameterName = Rose_Fx_power
            ParameterValue = { R=0, G=0, B=0, A=0 }
        }
        VectorParameterValues[10] =
        {
            ParameterName = UV
            ParameterValue = { R=1, G=1, B=0, A=1 }
        }
        VectorParameterValues[11] =
        {
            ParameterName = Rose_Fx_color
            ParameterValue = { R=15, G=10, B=5, A=1 }
        }
        VectorParameterValues[12] =
        {
            ParameterName = skin_color
            ParameterValue = { R=1, G=1, B=1, A=1 }
        }
    }
    Parent = Material3'Body_Rose_Fx'
    FlattenedTexture = None
    MobileBaseTexture = None
    MobileNormalTexture = None
    bUseMobileSpecular = false
    MobileSpecularPower = 16
    MobileSpecularMask = MSM_Constant (0)
    MobileMaskTexture = None
