Found 32768 game files (1222 skipped)
Loading package: 00055742.upk Ver: 573/1 Engine: 4205 Names: 441 Exports: 1014 Imports: 174 Game: 801A
Loading MaterialInstanceConstant AuraBangle_INSTAuraBangle_INST from package 00055742.upk
Loading package: 00051475.upk Ver: 573/1 Engine: 4205 Names: 553 Exports: 1329 Imports: 207 Game: 801A
Loading package: 00050832.upk Ver: 573/1 Engine: 4205 Names: 627 Exports: 1430 Imports: 218 Game: 801A
Loading MaterialInstanceConstant W_MeshDeco02_INSTAuraBangle_INST from package 00055742.upk
Loading package: 00051476.upk Ver: 573/1 Engine: 4205 Names: 32 Exports: 4 Imports: 2 Game: 801A
Loading MaterialInstanceConstant W_MeshDeco05_outline_INSTAuraBangle_INST from package 00055742.upk
Loading MaterialInstanceConstant W_Meshdeco07_INSTAuraBangle_INST from package 00055742.upk
Loading package: 00039620.upk Ver: 573/1 Engine: 4205 Names: 400 Exports: 1000 Imports: 136 Game: 801A
Loading package: 00012963.upk Ver: 573/1 Engine: 4205 Names: 1349 Exports: 1323 Imports: 10 Game: 801A
Loading SkeletalMesh3 030357_col_T0_Autoscale from package 00055742.upk
WARNING: ObjectProperty "USkeletalMesh3::MeshFactorSet" was not found
WARNING: ObjectProperty "USkeletalMesh3::PhysMaterialOverride" was not found
WARNING: ByteProperty "USkeletalMesh3::ItemPreviewLocType" was not found
WARNING: FloatProperty "USkeletalMesh3::ItemPreviewLocLowerOffset" was not found
Loading package: 00055743.upk Ver: 573/1 Engine: 4205 Names: 106 Exports: 1 Imports: 28 Game: 801A
Loading SkeletalMesh3 030357_col_T1_Autoscale from package 00055742.upk
WARNING: ObjectProperty "USkeletalMesh3::MeshFactorSet" was not found
WARNING: ObjectProperty "USkeletalMesh3::PhysMaterialOverride" was not found
WARNING: ByteProperty "USkeletalMesh3::ItemPreviewLocType" was not found
WARNING: FloatProperty "USkeletalMesh3::ItemPreviewLocLowerOffset" was not found
Loading SkeletalMesh3 030357_col_T2_Autoscale from package 00055742.upk
WARNING: ObjectProperty "USkeletalMesh3::MeshFactorSet" was not found
WARNING: ObjectProperty "USkeletalMesh3::PhysMaterialOverride" was not found
WARNING: ByteProperty "USkeletalMesh3::ItemPreviewLocType" was not found
WARNING: FloatProperty "USkeletalMesh3::ItemPreviewLocLowerOffset" was not found
Loading SkeletalMesh3 030357_col_T3_Autoscale from package 00055742.upk
WARNING: ObjectProperty "USkeletalMesh3::MeshFactorSet" was not found
WARNING: ObjectProperty "USkeletalMesh3::PhysMaterialOverride" was not found
WARNING: ByteProperty "USkeletalMesh3::ItemPreviewLocType" was not found
WARNING: FloatProperty "USkeletalMesh3::ItemPreviewLocLowerOffset" was not found
Loading SkeletalMesh3 030357_col_T4_Autoscale from package 00055742.upk
WARNING: ObjectProperty "USkeletalMesh3::MeshFactorSet" was not found
WARNING: ObjectProperty "USkeletalMesh3::PhysMaterialOverride" was not found
WARNING: ByteProperty "USkeletalMesh3::ItemPreviewLocType" was not found
WARNING: FloatProperty "USkeletalMesh3::ItemPreviewLocLowerOffset" was not found
Loading SkeletalMeshSocket SkeletalMeshSocket_188 from package 00055742.upk
WARNING: ObjectProperty "USkeletalMeshSocket::DependencyParticleSystem" was not found
Loading SkeletalMeshSocket SkeletalMeshSocket_189 from package 00055742.upk
Loading SkeletalMeshSocket SkeletalMeshSocket_352 from package 00055742.upk
WARNING: ObjectProperty "USkeletalMeshSocket::DependencyParticleSystem" was not found
Loading SkeletalMeshSocket SkeletalMeshSocket_353 from package 00055742.upk
Loading SkeletalMeshSocket SkeletalMeshSocket_227 from package 00055742.upk
WARNING: ObjectProperty "USkeletalMeshSocket::DependencyParticleSystem" was not found
Loading SkeletalMeshSocket SkeletalMeshSocket_253 from package 00055742.upk
Loading StaticMesh3 FX_MESH001 from package 00055742.upk
Loading package: 00012892.upk Ver: 573/1 Engine: 4205 Names: 1018 Exports: 5834 Imports: 361 Game: 801A
Loading StaticMesh3 FX_MESH002 from package 00055742.upk
Loading StaticMesh3 FX_MESH003 from package 00055742.upk
Loading Texture2D 030339_FX_Mask from package 00051475.upk
Loading MaterialInstanceConstant Sword_INST from package 00050832.upk
Loading Texture2D 030339_Autoscale_col1_D from package 00051476.upk
Loading MaterialInstanceConstant W_MeshDeco02_INST from package 00050832.upk
Loading package: 00050830.upk Ver: 573/1 Engine: 4205 Names: 32 Exports: 4 Imports: 2 Game: 801A
Loading package: 00048300.upk Ver: 573/1 Engine: 4205 Names: 813 Exports: 8063 Imports: 209 Game: 801A
Loading MaterialInstanceConstant W_MeshDeco05_outline_INST from package 00050832.upk
Loading Texture2D FX_Mask1 from package 00039620.upk
Loading TextureCube Illusion_cube_1 from package 00012963.upk
Loading Texture2D 030339_Autoscale_col1_N from package 00051476.upk
Loading MaterialInstanceConstant W_Meshdeco07_INST from package 00050832.upk
Loading MaterialInstanceConstant col1 from package 00055743.upk
Loading package: 00055744.upk Ver: 573/1 Engine: 4205 Names: 34 Exports: 6 Imports: 2 Game: 801A
Loading package: 00002640.upk Ver: 573/1 Engine: 4205 Names: 291 Exports: 507 Imports: 3 Game: 801A
Loading package: 00055735.upk Ver: 573/1 Engine: 4205 Names: 185 Exports: 179 Imports: 53 Game: 801A
Loading Material3 001_Mesh_Default_MatM from package 00012892.upk
WARNING: BoolProperty "UMaterial3::bAcceptRenderDecal" was not found
Loading package: 00023713.upk Ver: 573/1 Engine: 4205 Names: 101 Exports: 81 Imports: 4 Game: 801A
Loading Texture2D 010345_FX_Mask from package 00050832.upk
Loading Material3 FX_deco from package 00050832.upk
WARNING: BoolProperty "UMaterial3::bAcceptRenderDecal" was not found
Loading Texture2D 010345_Autoscale_col1_D from package 00050830.upk
Loading Material3 W_MeshDeco02 from package 00048300.upk
WARNING: BoolProperty "UMaterial3::bAcceptRenderDecal" was not found
Loading package: 00002620.upk Ver: 573/1 Engine: 4205 Names: 576 Exports: 7687 Imports: 96 Game: 801A
Loading Material3 W_MeshDeco05_outline from package 00048300.upk
Loading Texture2D CubemapFace0 from package 00012963.upk
Loading Texture2D CubemapFace1 from package 00012963.upk
Loading Texture2D CubemapFace2 from package 00012963.upk
Loading Texture2D CubemapFace3 from package 00012963.upk
Loading Texture2D CubemapFace4 from package 00012963.upk
Loading Texture2D CubemapFace5 from package 00012963.upk
Loading Texture2D 010345_Autoscale_col1_N from package 00050830.upk
Loading Material3 W_Meshdeco07 from package 00048300.upk
Loading Texture2D 030357_Autoscale_col1_N from package 00055744.upk
Loading Texture2D 030357_Autoscale_col1_M from package 00055744.upk
Loading Texture2D 030357_Autoscale_col1_D from package 00055744.upk
Loading Texture2D 030357_Autoscale_col1_S from package 00055744.upk
Loading TextureCube lenscube_a from package 00002640.upk
Loading Texture2D 030357_Autoscale_col1_E from package 00055744.upk
Loading Texture2D Noise_020 from package 00012963.upk
Loading Texture2D Smoke_Dusts_002 from package 00012963.upk
Loading Texture2D 030357_Autoscale_col_D_02 from package 00055744.upk
Loading Material3 Basic from package 00055735.upk
Loading package: 00055736.upk Ver: 573/1 Engine: 4205 Names: 32 Exports: 6 Imports: 2 Game: 801A
Loading Texture2D Cube000_Tex from package 00023713.upk
Loading Texture2D Noise_006 from package 00012963.upk
Loading Texture2D Noise_Plazma_002 from package 00012963.upk
Loading Texture2D Gradient_Line_R from package 00012963.upk
Loading Texture2D Ref_Cool from package 00012963.upk
Loading Texture2D Unique_Stone_001 from package 00012963.upk
Loading Texture2D Gradient_Flow_000 from package 00012963.upk
Loading Texture2D Noise_013 from package 00012963.upk
Loading Texture2D check from package 00002620.upk
Loading Texture2D Noise_005 from package 00012963.upk
Loading Texture2D Noise_Wave_000 from package 00012963.upk
Loading Texture2D Fire_Blending_Pattern_Tex_Big3 from package 00012963.upk
Loading Texture2D Water_001_01_N_Wave3 from package 00012963.upk
Loading Texture2D Smoke_Pattern_001 from package 00012963.upk
Loading Texture2D Gradient_Line_005 from package 00012963.upk
Loading Texture2D Noise_Glass_000 from package 00012963.upk
Loading Texture2D Normal_Stone_001 from package 00012963.upk
WARNING: BoolProperty "UTexture2D::bDisableLoadSwitch" was not found
Loading Texture2D CubemapFace0 from package 00002640.upk
Loading Texture2D CubemapFace1 from package 00002640.upk
Loading Texture2D CubemapFace2 from package 00002640.upk
Loading Texture2D CubemapFace3 from package 00002640.upk
Loading Texture2D CubemapFace4 from package 00002640.upk
Loading Texture2D CubemapFace5 from package 00002640.upk
Loading Texture2D check_n from package 00002620.upk
Loading Texture2D Noise_018 from package 00012963.upk
Loading Texture2D 010363_Autoscale_col1_D_02 from package 00055736.upk
Loading Texture2D Gradient_Line_003 from package 00012963.upk
Loading Texture2D Gradient_Wipe_BurnOut_Mask_TEST from package 00012963.upk
Loading Texture2D Gradient_Wipe_BurnOut_Mask from package 00012963.upk
Loaded in 0.66 sec, 8382 allocs, 6.07 MBytes serialized in 965477 calls.

Object info:
============
ClassName: MaterialInstanceConstant ObjectName: AuraBangle_INSTAuraBangle_INST

    ScalarParameterValues[0] = {}
    TextureParameterValues[1] =
    {
        TextureParameterValues[0] = { ParameterName=Mask_B, ParameterValue=Texture2D'030339_FX_Mask' }
    }
    VectorParameterValues[1] =
    {
        VectorParameterValues[0] =
        {
            ParameterName = Color
            ParameterValue = { R=1, G=0.7, B=0.166667, A=1 }
        }
    }
    Parent = MaterialInstanceConstant'Sword_INST'
    FlattenedTexture = None
    MobileBaseTexture = None
    MobileNormalTexture = None
    bUseMobileSpecular = false
    MobileSpecularPower = 16
    MobileSpecularMask = MSM_Constant (0)
    MobileMaskTexture = None

Object info:
============
ClassName: MaterialInstanceConstant ObjectName: W_MeshDeco02_INSTAuraBangle_INST

    ScalarParameterValues[1] =
    {
        ScalarParameterValues[0] = { ParameterName=RGB_Alpha_Lerp, ParameterValue=1 }
    }
    TextureParameterValues[1] =
    {
        TextureParameterValues[0] = { ParameterName=FX_Mask, ParameterValue=Texture2D'030339_Autoscale_col1_D' }
    }
    VectorParameterValues[3] =
    {
        VectorParameterValues[0] =
        {
            ParameterName = Tex_Mask_switch
            ParameterValue = { R=0, G=0, B=1, A=1 }
        }
        VectorParameterValues[1] =
        {
            ParameterName = Color
            ParameterValue = { R=2, G=2, B=0.8, A=1 }
        }
        VectorParameterValues[2] =
        {
            ParameterName = Value
            ParameterValue = { R=1, G=0, B=0, A=1 }
        }
    }
    Parent = MaterialInstanceConstant'W_MeshDeco02_INST'
    FlattenedTexture = None
    MobileBaseTexture = None
    MobileNormalTexture = None
    bUseMobileSpecular = false
    MobileSpecularPower = 16
    MobileSpecularMask = MSM_Constant (0)
    MobileMaskTexture = None

Object info:
============
ClassName: MaterialInstanceConstant ObjectName: W_MeshDeco05_outline_INSTAuraBangle_INST

    ScalarParameterValues[0] = {}
    TextureParameterValues[1] =
    {
        TextureParameterValues[0] = { ParameterName=Diffuse, ParameterValue=Texture2D'030339_Autoscale_col1_D' }
    }
    VectorParameterValues[1] =
    {
        VectorParameterValues[0] =
        {
            ParameterName = dissolve_line_color
            ParameterValue = { R=1, G=1, B=1, A=1 }
        }
    }
    Parent = MaterialInstanceConstant'W_MeshDeco05_outline_INST'
    FlattenedTexture = None
    MobileBaseTexture = None
    MobileNormalTexture = None
    bUseMobileSpecular = false
    MobileSpecularPower = 16
    MobileSpecularMask = MSM_Constant (0)
    MobileMaskTexture = None

Object info:
============
ClassName: MaterialInstanceConstant ObjectName: W_Meshdeco07_INSTAuraBangle_INST

    ScalarParameterValues[1] =
    {
        ScalarParameterValues[0] = { ParameterName=RGB_Alpha_Lerp, ParameterValue=1 }
    }
    TextureParameterValues[4] =
    {
        TextureParameterValues[0] = { ParameterName=Tex_mask_alpha, ParameterValue=Texture2D'FX_Mask1' }
        TextureParameterValues[1] = { ParameterName=CubeMap, ParameterValue=TextureCube'Illusion_cube_1' }
        TextureParameterValues[2] = { ParameterName=Tex_Normal, ParameterValue=Texture2D'030339_Autoscale_col1_N' }
        TextureParameterValues[3] = { ParameterName=FX_Mask, ParameterValue=Texture2D'030339_Autoscale_col1_D' }
    }
    VectorParameterValues[10] =
    {
        VectorParameterValues[0] =
        {
            ParameterName = Alpha
            ParameterValue = { R=0.3, G=1, B=0.3, A=1 }
        }
        VectorParameterValues[1] =
        {
            ParameterName = dissolve
            ParameterValue = { R=6, G=0, B=0, A=1 }
        }
        VectorParameterValues[2] =
        {
            ParameterName = dissolve_color
            ParameterValue = { R=1, G=1, B=1, A=1 }
        }
        VectorParameterValues[3] =
        {
            ParameterName = Fresnel_scale
            ParameterValue = { R=6, G=7, B=0, A=1 }
        }
        VectorParameterValues[4] =
        {
            ParameterName = texture_scale
            ParameterValue = { R=1.5, G=1, B=1, A=1 }
        }
        VectorParameterValues[5] =
        {
            ParameterName = inFresnel_scale
            ParameterValue = { R=1.5, G=1.2, B=0, A=1 }
        }
        VectorParameterValues[6] =
        {
            ParameterName = Color2
            ParameterValue = { R=2, G=2, B=0.4, A=1 }
        }
        VectorParameterValues[7] =
        {
            ParameterName = Color_Fresnel
            ParameterValue = { R=5, G=4, B=0.8, A=1 }
        }
        VectorParameterValues[8] =
        {
            ParameterName = All_Color
            ParameterValue = { R=1, G=1, B=0.2, A=1 }
        }
        VectorParameterValues[9] =
        {
            ParameterName = Tex_Mask_switch
            ParameterValue = { R=0, G=0, B=1, A=1 }
        }
    }
    Parent = MaterialInstanceConstant'W_Meshdeco07_INST'
    FlattenedTexture = None
    MobileBaseTexture = None
    MobileNormalTexture = None
    bUseMobileSpecular = false
    MobileSpecularPower = 16
    MobileSpecularMask = MSM_Constant (0)
    MobileMaskTexture = None

Object info:
============
ClassName: SkeletalMesh3 ObjectName: 030357_col_T0_Autoscale

    LODInfo[1] =
    {
        LODInfo[0] =
        {
            DisplayFactor = 0
            LODHysteresis = 0.02
            LODMaterialMap[0] = {}
            bEnableShadowCasting[1] = { true }
        }
    }
    Sockets[2] =
    {
        Sockets[0] = SkeletalMeshSocket'030357_col_T0_Autoscale.SkeletalMeshSocket_188'
        Sockets[1] = SkeletalMeshSocket'030357_col_T0_Autoscale.SkeletalMeshSocket_189'
    }
    bHasVertexColors = false
    EnableTwistBoneFixers = true
    EnableClavicleFixer = true
    Materials[1] = { MaterialInstanceConstant'col1' }


    Lods[1] =
    {
        Lods[0] =
        {
            Sections[1] =
            {
                Sections[0] = { Material=MaterialInstanceConstant'col1', FirstIndex=0, NumFaces=2650 }
            }
            NumVerts = 2215
            IndexCount = 7950
            NumTexCoords = 1
        }
    }
    LodCount = 1
    MeshOrigin = { X=-0, Y=-0, Z=-0 }
    MeshScale = { X=1, Y=1, Z=1 }
    RotOrigin = { Yaw=0, Pitch=0, Roll=0 }
    BoneCount = 2

Object info:
============
ClassName: SkeletalMesh3 ObjectName: 030357_col_T1_Autoscale

    LODInfo[1] =
    {
        LODInfo[0] =
        {
            DisplayFactor = 0
            LODHysteresis = 0.02
            LODMaterialMap[0] = {}
            bEnableShadowCasting[1] = { true }
        }
    }
    Sockets[2] =
    {
        Sockets[0] = SkeletalMeshSocket'030357_col_T1_Autoscale.SkeletalMeshSocket_352'
        Sockets[1] = SkeletalMeshSocket'030357_col_T1_Autoscale.SkeletalMeshSocket_353'
    }
    bHasVertexColors = false
    EnableTwistBoneFixers = true
    EnableClavicleFixer = true
    Materials[1] = { MaterialInstanceConstant'col1' }


    Lods[1] =
    {
        Lods[0] =
        {
            Sections[1] =
            {
                Sections[0] = { Material=MaterialInstanceConstant'col1', FirstIndex=0, NumFaces=2650 }
            }
            NumVerts = 2215
            IndexCount = 7950
            NumTexCoords = 1
        }
    }
    LodCount = 1
    MeshOrigin = { X=-0, Y=-0, Z=-0 }
    MeshScale = { X=1, Y=1, Z=1 }
    RotOrigin = { Yaw=0, Pitch=0, Roll=0 }
    BoneCount = 2

Object info:
============
ClassName: SkeletalMesh3 ObjectName: 030357_col_T2_Autoscale

    LODInfo[1] =
    {
        LODInfo[0] =
        {
            DisplayFactor = 0
            LODHysteresis = 0.02
            LODMaterialMap[0] = {}
            bEnableShadowCasting[1] = { true }
        }
    }
    Sockets[0] = {}
    bHasVertexColors = false
    EnableTwistBoneFixers = true
    EnableClavicleFixer = true
    Materials[1] = { MaterialInstanceConstant'col1' }


    Lods[1] =
    {
        Lods[0] =
        {
            Sections[1] =
            {
                Sections[0] = { Material=MaterialInstanceConstant'col1', FirstIndex=0, NumFaces=2650 }
            }
            NumVerts = 2215
            IndexCount = 7950
            NumTexCoords = 1
        }
    }
    LodCount = 1
    MeshOrigin = { X=-0, Y=-0, Z=-0 }
    MeshScale = { X=1, Y=1, Z=1 }
    RotOrigin = { Yaw=0, Pitch=0, Roll=0 }
    BoneCount = 2

Object info:
============
ClassName: SkeletalMesh3 ObjectName: 030357_col_T3_Autoscale

    LODInfo[1] =
    {
        LODInfo[0] =
        {
            DisplayFactor = 0
            LODHysteresis = 0.02
            LODMaterialMap[0] = {}
            bEnableShadowCasting[1] = { true }
        }
    }
    Sockets[0] = {}
    bHasVertexColors = false
    EnableTwistBoneFixers = true
    EnableClavicleFixer = true
    Materials[1] = { MaterialInstanceConstant'col1' }


    Lods[1] =
    {
        Lods[0] =
        {
            Sections[1] =
            {
                Sections[0] = { Material=MaterialInstanceConstant'col1', FirstIndex=0, NumFaces=2650 }
            }
            NumVerts = 2215
            IndexCount = 7950
            NumTexCoords = 1
        }
    }
    LodCount = 1
    MeshOrigin = { X=-0, Y=-0, Z=-0 }
    MeshScale = { X=1, Y=1, Z=1 }
    RotOrigin = { Yaw=0, Pitch=0, Roll=0 }
    BoneCount = 2

Object info:
============
ClassName: SkeletalMesh3 ObjectName: 030357_col_T4_Autoscale

    LODInfo[1] =
    {
        LODInfo[0] =
        {
            DisplayFactor = 0
            LODHysteresis = 0.02
            LODMaterialMap[0] = {}
            bEnableShadowCasting[1] = { true }
        }
    }
    Sockets[2] =
    {
        Sockets[0] = SkeletalMeshSocket'030357_col_T4_Autoscale.SkeletalMeshSocket_227'
        Sockets[1] = SkeletalMeshSocket'030357_col_T4_Autoscale.SkeletalMeshSocket_253'
    }
    bHasVertexColors = false
    EnableTwistBoneFixers = true
    EnableClavicleFixer = true
    Materials[1] = { MaterialInstanceConstant'col1' }


    Lods[1] =
    {
        Lods[0] =
        {
            Sections[1] =
            {
                Sections[0] = { Material=MaterialInstanceConstant'col1', FirstIndex=0, NumFaces=2650 }
            }
            NumVerts = 2215
            IndexCount = 7950
            NumTexCoords = 1
        }
    }
    LodCount = 1
    MeshOrigin = { X=-0, Y=-0, Z=-0 }
    MeshScale = { X=1, Y=1, Z=1 }
    RotOrigin = { Yaw=0, Pitch=0, Roll=0 }
    BoneCount = 2

Object info:
============
ClassName: SkeletalMeshSocket ObjectName: SkeletalMeshSocket_188

    SocketName = FX_Add
    BoneName = WeaponRoot
    RelativeLocation = { X=-1, Y=0, Z=1.35 }
    RelativeRotation = { Yaw=0, Pitch=21117, Roll=0 }
    RelativeScale = { X=1, Y=1, Z=1 }

Object info:
============
ClassName: SkeletalMeshSocket ObjectName: SkeletalMeshSocket_189

    SocketName = FX_Add_Trail
    BoneName = WeaponRoot
    RelativeLocation = { X=1, Y=3, Z=1 }
    RelativeRotation = { Yaw=0, Pitch=21117, Roll=0 }
    RelativeScale = { X=0.6, Y=0.6, Z=0.3 }

Object info:
============
ClassName: SkeletalMeshSocket ObjectName: SkeletalMeshSocket_352

    SocketName = FX_Add
    BoneName = WeaponRoot
    RelativeLocation = { X=-1, Y=0, Z=1.35 }
    RelativeRotation = { Yaw=0, Pitch=21117, Roll=0 }
    RelativeScale = { X=1, Y=1, Z=1 }

Object info:
============
ClassName: SkeletalMeshSocket ObjectName: SkeletalMeshSocket_353

    SocketName = FX_Add_Trail
    BoneName = WeaponRoot
    RelativeLocation = { X=-1, Y=3, Z=-3 }
    RelativeRotation = { Yaw=0, Pitch=0, Roll=0 }
    RelativeScale = { X=0.6, Y=0.6, Z=0.3 }

Object info:
============
ClassName: SkeletalMeshSocket ObjectName: SkeletalMeshSocket_227

    SocketName = FX_Add
    BoneName = WeaponRoot
    RelativeLocation = { X=-1, Y=0, Z=1.35 }
    RelativeRotation = { Yaw=0, Pitch=21117, Roll=0 }
    RelativeScale = { X=1, Y=1, Z=1 }

Object info:
============
ClassName: SkeletalMeshSocket ObjectName: SkeletalMeshSocket_253

    SocketName = FX_Add_Trail
    BoneName = WeaponRoot
    RelativeLocation = { X=-1, Y=3, Z=-3 }
    RelativeRotation = { Yaw=0, Pitch=0, Roll=0 }
    RelativeScale = { X=0.6, Y=0.6, Z=0.3 }

Object info:
============
ClassName: StaticMesh3 ObjectName: FX_MESH001

    BodySetup = None
    UseSimpleLineCollision = false
    UseSimpleBoxCollision = false
    UseSimpleRigidBodyCollision = false
    UseFullPrecisionUVs = false
    Bounds =
    {
        Origin = { X=-0.7435, Y=4.3309, Z=-1.4755 }
        BoxExtent = { X=4.0515, Y=1.5276, Z=4.579 }
        SphereRadius = 5.76102
    }
    CanCompressPositions = false
    CanStripNormalsAndTangents = false
    InternalVersion = 18


    Lods[1] =
    {
        Lods[0] =
        {
            Sections[1] =
            {
                Sections[0] = { Material=Material3'001_Mesh_Default_MatM', FirstIndex=0, NumFaces=1146 }
            }
            NumVerts = 2092
            IndexCount = 3438
            NumTexCoords = 1
        }
    }
    LodCount = 1

Object info:
============
ClassName: StaticMesh3 ObjectName: FX_MESH002

    BodySetup = None
    UseSimpleLineCollision = false
    UseSimpleBoxCollision = false
    UseSimpleRigidBodyCollision = false
    UseFullPrecisionUVs = false
    Bounds =
    {
        Origin = { X=-1.089, Y=2.56155, Z=0.56665 }
        BoxExtent = { X=4.2533, Y=0.94015, Z=6.18415 }
        SphereRadius = 6.58226
    }
    CanCompressPositions = false
    CanStripNormalsAndTangents = false
    InternalVersion = 18


    Lods[1] =
    {
        Lods[0] =
        {
            Sections[1] =
            {
                Sections[0] = { Material=Material3'001_Mesh_Default_MatM', FirstIndex=0, NumFaces=1308 }
            }
            NumVerts = 2054
            IndexCount = 3924
            NumTexCoords = 1
        }
    }
    LodCount = 1

Object info:
============
ClassName: StaticMesh3 ObjectName: FX_MESH003

    BodySetup = None
    UseSimpleLineCollision = false
    UseSimpleBoxCollision = false
    UseSimpleRigidBodyCollision = false
    UseFullPrecisionUVs = false
    Bounds =
    {
        Origin = { X=-1.0363, Y=4.4939, Z=0.0844501 }
        BoxExtent = { X=0.9976, Y=1.055, Z=1.07535 }
        SphereRadius = 1.08094
    }
    CanCompressPositions = false
    CanStripNormalsAndTangents = false
    InternalVersion = 18


    Lods[1] =
    {
        Lods[0] =
        {
            Sections[1] =
            {
                Sections[0] = { Material=Material3'001_Mesh_Default_MatM', FirstIndex=0, NumFaces=80 }
            }
            NumVerts = 104
            IndexCount = 240
            NumTexCoords = 1
        }
    }
    LodCount = 1
