Found 32768 game files (1222 skipped)
Loading package: 00054003.upk Ver: 573/1 Engine: 4205 Names: 177 Exports: 126 Imports: 14 Game: 801A
Loading SkeletalMesh3 RuneMechaTombSoldierTW from package 00054003.upk
WARNING: ObjectProperty "USkeletalMesh3::PlaySoundSet" was not found
WARNING: FloatProperty "USkeletalMesh3::AnimNameHeight" was not found
WARNING: FloatProperty "USkeletalMesh3::NormalNameHeight" was not found
WARNING: FloatProperty "USkeletalMesh3::LowNameHeight" was not found
Loading package: 00054005.upk Ver: 573/1 Engine: 4205 Names: 181 Exports: 156 Imports: 49 Game: 801A
Loading SkeletalMeshSocket SkeletalMeshSocket_54 from package 00054003.upk
Loading SkeletalMeshSocket SkeletalMeshSocket_55 from package 00054003.upk
Loading SkeletalMeshSocket SkeletalMeshSocket_56 from package 00054003.upk
Loading SkeletalMeshSocket SkeletalMeshSocket_57 from package 00054003.upk
Loading SkeletalMeshSocket SkeletalMeshSocket_58 from package 00054003.upk
Loading SkeletalMeshSocket SkeletalMeshSocket_59 from package 00054003.upk
Loading SkeletalMeshSocket SkeletalMeshSocket_60 from package 00054003.upk
Loading SkeletalMeshSocket SkeletalMeshSocket_61 from package 00054003.upk
Loading SkeletalMeshSocket SkeletalMeshSocket_62 from package 00054003.upk
Loading MaterialInstanceConstant col1 from package 00054005.upk
Loading package: 00051131.upk Ver: 573/1 Engine: 4205 Names: 36 Exports: 8 Imports: 2 Game: 801A
Loading package: 00002640.upk Ver: 573/1 Engine: 4205 Names: 291 Exports: 507 Imports: 3 Game: 801A
Loading Texture2D RuneMechaTombSoldier_col1_N from package 00051131.upk
Loading Texture2D RuneMechaTombSoldier_col2_M from package 00051131.upk
Loading Texture2D RuneMechaTombSoldier_col2_D from package 00051131.upk
Loading Texture2D RuneMechaTombSoldier_col2_S from package 00051131.upk
Loading TextureCube lenscube_a from package 00002640.upk
Loading Texture2D RuneMechaTombSoldier_col1_E from package 00051131.upk
Loading Texture2D RuneMechaTombSoldier_col1_fx from package 00054005.upk
Loading Material3 Basic_FX from package 00054005.upk
Loading package: 00002620.upk Ver: 573/1 Engine: 4205 Names: 576 Exports: 7687 Imports: 96 Game: 801A
Loading package: 00012963.upk Ver: 573/1 Engine: 4205 Names: 1349 Exports: 1323 Imports: 10 Game: 801A
Loading Texture2D CubemapFace0 from package 00002640.upk
Loading Texture2D CubemapFace1 from package 00002640.upk
Loading Texture2D CubemapFace2 from package 00002640.upk
Loading Texture2D CubemapFace3 from package 00002640.upk
Loading Texture2D CubemapFace4 from package 00002640.upk
Loading Texture2D CubemapFace5 from package 00002640.upk
Loading Texture2D check_n from package 00002620.upk
Loading Texture2D check from package 00002620.upk
Loading Texture2D Smoke_Pattern_001 from package 00012963.upk
Loading Texture2D Gradient_Line_003 from package 00012963.upk
Loading Texture2D Gradient_Wipe_BurnOut_Mask_TEST from package 00012963.upk
Loading Texture2D Gradient_Wipe_BurnOut_Mask from package 00012963.upk
Loaded in 0.21 sec, 3221 allocs, 4.64 MBytes serialized in 537901 calls.

Object info:
============
ClassName: SkeletalMesh3 ObjectName: RuneMechaTombSoldierTW

    LODInfo[1] =
    {
        LODInfo[0] =
        {
            DisplayFactor = 0
            LODHysteresis = 0.02
            LODMaterialMap[0] = {}
            bEnableShadowCasting[1] = { true }
        }
    }
    Sockets[9] =
    {
        Sockets[0] = SkeletalMeshSocket'RuneMechaTombSoldierTW.SkeletalMeshSocket_54'
        Sockets[1] = SkeletalMeshSocket'RuneMechaTombSoldierTW.SkeletalMeshSocket_55'
        Sockets[2] = SkeletalMeshSocket'RuneMechaTombSoldierTW.SkeletalMeshSocket_56'
        Sockets[3] = SkeletalMeshSocket'RuneMechaTombSoldierTW.SkeletalMeshSocket_57'
        Sockets[4] = SkeletalMeshSocket'RuneMechaTombSoldierTW.SkeletalMeshSocket_58'
        Sockets[5] = SkeletalMeshSocket'RuneMechaTombSoldierTW.SkeletalMeshSocket_59'
        Sockets[6] = SkeletalMeshSocket'RuneMechaTombSoldierTW.SkeletalMeshSocket_60'
        Sockets[7] = SkeletalMeshSocket'RuneMechaTombSoldierTW.SkeletalMeshSocket_61'
        Sockets[8] = SkeletalMeshSocket'RuneMechaTombSoldierTW.SkeletalMeshSocket_62'
    }
    bHasVertexColors = false
    EnableTwistBoneFixers = true
    EnableClavicleFixer = true
    Materials[1] = { MaterialInstanceConstant'col1' }


    Lods[1] =
    {
        Lods[0] =
        {
            Sections[1] =
            {
                Sections[0] = { Material=MaterialInstanceConstant'col1', FirstIndex=0, NumFaces=14200 }
            }
            NumVerts = 9920
            IndexCount = 42600
            NumTexCoords = 1
        }
    }
    LodCount = 1
    MeshOrigin = { X=-0, Y=-0, Z=-0 }
    MeshScale = { X=1, Y=1, Z=1 }
    RotOrigin = { Yaw=0, Pitch=0, Roll=0 }
    BoneCount = 65

Object info:
============
ClassName: SkeletalMeshSocket ObjectName: SkeletalMeshSocket_54

    SocketName = target_high
    BoneName = Bip01Head
    RelativeLocation = { X=0, Y=0, Z=5 }
    RelativeRotation = { Yaw=0, Pitch=0, Roll=0 }
    RelativeScale = { X=1, Y=1, Z=1 }

Object info:
============
ClassName: SkeletalMeshSocket ObjectName: SkeletalMeshSocket_55

    SocketName = ATTACH_EFFECT
    BoneName = Bip01
    RelativeLocation = { X=10.1418, Y=0, Z=0 }
    RelativeRotation = { Yaw=0, Pitch=0, Roll=0 }
    RelativeScale = { X=1, Y=1, Z=1 }

Object info:
============
ClassName: SkeletalMeshSocket ObjectName: SkeletalMeshSocket_56

    SocketName = socket_force
    BoneName = Root
    RelativeLocation = { X=50, Y=33, Z=-30 }
    RelativeRotation = { Yaw=0, Pitch=0, Roll=0 }
    RelativeScale = { X=1, Y=1, Z=1 }

Object info:
============
ClassName: SkeletalMeshSocket ObjectName: SkeletalMeshSocket_57

    SocketName = Catch_Neck
    BoneName = Bip01Neck
    RelativeLocation = { X=0, Y=0, Z=0 }
    RelativeRotation = { Yaw=0, Pitch=0, Roll=0 }
    RelativeScale = { X=1, Y=1, Z=1 }

Object info:
============
ClassName: SkeletalMeshSocket ObjectName: SkeletalMeshSocket_58

    SocketName = Catch_Back
    BoneName = Bip01Spine2
    RelativeLocation = { X=0, Y=10.9065, Z=0 }
    RelativeRotation = { Yaw=0, Pitch=0, Roll=0 }
    RelativeScale = { X=1, Y=1, Z=1 }

Object info:
============
ClassName: SkeletalMeshSocket ObjectName: SkeletalMeshSocket_59

    SocketName = Mount_Socket
    BoneName = Bip01Spine1
    RelativeLocation = { X=3.09123, Y=-8, Z=0 }
    RelativeRotation = { Yaw=0, Pitch=0, Roll=-16384 }
    RelativeScale = { X=1, Y=1, Z=1 }

Object info:
============
ClassName: SkeletalMeshSocket ObjectName: SkeletalMeshSocket_60

    SocketName = Mount_Ambar_Socket
    BoneName = Bip01LClavicle
    RelativeLocation = { X=-4.73148, Y=-7.14288, Z=-15.9418 }
    RelativeRotation = { Yaw=-285, Pitch=9970, Roll=22850 }
    RelativeScale = { X=1, Y=1, Z=1 }

Object info:
============
ClassName: SkeletalMeshSocket ObjectName: SkeletalMeshSocket_61

    SocketName = Mount_Choke_Socket
    BoneName = Root
    RelativeLocation = { X=9.72125, Y=-2.00227e-015, Z=11.75 }
    RelativeRotation = { Yaw=32768, Pitch=0, Roll=0 }
    RelativeScale = { X=1, Y=1, Z=1 }

Object info:
============
ClassName: SkeletalMeshSocket ObjectName: SkeletalMeshSocket_62

    SocketName = Decap_Socket
    BoneName = Bip01Neck1
    RelativeLocation = { X=2.71614, Y=0, Z=0 }
    RelativeRotation = { Yaw=0, Pitch=0, Roll=0 }
    RelativeScale = { X=1, Y=1, Z=1 }
