Found 32768 game files (1222 skipped)
Loading package: 00055928.upk Ver: 573/1 Engine: 4205 Names: 211 Exports: 137 Imports: 22 Game: 801A
Loading SkeletalMesh3 10167_KunN from package 00055928.upk
WARNING: FloatProperty "USkeletalMesh3::AutoScale" was not found
WARNING: ObjectProperty "USkeletalMesh3::MeshFactorSet" was not found
WARNING: ObjectProperty "USkeletalMesh3::PhysMaterialOverride" was not found
WARNING: ObjectProperty "USkeletalMesh3::PlaySoundSet" was not found
WARNING: FloatProperty "USkeletalMesh3::AddFootOffsetValue" was not found
WARNING: FloatProperty "USkeletalMesh3::AnimNameHeight" was not found
WARNING: FloatProperty "USkeletalMesh3::NormalNameHeight" was not found
WARNING: ArrayProperty "USkeletalMesh3::NameplateMeshScaleRatio" was not found
WARNING: StructProperty "USkeletalMesh3::NameplateHeightRatio" was not found
WARNING: ArrayProperty "USkeletalMesh3::MeshScaleRatio" was not found
WARNING: StructProperty "USkeletalMesh3::HeightRatio" was not found
WARNING: StructProperty "USkeletalMesh3::HandRatio" was not found
WARNING: ByteProperty "USkeletalMesh3::CommonPhysicsUseFlag" was not found
Loading package: 00055930.upk Ver: 573/1 Engine: 4205 Names: 93 Exports: 1 Imports: 20 Game: 801A
Loading package: 00055018.upk Ver: 573/1 Engine: 4205 Names: 92 Exports: 2 Imports: 24 Game: 801A
Loading MaterialInstanceConstant col1 from package 00055930.upk
Loading package: 00002620.upk Ver: 573/1 Engine: 4205 Names: 576 Exports: 7687 Imports: 96 Game: 801A
Loading package: 00002640.upk Ver: 573/1 Engine: 4205 Names: 291 Exports: 507 Imports: 3 Game: 801A
Loading package: 00055929.upk Ver: 573/1 Engine: 4205 Names: 31 Exports: 4 Imports: 2 Game: 801A
Loading MaterialInstanceConstant col1_1 from package 00055018.upk
Loading package: 00055017.upk Ver: 573/1 Engine: 4205 Names: 31 Exports: 8 Imports: 2 Game: 801A
Loading Texture2D check from package 00002620.upk
Loading TextureCube lenscube from package 00002640.upk
Loading Texture2D 10167_KunN_col1_S from package 00055929.upk
Loading Texture2D 10167_KunN_col1_N from package 00055929.upk
Loading Texture2D 10167_KunN_col1_M from package 00055929.upk
Loading Texture2D 10167_KunN_col1_D from package 00055929.upk
Loading Material3 body_kUN from package 00002620.upk
Loading package: 00012963.upk Ver: 573/1 Engine: 4205 Names: 1349 Exports: 1323 Imports: 10 Game: 801A
Loading Texture2D 10167_JinF_col1_N_1 from package 00055017.upk
Loading Texture2D 10167_JinF_col1_M_1 from package 00055017.upk
Loading Texture2D 10167_JinF_col1_D_1 from package 00055017.upk
Loading Texture2D 10167_JinF_col1_S_1 from package 00055017.upk
Loading Material3 Body from package 00002620.upk
Loading Texture2D CubemapFace0 from package 00002640.upk
Loading Texture2D CubemapFace1 from package 00002640.upk
Loading Texture2D CubemapFace2 from package 00002640.upk
Loading Texture2D CubemapFace3 from package 00002640.upk
Loading Texture2D CubemapFace4 from package 00002640.upk
Loading Texture2D CubemapFace5 from package 00002640.upk
Loading Texture2D check_n from package 00002620.upk
Loading Texture2D Noise_Glass_000 from package 00012963.upk
Loading Texture2D Smoke_Pattern_001 from package 00012963.upk
Loading Texture2D Gradient_Wipe_BurnOut_Mask_TEST from package 00012963.upk
Loading Texture2D Gradient_Wipe_BurnOut_Mask from package 00012963.upk
Loading Texture2D Gradient_Line_003 from package 00012963.upk
Loaded in 0.26 sec, 3421 allocs, 4.07 MBytes serialized in 477980 calls.

Object info:
============
ClassName: SkeletalMesh3 ObjectName: 10167_KunN

    LODInfo[2] =
    {
        LODInfo[0] =
        {
            DisplayFactor = 0
            LODHysteresis = 0.02
            LODMaterialMap[0] = {}
            bEnableShadowCasting[2] = { true, true }
        }
        LODInfo[1] =
        {
            DisplayFactor = 0.25
            LODHysteresis = 0.02
            LODMaterialMap[2] = { 0, 1 }
            bEnableShadowCasting[2] = { true, true }
        }
    }
    Sockets[0] = {}
    bHasVertexColors = false
    EnableTwistBoneFixers = true
    EnableClavicleFixer = true
    Materials[2] = { MaterialInstanceConstant'col1', MaterialInstanceConstant'col1_1' }


    Lods[2] =
    {
        Lods[0] =
        {
            Sections[2] =
            {
                Sections[0] = { Material=MaterialInstanceConstant'col1', FirstIndex=0, NumFaces=5436 }
                Sections[1] = { Material=MaterialInstanceConstant'col1_1', FirstIndex=16308, NumFaces=1722 }
            }
            NumVerts = 5149
            IndexCount = 21474
            NumTexCoords = 1
        }
        Lods[1] =
        {
            Sections[2] =
            {
                Sections[0] = { Material=MaterialInstanceConstant'col1', FirstIndex=0, NumFaces=1884 }
                Sections[1] = { Material=MaterialInstanceConstant'col1_1', FirstIndex=5652, NumFaces=738 }
            }
            NumVerts = 2319
            IndexCount = 7866
            NumTexCoords = 1
        }
    }
    LodCount = 2
    MeshOrigin = { X=-0, Y=-0, Z=-0 }
    MeshScale = { X=1, Y=1, Z=1 }
    RotOrigin = { Yaw=0, Pitch=0, Roll=0 }
    BoneCount = 90
