Found 32768 game files (1766 skipped)
Loading package: 00056357.upk Ver: 573/1 Engine: 4205 Names: 310 Exports: 214 Imports: 68 Game: 801A
Loading Texture2D GameUI_ChallengePartyResultScene_Preview from package 00056357.upk
Loading Texture2D GameUI_ChallengeResultScene_Preview from package 00056357.upk
Loaded in 0.009 sec, 338 allocs, 0.04 MBytes serialized in 5407 calls.

Object info:
============
ClassName: Texture2D ObjectName: GameUI_ChallengePartyResultScene_Preview

    SizeX = 256
    SizeY = 256
    Format = PF_DXT1 (5)
    AddressX = TA_Wrap (0)
    AddressY = TA_Wrap (0)
    TextureFileCacheName = None
    MipTailBaseIdx = 0
    bForcePVRTC4 = false
    UnpackMin[4] = { 0, 0, 0, 0 }
    UnpackMax[4] = { 1, 1, 1, 1 }

Object info:
============
ClassName: Texture2D ObjectName: GameUI_ChallengeResultScene_Preview

    SizeX = 256
    SizeY = 256
    Format = PF_DXT1 (5)
    AddressX = TA_Wrap (0)
    AddressY = TA_Wrap (0)
    TextureFileCacheName = None
    MipTailBaseIdx = 0
    bForcePVRTC4 = false
    UnpackMin[4] = { 0, 0, 0, 0 }
    UnpackMax[4] = { 1, 1, 1, 1 }
