Found 32768 game files (1222 skipped)
Loading package: 00056029.upk Ver: 573/1 Engine: 4205 Names: 378 Exports: 787 Imports: 134 Game: 801A
Loading SkeletalMesh3 130023_Autoscale from package 00056029.upk
WARNING: ObjectProperty "USkeletalMesh3::MeshFactorSet" was not found
WARNING: ObjectProperty "USkeletalMesh3::PhysMaterialOverride" was not found
Loading package: 00056002.upk Ver: 573/1 Engine: 4205 Names: 185 Exports: 265 Imports: 52 Game: 801A
Loading SkeletalMeshSocket SkeletalMeshSocket_120 from package 00056029.upk
WARNING: ObjectProperty "USkeletalMeshSocket::DependencyParticleSystem" was not found
Loading SkeletalMeshSocket SkeletalMeshSocket_87 from package 00056029.upk
WARNING: ObjectProperty "USkeletalMeshSocket::DependencyParticleSystem" was not found
Loading SkeletalMeshSocket SkeletalMeshSocket_97 from package 00056029.upk
WARNING: ObjectProperty "USkeletalMeshSocket::DependencyParticleSystem" was not found
Loading StaticMesh3 130023_deco from package 00056029.upk
Loading package: 00012892.upk Ver: 573/1 Engine: 4205 Names: 1018 Exports: 5834 Imports: 361 Game: 801A
Loading Texture2D 130023_Autoscale_col1_N_FX from package 00056029.upk
Loading Texture2D 130023_FX_mask from package 00056029.upk
Loading MaterialInstanceConstant col1 from package 00056002.upk
Loading package: 00055519.upk Ver: 573/1 Engine: 4205 Names: 35 Exports: 6 Imports: 6 Game: 801A
Loading package: 00050895.upk Ver: 573/1 Engine: 4205 Names: 153 Exports: 3 Imports: 21 Game: 801A
Loading package: 00002640.upk Ver: 573/1 Engine: 4205 Names: 291 Exports: 507 Imports: 3 Game: 801A
Loading package: 00012963.upk Ver: 573/1 Engine: 4205 Names: 1349 Exports: 1323 Imports: 10 Game: 801A
Loading Material3 001_Mesh_Default_MatM from package 00012892.upk
WARNING: BoolProperty "UMaterial3::bAcceptRenderDecal" was not found
Loading package: 00023713.upk Ver: 573/1 Engine: 4205 Names: 101 Exports: 81 Imports: 4 Game: 801A
Loading Texture2D 130023_Autoscale_col1_N from package 00055519.upk
Loading Texture2D 130023_Autoscale_col1_M from package 00055519.upk
Loading Texture2D 130023_Autoscale_col1_D from package 00055519.upk
Loading Texture2D Smoke_Pattern_4channel_02 from package 00050895.upk
Loading Texture2D 130023_Autoscale_col1_S from package 00055519.upk
Loading TextureCube lenscube from package 00002640.upk
Loading Texture2D FX_Glow_Trangition from package 00012963.upk
Loading Texture2D 130023_Autoscale_col1_E from package 00055519.upk
Loading Material3 Basic_view_reflect_FX from package 00056002.upk
Loading package: 00002620.upk Ver: 573/1 Engine: 4205 Names: 576 Exports: 7687 Imports: 96 Game: 801A
Loading Texture2D Cube000_Tex from package 00023713.upk
Loading Texture2D CubemapFace0 from package 00002640.upk
Loading Texture2D CubemapFace1 from package 00002640.upk
Loading Texture2D CubemapFace2 from package 00002640.upk
Loading Texture2D CubemapFace3 from package 00002640.upk
Loading Texture2D CubemapFace4 from package 00002640.upk
Loading Texture2D CubemapFace5 from package 00002640.upk
Loading Texture2D check_n from package 00002620.upk
Loading Texture2D check from package 00002620.upk
Loading Texture2D Smoke_Pattern_001 from package 00012963.upk
Loading Texture2D Gradient_Line_003 from package 00012963.upk
Loaded in 0.21 sec, 4790 allocs, 3.76 MBytes serialized in 446948 calls.

Object info:
============
ClassName: SkeletalMesh3 ObjectName: 130023_Autoscale

    LODInfo[1] =
    {
        LODInfo[0] =
        {
            DisplayFactor = 0
            LODHysteresis = 0.02
            LODMaterialMap[0] = {}
            bEnableShadowCasting[1] = { true }
        }
    }
    Sockets[3] =
    {
        Sockets[0] = SkeletalMeshSocket'130023_Autoscale.SkeletalMeshSocket_87'
        Sockets[1] = SkeletalMeshSocket'130023_Autoscale.SkeletalMeshSocket_97'
        Sockets[2] = SkeletalMeshSocket'130023_Autoscale.SkeletalMeshSocket_120'
    }
    bHasVertexColors = false
    EnableTwistBoneFixers = true
    EnableClavicleFixer = true
    Materials[1] = { MaterialInstanceConstant'col1' }


    Lods[1] =
    {
        Lods[0] =
        {
            Sections[1] =
            {
                Sections[0] = { Material=MaterialInstanceConstant'col1', FirstIndex=0, NumFaces=5056 }
            }
            NumVerts = 3735
            IndexCount = 15168
            NumTexCoords = 1
        }
    }
    LodCount = 1
    MeshOrigin = { X=-0, Y=-0, Z=-0 }
    MeshScale = { X=1, Y=1, Z=1 }
    RotOrigin = { Yaw=0, Pitch=0, Roll=0 }
    BoneCount = 5

Object info:
============
ClassName: SkeletalMeshSocket ObjectName: SkeletalMeshSocket_120

    SocketName = FX_Add02
    BoneName = WeaponPivot
    RelativeLocation = { X=0, Y=0, Z=-37.978 }
    RelativeRotation = { Yaw=0, Pitch=0, Roll=0 }
    RelativeScale = { X=1, Y=1, Z=1 }

Object info:
============
ClassName: SkeletalMeshSocket ObjectName: SkeletalMeshSocket_87

    SocketName = FX_Add
    BoneName = WeaponPivot
    RelativeLocation = { X=0, Y=0, Z=-4.25 }
    RelativeRotation = { Yaw=0, Pitch=0, Roll=0 }
    RelativeScale = { X=6.5, Y=6.5, Z=6.5 }

Object info:
============
ClassName: SkeletalMeshSocket ObjectName: SkeletalMeshSocket_97

    SocketName = FX_Add_Trail
    BoneName = WeaponPivot
    RelativeLocation = { X=0, Y=0, Z=-5 }
    RelativeRotation = { Yaw=0, Pitch=0, Roll=0 }
    RelativeScale = { X=2.2, Y=2.2, Z=2.2 }

Object info:
============
ClassName: StaticMesh3 ObjectName: 130023_deco

    BodySetup = None
    UseSimpleLineCollision = false
    UseSimpleBoxCollision = false
    UseSimpleRigidBodyCollision = false
    UseFullPrecisionUVs = false
    Bounds =
    {
        Origin = { X=-1.73545, Y=-5.4951, Z=55.6188 }
        BoxExtent = { X=14.5723, Y=5.2925, Z=35.749 }
        SphereRadius = 35.8126
    }
    CanCompressPositions = false
    CanStripNormalsAndTangents = false
    InternalVersion = 18


    Lods[1] =
    {
        Lods[0] =
        {
            Sections[1] =
            {
                Sections[0] = { Material=Material3'001_Mesh_Default_MatM', FirstIndex=0, NumFaces=108 }
            }
            NumVerts = 178
            IndexCount = 324
            NumTexCoords = 1
        }
    }
    LodCount = 1

Object info:
============
ClassName: Texture2D ObjectName: 130023_Autoscale_col1_N_FX

    SizeX = 1024
    SizeY = 512
    Format = PF_DXT1 (5)
    AddressX = TA_Wrap (0)
    AddressY = TA_Wrap (0)
    TextureFileCacheName = None
    MipTailBaseIdx = 10
    bForcePVRTC4 = false
    UnpackMin[4] = { 0, 0, 0, 0 }
    UnpackMax[4] = { 1, 1, 1, 1 }

Object info:
============
ClassName: Texture2D ObjectName: 130023_FX_mask

    SizeX = 1024
    SizeY = 512
    Format = PF_DXT5 (7)
    AddressX = TA_Wrap (0)
    AddressY = TA_Wrap (0)
    TextureFileCacheName = None
    MipTailBaseIdx = 10
    bForcePVRTC4 = false
    UnpackMin[4] = { 0, 0, 0, 0 }
    UnpackMax[4] = { 1, 1, 1, 1 }
