Found 32768 game files (1222 skipped)
Loading package: 00050226.upk Ver: 573/1 Engine: 4205 Names: 162 Exports: 216 Imports: 16 Game: 801A
Loading SkeletalMesh3 AncientHaetaeWing from package 00050226.upk
WARNING: ObjectProperty "USkeletalMesh3::PlaySoundSet" was not found
WARNING: FloatProperty "USkeletalMesh3::AnimNameHeight" was not found
WARNING: FloatProperty "USkeletalMesh3::NormalNameHeight" was not found
WARNING: FloatProperty "USkeletalMesh3::LowNameHeight" was not found
WARNING: FloatProperty "USkeletalMesh3::PhysicalHitScale" was not found
Loading package: 00050228.upk Ver: 573/1 Engine: 4205 Names: 173 Exports: 150 Imports: 47 Game: 801A
Loading SkeletalMeshSocket SkeletalMeshSocket_143 from package 00050226.upk
Loading SkeletalMeshSocket SkeletalMeshSocket_144 from package 00050226.upk
Loading SkeletalMeshSocket SkeletalMeshSocket_145 from package 00050226.upk
Loading SkeletalMeshSocket SkeletalMeshSocket_146 from package 00050226.upk
Loading SkeletalMeshSocket SkeletalMeshSocket_147 from package 00050226.upk
Loading SkeletalMeshSocket SkeletalMeshSocket_148 from package 00050226.upk
Loading SkeletalMeshSocket SkeletalMeshSocket_149 from package 00050226.upk
Loading SkeletalMeshSocket SkeletalMeshSocket_150 from package 00050226.upk
Loading SkeletalMeshSocket SkeletalMeshSocket_151 from package 00050226.upk
Loading MaterialInstanceConstant col1 from package 00050228.upk
Loading package: 00050227.upk Ver: 573/1 Engine: 4205 Names: 33 Exports: 7 Imports: 2 Game: 801A
Loading package: 00002640.upk Ver: 573/1 Engine: 4205 Names: 291 Exports: 507 Imports: 3 Game: 801A
Loading Texture2D Monster_Etc_AncientHaeTaeWing_col1_N from package 00050227.upk
Loading Texture2D Monster_Etc_AncientHaeTaeWing_col1_M from package 00050227.upk
Loading Texture2D Monster_Etc_AncientHaeTaeWing_col1_D from package 00050227.upk
Loading Texture2D Monster_Etc_AncientHaeTaeWing_col1_S from package 00050227.upk
Loading TextureCube MatelR1 from package 00002640.upk
Loading Texture2D Monster_Etc_AncientHaeTaeWing_col1_E from package 00050227.upk
Loading Texture2D Monster_Etc_AncientHaeTaeWing_col1_FX from package 00050227.upk
Loading Material3 Basic_FX from package 00050228.upk
Loading package: 00002620.upk Ver: 573/1 Engine: 4205 Names: 576 Exports: 7687 Imports: 96 Game: 801A
Loading package: 00012963.upk Ver: 573/1 Engine: 4205 Names: 1349 Exports: 1323 Imports: 10 Game: 801A
Loading Texture2D CubemapFace0 from package 00002640.upk
Loading Texture2D CubemapFace1 from package 00002640.upk
Loading Texture2D CubemapFace2 from package 00002640.upk
Loading Texture2D CubemapFace3 from package 00002640.upk
Loading Texture2D CubemapFace4 from package 00002640.upk
Loading Texture2D CubemapFace5 from package 00002640.upk
Loading Texture2D check_n from package 00002620.upk
Loading Texture2D check from package 00002620.upk
Loading Texture2D Smoke_Pattern_001 from package 00012963.upk
Loading Texture2D Gradient_Line_003 from package 00012963.upk
Loading Texture2D Gradient_Wipe_BurnOut_Mask_TEST from package 00012963.upk
Loading Texture2D Gradient_Wipe_BurnOut_Mask from package 00012963.upk
Loaded in 0.21 sec, 3171 allocs, 4.86 MBytes serialized in 511854 calls.

Object info:
============
ClassName: SkeletalMesh3 ObjectName: AncientHaetaeWing

    LODInfo[1] =
    {
        LODInfo[0] =
        {
            DisplayFactor = 0
            LODHysteresis = 0.02
            LODMaterialMap[0] = {}
            bEnableShadowCasting[1] = { true }
        }
    }
    Sockets[9] =
    {
        Sockets[0] = SkeletalMeshSocket'AncientHaetaeWing.SkeletalMeshSocket_143'
        Sockets[1] = SkeletalMeshSocket'AncientHaetaeWing.SkeletalMeshSocket_144'
        Sockets[2] = SkeletalMeshSocket'AncientHaetaeWing.SkeletalMeshSocket_145'
        Sockets[3] = SkeletalMeshSocket'AncientHaetaeWing.SkeletalMeshSocket_146'
        Sockets[4] = SkeletalMeshSocket'AncientHaetaeWing.SkeletalMeshSocket_147'
        Sockets[5] = SkeletalMeshSocket'AncientHaetaeWing.SkeletalMeshSocket_148'
        Sockets[6] = SkeletalMeshSocket'AncientHaetaeWing.SkeletalMeshSocket_149'
        Sockets[7] = SkeletalMeshSocket'AncientHaetaeWing.SkeletalMeshSocket_150'
        Sockets[8] = SkeletalMeshSocket'AncientHaetaeWing.SkeletalMeshSocket_151'
    }
    bHasVertexColors = false
    EnableTwistBoneFixers = true
    EnableClavicleFixer = true
    Materials[1] = { MaterialInstanceConstant'col1' }


    Lods[1] =
    {
        Lods[0] =
        {
            Sections[1] =
            {
                Sections[0] = { Material=MaterialInstanceConstant'col1', FirstIndex=0, NumFaces=12698 }
            }
            NumVerts = 8610
            IndexCount = 38094
            NumTexCoords = 1
        }
    }
    LodCount = 1
    MeshOrigin = { X=-0, Y=-0, Z=-0 }
    MeshScale = { X=1, Y=1, Z=1 }
    RotOrigin = { Yaw=0, Pitch=0, Roll=0 }
    BoneCount = 57

Object info:
============
ClassName: SkeletalMeshSocket ObjectName: SkeletalMeshSocket_143

    SocketName = target_high
    BoneName = Bip01Head
    RelativeLocation = { X=15, Y=0, Z=0 }
    RelativeRotation = { Yaw=0, Pitch=0, Roll=0 }
    RelativeScale = { X=1, Y=1, Z=1 }

Object info:
============
ClassName: SkeletalMeshSocket ObjectName: SkeletalMeshSocket_144

    SocketName = socket_force
    BoneName = Root
    RelativeLocation = { X=15.0501, Y=35, Z=1.25 }
    RelativeRotation = { Yaw=0, Pitch=0, Roll=0 }
    RelativeScale = { X=1, Y=1, Z=1 }

Object info:
============
ClassName: SkeletalMeshSocket ObjectName: SkeletalMeshSocket_145

    SocketName = Catch_Neck
    BoneName = Bip01Neck
    RelativeLocation = { X=0, Y=0, Z=0 }
    RelativeRotation = { Yaw=0, Pitch=0, Roll=0 }
    RelativeScale = { X=1, Y=1, Z=1 }

Object info:
============
ClassName: SkeletalMeshSocket ObjectName: SkeletalMeshSocket_146

    SocketName = Catch_Back
    BoneName = Bip01Spine2
    RelativeLocation = { X=-10.7093, Y=-23.4687, Z=-6.00069 }
    RelativeRotation = { Yaw=0, Pitch=0, Roll=0 }
    RelativeScale = { X=1, Y=1, Z=1 }

Object info:
============
ClassName: SkeletalMeshSocket ObjectName: SkeletalMeshSocket_147

    SocketName = Decap_Socket
    BoneName = Bip01Neck
    RelativeLocation = { X=2.01375, Y=18.7754, Z=8.37237 }
    RelativeRotation = { Yaw=0, Pitch=0, Roll=0 }
    RelativeScale = { X=1, Y=1, Z=1 }

Object info:
============
ClassName: SkeletalMeshSocket ObjectName: SkeletalMeshSocket_148

    SocketName = Mount_Socket
    BoneName = Bip01Spine2
    RelativeLocation = { X=0, Y=-1.89056, Z=-17.8028 }
    RelativeRotation = { Yaw=0, Pitch=0, Roll=30947 }
    RelativeScale = { X=1, Y=1, Z=1 }

Object info:
============
ClassName: SkeletalMeshSocket ObjectName: SkeletalMeshSocket_149

    SocketName = Mount_Choke_Socket
    BoneName = Root
    RelativeLocation = { X=-3.16983, Y=3.88178e-016, Z=19.25 }
    RelativeRotation = { Yaw=32768, Pitch=0, Roll=0 }
    RelativeScale = { X=1, Y=1, Z=1 }

Object info:
============
ClassName: SkeletalMeshSocket ObjectName: SkeletalMeshSocket_150

    SocketName = Mount_Ambar_Socket
    BoneName = Bip01LClavicle
    RelativeLocation = { X=17.1978, Y=2, Z=-20.0816 }
    RelativeRotation = { Yaw=14563, Pitch=14563, Roll=25486 }
    RelativeScale = { X=1, Y=1, Z=1 }

Object info:
============
ClassName: SkeletalMeshSocket ObjectName: SkeletalMeshSocket_151

    SocketName = ATTACH_EFFECT
    BoneName = Bip01
    RelativeLocation = { X=0, Y=0, Z=0 }
    RelativeRotation = { Yaw=0, Pitch=0, Roll=0 }
    RelativeScale = { X=1, Y=1, Z=1 }
