Found 32768 game files (1222 skipped)
Loading package: 00056603.upk Ver: 573/1 Engine: 4205 Names: 203 Exports: 172 Imports: 18 Game: 801A
Loading SkeletalMesh3 RedOverLordNew from package 00056603.upk
WARNING: ObjectProperty "USkeletalMesh3::PlaySoundSet" was not found
WARNING: FloatProperty "USkeletalMesh3::AnimNameHeight" was not found
WARNING: FloatProperty "USkeletalMesh3::NormalNameHeight" was not found
WARNING: FloatProperty "USkeletalMesh3::LowNameHeight" was not found
Loading package: 00057275.upk Ver: 573/1 Engine: 4205 Names: 90 Exports: 1 Imports: 20 Game: 801A
Loading SkeletalMeshSocket SkeletalMeshSocket_105 from package 00056603.upk
WARNING: ObjectProperty "USkeletalMeshSocket::PreviewSkelMesh" was not found
Loading SkeletalMeshSocket SkeletalMeshSocket_106 from package 00056603.upk
WARNING: ObjectProperty "USkeletalMeshSocket::PreviewSkelMesh" was not found
Loading SkeletalMeshSocket SkeletalMeshSocket_241 from package 00056603.upk
Loading SkeletalMeshSocket SkeletalMeshSocket_242 from package 00056603.upk
Loading SkeletalMeshSocket SkeletalMeshSocket_243 from package 00056603.upk
Loading SkeletalMeshSocket SkeletalMeshSocket_244 from package 00056603.upk
Loading SkeletalMeshSocket SkeletalMeshSocket_245 from package 00056603.upk
WARNING: BoolProperty "USkeletalMeshSocket::bParticleAttachPosOnly" was not found
Loading SkeletalMeshSocket SkeletalMeshSocket_246 from package 00056603.upk
Loading SkeletalMeshSocket SkeletalMeshSocket_247 from package 00056603.upk
Loading SkeletalMeshSocket SkeletalMeshSocket_248 from package 00056603.upk
Loading SkeletalMeshSocket SkeletalMeshSocket_249 from package 00056603.upk
Loading MaterialInstanceConstant col1 from package 00057275.upk
Loading package: 00057274.upk Ver: 573/1 Engine: 4205 Names: 31 Exports: 5 Imports: 2 Game: 801A
Loading package: 00002640.upk Ver: 573/1 Engine: 4205 Names: 291 Exports: 507 Imports: 3 Game: 801A
Loading package: 00002620.upk Ver: 573/1 Engine: 4205 Names: 576 Exports: 7687 Imports: 96 Game: 801A
Loading Texture2D RedOverLoardNew_col1_N from package 00057274.upk
Loading Texture2D RedOverLoardNew_col1_M from package 00057274.upk
Loading Texture2D RedOverLoardNew_col1_D from package 00057274.upk
Loading Texture2D RedOverLoardNew_col1_S from package 00057274.upk
Loading TextureCube lenscube_a from package 00002640.upk
Loading Texture2D RedOverLoardNew_col1_E from package 00057274.upk
Loading Material3 Basic from package 00002620.upk
Loading package: 00012963.upk Ver: 573/1 Engine: 4205 Names: 1349 Exports: 1323 Imports: 10 Game: 801A
Loading Texture2D CubemapFace0 from package 00002640.upk
Loading Texture2D CubemapFace1 from package 00002640.upk
Loading Texture2D CubemapFace2 from package 00002640.upk
Loading Texture2D CubemapFace3 from package 00002640.upk
Loading Texture2D CubemapFace4 from package 00002640.upk
Loading Texture2D CubemapFace5 from package 00002640.upk
Loading Texture2D check_n from package 00002620.upk
Loading Texture2D check from package 00002620.upk
Loading Texture2D Smoke_Pattern_001 from package 00012963.upk
Loading Texture2D Gradient_Line_003 from package 00012963.upk
Loading Texture2D Gradient_Wipe_BurnOut_Mask_TEST from package 00012963.upk
Loading Texture2D Gradient_Wipe_BurnOut_Mask from package 00012963.upk
Loaded in 0.26 sec, 3133 allocs, 11.27 MBytes serialized in 794848 calls.

Object info:
============
ClassName: SkeletalMesh3 ObjectName: RedOverLordNew

    LODInfo[1] =
    {
        LODInfo[0] =
        {
            DisplayFactor = 0
            LODHysteresis = 0.02
            LODMaterialMap[0] = {}
            bEnableShadowCasting[1] = { true }
        }
    }
    Sockets[11] =
    {
        Sockets[0] = SkeletalMeshSocket'RedOverLordNew.SkeletalMeshSocket_105'
        Sockets[1] = SkeletalMeshSocket'RedOverLordNew.SkeletalMeshSocket_106'
        Sockets[2] = SkeletalMeshSocket'RedOverLordNew.SkeletalMeshSocket_241'
        Sockets[3] = SkeletalMeshSocket'RedOverLordNew.SkeletalMeshSocket_242'
        Sockets[4] = SkeletalMeshSocket'RedOverLordNew.SkeletalMeshSocket_243'
        Sockets[5] = SkeletalMeshSocket'RedOverLordNew.SkeletalMeshSocket_244'
        Sockets[6] = SkeletalMeshSocket'RedOverLordNew.SkeletalMeshSocket_245'
        Sockets[7] = SkeletalMeshSocket'RedOverLordNew.SkeletalMeshSocket_246'
        Sockets[8] = SkeletalMeshSocket'RedOverLordNew.SkeletalMeshSocket_247'
        Sockets[9] = SkeletalMeshSocket'RedOverLordNew.SkeletalMeshSocket_248'
        Sockets[10] = SkeletalMeshSocket'RedOverLordNew.SkeletalMeshSocket_249'
    }
    bHasVertexColors = false
    EnableTwistBoneFixers = true
    EnableClavicleFixer = true
    Materials[1] = { MaterialInstanceConstant'col1' }


    Lods[1] =
    {
        Lods[0] =
        {
            Sections[1] =
            {
                Sections[0] = { Material=MaterialInstanceConstant'col1', FirstIndex=0, NumFaces=22880 }
            }
            NumVerts = 17366
            IndexCount = 68640
            NumTexCoords = 1
        }
    }
    LodCount = 1
    MeshOrigin = { X=-0, Y=-0, Z=-0 }
    MeshScale = { X=1, Y=1, Z=1 }
    RotOrigin = { Yaw=0, Pitch=0, Roll=0 }
    BoneCount = 98

Object info:
============
ClassName: SkeletalMeshSocket ObjectName: SkeletalMeshSocket_105

    SocketName = WeaponR
    BoneName = WeaponR
    RelativeLocation = { X=0, Y=0, Z=0 }
    RelativeRotation = { Yaw=0, Pitch=0, Roll=0 }
    RelativeScale = { X=1, Y=1, Z=1 }

Object info:
============
ClassName: SkeletalMeshSocket ObjectName: SkeletalMeshSocket_106

    SocketName = WeaponL
    BoneName = WeaponL
    RelativeLocation = { X=0, Y=0, Z=0 }
    RelativeRotation = { Yaw=0, Pitch=0, Roll=0 }
    RelativeScale = { X=1, Y=1, Z=1 }

Object info:
============
ClassName: SkeletalMeshSocket ObjectName: SkeletalMeshSocket_241

    SocketName = target_high
    BoneName = Bip01Head
    RelativeLocation = { X=0, Y=0, Z=0 }
    RelativeRotation = { Yaw=0, Pitch=0, Roll=0 }
    RelativeScale = { X=1, Y=1, Z=1 }

Object info:
============
ClassName: SkeletalMeshSocket ObjectName: SkeletalMeshSocket_242

    SocketName = Catch_Neck
    BoneName = Bip01Neck
    RelativeLocation = { X=0, Y=0, Z=0 }
    RelativeRotation = { Yaw=0, Pitch=0, Roll=0 }
    RelativeScale = { X=1, Y=1, Z=1 }

Object info:
============
ClassName: SkeletalMeshSocket ObjectName: SkeletalMeshSocket_243

    SocketName = socket_force
    BoneName = Root
    RelativeLocation = { X=40, Y=33, Z=7 }
    RelativeRotation = { Yaw=0, Pitch=0, Roll=0 }
    RelativeScale = { X=1, Y=1, Z=1 }

Object info:
============
ClassName: SkeletalMeshSocket ObjectName: SkeletalMeshSocket_244

    SocketName = Mount_Socket
    BoneName = Root
    RelativeLocation = { X=-28.7433, Y=3.51992e-015, Z=38.25 }
    RelativeRotation = { Yaw=32768, Pitch=0, Roll=0 }
    RelativeScale = { X=1, Y=1, Z=1 }

Object info:
============
ClassName: SkeletalMeshSocket ObjectName: SkeletalMeshSocket_245

    SocketName = ATTACH_EFFECT
    BoneName = Bip01
    RelativeLocation = { X=0, Y=0, Z=0 }
    RelativeRotation = { Yaw=0, Pitch=0, Roll=0 }
    RelativeScale = { X=1, Y=1, Z=1 }

Object info:
============
ClassName: SkeletalMeshSocket ObjectName: SkeletalMeshSocket_246

    SocketName = Decap_Socket
    BoneName = Bip01Neck
    RelativeLocation = { X=12.8468, Y=12.4673, Z=0 }
    RelativeRotation = { Yaw=0, Pitch=0, Roll=0 }
    RelativeScale = { X=1, Y=1, Z=1 }

Object info:
============
ClassName: SkeletalMeshSocket ObjectName: SkeletalMeshSocket_247

    SocketName = Catch_Back
    BoneName = Bip01Spine
    RelativeLocation = { X=9.44028, Y=27.037, Z=5.12727 }
    RelativeRotation = { Yaw=14269, Pitch=-14519, Roll=-14287 }
    RelativeScale = { X=1, Y=1, Z=1 }

Object info:
============
ClassName: SkeletalMeshSocket ObjectName: SkeletalMeshSocket_248

    SocketName = Socket_Caster
    BoneName = Root
    RelativeLocation = { X=0, Y=0, Z=0 }
    RelativeRotation = { Yaw=32768, Pitch=0, Roll=0 }
    RelativeScale = { X=1, Y=1, Z=1 }

Object info:
============
ClassName: SkeletalMeshSocket ObjectName: SkeletalMeshSocket_249

    SocketName = Socket_Rosary
    BoneName = Bip01LForeArm
    RelativeLocation = { X=10, Y=0, Z=0 }
    RelativeRotation = { Yaw=0, Pitch=0, Roll=0 }
    RelativeScale = { X=1, Y=1, Z=1 }
