Found 32768 game files (1222 skipped)
Loading package: 00051060.upk Ver: 573/1 Engine: 4205 Names: 100 Exports: 29 Imports: 13 Game: 801A
Loading SkeletalMesh3 040316_LynF from package 00051060.upk
Loading package: 00051062.upk Ver: 573/1 Engine: 4205 Names: 112 Exports: 2 Imports: 27 Game: 801A
Loading MaterialInstanceConstant col1 from package 00051062.upk
Loading package: 00051061.upk Ver: 573/1 Engine: 4205 Names: 28 Exports: 2 Imports: 2 Game: 801A
Loading package: 00008613.upk Ver: 573/1 Engine: 4205 Names: 95 Exports: 6 Imports: 12 Game: 801A
Loading package: 00002620.upk Ver: 573/1 Engine: 4205 Names: 576 Exports: 7687 Imports: 96 Game: 801A
Loading MaterialInstanceConstant col1_Acc from package 00051062.upk
Loading package: 00051055.upk Ver: 573/1 Engine: 4205 Names: 38 Exports: 10 Imports: 2 Game: 801A
Loading package: 00002640.upk Ver: 573/1 Engine: 4205 Names: 291 Exports: 507 Imports: 3 Game: 801A
Loading Texture2D 040316_JinF_col1_D_hair from package 00051061.upk
Loading Texture2D 040316_JinF_col1_N_hair from package 00051061.upk
Loading Texture2D Nothing_A from package 00008613.upk
Loading Material3 Beard_Ac from package 00002620.upk
Loading package: 00012963.upk Ver: 573/1 Engine: 4205 Names: 1349 Exports: 1323 Imports: 10 Game: 801A
Loading Texture2D 10134_LynF_col1_N from package 00051055.upk
Loading Texture2D 10134_LynF_col1_M from package 00051055.upk
Loading Texture2D 10134_LynF_col1_D from package 00051055.upk
Loading Texture2D 10134_LynF_col1_S from package 00051055.upk
Loading TextureCube Cube_Suicide2 from package 00002640.upk
Loading Texture2D 10134_LynF_col1_E from package 00051055.upk
Loading Material3 Body from package 00002620.upk
Loading Texture2D check_n from package 00002620.upk
Loading Texture2D Noise_Glass_000 from package 00012963.upk
Loading Texture2D Smoke_Pattern_001 from package 00012963.upk
Loading Texture2D Gradient_Wipe_BurnOut_Mask_TEST from package 00012963.upk
Loading Texture2D Gradient_Wipe_BurnOut_Mask from package 00012963.upk
Loading Texture2D check from package 00002620.upk
Loading Texture2D Gradient_Line_003 from package 00012963.upk
Loading Texture2D CubemapFace0 from package 00002640.upk
Loading Texture2D CubemapFace1 from package 00002640.upk
Loading Texture2D CubemapFace2 from package 00002640.upk
Loading Texture2D CubemapFace3 from package 00002640.upk
Loading Texture2D CubemapFace4 from package 00002640.upk
Loading Texture2D CubemapFace5 from package 00002640.upk
Loaded in 0.24 sec, 3271 allocs, 2.89 MBytes serialized in 255953 calls.

Object info:
============
ClassName: SkeletalMesh3 ObjectName: 040316_LynF

    LODInfo[1] =
    {
        LODInfo[0] =
        {
            DisplayFactor = 0
            LODHysteresis = 0.02
            LODMaterialMap[0] = {}
            bEnableShadowCasting[2] = { true, true }
        }
    }
    Sockets[0] = {}
    bHasVertexColors = false
    EnableTwistBoneFixers = true
    EnableClavicleFixer = true
    Materials[2] = { MaterialInstanceConstant'col1', MaterialInstanceConstant'col1_Acc' }


    Lods[1] =
    {
        Lods[0] =
        {
            Sections[2] =
            {
                Sections[0] = { Material=MaterialInstanceConstant'col1', FirstIndex=0, NumFaces=944 }
                Sections[1] = { Material=MaterialInstanceConstant'col1_Acc', FirstIndex=2832, NumFaces=1616 }
            }
            NumVerts = 1853
            IndexCount = 7680
            NumTexCoords = 1
        }
    }
    LodCount = 1
    MeshOrigin = { X=-0, Y=-0, Z=-0 }
    MeshScale = { X=1, Y=1, Z=1 }
    RotOrigin = { Yaw=0, Pitch=0, Roll=0 }
    BoneCount = 15
