Found 32768 game files (1222 skipped)
Loading package: 00052298.upk Ver: 573/1 Engine: 4205 Names: 63 Exports: 5 Imports: 9 Game: 801A
Loading SkeletalMesh3 1006_KunN from package 00052298.upk
Loading package: 00052299.upk Ver: 573/1 Engine: 4205 Names: 143 Exports: 2 Imports: 27 Game: 801A
Loading MaterialInstanceConstant col1 from package 00052299.upk
Loading package: 00031316.upk Ver: 573/1 Engine: 4205 Names: 32 Exports: 4 Imports: 2 Game: 801A
Loading package: 00002620.upk Ver: 573/1 Engine: 4205 Names: 576 Exports: 7687 Imports: 96 Game: 801A
Loading MaterialInstanceConstant Col_Hair_Acc from package 00052299.upk
Loading package: 00052552.upk Ver: 573/1 Engine: 4205 Names: 30 Exports: 4 Imports: 2 Game: 801A
Loading package: 00002640.upk Ver: 573/1 Engine: 4205 Names: 291 Exports: 507 Imports: 3 Game: 801A
Loading Texture2D 040191_JinF_col1_n from package 00031316.upk
Loading Texture2D 040191_JinF_col1_d from package 00031316.upk
Loading Texture2D 040191_JinF_col1_s from package 00031316.upk
Loading Texture2D 040191_JinF_col1_m from package 00031316.upk
Loading Material3 Hair from package 00002620.upk
Loading package: 00012963.upk Ver: 573/1 Engine: 4205 Names: 1349 Exports: 1323 Imports: 10 Game: 801A
Loading Texture2D 1006_JinM_col1_N from package 00052552.upk
Loading TextureCube lenscube_a from package 00002640.upk
Loading Texture2D check from package 00002620.upk
Loading Texture2D 1006_JinF_col1_S from package 00052552.upk
Loading Texture2D 1006_JinF_col1_M from package 00052552.upk
Loading Texture2D 1006_JinF_col1_D from package 00052552.upk
Loading Material3 Custom_B from package 00002620.upk
Loading package: 00025178.upk Ver: 573/1 Engine: 4205 Names: 76 Exports: 46 Imports: 2 Game: 801A
Loading Texture2D check_n from package 00002620.upk
Loading Texture2D Noise_Glass_000 from package 00012963.upk
Loading Texture2D Smoke_Pattern_001 from package 00012963.upk
Loading Texture2D Gradient_Wipe_BurnOut_Mask_TEST from package 00012963.upk
Loading Texture2D Gradient_Wipe_BurnOut_Mask from package 00012963.upk
Loading Texture2D Gradient_Line_003 from package 00012963.upk
Loading Texture2D CubemapFace0 from package 00002640.upk
Loading Texture2D CubemapFace1 from package 00002640.upk
Loading Texture2D CubemapFace2 from package 00002640.upk
Loading Texture2D CubemapFace3 from package 00002640.upk
Loading Texture2D CubemapFace4 from package 00002640.upk
Loading Texture2D CubemapFace5 from package 00002640.upk
Loading Texture2D Mask_Default from package 00025178.upk
Loaded in 0.22 sec, 3275 allocs, 2.16 MBytes serialized in 220867 calls.

Object info:
============
ClassName: SkeletalMesh3 ObjectName: 1006_KunN

    LODInfo[1] =
    {
        LODInfo[0] =
        {
            DisplayFactor = 0
            LODHysteresis = 0.02
            LODMaterialMap[0] = {}
            bEnableShadowCasting[2] = { true, true }
        }
    }
    Sockets[0] = {}
    bHasVertexColors = false
    EnableTwistBoneFixers = true
    EnableClavicleFixer = true
    Materials[2] = { MaterialInstanceConstant'col1', MaterialInstanceConstant'Col_Hair_Acc' }


    Lods[1] =
    {
        Lods[0] =
        {
            Sections[2] =
            {
                Sections[0] = { Material=MaterialInstanceConstant'Col_Hair_Acc', FirstIndex=0, NumFaces=388 }
                Sections[1] = { Material=MaterialInstanceConstant'col1', FirstIndex=1164, NumFaces=1095 }
            }
            NumVerts = 955
            IndexCount = 4449
            NumTexCoords = 1
        }
    }
    LodCount = 1
    MeshOrigin = { X=-0, Y=-0, Z=-0 }
    MeshScale = { X=1, Y=1, Z=1 }
    RotOrigin = { Yaw=0, Pitch=0, Roll=0 }
    BoneCount = 9
