Found 32768 game files (1766 skipped)
Loading package: 00051835.upk Ver: 573/1 Engine: 4205 Names: 145 Exports: 2 Imports: 24 Game: 801A
Loading MaterialInstanceConstant col1 from package 00051835.upk
Loading package: 00051834.upk Ver: 573/1 Engine: 4205 Names: 29 Exports: 4 Imports: 2 Game: 801A
Loading package: 00002640.upk Ver: 573/1 Engine: 4205 Names: 291 Exports: 507 Imports: 3 Game: 801A
Loading package: 00002620.upk Ver: 573/1 Engine: 4205 Names: 576 Exports: 7687 Imports: 96 Game: 801A
Loading MaterialInstanceConstant col_acc from package 00051835.upk
Loading Texture2D 0012_LynM_col1_N from package 00051834.upk
Loading TextureCube lenscube_a from package 00002640.upk
Loading Texture2D check from package 00002620.upk
Loading Texture2D 0012_LynM_col1_S from package 00051834.upk
Loading Texture2D 0012_LynM_col1_M from package 00051834.upk
Loading Texture2D 0012_LynM_col1_D from package 00051834.upk
Loading Material3 Custom_B from package 00002620.upk
Loading package: 00025178.upk Ver: 573/1 Engine: 4205 Names: 76 Exports: 46 Imports: 2 Game: 801A
Loading package: 00012963.upk Ver: 573/1 Engine: 4205 Names: 1386 Exports: 1362 Imports: 10 Game: 801A
Loading TextureCube cube_orb from package 00002640.upk
Loading Material3 Basic from package 00002620.upk
Loading Texture2D CubemapFace0 from package 00002640.upk
Loading Texture2D CubemapFace1 from package 00002640.upk
Loading Texture2D CubemapFace2 from package 00002640.upk
Loading Texture2D CubemapFace3 from package 00002640.upk
Loading Texture2D CubemapFace4 from package 00002640.upk
Loading Texture2D CubemapFace5 from package 00002640.upk
Loading Texture2D Mask_Default from package 00025178.upk
Loading Texture2D check_n from package 00002620.upk
Loading Texture2D Noise_Glass_000 from package 00012963.upk
Loading Texture2D Smoke_Pattern_001 from package 00012963.upk
Loading Texture2D Gradient_Wipe_BurnOut_Mask_TEST from package 00012963.upk
Loading Texture2D Gradient_Wipe_BurnOut_Mask from package 00012963.upk
Loading Texture2D Gradient_Line_003 from package 00012963.upk
Loading Texture2D CubemapFace0 from package 00002640.upk
Loading Texture2D CubemapFace1 from package 00002640.upk
Loading Texture2D CubemapFace2 from package 00002640.upk
Loading Texture2D CubemapFace3 from package 00002640.upk
Loading Texture2D CubemapFace4 from package 00002640.upk
Loading Texture2D CubemapFace5 from package 00002640.upk
Loaded in 0.17 sec, 3220 allocs, 2.45 MBytes serialized in 188677 calls.

Object info:
============
ClassName: MaterialInstanceConstant ObjectName: col1

    ScalarParameterValues[24] =
    {
        ScalarParameterValues[0] = { ParameterName=Transmission_value, ParameterValue=0 }
        ScalarParameterValues[1] = { ParameterName=Skin_glossiness, ParameterValue=3.5 }
        ScalarParameterValues[2] = { ParameterName=Skin_Spec_value, ParameterValue=1 }
        ScalarParameterValues[3] = { ParameterName=HighLight_Value, ParameterValue=0 }
        ScalarParameterValues[4] = { ParameterName=HighLight_glossiness, ParameterValue=100 }
        ScalarParameterValues[5] = { ParameterName=Emissive_value, ParameterValue=2 }
        ScalarParameterValues[6] = { ParameterName=Emissive_value2, ParameterValue=0 }
        ScalarParameterValues[7] = { ParameterName=Fresnel Value, ParameterValue=1 }
        ScalarParameterValues[8] = { ParameterName=Fresnel exponent, ParameterValue=30 }
        ScalarParameterValues[9] = { ParameterName=Skin_Spec_value_X, ParameterValue=1 }
        ScalarParameterValues[10] = { ParameterName=Top_M, ParameterValue=1 }
        ScalarParameterValues[11] = { ParameterName=Under_M, ParameterValue=1 }
        ScalarParameterValues[12] = { ParameterName=Wear_SP, ParameterValue=2 }
        ScalarParameterValues[13] = { ParameterName=Top_SP, ParameterValue=4 }
        ScalarParameterValues[14] = { ParameterName=Under_SP, ParameterValue=5 }
        ScalarParameterValues[15] = { ParameterName=Ac1_SP, ParameterValue=5 }
        ScalarParameterValues[16] = { ParameterName=Point_SP, ParameterValue=3 }
        ScalarParameterValues[17] = { ParameterName=Ac2_SP, ParameterValue=4 }
        ScalarParameterValues[18] = { ParameterName=Ac3_SP, ParameterValue=5 }
        ScalarParameterValues[19] = { ParameterName=long, ParameterValue=1 }
        ScalarParameterValues[20] = { ParameterName=Pattern_Fresnel exponent, ParameterValue=5 }
        ScalarParameterValues[21] = { ParameterName=Pattern_Fresnel Value, ParameterValue=1 }
        ScalarParameterValues[22] = { ParameterName=over_exponent, ParameterValue=5 }
        ScalarParameterValues[23] = { ParameterName=Wear_Spec_value, ParameterValue=1 }
    }
    TextureParameterValues[8] =
    {
        TextureParameterValues[0] = { ParameterName=N, ParameterValue=Texture2D'0012_LynM_col1_N' }
        TextureParameterValues[1] = { ParameterName=rf_cube, ParameterValue=TextureCube'lenscube_a' }
        TextureParameterValues[2] = { ParameterName=Emissive, ParameterValue=Texture2D'check' }
        TextureParameterValues[3] = { ParameterName=S, ParameterValue=Texture2D'0012_LynM_col1_S' }
        TextureParameterValues[4] = { ParameterName=M, ParameterValue=Texture2D'0012_LynM_col1_M' }
        TextureParameterValues[5] = { ParameterName=D, ParameterValue=Texture2D'0012_LynM_col1_D' }
        TextureParameterValues[6] = { ParameterName=Top_Pattern, ParameterValue=None }
        TextureParameterValues[7] = { ParameterName=Under_Pattern, ParameterValue=None }
    }
    VectorParameterValues[30] =
    {
        VectorParameterValues[0] =
        {
            ParameterName = Mesh_trangition
            ParameterValue = { R=0, G=0, B=0, A=1 }
        }
        VectorParameterValues[1] =
        {
            ParameterName = Skin_Specular
            ParameterValue = { R=1, G=1, B=1, A=1 }
        }
        VectorParameterValues[2] =
        {
            ParameterName = Reflection_value
            ParameterValue = { R=0.804559, G=0.804559, B=0.804559, A=1 }
        }
        VectorParameterValues[3] =
        {
            ParameterName = HighLight_Color
            ParameterValue = { R=1, G=1, B=1, A=1 }
        }
        VectorParameterValues[4] =
        {
            ParameterName = Fresnel_color
            ParameterValue = { R=0, G=0, B=0, A=1 }
        }
        VectorParameterValues[5] =
        {
            ParameterName = Fresnel_Power
            ParameterValue = { R=0, G=0, B=0, A=1 }
        }
        VectorParameterValues[6] =
        {
            ParameterName = skin_color
            ParameterValue = { R=1, G=1, B=1, A=1 }
        }
        VectorParameterValues[7] =
        {
            ParameterName = Burn_Color
            ParameterValue = { R=0, G=0, B=0, A=1 }
        }
        VectorParameterValues[8] =
        {
            ParameterName = Top_S
            ParameterValue = { R=0.315763, G=0.254916, B=0.160444, A=1 }
        }
        VectorParameterValues[9] =
        {
            ParameterName = Top_L
            ParameterValue = { R=0.47044, G=0.505433, B=0.505433, A=1 }
        }
        VectorParameterValues[10] =
        {
            ParameterName = Top_D
            ParameterValue = { R=0.56681, G=0.56681, B=0.56681, A=1 }
        }
        VectorParameterValues[11] =
        {
            ParameterName = Under_S
            ParameterValue = { R=0.042987, G=0.049433, B=0.060032, A=1 }
        }
        VectorParameterValues[12] =
        {
            ParameterName = Under_L
            ParameterValue = { R=0.037029, G=0.041452, B=0.028991, A=1 }
        }
        VectorParameterValues[13] =
        {
            ParameterName = Under_D
            ParameterValue = { R=0.016068, G=0.015175, B=0.019918, A=1 }
        }
        VectorParameterValues[14] =
        {
            ParameterName = Ac1_S
            ParameterValue = { R=0.21952, G=0.21952, B=0.21952, A=1 }
        }
        VectorParameterValues[15] =
        {
            ParameterName = Ac1_L
            ParameterValue = { R=0.003697, G=0.00456, B=0.003697, A=1 }
        }
        VectorParameterValues[16] =
        {
            ParameterName = Ac1_D
            ParameterValue = { R=0.003697, G=0.00456, B=0.003697, A=1 }
        }
        VectorParameterValues[17] =
        {
            ParameterName = Point_S
            ParameterValue = { R=0.38891, G=0.965815, B=0.982826, A=1 }
        }
        VectorParameterValues[18] =
        {
            ParameterName = Point_L
            ParameterValue = { R=0.005522, G=0.031551, B=0.320382, A=1 }
        }
        VectorParameterValues[19] =
        {
            ParameterName = Point_D
            ParameterValue = { R=0.075926, G=0.464741, B=0.774227, A=1 }
        }
        VectorParameterValues[20] =
        {
            ParameterName = Ac2_S
            ParameterValue = { R=1, G=1, B=1, A=1 }
        }
        VectorParameterValues[21] =
        {
            ParameterName = Ac2_L
            ParameterValue = { R=0.579547, G=0.579547, B=0.579547, A=1 }
        }
        VectorParameterValues[22] =
        {
            ParameterName = Ac2_D
            ParameterValue = { R=0.425905, G=0.425905, B=0.425905, A=1 }
        }
        VectorParameterValues[23] =
        {
            ParameterName = Ac3_S
            ParameterValue = { R=0.259027, G=0.373615, B=0.585973, A=1 }
        }
        VectorParameterValues[24] =
        {
            ParameterName = Ac3_L
            ParameterValue = { R=0.019918, G=0.028991, B=0.041452, A=1 }
        }
        VectorParameterValues[25] =
        {
            ParameterName = Ac3_D
            ParameterValue = { R=0.016988, G=0.016988, B=0.037029, A=1 }
        }
        VectorParameterValues[26] =
        {
            ParameterName = Pattern_Size
            ParameterValue = { R=2.5, G=2.5, B=3.3, A=3.3 }
        }
        VectorParameterValues[27] =
        {
            ParameterName = Top_over
            ParameterValue = { R=0, G=0, B=0, A=1 }
        }
        VectorParameterValues[28] =
        {
            ParameterName = Under_over
            ParameterValue = { R=0, G=0, B=0, A=1 }
        }
        VectorParameterValues[29] =
        {
            ParameterName = FOOT_over
            ParameterValue = { R=0, G=0, B=0, A=1 }
        }
    }
    Parent = Material3'Custom_B'
    FlattenedTexture = None
    MobileBaseTexture = None
    MobileNormalTexture = None
    bUseMobileSpecular = false
    MobileSpecularPower = 16
    MobileSpecularMask = MSM_Constant (0)
    MobileMaskTexture = None

Object info:
============
ClassName: MaterialInstanceConstant ObjectName: col_acc

    ScalarParameterValues[10] =
    {
        ScalarParameterValues[0] = { ParameterName=Transmission_value, ParameterValue=0.5 }
        ScalarParameterValues[1] = { ParameterName=Glossiness1, ParameterValue=5 }
        ScalarParameterValues[2] = { ParameterName=Glossiness2, ParameterValue=50 }
        ScalarParameterValues[3] = { ParameterName=Specular_value, ParameterValue=2 }
        ScalarParameterValues[4] = { ParameterName=HighLight_Value, ParameterValue=5 }
        ScalarParameterValues[5] = { ParameterName=HighLight_glossiness, ParameterValue=100 }
        ScalarParameterValues[6] = { ParameterName=Emissive_value, ParameterValue=1 }
        ScalarParameterValues[7] = { ParameterName=Emissive_value2, ParameterValue=0 }
        ScalarParameterValues[8] = { ParameterName=Fresnel Value, ParameterValue=1 }
        ScalarParameterValues[9] = { ParameterName=Fresnel exponent, ParameterValue=30 }
    }
    TextureParameterValues[6] =
    {
        TextureParameterValues[0] = { ParameterName=Normal, ParameterValue=Texture2D'0012_LynM_col1_N' }
        TextureParameterValues[1] = { ParameterName=Mask_GB, ParameterValue=Texture2D'0012_LynM_col1_M' }
        TextureParameterValues[2] = { ParameterName=Diffuse, ParameterValue=Texture2D'0012_LynM_col1_D' }
        TextureParameterValues[3] = { ParameterName=Specular, ParameterValue=Texture2D'0012_LynM_col1_S' }
        TextureParameterValues[4] = { ParameterName=rf_cube, ParameterValue=TextureCube'cube_orb' }
        TextureParameterValues[5] = { ParameterName=Emissive, ParameterValue=Texture2D'check' }
    }
    VectorParameterValues[11] =
    {
        VectorParameterValues[0] =
        {
            ParameterName = Mesh_trangition
            ParameterValue = { R=0, G=0, B=0, A=1 }
        }
        VectorParameterValues[1] =
        {
            ParameterName = Reflection_value
            ParameterValue = { R=2, G=2, B=2, A=1 }
        }
        VectorParameterValues[2] =
        {
            ParameterName = HighLight_Color
            ParameterValue = { R=1, G=1, B=1, A=1 }
        }
        VectorParameterValues[3] =
        {
            ParameterName = Fresnel_color
            ParameterValue = { R=0, G=0, B=0, A=1 }
        }
        VectorParameterValues[4] =
        {
            ParameterName = Fresnel_Power
            ParameterValue = { R=0, G=0, B=0, A=1 }
        }
        VectorParameterValues[5] =
        {
            ParameterName = Burn_Color
            ParameterValue = { R=0, G=0, B=0, A=1 }
        }
        VectorParameterValues[6] =
        {
            ParameterName = Glow_Trangition
            ParameterValue = { R=0, G=0, B=0, A=1 }
        }
        VectorParameterValues[7] =
        {
            ParameterName = Fx_Glow_power
            ParameterValue = { R=0, G=0, B=0, A=1 }
        }
        VectorParameterValues[8] =
        {
            ParameterName = Fx_Glow_color
            ParameterValue = { R=0, G=0, B=0, A=1 }
        }
        VectorParameterValues[9] =
        {
            ParameterName = AC_color
            ParameterValue = { R=1, G=1, B=1, A=1 }
        }
        VectorParameterValues[10] =
        {
            ParameterName = AC_specular
            ParameterValue = { R=1, G=1, B=1, A=1 }
        }
    }
    Parent = Material3'Basic'
    FlattenedTexture = None
    MobileBaseTexture = None
    MobileNormalTexture = None
    bUseMobileSpecular = false
    MobileSpecularPower = 16
    MobileSpecularMask = MSM_Constant (0)
    MobileMaskTexture = None
