Found 32768 game files (1222 skipped)
Loading package: 00053113.upk Ver: 573/1 Engine: 4205 Names: 68 Exports: 1 Imports: 17 Game: 801A
Loading MaterialInstanceConstant col3 from package 00053113.upk
Loading package: 00051236.upk Ver: 573/1 Engine: 4205 Names: 40 Exports: 12 Imports: 4 Game: 801A
Loading package: 00002620.upk Ver: 573/1 Engine: 4205 Names: 576 Exports: 7687 Imports: 96 Game: 801A
Loading Texture2D 020041_LynM_col1_N from package 00051236.upk
Loading Texture2D 020041_LynM_col1_M from package 00051236.upk
Loading Texture2D 020041_LynM_col3_D from package 00051236.upk
Loading Texture2D 020041_LynM_col3_S from package 00051236.upk
Loading Material3 Fur from package 00002620.upk
Loading package: 00012963.upk Ver: 573/1 Engine: 4205 Names: 1349 Exports: 1323 Imports: 10 Game: 801A
Loading Texture2D check from package 00002620.upk
Loading Texture2D check_n from package 00002620.upk
Loading Texture2D Noise_Glass_000 from package 00012963.upk
Loading Texture2D Smoke_Pattern_001 from package 00012963.upk
Loading Texture2D Gradient_Wipe_BurnOut_Mask_TEST from package 00012963.upk
Loading Texture2D Gradient_Wipe_BurnOut_Mask from package 00012963.upk
Loading Texture2D Gradient_Line_003 from package 00012963.upk
Loaded in 0.11 sec, 2388 allocs, 3.37 MBytes serialized in 172170 calls.

Object info:
============
ClassName: MaterialInstanceConstant ObjectName: col3

    ScalarParameterValues[6] =
    {
        ScalarParameterValues[0] = { ParameterName=long, ParameterValue=0.6 }
        ScalarParameterValues[1] = { ParameterName=Glossiness1, ParameterValue=3 }
        ScalarParameterValues[2] = { ParameterName=Glossiness2, ParameterValue=10 }
        ScalarParameterValues[3] = { ParameterName=Spec_value, ParameterValue=2 }
        ScalarParameterValues[4] = { ParameterName=LimLight_value, ParameterValue=8 }
        ScalarParameterValues[5] = { ParameterName=LimLight_exp, ParameterValue=3 }
    }
    TextureParameterValues[5] =
    {
        TextureParameterValues[0] = { ParameterName=Normal, ParameterValue=Texture2D'020041_LynM_col1_N' }
        TextureParameterValues[1] = { ParameterName=Mask_GB, ParameterValue=Texture2D'020041_LynM_col1_M' }
        TextureParameterValues[2] = { ParameterName=Diffuse, ParameterValue=Texture2D'020041_LynM_col3_D' }
        TextureParameterValues[3] = { ParameterName=Specular, ParameterValue=Texture2D'020041_LynM_col3_S' }
        TextureParameterValues[4] = { ParameterName=Mask_FX_Texture, ParameterValue=None }
    }
    VectorParameterValues[4] =
    {
        VectorParameterValues[0] =
        {
            ParameterName = Fresnel_color
            ParameterValue = { R=0, G=0, B=0, A=1 }
        }
        VectorParameterValues[1] =
        {
            ParameterName = Fresnel_Power
            ParameterValue = { R=0, G=0, B=0, A=1 }
        }
        VectorParameterValues[2] =
        {
            ParameterName = Burn_Color
            ParameterValue = { R=0, G=0, B=0, A=1 }
        }
        VectorParameterValues[3] =
        {
            ParameterName = Mesh_trangition
            ParameterValue = { R=0, G=0, B=0, A=1 }
        }
    }
    Parent = Material3'Fur'
    FlattenedTexture = None
    MobileBaseTexture = None
    MobileNormalTexture = None
    bUseMobileSpecular = false
    MobileSpecularPower = 16
    MobileSpecularMask = MSM_Constant (0)
    MobileMaskTexture = None
