Found 32768 game files (1222 skipped)
Loading package: 00052188.upk Ver: 573/1 Engine: 4205 Names: 60 Exports: 5 Imports: 5 Game: 801A
Loading SkeletalMesh3 990260_AncientMechaGuardian from package 00052188.upk
Loading package: 00052215.upk Ver: 573/1 Engine: 4205 Names: 192 Exports: 222 Imports: 52 Game: 801A
Loading SkeletalMeshSocket SkeletalMeshSocket_104 from package 00052188.upk
Loading SkeletalMeshSocket SkeletalMeshSocket_105 from package 00052188.upk
Loading SkeletalMeshSocket SkeletalMeshSocket_106 from package 00052188.upk
Loading SkeletalMeshSocket SkeletalMeshSocket_107 from package 00052188.upk
Loading MaterialInstanceConstant col1 from package 00052215.upk
Loading package: 00052216.upk Ver: 573/1 Engine: 4205 Names: 36 Exports: 8 Imports: 2 Game: 801A
Loading package: 00002640.upk Ver: 573/1 Engine: 4205 Names: 291 Exports: 507 Imports: 3 Game: 801A
Loading package: 00012963.upk Ver: 573/1 Engine: 4205 Names: 1349 Exports: 1323 Imports: 10 Game: 801A
Loading Texture2D 990306_Autoscale_co1_N from package 00052216.upk
Loading Texture2D 990306_Autoscale_co1_M from package 00052216.upk
Loading Texture2D 990306_Autoscale_co1_D from package 00052216.upk
Loading Texture2D 990306_Autoscale_col1_S from package 00052216.upk
Loading TextureCube lenscube from package 00002640.upk
Loading Texture2D 990306_Autoscale_co1_E from package 00052216.upk
Loading Texture2D 990306_Autoscale_co1_fx2 from package 00052215.upk
Loading Texture2D 990306_Autoscale_co1_fx from package 00052215.upk
Loading Texture2D Noise_Wave_000 from package 00012963.upk
Loading Material3 Basic_FX from package 00052215.upk
WARNING: BoolProperty "UMaterial3::bUsedWithMaterialEffect" was not found
Loading package: 00002620.upk Ver: 573/1 Engine: 4205 Names: 576 Exports: 7687 Imports: 96 Game: 801A
Loading Texture2D CubemapFace0 from package 00002640.upk
Loading Texture2D CubemapFace1 from package 00002640.upk
Loading Texture2D CubemapFace2 from package 00002640.upk
Loading Texture2D CubemapFace3 from package 00002640.upk
Loading Texture2D CubemapFace4 from package 00002640.upk
Loading Texture2D CubemapFace5 from package 00002640.upk
Loading Texture2D check_n from package 00002620.upk
Loading Texture2D check from package 00002620.upk
Loading Texture2D Smoke_Pattern_001 from package 00012963.upk
Loading Texture2D Gradient_Line_003 from package 00012963.upk
Loading Texture2D Gradient_Wipe_BurnOut_Mask_TEST from package 00012963.upk
Loading Texture2D Gradient_Wipe_BurnOut_Mask from package 00012963.upk
Loaded in 0.29 sec, 3164 allocs, 4.04 MBytes serialized in 275440 calls.

Object info:
============
ClassName: SkeletalMesh3 ObjectName: 990260_AncientMechaGuardian

    LODInfo[1] =
    {
        LODInfo[0] =
        {
            DisplayFactor = 0
            LODHysteresis = 0.02
            LODMaterialMap[0] = {}
            bEnableShadowCasting[1] = { true }
        }
    }
    Sockets[4] =
    {
        Sockets[0] = SkeletalMeshSocket'990260_AncientMechaGuardian.SkeletalMeshSocket_104'
        Sockets[1] = SkeletalMeshSocket'990260_AncientMechaGuardian.SkeletalMeshSocket_105'
        Sockets[2] = SkeletalMeshSocket'990260_AncientMechaGuardian.SkeletalMeshSocket_106'
        Sockets[3] = SkeletalMeshSocket'990260_AncientMechaGuardian.SkeletalMeshSocket_107'
    }
    bHasVertexColors = false
    EnableTwistBoneFixers = true
    EnableClavicleFixer = true
    Materials[1] = { MaterialInstanceConstant'col1' }


    Lods[1] =
    {
        Lods[0] =
        {
            Sections[1] =
            {
                Sections[0] = { Material=MaterialInstanceConstant'col1', FirstIndex=0, NumFaces=3050 }
            }
            NumVerts = 2776
            IndexCount = 9150
            NumTexCoords = 1
        }
    }
    LodCount = 1
    MeshOrigin = { X=-0, Y=-0, Z=-0 }
    MeshScale = { X=1, Y=1, Z=1 }
    RotOrigin = { Yaw=0, Pitch=0, Roll=0 }
    BoneCount = 24

Object info:
============
ClassName: SkeletalMeshSocket ObjectName: SkeletalMeshSocket_104

    SocketName = weapon_socket01
    BoneName = weaponrootR
    RelativeLocation = { X=0, Y=0, Z=314.5 }
    RelativeRotation = { Yaw=0, Pitch=0, Roll=0 }
    RelativeScale = { X=1, Y=1, Z=1 }

Object info:
============
ClassName: SkeletalMeshSocket ObjectName: SkeletalMeshSocket_105

    SocketName = weapon_socket02
    BoneName = weaponrootR
    RelativeLocation = { X=0, Y=0, Z=218.5 }
    RelativeRotation = { Yaw=0, Pitch=0, Roll=0 }
    RelativeScale = { X=1, Y=1, Z=1 }

Object info:
============
ClassName: SkeletalMeshSocket ObjectName: SkeletalMeshSocket_106

    SocketName = weapon_socket03
    BoneName = weaponrootR
    RelativeLocation = { X=0, Y=0, Z=65.5 }
    RelativeRotation = { Yaw=0, Pitch=0, Roll=0 }
    RelativeScale = { X=1, Y=1, Z=1 }

Object info:
============
ClassName: SkeletalMeshSocket ObjectName: SkeletalMeshSocket_107

    SocketName = weapon_socket10
    BoneName = weaponrootR
    RelativeLocation = { X=0, Y=0, Z=320 }
    RelativeRotation = { Yaw=0, Pitch=0, Roll=-32768 }
    RelativeScale = { X=1, Y=1, Z=1 }
