Found 32768 game files (1766 skipped)
Loading package: 00055708.upk Ver: 573/1 Engine: 4205 Names: 30 Exports: 9 Imports: 2 Game: 801A
Loading Texture2D 10167_JinM_col1_D from package 00055708.upk
Loading Texture2D 10167_JinM_col1_D_1 from package 00055708.upk
Loading Texture2D 10167_JinM_col1_E_1 from package 00055708.upk
Loading Texture2D 10167_JinM_col1_M from package 00055708.upk
Loading Texture2D 10167_JinM_col1_M_1 from package 00055708.upk
Loading Texture2D 10167_JinM_col1_N from package 00055708.upk
Loading Texture2D 10167_JinM_col1_N_1 from package 00055708.upk
Loading Texture2D 10167_JinM_col1_S from package 00055708.upk
Loading Texture2D 10167_JinM_col1_S_1 from package 00055708.upk
Loaded in 0.099 sec, 363 allocs, 2.54 MBytes serialized in 2202 calls.

Object info:
============
ClassName: Texture2D ObjectName: 10167_JinM_col1_D

    SizeX = 1024
    SizeY = 512
    Format = PF_DXT5 (7)
    AddressX = TA_Wrap (0)
    AddressY = TA_Wrap (0)
    TextureFileCacheName = None
    MipTailBaseIdx = 10
    bForcePVRTC4 = false
    UnpackMin[4] = { 0, 0, 0, 0 }
    UnpackMax[4] = { 1, 1, 1, 1 }

Object info:
============
ClassName: Texture2D ObjectName: 10167_JinM_col1_D_1

    SizeX = 1024
    SizeY = 512
    Format = PF_DXT5 (7)
    AddressX = TA_Wrap (0)
    AddressY = TA_Wrap (0)
    TextureFileCacheName = None
    MipTailBaseIdx = 10
    bForcePVRTC4 = false
    UnpackMin[4] = { 0, 0, 0, 0 }
    UnpackMax[4] = { 1, 1, 1, 1 }

Object info:
============
ClassName: Texture2D ObjectName: 10167_JinM_col1_E_1

    SizeX = 1024
    SizeY = 512
    Format = PF_DXT1 (5)
    AddressX = TA_Wrap (0)
    AddressY = TA_Wrap (0)
    TextureFileCacheName = None
    MipTailBaseIdx = 10
    bForcePVRTC4 = false
    UnpackMin[4] = { 0, 0, 0, 0 }
    UnpackMax[4] = { 1, 1, 1, 1 }

Object info:
============
ClassName: Texture2D ObjectName: 10167_JinM_col1_M

    SizeX = 1024
    SizeY = 512
    Format = PF_DXT5 (7)
    AddressX = TA_Wrap (0)
    AddressY = TA_Wrap (0)
    TextureFileCacheName = None
    MipTailBaseIdx = 10
    bForcePVRTC4 = false
    UnpackMin[4] = { 0, 0, 0, 0 }
    UnpackMax[4] = { 1, 1, 1, 1 }

Object info:
============
ClassName: Texture2D ObjectName: 10167_JinM_col1_M_1

    SizeX = 1024
    SizeY = 512
    Format = PF_DXT5 (7)
    AddressX = TA_Wrap (0)
    AddressY = TA_Wrap (0)
    TextureFileCacheName = None
    MipTailBaseIdx = 10
    bForcePVRTC4 = false
    UnpackMin[4] = { 0, 0, 0, 0 }
    UnpackMax[4] = { 1, 1, 1, 1 }

Object info:
============
ClassName: Texture2D ObjectName: 10167_JinM_col1_N

    SizeX = 1024
    SizeY = 512
    Format = PF_DXT1 (5)
    AddressX = TA_Wrap (0)
    AddressY = TA_Wrap (0)
    TextureFileCacheName = None
    MipTailBaseIdx = 10
    bForcePVRTC4 = false
    UnpackMin[4] = { 0, 0, 0, 0 }
    UnpackMax[4] = { 1, 1, 1, 1 }

Object info:
============
ClassName: Texture2D ObjectName: 10167_JinM_col1_N_1

    SizeX = 1024
    SizeY = 512
    Format = PF_DXT1 (5)
    AddressX = TA_Wrap (0)
    AddressY = TA_Wrap (0)
    TextureFileCacheName = None
    MipTailBaseIdx = 10
    bForcePVRTC4 = false
    UnpackMin[4] = { 0, 0, 0, 0 }
    UnpackMax[4] = { 1, 1, 1, 1 }

Object info:
============
ClassName: Texture2D ObjectName: 10167_JinM_col1_S

    SizeX = 1024
    SizeY = 512
    Format = PF_DXT5 (7)
    AddressX = TA_Wrap (0)
    AddressY = TA_Wrap (0)
    TextureFileCacheName = None
    MipTailBaseIdx = 10
    bForcePVRTC4 = false
    UnpackMin[4] = { 0, 0, 0, 0 }
    UnpackMax[4] = { 1, 1, 1, 1 }

Object info:
============
ClassName: Texture2D ObjectName: 10167_JinM_col1_S_1

    SizeX = 1024
    SizeY = 512
    Format = PF_DXT5 (7)
    AddressX = TA_Wrap (0)
    AddressY = TA_Wrap (0)
    TextureFileCacheName = None
    MipTailBaseIdx = 10
    bForcePVRTC4 = false
    UnpackMin[4] = { 0, 0, 0, 0 }
    UnpackMax[4] = { 1, 1, 1, 1 }
