Found 32768 game files (1222 skipped)
Loading package: 00055902.upk Ver: 573/1 Engine: 4205 Names: 29 Exports: 4 Imports: 2 Game: 801A
Loading Texture2D 10165_GonF_col1_D from package 00055902.upk
Loading Texture2D 10165_GonF_col1_M from package 00055902.upk
Loading Texture2D 10165_GonF_col1_N from package 00055902.upk
Loading Texture2D 10165_GonF_col1_S from package 00055902.upk
Loaded in 0.072 sec, 190 allocs, 3.61 MBytes serialized in 1147 calls.

Object info:
============
ClassName: Texture2D ObjectName: 10165_GonF_col1_D

    SizeX = 1024
    SizeY = 1024
    Format = PF_DXT5 (7)
    AddressX = TA_Wrap (0)
    AddressY = TA_Wrap (0)
    TextureFileCacheName = None
    MipTailBaseIdx = 10
    bForcePVRTC4 = false
    UnpackMin[4] = { 0, 0, 0, 0 }
    UnpackMax[4] = { 1, 1, 1, 1 }

Object info:
============
ClassName: Texture2D ObjectName: 10165_GonF_col1_M

    SizeX = 1024
    SizeY = 1024
    Format = PF_DXT1 (5)
    AddressX = TA_Wrap (0)
    AddressY = TA_Wrap (0)
    TextureFileCacheName = None
    MipTailBaseIdx = 10
    bForcePVRTC4 = false
    UnpackMin[4] = { 0, 0, 0, 0 }
    UnpackMax[4] = { 1, 1, 1, 1 }

Object info:
============
ClassName: Texture2D ObjectName: 10165_GonF_col1_N

    SizeX = 2048
    SizeY = 2048
    Format = PF_DXT1 (5)
    AddressX = TA_Wrap (0)
    AddressY = TA_Wrap (0)
    TextureFileCacheName = None
    MipTailBaseIdx = 11
    bForcePVRTC4 = false
    UnpackMin[4] = { 0, 0, 0, 0 }
    UnpackMax[4] = { 1, 1, 1, 1 }

Object info:
============
ClassName: Texture2D ObjectName: 10165_GonF_col1_S

    SizeX = 1024
    SizeY = 1024
    Format = PF_DXT5 (7)
    AddressX = TA_Wrap (0)
    AddressY = TA_Wrap (0)
    TextureFileCacheName = None
    MipTailBaseIdx = 10
    bForcePVRTC4 = false
    UnpackMin[4] = { 0, 0, 0, 0 }
    UnpackMax[4] = { 1, 1, 1, 1 }
