Found 32768 game files (1766 skipped)
Loading package: 00050714.upk Ver: 573/1 Engine: 4205 Names: 366 Exports: 206 Imports: 70 Game: 801A
Loading SkeletalMesh3 10138_JinF from package 00050714.upk
WARNING: FloatProperty "USkeletalMesh3::AutoScale" was not found
WARNING: FloatProperty "USkeletalMesh3::EffectScale" was not found
WARNING: ObjectProperty "USkeletalMesh3::MeshFactorSet" was not found
WARNING: ObjectProperty "USkeletalMesh3::PhysMaterialOverride" was not found
WARNING: ObjectProperty "USkeletalMesh3::PlaySoundSet" was not found
WARNING: FloatProperty "USkeletalMesh3::AddFootOffsetValue" was not found
WARNING: FloatProperty "USkeletalMesh3::AnimNameHeight" was not found
WARNING: FloatProperty "USkeletalMesh3::NormalNameHeight" was not found
WARNING: ArrayProperty "USkeletalMesh3::NameplateMeshScaleRatio" was not found
WARNING: StructProperty "USkeletalMesh3::NameplateHeightRatio" was not found
WARNING: ArrayProperty "USkeletalMesh3::MeshScaleRatio" was not found
WARNING: StructProperty "USkeletalMesh3::HeightRatio" was not found
WARNING: StructProperty "USkeletalMesh3::HandRatio" was not found
WARNING: ByteProperty "USkeletalMesh3::CommonPhysicsUseFlag" was not found
Loading package: 00050716.upk Ver: 573/1 Engine: 4205 Names: 197 Exports: 270 Imports: 53 Game: 801A
Loading SkeletalMeshSocket SkeletalMeshSocket_906 from package 00050714.upk
WARNING: ObjectProperty "USkeletalMeshSocket::DependencyParticleSystem" was not found
Loading SkeletalMeshSocket SkeletalMeshSocket_949 from package 00050714.upk
WARNING: ObjectProperty "USkeletalMeshSocket::DependencyParticleSystem" was not found
Loading MaterialInstanceConstant col1 from package 00050716.upk
Loading package: 00050715.upk Ver: 573/1 Engine: 4205 Names: 36 Exports: 9 Imports: 4 Game: 801A
Loading package: 00002640.upk Ver: 573/1 Engine: 4205 Names: 291 Exports: 507 Imports: 3 Game: 801A
Loading package: 00012963.upk Ver: 573/1 Engine: 4205 Names: 1386 Exports: 1362 Imports: 10 Game: 801A
Loading Texture2D 10138_JinF_col1_N from package 00050715.upk
Loading Texture2D 10138_JinF_col1_M from package 00050715.upk
Loading Texture2D 10138_JinF_col1_D from package 00050715.upk
Loading Texture2D 10138_JinF_col1_S from package 00050715.upk
Loading TextureCube lenscube from package 00002640.upk
Loading Texture2D 10138_JinF_col1_E from package 00050715.upk
Loading Texture2D FireWork_burst_mask01 from package 00012963.upk
Loading Texture2D FX_Add from package 00050716.upk
Loading Material3 Body_FX_Cloth from package 00050716.upk
Loading package: 00002620.upk Ver: 573/1 Engine: 4205 Names: 576 Exports: 7687 Imports: 96 Game: 801A
Loading package: 00044523.upk Ver: 573/1 Engine: 4205 Names: 198 Exports: 264 Imports: 52 Game: 801A
Loading Texture2D CubemapFace0 from package 00002640.upk
Loading Texture2D CubemapFace1 from package 00002640.upk
Loading Texture2D CubemapFace2 from package 00002640.upk
Loading Texture2D CubemapFace3 from package 00002640.upk
Loading Texture2D CubemapFace4 from package 00002640.upk
Loading Texture2D CubemapFace5 from package 00002640.upk
Loading Texture2D check_n from package 00002620.upk
Loading Texture2D 10100_FX from package 00044523.upk
Loading Texture2D Smoke_Pattern_001 from package 00012963.upk
Loading Texture2D Noise_Glass_000 from package 00012963.upk
Loading Texture2D Gradient_Wipe_BurnOut_Mask_TEST from package 00012963.upk
Loading Texture2D Gradient_Wipe_BurnOut_Mask from package 00012963.upk
Loading Texture2D check from package 00002620.upk
Loading Texture2D Gradient_Line_003 from package 00012963.upk
Loaded in 0.23 sec, 3764 allocs, 4.20 MBytes serialized in 565850 calls.

Object info:
============
ClassName: SkeletalMesh3 ObjectName: 10138_JinF

    LODInfo[2] =
    {
        LODInfo[0] =
        {
            DisplayFactor = 0
            LODHysteresis = 0.02
            LODMaterialMap[0] = {}
            bEnableShadowCasting[2] = { true, true }
        }
        LODInfo[1] =
        {
            DisplayFactor = 0.25
            LODHysteresis = 0.02
            LODMaterialMap[1] = { 0 }
            bEnableShadowCasting[1] = { true }
        }
    }
    Sockets[2] =
    {
        Sockets[0] = SkeletalMeshSocket'10138_JinF.SkeletalMeshSocket_906'
        Sockets[1] = SkeletalMeshSocket'10138_JinF.SkeletalMeshSocket_949'
    }
    bHasVertexColors = false
    EnableTwistBoneFixers = true
    EnableClavicleFixer = true
    Materials[1] = { MaterialInstanceConstant'col1' }


    Lods[2] =
    {
        Lods[0] =
        {
            Sections[2] =
            {
                Sections[0] = { Material=MaterialInstanceConstant'col1', FirstIndex=0, NumFaces=8570 }
                Sections[1] = { Material=MaterialInstanceConstant'col1', FirstIndex=25710, NumFaces=390 }
            }
            NumVerts = 6758
            IndexCount = 26880
            NumTexCoords = 1
        }
        Lods[1] =
        {
            Sections[1] =
            {
                Sections[0] = { Material=MaterialInstanceConstant'col1', FirstIndex=0, NumFaces=2901 }
            }
            NumVerts = 2766
            IndexCount = 8703
            NumTexCoords = 1
        }
    }
    LodCount = 2
    MeshOrigin = { X=-0, Y=-0, Z=-0 }
    MeshScale = { X=1, Y=1, Z=1 }
    RotOrigin = { Yaw=0, Pitch=0, Roll=0 }
    BoneCount = 107

Object info:
============
ClassName: SkeletalMeshSocket ObjectName: SkeletalMeshSocket_906

    SocketName = FX_AddL
    BoneName = Bip01Pelvis
    RelativeLocation = { X=3.8006, Y=7.45956, Z=-0.738109 }
    RelativeRotation = { Yaw=910, Pitch=-12743, Roll=0 }
    RelativeScale = { X=1, Y=1, Z=1 }

Object info:
============
ClassName: SkeletalMeshSocket ObjectName: SkeletalMeshSocket_949

    SocketName = FX_AddR
    BoneName = Bip01Pelvis
    RelativeLocation = { X=3.53881, Y=6.83588, Z=1.28768 }
    RelativeRotation = { Yaw=0, Pitch=-20024, Roll=0 }
    RelativeScale = { X=1, Y=1, Z=1 }
