Found 32768 game files (1766 skipped)
Loading package: 00056201.upk Ver: 573/1 Engine: 4205 Names: 90 Exports: 31 Imports: 12 Game: 801A
Loading SkeletalMesh3 990325_Autoscale from package 00056201.upk
WARNING: ObjectProperty "USkeletalMesh3::PhysMaterialOverride" was not found
Loading SkeletalMeshSocket SkeletalMeshSocket_239 from package 00056201.upk
Loading SkeletalMeshSocket SkeletalMeshSocket_240 from package 00056201.upk
Loaded in 0.013 sec, 139 allocs, 0.21 MBytes serialized in 63247 calls.

Object info:
============
ClassName: SkeletalMesh3 ObjectName: 990325_Autoscale

    LODInfo[1] =
    {
        LODInfo[0] =
        {
            DisplayFactor = 0
            LODHysteresis = 0.02
            LODMaterialMap[0] = {}
            bEnableShadowCasting[1] = { true }
        }
    }
    Sockets[2] =
    {
        Sockets[0] = SkeletalMeshSocket'990325_Autoscale.SkeletalMeshSocket_239'
        Sockets[1] = SkeletalMeshSocket'990325_Autoscale.SkeletalMeshSocket_240'
    }
    bHasVertexColors = false
    EnableTwistBoneFixers = true
    EnableClavicleFixer = true
    Materials[1] = { None }


    Lods[1] =
    {
        Lods[0] =
        {
            Sections[1] =
            {
                Sections[0] = { Material=None, FirstIndex=0, NumFaces=2132 }
            }
            NumVerts = 1876
            IndexCount = 6396
            NumTexCoords = 1
        }
    }
    LodCount = 1
    MeshOrigin = { X=-0, Y=-0, Z=-0 }
    MeshScale = { X=1, Y=1, Z=1 }
    RotOrigin = { Yaw=0, Pitch=0, Roll=0 }
    BoneCount = 7

Object info:
============
ClassName: SkeletalMeshSocket ObjectName: SkeletalMeshSocket_239

    SocketName = trail_start
    BoneName = WeaponRoot
    RelativeLocation = { X=0, Y=0, Z=110 }
    RelativeRotation = { Yaw=0, Pitch=0, Roll=0 }
    RelativeScale = { X=1, Y=1, Z=1 }

Object info:
============
ClassName: SkeletalMeshSocket ObjectName: SkeletalMeshSocket_240

    SocketName = trail_end
    BoneName = WeaponRoot
    RelativeLocation = { X=0, Y=0, Z=80.5 }
    RelativeRotation = { Yaw=0, Pitch=0, Roll=0 }
    RelativeScale = { X=1, Y=1, Z=1 }
