Found 32768 game files (1766 skipped)
Loading package: 00052043.upk Ver: 573/1 Engine: 4205 Names: 188 Exports: 4 Imports: 44 Game: 801A
Loading MaterialInstanceConstant col1 from package 00052043.upk
Loading package: 00042815.upk Ver: 573/1 Engine: 4205 Names: 32 Exports: 4 Imports: 2 Game: 801A
Loading package: 00002640.upk Ver: 573/1 Engine: 4205 Names: 291 Exports: 507 Imports: 3 Game: 801A
Loading package: 00002620.upk Ver: 573/1 Engine: 4205 Names: 576 Exports: 7687 Imports: 96 Game: 801A
Loading MaterialInstanceConstant col1_eye from package 00052043.upk
Loading package: 00012963.upk Ver: 573/1 Engine: 4205 Names: 1386 Exports: 1362 Imports: 10 Game: 801A
Loading package: 00007428.upk Ver: 573/1 Engine: 4205 Names: 130 Exports: 48 Imports: 19 Game: 801A
Loading MaterialInstanceConstant col1_Face from package 00052043.upk
Loading package: 00002665.upk Ver: 573/1 Engine: 4205 Names: 55 Exports: 27 Imports: 2 Game: 801A
Loading package: 00008613.upk Ver: 573/1 Engine: 4205 Names: 95 Exports: 6 Imports: 12 Game: 801A
Loading package: 00008621.upk Ver: 573/1 Engine: 4205 Names: 45 Exports: 16 Imports: 2 Game: 801A
Loading package: 00052042.upk Ver: 573/1 Engine: 4205 Names: 33 Exports: 5 Imports: 2 Game: 801A
Loading MaterialInstanceConstant col1_Hair from package 00052043.upk
Loading package: 00003373.upk Ver: 573/1 Engine: 4205 Names: 29 Exports: 2 Imports: 2 Game: 801A
Loading Texture2D 10074_JinM_col1_N from package 00042815.upk
Loading Texture2D 10074_JinM_col1_M from package 00042815.upk
Loading Texture2D 10074_JinM_col1_D from package 00042815.upk
Loading Texture2D 10074_JinM_col1_S from package 00042815.upk
Loading TextureCube lenscube_a from package 00002640.upk
Loading Texture2D check from package 00002620.upk
Loading Material3 Body from package 00002620.upk
Loading Texture2D Smoke_Pattern_001 from package 00012963.upk
Loading Texture2D eye0_JinM00 from package 00007428.upk
Loading Texture2D eye0_N from package 00007428.upk
Loading TextureCube eye2 from package 00002640.upk
Loading Material3 eye from package 00002620.upk
Loading Texture2D Normal from package 00002665.upk
Loading Texture2D Nothing_A_n from package 00008613.upk
Loading Texture2D Nothing_A from package 00008613.upk
Loading Texture2D JinM_borw01 from package 00008621.upk
Loading Texture2D Ryu_D from package 00052042.upk
Loading Texture2D Specular from package 00002665.upk
Loading Texture2D Mask from package 00002665.upk
Loading Material3 Face-M from package 00002620.upk
check for DefaultTexture in 00052043
check for DefaultTexture in 00042815
check for DefaultTexture in 00002640
check for DefaultTexture in 00002620
check for DefaultTexture in 00012963
check for DefaultTexture in 00007428
check for DefaultTexture in 00002665
check for DefaultTexture in 00008613
check for DefaultTexture in 00008621
check for DefaultTexture in 00052042
check for DefaultTexture in 00003373
WARNING: Import(EngineResources.DefaultTexture) was not found
Loading Texture2D JinM_002_col1_d from package 00003373.upk
Loading Texture2D JinM_002_col1_n from package 00003373.upk
WARNING: BoolProperty "UTexture2D::bDisableLoadSwitch" was not found
Loading Material3 Beard_Ac from package 00002620.upk
Loading Texture2D CubemapFace0 from package 00002640.upk
Loading Texture2D CubemapFace1 from package 00002640.upk
Loading Texture2D CubemapFace2 from package 00002640.upk
Loading Texture2D CubemapFace3 from package 00002640.upk
Loading Texture2D CubemapFace4 from package 00002640.upk
Loading Texture2D CubemapFace5 from package 00002640.upk
Loading Texture2D check_n from package 00002620.upk
Loading Texture2D Noise_Glass_000 from package 00012963.upk
Loading Texture2D Gradient_Wipe_BurnOut_Mask_TEST from package 00012963.upk
Loading Texture2D Gradient_Wipe_BurnOut_Mask from package 00012963.upk
Loading Texture2D Gradient_Line_003 from package 00012963.upk
Loading Texture2D CubemapFace0 from package 00002640.upk
Loading Texture2D CubemapFace1 from package 00002640.upk
Loading Texture2D CubemapFace2 from package 00002640.upk
Loading Texture2D CubemapFace3 from package 00002640.upk
Loading Texture2D CubemapFace4 from package 00002640.upk
Loading Texture2D CubemapFace5 from package 00002640.upk
Loading Texture2D Sclera from package 00007428.upk
Loading TextureCube eye1 from package 00002640.upk
Loading TextureCube eye_s from package 00002640.upk
Loading Texture2D CubemapFace0 from package 00002640.upk
Loading Texture2D CubemapFace1 from package 00002640.upk
Loading Texture2D CubemapFace2 from package 00002640.upk
Loading Texture2D CubemapFace3 from package 00002640.upk
Loading Texture2D CubemapFace4 from package 00002640.upk
Loading Texture2D CubemapFace5 from package 00002640.upk
Loading Texture2D CubemapFace0 from package 00002640.upk
Loading Texture2D CubemapFace1 from package 00002640.upk
Loading Texture2D CubemapFace2 from package 00002640.upk
Loading Texture2D CubemapFace3 from package 00002640.upk
Loading Texture2D CubemapFace4 from package 00002640.upk
Loading Texture2D CubemapFace5 from package 00002640.upk
Loaded in 0.3 sec, 4194 allocs, 3.16 MBytes serialized in 196186 calls.

Object info:
============
ClassName: MaterialInstanceConstant ObjectName: col1

    ScalarParameterValues[13] =
    {
        ScalarParameterValues[0] = { ParameterName=Transmission_value, ParameterValue=0 }
        ScalarParameterValues[1] = { ParameterName=Skin_glossiness, ParameterValue=3.5 }
        ScalarParameterValues[2] = { ParameterName=Wear_glossiness1, ParameterValue=1 }
        ScalarParameterValues[3] = { ParameterName=Wear_glossiness2, ParameterValue=15 }
        ScalarParameterValues[4] = { ParameterName=Skin_Spec_value, ParameterValue=1 }
        ScalarParameterValues[5] = { ParameterName=HighLight_Value, ParameterValue=5 }
        ScalarParameterValues[6] = { ParameterName=HighLight_glossiness, ParameterValue=100 }
        ScalarParameterValues[7] = { ParameterName=Emissive_value, ParameterValue=2 }
        ScalarParameterValues[8] = { ParameterName=Emissive_value2, ParameterValue=0 }
        ScalarParameterValues[9] = { ParameterName=Fresnel Value, ParameterValue=1 }
        ScalarParameterValues[10] = { ParameterName=Fresnel exponent, ParameterValue=30 }
        ScalarParameterValues[11] = { ParameterName=Specular_value, ParameterValue=2 }
        ScalarParameterValues[12] = { ParameterName=Skin_Spec_value_X, ParameterValue=1 }
    }
    TextureParameterValues[6] =
    {
        TextureParameterValues[0] = { ParameterName=Body_normal, ParameterValue=Texture2D'10074_JinM_col1_N' }
        TextureParameterValues[1] = { ParameterName=Body_mask_RGB, ParameterValue=Texture2D'10074_JinM_col1_M' }
        TextureParameterValues[2] = { ParameterName=Body_diffuse, ParameterValue=Texture2D'10074_JinM_col1_D' }
        TextureParameterValues[3] = { ParameterName=Body_specular, ParameterValue=Texture2D'10074_JinM_col1_S' }
        TextureParameterValues[4] = { ParameterName=rf_cube, ParameterValue=TextureCube'lenscube_a' }
        TextureParameterValues[5] = { ParameterName=Emissive, ParameterValue=Texture2D'check' }
    }
    VectorParameterValues[10] =
    {
        VectorParameterValues[0] =
        {
            ParameterName = Mesh_trangition
            ParameterValue = { R=0, G=0, B=0, A=1 }
        }
        VectorParameterValues[1] =
        {
            ParameterName = Skin_Specular
            ParameterValue = { R=1, G=1, B=1, A=1 }
        }
        VectorParameterValues[2] =
        {
            ParameterName = Reflection_value
            ParameterValue = { R=0.625345, G=0.560499, B=0.47044, A=1 }
        }
        VectorParameterValues[3] =
        {
            ParameterName = HighLight_Color
            ParameterValue = { R=1, G=1, B=1, A=1 }
        }
        VectorParameterValues[4] =
        {
            ParameterName = Fresnel_color
            ParameterValue = { R=0, G=0, B=0, A=1 }
        }
        VectorParameterValues[5] =
        {
            ParameterName = Fresnel_Power
            ParameterValue = { R=0, G=0, B=0, A=1 }
        }
        VectorParameterValues[6] =
        {
            ParameterName = skin_color
            ParameterValue = { R=1, G=1, B=1, A=1 }
        }
        VectorParameterValues[7] =
        {
            ParameterName = Burn_Color
            ParameterValue = { R=0, G=0, B=0, A=1 }
        }
        VectorParameterValues[8] =
        {
            ParameterName = AC_color
            ParameterValue = { R=1, G=1, B=1, A=1 }
        }
        VectorParameterValues[9] =
        {
            ParameterName = AC_specular
            ParameterValue = { R=1, G=1, B=1, A=1 }
        }
    }
    Parent = Material3'Body'
    FlattenedTexture = None
    MobileBaseTexture = None
    MobileNormalTexture = None
    bUseMobileSpecular = false
    MobileSpecularPower = 16
    MobileSpecularMask = MSM_Constant (0)
    MobileMaskTexture = None

Object info:
============
ClassName: MaterialInstanceConstant ObjectName: col1_eye

    ScalarParameterValues[6] =
    {
        ScalarParameterValues[0] = { ParameterName=eye_glossiness, ParameterValue=2 }
        ScalarParameterValues[1] = { ParameterName=eye_size, ParameterValue=1.1 }
        ScalarParameterValues[2] = { ParameterName=deep_eye, ParameterValue=-5 }
        ScalarParameterValues[3] = { ParameterName=eye_HighLight_Position, ParameterValue=-3 }
        ScalarParameterValues[4] = { ParameterName=eye_HighLight_value, ParameterValue=2 }
        ScalarParameterValues[5] = { ParameterName=eye_HighLight_size, ParameterValue=0.15 }
    }
    TextureParameterValues[5] =
    {
        TextureParameterValues[0] = { ParameterName=Mask_FX_Texture, ParameterValue=Texture2D'Smoke_Pattern_001' }
        TextureParameterValues[1] = { ParameterName=Eye_Diffuse, ParameterValue=Texture2D'eye0_JinM00' }
        TextureParameterValues[2] = { ParameterName=Eye_Normal, ParameterValue=Texture2D'eye0_N' }
        TextureParameterValues[3] = { ParameterName=Eye_Mask, ParameterValue=Texture2D'eye0_JinM00' }
        TextureParameterValues[4] = { ParameterName=eye_cube, ParameterValue=TextureCube'eye2' }
    }
    VectorParameterValues[9] =
    {
        VectorParameterValues[0] =
        {
            ParameterName = Mesh_trangition
            ParameterValue = { R=0, G=0, B=0, A=1 }
        }
        VectorParameterValues[1] =
        {
            ParameterName = eye_Spec_Color
            ParameterValue = { R=0.766744, G=5e-006, B=0.000262, A=1 }
        }
        VectorParameterValues[2] =
        {
            ParameterName = Fresnel_color
            ParameterValue = { R=0, G=0, B=0, A=1 }
        }
        VectorParameterValues[3] =
        {
            ParameterName = Fresnel_Power
            ParameterValue = { R=0, G=0, B=0, A=1 }
        }
        VectorParameterValues[4] =
        {
            ParameterName = Burn_Color
            ParameterValue = { R=0, G=0, B=0, A=1 }
        }
        VectorParameterValues[5] =
        {
            ParameterName = Eye_Sclera
            ParameterValue = { R=0.7593, G=0.625345, B=0.425905, A=1 }
        }
        VectorParameterValues[6] =
        {
            ParameterName = Eye_Iris
            ParameterValue = { R=0.45908, G=0.026549, B=0.030257, A=1 }
        }
        VectorParameterValues[7] =
        {
            ParameterName = eye_cube_Color
            ParameterValue = { R=0.2, G=0.2, B=0.2, A=1 }
        }
        VectorParameterValues[8] =
        {
            ParameterName = eye_HighLight_XY
            ParameterValue = { R=-0.05, G=-0.02, B=0, A=1 }
        }
    }
    Parent = Material3'eye'
    FlattenedTexture = None
    MobileBaseTexture = None
    MobileNormalTexture = None
    bUseMobileSpecular = false
    MobileSpecularPower = 16
    MobileSpecularMask = MSM_Constant (0)
    MobileMaskTexture = None

Object info:
============
ClassName: MaterialInstanceConstant ObjectName: col1_Face

    ScalarParameterValues[20] =
    {
        ScalarParameterValues[0] = { ParameterName=old1, ParameterValue=0 }
        ScalarParameterValues[1] = { ParameterName=old2, ParameterValue=0 }
        ScalarParameterValues[2] = { ParameterName=old3, ParameterValue=0 }
        ScalarParameterValues[3] = { ParameterName=Beard, ParameterValue=0 }
        ScalarParameterValues[4] = { ParameterName=EyeLine, ParameterValue=0 }
        ScalarParameterValues[5] = { ParameterName=EyeShadow, ParameterValue=1 }
        ScalarParameterValues[6] = { ParameterName=Blusher, ParameterValue=0 }
        ScalarParameterValues[7] = { ParameterName=Skin_Spec_value, ParameterValue=1 }
        ScalarParameterValues[8] = { ParameterName=EyeLine_glossiness, ParameterValue=0 }
        ScalarParameterValues[9] = { ParameterName=EyeShadow_glossiness, ParameterValue=0 }
        ScalarParameterValues[10] = { ParameterName=Lip_Glossiness, ParameterValue=100 }
        ScalarParameterValues[11] = { ParameterName=Skin_glossiness1, ParameterValue=3.5 }
        ScalarParameterValues[12] = { ParameterName=Skin_glossiness2, ParameterValue=50 }
        ScalarParameterValues[13] = { ParameterName=Decal_OriginalColor(0~1), ParameterValue=0 }
        ScalarParameterValues[14] = { ParameterName=Decal_Up?r(0~1), ParameterValue=0 }
        ScalarParameterValues[15] = { ParameterName=old4, ParameterValue=0 }
        ScalarParameterValues[16] = { ParameterName=SkinEffect_at_Lip, ParameterValue=0.1 }
        ScalarParameterValues[17] = { ParameterName=Lip, ParameterValue=0.3 }
        ScalarParameterValues[18] = { ParameterName=Lip_Spec_value, ParameterValue=1 }
        ScalarParameterValues[19] = { ParameterName=Skin_Spec_value_X, ParameterValue=1 }
    }
    TextureParameterValues[11] =
    {
        TextureParameterValues[0] = { ParameterName=Face_Normal, ParameterValue=Texture2D'Normal' }
        TextureParameterValues[1] = { ParameterName=old_Normal, ParameterValue=Texture2D'Nothing_A_n' }
        TextureParameterValues[2] = { ParameterName=old_Mask, ParameterValue=Texture2D'Nothing_A' }
        TextureParameterValues[3] = { ParameterName=eyebrow_mask, ParameterValue=Texture2D'JinM_borw01' }
        TextureParameterValues[4] = { ParameterName=Beard_mask, ParameterValue=Texture2D'Nothing_A' }
        TextureParameterValues[5] = { ParameterName=Decal_Diffuse, ParameterValue=Texture2D'Nothing_A' }
        TextureParameterValues[6] = { ParameterName=Decal_Normal, ParameterValue=Texture2D'Nothing_A_n' }
        TextureParameterValues[7] = { ParameterName=makeup_mask, ParameterValue=Texture2D'Nothing_A' }
        TextureParameterValues[8] = { ParameterName=Face_Diffuse, ParameterValue=Texture2D'Ryu_D' }
        TextureParameterValues[9] = { ParameterName=Face_Specular, ParameterValue=Texture2D'Specular' }
        TextureParameterValues[10] = { ParameterName=Face_Mask, ParameterValue=Texture2D'Mask' }
    }
    VectorParameterValues[15] =
    {
        VectorParameterValues[0] =
        {
            ParameterName = eyebrow_color
            ParameterValue = { R=0, G=0, B=0, A=1 }
        }
        VectorParameterValues[1] =
        {
            ParameterName = EyeLine_Diffuse
            ParameterValue = { R=0, G=0, B=0, A=1 }
        }
        VectorParameterValues[2] =
        {
            ParameterName = EyeShadow_Diffuse
            ParameterValue = { R=0, G=0, B=0, A=1 }
        }
        VectorParameterValues[3] =
        {
            ParameterName = Blusher_Diffuse
            ParameterValue = { R=0.297653, G=0.009021, B=0, A=1 }
        }
        VectorParameterValues[4] =
        {
            ParameterName = Lip_color
            ParameterValue = { R=0.047776, G=0, B=0, A=1 }
        }
        VectorParameterValues[5] =
        {
            ParameterName = skin_color
            ParameterValue = { R=1, G=1, B=1, A=1 }
        }
        VectorParameterValues[6] =
        {
            ParameterName = EyeLine_Specular
            ParameterValue = { R=0, G=0, B=0, A=1 }
        }
        VectorParameterValues[7] =
        {
            ParameterName = EyeShadow_Specular
            ParameterValue = { R=0, G=0, B=0, A=1 }
        }
        VectorParameterValues[8] =
        {
            ParameterName = Lip_Specular
            ParameterValue = { R=0, G=0, B=0, A=1 }
        }
        VectorParameterValues[9] =
        {
            ParameterName = Skin_Specular
            ParameterValue = { R=1, G=1, B=1, A=1 }
        }
        VectorParameterValues[10] =
        {
            ParameterName = Fresnel_color
            ParameterValue = { R=0, G=0, B=0, A=1 }
        }
        VectorParameterValues[11] =
        {
            ParameterName = Fresnel_Power
            ParameterValue = { R=0, G=0, B=0, A=1 }
        }
        VectorParameterValues[12] =
        {
            ParameterName = Mesh_trangition
            ParameterValue = { R=0, G=0, B=0, A=1 }
        }
        VectorParameterValues[13] =
        {
            ParameterName = old_color
            ParameterValue = { R=0.2, G=0.02, B=0.03, A=1 }
        }
        VectorParameterValues[14] =
        {
            ParameterName = eyebrow_L_color
            ParameterValue = { R=1, G=1, B=1, A=1 }
        }
    }
    Parent = Material3'Face-M'
    FlattenedTexture = None
    MobileBaseTexture = None
    MobileNormalTexture = None
    bUseMobileSpecular = false
    MobileSpecularPower = 16
    MobileSpecularMask = MSM_Constant (0)
    MobileMaskTexture = None

Object info:
============
ClassName: MaterialInstanceConstant ObjectName: col1_Hair

    ScalarParameterValues[3] =
    {
        ScalarParameterValues[0] = { ParameterName=Ac_Glossiness, ParameterValue=1 }
        ScalarParameterValues[1] = { ParameterName=Hair_Glossiness, ParameterValue=15 }
        ScalarParameterValues[2] = { ParameterName=beard_hide, ParameterValue=0 }
    }
    TextureParameterValues[3] =
    {
        TextureParameterValues[0] = { ParameterName=Hair_Diffuse, ParameterValue=Texture2D'JinM_002_col1_d' }
        TextureParameterValues[1] = { ParameterName=Hair_normal, ParameterValue=Texture2D'JinM_002_col1_n' }
        TextureParameterValues[2] = { ParameterName=Hide, ParameterValue=Texture2D'Nothing_A' }
    }
    VectorParameterValues[9] =
    {
        VectorParameterValues[0] =
        {
            ParameterName = hair_color_S
            ParameterValue = { R=0.14198, G=0.267358, B=0.394083, A=1 }
        }
        VectorParameterValues[1] =
        {
            ParameterName = hair_color_L
            ParameterValue = { R=0.060032, G=0.093876, B=0.176774, A=1 }
        }
        VectorParameterValues[2] =
        {
            ParameterName = hair_color_D
            ParameterValue = { R=5.7e-005, G=5.7e-005, B=0.000107, A=1 }
        }
        VectorParameterValues[3] =
        {
            ParameterName = Fresnel_color
            ParameterValue = { R=0, G=0, B=0, A=1 }
        }
        VectorParameterValues[4] =
        {
            ParameterName = Fresnel_Power
            ParameterValue = { R=0, G=0, B=0, A=1 }
        }
        VectorParameterValues[5] =
        {
            ParameterName = Mesh_trangition
            ParameterValue = { R=0, G=0, B=0, A=1 }
        }
        VectorParameterValues[6] =
        {
            ParameterName = Ac_color_S
            ParameterValue = { R=1, G=1, B=1, A=1 }
        }
        VectorParameterValues[7] =
        {
            ParameterName = Ac_color_L
            ParameterValue = { R=1, G=1, B=1, A=1 }
        }
        VectorParameterValues[8] =
        {
            ParameterName = Ac_color_D
            ParameterValue = { R=1, G=1, B=1, A=1 }
        }
    }
    Parent = Material3'Beard_Ac'
    FlattenedTexture = None
    MobileBaseTexture = None
    MobileNormalTexture = None
    bUseMobileSpecular = false
    MobileSpecularPower = 16
    MobileSpecularMask = MSM_Constant (0)
    MobileMaskTexture = None
