Found 32768 game files (1222 skipped)
Loading package: 00051921.upk Ver: 573/1 Engine: 4205 Names: 408 Exports: 462 Imports: 70 Game: 801A
Loading AnimSet BackHoFX_AnimSet from package 00051921.upk
WARNING: BoolProperty "UAnimSet::bServiced" was not found
WARNING: ArrayProperty "UAnimSet::AdjustAniScaleBoneNames" was not found
Loading AnimSequence AnimSequence_1 from package 00051921.upk
WARNING: BoolProperty "UAnimSequence::bServiced" was not found
Loading Material3 BackHo_Ice_Stone_Mat from package 00051921.upk
WARNING: BoolProperty "UMaterial3::bAcceptRenderDecal" was not found
Loading package: 00012963.upk Ver: 573/1 Engine: 4205 Names: 1349 Exports: 1323 Imports: 10 Game: 801A
Loading Material3 Ghost_Basic_FX from package 00051921.upk
Loading package: 00002620.upk Ver: 573/1 Engine: 4205 Names: 576 Exports: 7687 Imports: 96 Game: 801A
Loading Material3 Snow_basic from package 00051921.upk
Loading MaterialInstanceConstant FX_BackHoM from package 00051921.upk
Loading package: 00002640.upk Ver: 573/1 Engine: 4205 Names: 291 Exports: 507 Imports: 3 Game: 801A
Loading package: 00011613.upk Ver: 573/1 Engine: 4205 Names: 41 Exports: 13 Imports: 2 Game: 801A
Loading MaterialInstanceConstant FX_BackHoM_Ice from package 00051921.upk
Loading SkeletalMesh3 Backho from package 00051921.upk
WARNING: ByteProperty "USkeletalMesh3::ItemPreviewLocType" was not found
Loading package: 00051920.upk Ver: 573/1 Engine: 4205 Names: 89 Exports: 1 Imports: 19 Game: 801A
Loading SkeletalMesh3 BackHoFX from package 00051921.upk
WARNING: ByteProperty "USkeletalMesh3::ItemPreviewLocType" was not found
Loading package: 00016392.upk Ver: 573/1 Engine: 4205 Names: 90 Exports: 1 Imports: 21 Game: 801A
Loading Texture2D BackHo_col1_fx from package 00051921.upk
Loading Texture2D Monster_Beast_Tiger_col1_mask from package 00051921.upk
Loading Texture2D Monster_Beast_Tiger_col1_n from package 00051921.upk
Loading Texture2D Monster_Beast_Tiger_col2_D from package 00051921.upk
Loading Texture2D Monster_Beast_Tiger_col2_S from package 00051921.upk
Loading Texture2D Normal_Stone_001 from package 00012963.upk
WARNING: BoolProperty "UTexture2D::bDisableLoadSwitch" was not found
Loading Texture2D Noise_Distortion_000 from package 00012963.upk
Loading Texture2D Gradient_001_Left from package 00012963.upk
Loading Texture2D check_n from package 00002620.upk
Loading Texture2D check from package 00002620.upk
Loading Texture2D Smoke_Pattern_001 from package 00012963.upk
Loading Texture2D Gradient_Line_003 from package 00012963.upk
Loading Texture2D Gradient_Wipe_BurnOut_Mask_TEST from package 00012963.upk
Loading Texture2D Gradient_Wipe_BurnOut_Mask from package 00012963.upk
Loading TextureCube Cube_D from package 00002640.upk
Loading Texture2D Monster_Beast_Tiger_col1_fx from package 00011613.upk
Loading Texture2D BG_Sandfall_001_D from package 00012963.upk
Loading TextureCube MatelW1 from package 00002640.upk
Loading MaterialInstanceConstant col1 from package 00051920.upk
Loading package: 00051919.upk Ver: 573/1 Engine: 4205 Names: 32 Exports: 4 Imports: 2 Game: 801A
Loading MaterialInstanceConstant col2 from package 00016392.upk
Loading package: 00011614.upk Ver: 573/1 Engine: 4205 Names: 166 Exports: 141 Imports: 45 Game: 801A
Loading Texture2D CubemapFace0 from package 00002640.upk
Loading Texture2D CubemapFace1 from package 00002640.upk
Loading Texture2D CubemapFace2 from package 00002640.upk
Loading Texture2D CubemapFace3 from package 00002640.upk
Loading Texture2D CubemapFace4 from package 00002640.upk
Loading Texture2D CubemapFace5 from package 00002640.upk
Loading Texture2D CubemapFace0 from package 00002640.upk
Loading Texture2D CubemapFace1 from package 00002640.upk
Loading Texture2D CubemapFace2 from package 00002640.upk
Loading Texture2D CubemapFace3 from package 00002640.upk
Loading Texture2D CubemapFace4 from package 00002640.upk
Loading Texture2D CubemapFace5 from package 00002640.upk
Loading Texture2D BackHo_col1_N from package 00051919.upk
Loading Texture2D BackHo_col1_M from package 00051919.upk
Loading Texture2D BackHo_col1_D from package 00051919.upk
Loading Texture2D BackHo_col1_S from package 00051919.upk
Loading TextureCube lenscube_a from package 00002640.upk
Loading Material3 Basic from package 00002620.upk
Loading Texture2D Monster_Beast_Tiger_col1_n from package 00011613.upk
Loading Texture2D Monster_Beast_Tiger_col1_mask from package 00011613.upk
Loading Texture2D Monster_Beast_Tiger_col2_D from package 00011613.upk
Loading Texture2D Monster_Beast_Tiger_col2_S from package 00011613.upk
Loading TextureCube cube_orb from package 00002640.upk
Loading Material3 Tiger_Basic from package 00011614.upk
Loading Texture2D CubemapFace0 from package 00002640.upk
Loading Texture2D CubemapFace1 from package 00002640.upk
Loading Texture2D CubemapFace2 from package 00002640.upk
Loading Texture2D CubemapFace3 from package 00002640.upk
Loading Texture2D CubemapFace4 from package 00002640.upk
Loading Texture2D CubemapFace5 from package 00002640.upk
Loading Texture2D CubemapFace0 from package 00002640.upk
Loading Texture2D CubemapFace1 from package 00002640.upk
Loading Texture2D CubemapFace2 from package 00002640.upk
Loading Texture2D CubemapFace3 from package 00002640.upk
Loading Texture2D CubemapFace4 from package 00002640.upk
Loading Texture2D CubemapFace5 from package 00002640.upk
Error: Command failed: umodel.exe -dump -path="D:/Program Files (x86)/NCSOFT/BnS/contents/bns/CookedPC" -game=bns 00051921
******** 00051921 ********
*** unknown member ACF_ZOnlyRLE of enum AnimationCompressionFormat
*** ERROR: Unknown rotation compression method: 255
UAnimSet::ConvertAnims <- PostLoad:BackHoFX_AnimSet <- UObject::EndLoad <- LoadWholePackage:00051921 <- Main


    at ChildProcess.exithandler (child_process.js:289:12)
    at ChildProcess.emit (events.js:182:13)
    at maybeClose (internal/child_process.js:962:16)
    at Process.ChildProcess._handle.onexit (internal/child_process.js:251:5)