Found 32768 game files (1766 skipped)
Loading package: 00059413.upk Ver: 573/1 Engine: 4205 Names: 401 Exports: 462 Imports: 155 Game: 801A
Loading MaterialInstanceConstant 070160_GUN_Edge_MI from package 00059413.upk
Loading package: 00012963.upk Ver: 573/1 Engine: 4205 Names: 1386 Exports: 1362 Imports: 10 Game: 801A
Loading package: 00048085.upk Ver: 573/1 Engine: 4205 Names: 40 Exports: 12 Imports: 2 Game: 801A
Loading package: 00037791.upk Ver: 573/1 Engine: 4205 Names: 95 Exports: 63 Imports: 4 Game: 801A
Loading package: 00059390.upk Ver: 573/1 Engine: 4205 Names: 499 Exports: 752 Imports: 190 Game: 801A
Loading MaterialInstanceConstant 070160_GUN_EE_MI from package 00059413.upk
Loading MaterialInstanceConstant 070160_GUN_Mesh_MI from package 00059413.upk
Loading package: 00048300.upk Ver: 573/1 Engine: 4205 Names: 840 Exports: 8203 Imports: 226 Game: 801A
Loading SkeletalMesh3 070160_Autoscale_L from package 00059413.upk
WARNING: ObjectProperty "USkeletalMesh3::MeshFactorSet" was not found
WARNING: ObjectProperty "USkeletalMesh3::PhysMaterialOverride" was not found
WARNING: ByteProperty "USkeletalMesh3::ItemPreviewLocType" was not found
Loading package: 00059412.upk Ver: 573/1 Engine: 4205 Names: 89 Exports: 1 Imports: 19 Game: 801A
Loading SkeletalMesh3 070160_Autoscale_R from package 00059413.upk
WARNING: ObjectProperty "USkeletalMesh3::MeshFactorSet" was not found
WARNING: ObjectProperty "USkeletalMesh3::PhysMaterialOverride" was not found
WARNING: ByteProperty "USkeletalMesh3::ItemPreviewLocType" was not found
Loading package: 00048086.upk Ver: 573/1 Engine: 4205 Names: 89 Exports: 1 Imports: 19 Game: 801A
Loading SkeletalMeshSocket SkeletalMeshSocket_312 from package 00059413.upk
WARNING: ObjectProperty "USkeletalMeshSocket::DependencyParticleSystem" was not found
WARNING: BoolProperty "USkeletalMeshSocket::bParticleApplyAutoScale" was not found
Loading SkeletalMeshSocket SkeletalMeshSocket_315 from package 00059413.upk
WARNING: ObjectProperty "USkeletalMeshSocket::DependencyParticleSystem" was not found
WARNING: BoolProperty "USkeletalMeshSocket::bParticleApplyAutoScale" was not found
Loading SkeletalMeshSocket SkeletalMeshSocket_155 from package 00059413.upk
WARNING: ObjectProperty "USkeletalMeshSocket::DependencyParticleSystem" was not found
WARNING: BoolProperty "USkeletalMeshSocket::bParticleApplyAutoScale" was not found
Loading SkeletalMeshSocket SkeletalMeshSocket_158 from package 00059413.upk
WARNING: ObjectProperty "USkeletalMeshSocket::DependencyParticleSystem" was not found
WARNING: BoolProperty "USkeletalMeshSocket::bParticleApplyAutoScale" was not found
Loading StaticMesh3 FX_Mesh01 from package 00059413.upk
Loading package: 00012892.upk Ver: 573/1 Engine: 4205 Names: 1108 Exports: 6240 Imports: 380 Game: 801A
Loading StaticMesh3 FX_Mesh02 from package 00059413.upk
Loading Texture2D Gradient_Line_R from package 00012963.upk
Loading Texture2D 070032_Autoscale_col1_D from package 00048085.upk
Loading Texture2D T_Gradient_v001 from package 00037791.upk
Loading Material3 M_T3-5_Sword_edge from package 00059390.upk
WARNING: BoolProperty "UMaterial3::bAcceptRenderDecal" was not found
Loading package: 00015170.upk Ver: 573/1 Engine: 4205 Names: 39 Exports: 11 Imports: 2 Game: 801A
Loading package: 00028326.upk Ver: 573/1 Engine: 4205 Names: 465 Exports: 907 Imports: 177 Game: 801A
Loading Texture2D 070032_Autoscale_col1_S from package 00048085.upk
Loading Material3 010378_Sword_EE from package 00059390.upk
WARNING: BoolProperty "UMaterial3::bAcceptRenderDecal" was not found
Loading package: 00048513.upk Ver: 573/1 Engine: 4205 Names: 32 Exports: 4 Imports: 2 Game: 801A
Loading Texture2D Smoke_Pattern_001 from package 00012963.upk
Loading Texture2D Unique_Stone_001 from package 00012963.upk
Loading Material3 W_Meshdeco08 from package 00048300.upk
WARNING: BoolProperty "UMaterial3::bAcceptRenderDecal" was not found
Loading package: 00002620.upk Ver: 573/1 Engine: 4205 Names: 576 Exports: 7687 Imports: 96 Game: 801A
Loading MaterialInstanceConstant col1 from package 00059412.upk
Loading package: 00002640.upk Ver: 573/1 Engine: 4205 Names: 291 Exports: 507 Imports: 3 Game: 801A
Loading MaterialInstanceConstant col1 from package 00048086.upk
Loading Material3 001_Mesh_Default_MatM from package 00012892.upk
WARNING: BoolProperty "UMaterial3::bAcceptRenderDecal" was not found
Loading package: 00023713.upk Ver: 573/1 Engine: 4205 Names: 101 Exports: 81 Imports: 4 Game: 801A
Loading Texture2D Dragon_body_outside_NRM from package 00012963.upk
WARNING: BoolProperty "UTexture2D::bDisableLoadSwitch" was not found
Loading Texture2D Normal_Noise_000 from package 00012963.upk
WARNING: BoolProperty "UTexture2D::bDisableLoadSwitch" was not found
Loading Texture2D 010133_Autoscale_col1_FX from package 00015170.upk
Loading Texture2D Noise_006 from package 00012963.upk
Loading Texture2D Gradient_004 from package 00012963.upk
Loading Texture2D T3-5_010136_Mask from package 00028326.upk
Loading Texture2D Gradient_Color_Rainbow_004 from package 00012963.upk
Loading Texture2D Noise_Plazma_002 from package 00012963.upk
Loading Texture2D Noise_013 from package 00012963.upk
Loading Texture2D 010337_Autoscale_col1_D from package 00048513.upk
Loading Texture2D 010337_Autoscale_col1_S from package 00048513.upk
Loading Texture2D check from package 00002620.upk
Loading Texture2D Gradient_Line_003 from package 00012963.upk
Loading Texture2D Noise_005 from package 00012963.upk
Loading Texture2D Noise_Wave_000 from package 00012963.upk
Loading Texture2D Ref_Cool from package 00012963.upk
Loading Texture2D 070032_Autoscale_col1_N from package 00048085.upk
Loading Texture2D 070032_Autoscale_col1_M from package 00048085.upk
Loading TextureCube cube_orb from package 00002640.upk
Loading Material3 Basic from package 00002620.upk
Loading Texture2D Cube000_Tex from package 00023713.upk
Loading Texture2D CubemapFace0 from package 00002640.upk
Loading Texture2D CubemapFace1 from package 00002640.upk
Loading Texture2D CubemapFace2 from package 00002640.upk
Loading Texture2D CubemapFace3 from package 00002640.upk
Loading Texture2D CubemapFace4 from package 00002640.upk
Loading Texture2D CubemapFace5 from package 00002640.upk
Loading Texture2D check_n from package 00002620.upk
Loading Texture2D Gradient_Wipe_BurnOut_Mask_TEST from package 00012963.upk
Loading Texture2D Gradient_Wipe_BurnOut_Mask from package 00012963.upk
Loaded in 0.29 sec, 7245 allocs, 3.45 MBytes serialized in 684545 calls.

Object info:
============
ClassName: MaterialInstanceConstant ObjectName: 070160_GUN_Edge_MI

    ScalarParameterValues[2] =
    {
        ScalarParameterValues[0] = { ParameterName=PowerExp, ParameterValue=1 }
        ScalarParameterValues[1] = { ParameterName=Lerp_change, ParameterValue=1 }
    }
    TextureParameterValues[4] =
    {
        TextureParameterValues[0] = { ParameterName=Tex_Panner, ParameterValue=Texture2D'Gradient_Line_R' }
        TextureParameterValues[1] = { ParameterName=Mask, ParameterValue=Texture2D'070032_Autoscale_col1_D' }
        TextureParameterValues[2] = { ParameterName=ColorCode_Tex, ParameterValue=Texture2D'T_Gradient_v001' }
        TextureParameterValues[3] = { ParameterName=Emissive_Tex, ParameterValue=None }
    }
    VectorParameterValues[3] =
    {
        VectorParameterValues[0] =
        {
            ParameterName = 000
            ParameterValue = { R=1, G=1, B=1, A=1 }
        }
        VectorParameterValues[1] =
        {
            ParameterName = Color
            ParameterValue = { R=1, G=1, B=1, A=0.3 }
        }
        VectorParameterValues[2] =
        {
            ParameterName = None
            ParameterValue = { R=1, G=1, B=1, A=1 }
        }
    }
    Parent = Material3'M_T3-5_Sword_edge'
    FlattenedTexture = None
    MobileBaseTexture = None
    MobileNormalTexture = None
    bUseMobileSpecular = false
    MobileSpecularPower = 16
    MobileSpecularMask = MSM_Constant (0)
    MobileMaskTexture = None

Object info:
============
ClassName: MaterialInstanceConstant ObjectName: 070160_GUN_EE_MI

    ScalarParameterValues[2] =
    {
        ScalarParameterValues[0] = { ParameterName=Desaturation, ParameterValue=0.5 }
        ScalarParameterValues[1] = { ParameterName=Rotator, ParameterValue=0.5 }
    }
    TextureParameterValues[3] =
    {
        TextureParameterValues[0] = { ParameterName=FX_Mask, ParameterValue=Texture2D'070032_Autoscale_col1_S' }
        TextureParameterValues[1] = { ParameterName=D_Alpha, ParameterValue=Texture2D'070032_Autoscale_col1_D' }
        TextureParameterValues[2] = { ParameterName=ColorCode_Tex, ParameterValue=Texture2D'T_Gradient_v001' }
    }
    VectorParameterValues[1] =
    {
        VectorParameterValues[0] =
        {
            ParameterName = Value
            ParameterValue = { R=2, G=2, B=0, A=1 }
        }
    }
    Parent = Material3'010378_Sword_EE'
    FlattenedTexture = None
    MobileBaseTexture = None
    MobileNormalTexture = None
    bUseMobileSpecular = false
    MobileSpecularPower = 16
    MobileSpecularMask = MSM_Constant (0)
    MobileMaskTexture = None

Object info:
============
ClassName: MaterialInstanceConstant ObjectName: 070160_GUN_Mesh_MI

    ScalarParameterValues[1] =
    {
        ScalarParameterValues[0] = { ParameterName=Change, ParameterValue=1 }
    }
    TextureParameterValues[3] =
    {
        TextureParameterValues[0] = { ParameterName=FX_Mask, ParameterValue=Texture2D'070032_Autoscale_col1_D' }
        TextureParameterValues[1] = { ParameterName=sample2, ParameterValue=Texture2D'Smoke_Pattern_001' }
        TextureParameterValues[2] = { ParameterName=Sample1, ParameterValue=Texture2D'Unique_Stone_001' }
    }
    VectorParameterValues[8] =
    {
        VectorParameterValues[0] =
        {
            ParameterName = Tex_Mask_switch
            ParameterValue = { R=1, G=0, B=0, A=1 }
        }
        VectorParameterValues[1] =
        {
            ParameterName = Power
            ParameterValue = { R=5, G=1, B=0, A=1 }
        }
        VectorParameterValues[2] =
        {
            ParameterName = dissolve_line_color
            ParameterValue = { R=1, G=1, B=1, A=1 }
        }
        VectorParameterValues[3] =
        {
            ParameterName = Fx_Glow_power_L
            ParameterValue = { R=1, G=0, B=0, A=1 }
        }
        VectorParameterValues[4] =
        {
            ParameterName = Glow_Trangition_L
            ParameterValue = { R=6, G=0, B=0, A=1 }
        }
        VectorParameterValues[5] =
        {
            ParameterName = Fx_Glow_color_L
            ParameterValue = { R=6, G=2, B=0, A=1 }
        }
        VectorParameterValues[6] =
        {
            ParameterName = Color2
            ParameterValue = { R=1.16667, G=0.7, B=0.166667, A=1 }
        }
        VectorParameterValues[7] =
        {
            ParameterName = Color
            ParameterValue = { R=0.8, G=1, B=2, A=1 }
        }
    }
    Parent = Material3'W_Meshdeco08'
    FlattenedTexture = None
    MobileBaseTexture = None
    MobileNormalTexture = None
    bUseMobileSpecular = false
    MobileSpecularPower = 16
    MobileSpecularMask = MSM_Constant (0)
    MobileMaskTexture = None

Object info:
============
ClassName: SkeletalMesh3 ObjectName: 070160_Autoscale_L

    LODInfo[1] =
    {
        LODInfo[0] =
        {
            DisplayFactor = 0
            LODHysteresis = 0.02
            LODMaterialMap[0] = {}
            bEnableShadowCasting[1] = { true }
        }
    }
    Sockets[2] =
    {
        Sockets[0] = SkeletalMeshSocket'070160_Autoscale_L.SkeletalMeshSocket_312'
        Sockets[1] = SkeletalMeshSocket'070160_Autoscale_L.SkeletalMeshSocket_315'
    }
    bHasVertexColors = false
    EnableTwistBoneFixers = true
    EnableClavicleFixer = true
    Materials[1] = { MaterialInstanceConstant'col1' }


    Lods[1] =
    {
        Lods[0] =
        {
            Sections[1] =
            {
                Sections[0] = { Material=MaterialInstanceConstant'col1', FirstIndex=0, NumFaces=2180 }
            }
            NumVerts = 1968
            IndexCount = 6540
            NumTexCoords = 1
        }
    }
    LodCount = 1
    MeshOrigin = { X=-0, Y=-0, Z=-0 }
    MeshScale = { X=1, Y=1, Z=1 }
    RotOrigin = { Yaw=0, Pitch=0, Roll=0 }
    BoneCount = 3

Object info:
============
ClassName: SkeletalMesh3 ObjectName: 070160_Autoscale_R

    LODInfo[1] =
    {
        LODInfo[0] =
        {
            DisplayFactor = 0
            LODHysteresis = 0.02
            LODMaterialMap[0] = {}
            bEnableShadowCasting[1] = { true }
        }
    }
    Sockets[2] =
    {
        Sockets[0] = SkeletalMeshSocket'070160_Autoscale_R.SkeletalMeshSocket_155'
        Sockets[1] = SkeletalMeshSocket'070160_Autoscale_R.SkeletalMeshSocket_158'
    }
    bHasVertexColors = false
    EnableTwistBoneFixers = true
    EnableClavicleFixer = true
    Materials[1] = { MaterialInstanceConstant'col1' }


    Lods[1] =
    {
        Lods[0] =
        {
            Sections[1] =
            {
                Sections[0] = { Material=MaterialInstanceConstant'col1', FirstIndex=0, NumFaces=2180 }
            }
            NumVerts = 1968
            IndexCount = 6540
            NumTexCoords = 1
        }
    }
    LodCount = 1
    MeshOrigin = { X=-0, Y=-0, Z=-0 }
    MeshScale = { X=1, Y=1, Z=1 }
    RotOrigin = { Yaw=0, Pitch=0, Roll=0 }
    BoneCount = 3

Object info:
============
ClassName: SkeletalMeshSocket ObjectName: SkeletalMeshSocket_312

    SocketName = FX_Add
    BoneName = WeaponRoot
    RelativeLocation = { X=0, Y=0, Z=0 }
    RelativeRotation = { Yaw=0, Pitch=0, Roll=0 }
    RelativeScale = { X=1, Y=1.01, Z=1 }

Object info:
============
ClassName: SkeletalMeshSocket ObjectName: SkeletalMeshSocket_315

    SocketName = FX_Add_Trail
    BoneName = WeaponRoot
    RelativeLocation = { X=0.248372, Y=0, Z=5 }
    RelativeRotation = { Yaw=0, Pitch=0, Roll=0 }
    RelativeScale = { X=1, Y=1, Z=1 }

Object info:
============
ClassName: SkeletalMeshSocket ObjectName: SkeletalMeshSocket_155

    SocketName = FX_Add_Trail
    BoneName = WeaponRoot
    RelativeLocation = { X=0.25, Y=0, Z=5 }
    RelativeRotation = { Yaw=0, Pitch=0, Roll=0 }
    RelativeScale = { X=1, Y=1, Z=1 }

Object info:
============
ClassName: SkeletalMeshSocket ObjectName: SkeletalMeshSocket_158

    SocketName = FX_Add
    BoneName = WeaponRoot
    RelativeLocation = { X=0, Y=0, Z=0 }
    RelativeRotation = { Yaw=0, Pitch=0, Roll=0 }
    RelativeScale = { X=1, Y=1.01, Z=1 }

Object info:
============
ClassName: StaticMesh3 ObjectName: FX_Mesh01

    BodySetup = None
    UseSimpleLineCollision = false
    UseSimpleBoxCollision = false
    UseSimpleRigidBodyCollision = false
    UseFullPrecisionUVs = false
    Bounds =
    {
        Origin = { X=6.8187, Y=0, Z=3.6241 }
        BoxExtent = { X=9.5296, Y=1.7008, Z=8.5266 }
        SphereRadius = 11.2063
    }
    CanCompressPositions = false
    CanStripNormalsAndTangents = false
    InternalVersion = 18


    Lods[1] =
    {
        Lods[0] =
        {
            Sections[1] =
            {
                Sections[0] = { Material=Material3'001_Mesh_Default_MatM', FirstIndex=0, NumFaces=2100 }
            }
            NumVerts = 3816
            IndexCount = 6300
            NumTexCoords = 1
        }
    }
    LodCount = 1

Object info:
============
ClassName: StaticMesh3 ObjectName: FX_Mesh02

    BodySetup = None
    UseSimpleLineCollision = false
    UseSimpleBoxCollision = false
    UseSimpleRigidBodyCollision = false
    UseFullPrecisionUVs = false
    Bounds =
    {
        Origin = { X=-0.16795, Y=0, Z=0.5454 }
        BoxExtent = { X=1.57005, Y=0.937, Z=2.439 }
        SphereRadius = 2.83754
    }
    CanCompressPositions = false
    CanStripNormalsAndTangents = false
    InternalVersion = 18


    Lods[1] =
    {
        Lods[0] =
        {
            Sections[1] =
            {
                Sections[0] = { Material=Material3'001_Mesh_Default_MatM', FirstIndex=0, NumFaces=80 }
            }
            NumVerts = 120
            IndexCount = 240
            NumTexCoords = 1
        }
    }
    LodCount = 1
