Found 32768 game files (1766 skipped)
Loading package: 00054752.upk Ver: 573/1 Engine: 4205 Names: 151 Exports: 90 Imports: 12 Game: 801A
Loading SkeletalMesh3 OwlGirl from package 00054752.upk
WARNING: ByteProperty "USkeletalMesh3::ItemPreviewLocType" was not found
Loading package: 00054751.upk Ver: 573/1 Engine: 4205 Names: 104 Exports: 3 Imports: 26 Game: 801A
Loading SkeletalMesh3 owlGirl_Add from package 00054752.upk
Loading MaterialInstanceConstant col1 from package 00054751.upk
Loading package: 00054750.upk Ver: 573/1 Engine: 4205 Names: 39 Exports: 9 Imports: 2 Game: 801A
Loading package: 00002640.upk Ver: 573/1 Engine: 4205 Names: 291 Exports: 507 Imports: 3 Game: 801A
Loading package: 00002620.upk Ver: 573/1 Engine: 4205 Names: 576 Exports: 7687 Imports: 96 Game: 801A
Loading MaterialInstanceConstant Fur from package 00054751.upk
Loading MaterialInstanceConstant col1_1 from package 00054751.upk
Loading Texture2D OwlGirl_col1_N from package 00054750.upk
Loading Texture2D OwlGirl_col1_M from package 00054750.upk
Loading Texture2D OwlGirl_col1_D from package 00054750.upk
Loading Texture2D OwlGirl_col1_S from package 00054750.upk
Loading TextureCube lenscube_a from package 00002640.upk
Loading Material3 Basic from package 00002620.upk
Loading package: 00012963.upk Ver: 573/1 Engine: 4205 Names: 1386 Exports: 1362 Imports: 10 Game: 801A
Loading Texture2D check from package 00002620.upk
Loading Material3 Fur_Ac from package 00002620.upk
Loading Texture2D 060011_JinF_col1_N from package 00054750.upk
Loading Texture2D 060011_JinF_col1_M from package 00054750.upk
Loading Texture2D 060011_JinF_col1_D from package 00054750.upk
Loading Texture2D 060011_JinF_col1_S from package 00054750.upk
Loading Texture2D 060011_JinF_col1_E from package 00054750.upk
WARNING: ByteProperty "UTexture2D::ManualLoadSwitchSettings" was not found
Loading Texture2D CubemapFace0 from package 00002640.upk
Loading Texture2D CubemapFace1 from package 00002640.upk
Loading Texture2D CubemapFace2 from package 00002640.upk
Loading Texture2D CubemapFace3 from package 00002640.upk
Loading Texture2D CubemapFace4 from package 00002640.upk
Loading Texture2D CubemapFace5 from package 00002640.upk
Loading Texture2D check_n from package 00002620.upk
Loading Texture2D Smoke_Pattern_001 from package 00012963.upk
Loading Texture2D Gradient_Line_003 from package 00012963.upk
Loading Texture2D Gradient_Wipe_BurnOut_Mask_TEST from package 00012963.upk
Loading Texture2D Gradient_Wipe_BurnOut_Mask from package 00012963.upk
Loading Texture2D Noise_Glass_000 from package 00012963.upk
Loaded in 0.18 sec, 3283 allocs, 2.46 MBytes serialized in 297515 calls.

Object info:
============
ClassName: SkeletalMesh3 ObjectName: OwlGirl

    LODInfo[1] =
    {
        LODInfo[0] =
        {
            DisplayFactor = 0
            LODHysteresis = 0.02
            LODMaterialMap[0] = {}
            bEnableShadowCasting[2] = { true, true }
        }
    }
    Sockets[0] = {}
    bHasVertexColors = false
    EnableTwistBoneFixers = true
    EnableClavicleFixer = true
    Materials[2] = { MaterialInstanceConstant'col1', MaterialInstanceConstant'Fur' }


    Lods[1] =
    {
        Lods[0] =
        {
            Sections[2] =
            {
                Sections[0] = { Material=MaterialInstanceConstant'col1', FirstIndex=0, NumFaces=2168 }
                Sections[1] = { Material=MaterialInstanceConstant'Fur', FirstIndex=6504, NumFaces=1912 }
            }
            NumVerts = 3040
            IndexCount = 12240
            NumTexCoords = 1
        }
    }
    LodCount = 1
    MeshOrigin = { X=-0, Y=-0, Z=-0 }
    MeshScale = { X=1, Y=1, Z=1 }
    RotOrigin = { Yaw=0, Pitch=0, Roll=0 }
    BoneCount = 69

Object info:
============
ClassName: SkeletalMesh3 ObjectName: owlGirl_Add

    LODInfo[1] =
    {
        LODInfo[0] =
        {
            DisplayFactor = 0
            LODHysteresis = 0.02
            LODMaterialMap[0] = {}
            bEnableShadowCasting[1] = { true }
        }
    }
    Sockets[0] = {}
    bHasVertexColors = false
    EnableTwistBoneFixers = true
    EnableClavicleFixer = true
    Materials[1] = { MaterialInstanceConstant'col1_1' }


    Lods[1] =
    {
        Lods[0] =
        {
            Sections[1] =
            {
                Sections[0] = { Material=MaterialInstanceConstant'col1_1', FirstIndex=0, NumFaces=44 }
            }
            NumVerts = 40
            IndexCount = 132
            NumTexCoords = 1
        }
    }
    LodCount = 1
    MeshOrigin = { X=-0, Y=-0, Z=-0 }
    MeshScale = { X=1, Y=1, Z=1 }
    RotOrigin = { Yaw=0, Pitch=0, Roll=0 }
    BoneCount = 1
