Found 32768 game files (1766 skipped)
Loading package: 00061043.upk Ver: 573/1 Engine: 4205 Names: 144 Exports: 4 Imports: 33 Game: 801A
Loading MaterialInstanceConstant col1 from package 00061043.upk
Loading package: 00061042.upk Ver: 573/1 Engine: 4205 Names: 32 Exports: 4 Imports: 2 Game: 801A
Loading package: 00002640.upk Ver: 573/1 Engine: 4205 Names: 291 Exports: 507 Imports: 3 Game: 801A
Loading package: 00002620.upk Ver: 573/1 Engine: 4205 Names: 576 Exports: 7687 Imports: 96 Game: 801A
Loading package: 00061608.upk Ver: 573/1 Engine: 4205 Names: 437 Exports: 716 Imports: 165 Game: 801A
Loading package: 00061041.upk Ver: 573/1 Engine: 4205 Names: 405 Exports: 907 Imports: 155 Game: 801A
Loading package: 00061610.upk Ver: 573/1 Engine: 4205 Names: 366 Exports: 1342 Imports: 67 Game: 801A
Loading MaterialInstanceConstant col1_BG from package 00061043.upk
Loading MaterialInstanceConstant Op from package 00061043.upk
Loading package: 00012963.upk Ver: 573/1 Engine: 4205 Names: 1386 Exports: 1362 Imports: 10 Game: 801A
Loading MaterialInstanceConstant Op_BG from package 00061043.upk
Loading Texture2D 020377_Autoscale_col1_N from package 00061042.upk
Loading Texture2D 020377_Autoscale_col1_M from package 00061042.upk
Loading Texture2D 020377_Autoscale_col1_D from package 00061042.upk
Loading Texture2D 020377_Autoscale_col1_S from package 00061042.upk
Loading TextureCube lenscube from package 00002640.upk
Loading Texture2D check from package 00002620.upk
Loading Texture2D T_FX_Noise from package 00061608.upk
Loading Texture2D 020377_T_FX_ADd from package 00061041.upk
Loading Material3 Basic_FX from package 00061610.upk
Loading Material3 Basic from package 00002620.upk
Loading TextureCube eye1 from package 00002640.upk
Loading Texture2D Noise_016 from package 00012963.upk
Loading Texture2D 020377_T_FX_ADD_Blend from package 00061041.upk
Loading Texture2D Noise_004 from package 00012963.upk
Loading Texture2D RunnemechaAsura_handpress_decal from package 00012963.upk
Loading Material3 Blend_OP_FX1 from package 00061610.upk
Loading Material3 Blend_OP from package 00002620.upk
Loading Texture2D CubemapFace0 from package 00002640.upk
Loading Texture2D CubemapFace1 from package 00002640.upk
Loading Texture2D CubemapFace2 from package 00002640.upk
Loading Texture2D CubemapFace3 from package 00002640.upk
Loading Texture2D CubemapFace4 from package 00002640.upk
Loading Texture2D CubemapFace5 from package 00002640.upk
Loading Texture2D check_n from package 00002620.upk
Loading Texture2D Smoke_Pattern_001 from package 00012963.upk
Loading Texture2D Gradient_Line_003 from package 00012963.upk
Loading Texture2D Gradient_Wipe_BurnOut_Mask_TEST from package 00012963.upk
Loading Texture2D Gradient_Wipe_BurnOut_Mask from package 00012963.upk
Loading Texture2D CubemapFace0 from package 00002640.upk
Loading Texture2D CubemapFace1 from package 00002640.upk
Loading Texture2D CubemapFace2 from package 00002640.upk
Loading Texture2D CubemapFace3 from package 00002640.upk
Loading Texture2D CubemapFace4 from package 00002640.upk
Loading Texture2D CubemapFace5 from package 00002640.upk
Loaded in 0.21 sec, 4490 allocs, 2.45 MBytes serialized in 248915 calls.

Object info:
============
ClassName: MaterialInstanceConstant ObjectName: col1

    ScalarParameterValues[10] =
    {
        ScalarParameterValues[0] = { ParameterName=Transmission_value, ParameterValue=0 }
        ScalarParameterValues[1] = { ParameterName=Glossiness1, ParameterValue=5 }
        ScalarParameterValues[2] = { ParameterName=Glossiness2, ParameterValue=1 }
        ScalarParameterValues[3] = { ParameterName=Specular_value, ParameterValue=1.5 }
        ScalarParameterValues[4] = { ParameterName=HighLight_Value, ParameterValue=1 }
        ScalarParameterValues[5] = { ParameterName=HighLight_glossiness, ParameterValue=100 }
        ScalarParameterValues[6] = { ParameterName=Emissive_value, ParameterValue=5 }
        ScalarParameterValues[7] = { ParameterName=Emissive_value2, ParameterValue=0 }
        ScalarParameterValues[8] = { ParameterName=Fresnel Value, ParameterValue=1 }
        ScalarParameterValues[9] = { ParameterName=Fresnel exponent, ParameterValue=30 }
    }
    TextureParameterValues[8] =
    {
        TextureParameterValues[0] = { ParameterName=Normal, ParameterValue=Texture2D'020377_Autoscale_col1_N' }
        TextureParameterValues[1] = { ParameterName=Mask_GB, ParameterValue=Texture2D'020377_Autoscale_col1_M' }
        TextureParameterValues[2] = { ParameterName=Diffuse, ParameterValue=Texture2D'020377_Autoscale_col1_D' }
        TextureParameterValues[3] = { ParameterName=Specular, ParameterValue=Texture2D'020377_Autoscale_col1_S' }
        TextureParameterValues[4] = { ParameterName=rf_cube, ParameterValue=TextureCube'lenscube' }
        TextureParameterValues[5] = { ParameterName=Emissive, ParameterValue=Texture2D'check' }
        TextureParameterValues[6] = { ParameterName=Noise, ParameterValue=Texture2D'T_FX_Noise' }
        TextureParameterValues[7] = { ParameterName=FX_Add_WP, ParameterValue=Texture2D'020377_T_FX_ADd' }
    }
    VectorParameterValues[32] =
    {
        VectorParameterValues[0] =
        {
            ParameterName = Mesh_trangition
            ParameterValue = { R=0, G=0, B=0, A=1 }
        }
        VectorParameterValues[1] =
        {
            ParameterName = Reflection_value
            ParameterValue = { R=0.932277, G=0.812242, B=0.420508, A=1 }
        }
        VectorParameterValues[2] =
        {
            ParameterName = HighLight_Color
            ParameterValue = { R=1, G=1, B=1, A=1 }
        }
        VectorParameterValues[3] =
        {
            ParameterName = Fresnel_color
            ParameterValue = { R=0, G=0, B=0, A=1 }
        }
        VectorParameterValues[4] =
        {
            ParameterName = Fresnel_Power
            ParameterValue = { R=0, G=0, B=0, A=1 }
        }
        VectorParameterValues[5] =
        {
            ParameterName = Burn_Color
            ParameterValue = { R=0, G=0, B=0, A=1 }
        }
        VectorParameterValues[6] =
        {
            ParameterName = Glow_Trangition
            ParameterValue = { R=0, G=0, B=0, A=1 }
        }
        VectorParameterValues[7] =
        {
            ParameterName = Fx_Glow_power
            ParameterValue = { R=0, G=0, B=0, A=1 }
        }
        VectorParameterValues[8] =
        {
            ParameterName = Fx_Glow_color
            ParameterValue = { R=0, G=0, B=0, A=1 }
        }
        VectorParameterValues[9] =
        {
            ParameterName = AC_color
            ParameterValue = { R=1, G=1, B=1, A=1 }
        }
        VectorParameterValues[10] =
        {
            ParameterName = AC_specular
            ParameterValue = { R=1, G=1, B=1, A=1 }
        }
        VectorParameterValues[11] =
        {
            ParameterName = FX_Add_WP_ColorR
            ParameterValue = { R=15, G=5, B=2, A=1 }
        }
        VectorParameterValues[12] =
        {
            ParameterName = FX_Add_WP_UVR1
            ParameterValue = { R=1, G=1, B=1, A=1 }
        }
        VectorParameterValues[13] =
        {
            ParameterName = FX_Add_WP_R_Noise1
            ParameterValue = { R=1, G=1, B=1, A=1 }
        }
        VectorParameterValues[14] =
        {
            ParameterName = FX_Add_WP_UVR2
            ParameterValue = { R=1, G=1, B=1, A=1 }
        }
        VectorParameterValues[15] =
        {
            ParameterName = FX_Add_WP_R_Noise2
            ParameterValue = { R=1, G=1, B=1, A=1 }
        }
        VectorParameterValues[16] =
        {
            ParameterName = FX_Multi_WP
            ParameterValue = { R=2, G=1, B=5, A=1 }
        }
        VectorParameterValues[17] =
        {
            ParameterName = FX_Add_WP_UVG1
            ParameterValue = { R=1, G=1, B=1, A=1 }
        }
        VectorParameterValues[18] =
        {
            ParameterName = FX_Add_WP_ColorG
            ParameterValue = { R=3, G=2, B=1, A=1 }
        }
        VectorParameterValues[19] =
        {
            ParameterName = FX_Add_WP_UVG2
            ParameterValue = { R=5, G=5, B=1, A=1 }
        }
        VectorParameterValues[20] =
        {
            ParameterName = FX_Add_WP_G_Noise1
            ParameterValue = { R=1, G=0, B=0, A=1 }
        }
        VectorParameterValues[21] =
        {
            ParameterName = FX_Add_WP_G_Noise2
            ParameterValue = { R=1, G=1, B=1, A=1 }
        }
        VectorParameterValues[22] =
        {
            ParameterName = FX_Add_WP_UVB1
            ParameterValue = { R=5, G=5, B=1, A=1 }
        }
        VectorParameterValues[23] =
        {
            ParameterName = FX_Add_WP_ColorB
            ParameterValue = { R=5, G=2, B=1, A=1 }
        }
        VectorParameterValues[24] =
        {
            ParameterName = FX_Add_WP_UVB2
            ParameterValue = { R=3, G=5, B=1, A=1 }
        }
        VectorParameterValues[25] =
        {
            ParameterName = FX_Add_WP_B_Noise1
            ParameterValue = { R=0, G=1, B=0, A=1 }
        }
        VectorParameterValues[26] =
        {
            ParameterName = FX_Add_WP_B_Noise2
            ParameterValue = { R=1, G=0, B=0, A=1 }
        }
        VectorParameterValues[27] =
        {
            ParameterName = FX_PointGlow_WP_RGB
            ParameterValue = { R=0, G=0, B=0, A=1 }
        }
        VectorParameterValues[28] =
        {
            ParameterName = FX_Add_WP_PointGlowUV
            ParameterValue = { R=1, G=1, B=1, A=1 }
        }
        VectorParameterValues[29] =
        {
            ParameterName = FX_PointGlow_WP_RGB_Noise1
            ParameterValue = { R=1, G=1, B=1, A=1 }
        }
        VectorParameterValues[30] =
        {
            ParameterName = FX_PointGlow_WP_Color
            ParameterValue = { R=15, G=10, B=5, A=1 }
        }
        VectorParameterValues[31] =
        {
            ParameterName = FX_PointGlow_WP_RGB_Noise2
            ParameterValue = { R=1, G=1, B=1, A=1 }
        }
    }
    Parent = Material3'Basic_FX'
    FlattenedTexture = None
    MobileBaseTexture = None
    MobileNormalTexture = None
    bUseMobileSpecular = false
    MobileSpecularPower = 16
    MobileSpecularMask = MSM_Constant (0)
    MobileMaskTexture = None

Object info:
============
ClassName: MaterialInstanceConstant ObjectName: col1_BG

    ScalarParameterValues[10] =
    {
        ScalarParameterValues[0] = { ParameterName=Transmission_value, ParameterValue=0 }
        ScalarParameterValues[1] = { ParameterName=Glossiness1, ParameterValue=5 }
        ScalarParameterValues[2] = { ParameterName=Glossiness2, ParameterValue=150 }
        ScalarParameterValues[3] = { ParameterName=Specular_value, ParameterValue=1.5 }
        ScalarParameterValues[4] = { ParameterName=HighLight_Value, ParameterValue=1 }
        ScalarParameterValues[5] = { ParameterName=HighLight_glossiness, ParameterValue=100 }
        ScalarParameterValues[6] = { ParameterName=Emissive_value, ParameterValue=5 }
        ScalarParameterValues[7] = { ParameterName=Emissive_value2, ParameterValue=0 }
        ScalarParameterValues[8] = { ParameterName=Fresnel Value, ParameterValue=1 }
        ScalarParameterValues[9] = { ParameterName=Fresnel exponent, ParameterValue=30 }
    }
    TextureParameterValues[6] =
    {
        TextureParameterValues[0] = { ParameterName=Normal, ParameterValue=Texture2D'020377_Autoscale_col1_N' }
        TextureParameterValues[1] = { ParameterName=Mask_GB, ParameterValue=Texture2D'020377_Autoscale_col1_M' }
        TextureParameterValues[2] = { ParameterName=Diffuse, ParameterValue=Texture2D'020377_Autoscale_col1_D' }
        TextureParameterValues[3] = { ParameterName=Specular, ParameterValue=Texture2D'020377_Autoscale_col1_S' }
        TextureParameterValues[4] = { ParameterName=rf_cube, ParameterValue=TextureCube'lenscube' }
        TextureParameterValues[5] = { ParameterName=Emissive, ParameterValue=Texture2D'check' }
    }
    VectorParameterValues[11] =
    {
        VectorParameterValues[0] =
        {
            ParameterName = Mesh_trangition
            ParameterValue = { R=0, G=0, B=0, A=1 }
        }
        VectorParameterValues[1] =
        {
            ParameterName = Reflection_value
            ParameterValue = { R=0.932277, G=0.812242, B=0.420508, A=1 }
        }
        VectorParameterValues[2] =
        {
            ParameterName = HighLight_Color
            ParameterValue = { R=1, G=1, B=1, A=1 }
        }
        VectorParameterValues[3] =
        {
            ParameterName = Fresnel_color
            ParameterValue = { R=0, G=0, B=0, A=1 }
        }
        VectorParameterValues[4] =
        {
            ParameterName = Fresnel_Power
            ParameterValue = { R=0, G=0, B=0, A=1 }
        }
        VectorParameterValues[5] =
        {
            ParameterName = Burn_Color
            ParameterValue = { R=0, G=0, B=0, A=1 }
        }
        VectorParameterValues[6] =
        {
            ParameterName = Glow_Trangition
            ParameterValue = { R=0, G=0, B=0, A=1 }
        }
        VectorParameterValues[7] =
        {
            ParameterName = Fx_Glow_power
            ParameterValue = { R=0, G=0, B=0, A=1 }
        }
        VectorParameterValues[8] =
        {
            ParameterName = Fx_Glow_color
            ParameterValue = { R=0, G=0, B=0, A=1 }
        }
        VectorParameterValues[9] =
        {
            ParameterName = AC_color
            ParameterValue = { R=1, G=1, B=1, A=1 }
        }
        VectorParameterValues[10] =
        {
            ParameterName = AC_specular
            ParameterValue = { R=1, G=1, B=1, A=1 }
        }
    }
    Parent = Material3'Basic'
    FlattenedTexture = None
    MobileBaseTexture = None
    MobileNormalTexture = None
    bUseMobileSpecular = false
    MobileSpecularPower = 16
    MobileSpecularMask = MSM_Constant (0)
    MobileMaskTexture = None

Object info:
============
ClassName: MaterialInstanceConstant ObjectName: Op

    ScalarParameterValues[4] =
    {
        ScalarParameterValues[0] = { ParameterName=Opacity, ParameterValue=0.3 }
        ScalarParameterValues[1] = { ParameterName=Fresnel_Exp, ParameterValue=8 }
        ScalarParameterValues[2] = { ParameterName=Specular_value, ParameterValue=2.5 }
        ScalarParameterValues[3] = { ParameterName=Lens_spec_Power, ParameterValue=3.5 }
    }
    TextureParameterValues[8] =
    {
        TextureParameterValues[0] = { ParameterName=Normal, ParameterValue=Texture2D'020377_Autoscale_col1_N' }
        TextureParameterValues[1] = { ParameterName=Diffuse, ParameterValue=Texture2D'020377_Autoscale_col1_D' }
        TextureParameterValues[2] = { ParameterName=Specular, ParameterValue=Texture2D'020377_Autoscale_col1_S' }
        TextureParameterValues[3] = { ParameterName=Lens_spec_cube, ParameterValue=TextureCube'eye1' }
        TextureParameterValues[4] = { ParameterName=Noise1, ParameterValue=Texture2D'Noise_016' }
        TextureParameterValues[5] = { ParameterName=FX_Add, ParameterValue=Texture2D'020377_T_FX_ADD_Blend' }
        TextureParameterValues[6] = { ParameterName=Noise2, ParameterValue=Texture2D'Noise_004' }
        TextureParameterValues[7] =
        {
            ParameterName = fx_color_Texture
            ParameterValue = Texture2D'RunnemechaAsura_handpress_decal'
        }
    }
    VectorParameterValues[8] =
    {
        VectorParameterValues[0] =
        {
            ParameterName = Fresnel_color
            ParameterValue = { R=0.017936, G=0.084642, B=0.464741, A=1 }
        }
        VectorParameterValues[1] =
        {
            ParameterName = Fresnel_Power
            ParameterValue = { R=0.339223, G=0.804559, B=0.819964, A=1 }
        }
        VectorParameterValues[2] =
        {
            ParameterName = Mesh_trangition
            ParameterValue = { R=0.000107, G=0.008373, B=0.009021, A=1 }
        }
        VectorParameterValues[3] =
        {
            ParameterName = Fx_Glow_color_L
            ParameterValue = { R=1, G=2, B=5, A=1 }
        }
        VectorParameterValues[4] =
        {
            ParameterName = Glow_Trangition_L
            ParameterValue = { R=12, G=0.5, B=0, A=1 }
        }
        VectorParameterValues[5] =
        {
            ParameterName = FX_Noise_UV1
            ParameterValue = { R=2, G=2, B=0.2, A=1 }
        }
        VectorParameterValues[6] =
        {
            ParameterName = Fx_Glow_power_L
            ParameterValue = { R=1, G=1, B=1, A=1 }
        }
        VectorParameterValues[7] =
        {
            ParameterName = FX_Noise_UV2
            ParameterValue = { R=3, G=3, B=0.2, A=1 }
        }
    }
    Parent = Material3'Blend_OP_FX1'
    FlattenedTexture = None
    MobileBaseTexture = None
    MobileNormalTexture = None
    bUseMobileSpecular = false
    MobileSpecularPower = 16
    MobileSpecularMask = MSM_Constant (0)
    MobileMaskTexture = None

Object info:
============
ClassName: MaterialInstanceConstant ObjectName: Op_BG

    ScalarParameterValues[4] =
    {
        ScalarParameterValues[0] = { ParameterName=Opacity, ParameterValue=0.3 }
        ScalarParameterValues[1] = { ParameterName=Fresnel_Exp, ParameterValue=8 }
        ScalarParameterValues[2] = { ParameterName=Specular_value, ParameterValue=2.5 }
        ScalarParameterValues[3] = { ParameterName=Lens_spec_Power, ParameterValue=3.5 }
    }
    TextureParameterValues[4] =
    {
        TextureParameterValues[0] = { ParameterName=Normal, ParameterValue=Texture2D'020377_Autoscale_col1_N' }
        TextureParameterValues[1] = { ParameterName=Diffuse, ParameterValue=Texture2D'020377_Autoscale_col1_D' }
        TextureParameterValues[2] = { ParameterName=Specular, ParameterValue=Texture2D'020377_Autoscale_col1_S' }
        TextureParameterValues[3] = { ParameterName=Lens_spec_cube, ParameterValue=TextureCube'eye1' }
    }
    VectorParameterValues[3] =
    {
        VectorParameterValues[0] =
        {
            ParameterName = Fresnel_color
            ParameterValue = { R=0.017936, G=0.084642, B=0.464741, A=1 }
        }
        VectorParameterValues[1] =
        {
            ParameterName = Fresnel_Power
            ParameterValue = { R=0.339223, G=0.804559, B=0.819964, A=1 }
        }
        VectorParameterValues[2] =
        {
            ParameterName = Mesh_trangition
            ParameterValue = { R=0.000107, G=0.008373, B=0.009021, A=1 }
        }
    }
    Parent = Material3'Blend_OP'
    FlattenedTexture = None
    MobileBaseTexture = None
    MobileNormalTexture = None
    bUseMobileSpecular = false
    MobileSpecularPower = 16
    MobileSpecularMask = MSM_Constant (0)
    MobileMaskTexture = None
