Found 32768 game files (1766 skipped)
Loading package: 00060865.upk Ver: 573/1 Engine: 4205 Names: 425 Exports: 688 Imports: 160 Game: 801A
Loading MaterialInstanceConstant W_MeshDeco01_inst from package 00060865.upk
Loading package: 00060866.upk Ver: 573/1 Engine: 4205 Names: 32 Exports: 4 Imports: 2 Game: 801A
Loading package: 00056800.upk Ver: 573/1 Engine: 4205 Names: 396 Exports: 535 Imports: 137 Game: 801A
Loading MaterialInstanceConstant W_MeshDeco03_inst from package 00060865.upk
Loading package: 00048300.upk Ver: 573/1 Engine: 4205 Names: 840 Exports: 8203 Imports: 226 Game: 801A
Loading MaterialInstanceConstant W_MeshDeco05_outline_INST from package 00060865.upk
Loading SkeletalMesh3 110283_Autoscale from package 00060865.upk
WARNING: ObjectProperty "USkeletalMesh3::MeshFactorSet" was not found
WARNING: ObjectProperty "USkeletalMesh3::PhysMaterialOverride" was not found
WARNING: ByteProperty "USkeletalMesh3::ItemPreviewLocType" was not found
Loading package: 00060867.upk Ver: 573/1 Engine: 4205 Names: 259 Exports: 3 Imports: 37 Game: 801A
Loading SkeletalMeshSocket SkeletalMeshSocket_72 from package 00060865.upk
WARNING: ObjectProperty "USkeletalMeshSocket::DependencyParticleSystem" was not found
Loading SkeletalMeshSocket SkeletalMeshSocket_85 from package 00060865.upk
WARNING: ObjectProperty "USkeletalMeshSocket::DependencyParticleSystem" was not found
Loading StaticMesh3 110283_Autoscale_FX_MESH1 from package 00060865.upk
Loading package: 00012892.upk Ver: 573/1 Engine: 4205 Names: 1108 Exports: 6240 Imports: 380 Game: 801A
Loading StaticMesh3 110283_Autoscale_FX_MESH2 from package 00060865.upk
Loading Texture2D 110283_T_FX_Add from package 00060865.upk
Loading Texture2D 110283_T_FX_Add_Blend from package 00060865.upk
Loading Texture2D 110283_Autoscale_col11_D from package 00060866.upk
Loading Material3 W_MeshDeco01 from package 00056800.upk
WARNING: BoolProperty "UMaterial3::bAcceptRenderDecal" was not found
Loading package: 00012963.upk Ver: 573/1 Engine: 4205 Names: 1386 Exports: 1362 Imports: 10 Game: 801A
Loading package: 00002620.upk Ver: 573/1 Engine: 4205 Names: 576 Exports: 7687 Imports: 96 Game: 801A
Loading Material3 W_MeshDeco03 from package 00048300.upk
Loading Material3 W_MeshDeco05_outline from package 00048300.upk
Loading MaterialInstanceConstant col1 from package 00060867.upk
Loading package: 00002640.upk Ver: 573/1 Engine: 4205 Names: 291 Exports: 507 Imports: 3 Game: 801A
Loading package: 00061608.upk Ver: 573/1 Engine: 4205 Names: 437 Exports: 716 Imports: 165 Game: 801A
Loading package: 00061610.upk Ver: 573/1 Engine: 4205 Names: 366 Exports: 1342 Imports: 67 Game: 801A
Loading MaterialInstanceConstant Op from package 00060867.upk
Loading Material3 001_Mesh_Default_MatM from package 00012892.upk
WARNING: BoolProperty "UMaterial3::bAcceptRenderDecal" was not found
Loading package: 00023713.upk Ver: 573/1 Engine: 4205 Names: 101 Exports: 81 Imports: 4 Game: 801A
Loading Texture2D Noise_006 from package 00012963.upk
Loading Texture2D Noise_Plazma_002 from package 00012963.upk
Loading Texture2D Gradient_Line_R from package 00012963.upk
Loading Texture2D Ref_Cool from package 00012963.upk
Loading Texture2D Unique_Stone_001 from package 00012963.upk
Loading Texture2D Gradient_Flow_000 from package 00012963.upk
Loading Texture2D Noise_013 from package 00012963.upk
Loading Texture2D check from package 00002620.upk
Loading Texture2D Noise_005 from package 00012963.upk
Loading Texture2D Noise_Wave_000 from package 00012963.upk
Loading Texture2D 110283_Autoscale_col11_N from package 00060866.upk
Loading Texture2D 110283_Autoscale_col11_M from package 00060866.upk
Loading Texture2D 110283_Autoscale_col11_S from package 00060866.upk
Loading TextureCube lenscube from package 00002640.upk
Loading Texture2D T_FX_Noise from package 00061608.upk
Loading Material3 Basic_FX from package 00061610.upk
Loading TextureCube eye1 from package 00002640.upk
Loading Texture2D Noise_016 from package 00012963.upk
Loading Texture2D Noise_004 from package 00012963.upk
Loading Texture2D RunnemechaAsura_handpress_decal from package 00012963.upk
Loading Material3 Blend_OP_FX1 from package 00061610.upk
Loading Texture2D Cube000_Tex from package 00023713.upk
Loading Texture2D CubemapFace0 from package 00002640.upk
Loading Texture2D CubemapFace1 from package 00002640.upk
Loading Texture2D CubemapFace2 from package 00002640.upk
Loading Texture2D CubemapFace3 from package 00002640.upk
Loading Texture2D CubemapFace4 from package 00002640.upk
Loading Texture2D CubemapFace5 from package 00002640.upk
Loading Texture2D check_n from package 00002620.upk
Loading Texture2D Smoke_Pattern_001 from package 00012963.upk
Loading Texture2D Gradient_Line_003 from package 00012963.upk
Loading Texture2D Gradient_Wipe_BurnOut_Mask_TEST from package 00012963.upk
Loading Texture2D Gradient_Wipe_BurnOut_Mask from package 00012963.upk
Loading Texture2D CubemapFace0 from package 00002640.upk
Loading Texture2D CubemapFace1 from package 00002640.upk
Loading Texture2D CubemapFace2 from package 00002640.upk
Loading Texture2D CubemapFace3 from package 00002640.upk
Loading Texture2D CubemapFace4 from package 00002640.upk
Loading Texture2D CubemapFace5 from package 00002640.upk
Loaded in 0.5 sec, 7439 allocs, 4.97 MBytes serialized in 593695 calls.

Object info:
============
ClassName: MaterialInstanceConstant ObjectName: W_MeshDeco01_inst

    ScalarParameterValues[1] =
    {
        ScalarParameterValues[0] = { ParameterName=RGB_Alpha_Lerp, ParameterValue=0.3 }
    }
    TextureParameterValues[2] =
    {
        TextureParameterValues[0] = { ParameterName=FX_Mask, ParameterValue=Texture2D'110283_Autoscale_col11_D' }
        TextureParameterValues[1] = { ParameterName=FX_Alpha, ParameterValue=None }
    }
    VectorParameterValues[3] =
    {
        VectorParameterValues[0] =
        {
            ParameterName = Tex_Mask_switch
            ParameterValue = { R=0, G=0, B=1, A=1 }
        }
        VectorParameterValues[1] =
        {
            ParameterName = Color
            ParameterValue = { R=1.16667, G=0.7, B=0.166667, A=1 }
        }
        VectorParameterValues[2] =
        {
            ParameterName = panner
            ParameterValue = { R=0, G=1, B=0, A=1 }
        }
    }
    Parent = Material3'W_MeshDeco01'
    FlattenedTexture = None
    MobileBaseTexture = None
    MobileNormalTexture = None
    bUseMobileSpecular = false
    MobileSpecularPower = 16
    MobileSpecularMask = MSM_Constant (0)
    MobileMaskTexture = None

Object info:
============
ClassName: MaterialInstanceConstant ObjectName: W_MeshDeco03_inst

    ScalarParameterValues[1] =
    {
        ScalarParameterValues[0] = { ParameterName=RGB_Alpha_Lerp, ParameterValue=1 }
    }
    TextureParameterValues[1] =
    {
        TextureParameterValues[0] = { ParameterName=FX_Mask, ParameterValue=Texture2D'110283_Autoscale_col11_D' }
    }
    VectorParameterValues[2] =
    {
        VectorParameterValues[0] =
        {
            ParameterName = Tex_Mask_switch
            ParameterValue = { R=0, G=0, B=1, A=1 }
        }
        VectorParameterValues[1] =
        {
            ParameterName = FX_BaseColor
            ParameterValue = { R=1, G=1, B=1, A=1 }
        }
    }
    Parent = Material3'W_MeshDeco03'
    FlattenedTexture = None
    MobileBaseTexture = None
    MobileNormalTexture = None
    bUseMobileSpecular = false
    MobileSpecularPower = 16
    MobileSpecularMask = MSM_Constant (0)
    MobileMaskTexture = None

Object info:
============
ClassName: MaterialInstanceConstant ObjectName: W_MeshDeco05_outline_INST

    ScalarParameterValues[0] = {}
    TextureParameterValues[1] =
    {
        TextureParameterValues[0] = { ParameterName=Diffuse, ParameterValue=Texture2D'110283_Autoscale_col11_D' }
    }
    VectorParameterValues[1] =
    {
        VectorParameterValues[0] =
        {
            ParameterName = dissolve_line_color
            ParameterValue = { R=1, G=1, B=1, A=1 }
        }
    }
    Parent = Material3'W_MeshDeco05_outline'
    FlattenedTexture = None
    MobileBaseTexture = None
    MobileNormalTexture = None
    bUseMobileSpecular = false
    MobileSpecularPower = 16
    MobileSpecularMask = MSM_Constant (0)
    MobileMaskTexture = None

Object info:
============
ClassName: SkeletalMesh3 ObjectName: 110283_Autoscale

    LODInfo[1] =
    {
        LODInfo[0] =
        {
            DisplayFactor = 0
            LODHysteresis = 0.02
            LODMaterialMap[0] = {}
            bEnableShadowCasting[2] = { true, true }
        }
    }
    Sockets[2] =
    {
        Sockets[0] = SkeletalMeshSocket'110283_Autoscale.SkeletalMeshSocket_72'
        Sockets[1] = SkeletalMeshSocket'110283_Autoscale.SkeletalMeshSocket_85'
    }
    bHasVertexColors = false
    EnableTwistBoneFixers = true
    EnableClavicleFixer = true
    Materials[2] = { MaterialInstanceConstant'col1', MaterialInstanceConstant'Op' }


    Lods[1] =
    {
        Lods[0] =
        {
            Sections[2] =
            {
                Sections[0] = { Material=MaterialInstanceConstant'col1', FirstIndex=0, NumFaces=1160 }
                Sections[1] = { Material=MaterialInstanceConstant'Op', FirstIndex=3480, NumFaces=488 }
            }
            NumVerts = 1303
            IndexCount = 4944
            NumTexCoords = 1
        }
    }
    LodCount = 1
    MeshOrigin = { X=-0, Y=-0, Z=-0 }
    MeshScale = { X=1, Y=1, Z=1 }
    RotOrigin = { Yaw=0, Pitch=0, Roll=0 }
    BoneCount = 5

Object info:
============
ClassName: SkeletalMeshSocket ObjectName: SkeletalMeshSocket_72

    SocketName = FX_Add
    BoneName = WeaponRoot
    RelativeLocation = { X=0, Y=0, Z=0 }
    RelativeRotation = { Yaw=0, Pitch=0, Roll=0 }
    RelativeScale = { X=1, Y=1, Z=1 }

Object info:
============
ClassName: SkeletalMeshSocket ObjectName: SkeletalMeshSocket_85

    SocketName = FX_Add1
    BoneName = WeaponRoot
    RelativeLocation = { X=0, Y=0, Z=0 }
    RelativeRotation = { Yaw=0, Pitch=0, Roll=0 }
    RelativeScale = { X=1, Y=1, Z=1 }

Object info:
============
ClassName: StaticMesh3 ObjectName: 110283_Autoscale_FX_MESH1

    BodySetup = None
    UseSimpleLineCollision = false
    UseSimpleBoxCollision = false
    UseSimpleRigidBodyCollision = false
    UseFullPrecisionUVs = false
    Bounds =
    {
        Origin = { X=2.42475, Y=0, Z=25.4375 }
        BoxExtent = { X=19.6967, Y=2.1056, Z=16.8308 }
        SphereRadius = 20.1978
    }
    CanCompressPositions = false
    CanStripNormalsAndTangents = false
    InternalVersion = 18


    Lods[1] =
    {
        Lods[0] =
        {
            Sections[1] =
            {
                Sections[0] = { Material=Material3'001_Mesh_Default_MatM', FirstIndex=0, NumFaces=484 }
            }
            NumVerts = 604
            IndexCount = 1452
            NumTexCoords = 1
        }
    }
    LodCount = 1

Object info:
============
ClassName: StaticMesh3 ObjectName: 110283_Autoscale_FX_MESH2

    BodySetup = None
    UseSimpleLineCollision = false
    UseSimpleBoxCollision = false
    UseSimpleRigidBodyCollision = false
    UseFullPrecisionUVs = false
    Bounds =
    {
        Origin = { X=0.0202, Y=0.0153, Z=-3.7676 }
        BoxExtent = { X=2.2984, Y=2.4365, Z=36.786 }
        SphereRadius = 36.8049
    }
    CanCompressPositions = false
    CanStripNormalsAndTangents = false
    InternalVersion = 18


    Lods[1] =
    {
        Lods[0] =
        {
            Sections[1] =
            {
                Sections[0] = { Material=Material3'001_Mesh_Default_MatM', FirstIndex=0, NumFaces=442 }
            }
            NumVerts = 712
            IndexCount = 1326
            NumTexCoords = 1
        }
    }
    LodCount = 1

Object info:
============
ClassName: Texture2D ObjectName: 110283_T_FX_Add

    SizeX = 512
    SizeY = 512
    Format = PF_DXT1 (5)
    AddressX = TA_Wrap (0)
    AddressY = TA_Wrap (0)
    TextureFileCacheName = None
    MipTailBaseIdx = 9
    bForcePVRTC4 = false
    UnpackMin[4] = { 0, 0, 0, 0 }
    UnpackMax[4] = { 1, 1, 1, 1 }

Object info:
============
ClassName: Texture2D ObjectName: 110283_T_FX_Add_Blend

    SizeX = 128
    SizeY = 128
    Format = PF_DXT1 (5)
    AddressX = TA_Wrap (0)
    AddressY = TA_Wrap (0)
    TextureFileCacheName = None
    MipTailBaseIdx = 7
    bForcePVRTC4 = false
    UnpackMin[4] = { 0, 0, 0, 0 }
    UnpackMax[4] = { 1, 1, 1, 1 }
