Found 32768 game files (1766 skipped)
Loading package: 00060957.upk Ver: 573/1 Engine: 4205 Names: 65 Exports: 9 Imports: 12 Game: 801A
Loading SkeletalMesh3 060058_GonM from package 00060957.upk
Loading package: 00060962.upk Ver: 573/1 Engine: 4205 Names: 88 Exports: 1 Imports: 17 Game: 801A
Loading MaterialInstanceConstant col1 from package 00060962.upk
Loading package: 00060961.upk Ver: 573/1 Engine: 4205 Names: 35 Exports: 6 Imports: 4 Game: 801A
Loading package: 00002640.upk Ver: 573/1 Engine: 4205 Names: 291 Exports: 507 Imports: 3 Game: 801A
Loading package: 00002620.upk Ver: 573/1 Engine: 4205 Names: 576 Exports: 7687 Imports: 96 Game: 801A
Loading Texture2D 060058_LynM_Col1_N from package 00060961.upk
Loading Texture2D 060058_LynM_Col1_D from package 00060961.upk
Loading Texture2D 060058_LynM_Col1_S from package 00060961.upk
Loading TextureCube Cube_D from package 00002640.upk
Loading Material3 Basic from package 00002620.upk
Loading package: 00012963.upk Ver: 573/1 Engine: 4205 Names: 1386 Exports: 1362 Imports: 10 Game: 801A
Loading Texture2D CubemapFace0 from package 00002640.upk
Loading Texture2D CubemapFace1 from package 00002640.upk
Loading Texture2D CubemapFace2 from package 00002640.upk
Loading Texture2D CubemapFace3 from package 00002640.upk
Loading Texture2D CubemapFace4 from package 00002640.upk
Loading Texture2D CubemapFace5 from package 00002640.upk
Loading Texture2D check_n from package 00002620.upk
Loading Texture2D check from package 00002620.upk
Loading Texture2D Smoke_Pattern_001 from package 00012963.upk
Loading Texture2D Gradient_Line_003 from package 00012963.upk
Loading Texture2D Gradient_Wipe_BurnOut_Mask_TEST from package 00012963.upk
Loading Texture2D Gradient_Wipe_BurnOut_Mask from package 00012963.upk
Loaded in 0.11 sec, 2905 allocs, 0.98 MBytes serialized in 188083 calls.

Object info:
============
ClassName: SkeletalMesh3 ObjectName: 060058_GonM

    LODInfo[1] =
    {
        LODInfo[0] =
        {
            DisplayFactor = 0
            LODHysteresis = 0.02
            LODMaterialMap[0] = {}
            bEnableShadowCasting[1] = { true }
        }
    }
    Sockets[0] = {}
    bHasVertexColors = false
    EnableTwistBoneFixers = true
    EnableClavicleFixer = true
    Materials[1] = { MaterialInstanceConstant'col1' }


    Lods[1] =
    {
        Lods[0] =
        {
            Sections[1] =
            {
                Sections[0] = { Material=MaterialInstanceConstant'col1', FirstIndex=0, NumFaces=122 }
            }
            NumVerts = 112
            IndexCount = 366
            NumTexCoords = 1
        }
    }
    LodCount = 1
    MeshOrigin = { X=-0, Y=-0, Z=-0 }
    MeshScale = { X=1, Y=1, Z=1 }
    RotOrigin = { Yaw=0, Pitch=0, Roll=0 }
    BoneCount = 9
