Found 32768 game files (1766 skipped)
Loading package: 00062106.upk Ver: 573/1 Engine: 4205 Names: 73 Exports: 5 Imports: 13 Game: 801A
Loading SkeletalMesh3 060293_Autoscale from package 00062106.upk
WARNING: ObjectProperty "USkeletalMesh3::MeshFactorSet" was not found
WARNING: ObjectProperty "USkeletalMesh3::PhysMaterialOverride" was not found
WARNING: ByteProperty "USkeletalMesh3::ItemPreviewLocType" was not found
check for col1 in 00062106
WARNING: Import(00062108.col1) was not found
Loaded in 0.013 sec, 119 allocs, 0.25 MBytes serialized in 71900 calls.

Object info:
============
ClassName: SkeletalMesh3 ObjectName: 060293_Autoscale

    LODInfo[1] =
    {
        LODInfo[0] =
        {
            DisplayFactor = 0
            LODHysteresis = 0.02
            LODMaterialMap[0] = {}
            bEnableShadowCasting[1] = { true }
        }
    }
    Sockets[0] = {}
    bHasVertexColors = false
    EnableTwistBoneFixers = true
    EnableClavicleFixer = true
    Materials[1] = { None }


    Lods[1] =
    {
        Lods[0] =
        {
            Sections[1] =
            {
                Sections[0] = { Material=None, FirstIndex=0, NumFaces=3052 }
            }
            NumVerts = 2154
            IndexCount = 9156
            NumTexCoords = 1
        }
    }
    LodCount = 1
    MeshOrigin = { X=-0, Y=-0, Z=-0 }
    MeshScale = { X=1, Y=1, Z=1 }
    RotOrigin = { Yaw=0, Pitch=0, Roll=0 }
    BoneCount = 6
